[2024-10-02 01:23:30,258] {scheduler_job.py:182} INFO - Started process (PID=33) to work on /home/airflow/.local/lib/python3.6/site-packages/airflow/example_dags/example_skip_dag.py
[2024-10-02 01:23:30,260] {scheduler_job.py:629} INFO - Processing file /home/airflow/.local/lib/python3.6/site-packages/airflow/example_dags/example_skip_dag.py for tasks to queue
[2024-10-02 01:23:30,263] {logging_mixin.py:104} INFO - [2024-10-02 01:23:30,263] {dagbag.py:451} INFO - Filling up the DagBag from /home/airflow/.local/lib/python3.6/site-packages/airflow/example_dags/example_skip_dag.py
[2024-10-02 01:23:30,278] {scheduler_job.py:639} INFO - DAG(s) dict_keys(['example_skip_dag']) retrieved from /home/airflow/.local/lib/python3.6/site-packages/airflow/example_dags/example_skip_dag.py
[2024-10-02 01:23:30,306] {logging_mixin.py:104} INFO - [2024-10-02 01:23:30,305] {dag.py:1824} INFO - Sync 1 DAGs
[2024-10-02 01:23:30,313] {logging_mixin.py:104} INFO - [2024-10-02 01:23:30,313] {dag.py:1843} INFO - Creating ORM DAG for example_skip_dag
[2024-10-02 01:23:30,318] {logging_mixin.py:104} INFO - [2024-10-02 01:23:30,318] {dag.py:2280} INFO - Setting next_dagrun for example_skip_dag to 2024-09-30 00:00:00+00:00
[2024-10-02 01:23:30,341] {scheduler_job.py:190} INFO - Processing /home/airflow/.local/lib/python3.6/site-packages/airflow/example_dags/example_skip_dag.py took 0.087 seconds
[2024-10-02 01:24:01,188] {scheduler_job.py:182} INFO - Started process (PID=60) to work on /home/airflow/.local/lib/python3.6/site-packages/airflow/example_dags/example_skip_dag.py
[2024-10-02 01:24:01,190] {scheduler_job.py:629} INFO - Processing file /home/airflow/.local/lib/python3.6/site-packages/airflow/example_dags/example_skip_dag.py for tasks to queue
[2024-10-02 01:24:01,191] {logging_mixin.py:104} INFO - [2024-10-02 01:24:01,191] {dagbag.py:451} INFO - Filling up the DagBag from /home/airflow/.local/lib/python3.6/site-packages/airflow/example_dags/example_skip_dag.py
[2024-10-02 01:24:01,204] {scheduler_job.py:639} INFO - DAG(s) dict_keys(['example_skip_dag']) retrieved from /home/airflow/.local/lib/python3.6/site-packages/airflow/example_dags/example_skip_dag.py
[2024-10-02 01:24:01,231] {logging_mixin.py:104} INFO - [2024-10-02 01:24:01,231] {dag.py:1824} INFO - Sync 1 DAGs
[2024-10-02 01:24:01,248] {logging_mixin.py:104} INFO - [2024-10-02 01:24:01,247] {dag.py:2280} INFO - Setting next_dagrun for example_skip_dag to 2024-09-30 00:00:00+00:00
[2024-10-02 01:24:01,266] {scheduler_job.py:190} INFO - Processing /home/airflow/.local/lib/python3.6/site-packages/airflow/example_dags/example_skip_dag.py took 0.083 seconds
[2024-10-02 01:24:31,856] {scheduler_job.py:182} INFO - Started process (PID=87) to work on /home/airflow/.local/lib/python3.6/site-packages/airflow/example_dags/example_skip_dag.py
[2024-10-02 01:24:31,862] {scheduler_job.py:629} INFO - Processing file /home/airflow/.local/lib/python3.6/site-packages/airflow/example_dags/example_skip_dag.py for tasks to queue
[2024-10-02 01:24:31,869] {logging_mixin.py:104} INFO - [2024-10-02 01:24:31,868] {dagbag.py:451} INFO - Filling up the DagBag from /home/airflow/.local/lib/python3.6/site-packages/airflow/example_dags/example_skip_dag.py
[2024-10-02 01:24:31,886] {scheduler_job.py:639} INFO - DAG(s) dict_keys(['example_skip_dag']) retrieved from /home/airflow/.local/lib/python3.6/site-packages/airflow/example_dags/example_skip_dag.py
[2024-10-02 01:24:31,931] {logging_mixin.py:104} INFO - [2024-10-02 01:24:31,931] {dag.py:1824} INFO - Sync 1 DAGs
[2024-10-02 01:24:31,957] {logging_mixin.py:104} INFO - [2024-10-02 01:24:31,956] {dag.py:2280} INFO - Setting next_dagrun for example_skip_dag to 2024-09-30 00:00:00+00:00
[2024-10-02 01:24:31,974] {scheduler_job.py:190} INFO - Processing /home/airflow/.local/lib/python3.6/site-packages/airflow/example_dags/example_skip_dag.py took 0.127 seconds
[2024-10-02 01:25:02,393] {scheduler_job.py:182} INFO - Started process (PID=111) to work on /home/airflow/.local/lib/python3.6/site-packages/airflow/example_dags/example_skip_dag.py
[2024-10-02 01:25:02,402] {scheduler_job.py:629} INFO - Processing file /home/airflow/.local/lib/python3.6/site-packages/airflow/example_dags/example_skip_dag.py for tasks to queue
[2024-10-02 01:25:02,406] {logging_mixin.py:104} INFO - [2024-10-02 01:25:02,406] {dagbag.py:451} INFO - Filling up the DagBag from /home/airflow/.local/lib/python3.6/site-packages/airflow/example_dags/example_skip_dag.py
[2024-10-02 01:25:02,425] {scheduler_job.py:639} INFO - DAG(s) dict_keys(['example_skip_dag']) retrieved from /home/airflow/.local/lib/python3.6/site-packages/airflow/example_dags/example_skip_dag.py
[2024-10-02 01:25:02,474] {logging_mixin.py:104} INFO - [2024-10-02 01:25:02,473] {dag.py:1824} INFO - Sync 1 DAGs
[2024-10-02 01:25:02,499] {logging_mixin.py:104} INFO - [2024-10-02 01:25:02,499] {dag.py:2280} INFO - Setting next_dagrun for example_skip_dag to 2024-09-30 00:00:00+00:00
[2024-10-02 01:25:02,525] {scheduler_job.py:190} INFO - Processing /home/airflow/.local/lib/python3.6/site-packages/airflow/example_dags/example_skip_dag.py took 0.135 seconds
[2024-10-02 01:25:33,700] {scheduler_job.py:182} INFO - Started process (PID=143) to work on /home/airflow/.local/lib/python3.6/site-packages/airflow/example_dags/example_skip_dag.py
[2024-10-02 01:25:33,703] {scheduler_job.py:629} INFO - Processing file /home/airflow/.local/lib/python3.6/site-packages/airflow/example_dags/example_skip_dag.py for tasks to queue
[2024-10-02 01:25:33,705] {logging_mixin.py:104} INFO - [2024-10-02 01:25:33,705] {dagbag.py:451} INFO - Filling up the DagBag from /home/airflow/.local/lib/python3.6/site-packages/airflow/example_dags/example_skip_dag.py
[2024-10-02 01:25:33,721] {scheduler_job.py:639} INFO - DAG(s) dict_keys(['example_skip_dag']) retrieved from /home/airflow/.local/lib/python3.6/site-packages/airflow/example_dags/example_skip_dag.py
[2024-10-02 01:25:33,753] {logging_mixin.py:104} INFO - [2024-10-02 01:25:33,753] {dag.py:1824} INFO - Sync 1 DAGs
[2024-10-02 01:25:33,770] {logging_mixin.py:104} INFO - [2024-10-02 01:25:33,769] {dag.py:2280} INFO - Setting next_dagrun for example_skip_dag to 2024-09-30 00:00:00+00:00
[2024-10-02 01:25:33,777] {scheduler_job.py:190} INFO - Processing /home/airflow/.local/lib/python3.6/site-packages/airflow/example_dags/example_skip_dag.py took 0.081 seconds
[2024-10-02 01:26:04,682] {scheduler_job.py:182} INFO - Started process (PID=171) to work on /home/airflow/.local/lib/python3.6/site-packages/airflow/example_dags/example_skip_dag.py
[2024-10-02 01:26:04,685] {scheduler_job.py:629} INFO - Processing file /home/airflow/.local/lib/python3.6/site-packages/airflow/example_dags/example_skip_dag.py for tasks to queue
[2024-10-02 01:26:04,688] {logging_mixin.py:104} INFO - [2024-10-02 01:26:04,687] {dagbag.py:451} INFO - Filling up the DagBag from /home/airflow/.local/lib/python3.6/site-packages/airflow/example_dags/example_skip_dag.py
[2024-10-02 01:26:04,704] {scheduler_job.py:639} INFO - DAG(s) dict_keys(['example_skip_dag']) retrieved from /home/airflow/.local/lib/python3.6/site-packages/airflow/example_dags/example_skip_dag.py
[2024-10-02 01:26:04,745] {logging_mixin.py:104} INFO - [2024-10-02 01:26:04,744] {dag.py:1824} INFO - Sync 1 DAGs
[2024-10-02 01:26:04,766] {logging_mixin.py:104} INFO - [2024-10-02 01:26:04,766] {dag.py:2280} INFO - Setting next_dagrun for example_skip_dag to 2024-09-30 00:00:00+00:00
[2024-10-02 01:26:04,776] {scheduler_job.py:190} INFO - Processing /home/airflow/.local/lib/python3.6/site-packages/airflow/example_dags/example_skip_dag.py took 0.100 seconds
[2024-10-02 01:26:35,131] {scheduler_job.py:182} INFO - Started process (PID=198) to work on /home/airflow/.local/lib/python3.6/site-packages/airflow/example_dags/example_skip_dag.py
[2024-10-02 01:26:35,135] {scheduler_job.py:629} INFO - Processing file /home/airflow/.local/lib/python3.6/site-packages/airflow/example_dags/example_skip_dag.py for tasks to queue
[2024-10-02 01:26:35,136] {logging_mixin.py:104} INFO - [2024-10-02 01:26:35,136] {dagbag.py:451} INFO - Filling up the DagBag from /home/airflow/.local/lib/python3.6/site-packages/airflow/example_dags/example_skip_dag.py
[2024-10-02 01:26:35,154] {scheduler_job.py:639} INFO - DAG(s) dict_keys(['example_skip_dag']) retrieved from /home/airflow/.local/lib/python3.6/site-packages/airflow/example_dags/example_skip_dag.py
[2024-10-02 01:26:35,186] {logging_mixin.py:104} INFO - [2024-10-02 01:26:35,186] {dag.py:1824} INFO - Sync 1 DAGs
[2024-10-02 01:26:35,203] {logging_mixin.py:104} INFO - [2024-10-02 01:26:35,203] {dag.py:2280} INFO - Setting next_dagrun for example_skip_dag to 2024-09-30 00:00:00+00:00
[2024-10-02 01:26:35,213] {scheduler_job.py:190} INFO - Processing /home/airflow/.local/lib/python3.6/site-packages/airflow/example_dags/example_skip_dag.py took 0.086 seconds
[2024-10-02 01:27:05,894] {scheduler_job.py:182} INFO - Started process (PID=225) to work on /home/airflow/.local/lib/python3.6/site-packages/airflow/example_dags/example_skip_dag.py
[2024-10-02 01:27:05,897] {scheduler_job.py:629} INFO - Processing file /home/airflow/.local/lib/python3.6/site-packages/airflow/example_dags/example_skip_dag.py for tasks to queue
[2024-10-02 01:27:05,899] {logging_mixin.py:104} INFO - [2024-10-02 01:27:05,899] {dagbag.py:451} INFO - Filling up the DagBag from /home/airflow/.local/lib/python3.6/site-packages/airflow/example_dags/example_skip_dag.py
[2024-10-02 01:27:05,912] {scheduler_job.py:639} INFO - DAG(s) dict_keys(['example_skip_dag']) retrieved from /home/airflow/.local/lib/python3.6/site-packages/airflow/example_dags/example_skip_dag.py
[2024-10-02 01:27:05,944] {logging_mixin.py:104} INFO - [2024-10-02 01:27:05,944] {dag.py:1824} INFO - Sync 1 DAGs
[2024-10-02 01:27:05,960] {logging_mixin.py:104} INFO - [2024-10-02 01:27:05,960] {dag.py:2280} INFO - Setting next_dagrun for example_skip_dag to 2024-09-30 00:00:00+00:00
[2024-10-02 01:27:05,970] {scheduler_job.py:190} INFO - Processing /home/airflow/.local/lib/python3.6/site-packages/airflow/example_dags/example_skip_dag.py took 0.079 seconds
[2024-10-02 01:27:37,419] {scheduler_job.py:182} INFO - Started process (PID=255) to work on /home/airflow/.local/lib/python3.6/site-packages/airflow/example_dags/example_skip_dag.py
[2024-10-02 01:27:37,423] {scheduler_job.py:629} INFO - Processing file /home/airflow/.local/lib/python3.6/site-packages/airflow/example_dags/example_skip_dag.py for tasks to queue
[2024-10-02 01:27:37,426] {logging_mixin.py:104} INFO - [2024-10-02 01:27:37,426] {dagbag.py:451} INFO - Filling up the DagBag from /home/airflow/.local/lib/python3.6/site-packages/airflow/example_dags/example_skip_dag.py
[2024-10-02 01:27:37,440] {scheduler_job.py:639} INFO - DAG(s) dict_keys(['example_skip_dag']) retrieved from /home/airflow/.local/lib/python3.6/site-packages/airflow/example_dags/example_skip_dag.py
[2024-10-02 01:27:37,472] {logging_mixin.py:104} INFO - [2024-10-02 01:27:37,472] {dag.py:1824} INFO - Sync 1 DAGs
[2024-10-02 01:27:37,505] {logging_mixin.py:104} INFO - [2024-10-02 01:27:37,505] {dag.py:2280} INFO - Setting next_dagrun for example_skip_dag to 2024-09-30 00:00:00+00:00
[2024-10-02 01:27:37,534] {scheduler_job.py:190} INFO - Processing /home/airflow/.local/lib/python3.6/site-packages/airflow/example_dags/example_skip_dag.py took 0.119 seconds
[2024-10-02 01:28:08,175] {scheduler_job.py:182} INFO - Started process (PID=279) to work on /home/airflow/.local/lib/python3.6/site-packages/airflow/example_dags/example_skip_dag.py
[2024-10-02 01:28:08,177] {scheduler_job.py:629} INFO - Processing file /home/airflow/.local/lib/python3.6/site-packages/airflow/example_dags/example_skip_dag.py for tasks to queue
[2024-10-02 01:28:08,178] {logging_mixin.py:104} INFO - [2024-10-02 01:28:08,178] {dagbag.py:451} INFO - Filling up the DagBag from /home/airflow/.local/lib/python3.6/site-packages/airflow/example_dags/example_skip_dag.py
[2024-10-02 01:28:08,192] {scheduler_job.py:639} INFO - DAG(s) dict_keys(['example_skip_dag']) retrieved from /home/airflow/.local/lib/python3.6/site-packages/airflow/example_dags/example_skip_dag.py
[2024-10-02 01:28:08,217] {logging_mixin.py:104} INFO - [2024-10-02 01:28:08,217] {dag.py:1824} INFO - Sync 1 DAGs
[2024-10-02 01:28:08,232] {logging_mixin.py:104} INFO - [2024-10-02 01:28:08,232] {dag.py:2280} INFO - Setting next_dagrun for example_skip_dag to 2024-09-30 00:00:00+00:00
[2024-10-02 01:28:08,243] {scheduler_job.py:190} INFO - Processing /home/airflow/.local/lib/python3.6/site-packages/airflow/example_dags/example_skip_dag.py took 0.071 seconds
[2024-10-02 01:28:39,301] {scheduler_job.py:182} INFO - Started process (PID=310) to work on /home/airflow/.local/lib/python3.6/site-packages/airflow/example_dags/example_skip_dag.py
[2024-10-02 01:28:39,303] {scheduler_job.py:629} INFO - Processing file /home/airflow/.local/lib/python3.6/site-packages/airflow/example_dags/example_skip_dag.py for tasks to queue
[2024-10-02 01:28:39,305] {logging_mixin.py:104} INFO - [2024-10-02 01:28:39,305] {dagbag.py:451} INFO - Filling up the DagBag from /home/airflow/.local/lib/python3.6/site-packages/airflow/example_dags/example_skip_dag.py
[2024-10-02 01:28:39,317] {scheduler_job.py:639} INFO - DAG(s) dict_keys(['example_skip_dag']) retrieved from /home/airflow/.local/lib/python3.6/site-packages/airflow/example_dags/example_skip_dag.py
[2024-10-02 01:28:39,344] {logging_mixin.py:104} INFO - [2024-10-02 01:28:39,343] {dag.py:1824} INFO - Sync 1 DAGs
[2024-10-02 01:28:39,361] {logging_mixin.py:104} INFO - [2024-10-02 01:28:39,361] {dag.py:2280} INFO - Setting next_dagrun for example_skip_dag to 2024-09-30 00:00:00+00:00
[2024-10-02 01:28:39,376] {scheduler_job.py:190} INFO - Processing /home/airflow/.local/lib/python3.6/site-packages/airflow/example_dags/example_skip_dag.py took 0.078 seconds
[2024-10-02T01:32:16.725+0000] {processor.py:157} INFO - Started process (PID=62) to work on /home/airflow/.local/lib/python3.8/site-packages/airflow/example_dags/example_skip_dag.py
[2024-10-02T01:32:16.727+0000] {processor.py:829} INFO - Processing file /home/airflow/.local/lib/python3.8/site-packages/airflow/example_dags/example_skip_dag.py for tasks to queue
[2024-10-02T01:32:16.731+0000] {logging_mixin.py:151} INFO - [2024-10-02T01:32:16.731+0000] {dagbag.py:539} INFO - Filling up the DagBag from /home/airflow/.local/lib/python3.8/site-packages/airflow/example_dags/example_skip_dag.py
[2024-10-02T01:32:16.761+0000] {processor.py:839} INFO - DAG(s) dict_keys(['example_skip_dag']) retrieved from /home/airflow/.local/lib/python3.8/site-packages/airflow/example_dags/example_skip_dag.py
[2024-10-02T01:32:16.937+0000] {logging_mixin.py:151} INFO - [2024-10-02T01:32:16.937+0000] {manager.py:499} INFO - Created Permission View: %s
[2024-10-02T01:32:16.953+0000] {logging_mixin.py:151} INFO - [2024-10-02T01:32:16.953+0000] {manager.py:499} INFO - Created Permission View: %s
[2024-10-02T01:32:16.972+0000] {logging_mixin.py:151} INFO - [2024-10-02T01:32:16.972+0000] {manager.py:499} INFO - Created Permission View: %s
[2024-10-02T01:32:16.974+0000] {logging_mixin.py:151} INFO - [2024-10-02T01:32:16.973+0000] {security.py:708} INFO - Not syncing DAG-level permissions for DAG 'DAG:example_skip_dag' as access control is unset.
[2024-10-02T01:32:16.978+0000] {logging_mixin.py:151} INFO - [2024-10-02T01:32:16.976+0000] {dag.py:2915} INFO - Sync 1 DAGs
[2024-10-02T01:32:16.997+0000] {logging_mixin.py:151} INFO - [2024-10-02T01:32:16.997+0000] {dag.py:2937} INFO - Creating ORM DAG for example_skip_dag
[2024-10-02T01:32:17.012+0000] {logging_mixin.py:151} INFO - [2024-10-02T01:32:17.011+0000] {dag.py:3696} INFO - Setting next_dagrun for example_skip_dag to 2024-10-01T01:32:17.010614+00:00, run_after=2024-10-02T01:32:17.010614+00:00
[2024-10-02T01:32:17.030+0000] {processor.py:179} INFO - Processing /home/airflow/.local/lib/python3.8/site-packages/airflow/example_dags/example_skip_dag.py took 0.310 seconds
[2024-10-02T01:32:47.198+0000] {processor.py:157} INFO - Started process (PID=110) to work on /home/airflow/.local/lib/python3.8/site-packages/airflow/example_dags/example_skip_dag.py
[2024-10-02T01:32:47.201+0000] {processor.py:829} INFO - Processing file /home/airflow/.local/lib/python3.8/site-packages/airflow/example_dags/example_skip_dag.py for tasks to queue
[2024-10-02T01:32:47.206+0000] {logging_mixin.py:151} INFO - [2024-10-02T01:32:47.206+0000] {dagbag.py:539} INFO - Filling up the DagBag from /home/airflow/.local/lib/python3.8/site-packages/airflow/example_dags/example_skip_dag.py
[2024-10-02T01:32:47.220+0000] {processor.py:839} INFO - DAG(s) dict_keys(['example_skip_dag']) retrieved from /home/airflow/.local/lib/python3.8/site-packages/airflow/example_dags/example_skip_dag.py
[2024-10-02T01:32:47.259+0000] {logging_mixin.py:151} INFO - [2024-10-02T01:32:47.259+0000] {dag.py:2915} INFO - Sync 1 DAGs
[2024-10-02T01:32:47.288+0000] {logging_mixin.py:151} INFO - [2024-10-02T01:32:47.288+0000] {dag.py:3696} INFO - Setting next_dagrun for example_skip_dag to 2024-10-01T01:32:47.287207+00:00, run_after=2024-10-02T01:32:47.287207+00:00
[2024-10-02T01:32:47.333+0000] {processor.py:179} INFO - Processing /home/airflow/.local/lib/python3.8/site-packages/airflow/example_dags/example_skip_dag.py took 0.139 seconds
[2024-10-02T01:33:18.081+0000] {processor.py:157} INFO - Started process (PID=158) to work on /home/airflow/.local/lib/python3.8/site-packages/airflow/example_dags/example_skip_dag.py
[2024-10-02T01:33:18.083+0000] {processor.py:829} INFO - Processing file /home/airflow/.local/lib/python3.8/site-packages/airflow/example_dags/example_skip_dag.py for tasks to queue
[2024-10-02T01:33:18.092+0000] {logging_mixin.py:151} INFO - [2024-10-02T01:33:18.091+0000] {dagbag.py:539} INFO - Filling up the DagBag from /home/airflow/.local/lib/python3.8/site-packages/airflow/example_dags/example_skip_dag.py
[2024-10-02T01:33:18.106+0000] {processor.py:839} INFO - DAG(s) dict_keys(['example_skip_dag']) retrieved from /home/airflow/.local/lib/python3.8/site-packages/airflow/example_dags/example_skip_dag.py
[2024-10-02T01:33:18.148+0000] {logging_mixin.py:151} INFO - [2024-10-02T01:33:18.147+0000] {dag.py:2915} INFO - Sync 1 DAGs
[2024-10-02T01:33:18.175+0000] {logging_mixin.py:151} INFO - [2024-10-02T01:33:18.175+0000] {dag.py:3696} INFO - Setting next_dagrun for example_skip_dag to 2024-10-01T01:33:18.174624+00:00, run_after=2024-10-02T01:33:18.174624+00:00
[2024-10-02T01:33:18.197+0000] {processor.py:179} INFO - Processing /home/airflow/.local/lib/python3.8/site-packages/airflow/example_dags/example_skip_dag.py took 0.120 seconds
[2024-10-02T01:33:48.515+0000] {processor.py:157} INFO - Started process (PID=206) to work on /home/airflow/.local/lib/python3.8/site-packages/airflow/example_dags/example_skip_dag.py
[2024-10-02T01:33:48.517+0000] {processor.py:829} INFO - Processing file /home/airflow/.local/lib/python3.8/site-packages/airflow/example_dags/example_skip_dag.py for tasks to queue
[2024-10-02T01:33:48.523+0000] {logging_mixin.py:151} INFO - [2024-10-02T01:33:48.522+0000] {dagbag.py:539} INFO - Filling up the DagBag from /home/airflow/.local/lib/python3.8/site-packages/airflow/example_dags/example_skip_dag.py
[2024-10-02T01:33:48.536+0000] {processor.py:839} INFO - DAG(s) dict_keys(['example_skip_dag']) retrieved from /home/airflow/.local/lib/python3.8/site-packages/airflow/example_dags/example_skip_dag.py
[2024-10-02T01:33:48.584+0000] {logging_mixin.py:151} INFO - [2024-10-02T01:33:48.584+0000] {dag.py:2915} INFO - Sync 1 DAGs
[2024-10-02T01:33:48.626+0000] {logging_mixin.py:151} INFO - [2024-10-02T01:33:48.626+0000] {dag.py:3696} INFO - Setting next_dagrun for example_skip_dag to 2024-10-01T01:33:48.623912+00:00, run_after=2024-10-02T01:33:48.623912+00:00
[2024-10-02T01:33:48.664+0000] {processor.py:179} INFO - Processing /home/airflow/.local/lib/python3.8/site-packages/airflow/example_dags/example_skip_dag.py took 0.153 seconds
[2024-10-02T01:34:19.257+0000] {processor.py:157} INFO - Started process (PID=254) to work on /home/airflow/.local/lib/python3.8/site-packages/airflow/example_dags/example_skip_dag.py
[2024-10-02T01:34:19.262+0000] {processor.py:829} INFO - Processing file /home/airflow/.local/lib/python3.8/site-packages/airflow/example_dags/example_skip_dag.py for tasks to queue
[2024-10-02T01:34:19.266+0000] {logging_mixin.py:151} INFO - [2024-10-02T01:34:19.265+0000] {dagbag.py:539} INFO - Filling up the DagBag from /home/airflow/.local/lib/python3.8/site-packages/airflow/example_dags/example_skip_dag.py
[2024-10-02T01:34:19.282+0000] {processor.py:839} INFO - DAG(s) dict_keys(['example_skip_dag']) retrieved from /home/airflow/.local/lib/python3.8/site-packages/airflow/example_dags/example_skip_dag.py
[2024-10-02T01:34:19.315+0000] {logging_mixin.py:151} INFO - [2024-10-02T01:34:19.315+0000] {dag.py:2915} INFO - Sync 1 DAGs
[2024-10-02T01:34:19.346+0000] {logging_mixin.py:151} INFO - [2024-10-02T01:34:19.346+0000] {dag.py:3696} INFO - Setting next_dagrun for example_skip_dag to 2024-10-01T01:34:19.344239+00:00, run_after=2024-10-02T01:34:19.344239+00:00
[2024-10-02T01:34:19.381+0000] {processor.py:179} INFO - Processing /home/airflow/.local/lib/python3.8/site-packages/airflow/example_dags/example_skip_dag.py took 0.128 seconds
[2024-10-02T01:34:49.946+0000] {processor.py:157} INFO - Started process (PID=302) to work on /home/airflow/.local/lib/python3.8/site-packages/airflow/example_dags/example_skip_dag.py
[2024-10-02T01:34:49.949+0000] {processor.py:829} INFO - Processing file /home/airflow/.local/lib/python3.8/site-packages/airflow/example_dags/example_skip_dag.py for tasks to queue
[2024-10-02T01:34:49.953+0000] {logging_mixin.py:151} INFO - [2024-10-02T01:34:49.953+0000] {dagbag.py:539} INFO - Filling up the DagBag from /home/airflow/.local/lib/python3.8/site-packages/airflow/example_dags/example_skip_dag.py
[2024-10-02T01:34:49.967+0000] {processor.py:839} INFO - DAG(s) dict_keys(['example_skip_dag']) retrieved from /home/airflow/.local/lib/python3.8/site-packages/airflow/example_dags/example_skip_dag.py
[2024-10-02T01:34:50.024+0000] {logging_mixin.py:151} INFO - [2024-10-02T01:34:50.024+0000] {dag.py:2915} INFO - Sync 1 DAGs
[2024-10-02T01:34:50.055+0000] {logging_mixin.py:151} INFO - [2024-10-02T01:34:50.055+0000] {dag.py:3696} INFO - Setting next_dagrun for example_skip_dag to 2024-10-01T01:34:50.054370+00:00, run_after=2024-10-02T01:34:50.054370+00:00
[2024-10-02T01:34:50.091+0000] {processor.py:179} INFO - Processing /home/airflow/.local/lib/python3.8/site-packages/airflow/example_dags/example_skip_dag.py took 0.149 seconds
[2024-10-02T01:35:20.290+0000] {processor.py:157} INFO - Started process (PID=350) to work on /home/airflow/.local/lib/python3.8/site-packages/airflow/example_dags/example_skip_dag.py
[2024-10-02T01:35:20.294+0000] {processor.py:829} INFO - Processing file /home/airflow/.local/lib/python3.8/site-packages/airflow/example_dags/example_skip_dag.py for tasks to queue
[2024-10-02T01:35:20.299+0000] {logging_mixin.py:151} INFO - [2024-10-02T01:35:20.299+0000] {dagbag.py:539} INFO - Filling up the DagBag from /home/airflow/.local/lib/python3.8/site-packages/airflow/example_dags/example_skip_dag.py
[2024-10-02T01:35:20.312+0000] {processor.py:839} INFO - DAG(s) dict_keys(['example_skip_dag']) retrieved from /home/airflow/.local/lib/python3.8/site-packages/airflow/example_dags/example_skip_dag.py
[2024-10-02T01:35:20.348+0000] {logging_mixin.py:151} INFO - [2024-10-02T01:35:20.348+0000] {dag.py:2915} INFO - Sync 1 DAGs
[2024-10-02T01:35:20.383+0000] {logging_mixin.py:151} INFO - [2024-10-02T01:35:20.382+0000] {dag.py:3696} INFO - Setting next_dagrun for example_skip_dag to 2024-10-01T01:35:20.381089+00:00, run_after=2024-10-02T01:35:20.381089+00:00
[2024-10-02T01:35:20.413+0000] {processor.py:179} INFO - Processing /home/airflow/.local/lib/python3.8/site-packages/airflow/example_dags/example_skip_dag.py took 0.127 seconds
[2024-10-02T01:35:51.368+0000] {processor.py:157} INFO - Started process (PID=398) to work on /home/airflow/.local/lib/python3.8/site-packages/airflow/example_dags/example_skip_dag.py
[2024-10-02T01:35:51.371+0000] {processor.py:829} INFO - Processing file /home/airflow/.local/lib/python3.8/site-packages/airflow/example_dags/example_skip_dag.py for tasks to queue
[2024-10-02T01:35:51.375+0000] {logging_mixin.py:151} INFO - [2024-10-02T01:35:51.374+0000] {dagbag.py:539} INFO - Filling up the DagBag from /home/airflow/.local/lib/python3.8/site-packages/airflow/example_dags/example_skip_dag.py
[2024-10-02T01:35:51.390+0000] {processor.py:839} INFO - DAG(s) dict_keys(['example_skip_dag']) retrieved from /home/airflow/.local/lib/python3.8/site-packages/airflow/example_dags/example_skip_dag.py
[2024-10-02T01:35:51.434+0000] {logging_mixin.py:151} INFO - [2024-10-02T01:35:51.434+0000] {dag.py:2915} INFO - Sync 1 DAGs
[2024-10-02T01:35:51.480+0000] {logging_mixin.py:151} INFO - [2024-10-02T01:35:51.479+0000] {dag.py:3696} INFO - Setting next_dagrun for example_skip_dag to 2024-10-01T01:35:51.478055+00:00, run_after=2024-10-02T01:35:51.478055+00:00
[2024-10-02T01:35:51.516+0000] {processor.py:179} INFO - Processing /home/airflow/.local/lib/python3.8/site-packages/airflow/example_dags/example_skip_dag.py took 0.152 seconds
[2024-10-02T01:36:22.253+0000] {processor.py:157} INFO - Started process (PID=446) to work on /home/airflow/.local/lib/python3.8/site-packages/airflow/example_dags/example_skip_dag.py
[2024-10-02T01:36:22.259+0000] {processor.py:829} INFO - Processing file /home/airflow/.local/lib/python3.8/site-packages/airflow/example_dags/example_skip_dag.py for tasks to queue
[2024-10-02T01:36:22.265+0000] {logging_mixin.py:151} INFO - [2024-10-02T01:36:22.264+0000] {dagbag.py:539} INFO - Filling up the DagBag from /home/airflow/.local/lib/python3.8/site-packages/airflow/example_dags/example_skip_dag.py
[2024-10-02T01:36:22.300+0000] {processor.py:839} INFO - DAG(s) dict_keys(['example_skip_dag']) retrieved from /home/airflow/.local/lib/python3.8/site-packages/airflow/example_dags/example_skip_dag.py
[2024-10-02T01:36:22.363+0000] {logging_mixin.py:151} INFO - [2024-10-02T01:36:22.363+0000] {dag.py:2915} INFO - Sync 1 DAGs
[2024-10-02T01:36:22.405+0000] {logging_mixin.py:151} INFO - [2024-10-02T01:36:22.403+0000] {dag.py:3696} INFO - Setting next_dagrun for example_skip_dag to 2024-10-01T01:36:22.402528+00:00, run_after=2024-10-02T01:36:22.402528+00:00
[2024-10-02T01:36:22.450+0000] {processor.py:179} INFO - Processing /home/airflow/.local/lib/python3.8/site-packages/airflow/example_dags/example_skip_dag.py took 0.201 seconds
[2024-10-02T01:36:53.083+0000] {processor.py:157} INFO - Started process (PID=494) to work on /home/airflow/.local/lib/python3.8/site-packages/airflow/example_dags/example_skip_dag.py
[2024-10-02T01:36:53.087+0000] {processor.py:829} INFO - Processing file /home/airflow/.local/lib/python3.8/site-packages/airflow/example_dags/example_skip_dag.py for tasks to queue
[2024-10-02T01:36:53.093+0000] {logging_mixin.py:151} INFO - [2024-10-02T01:36:53.092+0000] {dagbag.py:539} INFO - Filling up the DagBag from /home/airflow/.local/lib/python3.8/site-packages/airflow/example_dags/example_skip_dag.py
[2024-10-02T01:36:53.113+0000] {processor.py:839} INFO - DAG(s) dict_keys(['example_skip_dag']) retrieved from /home/airflow/.local/lib/python3.8/site-packages/airflow/example_dags/example_skip_dag.py
[2024-10-02T01:36:53.163+0000] {logging_mixin.py:151} INFO - [2024-10-02T01:36:53.162+0000] {dag.py:2915} INFO - Sync 1 DAGs
[2024-10-02T01:36:53.203+0000] {logging_mixin.py:151} INFO - [2024-10-02T01:36:53.202+0000] {dag.py:3696} INFO - Setting next_dagrun for example_skip_dag to 2024-10-01T01:36:53.200101+00:00, run_after=2024-10-02T01:36:53.200101+00:00
[2024-10-02T01:36:53.250+0000] {processor.py:179} INFO - Processing /home/airflow/.local/lib/python3.8/site-packages/airflow/example_dags/example_skip_dag.py took 0.172 seconds
[2024-10-02T01:37:24.480+0000] {processor.py:157} INFO - Started process (PID=542) to work on /home/airflow/.local/lib/python3.8/site-packages/airflow/example_dags/example_skip_dag.py
[2024-10-02T01:37:24.485+0000] {processor.py:829} INFO - Processing file /home/airflow/.local/lib/python3.8/site-packages/airflow/example_dags/example_skip_dag.py for tasks to queue
[2024-10-02T01:37:24.491+0000] {logging_mixin.py:151} INFO - [2024-10-02T01:37:24.490+0000] {dagbag.py:539} INFO - Filling up the DagBag from /home/airflow/.local/lib/python3.8/site-packages/airflow/example_dags/example_skip_dag.py
[2024-10-02T01:37:24.509+0000] {processor.py:839} INFO - DAG(s) dict_keys(['example_skip_dag']) retrieved from /home/airflow/.local/lib/python3.8/site-packages/airflow/example_dags/example_skip_dag.py
[2024-10-02T01:37:24.561+0000] {logging_mixin.py:151} INFO - [2024-10-02T01:37:24.561+0000] {dag.py:2915} INFO - Sync 1 DAGs
[2024-10-02T01:37:24.608+0000] {logging_mixin.py:151} INFO - [2024-10-02T01:37:24.608+0000] {dag.py:3696} INFO - Setting next_dagrun for example_skip_dag to 2024-10-01T01:37:24.606205+00:00, run_after=2024-10-02T01:37:24.606205+00:00
[2024-10-02T01:37:24.644+0000] {processor.py:179} INFO - Processing /home/airflow/.local/lib/python3.8/site-packages/airflow/example_dags/example_skip_dag.py took 0.170 seconds
[2024-10-02T01:37:54.929+0000] {processor.py:157} INFO - Started process (PID=590) to work on /home/airflow/.local/lib/python3.8/site-packages/airflow/example_dags/example_skip_dag.py
[2024-10-02T01:37:54.932+0000] {processor.py:829} INFO - Processing file /home/airflow/.local/lib/python3.8/site-packages/airflow/example_dags/example_skip_dag.py for tasks to queue
[2024-10-02T01:37:54.941+0000] {logging_mixin.py:151} INFO - [2024-10-02T01:37:54.940+0000] {dagbag.py:539} INFO - Filling up the DagBag from /home/airflow/.local/lib/python3.8/site-packages/airflow/example_dags/example_skip_dag.py
[2024-10-02T01:37:54.964+0000] {processor.py:839} INFO - DAG(s) dict_keys(['example_skip_dag']) retrieved from /home/airflow/.local/lib/python3.8/site-packages/airflow/example_dags/example_skip_dag.py
[2024-10-02T01:37:55.023+0000] {logging_mixin.py:151} INFO - [2024-10-02T01:37:55.022+0000] {dag.py:2915} INFO - Sync 1 DAGs
[2024-10-02T01:37:55.101+0000] {logging_mixin.py:151} INFO - [2024-10-02T01:37:55.098+0000] {dag.py:3696} INFO - Setting next_dagrun for example_skip_dag to 2024-10-01T01:37:55.095876+00:00, run_after=2024-10-02T01:37:55.095876+00:00
[2024-10-02T01:37:55.150+0000] {processor.py:179} INFO - Processing /home/airflow/.local/lib/python3.8/site-packages/airflow/example_dags/example_skip_dag.py took 0.225 seconds
[2024-10-02T01:38:25.336+0000] {processor.py:157} INFO - Started process (PID=637) to work on /home/airflow/.local/lib/python3.8/site-packages/airflow/example_dags/example_skip_dag.py
[2024-10-02T01:38:25.341+0000] {processor.py:829} INFO - Processing file /home/airflow/.local/lib/python3.8/site-packages/airflow/example_dags/example_skip_dag.py for tasks to queue
[2024-10-02T01:38:25.346+0000] {logging_mixin.py:151} INFO - [2024-10-02T01:38:25.345+0000] {dagbag.py:539} INFO - Filling up the DagBag from /home/airflow/.local/lib/python3.8/site-packages/airflow/example_dags/example_skip_dag.py
[2024-10-02T01:38:25.366+0000] {processor.py:839} INFO - DAG(s) dict_keys(['example_skip_dag']) retrieved from /home/airflow/.local/lib/python3.8/site-packages/airflow/example_dags/example_skip_dag.py
[2024-10-02T01:38:25.411+0000] {logging_mixin.py:151} INFO - [2024-10-02T01:38:25.411+0000] {dag.py:2915} INFO - Sync 1 DAGs
[2024-10-02T01:38:25.443+0000] {logging_mixin.py:151} INFO - [2024-10-02T01:38:25.442+0000] {dag.py:3696} INFO - Setting next_dagrun for example_skip_dag to 2024-10-01T01:38:25.439889+00:00, run_after=2024-10-02T01:38:25.439889+00:00
[2024-10-02T01:38:25.490+0000] {processor.py:179} INFO - Processing /home/airflow/.local/lib/python3.8/site-packages/airflow/example_dags/example_skip_dag.py took 0.159 seconds
[2024-10-02T01:38:55.995+0000] {processor.py:157} INFO - Started process (PID=685) to work on /home/airflow/.local/lib/python3.8/site-packages/airflow/example_dags/example_skip_dag.py
[2024-10-02T01:38:56.000+0000] {processor.py:829} INFO - Processing file /home/airflow/.local/lib/python3.8/site-packages/airflow/example_dags/example_skip_dag.py for tasks to queue
[2024-10-02T01:38:56.006+0000] {logging_mixin.py:151} INFO - [2024-10-02T01:38:56.006+0000] {dagbag.py:539} INFO - Filling up the DagBag from /home/airflow/.local/lib/python3.8/site-packages/airflow/example_dags/example_skip_dag.py
[2024-10-02T01:38:56.027+0000] {processor.py:839} INFO - DAG(s) dict_keys(['example_skip_dag']) retrieved from /home/airflow/.local/lib/python3.8/site-packages/airflow/example_dags/example_skip_dag.py
[2024-10-02T01:38:56.114+0000] {logging_mixin.py:151} INFO - [2024-10-02T01:38:56.107+0000] {dag.py:2915} INFO - Sync 1 DAGs
[2024-10-02T01:38:56.172+0000] {logging_mixin.py:151} INFO - [2024-10-02T01:38:56.171+0000] {dag.py:3696} INFO - Setting next_dagrun for example_skip_dag to 2024-10-01T01:38:56.169773+00:00, run_after=2024-10-02T01:38:56.169773+00:00
[2024-10-02T01:38:56.204+0000] {processor.py:179} INFO - Processing /home/airflow/.local/lib/python3.8/site-packages/airflow/example_dags/example_skip_dag.py took 0.213 seconds
[2024-10-02T01:39:26.446+0000] {processor.py:157} INFO - Started process (PID=733) to work on /home/airflow/.local/lib/python3.8/site-packages/airflow/example_dags/example_skip_dag.py
[2024-10-02T01:39:26.450+0000] {processor.py:829} INFO - Processing file /home/airflow/.local/lib/python3.8/site-packages/airflow/example_dags/example_skip_dag.py for tasks to queue
[2024-10-02T01:39:26.458+0000] {logging_mixin.py:151} INFO - [2024-10-02T01:39:26.458+0000] {dagbag.py:539} INFO - Filling up the DagBag from /home/airflow/.local/lib/python3.8/site-packages/airflow/example_dags/example_skip_dag.py
[2024-10-02T01:39:26.477+0000] {processor.py:839} INFO - DAG(s) dict_keys(['example_skip_dag']) retrieved from /home/airflow/.local/lib/python3.8/site-packages/airflow/example_dags/example_skip_dag.py
[2024-10-02T01:39:26.532+0000] {logging_mixin.py:151} INFO - [2024-10-02T01:39:26.531+0000] {dag.py:2915} INFO - Sync 1 DAGs
[2024-10-02T01:39:26.602+0000] {logging_mixin.py:151} INFO - [2024-10-02T01:39:26.602+0000] {dag.py:3696} INFO - Setting next_dagrun for example_skip_dag to 2024-10-01T01:39:26.598141+00:00, run_after=2024-10-02T01:39:26.598141+00:00
[2024-10-02T01:39:26.641+0000] {processor.py:179} INFO - Processing /home/airflow/.local/lib/python3.8/site-packages/airflow/example_dags/example_skip_dag.py took 0.201 seconds
[2024-10-02T01:45:37.475+0000] {processor.py:157} INFO - Started process (PID=62) to work on /home/airflow/.local/lib/python3.8/site-packages/airflow/example_dags/example_skip_dag.py
[2024-10-02T01:45:37.481+0000] {processor.py:829} INFO - Processing file /home/airflow/.local/lib/python3.8/site-packages/airflow/example_dags/example_skip_dag.py for tasks to queue
[2024-10-02T01:45:37.490+0000] {logging_mixin.py:151} INFO - [2024-10-02T01:45:37.489+0000] {dagbag.py:539} INFO - Filling up the DagBag from /home/airflow/.local/lib/python3.8/site-packages/airflow/example_dags/example_skip_dag.py
[2024-10-02T01:45:37.539+0000] {processor.py:839} INFO - DAG(s) dict_keys(['example_skip_dag']) retrieved from /home/airflow/.local/lib/python3.8/site-packages/airflow/example_dags/example_skip_dag.py
[2024-10-02T01:45:37.748+0000] {logging_mixin.py:151} INFO - [2024-10-02T01:45:37.747+0000] {manager.py:499} INFO - Created Permission View: %s
[2024-10-02T01:45:37.786+0000] {logging_mixin.py:151} INFO - [2024-10-02T01:45:37.785+0000] {manager.py:499} INFO - Created Permission View: %s
[2024-10-02T01:45:37.805+0000] {logging_mixin.py:151} INFO - [2024-10-02T01:45:37.805+0000] {manager.py:499} INFO - Created Permission View: %s
[2024-10-02T01:45:37.812+0000] {logging_mixin.py:151} INFO - [2024-10-02T01:45:37.811+0000] {security.py:708} INFO - Not syncing DAG-level permissions for DAG 'DAG:example_skip_dag' as access control is unset.
[2024-10-02T01:45:37.817+0000] {logging_mixin.py:151} INFO - [2024-10-02T01:45:37.817+0000] {dag.py:2915} INFO - Sync 1 DAGs
[2024-10-02T01:45:37.843+0000] {logging_mixin.py:151} INFO - [2024-10-02T01:45:37.843+0000] {dag.py:2937} INFO - Creating ORM DAG for example_skip_dag
[2024-10-02T01:45:37.865+0000] {logging_mixin.py:151} INFO - [2024-10-02T01:45:37.865+0000] {dag.py:3696} INFO - Setting next_dagrun for example_skip_dag to 2024-10-01T01:45:37.864012+00:00, run_after=2024-10-02T01:45:37.864012+00:00
[2024-10-02T01:45:37.892+0000] {processor.py:179} INFO - Processing /home/airflow/.local/lib/python3.8/site-packages/airflow/example_dags/example_skip_dag.py took 0.421 seconds
[2024-10-02T01:46:08.559+0000] {processor.py:157} INFO - Started process (PID=110) to work on /home/airflow/.local/lib/python3.8/site-packages/airflow/example_dags/example_skip_dag.py
[2024-10-02T01:46:08.563+0000] {processor.py:829} INFO - Processing file /home/airflow/.local/lib/python3.8/site-packages/airflow/example_dags/example_skip_dag.py for tasks to queue
[2024-10-02T01:46:08.569+0000] {logging_mixin.py:151} INFO - [2024-10-02T01:46:08.568+0000] {dagbag.py:539} INFO - Filling up the DagBag from /home/airflow/.local/lib/python3.8/site-packages/airflow/example_dags/example_skip_dag.py
[2024-10-02T01:46:08.584+0000] {processor.py:839} INFO - DAG(s) dict_keys(['example_skip_dag']) retrieved from /home/airflow/.local/lib/python3.8/site-packages/airflow/example_dags/example_skip_dag.py
[2024-10-02T01:46:08.619+0000] {logging_mixin.py:151} INFO - [2024-10-02T01:46:08.619+0000] {dag.py:2915} INFO - Sync 1 DAGs
[2024-10-02T01:46:08.646+0000] {logging_mixin.py:151} INFO - [2024-10-02T01:46:08.645+0000] {dag.py:3696} INFO - Setting next_dagrun for example_skip_dag to 2024-10-01T01:46:08.644541+00:00, run_after=2024-10-02T01:46:08.644541+00:00
[2024-10-02T01:46:08.669+0000] {processor.py:179} INFO - Processing /home/airflow/.local/lib/python3.8/site-packages/airflow/example_dags/example_skip_dag.py took 0.115 seconds
[2024-10-02T01:47:04.664+0000] {processor.py:157} INFO - Started process (PID=62) to work on /home/airflow/.local/lib/python3.8/site-packages/airflow/example_dags/example_skip_dag.py
[2024-10-02T01:47:04.672+0000] {processor.py:829} INFO - Processing file /home/airflow/.local/lib/python3.8/site-packages/airflow/example_dags/example_skip_dag.py for tasks to queue
[2024-10-02T01:47:04.682+0000] {logging_mixin.py:151} INFO - [2024-10-02T01:47:04.682+0000] {dagbag.py:539} INFO - Filling up the DagBag from /home/airflow/.local/lib/python3.8/site-packages/airflow/example_dags/example_skip_dag.py
[2024-10-02T01:47:04.709+0000] {processor.py:839} INFO - DAG(s) dict_keys(['example_skip_dag']) retrieved from /home/airflow/.local/lib/python3.8/site-packages/airflow/example_dags/example_skip_dag.py
[2024-10-02T01:47:04.740+0000] {logging_mixin.py:151} INFO - [2024-10-02T01:47:04.740+0000] {dag.py:2915} INFO - Sync 1 DAGs
[2024-10-02T01:47:04.784+0000] {logging_mixin.py:151} INFO - [2024-10-02T01:47:04.784+0000] {dag.py:3696} INFO - Setting next_dagrun for example_skip_dag to 2024-10-01T01:47:04.782748+00:00, run_after=2024-10-02T01:47:04.782748+00:00
[2024-10-02T01:47:04.826+0000] {processor.py:179} INFO - Processing /home/airflow/.local/lib/python3.8/site-packages/airflow/example_dags/example_skip_dag.py took 0.168 seconds
[2024-10-02T01:47:34.901+0000] {processor.py:157} INFO - Started process (PID=110) to work on /home/airflow/.local/lib/python3.8/site-packages/airflow/example_dags/example_skip_dag.py
[2024-10-02T01:47:34.906+0000] {processor.py:829} INFO - Processing file /home/airflow/.local/lib/python3.8/site-packages/airflow/example_dags/example_skip_dag.py for tasks to queue
[2024-10-02T01:47:34.913+0000] {logging_mixin.py:151} INFO - [2024-10-02T01:47:34.912+0000] {dagbag.py:539} INFO - Filling up the DagBag from /home/airflow/.local/lib/python3.8/site-packages/airflow/example_dags/example_skip_dag.py
[2024-10-02T01:47:34.931+0000] {processor.py:839} INFO - DAG(s) dict_keys(['example_skip_dag']) retrieved from /home/airflow/.local/lib/python3.8/site-packages/airflow/example_dags/example_skip_dag.py
[2024-10-02T01:47:34.978+0000] {logging_mixin.py:151} INFO - [2024-10-02T01:47:34.978+0000] {dag.py:2915} INFO - Sync 1 DAGs
[2024-10-02T01:47:35.013+0000] {logging_mixin.py:151} INFO - [2024-10-02T01:47:35.013+0000] {dag.py:3696} INFO - Setting next_dagrun for example_skip_dag to 2024-10-01T01:47:35.012008+00:00, run_after=2024-10-02T01:47:35.012008+00:00
[2024-10-02T01:47:35.055+0000] {processor.py:179} INFO - Processing /home/airflow/.local/lib/python3.8/site-packages/airflow/example_dags/example_skip_dag.py took 0.159 seconds
[2024-10-02T01:48:32.833+0000] {processor.py:157} INFO - Started process (PID=62) to work on /home/airflow/.local/lib/python3.8/site-packages/airflow/example_dags/example_skip_dag.py
[2024-10-02T01:48:32.859+0000] {processor.py:829} INFO - Processing file /home/airflow/.local/lib/python3.8/site-packages/airflow/example_dags/example_skip_dag.py for tasks to queue
[2024-10-02T01:48:32.870+0000] {logging_mixin.py:151} INFO - [2024-10-02T01:48:32.869+0000] {dagbag.py:539} INFO - Filling up the DagBag from /home/airflow/.local/lib/python3.8/site-packages/airflow/example_dags/example_skip_dag.py
[2024-10-02T01:48:32.909+0000] {processor.py:839} INFO - DAG(s) dict_keys(['example_skip_dag']) retrieved from /home/airflow/.local/lib/python3.8/site-packages/airflow/example_dags/example_skip_dag.py
[2024-10-02T01:48:32.955+0000] {logging_mixin.py:151} INFO - [2024-10-02T01:48:32.954+0000] {dag.py:2915} INFO - Sync 1 DAGs
[2024-10-02T01:48:33.038+0000] {logging_mixin.py:151} INFO - [2024-10-02T01:48:33.038+0000] {dag.py:3696} INFO - Setting next_dagrun for example_skip_dag to 2024-10-01T01:48:33.036856+00:00, run_after=2024-10-02T01:48:33.036856+00:00
[2024-10-02T01:48:33.077+0000] {processor.py:179} INFO - Processing /home/airflow/.local/lib/python3.8/site-packages/airflow/example_dags/example_skip_dag.py took 0.249 seconds
[2024-10-02T01:49:03.530+0000] {processor.py:157} INFO - Started process (PID=110) to work on /home/airflow/.local/lib/python3.8/site-packages/airflow/example_dags/example_skip_dag.py
[2024-10-02T01:49:03.534+0000] {processor.py:829} INFO - Processing file /home/airflow/.local/lib/python3.8/site-packages/airflow/example_dags/example_skip_dag.py for tasks to queue
[2024-10-02T01:49:03.539+0000] {logging_mixin.py:151} INFO - [2024-10-02T01:49:03.538+0000] {dagbag.py:539} INFO - Filling up the DagBag from /home/airflow/.local/lib/python3.8/site-packages/airflow/example_dags/example_skip_dag.py
[2024-10-02T01:49:03.555+0000] {processor.py:839} INFO - DAG(s) dict_keys(['example_skip_dag']) retrieved from /home/airflow/.local/lib/python3.8/site-packages/airflow/example_dags/example_skip_dag.py
[2024-10-02T01:49:03.587+0000] {logging_mixin.py:151} INFO - [2024-10-02T01:49:03.586+0000] {dag.py:2915} INFO - Sync 1 DAGs
[2024-10-02T01:49:03.619+0000] {logging_mixin.py:151} INFO - [2024-10-02T01:49:03.618+0000] {dag.py:3696} INFO - Setting next_dagrun for example_skip_dag to 2024-10-01T01:49:03.617886+00:00, run_after=2024-10-02T01:49:03.617886+00:00
[2024-10-02T01:49:03.647+0000] {processor.py:179} INFO - Processing /home/airflow/.local/lib/python3.8/site-packages/airflow/example_dags/example_skip_dag.py took 0.120 seconds
[2024-10-02T01:49:34.350+0000] {processor.py:157} INFO - Started process (PID=158) to work on /home/airflow/.local/lib/python3.8/site-packages/airflow/example_dags/example_skip_dag.py
[2024-10-02T01:49:34.354+0000] {processor.py:829} INFO - Processing file /home/airflow/.local/lib/python3.8/site-packages/airflow/example_dags/example_skip_dag.py for tasks to queue
[2024-10-02T01:49:34.359+0000] {logging_mixin.py:151} INFO - [2024-10-02T01:49:34.358+0000] {dagbag.py:539} INFO - Filling up the DagBag from /home/airflow/.local/lib/python3.8/site-packages/airflow/example_dags/example_skip_dag.py
[2024-10-02T01:49:34.375+0000] {processor.py:839} INFO - DAG(s) dict_keys(['example_skip_dag']) retrieved from /home/airflow/.local/lib/python3.8/site-packages/airflow/example_dags/example_skip_dag.py
[2024-10-02T01:49:34.418+0000] {logging_mixin.py:151} INFO - [2024-10-02T01:49:34.418+0000] {dag.py:2915} INFO - Sync 1 DAGs
[2024-10-02T01:49:34.450+0000] {logging_mixin.py:151} INFO - [2024-10-02T01:49:34.450+0000] {dag.py:3696} INFO - Setting next_dagrun for example_skip_dag to 2024-10-01T01:49:34.449464+00:00, run_after=2024-10-02T01:49:34.449464+00:00
[2024-10-02T01:49:34.480+0000] {processor.py:179} INFO - Processing /home/airflow/.local/lib/python3.8/site-packages/airflow/example_dags/example_skip_dag.py took 0.134 seconds
[2024-10-02T01:50:05.016+0000] {processor.py:157} INFO - Started process (PID=206) to work on /home/airflow/.local/lib/python3.8/site-packages/airflow/example_dags/example_skip_dag.py
[2024-10-02T01:50:05.018+0000] {processor.py:829} INFO - Processing file /home/airflow/.local/lib/python3.8/site-packages/airflow/example_dags/example_skip_dag.py for tasks to queue
[2024-10-02T01:50:05.024+0000] {logging_mixin.py:151} INFO - [2024-10-02T01:50:05.024+0000] {dagbag.py:539} INFO - Filling up the DagBag from /home/airflow/.local/lib/python3.8/site-packages/airflow/example_dags/example_skip_dag.py
[2024-10-02T01:50:05.039+0000] {processor.py:839} INFO - DAG(s) dict_keys(['example_skip_dag']) retrieved from /home/airflow/.local/lib/python3.8/site-packages/airflow/example_dags/example_skip_dag.py
[2024-10-02T01:50:05.072+0000] {logging_mixin.py:151} INFO - [2024-10-02T01:50:05.071+0000] {dag.py:2915} INFO - Sync 1 DAGs
[2024-10-02T01:50:05.101+0000] {logging_mixin.py:151} INFO - [2024-10-02T01:50:05.100+0000] {dag.py:3696} INFO - Setting next_dagrun for example_skip_dag to 2024-10-01T01:50:05.099365+00:00, run_after=2024-10-02T01:50:05.099365+00:00
[2024-10-02T01:50:05.128+0000] {processor.py:179} INFO - Processing /home/airflow/.local/lib/python3.8/site-packages/airflow/example_dags/example_skip_dag.py took 0.116 seconds
[2024-10-02T01:50:35.921+0000] {processor.py:157} INFO - Started process (PID=254) to work on /home/airflow/.local/lib/python3.8/site-packages/airflow/example_dags/example_skip_dag.py
[2024-10-02T01:50:35.925+0000] {processor.py:829} INFO - Processing file /home/airflow/.local/lib/python3.8/site-packages/airflow/example_dags/example_skip_dag.py for tasks to queue
[2024-10-02T01:50:35.929+0000] {logging_mixin.py:151} INFO - [2024-10-02T01:50:35.929+0000] {dagbag.py:539} INFO - Filling up the DagBag from /home/airflow/.local/lib/python3.8/site-packages/airflow/example_dags/example_skip_dag.py
[2024-10-02T01:50:35.949+0000] {processor.py:839} INFO - DAG(s) dict_keys(['example_skip_dag']) retrieved from /home/airflow/.local/lib/python3.8/site-packages/airflow/example_dags/example_skip_dag.py
[2024-10-02T01:50:35.988+0000] {logging_mixin.py:151} INFO - [2024-10-02T01:50:35.988+0000] {dag.py:2915} INFO - Sync 1 DAGs
[2024-10-02T01:50:36.014+0000] {logging_mixin.py:151} INFO - [2024-10-02T01:50:36.014+0000] {dag.py:3696} INFO - Setting next_dagrun for example_skip_dag to 2024-10-01T01:50:36.013185+00:00, run_after=2024-10-02T01:50:36.013185+00:00
[2024-10-02T01:50:36.045+0000] {processor.py:179} INFO - Processing /home/airflow/.local/lib/python3.8/site-packages/airflow/example_dags/example_skip_dag.py took 0.128 seconds
[2024-10-02T01:51:06.587+0000] {processor.py:157} INFO - Started process (PID=302) to work on /home/airflow/.local/lib/python3.8/site-packages/airflow/example_dags/example_skip_dag.py
[2024-10-02T01:51:06.589+0000] {processor.py:829} INFO - Processing file /home/airflow/.local/lib/python3.8/site-packages/airflow/example_dags/example_skip_dag.py for tasks to queue
[2024-10-02T01:51:06.594+0000] {logging_mixin.py:151} INFO - [2024-10-02T01:51:06.594+0000] {dagbag.py:539} INFO - Filling up the DagBag from /home/airflow/.local/lib/python3.8/site-packages/airflow/example_dags/example_skip_dag.py
[2024-10-02T01:51:06.608+0000] {processor.py:839} INFO - DAG(s) dict_keys(['example_skip_dag']) retrieved from /home/airflow/.local/lib/python3.8/site-packages/airflow/example_dags/example_skip_dag.py
[2024-10-02T01:51:06.641+0000] {logging_mixin.py:151} INFO - [2024-10-02T01:51:06.641+0000] {dag.py:2915} INFO - Sync 1 DAGs
[2024-10-02T01:51:06.674+0000] {logging_mixin.py:151} INFO - [2024-10-02T01:51:06.674+0000] {dag.py:3696} INFO - Setting next_dagrun for example_skip_dag to 2024-10-01T01:51:06.672989+00:00, run_after=2024-10-02T01:51:06.672989+00:00
[2024-10-02T01:51:06.702+0000] {processor.py:179} INFO - Processing /home/airflow/.local/lib/python3.8/site-packages/airflow/example_dags/example_skip_dag.py took 0.119 seconds
[2024-10-02T01:51:37.669+0000] {processor.py:157} INFO - Started process (PID=350) to work on /home/airflow/.local/lib/python3.8/site-packages/airflow/example_dags/example_skip_dag.py
[2024-10-02T01:51:37.672+0000] {processor.py:829} INFO - Processing file /home/airflow/.local/lib/python3.8/site-packages/airflow/example_dags/example_skip_dag.py for tasks to queue
[2024-10-02T01:51:37.677+0000] {logging_mixin.py:151} INFO - [2024-10-02T01:51:37.676+0000] {dagbag.py:539} INFO - Filling up the DagBag from /home/airflow/.local/lib/python3.8/site-packages/airflow/example_dags/example_skip_dag.py
[2024-10-02T01:51:37.691+0000] {processor.py:839} INFO - DAG(s) dict_keys(['example_skip_dag']) retrieved from /home/airflow/.local/lib/python3.8/site-packages/airflow/example_dags/example_skip_dag.py
[2024-10-02T01:51:37.725+0000] {logging_mixin.py:151} INFO - [2024-10-02T01:51:37.725+0000] {dag.py:2915} INFO - Sync 1 DAGs
[2024-10-02T01:51:37.762+0000] {logging_mixin.py:151} INFO - [2024-10-02T01:51:37.762+0000] {dag.py:3696} INFO - Setting next_dagrun for example_skip_dag to 2024-10-01T01:51:37.761260+00:00, run_after=2024-10-02T01:51:37.761260+00:00
[2024-10-02T01:51:37.802+0000] {processor.py:179} INFO - Processing /home/airflow/.local/lib/python3.8/site-packages/airflow/example_dags/example_skip_dag.py took 0.136 seconds
[2024-10-02T01:52:07.980+0000] {processor.py:157} INFO - Started process (PID=398) to work on /home/airflow/.local/lib/python3.8/site-packages/airflow/example_dags/example_skip_dag.py
[2024-10-02T01:52:07.982+0000] {processor.py:829} INFO - Processing file /home/airflow/.local/lib/python3.8/site-packages/airflow/example_dags/example_skip_dag.py for tasks to queue
[2024-10-02T01:52:07.987+0000] {logging_mixin.py:151} INFO - [2024-10-02T01:52:07.986+0000] {dagbag.py:539} INFO - Filling up the DagBag from /home/airflow/.local/lib/python3.8/site-packages/airflow/example_dags/example_skip_dag.py
[2024-10-02T01:52:08.001+0000] {processor.py:839} INFO - DAG(s) dict_keys(['example_skip_dag']) retrieved from /home/airflow/.local/lib/python3.8/site-packages/airflow/example_dags/example_skip_dag.py
[2024-10-02T01:52:08.037+0000] {logging_mixin.py:151} INFO - [2024-10-02T01:52:08.036+0000] {dag.py:2915} INFO - Sync 1 DAGs
[2024-10-02T01:52:08.066+0000] {logging_mixin.py:151} INFO - [2024-10-02T01:52:08.066+0000] {dag.py:3696} INFO - Setting next_dagrun for example_skip_dag to 2024-10-01T01:52:08.065112+00:00, run_after=2024-10-02T01:52:08.065112+00:00
[2024-10-02T01:52:08.092+0000] {processor.py:179} INFO - Processing /home/airflow/.local/lib/python3.8/site-packages/airflow/example_dags/example_skip_dag.py took 0.117 seconds
[2024-10-02T01:52:39.012+0000] {processor.py:157} INFO - Started process (PID=446) to work on /home/airflow/.local/lib/python3.8/site-packages/airflow/example_dags/example_skip_dag.py
[2024-10-02T01:52:39.014+0000] {processor.py:829} INFO - Processing file /home/airflow/.local/lib/python3.8/site-packages/airflow/example_dags/example_skip_dag.py for tasks to queue
[2024-10-02T01:52:39.018+0000] {logging_mixin.py:151} INFO - [2024-10-02T01:52:39.017+0000] {dagbag.py:539} INFO - Filling up the DagBag from /home/airflow/.local/lib/python3.8/site-packages/airflow/example_dags/example_skip_dag.py
[2024-10-02T01:52:39.032+0000] {processor.py:839} INFO - DAG(s) dict_keys(['example_skip_dag']) retrieved from /home/airflow/.local/lib/python3.8/site-packages/airflow/example_dags/example_skip_dag.py
[2024-10-02T01:52:39.067+0000] {logging_mixin.py:151} INFO - [2024-10-02T01:52:39.067+0000] {dag.py:2915} INFO - Sync 1 DAGs
[2024-10-02T01:52:39.094+0000] {logging_mixin.py:151} INFO - [2024-10-02T01:52:39.094+0000] {dag.py:3696} INFO - Setting next_dagrun for example_skip_dag to 2024-10-01T01:52:39.092688+00:00, run_after=2024-10-02T01:52:39.092688+00:00
[2024-10-02T01:52:39.124+0000] {processor.py:179} INFO - Processing /home/airflow/.local/lib/python3.8/site-packages/airflow/example_dags/example_skip_dag.py took 0.116 seconds
[2024-10-02T01:53:10.748+0000] {processor.py:157} INFO - Started process (PID=494) to work on /home/airflow/.local/lib/python3.8/site-packages/airflow/example_dags/example_skip_dag.py
[2024-10-02T01:53:10.757+0000] {processor.py:829} INFO - Processing file /home/airflow/.local/lib/python3.8/site-packages/airflow/example_dags/example_skip_dag.py for tasks to queue
[2024-10-02T01:53:10.768+0000] {logging_mixin.py:151} INFO - [2024-10-02T01:53:10.768+0000] {dagbag.py:539} INFO - Filling up the DagBag from /home/airflow/.local/lib/python3.8/site-packages/airflow/example_dags/example_skip_dag.py
[2024-10-02T01:53:10.803+0000] {processor.py:839} INFO - DAG(s) dict_keys(['example_skip_dag']) retrieved from /home/airflow/.local/lib/python3.8/site-packages/airflow/example_dags/example_skip_dag.py
[2024-10-02T01:53:10.866+0000] {logging_mixin.py:151} INFO - [2024-10-02T01:53:10.866+0000] {dag.py:2915} INFO - Sync 1 DAGs
[2024-10-02T01:53:10.898+0000] {logging_mixin.py:151} INFO - [2024-10-02T01:53:10.898+0000] {dag.py:3696} INFO - Setting next_dagrun for example_skip_dag to 2024-10-01T01:53:10.897446+00:00, run_after=2024-10-02T01:53:10.897446+00:00
[2024-10-02T01:53:10.919+0000] {processor.py:179} INFO - Processing /home/airflow/.local/lib/python3.8/site-packages/airflow/example_dags/example_skip_dag.py took 0.176 seconds
[2024-10-02T01:53:41.339+0000] {processor.py:157} INFO - Started process (PID=542) to work on /home/airflow/.local/lib/python3.8/site-packages/airflow/example_dags/example_skip_dag.py
[2024-10-02T01:53:41.342+0000] {processor.py:829} INFO - Processing file /home/airflow/.local/lib/python3.8/site-packages/airflow/example_dags/example_skip_dag.py for tasks to queue
[2024-10-02T01:53:41.348+0000] {logging_mixin.py:151} INFO - [2024-10-02T01:53:41.347+0000] {dagbag.py:539} INFO - Filling up the DagBag from /home/airflow/.local/lib/python3.8/site-packages/airflow/example_dags/example_skip_dag.py
[2024-10-02T01:53:41.365+0000] {processor.py:839} INFO - DAG(s) dict_keys(['example_skip_dag']) retrieved from /home/airflow/.local/lib/python3.8/site-packages/airflow/example_dags/example_skip_dag.py
[2024-10-02T01:53:41.407+0000] {logging_mixin.py:151} INFO - [2024-10-02T01:53:41.407+0000] {dag.py:2915} INFO - Sync 1 DAGs
[2024-10-02T01:53:41.457+0000] {logging_mixin.py:151} INFO - [2024-10-02T01:53:41.456+0000] {dag.py:3696} INFO - Setting next_dagrun for example_skip_dag to 2024-10-01T01:53:41.455157+00:00, run_after=2024-10-02T01:53:41.455157+00:00
[2024-10-02T01:53:41.485+0000] {processor.py:179} INFO - Processing /home/airflow/.local/lib/python3.8/site-packages/airflow/example_dags/example_skip_dag.py took 0.153 seconds
[2024-10-02T01:54:14.017+0000] {processor.py:157} INFO - Started process (PID=590) to work on /home/airflow/.local/lib/python3.8/site-packages/airflow/example_dags/example_skip_dag.py
[2024-10-02T01:54:14.019+0000] {processor.py:829} INFO - Processing file /home/airflow/.local/lib/python3.8/site-packages/airflow/example_dags/example_skip_dag.py for tasks to queue
[2024-10-02T01:54:14.023+0000] {logging_mixin.py:151} INFO - [2024-10-02T01:54:14.023+0000] {dagbag.py:539} INFO - Filling up the DagBag from /home/airflow/.local/lib/python3.8/site-packages/airflow/example_dags/example_skip_dag.py
[2024-10-02T01:54:14.036+0000] {processor.py:839} INFO - DAG(s) dict_keys(['example_skip_dag']) retrieved from /home/airflow/.local/lib/python3.8/site-packages/airflow/example_dags/example_skip_dag.py
[2024-10-02T01:54:14.077+0000] {logging_mixin.py:151} INFO - [2024-10-02T01:54:14.076+0000] {dag.py:2915} INFO - Sync 1 DAGs
[2024-10-02T01:57:14.505+0000] {logging_mixin.py:151} INFO - [2024-10-02T01:57:14.504+0000] {dag.py:3696} INFO - Setting next_dagrun for example_skip_dag to 2024-10-01T01:57:14.502647+00:00, run_after=2024-10-02T01:57:14.502647+00:00
[2024-10-02T01:57:14.531+0000] {processor.py:179} INFO - Processing /home/airflow/.local/lib/python3.8/site-packages/airflow/example_dags/example_skip_dag.py took 0.228 seconds
[2024-10-02T01:57:45.117+0000] {processor.py:157} INFO - Started process (PID=639) to work on /home/airflow/.local/lib/python3.8/site-packages/airflow/example_dags/example_skip_dag.py
[2024-10-02T01:57:45.121+0000] {processor.py:829} INFO - Processing file /home/airflow/.local/lib/python3.8/site-packages/airflow/example_dags/example_skip_dag.py for tasks to queue
[2024-10-02T01:57:45.128+0000] {logging_mixin.py:151} INFO - [2024-10-02T01:57:45.127+0000] {dagbag.py:539} INFO - Filling up the DagBag from /home/airflow/.local/lib/python3.8/site-packages/airflow/example_dags/example_skip_dag.py
[2024-10-02T01:57:45.158+0000] {processor.py:839} INFO - DAG(s) dict_keys(['example_skip_dag']) retrieved from /home/airflow/.local/lib/python3.8/site-packages/airflow/example_dags/example_skip_dag.py
[2024-10-02T01:57:45.232+0000] {logging_mixin.py:151} INFO - [2024-10-02T01:57:45.231+0000] {dag.py:2915} INFO - Sync 1 DAGs
[2024-10-02T01:57:45.279+0000] {logging_mixin.py:151} INFO - [2024-10-02T01:57:45.279+0000] {dag.py:3696} INFO - Setting next_dagrun for example_skip_dag to 2024-10-01T01:57:45.274531+00:00, run_after=2024-10-02T01:57:45.274531+00:00
[2024-10-02T01:57:45.329+0000] {processor.py:179} INFO - Processing /home/airflow/.local/lib/python3.8/site-packages/airflow/example_dags/example_skip_dag.py took 0.220 seconds
[2024-10-02T01:58:16.106+0000] {processor.py:157} INFO - Started process (PID=688) to work on /home/airflow/.local/lib/python3.8/site-packages/airflow/example_dags/example_skip_dag.py
[2024-10-02T01:58:16.109+0000] {processor.py:829} INFO - Processing file /home/airflow/.local/lib/python3.8/site-packages/airflow/example_dags/example_skip_dag.py for tasks to queue
[2024-10-02T01:58:16.115+0000] {logging_mixin.py:151} INFO - [2024-10-02T01:58:16.114+0000] {dagbag.py:539} INFO - Filling up the DagBag from /home/airflow/.local/lib/python3.8/site-packages/airflow/example_dags/example_skip_dag.py
[2024-10-02T01:58:16.130+0000] {processor.py:839} INFO - DAG(s) dict_keys(['example_skip_dag']) retrieved from /home/airflow/.local/lib/python3.8/site-packages/airflow/example_dags/example_skip_dag.py
[2024-10-02T01:58:16.165+0000] {logging_mixin.py:151} INFO - [2024-10-02T01:58:16.164+0000] {dag.py:2915} INFO - Sync 1 DAGs
[2024-10-02T01:58:16.194+0000] {logging_mixin.py:151} INFO - [2024-10-02T01:58:16.193+0000] {dag.py:3696} INFO - Setting next_dagrun for example_skip_dag to 2024-10-01T01:58:16.192654+00:00, run_after=2024-10-02T01:58:16.192654+00:00
[2024-10-02T01:58:16.227+0000] {processor.py:179} INFO - Processing /home/airflow/.local/lib/python3.8/site-packages/airflow/example_dags/example_skip_dag.py took 0.125 seconds
[2024-10-02T01:58:47.161+0000] {processor.py:157} INFO - Started process (PID=736) to work on /home/airflow/.local/lib/python3.8/site-packages/airflow/example_dags/example_skip_dag.py
[2024-10-02T01:58:47.165+0000] {processor.py:829} INFO - Processing file /home/airflow/.local/lib/python3.8/site-packages/airflow/example_dags/example_skip_dag.py for tasks to queue
[2024-10-02T01:58:47.169+0000] {logging_mixin.py:151} INFO - [2024-10-02T01:58:47.169+0000] {dagbag.py:539} INFO - Filling up the DagBag from /home/airflow/.local/lib/python3.8/site-packages/airflow/example_dags/example_skip_dag.py
[2024-10-02T01:58:47.186+0000] {processor.py:839} INFO - DAG(s) dict_keys(['example_skip_dag']) retrieved from /home/airflow/.local/lib/python3.8/site-packages/airflow/example_dags/example_skip_dag.py
[2024-10-02T01:58:47.244+0000] {logging_mixin.py:151} INFO - [2024-10-02T01:58:47.244+0000] {dag.py:2915} INFO - Sync 1 DAGs
[2024-10-02T01:58:47.277+0000] {logging_mixin.py:151} INFO - [2024-10-02T01:58:47.276+0000] {dag.py:3696} INFO - Setting next_dagrun for example_skip_dag to 2024-10-01T01:58:47.275016+00:00, run_after=2024-10-02T01:58:47.275016+00:00
[2024-10-02T01:58:47.303+0000] {processor.py:179} INFO - Processing /home/airflow/.local/lib/python3.8/site-packages/airflow/example_dags/example_skip_dag.py took 0.145 seconds
[2024-10-02T01:59:17.975+0000] {processor.py:157} INFO - Started process (PID=784) to work on /home/airflow/.local/lib/python3.8/site-packages/airflow/example_dags/example_skip_dag.py
[2024-10-02T01:59:17.978+0000] {processor.py:829} INFO - Processing file /home/airflow/.local/lib/python3.8/site-packages/airflow/example_dags/example_skip_dag.py for tasks to queue
[2024-10-02T01:59:17.992+0000] {logging_mixin.py:151} INFO - [2024-10-02T01:59:17.991+0000] {dagbag.py:539} INFO - Filling up the DagBag from /home/airflow/.local/lib/python3.8/site-packages/airflow/example_dags/example_skip_dag.py
[2024-10-02T01:59:18.023+0000] {processor.py:839} INFO - DAG(s) dict_keys(['example_skip_dag']) retrieved from /home/airflow/.local/lib/python3.8/site-packages/airflow/example_dags/example_skip_dag.py
[2024-10-02T01:59:18.099+0000] {logging_mixin.py:151} INFO - [2024-10-02T01:59:18.098+0000] {dag.py:2915} INFO - Sync 1 DAGs
[2024-10-02T01:59:18.139+0000] {logging_mixin.py:151} INFO - [2024-10-02T01:59:18.139+0000] {dag.py:3696} INFO - Setting next_dagrun for example_skip_dag to 2024-10-01T01:59:18.138541+00:00, run_after=2024-10-02T01:59:18.138541+00:00
[2024-10-02T01:59:18.170+0000] {processor.py:179} INFO - Processing /home/airflow/.local/lib/python3.8/site-packages/airflow/example_dags/example_skip_dag.py took 0.201 seconds
[2024-10-02T01:59:48.901+0000] {processor.py:157} INFO - Started process (PID=832) to work on /home/airflow/.local/lib/python3.8/site-packages/airflow/example_dags/example_skip_dag.py
[2024-10-02T01:59:48.907+0000] {processor.py:829} INFO - Processing file /home/airflow/.local/lib/python3.8/site-packages/airflow/example_dags/example_skip_dag.py for tasks to queue
[2024-10-02T01:59:48.914+0000] {logging_mixin.py:151} INFO - [2024-10-02T01:59:48.913+0000] {dagbag.py:539} INFO - Filling up the DagBag from /home/airflow/.local/lib/python3.8/site-packages/airflow/example_dags/example_skip_dag.py
[2024-10-02T01:59:48.931+0000] {processor.py:839} INFO - DAG(s) dict_keys(['example_skip_dag']) retrieved from /home/airflow/.local/lib/python3.8/site-packages/airflow/example_dags/example_skip_dag.py
[2024-10-02T01:59:48.975+0000] {logging_mixin.py:151} INFO - [2024-10-02T01:59:48.974+0000] {dag.py:2915} INFO - Sync 1 DAGs
[2024-10-02T01:59:49.011+0000] {logging_mixin.py:151} INFO - [2024-10-02T01:59:49.010+0000] {dag.py:3696} INFO - Setting next_dagrun for example_skip_dag to 2024-10-01T01:59:49.009574+00:00, run_after=2024-10-02T01:59:49.009574+00:00
[2024-10-02T01:59:49.033+0000] {processor.py:179} INFO - Processing /home/airflow/.local/lib/python3.8/site-packages/airflow/example_dags/example_skip_dag.py took 0.138 seconds
[2024-10-02T02:00:19.536+0000] {processor.py:157} INFO - Started process (PID=880) to work on /home/airflow/.local/lib/python3.8/site-packages/airflow/example_dags/example_skip_dag.py
[2024-10-02T02:00:19.539+0000] {processor.py:829} INFO - Processing file /home/airflow/.local/lib/python3.8/site-packages/airflow/example_dags/example_skip_dag.py for tasks to queue
[2024-10-02T02:00:19.543+0000] {logging_mixin.py:151} INFO - [2024-10-02T02:00:19.542+0000] {dagbag.py:539} INFO - Filling up the DagBag from /home/airflow/.local/lib/python3.8/site-packages/airflow/example_dags/example_skip_dag.py
[2024-10-02T02:00:19.561+0000] {processor.py:839} INFO - DAG(s) dict_keys(['example_skip_dag']) retrieved from /home/airflow/.local/lib/python3.8/site-packages/airflow/example_dags/example_skip_dag.py
[2024-10-02T02:00:19.603+0000] {logging_mixin.py:151} INFO - [2024-10-02T02:00:19.603+0000] {dag.py:2915} INFO - Sync 1 DAGs
[2024-10-02T02:00:19.636+0000] {logging_mixin.py:151} INFO - [2024-10-02T02:00:19.636+0000] {dag.py:3696} INFO - Setting next_dagrun for example_skip_dag to 2024-10-01T02:00:19.635234+00:00, run_after=2024-10-02T02:00:19.635234+00:00
[2024-10-02T02:00:19.663+0000] {processor.py:179} INFO - Processing /home/airflow/.local/lib/python3.8/site-packages/airflow/example_dags/example_skip_dag.py took 0.132 seconds
[2024-10-02T02:00:50.099+0000] {processor.py:157} INFO - Started process (PID=928) to work on /home/airflow/.local/lib/python3.8/site-packages/airflow/example_dags/example_skip_dag.py
[2024-10-02T02:00:50.102+0000] {processor.py:829} INFO - Processing file /home/airflow/.local/lib/python3.8/site-packages/airflow/example_dags/example_skip_dag.py for tasks to queue
[2024-10-02T02:00:50.107+0000] {logging_mixin.py:151} INFO - [2024-10-02T02:00:50.106+0000] {dagbag.py:539} INFO - Filling up the DagBag from /home/airflow/.local/lib/python3.8/site-packages/airflow/example_dags/example_skip_dag.py
[2024-10-02T02:00:50.121+0000] {processor.py:839} INFO - DAG(s) dict_keys(['example_skip_dag']) retrieved from /home/airflow/.local/lib/python3.8/site-packages/airflow/example_dags/example_skip_dag.py
[2024-10-02T02:00:50.169+0000] {logging_mixin.py:151} INFO - [2024-10-02T02:00:50.168+0000] {dag.py:2915} INFO - Sync 1 DAGs
[2024-10-02T02:00:50.198+0000] {logging_mixin.py:151} INFO - [2024-10-02T02:00:50.197+0000] {dag.py:3696} INFO - Setting next_dagrun for example_skip_dag to 2024-10-01T02:00:50.196849+00:00, run_after=2024-10-02T02:00:50.196849+00:00
[2024-10-02T02:00:50.242+0000] {processor.py:179} INFO - Processing /home/airflow/.local/lib/python3.8/site-packages/airflow/example_dags/example_skip_dag.py took 0.147 seconds
[2024-10-02T02:01:20.772+0000] {processor.py:157} INFO - Started process (PID=976) to work on /home/airflow/.local/lib/python3.8/site-packages/airflow/example_dags/example_skip_dag.py
[2024-10-02T02:01:20.775+0000] {processor.py:829} INFO - Processing file /home/airflow/.local/lib/python3.8/site-packages/airflow/example_dags/example_skip_dag.py for tasks to queue
[2024-10-02T02:01:20.780+0000] {logging_mixin.py:151} INFO - [2024-10-02T02:01:20.779+0000] {dagbag.py:539} INFO - Filling up the DagBag from /home/airflow/.local/lib/python3.8/site-packages/airflow/example_dags/example_skip_dag.py
[2024-10-02T02:01:20.795+0000] {processor.py:839} INFO - DAG(s) dict_keys(['example_skip_dag']) retrieved from /home/airflow/.local/lib/python3.8/site-packages/airflow/example_dags/example_skip_dag.py
[2024-10-02T02:01:20.843+0000] {logging_mixin.py:151} INFO - [2024-10-02T02:01:20.843+0000] {dag.py:2915} INFO - Sync 1 DAGs
[2024-10-02T02:01:20.880+0000] {logging_mixin.py:151} INFO - [2024-10-02T02:01:20.879+0000] {dag.py:3696} INFO - Setting next_dagrun for example_skip_dag to 2024-10-01T02:01:20.878468+00:00, run_after=2024-10-02T02:01:20.878468+00:00
[2024-10-02T02:01:20.907+0000] {processor.py:179} INFO - Processing /home/airflow/.local/lib/python3.8/site-packages/airflow/example_dags/example_skip_dag.py took 0.140 seconds
[2024-10-02T02:03:26.164+0000] {processor.py:157} INFO - Started process (PID=62) to work on /home/airflow/.local/lib/python3.8/site-packages/airflow/example_dags/example_skip_dag.py
[2024-10-02T02:03:26.168+0000] {processor.py:829} INFO - Processing file /home/airflow/.local/lib/python3.8/site-packages/airflow/example_dags/example_skip_dag.py for tasks to queue
[2024-10-02T02:03:26.173+0000] {logging_mixin.py:151} INFO - [2024-10-02T02:03:26.172+0000] {dagbag.py:539} INFO - Filling up the DagBag from /home/airflow/.local/lib/python3.8/site-packages/airflow/example_dags/example_skip_dag.py
[2024-10-02T02:03:26.188+0000] {processor.py:839} INFO - DAG(s) dict_keys(['example_skip_dag']) retrieved from /home/airflow/.local/lib/python3.8/site-packages/airflow/example_dags/example_skip_dag.py
[2024-10-02T02:03:26.337+0000] {logging_mixin.py:151} INFO - [2024-10-02T02:03:26.336+0000] {manager.py:499} INFO - Created Permission View: %s
[2024-10-02T02:03:26.351+0000] {logging_mixin.py:151} INFO - [2024-10-02T02:03:26.351+0000] {manager.py:499} INFO - Created Permission View: %s
[2024-10-02T02:03:26.366+0000] {logging_mixin.py:151} INFO - [2024-10-02T02:03:26.366+0000] {manager.py:499} INFO - Created Permission View: %s
[2024-10-02T02:03:26.369+0000] {logging_mixin.py:151} INFO - [2024-10-02T02:03:26.369+0000] {security.py:708} INFO - Not syncing DAG-level permissions for DAG 'DAG:example_skip_dag' as access control is unset.
[2024-10-02T02:03:26.371+0000] {logging_mixin.py:151} INFO - [2024-10-02T02:03:26.371+0000] {dag.py:2915} INFO - Sync 1 DAGs
[2024-10-02T02:03:26.387+0000] {logging_mixin.py:151} INFO - [2024-10-02T02:03:26.387+0000] {dag.py:2937} INFO - Creating ORM DAG for example_skip_dag
[2024-10-02T02:03:26.403+0000] {logging_mixin.py:151} INFO - [2024-10-02T02:03:26.403+0000] {dag.py:3696} INFO - Setting next_dagrun for example_skip_dag to 2024-10-01T02:03:26.401845+00:00, run_after=2024-10-02T02:03:26.401845+00:00
[2024-10-02T02:03:26.431+0000] {processor.py:179} INFO - Processing /home/airflow/.local/lib/python3.8/site-packages/airflow/example_dags/example_skip_dag.py took 0.273 seconds
[2024-10-02T02:06:23.399+0000] {processor.py:157} INFO - Started process (PID=62) to work on /home/airflow/.local/lib/python3.8/site-packages/airflow/example_dags/example_skip_dag.py
[2024-10-02T02:06:23.406+0000] {processor.py:829} INFO - Processing file /home/airflow/.local/lib/python3.8/site-packages/airflow/example_dags/example_skip_dag.py for tasks to queue
[2024-10-02T02:06:23.412+0000] {logging_mixin.py:151} INFO - [2024-10-02T02:06:23.411+0000] {dagbag.py:539} INFO - Filling up the DagBag from /home/airflow/.local/lib/python3.8/site-packages/airflow/example_dags/example_skip_dag.py
[2024-10-02T02:06:23.431+0000] {processor.py:839} INFO - DAG(s) dict_keys(['example_skip_dag']) retrieved from /home/airflow/.local/lib/python3.8/site-packages/airflow/example_dags/example_skip_dag.py
[2024-10-02T02:06:23.570+0000] {logging_mixin.py:151} INFO - [2024-10-02T02:06:23.570+0000] {manager.py:499} INFO - Created Permission View: %s
[2024-10-02T02:06:23.591+0000] {logging_mixin.py:151} INFO - [2024-10-02T02:06:23.591+0000] {manager.py:499} INFO - Created Permission View: %s
[2024-10-02T02:06:23.604+0000] {logging_mixin.py:151} INFO - [2024-10-02T02:06:23.604+0000] {manager.py:499} INFO - Created Permission View: %s
[2024-10-02T02:06:23.608+0000] {logging_mixin.py:151} INFO - [2024-10-02T02:06:23.607+0000] {security.py:708} INFO - Not syncing DAG-level permissions for DAG 'DAG:example_skip_dag' as access control is unset.
[2024-10-02T02:06:23.609+0000] {logging_mixin.py:151} INFO - [2024-10-02T02:06:23.609+0000] {dag.py:2915} INFO - Sync 1 DAGs
[2024-10-02T02:06:23.634+0000] {logging_mixin.py:151} INFO - [2024-10-02T02:06:23.634+0000] {dag.py:2937} INFO - Creating ORM DAG for example_skip_dag
[2024-10-02T02:06:23.649+0000] {logging_mixin.py:151} INFO - [2024-10-02T02:06:23.649+0000] {dag.py:3696} INFO - Setting next_dagrun for example_skip_dag to 2024-10-01T02:06:23.648264+00:00, run_after=2024-10-02T02:06:23.648264+00:00
[2024-10-02T02:06:23.677+0000] {processor.py:179} INFO - Processing /home/airflow/.local/lib/python3.8/site-packages/airflow/example_dags/example_skip_dag.py took 0.282 seconds
[2024-10-02T02:06:54.091+0000] {processor.py:157} INFO - Started process (PID=110) to work on /home/airflow/.local/lib/python3.8/site-packages/airflow/example_dags/example_skip_dag.py
[2024-10-02T02:06:54.095+0000] {processor.py:829} INFO - Processing file /home/airflow/.local/lib/python3.8/site-packages/airflow/example_dags/example_skip_dag.py for tasks to queue
[2024-10-02T02:06:54.099+0000] {logging_mixin.py:151} INFO - [2024-10-02T02:06:54.099+0000] {dagbag.py:539} INFO - Filling up the DagBag from /home/airflow/.local/lib/python3.8/site-packages/airflow/example_dags/example_skip_dag.py
[2024-10-02T02:06:54.113+0000] {processor.py:839} INFO - DAG(s) dict_keys(['example_skip_dag']) retrieved from /home/airflow/.local/lib/python3.8/site-packages/airflow/example_dags/example_skip_dag.py
[2024-10-02T02:06:54.148+0000] {logging_mixin.py:151} INFO - [2024-10-02T02:06:54.148+0000] {dag.py:2915} INFO - Sync 1 DAGs
[2024-10-02T02:06:54.182+0000] {logging_mixin.py:151} INFO - [2024-10-02T02:06:54.182+0000] {dag.py:3696} INFO - Setting next_dagrun for example_skip_dag to 2024-10-01T02:06:54.180429+00:00, run_after=2024-10-02T02:06:54.180429+00:00
[2024-10-02T02:06:54.239+0000] {processor.py:179} INFO - Processing /home/airflow/.local/lib/python3.8/site-packages/airflow/example_dags/example_skip_dag.py took 0.152 seconds
[2024-10-02T02:07:24.746+0000] {processor.py:157} INFO - Started process (PID=158) to work on /home/airflow/.local/lib/python3.8/site-packages/airflow/example_dags/example_skip_dag.py
[2024-10-02T02:07:24.748+0000] {processor.py:829} INFO - Processing file /home/airflow/.local/lib/python3.8/site-packages/airflow/example_dags/example_skip_dag.py for tasks to queue
[2024-10-02T02:07:24.752+0000] {logging_mixin.py:151} INFO - [2024-10-02T02:07:24.751+0000] {dagbag.py:539} INFO - Filling up the DagBag from /home/airflow/.local/lib/python3.8/site-packages/airflow/example_dags/example_skip_dag.py
[2024-10-02T02:07:24.765+0000] {processor.py:839} INFO - DAG(s) dict_keys(['example_skip_dag']) retrieved from /home/airflow/.local/lib/python3.8/site-packages/airflow/example_dags/example_skip_dag.py
[2024-10-02T02:07:24.800+0000] {logging_mixin.py:151} INFO - [2024-10-02T02:07:24.799+0000] {dag.py:2915} INFO - Sync 1 DAGs
[2024-10-02T02:07:24.824+0000] {logging_mixin.py:151} INFO - [2024-10-02T02:07:24.824+0000] {dag.py:3696} INFO - Setting next_dagrun for example_skip_dag to 2024-10-01T02:07:24.823531+00:00, run_after=2024-10-02T02:07:24.823531+00:00
[2024-10-02T02:07:24.847+0000] {processor.py:179} INFO - Processing /home/airflow/.local/lib/python3.8/site-packages/airflow/example_dags/example_skip_dag.py took 0.105 seconds
[2024-10-02T02:07:55.409+0000] {processor.py:157} INFO - Started process (PID=206) to work on /home/airflow/.local/lib/python3.8/site-packages/airflow/example_dags/example_skip_dag.py
[2024-10-02T02:07:55.411+0000] {processor.py:829} INFO - Processing file /home/airflow/.local/lib/python3.8/site-packages/airflow/example_dags/example_skip_dag.py for tasks to queue
[2024-10-02T02:07:55.415+0000] {logging_mixin.py:151} INFO - [2024-10-02T02:07:55.414+0000] {dagbag.py:539} INFO - Filling up the DagBag from /home/airflow/.local/lib/python3.8/site-packages/airflow/example_dags/example_skip_dag.py
[2024-10-02T02:07:55.427+0000] {processor.py:839} INFO - DAG(s) dict_keys(['example_skip_dag']) retrieved from /home/airflow/.local/lib/python3.8/site-packages/airflow/example_dags/example_skip_dag.py
[2024-10-02T02:07:55.465+0000] {logging_mixin.py:151} INFO - [2024-10-02T02:07:55.464+0000] {dag.py:2915} INFO - Sync 1 DAGs
[2024-10-02T02:07:55.498+0000] {logging_mixin.py:151} INFO - [2024-10-02T02:07:55.498+0000] {dag.py:3696} INFO - Setting next_dagrun for example_skip_dag to 2024-10-01T02:07:55.497047+00:00, run_after=2024-10-02T02:07:55.497047+00:00
[2024-10-02T02:07:55.530+0000] {processor.py:179} INFO - Processing /home/airflow/.local/lib/python3.8/site-packages/airflow/example_dags/example_skip_dag.py took 0.126 seconds
[2024-10-02T02:08:26.382+0000] {processor.py:157} INFO - Started process (PID=254) to work on /home/airflow/.local/lib/python3.8/site-packages/airflow/example_dags/example_skip_dag.py
[2024-10-02T02:08:26.384+0000] {processor.py:829} INFO - Processing file /home/airflow/.local/lib/python3.8/site-packages/airflow/example_dags/example_skip_dag.py for tasks to queue
[2024-10-02T02:08:26.391+0000] {logging_mixin.py:151} INFO - [2024-10-02T02:08:26.389+0000] {dagbag.py:539} INFO - Filling up the DagBag from /home/airflow/.local/lib/python3.8/site-packages/airflow/example_dags/example_skip_dag.py
[2024-10-02T02:08:26.410+0000] {processor.py:839} INFO - DAG(s) dict_keys(['example_skip_dag']) retrieved from /home/airflow/.local/lib/python3.8/site-packages/airflow/example_dags/example_skip_dag.py
[2024-10-02T02:08:26.457+0000] {logging_mixin.py:151} INFO - [2024-10-02T02:08:26.456+0000] {dag.py:2915} INFO - Sync 1 DAGs
[2024-10-02T02:08:26.497+0000] {logging_mixin.py:151} INFO - [2024-10-02T02:08:26.496+0000] {dag.py:3696} INFO - Setting next_dagrun for example_skip_dag to 2024-10-01T02:08:26.492945+00:00, run_after=2024-10-02T02:08:26.492945+00:00
[2024-10-02T02:08:26.528+0000] {processor.py:179} INFO - Processing /home/airflow/.local/lib/python3.8/site-packages/airflow/example_dags/example_skip_dag.py took 0.152 seconds
[2024-10-02T02:08:56.790+0000] {processor.py:157} INFO - Started process (PID=302) to work on /home/airflow/.local/lib/python3.8/site-packages/airflow/example_dags/example_skip_dag.py
[2024-10-02T02:08:56.793+0000] {processor.py:829} INFO - Processing file /home/airflow/.local/lib/python3.8/site-packages/airflow/example_dags/example_skip_dag.py for tasks to queue
[2024-10-02T02:08:56.797+0000] {logging_mixin.py:151} INFO - [2024-10-02T02:08:56.796+0000] {dagbag.py:539} INFO - Filling up the DagBag from /home/airflow/.local/lib/python3.8/site-packages/airflow/example_dags/example_skip_dag.py
[2024-10-02T02:08:56.809+0000] {processor.py:839} INFO - DAG(s) dict_keys(['example_skip_dag']) retrieved from /home/airflow/.local/lib/python3.8/site-packages/airflow/example_dags/example_skip_dag.py
[2024-10-02T02:08:56.842+0000] {logging_mixin.py:151} INFO - [2024-10-02T02:08:56.841+0000] {dag.py:2915} INFO - Sync 1 DAGs
[2024-10-02T02:08:56.871+0000] {logging_mixin.py:151} INFO - [2024-10-02T02:08:56.871+0000] {dag.py:3696} INFO - Setting next_dagrun for example_skip_dag to 2024-10-01T02:08:56.870012+00:00, run_after=2024-10-02T02:08:56.870012+00:00
[2024-10-02T02:08:56.894+0000] {processor.py:179} INFO - Processing /home/airflow/.local/lib/python3.8/site-packages/airflow/example_dags/example_skip_dag.py took 0.107 seconds
[2024-10-02T02:09:27.807+0000] {processor.py:157} INFO - Started process (PID=350) to work on /home/airflow/.local/lib/python3.8/site-packages/airflow/example_dags/example_skip_dag.py
[2024-10-02T02:09:27.813+0000] {processor.py:829} INFO - Processing file /home/airflow/.local/lib/python3.8/site-packages/airflow/example_dags/example_skip_dag.py for tasks to queue
[2024-10-02T02:09:27.825+0000] {logging_mixin.py:151} INFO - [2024-10-02T02:09:27.823+0000] {dagbag.py:539} INFO - Filling up the DagBag from /home/airflow/.local/lib/python3.8/site-packages/airflow/example_dags/example_skip_dag.py
[2024-10-02T02:09:27.871+0000] {processor.py:839} INFO - DAG(s) dict_keys(['example_skip_dag']) retrieved from /home/airflow/.local/lib/python3.8/site-packages/airflow/example_dags/example_skip_dag.py
[2024-10-02T02:09:27.914+0000] {logging_mixin.py:151} INFO - [2024-10-02T02:09:27.913+0000] {dag.py:2915} INFO - Sync 1 DAGs
[2024-10-02T02:09:27.956+0000] {logging_mixin.py:151} INFO - [2024-10-02T02:09:27.956+0000] {dag.py:3696} INFO - Setting next_dagrun for example_skip_dag to 2024-10-01T02:09:27.955248+00:00, run_after=2024-10-02T02:09:27.955248+00:00
[2024-10-02T02:09:27.982+0000] {processor.py:179} INFO - Processing /home/airflow/.local/lib/python3.8/site-packages/airflow/example_dags/example_skip_dag.py took 0.178 seconds
[2024-10-02T02:09:59.061+0000] {processor.py:157} INFO - Started process (PID=398) to work on /home/airflow/.local/lib/python3.8/site-packages/airflow/example_dags/example_skip_dag.py
[2024-10-02T02:09:59.064+0000] {processor.py:829} INFO - Processing file /home/airflow/.local/lib/python3.8/site-packages/airflow/example_dags/example_skip_dag.py for tasks to queue
[2024-10-02T02:09:59.068+0000] {logging_mixin.py:151} INFO - [2024-10-02T02:09:59.067+0000] {dagbag.py:539} INFO - Filling up the DagBag from /home/airflow/.local/lib/python3.8/site-packages/airflow/example_dags/example_skip_dag.py
[2024-10-02T02:09:59.082+0000] {processor.py:839} INFO - DAG(s) dict_keys(['example_skip_dag']) retrieved from /home/airflow/.local/lib/python3.8/site-packages/airflow/example_dags/example_skip_dag.py
[2024-10-02T02:09:59.132+0000] {logging_mixin.py:151} INFO - [2024-10-02T02:09:59.131+0000] {dag.py:2915} INFO - Sync 1 DAGs
[2024-10-02T02:09:59.229+0000] {logging_mixin.py:151} INFO - [2024-10-02T02:09:59.228+0000] {dag.py:3696} INFO - Setting next_dagrun for example_skip_dag to 2024-10-01T02:09:59.225558+00:00, run_after=2024-10-02T02:09:59.225558+00:00
[2024-10-02T02:09:59.266+0000] {processor.py:179} INFO - Processing /home/airflow/.local/lib/python3.8/site-packages/airflow/example_dags/example_skip_dag.py took 0.208 seconds
[2024-10-02T02:10:29.502+0000] {processor.py:157} INFO - Started process (PID=446) to work on /home/airflow/.local/lib/python3.8/site-packages/airflow/example_dags/example_skip_dag.py
[2024-10-02T02:10:29.506+0000] {processor.py:829} INFO - Processing file /home/airflow/.local/lib/python3.8/site-packages/airflow/example_dags/example_skip_dag.py for tasks to queue
[2024-10-02T02:10:29.511+0000] {logging_mixin.py:151} INFO - [2024-10-02T02:10:29.510+0000] {dagbag.py:539} INFO - Filling up the DagBag from /home/airflow/.local/lib/python3.8/site-packages/airflow/example_dags/example_skip_dag.py
[2024-10-02T02:10:29.530+0000] {processor.py:839} INFO - DAG(s) dict_keys(['example_skip_dag']) retrieved from /home/airflow/.local/lib/python3.8/site-packages/airflow/example_dags/example_skip_dag.py
[2024-10-02T02:10:29.588+0000] {logging_mixin.py:151} INFO - [2024-10-02T02:10:29.588+0000] {dag.py:2915} INFO - Sync 1 DAGs
[2024-10-02T02:10:29.629+0000] {logging_mixin.py:151} INFO - [2024-10-02T02:10:29.629+0000] {dag.py:3696} INFO - Setting next_dagrun for example_skip_dag to 2024-10-01T02:10:29.628076+00:00, run_after=2024-10-02T02:10:29.628076+00:00
[2024-10-02T02:10:29.671+0000] {processor.py:179} INFO - Processing /home/airflow/.local/lib/python3.8/site-packages/airflow/example_dags/example_skip_dag.py took 0.175 seconds
