[2024-10-02 01:23:31,170] {scheduler_job.py:182} INFO - Started process (PID=42) to work on /home/airflow/.local/lib/python3.6/site-packages/airflow/example_dags/example_xcom.py
[2024-10-02 01:23:31,172] {scheduler_job.py:629} INFO - Processing file /home/airflow/.local/lib/python3.6/site-packages/airflow/example_dags/example_xcom.py for tasks to queue
[2024-10-02 01:23:31,175] {logging_mixin.py:104} INFO - [2024-10-02 01:23:31,174] {dagbag.py:451} INFO - Filling up the DagBag from /home/airflow/.local/lib/python3.6/site-packages/airflow/example_dags/example_xcom.py
[2024-10-02 01:23:31,193] {scheduler_job.py:639} INFO - DAG(s) dict_keys(['example_xcom']) retrieved from /home/airflow/.local/lib/python3.6/site-packages/airflow/example_dags/example_xcom.py
[2024-10-02 01:23:31,226] {logging_mixin.py:104} INFO - [2024-10-02 01:23:31,226] {dag.py:1824} INFO - Sync 1 DAGs
[2024-10-02 01:23:31,238] {logging_mixin.py:104} INFO - [2024-10-02 01:23:31,237] {dag.py:1843} INFO - Creating ORM DAG for example_xcom
[2024-10-02 01:23:31,245] {logging_mixin.py:104} INFO - [2024-10-02 01:23:31,245] {dag.py:2280} INFO - Setting next_dagrun for example_xcom to 2024-09-30 00:00:00+00:00
[2024-10-02 01:23:31,267] {scheduler_job.py:190} INFO - Processing /home/airflow/.local/lib/python3.6/site-packages/airflow/example_dags/example_xcom.py took 0.102 seconds
[2024-10-02 01:24:01,492] {scheduler_job.py:182} INFO - Started process (PID=65) to work on /home/airflow/.local/lib/python3.6/site-packages/airflow/example_dags/example_xcom.py
[2024-10-02 01:24:01,497] {scheduler_job.py:629} INFO - Processing file /home/airflow/.local/lib/python3.6/site-packages/airflow/example_dags/example_xcom.py for tasks to queue
[2024-10-02 01:24:01,500] {logging_mixin.py:104} INFO - [2024-10-02 01:24:01,499] {dagbag.py:451} INFO - Filling up the DagBag from /home/airflow/.local/lib/python3.6/site-packages/airflow/example_dags/example_xcom.py
[2024-10-02 01:24:01,538] {scheduler_job.py:639} INFO - DAG(s) dict_keys(['example_xcom']) retrieved from /home/airflow/.local/lib/python3.6/site-packages/airflow/example_dags/example_xcom.py
[2024-10-02 01:24:01,624] {logging_mixin.py:104} INFO - [2024-10-02 01:24:01,623] {dag.py:1824} INFO - Sync 1 DAGs
[2024-10-02 01:24:01,659] {logging_mixin.py:104} INFO - [2024-10-02 01:24:01,658] {dag.py:2280} INFO - Setting next_dagrun for example_xcom to 2024-09-30 00:00:00+00:00
[2024-10-02 01:24:01,681] {scheduler_job.py:190} INFO - Processing /home/airflow/.local/lib/python3.6/site-packages/airflow/example_dags/example_xcom.py took 0.194 seconds
[2024-10-02 01:24:32,021] {scheduler_job.py:182} INFO - Started process (PID=89) to work on /home/airflow/.local/lib/python3.6/site-packages/airflow/example_dags/example_xcom.py
[2024-10-02 01:24:32,023] {scheduler_job.py:629} INFO - Processing file /home/airflow/.local/lib/python3.6/site-packages/airflow/example_dags/example_xcom.py for tasks to queue
[2024-10-02 01:24:32,025] {logging_mixin.py:104} INFO - [2024-10-02 01:24:32,025] {dagbag.py:451} INFO - Filling up the DagBag from /home/airflow/.local/lib/python3.6/site-packages/airflow/example_dags/example_xcom.py
[2024-10-02 01:24:32,038] {scheduler_job.py:639} INFO - DAG(s) dict_keys(['example_xcom']) retrieved from /home/airflow/.local/lib/python3.6/site-packages/airflow/example_dags/example_xcom.py
[2024-10-02 01:24:32,070] {logging_mixin.py:104} INFO - [2024-10-02 01:24:32,070] {dag.py:1824} INFO - Sync 1 DAGs
[2024-10-02 01:24:32,085] {logging_mixin.py:104} INFO - [2024-10-02 01:24:32,085] {dag.py:2280} INFO - Setting next_dagrun for example_xcom to 2024-09-30 00:00:00+00:00
[2024-10-02 01:24:32,098] {scheduler_job.py:190} INFO - Processing /home/airflow/.local/lib/python3.6/site-packages/airflow/example_dags/example_xcom.py took 0.081 seconds
[2024-10-02 01:25:02,809] {scheduler_job.py:182} INFO - Started process (PID=116) to work on /home/airflow/.local/lib/python3.6/site-packages/airflow/example_dags/example_xcom.py
[2024-10-02 01:25:02,817] {scheduler_job.py:629} INFO - Processing file /home/airflow/.local/lib/python3.6/site-packages/airflow/example_dags/example_xcom.py for tasks to queue
[2024-10-02 01:25:02,824] {logging_mixin.py:104} INFO - [2024-10-02 01:25:02,823] {dagbag.py:451} INFO - Filling up the DagBag from /home/airflow/.local/lib/python3.6/site-packages/airflow/example_dags/example_xcom.py
[2024-10-02 01:25:02,871] {scheduler_job.py:639} INFO - DAG(s) dict_keys(['example_xcom']) retrieved from /home/airflow/.local/lib/python3.6/site-packages/airflow/example_dags/example_xcom.py
[2024-10-02 01:25:02,980] {logging_mixin.py:104} INFO - [2024-10-02 01:25:02,980] {dag.py:1824} INFO - Sync 1 DAGs
[2024-10-02 01:25:03,014] {logging_mixin.py:104} INFO - [2024-10-02 01:25:03,012] {dag.py:2280} INFO - Setting next_dagrun for example_xcom to 2024-09-30 00:00:00+00:00
[2024-10-02 01:25:03,082] {scheduler_job.py:190} INFO - Processing /home/airflow/.local/lib/python3.6/site-packages/airflow/example_dags/example_xcom.py took 0.278 seconds
[2024-10-02 01:25:33,199] {scheduler_job.py:182} INFO - Started process (PID=137) to work on /home/airflow/.local/lib/python3.6/site-packages/airflow/example_dags/example_xcom.py
[2024-10-02 01:25:33,200] {scheduler_job.py:629} INFO - Processing file /home/airflow/.local/lib/python3.6/site-packages/airflow/example_dags/example_xcom.py for tasks to queue
[2024-10-02 01:25:33,202] {logging_mixin.py:104} INFO - [2024-10-02 01:25:33,201] {dagbag.py:451} INFO - Filling up the DagBag from /home/airflow/.local/lib/python3.6/site-packages/airflow/example_dags/example_xcom.py
[2024-10-02 01:25:33,216] {scheduler_job.py:639} INFO - DAG(s) dict_keys(['example_xcom']) retrieved from /home/airflow/.local/lib/python3.6/site-packages/airflow/example_dags/example_xcom.py
[2024-10-02 01:25:33,243] {logging_mixin.py:104} INFO - [2024-10-02 01:25:33,242] {dag.py:1824} INFO - Sync 1 DAGs
[2024-10-02 01:25:33,258] {logging_mixin.py:104} INFO - [2024-10-02 01:25:33,257] {dag.py:2280} INFO - Setting next_dagrun for example_xcom to 2024-09-30 00:00:00+00:00
[2024-10-02 01:25:33,266] {scheduler_job.py:190} INFO - Processing /home/airflow/.local/lib/python3.6/site-packages/airflow/example_dags/example_xcom.py took 0.070 seconds
[2024-10-02 01:26:04,046] {scheduler_job.py:182} INFO - Started process (PID=164) to work on /home/airflow/.local/lib/python3.6/site-packages/airflow/example_dags/example_xcom.py
[2024-10-02 01:26:04,051] {scheduler_job.py:629} INFO - Processing file /home/airflow/.local/lib/python3.6/site-packages/airflow/example_dags/example_xcom.py for tasks to queue
[2024-10-02 01:26:04,053] {logging_mixin.py:104} INFO - [2024-10-02 01:26:04,053] {dagbag.py:451} INFO - Filling up the DagBag from /home/airflow/.local/lib/python3.6/site-packages/airflow/example_dags/example_xcom.py
[2024-10-02 01:26:04,079] {scheduler_job.py:639} INFO - DAG(s) dict_keys(['example_xcom']) retrieved from /home/airflow/.local/lib/python3.6/site-packages/airflow/example_dags/example_xcom.py
[2024-10-02 01:26:04,131] {logging_mixin.py:104} INFO - [2024-10-02 01:26:04,131] {dag.py:1824} INFO - Sync 1 DAGs
[2024-10-02 01:26:04,159] {logging_mixin.py:104} INFO - [2024-10-02 01:26:04,159] {dag.py:2280} INFO - Setting next_dagrun for example_xcom to 2024-09-30 00:00:00+00:00
[2024-10-02 01:26:04,173] {scheduler_job.py:190} INFO - Processing /home/airflow/.local/lib/python3.6/site-packages/airflow/example_dags/example_xcom.py took 0.130 seconds
[2024-10-02 01:26:34,692] {scheduler_job.py:182} INFO - Started process (PID=191) to work on /home/airflow/.local/lib/python3.6/site-packages/airflow/example_dags/example_xcom.py
[2024-10-02 01:26:34,694] {scheduler_job.py:629} INFO - Processing file /home/airflow/.local/lib/python3.6/site-packages/airflow/example_dags/example_xcom.py for tasks to queue
[2024-10-02 01:26:34,695] {logging_mixin.py:104} INFO - [2024-10-02 01:26:34,695] {dagbag.py:451} INFO - Filling up the DagBag from /home/airflow/.local/lib/python3.6/site-packages/airflow/example_dags/example_xcom.py
[2024-10-02 01:26:34,710] {scheduler_job.py:639} INFO - DAG(s) dict_keys(['example_xcom']) retrieved from /home/airflow/.local/lib/python3.6/site-packages/airflow/example_dags/example_xcom.py
[2024-10-02 01:26:34,750] {logging_mixin.py:104} INFO - [2024-10-02 01:26:34,750] {dag.py:1824} INFO - Sync 1 DAGs
[2024-10-02 01:26:34,779] {logging_mixin.py:104} INFO - [2024-10-02 01:26:34,779] {dag.py:2280} INFO - Setting next_dagrun for example_xcom to 2024-09-30 00:00:00+00:00
[2024-10-02 01:26:34,793] {scheduler_job.py:190} INFO - Processing /home/airflow/.local/lib/python3.6/site-packages/airflow/example_dags/example_xcom.py took 0.106 seconds
[2024-10-02 01:27:05,389] {scheduler_job.py:182} INFO - Started process (PID=218) to work on /home/airflow/.local/lib/python3.6/site-packages/airflow/example_dags/example_xcom.py
[2024-10-02 01:27:05,392] {scheduler_job.py:629} INFO - Processing file /home/airflow/.local/lib/python3.6/site-packages/airflow/example_dags/example_xcom.py for tasks to queue
[2024-10-02 01:27:05,393] {logging_mixin.py:104} INFO - [2024-10-02 01:27:05,393] {dagbag.py:451} INFO - Filling up the DagBag from /home/airflow/.local/lib/python3.6/site-packages/airflow/example_dags/example_xcom.py
[2024-10-02 01:27:05,409] {scheduler_job.py:639} INFO - DAG(s) dict_keys(['example_xcom']) retrieved from /home/airflow/.local/lib/python3.6/site-packages/airflow/example_dags/example_xcom.py
[2024-10-02 01:27:05,456] {logging_mixin.py:104} INFO - [2024-10-02 01:27:05,456] {dag.py:1824} INFO - Sync 1 DAGs
[2024-10-02 01:27:05,477] {logging_mixin.py:104} INFO - [2024-10-02 01:27:05,477] {dag.py:2280} INFO - Setting next_dagrun for example_xcom to 2024-09-30 00:00:00+00:00
[2024-10-02 01:27:05,490] {scheduler_job.py:190} INFO - Processing /home/airflow/.local/lib/python3.6/site-packages/airflow/example_dags/example_xcom.py took 0.105 seconds
[2024-10-02 01:27:35,885] {scheduler_job.py:182} INFO - Started process (PID=245) to work on /home/airflow/.local/lib/python3.6/site-packages/airflow/example_dags/example_xcom.py
[2024-10-02 01:27:35,910] {scheduler_job.py:629} INFO - Processing file /home/airflow/.local/lib/python3.6/site-packages/airflow/example_dags/example_xcom.py for tasks to queue
[2024-10-02 01:27:35,932] {logging_mixin.py:104} INFO - [2024-10-02 01:27:35,932] {dagbag.py:451} INFO - Filling up the DagBag from /home/airflow/.local/lib/python3.6/site-packages/airflow/example_dags/example_xcom.py
[2024-10-02 01:27:36,004] {scheduler_job.py:639} INFO - DAG(s) dict_keys(['example_xcom']) retrieved from /home/airflow/.local/lib/python3.6/site-packages/airflow/example_dags/example_xcom.py
[2024-10-02 01:27:36,140] {logging_mixin.py:104} INFO - [2024-10-02 01:27:36,139] {dag.py:1824} INFO - Sync 1 DAGs
[2024-10-02 01:27:36,243] {logging_mixin.py:104} INFO - [2024-10-02 01:27:36,242] {dag.py:2280} INFO - Setting next_dagrun for example_xcom to 2024-09-30 00:00:00+00:00
[2024-10-02 01:27:36,296] {scheduler_job.py:190} INFO - Processing /home/airflow/.local/lib/python3.6/site-packages/airflow/example_dags/example_xcom.py took 0.419 seconds
[2024-10-02 01:28:06,728] {scheduler_job.py:182} INFO - Started process (PID=272) to work on /home/airflow/.local/lib/python3.6/site-packages/airflow/example_dags/example_xcom.py
[2024-10-02 01:28:06,731] {scheduler_job.py:629} INFO - Processing file /home/airflow/.local/lib/python3.6/site-packages/airflow/example_dags/example_xcom.py for tasks to queue
[2024-10-02 01:28:06,732] {logging_mixin.py:104} INFO - [2024-10-02 01:28:06,732] {dagbag.py:451} INFO - Filling up the DagBag from /home/airflow/.local/lib/python3.6/site-packages/airflow/example_dags/example_xcom.py
[2024-10-02 01:28:06,745] {scheduler_job.py:639} INFO - DAG(s) dict_keys(['example_xcom']) retrieved from /home/airflow/.local/lib/python3.6/site-packages/airflow/example_dags/example_xcom.py
[2024-10-02 01:28:06,782] {logging_mixin.py:104} INFO - [2024-10-02 01:28:06,782] {dag.py:1824} INFO - Sync 1 DAGs
[2024-10-02 01:28:06,806] {logging_mixin.py:104} INFO - [2024-10-02 01:28:06,806] {dag.py:2280} INFO - Setting next_dagrun for example_xcom to 2024-09-30 00:00:00+00:00
[2024-10-02 01:28:06,827] {scheduler_job.py:190} INFO - Processing /home/airflow/.local/lib/python3.6/site-packages/airflow/example_dags/example_xcom.py took 0.102 seconds
[2024-10-02 01:28:37,518] {scheduler_job.py:182} INFO - Started process (PID=299) to work on /home/airflow/.local/lib/python3.6/site-packages/airflow/example_dags/example_xcom.py
[2024-10-02 01:28:37,521] {scheduler_job.py:629} INFO - Processing file /home/airflow/.local/lib/python3.6/site-packages/airflow/example_dags/example_xcom.py for tasks to queue
[2024-10-02 01:28:37,525] {logging_mixin.py:104} INFO - [2024-10-02 01:28:37,525] {dagbag.py:451} INFO - Filling up the DagBag from /home/airflow/.local/lib/python3.6/site-packages/airflow/example_dags/example_xcom.py
[2024-10-02 01:28:37,541] {scheduler_job.py:639} INFO - DAG(s) dict_keys(['example_xcom']) retrieved from /home/airflow/.local/lib/python3.6/site-packages/airflow/example_dags/example_xcom.py
[2024-10-02 01:28:37,570] {logging_mixin.py:104} INFO - [2024-10-02 01:28:37,569] {dag.py:1824} INFO - Sync 1 DAGs
[2024-10-02 01:28:37,586] {logging_mixin.py:104} INFO - [2024-10-02 01:28:37,586] {dag.py:2280} INFO - Setting next_dagrun for example_xcom to 2024-09-30 00:00:00+00:00
[2024-10-02 01:28:37,597] {scheduler_job.py:190} INFO - Processing /home/airflow/.local/lib/python3.6/site-packages/airflow/example_dags/example_xcom.py took 0.084 seconds
[2024-10-02T01:32:06.517+0000] {processor.py:157} INFO - Started process (PID=33) to work on /home/airflow/.local/lib/python3.8/site-packages/airflow/example_dags/example_xcom.py
[2024-10-02T01:32:06.521+0000] {processor.py:829} INFO - Processing file /home/airflow/.local/lib/python3.8/site-packages/airflow/example_dags/example_xcom.py for tasks to queue
[2024-10-02T01:32:06.531+0000] {logging_mixin.py:151} INFO - [2024-10-02T01:32:06.531+0000] {dagbag.py:539} INFO - Filling up the DagBag from /home/airflow/.local/lib/python3.8/site-packages/airflow/example_dags/example_xcom.py
[2024-10-02T01:32:06.601+0000] {processor.py:839} INFO - DAG(s) dict_keys(['example_xcom']) retrieved from /home/airflow/.local/lib/python3.8/site-packages/airflow/example_dags/example_xcom.py
[2024-10-02T01:32:07.123+0000] {logging_mixin.py:151} INFO - [2024-10-02T01:32:07.121+0000] {manager.py:499} INFO - Created Permission View: %s
[2024-10-02T01:32:07.181+0000] {logging_mixin.py:151} INFO - [2024-10-02T01:32:07.181+0000] {manager.py:499} INFO - Created Permission View: %s
[2024-10-02T01:32:07.206+0000] {logging_mixin.py:151} INFO - [2024-10-02T01:32:07.206+0000] {manager.py:499} INFO - Created Permission View: %s
[2024-10-02T01:32:07.209+0000] {logging_mixin.py:151} INFO - [2024-10-02T01:32:07.208+0000] {security.py:708} INFO - Not syncing DAG-level permissions for DAG 'DAG:example_xcom' as access control is unset.
[2024-10-02T01:32:07.210+0000] {logging_mixin.py:151} INFO - [2024-10-02T01:32:07.210+0000] {dag.py:2915} INFO - Sync 1 DAGs
[2024-10-02T01:32:07.237+0000] {logging_mixin.py:151} INFO - [2024-10-02T01:32:07.236+0000] {dag.py:2937} INFO - Creating ORM DAG for example_xcom
[2024-10-02T01:32:07.265+0000] {logging_mixin.py:151} INFO - [2024-10-02T01:32:07.254+0000] {dag.py:3696} INFO - Setting next_dagrun for example_xcom to 2021-01-01T00:00:00+00:00, run_after=2021-01-01T00:00:00+00:00
[2024-10-02T01:32:07.287+0000] {processor.py:179} INFO - Processing /home/airflow/.local/lib/python3.8/site-packages/airflow/example_dags/example_xcom.py took 0.795 seconds
[2024-10-02T01:32:37.739+0000] {processor.py:157} INFO - Started process (PID=81) to work on /home/airflow/.local/lib/python3.8/site-packages/airflow/example_dags/example_xcom.py
[2024-10-02T01:32:37.759+0000] {processor.py:829} INFO - Processing file /home/airflow/.local/lib/python3.8/site-packages/airflow/example_dags/example_xcom.py for tasks to queue
[2024-10-02T01:32:37.763+0000] {logging_mixin.py:151} INFO - [2024-10-02T01:32:37.762+0000] {dagbag.py:539} INFO - Filling up the DagBag from /home/airflow/.local/lib/python3.8/site-packages/airflow/example_dags/example_xcom.py
[2024-10-02T01:32:37.780+0000] {processor.py:839} INFO - DAG(s) dict_keys(['example_xcom']) retrieved from /home/airflow/.local/lib/python3.8/site-packages/airflow/example_dags/example_xcom.py
[2024-10-02T01:32:37.819+0000] {logging_mixin.py:151} INFO - [2024-10-02T01:32:37.818+0000] {dag.py:2915} INFO - Sync 1 DAGs
[2024-10-02T01:32:37.841+0000] {logging_mixin.py:151} INFO - [2024-10-02T01:32:37.841+0000] {dag.py:3696} INFO - Setting next_dagrun for example_xcom to 2021-01-01T00:00:00+00:00, run_after=2021-01-01T00:00:00+00:00
[2024-10-02T01:32:37.862+0000] {processor.py:179} INFO - Processing /home/airflow/.local/lib/python3.8/site-packages/airflow/example_dags/example_xcom.py took 0.137 seconds
[2024-10-02T01:33:08.191+0000] {processor.py:157} INFO - Started process (PID=129) to work on /home/airflow/.local/lib/python3.8/site-packages/airflow/example_dags/example_xcom.py
[2024-10-02T01:33:08.195+0000] {processor.py:829} INFO - Processing file /home/airflow/.local/lib/python3.8/site-packages/airflow/example_dags/example_xcom.py for tasks to queue
[2024-10-02T01:33:08.200+0000] {logging_mixin.py:151} INFO - [2024-10-02T01:33:08.199+0000] {dagbag.py:539} INFO - Filling up the DagBag from /home/airflow/.local/lib/python3.8/site-packages/airflow/example_dags/example_xcom.py
[2024-10-02T01:33:08.212+0000] {processor.py:839} INFO - DAG(s) dict_keys(['example_xcom']) retrieved from /home/airflow/.local/lib/python3.8/site-packages/airflow/example_dags/example_xcom.py
[2024-10-02T01:33:08.252+0000] {logging_mixin.py:151} INFO - [2024-10-02T01:33:08.252+0000] {dag.py:2915} INFO - Sync 1 DAGs
[2024-10-02T01:33:08.303+0000] {logging_mixin.py:151} INFO - [2024-10-02T01:33:08.302+0000] {dag.py:3696} INFO - Setting next_dagrun for example_xcom to 2021-01-01T00:00:00+00:00, run_after=2021-01-01T00:00:00+00:00
[2024-10-02T01:33:08.335+0000] {processor.py:179} INFO - Processing /home/airflow/.local/lib/python3.8/site-packages/airflow/example_dags/example_xcom.py took 0.151 seconds
[2024-10-02T01:33:39.283+0000] {processor.py:157} INFO - Started process (PID=177) to work on /home/airflow/.local/lib/python3.8/site-packages/airflow/example_dags/example_xcom.py
[2024-10-02T01:33:39.290+0000] {processor.py:829} INFO - Processing file /home/airflow/.local/lib/python3.8/site-packages/airflow/example_dags/example_xcom.py for tasks to queue
[2024-10-02T01:33:39.300+0000] {logging_mixin.py:151} INFO - [2024-10-02T01:33:39.298+0000] {dagbag.py:539} INFO - Filling up the DagBag from /home/airflow/.local/lib/python3.8/site-packages/airflow/example_dags/example_xcom.py
[2024-10-02T01:33:39.326+0000] {processor.py:839} INFO - DAG(s) dict_keys(['example_xcom']) retrieved from /home/airflow/.local/lib/python3.8/site-packages/airflow/example_dags/example_xcom.py
[2024-10-02T01:33:39.390+0000] {logging_mixin.py:151} INFO - [2024-10-02T01:33:39.390+0000] {dag.py:2915} INFO - Sync 1 DAGs
[2024-10-02T01:33:39.456+0000] {logging_mixin.py:151} INFO - [2024-10-02T01:33:39.454+0000] {dag.py:3696} INFO - Setting next_dagrun for example_xcom to 2021-01-01T00:00:00+00:00, run_after=2021-01-01T00:00:00+00:00
[2024-10-02T01:33:39.498+0000] {processor.py:179} INFO - Processing /home/airflow/.local/lib/python3.8/site-packages/airflow/example_dags/example_xcom.py took 0.221 seconds
[2024-10-02T01:34:09.830+0000] {processor.py:157} INFO - Started process (PID=225) to work on /home/airflow/.local/lib/python3.8/site-packages/airflow/example_dags/example_xcom.py
[2024-10-02T01:34:09.837+0000] {processor.py:829} INFO - Processing file /home/airflow/.local/lib/python3.8/site-packages/airflow/example_dags/example_xcom.py for tasks to queue
[2024-10-02T01:34:09.847+0000] {logging_mixin.py:151} INFO - [2024-10-02T01:34:09.846+0000] {dagbag.py:539} INFO - Filling up the DagBag from /home/airflow/.local/lib/python3.8/site-packages/airflow/example_dags/example_xcom.py
[2024-10-02T01:34:09.873+0000] {processor.py:839} INFO - DAG(s) dict_keys(['example_xcom']) retrieved from /home/airflow/.local/lib/python3.8/site-packages/airflow/example_dags/example_xcom.py
[2024-10-02T01:34:09.916+0000] {logging_mixin.py:151} INFO - [2024-10-02T01:34:09.916+0000] {dag.py:2915} INFO - Sync 1 DAGs
[2024-10-02T01:34:09.952+0000] {logging_mixin.py:151} INFO - [2024-10-02T01:34:09.951+0000] {dag.py:3696} INFO - Setting next_dagrun for example_xcom to 2021-01-01T00:00:00+00:00, run_after=2021-01-01T00:00:00+00:00
[2024-10-02T01:34:09.984+0000] {processor.py:179} INFO - Processing /home/airflow/.local/lib/python3.8/site-packages/airflow/example_dags/example_xcom.py took 0.160 seconds
[2024-10-02T01:34:40.957+0000] {processor.py:157} INFO - Started process (PID=273) to work on /home/airflow/.local/lib/python3.8/site-packages/airflow/example_dags/example_xcom.py
[2024-10-02T01:34:40.960+0000] {processor.py:829} INFO - Processing file /home/airflow/.local/lib/python3.8/site-packages/airflow/example_dags/example_xcom.py for tasks to queue
[2024-10-02T01:34:40.967+0000] {logging_mixin.py:151} INFO - [2024-10-02T01:34:40.966+0000] {dagbag.py:539} INFO - Filling up the DagBag from /home/airflow/.local/lib/python3.8/site-packages/airflow/example_dags/example_xcom.py
[2024-10-02T01:34:40.989+0000] {processor.py:839} INFO - DAG(s) dict_keys(['example_xcom']) retrieved from /home/airflow/.local/lib/python3.8/site-packages/airflow/example_dags/example_xcom.py
[2024-10-02T01:34:41.039+0000] {logging_mixin.py:151} INFO - [2024-10-02T01:34:41.039+0000] {dag.py:2915} INFO - Sync 1 DAGs
[2024-10-02T01:34:41.071+0000] {logging_mixin.py:151} INFO - [2024-10-02T01:34:41.071+0000] {dag.py:3696} INFO - Setting next_dagrun for example_xcom to 2021-01-01T00:00:00+00:00, run_after=2021-01-01T00:00:00+00:00
[2024-10-02T01:34:41.143+0000] {processor.py:179} INFO - Processing /home/airflow/.local/lib/python3.8/site-packages/airflow/example_dags/example_xcom.py took 0.191 seconds
[2024-10-02T01:35:11.510+0000] {processor.py:157} INFO - Started process (PID=321) to work on /home/airflow/.local/lib/python3.8/site-packages/airflow/example_dags/example_xcom.py
[2024-10-02T01:35:11.519+0000] {processor.py:829} INFO - Processing file /home/airflow/.local/lib/python3.8/site-packages/airflow/example_dags/example_xcom.py for tasks to queue
[2024-10-02T01:35:11.526+0000] {logging_mixin.py:151} INFO - [2024-10-02T01:35:11.525+0000] {dagbag.py:539} INFO - Filling up the DagBag from /home/airflow/.local/lib/python3.8/site-packages/airflow/example_dags/example_xcom.py
[2024-10-02T01:35:11.542+0000] {processor.py:839} INFO - DAG(s) dict_keys(['example_xcom']) retrieved from /home/airflow/.local/lib/python3.8/site-packages/airflow/example_dags/example_xcom.py
[2024-10-02T01:35:11.631+0000] {logging_mixin.py:151} INFO - [2024-10-02T01:35:11.631+0000] {dag.py:2915} INFO - Sync 1 DAGs
[2024-10-02T01:35:11.673+0000] {logging_mixin.py:151} INFO - [2024-10-02T01:35:11.672+0000] {dag.py:3696} INFO - Setting next_dagrun for example_xcom to 2021-01-01T00:00:00+00:00, run_after=2021-01-01T00:00:00+00:00
[2024-10-02T01:35:11.717+0000] {processor.py:179} INFO - Processing /home/airflow/.local/lib/python3.8/site-packages/airflow/example_dags/example_xcom.py took 0.212 seconds
[2024-10-02T01:35:42.203+0000] {processor.py:157} INFO - Started process (PID=369) to work on /home/airflow/.local/lib/python3.8/site-packages/airflow/example_dags/example_xcom.py
[2024-10-02T01:35:42.205+0000] {processor.py:829} INFO - Processing file /home/airflow/.local/lib/python3.8/site-packages/airflow/example_dags/example_xcom.py for tasks to queue
[2024-10-02T01:35:42.212+0000] {logging_mixin.py:151} INFO - [2024-10-02T01:35:42.211+0000] {dagbag.py:539} INFO - Filling up the DagBag from /home/airflow/.local/lib/python3.8/site-packages/airflow/example_dags/example_xcom.py
[2024-10-02T01:35:42.236+0000] {processor.py:839} INFO - DAG(s) dict_keys(['example_xcom']) retrieved from /home/airflow/.local/lib/python3.8/site-packages/airflow/example_dags/example_xcom.py
[2024-10-02T01:35:42.288+0000] {logging_mixin.py:151} INFO - [2024-10-02T01:35:42.288+0000] {dag.py:2915} INFO - Sync 1 DAGs
[2024-10-02T01:35:42.344+0000] {logging_mixin.py:151} INFO - [2024-10-02T01:35:42.343+0000] {dag.py:3696} INFO - Setting next_dagrun for example_xcom to 2021-01-01T00:00:00+00:00, run_after=2021-01-01T00:00:00+00:00
[2024-10-02T01:35:42.387+0000] {processor.py:179} INFO - Processing /home/airflow/.local/lib/python3.8/site-packages/airflow/example_dags/example_xcom.py took 0.188 seconds
[2024-10-02T01:36:12.590+0000] {processor.py:157} INFO - Started process (PID=417) to work on /home/airflow/.local/lib/python3.8/site-packages/airflow/example_dags/example_xcom.py
[2024-10-02T01:36:12.602+0000] {processor.py:829} INFO - Processing file /home/airflow/.local/lib/python3.8/site-packages/airflow/example_dags/example_xcom.py for tasks to queue
[2024-10-02T01:36:12.614+0000] {logging_mixin.py:151} INFO - [2024-10-02T01:36:12.613+0000] {dagbag.py:539} INFO - Filling up the DagBag from /home/airflow/.local/lib/python3.8/site-packages/airflow/example_dags/example_xcom.py
[2024-10-02T01:36:12.664+0000] {processor.py:839} INFO - DAG(s) dict_keys(['example_xcom']) retrieved from /home/airflow/.local/lib/python3.8/site-packages/airflow/example_dags/example_xcom.py
[2024-10-02T01:36:12.734+0000] {logging_mixin.py:151} INFO - [2024-10-02T01:36:12.734+0000] {dag.py:2915} INFO - Sync 1 DAGs
[2024-10-02T01:36:12.769+0000] {logging_mixin.py:151} INFO - [2024-10-02T01:36:12.769+0000] {dag.py:3696} INFO - Setting next_dagrun for example_xcom to 2021-01-01T00:00:00+00:00, run_after=2021-01-01T00:00:00+00:00
[2024-10-02T01:36:12.802+0000] {processor.py:179} INFO - Processing /home/airflow/.local/lib/python3.8/site-packages/airflow/example_dags/example_xcom.py took 0.220 seconds
[2024-10-02T01:36:43.304+0000] {processor.py:157} INFO - Started process (PID=465) to work on /home/airflow/.local/lib/python3.8/site-packages/airflow/example_dags/example_xcom.py
[2024-10-02T01:36:43.307+0000] {processor.py:829} INFO - Processing file /home/airflow/.local/lib/python3.8/site-packages/airflow/example_dags/example_xcom.py for tasks to queue
[2024-10-02T01:36:43.315+0000] {logging_mixin.py:151} INFO - [2024-10-02T01:36:43.314+0000] {dagbag.py:539} INFO - Filling up the DagBag from /home/airflow/.local/lib/python3.8/site-packages/airflow/example_dags/example_xcom.py
[2024-10-02T01:36:43.333+0000] {processor.py:839} INFO - DAG(s) dict_keys(['example_xcom']) retrieved from /home/airflow/.local/lib/python3.8/site-packages/airflow/example_dags/example_xcom.py
[2024-10-02T01:36:43.373+0000] {logging_mixin.py:151} INFO - [2024-10-02T01:36:43.372+0000] {dag.py:2915} INFO - Sync 1 DAGs
[2024-10-02T01:36:43.434+0000] {logging_mixin.py:151} INFO - [2024-10-02T01:36:43.433+0000] {dag.py:3696} INFO - Setting next_dagrun for example_xcom to 2021-01-01T00:00:00+00:00, run_after=2021-01-01T00:00:00+00:00
[2024-10-02T01:36:43.459+0000] {processor.py:179} INFO - Processing /home/airflow/.local/lib/python3.8/site-packages/airflow/example_dags/example_xcom.py took 0.162 seconds
[2024-10-02T01:37:14.466+0000] {processor.py:157} INFO - Started process (PID=513) to work on /home/airflow/.local/lib/python3.8/site-packages/airflow/example_dags/example_xcom.py
[2024-10-02T01:37:14.469+0000] {processor.py:829} INFO - Processing file /home/airflow/.local/lib/python3.8/site-packages/airflow/example_dags/example_xcom.py for tasks to queue
[2024-10-02T01:37:14.475+0000] {logging_mixin.py:151} INFO - [2024-10-02T01:37:14.474+0000] {dagbag.py:539} INFO - Filling up the DagBag from /home/airflow/.local/lib/python3.8/site-packages/airflow/example_dags/example_xcom.py
[2024-10-02T01:37:14.497+0000] {processor.py:839} INFO - DAG(s) dict_keys(['example_xcom']) retrieved from /home/airflow/.local/lib/python3.8/site-packages/airflow/example_dags/example_xcom.py
[2024-10-02T01:37:14.542+0000] {logging_mixin.py:151} INFO - [2024-10-02T01:37:14.542+0000] {dag.py:2915} INFO - Sync 1 DAGs
[2024-10-02T01:37:14.575+0000] {logging_mixin.py:151} INFO - [2024-10-02T01:37:14.574+0000] {dag.py:3696} INFO - Setting next_dagrun for example_xcom to 2021-01-01T00:00:00+00:00, run_after=2021-01-01T00:00:00+00:00
[2024-10-02T01:37:14.603+0000] {processor.py:179} INFO - Processing /home/airflow/.local/lib/python3.8/site-packages/airflow/example_dags/example_xcom.py took 0.143 seconds
[2024-10-02T01:37:45.404+0000] {processor.py:157} INFO - Started process (PID=561) to work on /home/airflow/.local/lib/python3.8/site-packages/airflow/example_dags/example_xcom.py
[2024-10-02T01:37:45.407+0000] {processor.py:829} INFO - Processing file /home/airflow/.local/lib/python3.8/site-packages/airflow/example_dags/example_xcom.py for tasks to queue
[2024-10-02T01:37:45.413+0000] {logging_mixin.py:151} INFO - [2024-10-02T01:37:45.412+0000] {dagbag.py:539} INFO - Filling up the DagBag from /home/airflow/.local/lib/python3.8/site-packages/airflow/example_dags/example_xcom.py
[2024-10-02T01:37:45.429+0000] {processor.py:839} INFO - DAG(s) dict_keys(['example_xcom']) retrieved from /home/airflow/.local/lib/python3.8/site-packages/airflow/example_dags/example_xcom.py
[2024-10-02T01:37:45.476+0000] {logging_mixin.py:151} INFO - [2024-10-02T01:37:45.475+0000] {dag.py:2915} INFO - Sync 1 DAGs
[2024-10-02T01:37:45.514+0000] {logging_mixin.py:151} INFO - [2024-10-02T01:37:45.514+0000] {dag.py:3696} INFO - Setting next_dagrun for example_xcom to 2021-01-01T00:00:00+00:00, run_after=2021-01-01T00:00:00+00:00
[2024-10-02T01:37:45.551+0000] {processor.py:179} INFO - Processing /home/airflow/.local/lib/python3.8/site-packages/airflow/example_dags/example_xcom.py took 0.151 seconds
[2024-10-02T01:38:16.096+0000] {processor.py:157} INFO - Started process (PID=609) to work on /home/airflow/.local/lib/python3.8/site-packages/airflow/example_dags/example_xcom.py
[2024-10-02T01:38:16.100+0000] {processor.py:829} INFO - Processing file /home/airflow/.local/lib/python3.8/site-packages/airflow/example_dags/example_xcom.py for tasks to queue
[2024-10-02T01:38:16.105+0000] {logging_mixin.py:151} INFO - [2024-10-02T01:38:16.104+0000] {dagbag.py:539} INFO - Filling up the DagBag from /home/airflow/.local/lib/python3.8/site-packages/airflow/example_dags/example_xcom.py
[2024-10-02T01:38:16.124+0000] {processor.py:839} INFO - DAG(s) dict_keys(['example_xcom']) retrieved from /home/airflow/.local/lib/python3.8/site-packages/airflow/example_dags/example_xcom.py
[2024-10-02T01:38:16.170+0000] {logging_mixin.py:151} INFO - [2024-10-02T01:38:16.169+0000] {dag.py:2915} INFO - Sync 1 DAGs
[2024-10-02T01:38:16.207+0000] {logging_mixin.py:151} INFO - [2024-10-02T01:38:16.207+0000] {dag.py:3696} INFO - Setting next_dagrun for example_xcom to 2021-01-01T00:00:00+00:00, run_after=2021-01-01T00:00:00+00:00
[2024-10-02T01:38:16.243+0000] {processor.py:179} INFO - Processing /home/airflow/.local/lib/python3.8/site-packages/airflow/example_dags/example_xcom.py took 0.153 seconds
[2024-10-02T01:38:46.513+0000] {processor.py:157} INFO - Started process (PID=657) to work on /home/airflow/.local/lib/python3.8/site-packages/airflow/example_dags/example_xcom.py
[2024-10-02T01:38:46.517+0000] {processor.py:829} INFO - Processing file /home/airflow/.local/lib/python3.8/site-packages/airflow/example_dags/example_xcom.py for tasks to queue
[2024-10-02T01:38:46.521+0000] {logging_mixin.py:151} INFO - [2024-10-02T01:38:46.521+0000] {dagbag.py:539} INFO - Filling up the DagBag from /home/airflow/.local/lib/python3.8/site-packages/airflow/example_dags/example_xcom.py
[2024-10-02T01:38:46.537+0000] {processor.py:839} INFO - DAG(s) dict_keys(['example_xcom']) retrieved from /home/airflow/.local/lib/python3.8/site-packages/airflow/example_dags/example_xcom.py
[2024-10-02T01:38:46.597+0000] {logging_mixin.py:151} INFO - [2024-10-02T01:38:46.597+0000] {dag.py:2915} INFO - Sync 1 DAGs
[2024-10-02T01:38:46.639+0000] {logging_mixin.py:151} INFO - [2024-10-02T01:38:46.637+0000] {dag.py:3696} INFO - Setting next_dagrun for example_xcom to 2021-01-01T00:00:00+00:00, run_after=2021-01-01T00:00:00+00:00
[2024-10-02T01:38:46.690+0000] {processor.py:179} INFO - Processing /home/airflow/.local/lib/python3.8/site-packages/airflow/example_dags/example_xcom.py took 0.181 seconds
[2024-10-02T01:39:16.871+0000] {processor.py:157} INFO - Started process (PID=705) to work on /home/airflow/.local/lib/python3.8/site-packages/airflow/example_dags/example_xcom.py
[2024-10-02T01:39:16.875+0000] {processor.py:829} INFO - Processing file /home/airflow/.local/lib/python3.8/site-packages/airflow/example_dags/example_xcom.py for tasks to queue
[2024-10-02T01:39:16.885+0000] {logging_mixin.py:151} INFO - [2024-10-02T01:39:16.883+0000] {dagbag.py:539} INFO - Filling up the DagBag from /home/airflow/.local/lib/python3.8/site-packages/airflow/example_dags/example_xcom.py
[2024-10-02T01:39:16.902+0000] {processor.py:839} INFO - DAG(s) dict_keys(['example_xcom']) retrieved from /home/airflow/.local/lib/python3.8/site-packages/airflow/example_dags/example_xcom.py
[2024-10-02T01:39:16.941+0000] {logging_mixin.py:151} INFO - [2024-10-02T01:39:16.940+0000] {dag.py:2915} INFO - Sync 1 DAGs
[2024-10-02T01:39:16.980+0000] {logging_mixin.py:151} INFO - [2024-10-02T01:39:16.980+0000] {dag.py:3696} INFO - Setting next_dagrun for example_xcom to 2021-01-01T00:00:00+00:00, run_after=2021-01-01T00:00:00+00:00
[2024-10-02T01:39:17.020+0000] {processor.py:179} INFO - Processing /home/airflow/.local/lib/python3.8/site-packages/airflow/example_dags/example_xcom.py took 0.154 seconds
[2024-10-02T01:45:23.632+0000] {processor.py:157} INFO - Started process (PID=33) to work on /home/airflow/.local/lib/python3.8/site-packages/airflow/example_dags/example_xcom.py
[2024-10-02T01:45:23.647+0000] {processor.py:829} INFO - Processing file /home/airflow/.local/lib/python3.8/site-packages/airflow/example_dags/example_xcom.py for tasks to queue
[2024-10-02T01:45:23.654+0000] {logging_mixin.py:151} INFO - [2024-10-02T01:45:23.653+0000] {dagbag.py:539} INFO - Filling up the DagBag from /home/airflow/.local/lib/python3.8/site-packages/airflow/example_dags/example_xcom.py
[2024-10-02T01:45:23.702+0000] {processor.py:839} INFO - DAG(s) dict_keys(['example_xcom']) retrieved from /home/airflow/.local/lib/python3.8/site-packages/airflow/example_dags/example_xcom.py
[2024-10-02T01:45:24.178+0000] {logging_mixin.py:151} INFO - [2024-10-02T01:45:24.177+0000] {manager.py:499} INFO - Created Permission View: %s
[2024-10-02T01:45:24.294+0000] {logging_mixin.py:151} INFO - [2024-10-02T01:45:24.291+0000] {manager.py:499} INFO - Created Permission View: %s
[2024-10-02T01:45:24.335+0000] {logging_mixin.py:151} INFO - [2024-10-02T01:45:24.335+0000] {manager.py:499} INFO - Created Permission View: %s
[2024-10-02T01:45:24.339+0000] {logging_mixin.py:151} INFO - [2024-10-02T01:45:24.338+0000] {security.py:708} INFO - Not syncing DAG-level permissions for DAG 'DAG:example_xcom' as access control is unset.
[2024-10-02T01:45:24.344+0000] {logging_mixin.py:151} INFO - [2024-10-02T01:45:24.343+0000] {dag.py:2915} INFO - Sync 1 DAGs
[2024-10-02T01:45:24.390+0000] {logging_mixin.py:151} INFO - [2024-10-02T01:45:24.390+0000] {dag.py:2937} INFO - Creating ORM DAG for example_xcom
[2024-10-02T01:45:24.440+0000] {logging_mixin.py:151} INFO - [2024-10-02T01:45:24.439+0000] {dag.py:3696} INFO - Setting next_dagrun for example_xcom to 2021-01-01T00:00:00+00:00, run_after=2021-01-01T00:00:00+00:00
[2024-10-02T01:45:24.539+0000] {processor.py:179} INFO - Processing /home/airflow/.local/lib/python3.8/site-packages/airflow/example_dags/example_xcom.py took 0.936 seconds
[2024-10-02T01:45:54.814+0000] {processor.py:157} INFO - Started process (PID=82) to work on /home/airflow/.local/lib/python3.8/site-packages/airflow/example_dags/example_xcom.py
[2024-10-02T01:45:54.821+0000] {processor.py:829} INFO - Processing file /home/airflow/.local/lib/python3.8/site-packages/airflow/example_dags/example_xcom.py for tasks to queue
[2024-10-02T01:45:54.826+0000] {logging_mixin.py:151} INFO - [2024-10-02T01:45:54.825+0000] {dagbag.py:539} INFO - Filling up the DagBag from /home/airflow/.local/lib/python3.8/site-packages/airflow/example_dags/example_xcom.py
[2024-10-02T01:45:54.846+0000] {processor.py:839} INFO - DAG(s) dict_keys(['example_xcom']) retrieved from /home/airflow/.local/lib/python3.8/site-packages/airflow/example_dags/example_xcom.py
[2024-10-02T01:45:54.882+0000] {logging_mixin.py:151} INFO - [2024-10-02T01:45:54.882+0000] {dag.py:2915} INFO - Sync 1 DAGs
[2024-10-02T01:45:54.916+0000] {logging_mixin.py:151} INFO - [2024-10-02T01:45:54.916+0000] {dag.py:3696} INFO - Setting next_dagrun for example_xcom to 2021-01-01T00:00:00+00:00, run_after=2021-01-01T00:00:00+00:00
[2024-10-02T01:45:54.954+0000] {processor.py:179} INFO - Processing /home/airflow/.local/lib/python3.8/site-packages/airflow/example_dags/example_xcom.py took 0.149 seconds
[2024-10-02T01:46:54.155+0000] {processor.py:157} INFO - Started process (PID=33) to work on /home/airflow/.local/lib/python3.8/site-packages/airflow/example_dags/example_xcom.py
[2024-10-02T01:46:54.175+0000] {processor.py:829} INFO - Processing file /home/airflow/.local/lib/python3.8/site-packages/airflow/example_dags/example_xcom.py for tasks to queue
[2024-10-02T01:46:54.186+0000] {logging_mixin.py:151} INFO - [2024-10-02T01:46:54.184+0000] {dagbag.py:539} INFO - Filling up the DagBag from /home/airflow/.local/lib/python3.8/site-packages/airflow/example_dags/example_xcom.py
[2024-10-02T01:46:54.238+0000] {processor.py:839} INFO - DAG(s) dict_keys(['example_xcom']) retrieved from /home/airflow/.local/lib/python3.8/site-packages/airflow/example_dags/example_xcom.py
[2024-10-02T01:46:54.298+0000] {logging_mixin.py:151} INFO - [2024-10-02T01:46:54.297+0000] {dag.py:2915} INFO - Sync 1 DAGs
[2024-10-02T01:46:54.393+0000] {logging_mixin.py:151} INFO - [2024-10-02T01:46:54.392+0000] {dag.py:3696} INFO - Setting next_dagrun for example_xcom to 2021-01-01T00:00:00+00:00, run_after=2021-01-01T00:00:00+00:00
[2024-10-02T01:46:54.481+0000] {processor.py:179} INFO - Processing /home/airflow/.local/lib/python3.8/site-packages/airflow/example_dags/example_xcom.py took 0.330 seconds
[2024-10-02T01:47:25.182+0000] {processor.py:157} INFO - Started process (PID=81) to work on /home/airflow/.local/lib/python3.8/site-packages/airflow/example_dags/example_xcom.py
[2024-10-02T01:47:25.185+0000] {processor.py:829} INFO - Processing file /home/airflow/.local/lib/python3.8/site-packages/airflow/example_dags/example_xcom.py for tasks to queue
[2024-10-02T01:47:25.190+0000] {logging_mixin.py:151} INFO - [2024-10-02T01:47:25.190+0000] {dagbag.py:539} INFO - Filling up the DagBag from /home/airflow/.local/lib/python3.8/site-packages/airflow/example_dags/example_xcom.py
[2024-10-02T01:47:25.210+0000] {processor.py:839} INFO - DAG(s) dict_keys(['example_xcom']) retrieved from /home/airflow/.local/lib/python3.8/site-packages/airflow/example_dags/example_xcom.py
[2024-10-02T01:47:25.251+0000] {logging_mixin.py:151} INFO - [2024-10-02T01:47:25.251+0000] {dag.py:2915} INFO - Sync 1 DAGs
[2024-10-02T01:47:25.282+0000] {logging_mixin.py:151} INFO - [2024-10-02T01:47:25.282+0000] {dag.py:3696} INFO - Setting next_dagrun for example_xcom to 2021-01-01T00:00:00+00:00, run_after=2021-01-01T00:00:00+00:00
[2024-10-02T01:47:25.317+0000] {processor.py:179} INFO - Processing /home/airflow/.local/lib/python3.8/site-packages/airflow/example_dags/example_xcom.py took 0.140 seconds
[2024-10-02T01:48:22.242+0000] {processor.py:157} INFO - Started process (PID=33) to work on /home/airflow/.local/lib/python3.8/site-packages/airflow/example_dags/example_xcom.py
[2024-10-02T01:48:22.255+0000] {processor.py:829} INFO - Processing file /home/airflow/.local/lib/python3.8/site-packages/airflow/example_dags/example_xcom.py for tasks to queue
[2024-10-02T01:48:22.290+0000] {logging_mixin.py:151} INFO - [2024-10-02T01:48:22.264+0000] {dagbag.py:539} INFO - Filling up the DagBag from /home/airflow/.local/lib/python3.8/site-packages/airflow/example_dags/example_xcom.py
[2024-10-02T01:48:22.380+0000] {processor.py:839} INFO - DAG(s) dict_keys(['example_xcom']) retrieved from /home/airflow/.local/lib/python3.8/site-packages/airflow/example_dags/example_xcom.py
[2024-10-02T01:48:22.440+0000] {logging_mixin.py:151} INFO - [2024-10-02T01:48:22.428+0000] {dag.py:2915} INFO - Sync 1 DAGs
[2024-10-02T01:48:22.548+0000] {logging_mixin.py:151} INFO - [2024-10-02T01:48:22.547+0000] {dag.py:3696} INFO - Setting next_dagrun for example_xcom to 2021-01-01T00:00:00+00:00, run_after=2021-01-01T00:00:00+00:00
[2024-10-02T01:48:22.621+0000] {processor.py:179} INFO - Processing /home/airflow/.local/lib/python3.8/site-packages/airflow/example_dags/example_xcom.py took 0.392 seconds
[2024-10-02T01:48:52.827+0000] {processor.py:157} INFO - Started process (PID=81) to work on /home/airflow/.local/lib/python3.8/site-packages/airflow/example_dags/example_xcom.py
[2024-10-02T01:48:52.830+0000] {processor.py:829} INFO - Processing file /home/airflow/.local/lib/python3.8/site-packages/airflow/example_dags/example_xcom.py for tasks to queue
[2024-10-02T01:48:52.835+0000] {logging_mixin.py:151} INFO - [2024-10-02T01:48:52.834+0000] {dagbag.py:539} INFO - Filling up the DagBag from /home/airflow/.local/lib/python3.8/site-packages/airflow/example_dags/example_xcom.py
[2024-10-02T01:48:52.851+0000] {processor.py:839} INFO - DAG(s) dict_keys(['example_xcom']) retrieved from /home/airflow/.local/lib/python3.8/site-packages/airflow/example_dags/example_xcom.py
[2024-10-02T01:48:52.900+0000] {logging_mixin.py:151} INFO - [2024-10-02T01:48:52.900+0000] {dag.py:2915} INFO - Sync 1 DAGs
[2024-10-02T01:48:53.014+0000] {logging_mixin.py:151} INFO - [2024-10-02T01:48:53.013+0000] {dag.py:3696} INFO - Setting next_dagrun for example_xcom to 2021-01-01T00:00:00+00:00, run_after=2021-01-01T00:00:00+00:00
[2024-10-02T01:48:53.042+0000] {processor.py:179} INFO - Processing /home/airflow/.local/lib/python3.8/site-packages/airflow/example_dags/example_xcom.py took 0.220 seconds
[2024-10-02T01:49:23.102+0000] {processor.py:157} INFO - Started process (PID=129) to work on /home/airflow/.local/lib/python3.8/site-packages/airflow/example_dags/example_xcom.py
[2024-10-02T01:49:23.104+0000] {processor.py:829} INFO - Processing file /home/airflow/.local/lib/python3.8/site-packages/airflow/example_dags/example_xcom.py for tasks to queue
[2024-10-02T01:49:23.108+0000] {logging_mixin.py:151} INFO - [2024-10-02T01:49:23.108+0000] {dagbag.py:539} INFO - Filling up the DagBag from /home/airflow/.local/lib/python3.8/site-packages/airflow/example_dags/example_xcom.py
[2024-10-02T01:49:23.122+0000] {processor.py:839} INFO - DAG(s) dict_keys(['example_xcom']) retrieved from /home/airflow/.local/lib/python3.8/site-packages/airflow/example_dags/example_xcom.py
[2024-10-02T01:49:23.155+0000] {logging_mixin.py:151} INFO - [2024-10-02T01:49:23.155+0000] {dag.py:2915} INFO - Sync 1 DAGs
[2024-10-02T01:49:23.181+0000] {logging_mixin.py:151} INFO - [2024-10-02T01:49:23.181+0000] {dag.py:3696} INFO - Setting next_dagrun for example_xcom to 2021-01-01T00:00:00+00:00, run_after=2021-01-01T00:00:00+00:00
[2024-10-02T01:49:23.205+0000] {processor.py:179} INFO - Processing /home/airflow/.local/lib/python3.8/site-packages/airflow/example_dags/example_xcom.py took 0.108 seconds
[2024-10-02T01:49:54.299+0000] {processor.py:157} INFO - Started process (PID=177) to work on /home/airflow/.local/lib/python3.8/site-packages/airflow/example_dags/example_xcom.py
[2024-10-02T01:49:54.308+0000] {processor.py:829} INFO - Processing file /home/airflow/.local/lib/python3.8/site-packages/airflow/example_dags/example_xcom.py for tasks to queue
[2024-10-02T01:49:54.312+0000] {logging_mixin.py:151} INFO - [2024-10-02T01:49:54.312+0000] {dagbag.py:539} INFO - Filling up the DagBag from /home/airflow/.local/lib/python3.8/site-packages/airflow/example_dags/example_xcom.py
[2024-10-02T01:49:54.342+0000] {processor.py:839} INFO - DAG(s) dict_keys(['example_xcom']) retrieved from /home/airflow/.local/lib/python3.8/site-packages/airflow/example_dags/example_xcom.py
[2024-10-02T01:49:54.605+0000] {logging_mixin.py:151} INFO - [2024-10-02T01:49:54.603+0000] {dag.py:2915} INFO - Sync 1 DAGs
[2024-10-02T01:49:54.668+0000] {logging_mixin.py:151} INFO - [2024-10-02T01:49:54.668+0000] {dag.py:3696} INFO - Setting next_dagrun for example_xcom to 2021-01-01T00:00:00+00:00, run_after=2021-01-01T00:00:00+00:00
[2024-10-02T01:49:54.697+0000] {processor.py:179} INFO - Processing /home/airflow/.local/lib/python3.8/site-packages/airflow/example_dags/example_xcom.py took 0.405 seconds
[2024-10-02T01:50:24.780+0000] {processor.py:157} INFO - Started process (PID=225) to work on /home/airflow/.local/lib/python3.8/site-packages/airflow/example_dags/example_xcom.py
[2024-10-02T01:50:24.784+0000] {processor.py:829} INFO - Processing file /home/airflow/.local/lib/python3.8/site-packages/airflow/example_dags/example_xcom.py for tasks to queue
[2024-10-02T01:50:24.788+0000] {logging_mixin.py:151} INFO - [2024-10-02T01:50:24.787+0000] {dagbag.py:539} INFO - Filling up the DagBag from /home/airflow/.local/lib/python3.8/site-packages/airflow/example_dags/example_xcom.py
[2024-10-02T01:50:24.802+0000] {processor.py:839} INFO - DAG(s) dict_keys(['example_xcom']) retrieved from /home/airflow/.local/lib/python3.8/site-packages/airflow/example_dags/example_xcom.py
[2024-10-02T01:50:24.839+0000] {logging_mixin.py:151} INFO - [2024-10-02T01:50:24.839+0000] {dag.py:2915} INFO - Sync 1 DAGs
[2024-10-02T01:50:24.865+0000] {logging_mixin.py:151} INFO - [2024-10-02T01:50:24.864+0000] {dag.py:3696} INFO - Setting next_dagrun for example_xcom to 2021-01-01T00:00:00+00:00, run_after=2021-01-01T00:00:00+00:00
[2024-10-02T01:50:24.888+0000] {processor.py:179} INFO - Processing /home/airflow/.local/lib/python3.8/site-packages/airflow/example_dags/example_xcom.py took 0.112 seconds
[2024-10-02T01:50:55.054+0000] {processor.py:157} INFO - Started process (PID=273) to work on /home/airflow/.local/lib/python3.8/site-packages/airflow/example_dags/example_xcom.py
[2024-10-02T01:50:55.057+0000] {processor.py:829} INFO - Processing file /home/airflow/.local/lib/python3.8/site-packages/airflow/example_dags/example_xcom.py for tasks to queue
[2024-10-02T01:50:55.062+0000] {logging_mixin.py:151} INFO - [2024-10-02T01:50:55.061+0000] {dagbag.py:539} INFO - Filling up the DagBag from /home/airflow/.local/lib/python3.8/site-packages/airflow/example_dags/example_xcom.py
[2024-10-02T01:50:55.078+0000] {processor.py:839} INFO - DAG(s) dict_keys(['example_xcom']) retrieved from /home/airflow/.local/lib/python3.8/site-packages/airflow/example_dags/example_xcom.py
[2024-10-02T01:50:55.117+0000] {logging_mixin.py:151} INFO - [2024-10-02T01:50:55.117+0000] {dag.py:2915} INFO - Sync 1 DAGs
[2024-10-02T01:50:55.144+0000] {logging_mixin.py:151} INFO - [2024-10-02T01:50:55.143+0000] {dag.py:3696} INFO - Setting next_dagrun for example_xcom to 2021-01-01T00:00:00+00:00, run_after=2021-01-01T00:00:00+00:00
[2024-10-02T01:50:55.174+0000] {processor.py:179} INFO - Processing /home/airflow/.local/lib/python3.8/site-packages/airflow/example_dags/example_xcom.py took 0.124 seconds
[2024-10-02T01:51:25.544+0000] {processor.py:157} INFO - Started process (PID=321) to work on /home/airflow/.local/lib/python3.8/site-packages/airflow/example_dags/example_xcom.py
[2024-10-02T01:51:25.547+0000] {processor.py:829} INFO - Processing file /home/airflow/.local/lib/python3.8/site-packages/airflow/example_dags/example_xcom.py for tasks to queue
[2024-10-02T01:51:25.552+0000] {logging_mixin.py:151} INFO - [2024-10-02T01:51:25.552+0000] {dagbag.py:539} INFO - Filling up the DagBag from /home/airflow/.local/lib/python3.8/site-packages/airflow/example_dags/example_xcom.py
[2024-10-02T01:51:25.566+0000] {processor.py:839} INFO - DAG(s) dict_keys(['example_xcom']) retrieved from /home/airflow/.local/lib/python3.8/site-packages/airflow/example_dags/example_xcom.py
[2024-10-02T01:51:25.602+0000] {logging_mixin.py:151} INFO - [2024-10-02T01:51:25.601+0000] {dag.py:2915} INFO - Sync 1 DAGs
[2024-10-02T01:51:25.629+0000] {logging_mixin.py:151} INFO - [2024-10-02T01:51:25.628+0000] {dag.py:3696} INFO - Setting next_dagrun for example_xcom to 2021-01-01T00:00:00+00:00, run_after=2021-01-01T00:00:00+00:00
[2024-10-02T01:51:25.655+0000] {processor.py:179} INFO - Processing /home/airflow/.local/lib/python3.8/site-packages/airflow/example_dags/example_xcom.py took 0.115 seconds
[2024-10-02T01:51:55.806+0000] {processor.py:157} INFO - Started process (PID=369) to work on /home/airflow/.local/lib/python3.8/site-packages/airflow/example_dags/example_xcom.py
[2024-10-02T01:51:55.809+0000] {processor.py:829} INFO - Processing file /home/airflow/.local/lib/python3.8/site-packages/airflow/example_dags/example_xcom.py for tasks to queue
[2024-10-02T01:51:55.815+0000] {logging_mixin.py:151} INFO - [2024-10-02T01:51:55.814+0000] {dagbag.py:539} INFO - Filling up the DagBag from /home/airflow/.local/lib/python3.8/site-packages/airflow/example_dags/example_xcom.py
[2024-10-02T01:51:55.830+0000] {processor.py:839} INFO - DAG(s) dict_keys(['example_xcom']) retrieved from /home/airflow/.local/lib/python3.8/site-packages/airflow/example_dags/example_xcom.py
[2024-10-02T01:51:55.869+0000] {logging_mixin.py:151} INFO - [2024-10-02T01:51:55.868+0000] {dag.py:2915} INFO - Sync 1 DAGs
[2024-10-02T01:51:55.894+0000] {logging_mixin.py:151} INFO - [2024-10-02T01:51:55.894+0000] {dag.py:3696} INFO - Setting next_dagrun for example_xcom to 2021-01-01T00:00:00+00:00, run_after=2021-01-01T00:00:00+00:00
[2024-10-02T01:51:55.919+0000] {processor.py:179} INFO - Processing /home/airflow/.local/lib/python3.8/site-packages/airflow/example_dags/example_xcom.py took 0.117 seconds
[2024-10-02T01:52:26.794+0000] {processor.py:157} INFO - Started process (PID=417) to work on /home/airflow/.local/lib/python3.8/site-packages/airflow/example_dags/example_xcom.py
[2024-10-02T01:52:26.798+0000] {processor.py:829} INFO - Processing file /home/airflow/.local/lib/python3.8/site-packages/airflow/example_dags/example_xcom.py for tasks to queue
[2024-10-02T01:52:26.802+0000] {logging_mixin.py:151} INFO - [2024-10-02T01:52:26.801+0000] {dagbag.py:539} INFO - Filling up the DagBag from /home/airflow/.local/lib/python3.8/site-packages/airflow/example_dags/example_xcom.py
[2024-10-02T01:52:26.817+0000] {processor.py:839} INFO - DAG(s) dict_keys(['example_xcom']) retrieved from /home/airflow/.local/lib/python3.8/site-packages/airflow/example_dags/example_xcom.py
[2024-10-02T01:52:26.850+0000] {logging_mixin.py:151} INFO - [2024-10-02T01:52:26.850+0000] {dag.py:2915} INFO - Sync 1 DAGs
[2024-10-02T01:52:26.876+0000] {logging_mixin.py:151} INFO - [2024-10-02T01:52:26.876+0000] {dag.py:3696} INFO - Setting next_dagrun for example_xcom to 2021-01-01T00:00:00+00:00, run_after=2021-01-01T00:00:00+00:00
[2024-10-02T01:52:26.899+0000] {processor.py:179} INFO - Processing /home/airflow/.local/lib/python3.8/site-packages/airflow/example_dags/example_xcom.py took 0.109 seconds
[2024-10-02T01:52:57.035+0000] {processor.py:157} INFO - Started process (PID=465) to work on /home/airflow/.local/lib/python3.8/site-packages/airflow/example_dags/example_xcom.py
[2024-10-02T01:52:57.037+0000] {processor.py:829} INFO - Processing file /home/airflow/.local/lib/python3.8/site-packages/airflow/example_dags/example_xcom.py for tasks to queue
[2024-10-02T01:52:57.041+0000] {logging_mixin.py:151} INFO - [2024-10-02T01:52:57.040+0000] {dagbag.py:539} INFO - Filling up the DagBag from /home/airflow/.local/lib/python3.8/site-packages/airflow/example_dags/example_xcom.py
[2024-10-02T01:52:57.055+0000] {processor.py:839} INFO - DAG(s) dict_keys(['example_xcom']) retrieved from /home/airflow/.local/lib/python3.8/site-packages/airflow/example_dags/example_xcom.py
[2024-10-02T01:52:57.087+0000] {logging_mixin.py:151} INFO - [2024-10-02T01:52:57.086+0000] {dag.py:2915} INFO - Sync 1 DAGs
[2024-10-02T01:52:57.113+0000] {logging_mixin.py:151} INFO - [2024-10-02T01:52:57.113+0000] {dag.py:3696} INFO - Setting next_dagrun for example_xcom to 2021-01-01T00:00:00+00:00, run_after=2021-01-01T00:00:00+00:00
[2024-10-02T01:52:57.140+0000] {processor.py:179} INFO - Processing /home/airflow/.local/lib/python3.8/site-packages/airflow/example_dags/example_xcom.py took 0.110 seconds
[2024-10-02T01:53:27.659+0000] {processor.py:157} INFO - Started process (PID=513) to work on /home/airflow/.local/lib/python3.8/site-packages/airflow/example_dags/example_xcom.py
[2024-10-02T01:53:27.662+0000] {processor.py:829} INFO - Processing file /home/airflow/.local/lib/python3.8/site-packages/airflow/example_dags/example_xcom.py for tasks to queue
[2024-10-02T01:53:27.665+0000] {logging_mixin.py:151} INFO - [2024-10-02T01:53:27.664+0000] {dagbag.py:539} INFO - Filling up the DagBag from /home/airflow/.local/lib/python3.8/site-packages/airflow/example_dags/example_xcom.py
[2024-10-02T01:53:27.700+0000] {processor.py:839} INFO - DAG(s) dict_keys(['example_xcom']) retrieved from /home/airflow/.local/lib/python3.8/site-packages/airflow/example_dags/example_xcom.py
[2024-10-02T01:53:27.785+0000] {logging_mixin.py:151} INFO - [2024-10-02T01:53:27.784+0000] {dag.py:2915} INFO - Sync 1 DAGs
[2024-10-02T01:53:27.851+0000] {logging_mixin.py:151} INFO - [2024-10-02T01:53:27.851+0000] {dag.py:3696} INFO - Setting next_dagrun for example_xcom to 2021-01-01T00:00:00+00:00, run_after=2021-01-01T00:00:00+00:00
[2024-10-02T01:53:27.884+0000] {processor.py:179} INFO - Processing /home/airflow/.local/lib/python3.8/site-packages/airflow/example_dags/example_xcom.py took 0.229 seconds
[2024-10-02T01:53:58.107+0000] {processor.py:157} INFO - Started process (PID=561) to work on /home/airflow/.local/lib/python3.8/site-packages/airflow/example_dags/example_xcom.py
[2024-10-02T01:53:58.111+0000] {processor.py:829} INFO - Processing file /home/airflow/.local/lib/python3.8/site-packages/airflow/example_dags/example_xcom.py for tasks to queue
[2024-10-02T01:53:58.116+0000] {logging_mixin.py:151} INFO - [2024-10-02T01:53:58.116+0000] {dagbag.py:539} INFO - Filling up the DagBag from /home/airflow/.local/lib/python3.8/site-packages/airflow/example_dags/example_xcom.py
[2024-10-02T01:53:58.129+0000] {processor.py:839} INFO - DAG(s) dict_keys(['example_xcom']) retrieved from /home/airflow/.local/lib/python3.8/site-packages/airflow/example_dags/example_xcom.py
[2024-10-02T01:53:58.171+0000] {logging_mixin.py:151} INFO - [2024-10-02T01:53:58.171+0000] {dag.py:2915} INFO - Sync 1 DAGs
[2024-10-02T01:53:58.232+0000] {logging_mixin.py:151} INFO - [2024-10-02T01:53:58.231+0000] {dag.py:3696} INFO - Setting next_dagrun for example_xcom to 2021-01-01T00:00:00+00:00, run_after=2021-01-01T00:00:00+00:00
[2024-10-02T01:53:58.282+0000] {processor.py:179} INFO - Processing /home/airflow/.local/lib/python3.8/site-packages/airflow/example_dags/example_xcom.py took 0.179 seconds
[2024-10-02T01:57:15.802+0000] {processor.py:157} INFO - Started process (PID=594) to work on /home/airflow/.local/lib/python3.8/site-packages/airflow/example_dags/example_xcom.py
[2024-10-02T01:57:15.891+0000] {processor.py:829} INFO - Processing file /home/airflow/.local/lib/python3.8/site-packages/airflow/example_dags/example_xcom.py for tasks to queue
[2024-10-02T01:57:16.024+0000] {logging_mixin.py:151} INFO - [2024-10-02T01:57:15.983+0000] {dagbag.py:539} INFO - Filling up the DagBag from /home/airflow/.local/lib/python3.8/site-packages/airflow/example_dags/example_xcom.py
[2024-10-02T01:57:16.081+0000] {processor.py:839} INFO - DAG(s) dict_keys(['example_xcom']) retrieved from /home/airflow/.local/lib/python3.8/site-packages/airflow/example_dags/example_xcom.py
[2024-10-02T01:57:16.199+0000] {logging_mixin.py:151} INFO - [2024-10-02T01:57:16.195+0000] {dag.py:2915} INFO - Sync 1 DAGs
[2024-10-02T01:57:16.233+0000] {logging_mixin.py:151} INFO - [2024-10-02T01:57:16.232+0000] {dag.py:3696} INFO - Setting next_dagrun for example_xcom to 2021-01-01T00:00:00+00:00, run_after=2021-01-01T00:00:00+00:00
[2024-10-02T01:57:16.262+0000] {processor.py:179} INFO - Processing /home/airflow/.local/lib/python3.8/site-packages/airflow/example_dags/example_xcom.py took 0.674 seconds
[2024-10-02T01:57:46.402+0000] {processor.py:157} INFO - Started process (PID=642) to work on /home/airflow/.local/lib/python3.8/site-packages/airflow/example_dags/example_xcom.py
[2024-10-02T01:57:46.405+0000] {processor.py:829} INFO - Processing file /home/airflow/.local/lib/python3.8/site-packages/airflow/example_dags/example_xcom.py for tasks to queue
[2024-10-02T01:57:46.413+0000] {logging_mixin.py:151} INFO - [2024-10-02T01:57:46.412+0000] {dagbag.py:539} INFO - Filling up the DagBag from /home/airflow/.local/lib/python3.8/site-packages/airflow/example_dags/example_xcom.py
[2024-10-02T01:57:46.429+0000] {processor.py:839} INFO - DAG(s) dict_keys(['example_xcom']) retrieved from /home/airflow/.local/lib/python3.8/site-packages/airflow/example_dags/example_xcom.py
[2024-10-02T01:57:46.461+0000] {logging_mixin.py:151} INFO - [2024-10-02T01:57:46.461+0000] {dag.py:2915} INFO - Sync 1 DAGs
[2024-10-02T01:57:46.498+0000] {logging_mixin.py:151} INFO - [2024-10-02T01:57:46.498+0000] {dag.py:3696} INFO - Setting next_dagrun for example_xcom to 2021-01-01T00:00:00+00:00, run_after=2021-01-01T00:00:00+00:00
[2024-10-02T01:57:46.528+0000] {processor.py:179} INFO - Processing /home/airflow/.local/lib/python3.8/site-packages/airflow/example_dags/example_xcom.py took 0.131 seconds
[2024-10-02T01:58:17.136+0000] {processor.py:157} INFO - Started process (PID=690) to work on /home/airflow/.local/lib/python3.8/site-packages/airflow/example_dags/example_xcom.py
[2024-10-02T01:58:17.140+0000] {processor.py:829} INFO - Processing file /home/airflow/.local/lib/python3.8/site-packages/airflow/example_dags/example_xcom.py for tasks to queue
[2024-10-02T01:58:17.144+0000] {logging_mixin.py:151} INFO - [2024-10-02T01:58:17.143+0000] {dagbag.py:539} INFO - Filling up the DagBag from /home/airflow/.local/lib/python3.8/site-packages/airflow/example_dags/example_xcom.py
[2024-10-02T01:58:17.158+0000] {processor.py:839} INFO - DAG(s) dict_keys(['example_xcom']) retrieved from /home/airflow/.local/lib/python3.8/site-packages/airflow/example_dags/example_xcom.py
[2024-10-02T01:58:17.199+0000] {logging_mixin.py:151} INFO - [2024-10-02T01:58:17.198+0000] {dag.py:2915} INFO - Sync 1 DAGs
[2024-10-02T01:58:17.233+0000] {logging_mixin.py:151} INFO - [2024-10-02T01:58:17.233+0000] {dag.py:3696} INFO - Setting next_dagrun for example_xcom to 2021-01-01T00:00:00+00:00, run_after=2021-01-01T00:00:00+00:00
[2024-10-02T01:58:17.276+0000] {processor.py:179} INFO - Processing /home/airflow/.local/lib/python3.8/site-packages/airflow/example_dags/example_xcom.py took 0.145 seconds
[2024-10-02T01:58:48.185+0000] {processor.py:157} INFO - Started process (PID=738) to work on /home/airflow/.local/lib/python3.8/site-packages/airflow/example_dags/example_xcom.py
[2024-10-02T01:58:48.188+0000] {processor.py:829} INFO - Processing file /home/airflow/.local/lib/python3.8/site-packages/airflow/example_dags/example_xcom.py for tasks to queue
[2024-10-02T01:58:48.192+0000] {logging_mixin.py:151} INFO - [2024-10-02T01:58:48.191+0000] {dagbag.py:539} INFO - Filling up the DagBag from /home/airflow/.local/lib/python3.8/site-packages/airflow/example_dags/example_xcom.py
[2024-10-02T01:58:48.208+0000] {processor.py:839} INFO - DAG(s) dict_keys(['example_xcom']) retrieved from /home/airflow/.local/lib/python3.8/site-packages/airflow/example_dags/example_xcom.py
[2024-10-02T01:58:48.249+0000] {logging_mixin.py:151} INFO - [2024-10-02T01:58:48.249+0000] {dag.py:2915} INFO - Sync 1 DAGs
[2024-10-02T01:58:48.278+0000] {logging_mixin.py:151} INFO - [2024-10-02T01:58:48.278+0000] {dag.py:3696} INFO - Setting next_dagrun for example_xcom to 2021-01-01T00:00:00+00:00, run_after=2021-01-01T00:00:00+00:00
[2024-10-02T01:58:48.306+0000] {processor.py:179} INFO - Processing /home/airflow/.local/lib/python3.8/site-packages/airflow/example_dags/example_xcom.py took 0.125 seconds
[2024-10-02T01:59:19.013+0000] {processor.py:157} INFO - Started process (PID=786) to work on /home/airflow/.local/lib/python3.8/site-packages/airflow/example_dags/example_xcom.py
[2024-10-02T01:59:19.016+0000] {processor.py:829} INFO - Processing file /home/airflow/.local/lib/python3.8/site-packages/airflow/example_dags/example_xcom.py for tasks to queue
[2024-10-02T01:59:19.021+0000] {logging_mixin.py:151} INFO - [2024-10-02T01:59:19.021+0000] {dagbag.py:539} INFO - Filling up the DagBag from /home/airflow/.local/lib/python3.8/site-packages/airflow/example_dags/example_xcom.py
[2024-10-02T01:59:19.044+0000] {processor.py:839} INFO - DAG(s) dict_keys(['example_xcom']) retrieved from /home/airflow/.local/lib/python3.8/site-packages/airflow/example_dags/example_xcom.py
[2024-10-02T01:59:19.088+0000] {logging_mixin.py:151} INFO - [2024-10-02T01:59:19.088+0000] {dag.py:2915} INFO - Sync 1 DAGs
[2024-10-02T01:59:19.117+0000] {logging_mixin.py:151} INFO - [2024-10-02T01:59:19.117+0000] {dag.py:3696} INFO - Setting next_dagrun for example_xcom to 2021-01-01T00:00:00+00:00, run_after=2021-01-01T00:00:00+00:00
[2024-10-02T01:59:19.153+0000] {processor.py:179} INFO - Processing /home/airflow/.local/lib/python3.8/site-packages/airflow/example_dags/example_xcom.py took 0.148 seconds
[2024-10-02T01:59:49.925+0000] {processor.py:157} INFO - Started process (PID=834) to work on /home/airflow/.local/lib/python3.8/site-packages/airflow/example_dags/example_xcom.py
[2024-10-02T01:59:49.927+0000] {processor.py:829} INFO - Processing file /home/airflow/.local/lib/python3.8/site-packages/airflow/example_dags/example_xcom.py for tasks to queue
[2024-10-02T01:59:49.931+0000] {logging_mixin.py:151} INFO - [2024-10-02T01:59:49.931+0000] {dagbag.py:539} INFO - Filling up the DagBag from /home/airflow/.local/lib/python3.8/site-packages/airflow/example_dags/example_xcom.py
[2024-10-02T01:59:49.947+0000] {processor.py:839} INFO - DAG(s) dict_keys(['example_xcom']) retrieved from /home/airflow/.local/lib/python3.8/site-packages/airflow/example_dags/example_xcom.py
[2024-10-02T01:59:49.983+0000] {logging_mixin.py:151} INFO - [2024-10-02T01:59:49.983+0000] {dag.py:2915} INFO - Sync 1 DAGs
[2024-10-02T01:59:50.010+0000] {logging_mixin.py:151} INFO - [2024-10-02T01:59:50.009+0000] {dag.py:3696} INFO - Setting next_dagrun for example_xcom to 2021-01-01T00:00:00+00:00, run_after=2021-01-01T00:00:00+00:00
[2024-10-02T01:59:50.050+0000] {processor.py:179} INFO - Processing /home/airflow/.local/lib/python3.8/site-packages/airflow/example_dags/example_xcom.py took 0.130 seconds
[2024-10-02T02:00:20.567+0000] {processor.py:157} INFO - Started process (PID=882) to work on /home/airflow/.local/lib/python3.8/site-packages/airflow/example_dags/example_xcom.py
[2024-10-02T02:00:20.570+0000] {processor.py:829} INFO - Processing file /home/airflow/.local/lib/python3.8/site-packages/airflow/example_dags/example_xcom.py for tasks to queue
[2024-10-02T02:00:20.574+0000] {logging_mixin.py:151} INFO - [2024-10-02T02:00:20.574+0000] {dagbag.py:539} INFO - Filling up the DagBag from /home/airflow/.local/lib/python3.8/site-packages/airflow/example_dags/example_xcom.py
[2024-10-02T02:00:20.591+0000] {processor.py:839} INFO - DAG(s) dict_keys(['example_xcom']) retrieved from /home/airflow/.local/lib/python3.8/site-packages/airflow/example_dags/example_xcom.py
[2024-10-02T02:00:20.633+0000] {logging_mixin.py:151} INFO - [2024-10-02T02:00:20.632+0000] {dag.py:2915} INFO - Sync 1 DAGs
[2024-10-02T02:00:20.668+0000] {logging_mixin.py:151} INFO - [2024-10-02T02:00:20.667+0000] {dag.py:3696} INFO - Setting next_dagrun for example_xcom to 2021-01-01T00:00:00+00:00, run_after=2021-01-01T00:00:00+00:00
[2024-10-02T02:00:20.723+0000] {processor.py:179} INFO - Processing /home/airflow/.local/lib/python3.8/site-packages/airflow/example_dags/example_xcom.py took 0.159 seconds
[2024-10-02T02:00:51.115+0000] {processor.py:157} INFO - Started process (PID=930) to work on /home/airflow/.local/lib/python3.8/site-packages/airflow/example_dags/example_xcom.py
[2024-10-02T02:00:51.119+0000] {processor.py:829} INFO - Processing file /home/airflow/.local/lib/python3.8/site-packages/airflow/example_dags/example_xcom.py for tasks to queue
[2024-10-02T02:00:51.122+0000] {logging_mixin.py:151} INFO - [2024-10-02T02:00:51.122+0000] {dagbag.py:539} INFO - Filling up the DagBag from /home/airflow/.local/lib/python3.8/site-packages/airflow/example_dags/example_xcom.py
[2024-10-02T02:00:51.139+0000] {processor.py:839} INFO - DAG(s) dict_keys(['example_xcom']) retrieved from /home/airflow/.local/lib/python3.8/site-packages/airflow/example_dags/example_xcom.py
[2024-10-02T02:00:51.188+0000] {logging_mixin.py:151} INFO - [2024-10-02T02:00:51.188+0000] {dag.py:2915} INFO - Sync 1 DAGs
[2024-10-02T02:00:51.246+0000] {logging_mixin.py:151} INFO - [2024-10-02T02:00:51.240+0000] {dag.py:3696} INFO - Setting next_dagrun for example_xcom to 2021-01-01T00:00:00+00:00, run_after=2021-01-01T00:00:00+00:00
[2024-10-02T02:00:51.277+0000] {processor.py:179} INFO - Processing /home/airflow/.local/lib/python3.8/site-packages/airflow/example_dags/example_xcom.py took 0.166 seconds
[2024-10-02T02:01:21.804+0000] {processor.py:157} INFO - Started process (PID=978) to work on /home/airflow/.local/lib/python3.8/site-packages/airflow/example_dags/example_xcom.py
[2024-10-02T02:01:21.807+0000] {processor.py:829} INFO - Processing file /home/airflow/.local/lib/python3.8/site-packages/airflow/example_dags/example_xcom.py for tasks to queue
[2024-10-02T02:01:21.811+0000] {logging_mixin.py:151} INFO - [2024-10-02T02:01:21.810+0000] {dagbag.py:539} INFO - Filling up the DagBag from /home/airflow/.local/lib/python3.8/site-packages/airflow/example_dags/example_xcom.py
[2024-10-02T02:01:21.826+0000] {processor.py:839} INFO - DAG(s) dict_keys(['example_xcom']) retrieved from /home/airflow/.local/lib/python3.8/site-packages/airflow/example_dags/example_xcom.py
[2024-10-02T02:01:21.861+0000] {logging_mixin.py:151} INFO - [2024-10-02T02:01:21.860+0000] {dag.py:2915} INFO - Sync 1 DAGs
[2024-10-02T02:01:21.887+0000] {logging_mixin.py:151} INFO - [2024-10-02T02:01:21.886+0000] {dag.py:3696} INFO - Setting next_dagrun for example_xcom to 2021-01-01T00:00:00+00:00, run_after=2021-01-01T00:00:00+00:00
[2024-10-02T02:01:21.914+0000] {processor.py:179} INFO - Processing /home/airflow/.local/lib/python3.8/site-packages/airflow/example_dags/example_xcom.py took 0.115 seconds
[2024-10-02T02:03:11.454+0000] {processor.py:157} INFO - Started process (PID=33) to work on /home/airflow/.local/lib/python3.8/site-packages/airflow/example_dags/example_xcom.py
[2024-10-02T02:03:11.459+0000] {processor.py:829} INFO - Processing file /home/airflow/.local/lib/python3.8/site-packages/airflow/example_dags/example_xcom.py for tasks to queue
[2024-10-02T02:03:11.473+0000] {logging_mixin.py:151} INFO - [2024-10-02T02:03:11.471+0000] {dagbag.py:539} INFO - Filling up the DagBag from /home/airflow/.local/lib/python3.8/site-packages/airflow/example_dags/example_xcom.py
[2024-10-02T02:03:11.585+0000] {processor.py:839} INFO - DAG(s) dict_keys(['example_xcom']) retrieved from /home/airflow/.local/lib/python3.8/site-packages/airflow/example_dags/example_xcom.py
[2024-10-02T02:03:12.348+0000] {logging_mixin.py:151} INFO - [2024-10-02T02:03:12.348+0000] {manager.py:499} INFO - Created Permission View: %s
[2024-10-02T02:03:12.412+0000] {logging_mixin.py:151} INFO - [2024-10-02T02:03:12.411+0000] {manager.py:499} INFO - Created Permission View: %s
[2024-10-02T02:03:12.460+0000] {logging_mixin.py:151} INFO - [2024-10-02T02:03:12.459+0000] {manager.py:499} INFO - Created Permission View: %s
[2024-10-02T02:03:12.476+0000] {logging_mixin.py:151} INFO - [2024-10-02T02:03:12.475+0000] {security.py:708} INFO - Not syncing DAG-level permissions for DAG 'DAG:example_xcom' as access control is unset.
[2024-10-02T02:03:12.484+0000] {logging_mixin.py:151} INFO - [2024-10-02T02:03:12.484+0000] {dag.py:2915} INFO - Sync 1 DAGs
[2024-10-02T02:03:12.545+0000] {logging_mixin.py:151} INFO - [2024-10-02T02:03:12.541+0000] {dag.py:2937} INFO - Creating ORM DAG for example_xcom
[2024-10-02T02:03:12.573+0000] {logging_mixin.py:151} INFO - [2024-10-02T02:03:12.572+0000] {dag.py:3696} INFO - Setting next_dagrun for example_xcom to 2021-01-01T00:00:00+00:00, run_after=2021-01-01T00:00:00+00:00
[2024-10-02T02:03:12.643+0000] {processor.py:179} INFO - Processing /home/airflow/.local/lib/python3.8/site-packages/airflow/example_dags/example_xcom.py took 1.207 seconds
[2024-10-02T02:06:07.296+0000] {processor.py:157} INFO - Started process (PID=33) to work on /home/airflow/.local/lib/python3.8/site-packages/airflow/example_dags/example_xcom.py
[2024-10-02T02:06:07.340+0000] {processor.py:829} INFO - Processing file /home/airflow/.local/lib/python3.8/site-packages/airflow/example_dags/example_xcom.py for tasks to queue
[2024-10-02T02:06:07.390+0000] {logging_mixin.py:151} INFO - [2024-10-02T02:06:07.380+0000] {dagbag.py:539} INFO - Filling up the DagBag from /home/airflow/.local/lib/python3.8/site-packages/airflow/example_dags/example_xcom.py
[2024-10-02T02:06:07.552+0000] {processor.py:839} INFO - DAG(s) dict_keys(['example_xcom']) retrieved from /home/airflow/.local/lib/python3.8/site-packages/airflow/example_dags/example_xcom.py
[2024-10-02T02:06:08.262+0000] {logging_mixin.py:151} INFO - [2024-10-02T02:06:08.262+0000] {manager.py:499} INFO - Created Permission View: %s
[2024-10-02T02:06:08.395+0000] {logging_mixin.py:151} INFO - [2024-10-02T02:06:08.395+0000] {manager.py:499} INFO - Created Permission View: %s
[2024-10-02T02:06:08.431+0000] {logging_mixin.py:151} INFO - [2024-10-02T02:06:08.431+0000] {manager.py:499} INFO - Created Permission View: %s
[2024-10-02T02:06:08.442+0000] {logging_mixin.py:151} INFO - [2024-10-02T02:06:08.442+0000] {security.py:708} INFO - Not syncing DAG-level permissions for DAG 'DAG:example_xcom' as access control is unset.
[2024-10-02T02:06:08.445+0000] {logging_mixin.py:151} INFO - [2024-10-02T02:06:08.444+0000] {dag.py:2915} INFO - Sync 1 DAGs
[2024-10-02T02:06:08.494+0000] {logging_mixin.py:151} INFO - [2024-10-02T02:06:08.494+0000] {dag.py:2937} INFO - Creating ORM DAG for example_xcom
[2024-10-02T02:06:08.607+0000] {logging_mixin.py:151} INFO - [2024-10-02T02:06:08.606+0000] {dag.py:3696} INFO - Setting next_dagrun for example_xcom to 2021-01-01T00:00:00+00:00, run_after=2021-01-01T00:00:00+00:00
[2024-10-02T02:06:08.774+0000] {processor.py:179} INFO - Processing /home/airflow/.local/lib/python3.8/site-packages/airflow/example_dags/example_xcom.py took 1.504 seconds
[2024-10-02T02:06:39.485+0000] {processor.py:157} INFO - Started process (PID=81) to work on /home/airflow/.local/lib/python3.8/site-packages/airflow/example_dags/example_xcom.py
[2024-10-02T02:06:39.489+0000] {processor.py:829} INFO - Processing file /home/airflow/.local/lib/python3.8/site-packages/airflow/example_dags/example_xcom.py for tasks to queue
[2024-10-02T02:06:39.494+0000] {logging_mixin.py:151} INFO - [2024-10-02T02:06:39.493+0000] {dagbag.py:539} INFO - Filling up the DagBag from /home/airflow/.local/lib/python3.8/site-packages/airflow/example_dags/example_xcom.py
[2024-10-02T02:06:39.511+0000] {processor.py:839} INFO - DAG(s) dict_keys(['example_xcom']) retrieved from /home/airflow/.local/lib/python3.8/site-packages/airflow/example_dags/example_xcom.py
[2024-10-02T02:06:39.578+0000] {logging_mixin.py:151} INFO - [2024-10-02T02:06:39.577+0000] {dag.py:2915} INFO - Sync 1 DAGs
[2024-10-02T02:06:39.615+0000] {logging_mixin.py:151} INFO - [2024-10-02T02:06:39.615+0000] {dag.py:3696} INFO - Setting next_dagrun for example_xcom to 2021-01-01T00:00:00+00:00, run_after=2021-01-01T00:00:00+00:00
[2024-10-02T02:06:39.649+0000] {processor.py:179} INFO - Processing /home/airflow/.local/lib/python3.8/site-packages/airflow/example_dags/example_xcom.py took 0.169 seconds
[2024-10-02T02:07:09.817+0000] {processor.py:157} INFO - Started process (PID=129) to work on /home/airflow/.local/lib/python3.8/site-packages/airflow/example_dags/example_xcom.py
[2024-10-02T02:07:09.820+0000] {processor.py:829} INFO - Processing file /home/airflow/.local/lib/python3.8/site-packages/airflow/example_dags/example_xcom.py for tasks to queue
[2024-10-02T02:07:09.826+0000] {logging_mixin.py:151} INFO - [2024-10-02T02:07:09.826+0000] {dagbag.py:539} INFO - Filling up the DagBag from /home/airflow/.local/lib/python3.8/site-packages/airflow/example_dags/example_xcom.py
[2024-10-02T02:07:09.840+0000] {processor.py:839} INFO - DAG(s) dict_keys(['example_xcom']) retrieved from /home/airflow/.local/lib/python3.8/site-packages/airflow/example_dags/example_xcom.py
[2024-10-02T02:07:09.999+0000] {logging_mixin.py:151} INFO - [2024-10-02T02:07:09.911+0000] {dag.py:2915} INFO - Sync 1 DAGs
[2024-10-02T02:07:10.048+0000] {logging_mixin.py:151} INFO - [2024-10-02T02:07:10.048+0000] {dag.py:3696} INFO - Setting next_dagrun for example_xcom to 2021-01-01T00:00:00+00:00, run_after=2021-01-01T00:00:00+00:00
[2024-10-02T02:07:10.096+0000] {processor.py:179} INFO - Processing /home/airflow/.local/lib/python3.8/site-packages/airflow/example_dags/example_xcom.py took 0.285 seconds
[2024-10-02T02:07:40.258+0000] {processor.py:157} INFO - Started process (PID=177) to work on /home/airflow/.local/lib/python3.8/site-packages/airflow/example_dags/example_xcom.py
[2024-10-02T02:07:40.263+0000] {processor.py:829} INFO - Processing file /home/airflow/.local/lib/python3.8/site-packages/airflow/example_dags/example_xcom.py for tasks to queue
[2024-10-02T02:07:40.269+0000] {logging_mixin.py:151} INFO - [2024-10-02T02:07:40.268+0000] {dagbag.py:539} INFO - Filling up the DagBag from /home/airflow/.local/lib/python3.8/site-packages/airflow/example_dags/example_xcom.py
[2024-10-02T02:07:40.285+0000] {processor.py:839} INFO - DAG(s) dict_keys(['example_xcom']) retrieved from /home/airflow/.local/lib/python3.8/site-packages/airflow/example_dags/example_xcom.py
[2024-10-02T02:07:40.341+0000] {logging_mixin.py:151} INFO - [2024-10-02T02:07:40.341+0000] {dag.py:2915} INFO - Sync 1 DAGs
[2024-10-02T02:07:40.399+0000] {logging_mixin.py:151} INFO - [2024-10-02T02:07:40.398+0000] {dag.py:3696} INFO - Setting next_dagrun for example_xcom to 2021-01-01T00:00:00+00:00, run_after=2021-01-01T00:00:00+00:00
[2024-10-02T02:07:40.451+0000] {processor.py:179} INFO - Processing /home/airflow/.local/lib/python3.8/site-packages/airflow/example_dags/example_xcom.py took 0.197 seconds
[2024-10-02T02:08:10.523+0000] {processor.py:157} INFO - Started process (PID=225) to work on /home/airflow/.local/lib/python3.8/site-packages/airflow/example_dags/example_xcom.py
[2024-10-02T02:08:10.526+0000] {processor.py:829} INFO - Processing file /home/airflow/.local/lib/python3.8/site-packages/airflow/example_dags/example_xcom.py for tasks to queue
[2024-10-02T02:08:10.534+0000] {logging_mixin.py:151} INFO - [2024-10-02T02:08:10.533+0000] {dagbag.py:539} INFO - Filling up the DagBag from /home/airflow/.local/lib/python3.8/site-packages/airflow/example_dags/example_xcom.py
[2024-10-02T02:08:10.556+0000] {processor.py:839} INFO - DAG(s) dict_keys(['example_xcom']) retrieved from /home/airflow/.local/lib/python3.8/site-packages/airflow/example_dags/example_xcom.py
[2024-10-02T02:08:10.667+0000] {logging_mixin.py:151} INFO - [2024-10-02T02:08:10.666+0000] {dag.py:2915} INFO - Sync 1 DAGs
[2024-10-02T02:08:10.705+0000] {logging_mixin.py:151} INFO - [2024-10-02T02:08:10.705+0000] {dag.py:3696} INFO - Setting next_dagrun for example_xcom to 2021-01-01T00:00:00+00:00, run_after=2021-01-01T00:00:00+00:00
[2024-10-02T02:08:10.733+0000] {processor.py:179} INFO - Processing /home/airflow/.local/lib/python3.8/site-packages/airflow/example_dags/example_xcom.py took 0.217 seconds
[2024-10-02T02:08:41.642+0000] {processor.py:157} INFO - Started process (PID=273) to work on /home/airflow/.local/lib/python3.8/site-packages/airflow/example_dags/example_xcom.py
[2024-10-02T02:08:41.644+0000] {processor.py:829} INFO - Processing file /home/airflow/.local/lib/python3.8/site-packages/airflow/example_dags/example_xcom.py for tasks to queue
[2024-10-02T02:08:41.649+0000] {logging_mixin.py:151} INFO - [2024-10-02T02:08:41.648+0000] {dagbag.py:539} INFO - Filling up the DagBag from /home/airflow/.local/lib/python3.8/site-packages/airflow/example_dags/example_xcom.py
[2024-10-02T02:08:41.665+0000] {processor.py:839} INFO - DAG(s) dict_keys(['example_xcom']) retrieved from /home/airflow/.local/lib/python3.8/site-packages/airflow/example_dags/example_xcom.py
[2024-10-02T02:08:41.705+0000] {logging_mixin.py:151} INFO - [2024-10-02T02:08:41.705+0000] {dag.py:2915} INFO - Sync 1 DAGs
[2024-10-02T02:08:41.747+0000] {logging_mixin.py:151} INFO - [2024-10-02T02:08:41.747+0000] {dag.py:3696} INFO - Setting next_dagrun for example_xcom to 2021-01-01T00:00:00+00:00, run_after=2021-01-01T00:00:00+00:00
[2024-10-02T02:08:42.537+0000] {processor.py:179} INFO - Processing /home/airflow/.local/lib/python3.8/site-packages/airflow/example_dags/example_xcom.py took 0.897 seconds
[2024-10-02T02:09:13.403+0000] {processor.py:157} INFO - Started process (PID=321) to work on /home/airflow/.local/lib/python3.8/site-packages/airflow/example_dags/example_xcom.py
[2024-10-02T02:09:13.406+0000] {processor.py:829} INFO - Processing file /home/airflow/.local/lib/python3.8/site-packages/airflow/example_dags/example_xcom.py for tasks to queue
[2024-10-02T02:09:13.411+0000] {logging_mixin.py:151} INFO - [2024-10-02T02:09:13.411+0000] {dagbag.py:539} INFO - Filling up the DagBag from /home/airflow/.local/lib/python3.8/site-packages/airflow/example_dags/example_xcom.py
[2024-10-02T02:09:13.428+0000] {processor.py:839} INFO - DAG(s) dict_keys(['example_xcom']) retrieved from /home/airflow/.local/lib/python3.8/site-packages/airflow/example_dags/example_xcom.py
[2024-10-02T02:09:13.469+0000] {logging_mixin.py:151} INFO - [2024-10-02T02:09:13.469+0000] {dag.py:2915} INFO - Sync 1 DAGs
[2024-10-02T02:09:13.499+0000] {logging_mixin.py:151} INFO - [2024-10-02T02:09:13.499+0000] {dag.py:3696} INFO - Setting next_dagrun for example_xcom to 2021-01-01T00:00:00+00:00, run_after=2021-01-01T00:00:00+00:00
[2024-10-02T02:09:13.538+0000] {processor.py:179} INFO - Processing /home/airflow/.local/lib/python3.8/site-packages/airflow/example_dags/example_xcom.py took 0.140 seconds
[2024-10-02T02:09:44.372+0000] {processor.py:157} INFO - Started process (PID=369) to work on /home/airflow/.local/lib/python3.8/site-packages/airflow/example_dags/example_xcom.py
[2024-10-02T02:09:44.377+0000] {processor.py:829} INFO - Processing file /home/airflow/.local/lib/python3.8/site-packages/airflow/example_dags/example_xcom.py for tasks to queue
[2024-10-02T02:09:44.382+0000] {logging_mixin.py:151} INFO - [2024-10-02T02:09:44.382+0000] {dagbag.py:539} INFO - Filling up the DagBag from /home/airflow/.local/lib/python3.8/site-packages/airflow/example_dags/example_xcom.py
[2024-10-02T02:09:44.401+0000] {processor.py:839} INFO - DAG(s) dict_keys(['example_xcom']) retrieved from /home/airflow/.local/lib/python3.8/site-packages/airflow/example_dags/example_xcom.py
[2024-10-02T02:09:44.439+0000] {logging_mixin.py:151} INFO - [2024-10-02T02:09:44.438+0000] {dag.py:2915} INFO - Sync 1 DAGs
[2024-10-02T02:09:44.473+0000] {logging_mixin.py:151} INFO - [2024-10-02T02:09:44.472+0000] {dag.py:3696} INFO - Setting next_dagrun for example_xcom to 2021-01-01T00:00:00+00:00, run_after=2021-01-01T00:00:00+00:00
[2024-10-02T02:09:44.498+0000] {processor.py:179} INFO - Processing /home/airflow/.local/lib/python3.8/site-packages/airflow/example_dags/example_xcom.py took 0.131 seconds
[2024-10-02T02:10:15.213+0000] {processor.py:157} INFO - Started process (PID=417) to work on /home/airflow/.local/lib/python3.8/site-packages/airflow/example_dags/example_xcom.py
[2024-10-02T02:10:15.216+0000] {processor.py:829} INFO - Processing file /home/airflow/.local/lib/python3.8/site-packages/airflow/example_dags/example_xcom.py for tasks to queue
[2024-10-02T02:10:15.222+0000] {logging_mixin.py:151} INFO - [2024-10-02T02:10:15.221+0000] {dagbag.py:539} INFO - Filling up the DagBag from /home/airflow/.local/lib/python3.8/site-packages/airflow/example_dags/example_xcom.py
[2024-10-02T02:10:15.243+0000] {processor.py:839} INFO - DAG(s) dict_keys(['example_xcom']) retrieved from /home/airflow/.local/lib/python3.8/site-packages/airflow/example_dags/example_xcom.py
[2024-10-02T02:10:15.285+0000] {logging_mixin.py:151} INFO - [2024-10-02T02:10:15.284+0000] {dag.py:2915} INFO - Sync 1 DAGs
[2024-10-02T02:10:15.315+0000] {logging_mixin.py:151} INFO - [2024-10-02T02:10:15.315+0000] {dag.py:3696} INFO - Setting next_dagrun for example_xcom to 2021-01-01T00:00:00+00:00, run_after=2021-01-01T00:00:00+00:00
[2024-10-02T02:10:15.341+0000] {processor.py:179} INFO - Processing /home/airflow/.local/lib/python3.8/site-packages/airflow/example_dags/example_xcom.py took 0.137 seconds
