[2024-10-02 01:23:30,398] {scheduler_job.py:182} INFO - Started process (PID=34) to work on /home/airflow/.local/lib/python3.6/site-packages/airflow/example_dags/example_latest_only_with_trigger.py
[2024-10-02 01:23:30,399] {scheduler_job.py:629} INFO - Processing file /home/airflow/.local/lib/python3.6/site-packages/airflow/example_dags/example_latest_only_with_trigger.py for tasks to queue
[2024-10-02 01:23:30,400] {logging_mixin.py:104} INFO - [2024-10-02 01:23:30,400] {dagbag.py:451} INFO - Filling up the DagBag from /home/airflow/.local/lib/python3.6/site-packages/airflow/example_dags/example_latest_only_with_trigger.py
[2024-10-02 01:23:30,413] {scheduler_job.py:639} INFO - DAG(s) dict_keys(['latest_only_with_trigger']) retrieved from /home/airflow/.local/lib/python3.6/site-packages/airflow/example_dags/example_latest_only_with_trigger.py
[2024-10-02 01:23:30,464] {logging_mixin.py:104} INFO - [2024-10-02 01:23:30,464] {dag.py:1824} INFO - Sync 1 DAGs
[2024-10-02 01:23:30,600] {logging_mixin.py:104} INFO - [2024-10-02 01:23:30,599] {dag.py:1843} INFO - Creating ORM DAG for latest_only_with_trigger
[2024-10-02 01:23:30,612] {logging_mixin.py:104} INFO - [2024-10-02 01:23:30,612] {dag.py:2280} INFO - Setting next_dagrun for latest_only_with_trigger to 2024-09-30 00:00:00+00:00
[2024-10-02 01:23:30,639] {scheduler_job.py:190} INFO - Processing /home/airflow/.local/lib/python3.6/site-packages/airflow/example_dags/example_latest_only_with_trigger.py took 0.245 seconds
[2024-10-02 01:24:01,292] {scheduler_job.py:182} INFO - Started process (PID=61) to work on /home/airflow/.local/lib/python3.6/site-packages/airflow/example_dags/example_latest_only_with_trigger.py
[2024-10-02 01:24:01,294] {scheduler_job.py:629} INFO - Processing file /home/airflow/.local/lib/python3.6/site-packages/airflow/example_dags/example_latest_only_with_trigger.py for tasks to queue
[2024-10-02 01:24:01,298] {logging_mixin.py:104} INFO - [2024-10-02 01:24:01,297] {dagbag.py:451} INFO - Filling up the DagBag from /home/airflow/.local/lib/python3.6/site-packages/airflow/example_dags/example_latest_only_with_trigger.py
[2024-10-02 01:24:01,311] {scheduler_job.py:639} INFO - DAG(s) dict_keys(['latest_only_with_trigger']) retrieved from /home/airflow/.local/lib/python3.6/site-packages/airflow/example_dags/example_latest_only_with_trigger.py
[2024-10-02 01:24:01,346] {logging_mixin.py:104} INFO - [2024-10-02 01:24:01,346] {dag.py:1824} INFO - Sync 1 DAGs
[2024-10-02 01:24:01,373] {logging_mixin.py:104} INFO - [2024-10-02 01:24:01,373] {dag.py:2280} INFO - Setting next_dagrun for latest_only_with_trigger to 2024-09-30 00:00:00+00:00
[2024-10-02 01:24:01,390] {scheduler_job.py:190} INFO - Processing /home/airflow/.local/lib/python3.6/site-packages/airflow/example_dags/example_latest_only_with_trigger.py took 0.102 seconds
[2024-10-02 01:24:32,068] {scheduler_job.py:182} INFO - Started process (PID=90) to work on /home/airflow/.local/lib/python3.6/site-packages/airflow/example_dags/example_latest_only_with_trigger.py
[2024-10-02 01:24:32,071] {scheduler_job.py:629} INFO - Processing file /home/airflow/.local/lib/python3.6/site-packages/airflow/example_dags/example_latest_only_with_trigger.py for tasks to queue
[2024-10-02 01:24:32,072] {logging_mixin.py:104} INFO - [2024-10-02 01:24:32,072] {dagbag.py:451} INFO - Filling up the DagBag from /home/airflow/.local/lib/python3.6/site-packages/airflow/example_dags/example_latest_only_with_trigger.py
[2024-10-02 01:24:32,083] {scheduler_job.py:639} INFO - DAG(s) dict_keys(['latest_only_with_trigger']) retrieved from /home/airflow/.local/lib/python3.6/site-packages/airflow/example_dags/example_latest_only_with_trigger.py
[2024-10-02 01:24:32,125] {logging_mixin.py:104} INFO - [2024-10-02 01:24:32,125] {dag.py:1824} INFO - Sync 1 DAGs
[2024-10-02 01:24:32,150] {logging_mixin.py:104} INFO - [2024-10-02 01:24:32,149] {dag.py:2280} INFO - Setting next_dagrun for latest_only_with_trigger to 2024-09-30 00:00:00+00:00
[2024-10-02 01:24:32,166] {scheduler_job.py:190} INFO - Processing /home/airflow/.local/lib/python3.6/site-packages/airflow/example_dags/example_latest_only_with_trigger.py took 0.102 seconds
[2024-10-02 01:25:03,173] {scheduler_job.py:182} INFO - Started process (PID=118) to work on /home/airflow/.local/lib/python3.6/site-packages/airflow/example_dags/example_latest_only_with_trigger.py
[2024-10-02 01:25:03,177] {scheduler_job.py:629} INFO - Processing file /home/airflow/.local/lib/python3.6/site-packages/airflow/example_dags/example_latest_only_with_trigger.py for tasks to queue
[2024-10-02 01:25:03,180] {logging_mixin.py:104} INFO - [2024-10-02 01:25:03,180] {dagbag.py:451} INFO - Filling up the DagBag from /home/airflow/.local/lib/python3.6/site-packages/airflow/example_dags/example_latest_only_with_trigger.py
[2024-10-02 01:25:03,203] {scheduler_job.py:639} INFO - DAG(s) dict_keys(['latest_only_with_trigger']) retrieved from /home/airflow/.local/lib/python3.6/site-packages/airflow/example_dags/example_latest_only_with_trigger.py
[2024-10-02 01:25:03,255] {logging_mixin.py:104} INFO - [2024-10-02 01:25:03,255] {dag.py:1824} INFO - Sync 1 DAGs
[2024-10-02 01:25:03,273] {logging_mixin.py:104} INFO - [2024-10-02 01:25:03,272] {dag.py:2280} INFO - Setting next_dagrun for latest_only_with_trigger to 2024-09-30 00:00:00+00:00
[2024-10-02 01:25:03,285] {scheduler_job.py:190} INFO - Processing /home/airflow/.local/lib/python3.6/site-packages/airflow/example_dags/example_latest_only_with_trigger.py took 0.116 seconds
[2024-10-02 01:25:33,776] {scheduler_job.py:182} INFO - Started process (PID=144) to work on /home/airflow/.local/lib/python3.6/site-packages/airflow/example_dags/example_latest_only_with_trigger.py
[2024-10-02 01:25:33,777] {scheduler_job.py:629} INFO - Processing file /home/airflow/.local/lib/python3.6/site-packages/airflow/example_dags/example_latest_only_with_trigger.py for tasks to queue
[2024-10-02 01:25:33,778] {logging_mixin.py:104} INFO - [2024-10-02 01:25:33,778] {dagbag.py:451} INFO - Filling up the DagBag from /home/airflow/.local/lib/python3.6/site-packages/airflow/example_dags/example_latest_only_with_trigger.py
[2024-10-02 01:25:33,790] {scheduler_job.py:639} INFO - DAG(s) dict_keys(['latest_only_with_trigger']) retrieved from /home/airflow/.local/lib/python3.6/site-packages/airflow/example_dags/example_latest_only_with_trigger.py
[2024-10-02 01:25:33,820] {logging_mixin.py:104} INFO - [2024-10-02 01:25:33,820] {dag.py:1824} INFO - Sync 1 DAGs
[2024-10-02 01:25:33,837] {logging_mixin.py:104} INFO - [2024-10-02 01:25:33,837] {dag.py:2280} INFO - Setting next_dagrun for latest_only_with_trigger to 2024-09-30 00:00:00+00:00
[2024-10-02 01:25:33,846] {scheduler_job.py:190} INFO - Processing /home/airflow/.local/lib/python3.6/site-packages/airflow/example_dags/example_latest_only_with_trigger.py took 0.073 seconds
[2024-10-02 01:26:04,733] {scheduler_job.py:182} INFO - Started process (PID=172) to work on /home/airflow/.local/lib/python3.6/site-packages/airflow/example_dags/example_latest_only_with_trigger.py
[2024-10-02 01:26:04,735] {scheduler_job.py:629} INFO - Processing file /home/airflow/.local/lib/python3.6/site-packages/airflow/example_dags/example_latest_only_with_trigger.py for tasks to queue
[2024-10-02 01:26:04,737] {logging_mixin.py:104} INFO - [2024-10-02 01:26:04,737] {dagbag.py:451} INFO - Filling up the DagBag from /home/airflow/.local/lib/python3.6/site-packages/airflow/example_dags/example_latest_only_with_trigger.py
[2024-10-02 01:26:04,755] {scheduler_job.py:639} INFO - DAG(s) dict_keys(['latest_only_with_trigger']) retrieved from /home/airflow/.local/lib/python3.6/site-packages/airflow/example_dags/example_latest_only_with_trigger.py
[2024-10-02 01:26:04,788] {logging_mixin.py:104} INFO - [2024-10-02 01:26:04,788] {dag.py:1824} INFO - Sync 1 DAGs
[2024-10-02 01:26:04,817] {logging_mixin.py:104} INFO - [2024-10-02 01:26:04,817] {dag.py:2280} INFO - Setting next_dagrun for latest_only_with_trigger to 2024-09-30 00:00:00+00:00
[2024-10-02 01:26:04,836] {scheduler_job.py:190} INFO - Processing /home/airflow/.local/lib/python3.6/site-packages/airflow/example_dags/example_latest_only_with_trigger.py took 0.108 seconds
[2024-10-02 01:26:35,188] {scheduler_job.py:182} INFO - Started process (PID=199) to work on /home/airflow/.local/lib/python3.6/site-packages/airflow/example_dags/example_latest_only_with_trigger.py
[2024-10-02 01:26:35,190] {scheduler_job.py:629} INFO - Processing file /home/airflow/.local/lib/python3.6/site-packages/airflow/example_dags/example_latest_only_with_trigger.py for tasks to queue
[2024-10-02 01:26:35,192] {logging_mixin.py:104} INFO - [2024-10-02 01:26:35,191] {dagbag.py:451} INFO - Filling up the DagBag from /home/airflow/.local/lib/python3.6/site-packages/airflow/example_dags/example_latest_only_with_trigger.py
[2024-10-02 01:26:35,206] {scheduler_job.py:639} INFO - DAG(s) dict_keys(['latest_only_with_trigger']) retrieved from /home/airflow/.local/lib/python3.6/site-packages/airflow/example_dags/example_latest_only_with_trigger.py
[2024-10-02 01:26:35,229] {logging_mixin.py:104} INFO - [2024-10-02 01:26:35,229] {dag.py:1824} INFO - Sync 1 DAGs
[2024-10-02 01:26:35,242] {logging_mixin.py:104} INFO - [2024-10-02 01:26:35,242] {dag.py:2280} INFO - Setting next_dagrun for latest_only_with_trigger to 2024-09-30 00:00:00+00:00
[2024-10-02 01:26:35,252] {scheduler_job.py:190} INFO - Processing /home/airflow/.local/lib/python3.6/site-packages/airflow/example_dags/example_latest_only_with_trigger.py took 0.068 seconds
[2024-10-02 01:27:05,903] {scheduler_job.py:182} INFO - Started process (PID=226) to work on /home/airflow/.local/lib/python3.6/site-packages/airflow/example_dags/example_latest_only_with_trigger.py
[2024-10-02 01:27:05,905] {scheduler_job.py:629} INFO - Processing file /home/airflow/.local/lib/python3.6/site-packages/airflow/example_dags/example_latest_only_with_trigger.py for tasks to queue
[2024-10-02 01:27:05,906] {logging_mixin.py:104} INFO - [2024-10-02 01:27:05,906] {dagbag.py:451} INFO - Filling up the DagBag from /home/airflow/.local/lib/python3.6/site-packages/airflow/example_dags/example_latest_only_with_trigger.py
[2024-10-02 01:27:05,920] {scheduler_job.py:639} INFO - DAG(s) dict_keys(['latest_only_with_trigger']) retrieved from /home/airflow/.local/lib/python3.6/site-packages/airflow/example_dags/example_latest_only_with_trigger.py
[2024-10-02 01:27:05,951] {logging_mixin.py:104} INFO - [2024-10-02 01:27:05,951] {dag.py:1824} INFO - Sync 1 DAGs
[2024-10-02 01:27:05,966] {logging_mixin.py:104} INFO - [2024-10-02 01:27:05,966] {dag.py:2280} INFO - Setting next_dagrun for latest_only_with_trigger to 2024-09-30 00:00:00+00:00
[2024-10-02 01:27:05,981] {scheduler_job.py:190} INFO - Processing /home/airflow/.local/lib/python3.6/site-packages/airflow/example_dags/example_latest_only_with_trigger.py took 0.082 seconds
[2024-10-02 01:27:37,588] {scheduler_job.py:182} INFO - Started process (PID=256) to work on /home/airflow/.local/lib/python3.6/site-packages/airflow/example_dags/example_latest_only_with_trigger.py
[2024-10-02 01:27:37,593] {scheduler_job.py:629} INFO - Processing file /home/airflow/.local/lib/python3.6/site-packages/airflow/example_dags/example_latest_only_with_trigger.py for tasks to queue
[2024-10-02 01:27:37,595] {logging_mixin.py:104} INFO - [2024-10-02 01:27:37,594] {dagbag.py:451} INFO - Filling up the DagBag from /home/airflow/.local/lib/python3.6/site-packages/airflow/example_dags/example_latest_only_with_trigger.py
[2024-10-02 01:27:37,653] {scheduler_job.py:639} INFO - DAG(s) dict_keys(['latest_only_with_trigger']) retrieved from /home/airflow/.local/lib/python3.6/site-packages/airflow/example_dags/example_latest_only_with_trigger.py
[2024-10-02 01:27:37,873] {logging_mixin.py:104} INFO - [2024-10-02 01:27:37,872] {dag.py:1824} INFO - Sync 1 DAGs
[2024-10-02 01:27:37,934] {logging_mixin.py:104} INFO - [2024-10-02 01:27:37,934] {dag.py:2280} INFO - Setting next_dagrun for latest_only_with_trigger to 2024-09-30 00:00:00+00:00
[2024-10-02 01:27:38,169] {scheduler_job.py:190} INFO - Processing /home/airflow/.local/lib/python3.6/site-packages/airflow/example_dags/example_latest_only_with_trigger.py took 0.585 seconds
[2024-10-02 01:28:08,460] {scheduler_job.py:182} INFO - Started process (PID=284) to work on /home/airflow/.local/lib/python3.6/site-packages/airflow/example_dags/example_latest_only_with_trigger.py
[2024-10-02 01:28:08,463] {scheduler_job.py:629} INFO - Processing file /home/airflow/.local/lib/python3.6/site-packages/airflow/example_dags/example_latest_only_with_trigger.py for tasks to queue
[2024-10-02 01:28:08,464] {logging_mixin.py:104} INFO - [2024-10-02 01:28:08,464] {dagbag.py:451} INFO - Filling up the DagBag from /home/airflow/.local/lib/python3.6/site-packages/airflow/example_dags/example_latest_only_with_trigger.py
[2024-10-02 01:28:08,474] {scheduler_job.py:639} INFO - DAG(s) dict_keys(['latest_only_with_trigger']) retrieved from /home/airflow/.local/lib/python3.6/site-packages/airflow/example_dags/example_latest_only_with_trigger.py
[2024-10-02 01:28:08,502] {logging_mixin.py:104} INFO - [2024-10-02 01:28:08,502] {dag.py:1824} INFO - Sync 1 DAGs
[2024-10-02 01:28:08,517] {logging_mixin.py:104} INFO - [2024-10-02 01:28:08,517] {dag.py:2280} INFO - Setting next_dagrun for latest_only_with_trigger to 2024-09-30 00:00:00+00:00
[2024-10-02 01:28:08,526] {scheduler_job.py:190} INFO - Processing /home/airflow/.local/lib/python3.6/site-packages/airflow/example_dags/example_latest_only_with_trigger.py took 0.069 seconds
[2024-10-02 01:28:39,402] {scheduler_job.py:182} INFO - Started process (PID=311) to work on /home/airflow/.local/lib/python3.6/site-packages/airflow/example_dags/example_latest_only_with_trigger.py
[2024-10-02 01:28:39,404] {scheduler_job.py:629} INFO - Processing file /home/airflow/.local/lib/python3.6/site-packages/airflow/example_dags/example_latest_only_with_trigger.py for tasks to queue
[2024-10-02 01:28:39,406] {logging_mixin.py:104} INFO - [2024-10-02 01:28:39,405] {dagbag.py:451} INFO - Filling up the DagBag from /home/airflow/.local/lib/python3.6/site-packages/airflow/example_dags/example_latest_only_with_trigger.py
[2024-10-02 01:28:39,417] {scheduler_job.py:639} INFO - DAG(s) dict_keys(['latest_only_with_trigger']) retrieved from /home/airflow/.local/lib/python3.6/site-packages/airflow/example_dags/example_latest_only_with_trigger.py
[2024-10-02 01:28:39,442] {logging_mixin.py:104} INFO - [2024-10-02 01:28:39,441] {dag.py:1824} INFO - Sync 1 DAGs
[2024-10-02 01:28:39,460] {logging_mixin.py:104} INFO - [2024-10-02 01:28:39,459] {dag.py:2280} INFO - Setting next_dagrun for latest_only_with_trigger to 2024-09-30 00:00:00+00:00
[2024-10-02 01:28:39,473] {scheduler_job.py:190} INFO - Processing /home/airflow/.local/lib/python3.6/site-packages/airflow/example_dags/example_latest_only_with_trigger.py took 0.074 seconds
[2024-10-02T01:32:14.864+0000] {processor.py:157} INFO - Started process (PID=53) to work on /home/airflow/.local/lib/python3.8/site-packages/airflow/example_dags/example_latest_only_with_trigger.py
[2024-10-02T01:32:14.869+0000] {processor.py:829} INFO - Processing file /home/airflow/.local/lib/python3.8/site-packages/airflow/example_dags/example_latest_only_with_trigger.py for tasks to queue
[2024-10-02T01:32:14.876+0000] {logging_mixin.py:151} INFO - [2024-10-02T01:32:14.874+0000] {dagbag.py:539} INFO - Filling up the DagBag from /home/airflow/.local/lib/python3.8/site-packages/airflow/example_dags/example_latest_only_with_trigger.py
[2024-10-02T01:32:14.896+0000] {processor.py:839} INFO - DAG(s) dict_keys(['latest_only_with_trigger']) retrieved from /home/airflow/.local/lib/python3.8/site-packages/airflow/example_dags/example_latest_only_with_trigger.py
[2024-10-02T01:32:15.054+0000] {logging_mixin.py:151} INFO - [2024-10-02T01:32:15.053+0000] {manager.py:499} INFO - Created Permission View: %s
[2024-10-02T01:32:15.069+0000] {logging_mixin.py:151} INFO - [2024-10-02T01:32:15.068+0000] {manager.py:499} INFO - Created Permission View: %s
[2024-10-02T01:32:15.079+0000] {logging_mixin.py:151} INFO - [2024-10-02T01:32:15.079+0000] {manager.py:499} INFO - Created Permission View: %s
[2024-10-02T01:32:15.080+0000] {logging_mixin.py:151} INFO - [2024-10-02T01:32:15.080+0000] {security.py:708} INFO - Not syncing DAG-level permissions for DAG 'DAG:latest_only_with_trigger' as access control is unset.
[2024-10-02T01:32:15.083+0000] {logging_mixin.py:151} INFO - [2024-10-02T01:32:15.082+0000] {dag.py:2915} INFO - Sync 1 DAGs
[2024-10-02T01:32:15.100+0000] {logging_mixin.py:151} INFO - [2024-10-02T01:32:15.100+0000] {dag.py:2937} INFO - Creating ORM DAG for latest_only_with_trigger
[2024-10-02T01:32:15.114+0000] {logging_mixin.py:151} INFO - [2024-10-02T01:32:15.114+0000] {dag.py:3696} INFO - Setting next_dagrun for latest_only_with_trigger to 2024-10-01T21:32:15.113338+00:00, run_after=2024-10-02T01:32:15.113338+00:00
[2024-10-02T01:32:15.137+0000] {processor.py:179} INFO - Processing /home/airflow/.local/lib/python3.8/site-packages/airflow/example_dags/example_latest_only_with_trigger.py took 0.279 seconds
[2024-10-02T01:32:45.821+0000] {processor.py:157} INFO - Started process (PID=100) to work on /home/airflow/.local/lib/python3.8/site-packages/airflow/example_dags/example_latest_only_with_trigger.py
[2024-10-02T01:32:45.824+0000] {processor.py:829} INFO - Processing file /home/airflow/.local/lib/python3.8/site-packages/airflow/example_dags/example_latest_only_with_trigger.py for tasks to queue
[2024-10-02T01:32:45.828+0000] {logging_mixin.py:151} INFO - [2024-10-02T01:32:45.827+0000] {dagbag.py:539} INFO - Filling up the DagBag from /home/airflow/.local/lib/python3.8/site-packages/airflow/example_dags/example_latest_only_with_trigger.py
[2024-10-02T01:32:45.840+0000] {processor.py:839} INFO - DAG(s) dict_keys(['latest_only_with_trigger']) retrieved from /home/airflow/.local/lib/python3.8/site-packages/airflow/example_dags/example_latest_only_with_trigger.py
[2024-10-02T01:32:45.868+0000] {logging_mixin.py:151} INFO - [2024-10-02T01:32:45.868+0000] {dag.py:2915} INFO - Sync 1 DAGs
[2024-10-02T01:32:45.901+0000] {logging_mixin.py:151} INFO - [2024-10-02T01:32:45.901+0000] {dag.py:3696} INFO - Setting next_dagrun for latest_only_with_trigger to 2024-10-01T21:32:45.899980+00:00, run_after=2024-10-02T01:32:45.899980+00:00
[2024-10-02T01:32:45.924+0000] {processor.py:179} INFO - Processing /home/airflow/.local/lib/python3.8/site-packages/airflow/example_dags/example_latest_only_with_trigger.py took 0.107 seconds
[2024-10-02T01:33:16.983+0000] {processor.py:157} INFO - Started process (PID=148) to work on /home/airflow/.local/lib/python3.8/site-packages/airflow/example_dags/example_latest_only_with_trigger.py
[2024-10-02T01:33:16.985+0000] {processor.py:829} INFO - Processing file /home/airflow/.local/lib/python3.8/site-packages/airflow/example_dags/example_latest_only_with_trigger.py for tasks to queue
[2024-10-02T01:33:16.988+0000] {logging_mixin.py:151} INFO - [2024-10-02T01:33:16.987+0000] {dagbag.py:539} INFO - Filling up the DagBag from /home/airflow/.local/lib/python3.8/site-packages/airflow/example_dags/example_latest_only_with_trigger.py
[2024-10-02T01:33:16.996+0000] {processor.py:839} INFO - DAG(s) dict_keys(['latest_only_with_trigger']) retrieved from /home/airflow/.local/lib/python3.8/site-packages/airflow/example_dags/example_latest_only_with_trigger.py
[2024-10-02T01:33:17.030+0000] {logging_mixin.py:151} INFO - [2024-10-02T01:33:17.030+0000] {dag.py:2915} INFO - Sync 1 DAGs
[2024-10-02T01:33:17.057+0000] {logging_mixin.py:151} INFO - [2024-10-02T01:33:17.057+0000] {dag.py:3696} INFO - Setting next_dagrun for latest_only_with_trigger to 2024-10-01T21:33:17.056113+00:00, run_after=2024-10-02T01:33:17.056113+00:00
[2024-10-02T01:33:17.078+0000] {processor.py:179} INFO - Processing /home/airflow/.local/lib/python3.8/site-packages/airflow/example_dags/example_latest_only_with_trigger.py took 0.098 seconds
[2024-10-02T01:33:47.610+0000] {processor.py:157} INFO - Started process (PID=197) to work on /home/airflow/.local/lib/python3.8/site-packages/airflow/example_dags/example_latest_only_with_trigger.py
[2024-10-02T01:33:47.614+0000] {processor.py:829} INFO - Processing file /home/airflow/.local/lib/python3.8/site-packages/airflow/example_dags/example_latest_only_with_trigger.py for tasks to queue
[2024-10-02T01:33:47.619+0000] {logging_mixin.py:151} INFO - [2024-10-02T01:33:47.618+0000] {dagbag.py:539} INFO - Filling up the DagBag from /home/airflow/.local/lib/python3.8/site-packages/airflow/example_dags/example_latest_only_with_trigger.py
[2024-10-02T01:33:47.633+0000] {processor.py:839} INFO - DAG(s) dict_keys(['latest_only_with_trigger']) retrieved from /home/airflow/.local/lib/python3.8/site-packages/airflow/example_dags/example_latest_only_with_trigger.py
[2024-10-02T01:33:47.671+0000] {logging_mixin.py:151} INFO - [2024-10-02T01:33:47.670+0000] {dag.py:2915} INFO - Sync 1 DAGs
[2024-10-02T01:33:47.704+0000] {logging_mixin.py:151} INFO - [2024-10-02T01:33:47.704+0000] {dag.py:3696} INFO - Setting next_dagrun for latest_only_with_trigger to 2024-10-01T21:33:47.703308+00:00, run_after=2024-10-02T01:33:47.703308+00:00
[2024-10-02T01:33:47.730+0000] {processor.py:179} INFO - Processing /home/airflow/.local/lib/python3.8/site-packages/airflow/example_dags/example_latest_only_with_trigger.py took 0.123 seconds
[2024-10-02T01:34:17.858+0000] {processor.py:157} INFO - Started process (PID=244) to work on /home/airflow/.local/lib/python3.8/site-packages/airflow/example_dags/example_latest_only_with_trigger.py
[2024-10-02T01:34:17.862+0000] {processor.py:829} INFO - Processing file /home/airflow/.local/lib/python3.8/site-packages/airflow/example_dags/example_latest_only_with_trigger.py for tasks to queue
[2024-10-02T01:34:17.866+0000] {logging_mixin.py:151} INFO - [2024-10-02T01:34:17.866+0000] {dagbag.py:539} INFO - Filling up the DagBag from /home/airflow/.local/lib/python3.8/site-packages/airflow/example_dags/example_latest_only_with_trigger.py
[2024-10-02T01:34:17.884+0000] {processor.py:839} INFO - DAG(s) dict_keys(['latest_only_with_trigger']) retrieved from /home/airflow/.local/lib/python3.8/site-packages/airflow/example_dags/example_latest_only_with_trigger.py
[2024-10-02T01:34:17.926+0000] {logging_mixin.py:151} INFO - [2024-10-02T01:34:17.925+0000] {dag.py:2915} INFO - Sync 1 DAGs
[2024-10-02T01:34:17.970+0000] {logging_mixin.py:151} INFO - [2024-10-02T01:34:17.969+0000] {dag.py:3696} INFO - Setting next_dagrun for latest_only_with_trigger to 2024-10-01T21:34:17.968937+00:00, run_after=2024-10-02T01:34:17.968937+00:00
[2024-10-02T01:34:18.000+0000] {processor.py:179} INFO - Processing /home/airflow/.local/lib/python3.8/site-packages/airflow/example_dags/example_latest_only_with_trigger.py took 0.147 seconds
[2024-10-02T01:34:48.184+0000] {processor.py:157} INFO - Started process (PID=291) to work on /home/airflow/.local/lib/python3.8/site-packages/airflow/example_dags/example_latest_only_with_trigger.py
[2024-10-02T01:34:48.188+0000] {processor.py:829} INFO - Processing file /home/airflow/.local/lib/python3.8/site-packages/airflow/example_dags/example_latest_only_with_trigger.py for tasks to queue
[2024-10-02T01:34:48.192+0000] {logging_mixin.py:151} INFO - [2024-10-02T01:34:48.192+0000] {dagbag.py:539} INFO - Filling up the DagBag from /home/airflow/.local/lib/python3.8/site-packages/airflow/example_dags/example_latest_only_with_trigger.py
[2024-10-02T01:34:48.209+0000] {processor.py:839} INFO - DAG(s) dict_keys(['latest_only_with_trigger']) retrieved from /home/airflow/.local/lib/python3.8/site-packages/airflow/example_dags/example_latest_only_with_trigger.py
[2024-10-02T01:34:48.257+0000] {logging_mixin.py:151} INFO - [2024-10-02T01:34:48.257+0000] {dag.py:2915} INFO - Sync 1 DAGs
[2024-10-02T01:34:48.295+0000] {logging_mixin.py:151} INFO - [2024-10-02T01:34:48.295+0000] {dag.py:3696} INFO - Setting next_dagrun for latest_only_with_trigger to 2024-10-01T21:34:48.294239+00:00, run_after=2024-10-02T01:34:48.294239+00:00
[2024-10-02T01:34:48.329+0000] {processor.py:179} INFO - Processing /home/airflow/.local/lib/python3.8/site-packages/airflow/example_dags/example_latest_only_with_trigger.py took 0.152 seconds
[2024-10-02T01:35:18.439+0000] {processor.py:157} INFO - Started process (PID=338) to work on /home/airflow/.local/lib/python3.8/site-packages/airflow/example_dags/example_latest_only_with_trigger.py
[2024-10-02T01:35:18.447+0000] {processor.py:829} INFO - Processing file /home/airflow/.local/lib/python3.8/site-packages/airflow/example_dags/example_latest_only_with_trigger.py for tasks to queue
[2024-10-02T01:35:18.455+0000] {logging_mixin.py:151} INFO - [2024-10-02T01:35:18.454+0000] {dagbag.py:539} INFO - Filling up the DagBag from /home/airflow/.local/lib/python3.8/site-packages/airflow/example_dags/example_latest_only_with_trigger.py
[2024-10-02T01:35:18.467+0000] {processor.py:839} INFO - DAG(s) dict_keys(['latest_only_with_trigger']) retrieved from /home/airflow/.local/lib/python3.8/site-packages/airflow/example_dags/example_latest_only_with_trigger.py
[2024-10-02T01:35:18.538+0000] {logging_mixin.py:151} INFO - [2024-10-02T01:35:18.538+0000] {dag.py:2915} INFO - Sync 1 DAGs
[2024-10-02T01:35:18.579+0000] {logging_mixin.py:151} INFO - [2024-10-02T01:35:18.579+0000] {dag.py:3696} INFO - Setting next_dagrun for latest_only_with_trigger to 2024-10-01T21:35:18.577844+00:00, run_after=2024-10-02T01:35:18.577844+00:00
[2024-10-02T01:35:18.613+0000] {processor.py:179} INFO - Processing /home/airflow/.local/lib/python3.8/site-packages/airflow/example_dags/example_latest_only_with_trigger.py took 0.180 seconds
[2024-10-02T01:35:48.946+0000] {processor.py:157} INFO - Started process (PID=386) to work on /home/airflow/.local/lib/python3.8/site-packages/airflow/example_dags/example_latest_only_with_trigger.py
[2024-10-02T01:35:48.950+0000] {processor.py:829} INFO - Processing file /home/airflow/.local/lib/python3.8/site-packages/airflow/example_dags/example_latest_only_with_trigger.py for tasks to queue
[2024-10-02T01:35:48.958+0000] {logging_mixin.py:151} INFO - [2024-10-02T01:35:48.957+0000] {dagbag.py:539} INFO - Filling up the DagBag from /home/airflow/.local/lib/python3.8/site-packages/airflow/example_dags/example_latest_only_with_trigger.py
[2024-10-02T01:35:48.977+0000] {processor.py:839} INFO - DAG(s) dict_keys(['latest_only_with_trigger']) retrieved from /home/airflow/.local/lib/python3.8/site-packages/airflow/example_dags/example_latest_only_with_trigger.py
[2024-10-02T01:35:49.032+0000] {logging_mixin.py:151} INFO - [2024-10-02T01:35:49.031+0000] {dag.py:2915} INFO - Sync 1 DAGs
[2024-10-02T01:35:49.079+0000] {logging_mixin.py:151} INFO - [2024-10-02T01:35:49.079+0000] {dag.py:3696} INFO - Setting next_dagrun for latest_only_with_trigger to 2024-10-01T21:35:49.077824+00:00, run_after=2024-10-02T01:35:49.077824+00:00
[2024-10-02T01:35:49.130+0000] {processor.py:179} INFO - Processing /home/airflow/.local/lib/python3.8/site-packages/airflow/example_dags/example_latest_only_with_trigger.py took 0.190 seconds
[2024-10-02T01:36:19.426+0000] {processor.py:157} INFO - Started process (PID=434) to work on /home/airflow/.local/lib/python3.8/site-packages/airflow/example_dags/example_latest_only_with_trigger.py
[2024-10-02T01:36:19.431+0000] {processor.py:829} INFO - Processing file /home/airflow/.local/lib/python3.8/site-packages/airflow/example_dags/example_latest_only_with_trigger.py for tasks to queue
[2024-10-02T01:36:19.438+0000] {logging_mixin.py:151} INFO - [2024-10-02T01:36:19.438+0000] {dagbag.py:539} INFO - Filling up the DagBag from /home/airflow/.local/lib/python3.8/site-packages/airflow/example_dags/example_latest_only_with_trigger.py
[2024-10-02T01:36:19.456+0000] {processor.py:839} INFO - DAG(s) dict_keys(['latest_only_with_trigger']) retrieved from /home/airflow/.local/lib/python3.8/site-packages/airflow/example_dags/example_latest_only_with_trigger.py
[2024-10-02T01:36:19.503+0000] {logging_mixin.py:151} INFO - [2024-10-02T01:36:19.502+0000] {dag.py:2915} INFO - Sync 1 DAGs
[2024-10-02T01:36:19.551+0000] {logging_mixin.py:151} INFO - [2024-10-02T01:36:19.550+0000] {dag.py:3696} INFO - Setting next_dagrun for latest_only_with_trigger to 2024-10-01T21:36:19.547906+00:00, run_after=2024-10-02T01:36:19.547906+00:00
[2024-10-02T01:36:19.602+0000] {processor.py:179} INFO - Processing /home/airflow/.local/lib/python3.8/site-packages/airflow/example_dags/example_latest_only_with_trigger.py took 0.180 seconds
[2024-10-02T01:36:49.880+0000] {processor.py:157} INFO - Started process (PID=482) to work on /home/airflow/.local/lib/python3.8/site-packages/airflow/example_dags/example_latest_only_with_trigger.py
[2024-10-02T01:36:49.886+0000] {processor.py:829} INFO - Processing file /home/airflow/.local/lib/python3.8/site-packages/airflow/example_dags/example_latest_only_with_trigger.py for tasks to queue
[2024-10-02T01:36:49.894+0000] {logging_mixin.py:151} INFO - [2024-10-02T01:36:49.893+0000] {dagbag.py:539} INFO - Filling up the DagBag from /home/airflow/.local/lib/python3.8/site-packages/airflow/example_dags/example_latest_only_with_trigger.py
[2024-10-02T01:36:49.907+0000] {processor.py:839} INFO - DAG(s) dict_keys(['latest_only_with_trigger']) retrieved from /home/airflow/.local/lib/python3.8/site-packages/airflow/example_dags/example_latest_only_with_trigger.py
[2024-10-02T01:36:49.944+0000] {logging_mixin.py:151} INFO - [2024-10-02T01:36:49.944+0000] {dag.py:2915} INFO - Sync 1 DAGs
[2024-10-02T01:36:49.985+0000] {logging_mixin.py:151} INFO - [2024-10-02T01:36:49.985+0000] {dag.py:3696} INFO - Setting next_dagrun for latest_only_with_trigger to 2024-10-01T21:36:49.983913+00:00, run_after=2024-10-02T01:36:49.983913+00:00
[2024-10-02T01:36:50.016+0000] {processor.py:179} INFO - Processing /home/airflow/.local/lib/python3.8/site-packages/airflow/example_dags/example_latest_only_with_trigger.py took 0.142 seconds
[2024-10-02T01:37:20.090+0000] {processor.py:157} INFO - Started process (PID=530) to work on /home/airflow/.local/lib/python3.8/site-packages/airflow/example_dags/example_latest_only_with_trigger.py
[2024-10-02T01:37:20.093+0000] {processor.py:829} INFO - Processing file /home/airflow/.local/lib/python3.8/site-packages/airflow/example_dags/example_latest_only_with_trigger.py for tasks to queue
[2024-10-02T01:37:20.098+0000] {logging_mixin.py:151} INFO - [2024-10-02T01:37:20.098+0000] {dagbag.py:539} INFO - Filling up the DagBag from /home/airflow/.local/lib/python3.8/site-packages/airflow/example_dags/example_latest_only_with_trigger.py
[2024-10-02T01:37:20.115+0000] {processor.py:839} INFO - DAG(s) dict_keys(['latest_only_with_trigger']) retrieved from /home/airflow/.local/lib/python3.8/site-packages/airflow/example_dags/example_latest_only_with_trigger.py
[2024-10-02T01:37:20.154+0000] {logging_mixin.py:151} INFO - [2024-10-02T01:37:20.154+0000] {dag.py:2915} INFO - Sync 1 DAGs
[2024-10-02T01:37:20.185+0000] {logging_mixin.py:151} INFO - [2024-10-02T01:37:20.185+0000] {dag.py:3696} INFO - Setting next_dagrun for latest_only_with_trigger to 2024-10-01T21:37:20.184010+00:00, run_after=2024-10-02T01:37:20.184010+00:00
[2024-10-02T01:37:20.217+0000] {processor.py:179} INFO - Processing /home/airflow/.local/lib/python3.8/site-packages/airflow/example_dags/example_latest_only_with_trigger.py took 0.132 seconds
[2024-10-02T01:37:50.558+0000] {processor.py:157} INFO - Started process (PID=578) to work on /home/airflow/.local/lib/python3.8/site-packages/airflow/example_dags/example_latest_only_with_trigger.py
[2024-10-02T01:37:50.561+0000] {processor.py:829} INFO - Processing file /home/airflow/.local/lib/python3.8/site-packages/airflow/example_dags/example_latest_only_with_trigger.py for tasks to queue
[2024-10-02T01:37:50.567+0000] {logging_mixin.py:151} INFO - [2024-10-02T01:37:50.566+0000] {dagbag.py:539} INFO - Filling up the DagBag from /home/airflow/.local/lib/python3.8/site-packages/airflow/example_dags/example_latest_only_with_trigger.py
[2024-10-02T01:37:50.579+0000] {processor.py:839} INFO - DAG(s) dict_keys(['latest_only_with_trigger']) retrieved from /home/airflow/.local/lib/python3.8/site-packages/airflow/example_dags/example_latest_only_with_trigger.py
[2024-10-02T01:37:50.613+0000] {logging_mixin.py:151} INFO - [2024-10-02T01:37:50.613+0000] {dag.py:2915} INFO - Sync 1 DAGs
[2024-10-02T01:37:50.643+0000] {logging_mixin.py:151} INFO - [2024-10-02T01:37:50.643+0000] {dag.py:3696} INFO - Setting next_dagrun for latest_only_with_trigger to 2024-10-01T21:37:50.641814+00:00, run_after=2024-10-02T01:37:50.641814+00:00
[2024-10-02T01:37:50.674+0000] {processor.py:179} INFO - Processing /home/airflow/.local/lib/python3.8/site-packages/airflow/example_dags/example_latest_only_with_trigger.py took 0.120 seconds
[2024-10-02T01:38:20.955+0000] {processor.py:157} INFO - Started process (PID=626) to work on /home/airflow/.local/lib/python3.8/site-packages/airflow/example_dags/example_latest_only_with_trigger.py
[2024-10-02T01:38:20.961+0000] {processor.py:829} INFO - Processing file /home/airflow/.local/lib/python3.8/site-packages/airflow/example_dags/example_latest_only_with_trigger.py for tasks to queue
[2024-10-02T01:38:20.969+0000] {logging_mixin.py:151} INFO - [2024-10-02T01:38:20.968+0000] {dagbag.py:539} INFO - Filling up the DagBag from /home/airflow/.local/lib/python3.8/site-packages/airflow/example_dags/example_latest_only_with_trigger.py
[2024-10-02T01:38:21.004+0000] {processor.py:839} INFO - DAG(s) dict_keys(['latest_only_with_trigger']) retrieved from /home/airflow/.local/lib/python3.8/site-packages/airflow/example_dags/example_latest_only_with_trigger.py
[2024-10-02T01:38:21.060+0000] {logging_mixin.py:151} INFO - [2024-10-02T01:38:21.060+0000] {dag.py:2915} INFO - Sync 1 DAGs
[2024-10-02T01:38:21.122+0000] {logging_mixin.py:151} INFO - [2024-10-02T01:38:21.121+0000] {dag.py:3696} INFO - Setting next_dagrun for latest_only_with_trigger to 2024-10-01T21:38:21.120868+00:00, run_after=2024-10-02T01:38:21.120868+00:00
[2024-10-02T01:38:21.174+0000] {processor.py:179} INFO - Processing /home/airflow/.local/lib/python3.8/site-packages/airflow/example_dags/example_latest_only_with_trigger.py took 0.224 seconds
[2024-10-02T01:38:51.500+0000] {processor.py:157} INFO - Started process (PID=674) to work on /home/airflow/.local/lib/python3.8/site-packages/airflow/example_dags/example_latest_only_with_trigger.py
[2024-10-02T01:38:51.503+0000] {processor.py:829} INFO - Processing file /home/airflow/.local/lib/python3.8/site-packages/airflow/example_dags/example_latest_only_with_trigger.py for tasks to queue
[2024-10-02T01:38:51.509+0000] {logging_mixin.py:151} INFO - [2024-10-02T01:38:51.508+0000] {dagbag.py:539} INFO - Filling up the DagBag from /home/airflow/.local/lib/python3.8/site-packages/airflow/example_dags/example_latest_only_with_trigger.py
[2024-10-02T01:38:51.529+0000] {processor.py:839} INFO - DAG(s) dict_keys(['latest_only_with_trigger']) retrieved from /home/airflow/.local/lib/python3.8/site-packages/airflow/example_dags/example_latest_only_with_trigger.py
[2024-10-02T01:38:51.571+0000] {logging_mixin.py:151} INFO - [2024-10-02T01:38:51.571+0000] {dag.py:2915} INFO - Sync 1 DAGs
[2024-10-02T01:38:51.605+0000] {logging_mixin.py:151} INFO - [2024-10-02T01:38:51.605+0000] {dag.py:3696} INFO - Setting next_dagrun for latest_only_with_trigger to 2024-10-01T21:38:51.603629+00:00, run_after=2024-10-02T01:38:51.603629+00:00
[2024-10-02T01:38:51.639+0000] {processor.py:179} INFO - Processing /home/airflow/.local/lib/python3.8/site-packages/airflow/example_dags/example_latest_only_with_trigger.py took 0.145 seconds
[2024-10-02T01:39:22.044+0000] {processor.py:157} INFO - Started process (PID=722) to work on /home/airflow/.local/lib/python3.8/site-packages/airflow/example_dags/example_latest_only_with_trigger.py
[2024-10-02T01:39:22.052+0000] {processor.py:829} INFO - Processing file /home/airflow/.local/lib/python3.8/site-packages/airflow/example_dags/example_latest_only_with_trigger.py for tasks to queue
[2024-10-02T01:39:22.059+0000] {logging_mixin.py:151} INFO - [2024-10-02T01:39:22.059+0000] {dagbag.py:539} INFO - Filling up the DagBag from /home/airflow/.local/lib/python3.8/site-packages/airflow/example_dags/example_latest_only_with_trigger.py
[2024-10-02T01:39:22.073+0000] {processor.py:839} INFO - DAG(s) dict_keys(['latest_only_with_trigger']) retrieved from /home/airflow/.local/lib/python3.8/site-packages/airflow/example_dags/example_latest_only_with_trigger.py
[2024-10-02T01:39:22.129+0000] {logging_mixin.py:151} INFO - [2024-10-02T01:39:22.128+0000] {dag.py:2915} INFO - Sync 1 DAGs
[2024-10-02T01:39:22.165+0000] {logging_mixin.py:151} INFO - [2024-10-02T01:39:22.164+0000] {dag.py:3696} INFO - Setting next_dagrun for latest_only_with_trigger to 2024-10-01T21:39:22.163357+00:00, run_after=2024-10-02T01:39:22.163357+00:00
[2024-10-02T01:39:22.207+0000] {processor.py:179} INFO - Processing /home/airflow/.local/lib/python3.8/site-packages/airflow/example_dags/example_latest_only_with_trigger.py took 0.168 seconds
[2024-10-02T01:45:34.563+0000] {processor.py:157} INFO - Started process (PID=53) to work on /home/airflow/.local/lib/python3.8/site-packages/airflow/example_dags/example_latest_only_with_trigger.py
[2024-10-02T01:45:34.571+0000] {processor.py:829} INFO - Processing file /home/airflow/.local/lib/python3.8/site-packages/airflow/example_dags/example_latest_only_with_trigger.py for tasks to queue
[2024-10-02T01:45:34.583+0000] {logging_mixin.py:151} INFO - [2024-10-02T01:45:34.583+0000] {dagbag.py:539} INFO - Filling up the DagBag from /home/airflow/.local/lib/python3.8/site-packages/airflow/example_dags/example_latest_only_with_trigger.py
[2024-10-02T01:45:34.605+0000] {processor.py:839} INFO - DAG(s) dict_keys(['latest_only_with_trigger']) retrieved from /home/airflow/.local/lib/python3.8/site-packages/airflow/example_dags/example_latest_only_with_trigger.py
[2024-10-02T01:45:34.849+0000] {logging_mixin.py:151} INFO - [2024-10-02T01:45:34.848+0000] {manager.py:499} INFO - Created Permission View: %s
[2024-10-02T01:45:34.869+0000] {logging_mixin.py:151} INFO - [2024-10-02T01:45:34.869+0000] {manager.py:499} INFO - Created Permission View: %s
[2024-10-02T01:45:34.884+0000] {logging_mixin.py:151} INFO - [2024-10-02T01:45:34.884+0000] {manager.py:499} INFO - Created Permission View: %s
[2024-10-02T01:45:34.888+0000] {logging_mixin.py:151} INFO - [2024-10-02T01:45:34.888+0000] {security.py:708} INFO - Not syncing DAG-level permissions for DAG 'DAG:latest_only_with_trigger' as access control is unset.
[2024-10-02T01:45:34.892+0000] {logging_mixin.py:151} INFO - [2024-10-02T01:45:34.892+0000] {dag.py:2915} INFO - Sync 1 DAGs
[2024-10-02T01:45:34.911+0000] {logging_mixin.py:151} INFO - [2024-10-02T01:45:34.910+0000] {dag.py:2937} INFO - Creating ORM DAG for latest_only_with_trigger
[2024-10-02T01:45:34.938+0000] {logging_mixin.py:151} INFO - [2024-10-02T01:45:34.938+0000] {dag.py:3696} INFO - Setting next_dagrun for latest_only_with_trigger to 2024-10-01T21:45:34.937283+00:00, run_after=2024-10-02T01:45:34.937283+00:00
[2024-10-02T01:45:34.969+0000] {processor.py:179} INFO - Processing /home/airflow/.local/lib/python3.8/site-packages/airflow/example_dags/example_latest_only_with_trigger.py took 0.412 seconds
[2024-10-02T01:46:05.067+0000] {processor.py:157} INFO - Started process (PID=100) to work on /home/airflow/.local/lib/python3.8/site-packages/airflow/example_dags/example_latest_only_with_trigger.py
[2024-10-02T01:46:05.071+0000] {processor.py:829} INFO - Processing file /home/airflow/.local/lib/python3.8/site-packages/airflow/example_dags/example_latest_only_with_trigger.py for tasks to queue
[2024-10-02T01:46:05.075+0000] {logging_mixin.py:151} INFO - [2024-10-02T01:46:05.075+0000] {dagbag.py:539} INFO - Filling up the DagBag from /home/airflow/.local/lib/python3.8/site-packages/airflow/example_dags/example_latest_only_with_trigger.py
[2024-10-02T01:46:05.091+0000] {processor.py:839} INFO - DAG(s) dict_keys(['latest_only_with_trigger']) retrieved from /home/airflow/.local/lib/python3.8/site-packages/airflow/example_dags/example_latest_only_with_trigger.py
[2024-10-02T01:46:05.129+0000] {logging_mixin.py:151} INFO - [2024-10-02T01:46:05.129+0000] {dag.py:2915} INFO - Sync 1 DAGs
[2024-10-02T01:46:05.163+0000] {logging_mixin.py:151} INFO - [2024-10-02T01:46:05.163+0000] {dag.py:3696} INFO - Setting next_dagrun for latest_only_with_trigger to 2024-10-01T21:46:05.161541+00:00, run_after=2024-10-02T01:46:05.161541+00:00
[2024-10-02T01:46:05.190+0000] {processor.py:179} INFO - Processing /home/airflow/.local/lib/python3.8/site-packages/airflow/example_dags/example_latest_only_with_trigger.py took 0.127 seconds
[2024-10-02T01:47:02.998+0000] {processor.py:157} INFO - Started process (PID=53) to work on /home/airflow/.local/lib/python3.8/site-packages/airflow/example_dags/example_latest_only_with_trigger.py
[2024-10-02T01:47:03.015+0000] {processor.py:829} INFO - Processing file /home/airflow/.local/lib/python3.8/site-packages/airflow/example_dags/example_latest_only_with_trigger.py for tasks to queue
[2024-10-02T01:47:03.028+0000] {logging_mixin.py:151} INFO - [2024-10-02T01:47:03.026+0000] {dagbag.py:539} INFO - Filling up the DagBag from /home/airflow/.local/lib/python3.8/site-packages/airflow/example_dags/example_latest_only_with_trigger.py
[2024-10-02T01:47:03.076+0000] {processor.py:839} INFO - DAG(s) dict_keys(['latest_only_with_trigger']) retrieved from /home/airflow/.local/lib/python3.8/site-packages/airflow/example_dags/example_latest_only_with_trigger.py
[2024-10-02T01:47:03.103+0000] {logging_mixin.py:151} INFO - [2024-10-02T01:47:03.103+0000] {dag.py:2915} INFO - Sync 1 DAGs
[2024-10-02T01:47:03.217+0000] {logging_mixin.py:151} INFO - [2024-10-02T01:47:03.209+0000] {dag.py:3696} INFO - Setting next_dagrun for latest_only_with_trigger to 2024-10-01T21:47:03.205924+00:00, run_after=2024-10-02T01:47:03.205924+00:00
[2024-10-02T01:47:03.273+0000] {processor.py:179} INFO - Processing /home/airflow/.local/lib/python3.8/site-packages/airflow/example_dags/example_latest_only_with_trigger.py took 0.293 seconds
[2024-10-02T01:47:33.634+0000] {processor.py:157} INFO - Started process (PID=101) to work on /home/airflow/.local/lib/python3.8/site-packages/airflow/example_dags/example_latest_only_with_trigger.py
[2024-10-02T01:47:33.639+0000] {processor.py:829} INFO - Processing file /home/airflow/.local/lib/python3.8/site-packages/airflow/example_dags/example_latest_only_with_trigger.py for tasks to queue
[2024-10-02T01:47:33.645+0000] {logging_mixin.py:151} INFO - [2024-10-02T01:47:33.645+0000] {dagbag.py:539} INFO - Filling up the DagBag from /home/airflow/.local/lib/python3.8/site-packages/airflow/example_dags/example_latest_only_with_trigger.py
[2024-10-02T01:47:33.662+0000] {processor.py:839} INFO - DAG(s) dict_keys(['latest_only_with_trigger']) retrieved from /home/airflow/.local/lib/python3.8/site-packages/airflow/example_dags/example_latest_only_with_trigger.py
[2024-10-02T01:47:33.746+0000] {logging_mixin.py:151} INFO - [2024-10-02T01:47:33.745+0000] {dag.py:2915} INFO - Sync 1 DAGs
[2024-10-02T01:47:33.791+0000] {logging_mixin.py:151} INFO - [2024-10-02T01:47:33.790+0000] {dag.py:3696} INFO - Setting next_dagrun for latest_only_with_trigger to 2024-10-01T21:47:33.789347+00:00, run_after=2024-10-02T01:47:33.789347+00:00
[2024-10-02T01:47:33.822+0000] {processor.py:179} INFO - Processing /home/airflow/.local/lib/python3.8/site-packages/airflow/example_dags/example_latest_only_with_trigger.py took 0.192 seconds
[2024-10-02T01:48:30.803+0000] {processor.py:157} INFO - Started process (PID=53) to work on /home/airflow/.local/lib/python3.8/site-packages/airflow/example_dags/example_latest_only_with_trigger.py
[2024-10-02T01:48:30.822+0000] {processor.py:829} INFO - Processing file /home/airflow/.local/lib/python3.8/site-packages/airflow/example_dags/example_latest_only_with_trigger.py for tasks to queue
[2024-10-02T01:48:30.874+0000] {logging_mixin.py:151} INFO - [2024-10-02T01:48:30.873+0000] {dagbag.py:539} INFO - Filling up the DagBag from /home/airflow/.local/lib/python3.8/site-packages/airflow/example_dags/example_latest_only_with_trigger.py
[2024-10-02T01:48:30.930+0000] {processor.py:839} INFO - DAG(s) dict_keys(['latest_only_with_trigger']) retrieved from /home/airflow/.local/lib/python3.8/site-packages/airflow/example_dags/example_latest_only_with_trigger.py
[2024-10-02T01:48:31.016+0000] {logging_mixin.py:151} INFO - [2024-10-02T01:48:31.016+0000] {dag.py:2915} INFO - Sync 1 DAGs
[2024-10-02T01:48:31.118+0000] {logging_mixin.py:151} INFO - [2024-10-02T01:48:31.117+0000] {dag.py:3696} INFO - Setting next_dagrun for latest_only_with_trigger to 2024-10-01T21:48:31.110306+00:00, run_after=2024-10-02T01:48:31.110306+00:00
[2024-10-02T01:48:31.181+0000] {processor.py:179} INFO - Processing /home/airflow/.local/lib/python3.8/site-packages/airflow/example_dags/example_latest_only_with_trigger.py took 0.383 seconds
[2024-10-02T01:49:01.508+0000] {processor.py:157} INFO - Started process (PID=101) to work on /home/airflow/.local/lib/python3.8/site-packages/airflow/example_dags/example_latest_only_with_trigger.py
[2024-10-02T01:49:01.511+0000] {processor.py:829} INFO - Processing file /home/airflow/.local/lib/python3.8/site-packages/airflow/example_dags/example_latest_only_with_trigger.py for tasks to queue
[2024-10-02T01:49:01.514+0000] {logging_mixin.py:151} INFO - [2024-10-02T01:49:01.514+0000] {dagbag.py:539} INFO - Filling up the DagBag from /home/airflow/.local/lib/python3.8/site-packages/airflow/example_dags/example_latest_only_with_trigger.py
[2024-10-02T01:49:01.527+0000] {processor.py:839} INFO - DAG(s) dict_keys(['latest_only_with_trigger']) retrieved from /home/airflow/.local/lib/python3.8/site-packages/airflow/example_dags/example_latest_only_with_trigger.py
[2024-10-02T01:49:01.556+0000] {logging_mixin.py:151} INFO - [2024-10-02T01:49:01.556+0000] {dag.py:2915} INFO - Sync 1 DAGs
[2024-10-02T01:49:01.584+0000] {logging_mixin.py:151} INFO - [2024-10-02T01:49:01.584+0000] {dag.py:3696} INFO - Setting next_dagrun for latest_only_with_trigger to 2024-10-01T21:49:01.582921+00:00, run_after=2024-10-02T01:49:01.582921+00:00
[2024-10-02T01:49:01.607+0000] {processor.py:179} INFO - Processing /home/airflow/.local/lib/python3.8/site-packages/airflow/example_dags/example_latest_only_with_trigger.py took 0.104 seconds
[2024-10-02T01:49:32.137+0000] {processor.py:157} INFO - Started process (PID=149) to work on /home/airflow/.local/lib/python3.8/site-packages/airflow/example_dags/example_latest_only_with_trigger.py
[2024-10-02T01:49:32.140+0000] {processor.py:829} INFO - Processing file /home/airflow/.local/lib/python3.8/site-packages/airflow/example_dags/example_latest_only_with_trigger.py for tasks to queue
[2024-10-02T01:49:32.145+0000] {logging_mixin.py:151} INFO - [2024-10-02T01:49:32.145+0000] {dagbag.py:539} INFO - Filling up the DagBag from /home/airflow/.local/lib/python3.8/site-packages/airflow/example_dags/example_latest_only_with_trigger.py
[2024-10-02T01:49:32.160+0000] {processor.py:839} INFO - DAG(s) dict_keys(['latest_only_with_trigger']) retrieved from /home/airflow/.local/lib/python3.8/site-packages/airflow/example_dags/example_latest_only_with_trigger.py
[2024-10-02T01:49:32.199+0000] {logging_mixin.py:151} INFO - [2024-10-02T01:49:32.198+0000] {dag.py:2915} INFO - Sync 1 DAGs
[2024-10-02T01:49:32.228+0000] {logging_mixin.py:151} INFO - [2024-10-02T01:49:32.227+0000] {dag.py:3696} INFO - Setting next_dagrun for latest_only_with_trigger to 2024-10-01T21:49:32.226862+00:00, run_after=2024-10-02T01:49:32.226862+00:00
[2024-10-02T01:49:32.267+0000] {processor.py:179} INFO - Processing /home/airflow/.local/lib/python3.8/site-packages/airflow/example_dags/example_latest_only_with_trigger.py took 0.133 seconds
[2024-10-02T01:50:03.049+0000] {processor.py:157} INFO - Started process (PID=197) to work on /home/airflow/.local/lib/python3.8/site-packages/airflow/example_dags/example_latest_only_with_trigger.py
[2024-10-02T01:50:03.054+0000] {processor.py:829} INFO - Processing file /home/airflow/.local/lib/python3.8/site-packages/airflow/example_dags/example_latest_only_with_trigger.py for tasks to queue
[2024-10-02T01:50:03.062+0000] {logging_mixin.py:151} INFO - [2024-10-02T01:50:03.062+0000] {dagbag.py:539} INFO - Filling up the DagBag from /home/airflow/.local/lib/python3.8/site-packages/airflow/example_dags/example_latest_only_with_trigger.py
[2024-10-02T01:50:03.090+0000] {processor.py:839} INFO - DAG(s) dict_keys(['latest_only_with_trigger']) retrieved from /home/airflow/.local/lib/python3.8/site-packages/airflow/example_dags/example_latest_only_with_trigger.py
[2024-10-02T01:50:03.139+0000] {logging_mixin.py:151} INFO - [2024-10-02T01:50:03.136+0000] {dag.py:2915} INFO - Sync 1 DAGs
[2024-10-02T01:50:03.171+0000] {logging_mixin.py:151} INFO - [2024-10-02T01:50:03.170+0000] {dag.py:3696} INFO - Setting next_dagrun for latest_only_with_trigger to 2024-10-01T21:50:03.169461+00:00, run_after=2024-10-02T01:50:03.169461+00:00
[2024-10-02T01:50:03.200+0000] {processor.py:179} INFO - Processing /home/airflow/.local/lib/python3.8/site-packages/airflow/example_dags/example_latest_only_with_trigger.py took 0.155 seconds
[2024-10-02T01:50:33.940+0000] {processor.py:157} INFO - Started process (PID=245) to work on /home/airflow/.local/lib/python3.8/site-packages/airflow/example_dags/example_latest_only_with_trigger.py
[2024-10-02T01:50:33.942+0000] {processor.py:829} INFO - Processing file /home/airflow/.local/lib/python3.8/site-packages/airflow/example_dags/example_latest_only_with_trigger.py for tasks to queue
[2024-10-02T01:50:33.946+0000] {logging_mixin.py:151} INFO - [2024-10-02T01:50:33.946+0000] {dagbag.py:539} INFO - Filling up the DagBag from /home/airflow/.local/lib/python3.8/site-packages/airflow/example_dags/example_latest_only_with_trigger.py
[2024-10-02T01:50:33.958+0000] {processor.py:839} INFO - DAG(s) dict_keys(['latest_only_with_trigger']) retrieved from /home/airflow/.local/lib/python3.8/site-packages/airflow/example_dags/example_latest_only_with_trigger.py
[2024-10-02T01:50:33.990+0000] {logging_mixin.py:151} INFO - [2024-10-02T01:50:33.990+0000] {dag.py:2915} INFO - Sync 1 DAGs
[2024-10-02T01:50:34.020+0000] {logging_mixin.py:151} INFO - [2024-10-02T01:50:34.019+0000] {dag.py:3696} INFO - Setting next_dagrun for latest_only_with_trigger to 2024-10-01T21:50:34.018638+00:00, run_after=2024-10-02T01:50:34.018638+00:00
[2024-10-02T01:50:34.044+0000] {processor.py:179} INFO - Processing /home/airflow/.local/lib/python3.8/site-packages/airflow/example_dags/example_latest_only_with_trigger.py took 0.109 seconds
[2024-10-02T01:51:04.174+0000] {processor.py:157} INFO - Started process (PID=293) to work on /home/airflow/.local/lib/python3.8/site-packages/airflow/example_dags/example_latest_only_with_trigger.py
[2024-10-02T01:51:04.177+0000] {processor.py:829} INFO - Processing file /home/airflow/.local/lib/python3.8/site-packages/airflow/example_dags/example_latest_only_with_trigger.py for tasks to queue
[2024-10-02T01:51:04.182+0000] {logging_mixin.py:151} INFO - [2024-10-02T01:51:04.181+0000] {dagbag.py:539} INFO - Filling up the DagBag from /home/airflow/.local/lib/python3.8/site-packages/airflow/example_dags/example_latest_only_with_trigger.py
[2024-10-02T01:51:04.195+0000] {processor.py:839} INFO - DAG(s) dict_keys(['latest_only_with_trigger']) retrieved from /home/airflow/.local/lib/python3.8/site-packages/airflow/example_dags/example_latest_only_with_trigger.py
[2024-10-02T01:51:04.240+0000] {logging_mixin.py:151} INFO - [2024-10-02T01:51:04.239+0000] {dag.py:2915} INFO - Sync 1 DAGs
[2024-10-02T01:51:04.272+0000] {logging_mixin.py:151} INFO - [2024-10-02T01:51:04.272+0000] {dag.py:3696} INFO - Setting next_dagrun for latest_only_with_trigger to 2024-10-01T21:51:04.271331+00:00, run_after=2024-10-02T01:51:04.271331+00:00
[2024-10-02T01:51:04.300+0000] {processor.py:179} INFO - Processing /home/airflow/.local/lib/python3.8/site-packages/airflow/example_dags/example_latest_only_with_trigger.py took 0.129 seconds
[2024-10-02T01:51:34.363+0000] {processor.py:157} INFO - Started process (PID=340) to work on /home/airflow/.local/lib/python3.8/site-packages/airflow/example_dags/example_latest_only_with_trigger.py
[2024-10-02T01:51:34.366+0000] {processor.py:829} INFO - Processing file /home/airflow/.local/lib/python3.8/site-packages/airflow/example_dags/example_latest_only_with_trigger.py for tasks to queue
[2024-10-02T01:51:34.371+0000] {logging_mixin.py:151} INFO - [2024-10-02T01:51:34.370+0000] {dagbag.py:539} INFO - Filling up the DagBag from /home/airflow/.local/lib/python3.8/site-packages/airflow/example_dags/example_latest_only_with_trigger.py
[2024-10-02T01:51:34.384+0000] {processor.py:839} INFO - DAG(s) dict_keys(['latest_only_with_trigger']) retrieved from /home/airflow/.local/lib/python3.8/site-packages/airflow/example_dags/example_latest_only_with_trigger.py
[2024-10-02T01:51:34.417+0000] {logging_mixin.py:151} INFO - [2024-10-02T01:51:34.417+0000] {dag.py:2915} INFO - Sync 1 DAGs
[2024-10-02T01:51:34.446+0000] {logging_mixin.py:151} INFO - [2024-10-02T01:51:34.446+0000] {dag.py:3696} INFO - Setting next_dagrun for latest_only_with_trigger to 2024-10-01T21:51:34.445182+00:00, run_after=2024-10-02T01:51:34.445182+00:00
[2024-10-02T01:51:34.470+0000] {processor.py:179} INFO - Processing /home/airflow/.local/lib/python3.8/site-packages/airflow/example_dags/example_latest_only_with_trigger.py took 0.111 seconds
[2024-10-02T01:52:04.620+0000] {processor.py:157} INFO - Started process (PID=388) to work on /home/airflow/.local/lib/python3.8/site-packages/airflow/example_dags/example_latest_only_with_trigger.py
[2024-10-02T01:52:04.625+0000] {processor.py:829} INFO - Processing file /home/airflow/.local/lib/python3.8/site-packages/airflow/example_dags/example_latest_only_with_trigger.py for tasks to queue
[2024-10-02T01:52:04.630+0000] {logging_mixin.py:151} INFO - [2024-10-02T01:52:04.629+0000] {dagbag.py:539} INFO - Filling up the DagBag from /home/airflow/.local/lib/python3.8/site-packages/airflow/example_dags/example_latest_only_with_trigger.py
[2024-10-02T01:52:04.642+0000] {processor.py:839} INFO - DAG(s) dict_keys(['latest_only_with_trigger']) retrieved from /home/airflow/.local/lib/python3.8/site-packages/airflow/example_dags/example_latest_only_with_trigger.py
[2024-10-02T01:52:04.673+0000] {logging_mixin.py:151} INFO - [2024-10-02T01:52:04.673+0000] {dag.py:2915} INFO - Sync 1 DAGs
[2024-10-02T01:52:04.701+0000] {logging_mixin.py:151} INFO - [2024-10-02T01:52:04.701+0000] {dag.py:3696} INFO - Setting next_dagrun for latest_only_with_trigger to 2024-10-01T21:52:04.700563+00:00, run_after=2024-10-02T01:52:04.700563+00:00
[2024-10-02T01:52:04.726+0000] {processor.py:179} INFO - Processing /home/airflow/.local/lib/python3.8/site-packages/airflow/example_dags/example_latest_only_with_trigger.py took 0.110 seconds
[2024-10-02T01:52:34.803+0000] {processor.py:157} INFO - Started process (PID=435) to work on /home/airflow/.local/lib/python3.8/site-packages/airflow/example_dags/example_latest_only_with_trigger.py
[2024-10-02T01:52:34.805+0000] {processor.py:829} INFO - Processing file /home/airflow/.local/lib/python3.8/site-packages/airflow/example_dags/example_latest_only_with_trigger.py for tasks to queue
[2024-10-02T01:52:34.809+0000] {logging_mixin.py:151} INFO - [2024-10-02T01:52:34.808+0000] {dagbag.py:539} INFO - Filling up the DagBag from /home/airflow/.local/lib/python3.8/site-packages/airflow/example_dags/example_latest_only_with_trigger.py
[2024-10-02T01:52:34.821+0000] {processor.py:839} INFO - DAG(s) dict_keys(['latest_only_with_trigger']) retrieved from /home/airflow/.local/lib/python3.8/site-packages/airflow/example_dags/example_latest_only_with_trigger.py
[2024-10-02T01:52:34.852+0000] {logging_mixin.py:151} INFO - [2024-10-02T01:52:34.851+0000] {dag.py:2915} INFO - Sync 1 DAGs
[2024-10-02T01:52:34.883+0000] {logging_mixin.py:151} INFO - [2024-10-02T01:52:34.882+0000] {dag.py:3696} INFO - Setting next_dagrun for latest_only_with_trigger to 2024-10-01T21:52:34.881549+00:00, run_after=2024-10-02T01:52:34.881549+00:00
[2024-10-02T01:52:34.908+0000] {processor.py:179} INFO - Processing /home/airflow/.local/lib/python3.8/site-packages/airflow/example_dags/example_latest_only_with_trigger.py took 0.110 seconds
[2024-10-02T01:53:05.279+0000] {processor.py:157} INFO - Started process (PID=484) to work on /home/airflow/.local/lib/python3.8/site-packages/airflow/example_dags/example_latest_only_with_trigger.py
[2024-10-02T01:53:05.283+0000] {processor.py:829} INFO - Processing file /home/airflow/.local/lib/python3.8/site-packages/airflow/example_dags/example_latest_only_with_trigger.py for tasks to queue
[2024-10-02T01:53:05.290+0000] {logging_mixin.py:151} INFO - [2024-10-02T01:53:05.289+0000] {dagbag.py:539} INFO - Filling up the DagBag from /home/airflow/.local/lib/python3.8/site-packages/airflow/example_dags/example_latest_only_with_trigger.py
[2024-10-02T01:53:05.308+0000] {processor.py:839} INFO - DAG(s) dict_keys(['latest_only_with_trigger']) retrieved from /home/airflow/.local/lib/python3.8/site-packages/airflow/example_dags/example_latest_only_with_trigger.py
[2024-10-02T01:53:05.351+0000] {logging_mixin.py:151} INFO - [2024-10-02T01:53:05.351+0000] {dag.py:2915} INFO - Sync 1 DAGs
[2024-10-02T01:53:05.391+0000] {logging_mixin.py:151} INFO - [2024-10-02T01:53:05.390+0000] {dag.py:3696} INFO - Setting next_dagrun for latest_only_with_trigger to 2024-10-01T21:53:05.389319+00:00, run_after=2024-10-02T01:53:05.389319+00:00
[2024-10-02T01:53:05.426+0000] {processor.py:179} INFO - Processing /home/airflow/.local/lib/python3.8/site-packages/airflow/example_dags/example_latest_only_with_trigger.py took 0.152 seconds
[2024-10-02T01:53:35.884+0000] {processor.py:157} INFO - Started process (PID=532) to work on /home/airflow/.local/lib/python3.8/site-packages/airflow/example_dags/example_latest_only_with_trigger.py
[2024-10-02T01:53:35.886+0000] {processor.py:829} INFO - Processing file /home/airflow/.local/lib/python3.8/site-packages/airflow/example_dags/example_latest_only_with_trigger.py for tasks to queue
[2024-10-02T01:53:35.890+0000] {logging_mixin.py:151} INFO - [2024-10-02T01:53:35.889+0000] {dagbag.py:539} INFO - Filling up the DagBag from /home/airflow/.local/lib/python3.8/site-packages/airflow/example_dags/example_latest_only_with_trigger.py
[2024-10-02T01:53:35.902+0000] {processor.py:839} INFO - DAG(s) dict_keys(['latest_only_with_trigger']) retrieved from /home/airflow/.local/lib/python3.8/site-packages/airflow/example_dags/example_latest_only_with_trigger.py
[2024-10-02T01:53:35.938+0000] {logging_mixin.py:151} INFO - [2024-10-02T01:53:35.937+0000] {dag.py:2915} INFO - Sync 1 DAGs
[2024-10-02T01:53:35.974+0000] {logging_mixin.py:151} INFO - [2024-10-02T01:53:35.973+0000] {dag.py:3696} INFO - Setting next_dagrun for latest_only_with_trigger to 2024-10-01T21:53:35.971743+00:00, run_after=2024-10-02T01:53:35.971743+00:00
[2024-10-02T01:53:36.015+0000] {processor.py:179} INFO - Processing /home/airflow/.local/lib/python3.8/site-packages/airflow/example_dags/example_latest_only_with_trigger.py took 0.136 seconds
[2024-10-02T01:54:06.644+0000] {processor.py:157} INFO - Started process (PID=580) to work on /home/airflow/.local/lib/python3.8/site-packages/airflow/example_dags/example_latest_only_with_trigger.py
[2024-10-02T01:54:06.647+0000] {processor.py:829} INFO - Processing file /home/airflow/.local/lib/python3.8/site-packages/airflow/example_dags/example_latest_only_with_trigger.py for tasks to queue
[2024-10-02T01:54:06.651+0000] {logging_mixin.py:151} INFO - [2024-10-02T01:54:06.650+0000] {dagbag.py:539} INFO - Filling up the DagBag from /home/airflow/.local/lib/python3.8/site-packages/airflow/example_dags/example_latest_only_with_trigger.py
[2024-10-02T01:54:06.663+0000] {processor.py:839} INFO - DAG(s) dict_keys(['latest_only_with_trigger']) retrieved from /home/airflow/.local/lib/python3.8/site-packages/airflow/example_dags/example_latest_only_with_trigger.py
[2024-10-02T01:54:06.696+0000] {logging_mixin.py:151} INFO - [2024-10-02T01:54:06.695+0000] {dag.py:2915} INFO - Sync 1 DAGs
[2024-10-02T01:54:06.725+0000] {logging_mixin.py:151} INFO - [2024-10-02T01:54:06.724+0000] {dag.py:3696} INFO - Setting next_dagrun for latest_only_with_trigger to 2024-10-01T21:54:06.723664+00:00, run_after=2024-10-02T01:54:06.723664+00:00
[2024-10-02T01:54:06.752+0000] {processor.py:179} INFO - Processing /home/airflow/.local/lib/python3.8/site-packages/airflow/example_dags/example_latest_only_with_trigger.py took 0.111 seconds
[2024-10-02T01:57:19.661+0000] {processor.py:157} INFO - Started process (PID=614) to work on /home/airflow/.local/lib/python3.8/site-packages/airflow/example_dags/example_latest_only_with_trigger.py
[2024-10-02T01:57:19.670+0000] {processor.py:829} INFO - Processing file /home/airflow/.local/lib/python3.8/site-packages/airflow/example_dags/example_latest_only_with_trigger.py for tasks to queue
[2024-10-02T01:57:19.675+0000] {logging_mixin.py:151} INFO - [2024-10-02T01:57:19.674+0000] {dagbag.py:539} INFO - Filling up the DagBag from /home/airflow/.local/lib/python3.8/site-packages/airflow/example_dags/example_latest_only_with_trigger.py
[2024-10-02T01:57:19.694+0000] {processor.py:839} INFO - DAG(s) dict_keys(['latest_only_with_trigger']) retrieved from /home/airflow/.local/lib/python3.8/site-packages/airflow/example_dags/example_latest_only_with_trigger.py
[2024-10-02T01:57:19.733+0000] {logging_mixin.py:151} INFO - [2024-10-02T01:57:19.733+0000] {dag.py:2915} INFO - Sync 1 DAGs
[2024-10-02T01:57:19.768+0000] {logging_mixin.py:151} INFO - [2024-10-02T01:57:19.767+0000] {dag.py:3696} INFO - Setting next_dagrun for latest_only_with_trigger to 2024-10-01T21:57:19.766152+00:00, run_after=2024-10-02T01:57:19.766152+00:00
[2024-10-02T01:57:19.805+0000] {processor.py:179} INFO - Processing /home/airflow/.local/lib/python3.8/site-packages/airflow/example_dags/example_latest_only_with_trigger.py took 0.149 seconds
[2024-10-02T01:57:50.406+0000] {processor.py:157} INFO - Started process (PID=662) to work on /home/airflow/.local/lib/python3.8/site-packages/airflow/example_dags/example_latest_only_with_trigger.py
[2024-10-02T01:57:50.411+0000] {processor.py:829} INFO - Processing file /home/airflow/.local/lib/python3.8/site-packages/airflow/example_dags/example_latest_only_with_trigger.py for tasks to queue
[2024-10-02T01:57:50.416+0000] {logging_mixin.py:151} INFO - [2024-10-02T01:57:50.415+0000] {dagbag.py:539} INFO - Filling up the DagBag from /home/airflow/.local/lib/python3.8/site-packages/airflow/example_dags/example_latest_only_with_trigger.py
[2024-10-02T01:57:50.429+0000] {processor.py:839} INFO - DAG(s) dict_keys(['latest_only_with_trigger']) retrieved from /home/airflow/.local/lib/python3.8/site-packages/airflow/example_dags/example_latest_only_with_trigger.py
[2024-10-02T01:57:50.483+0000] {logging_mixin.py:151} INFO - [2024-10-02T01:57:50.483+0000] {dag.py:2915} INFO - Sync 1 DAGs
[2024-10-02T01:57:50.512+0000] {logging_mixin.py:151} INFO - [2024-10-02T01:57:50.511+0000] {dag.py:3696} INFO - Setting next_dagrun for latest_only_with_trigger to 2024-10-01T21:57:50.510656+00:00, run_after=2024-10-02T01:57:50.510656+00:00
[2024-10-02T01:57:50.541+0000] {processor.py:179} INFO - Processing /home/airflow/.local/lib/python3.8/site-packages/airflow/example_dags/example_latest_only_with_trigger.py took 0.139 seconds
[2024-10-02T01:58:20.669+0000] {processor.py:157} INFO - Started process (PID=709) to work on /home/airflow/.local/lib/python3.8/site-packages/airflow/example_dags/example_latest_only_with_trigger.py
[2024-10-02T01:58:20.672+0000] {processor.py:829} INFO - Processing file /home/airflow/.local/lib/python3.8/site-packages/airflow/example_dags/example_latest_only_with_trigger.py for tasks to queue
[2024-10-02T01:58:20.676+0000] {logging_mixin.py:151} INFO - [2024-10-02T01:58:20.676+0000] {dagbag.py:539} INFO - Filling up the DagBag from /home/airflow/.local/lib/python3.8/site-packages/airflow/example_dags/example_latest_only_with_trigger.py
[2024-10-02T01:58:20.688+0000] {processor.py:839} INFO - DAG(s) dict_keys(['latest_only_with_trigger']) retrieved from /home/airflow/.local/lib/python3.8/site-packages/airflow/example_dags/example_latest_only_with_trigger.py
[2024-10-02T01:58:20.723+0000] {logging_mixin.py:151} INFO - [2024-10-02T01:58:20.723+0000] {dag.py:2915} INFO - Sync 1 DAGs
[2024-10-02T01:58:20.753+0000] {logging_mixin.py:151} INFO - [2024-10-02T01:58:20.753+0000] {dag.py:3696} INFO - Setting next_dagrun for latest_only_with_trigger to 2024-10-01T21:58:20.752251+00:00, run_after=2024-10-02T01:58:20.752251+00:00
[2024-10-02T01:58:20.776+0000] {processor.py:179} INFO - Processing /home/airflow/.local/lib/python3.8/site-packages/airflow/example_dags/example_latest_only_with_trigger.py took 0.112 seconds
[2024-10-02T01:58:51.861+0000] {processor.py:157} INFO - Started process (PID=758) to work on /home/airflow/.local/lib/python3.8/site-packages/airflow/example_dags/example_latest_only_with_trigger.py
[2024-10-02T01:58:51.864+0000] {processor.py:829} INFO - Processing file /home/airflow/.local/lib/python3.8/site-packages/airflow/example_dags/example_latest_only_with_trigger.py for tasks to queue
[2024-10-02T01:58:51.870+0000] {logging_mixin.py:151} INFO - [2024-10-02T01:58:51.869+0000] {dagbag.py:539} INFO - Filling up the DagBag from /home/airflow/.local/lib/python3.8/site-packages/airflow/example_dags/example_latest_only_with_trigger.py
[2024-10-02T01:58:51.881+0000] {processor.py:839} INFO - DAG(s) dict_keys(['latest_only_with_trigger']) retrieved from /home/airflow/.local/lib/python3.8/site-packages/airflow/example_dags/example_latest_only_with_trigger.py
[2024-10-02T01:58:51.922+0000] {logging_mixin.py:151} INFO - [2024-10-02T01:58:51.921+0000] {dag.py:2915} INFO - Sync 1 DAGs
[2024-10-02T01:58:51.962+0000] {logging_mixin.py:151} INFO - [2024-10-02T01:58:51.961+0000] {dag.py:3696} INFO - Setting next_dagrun for latest_only_with_trigger to 2024-10-01T21:58:51.960092+00:00, run_after=2024-10-02T01:58:51.960092+00:00
[2024-10-02T01:58:52.002+0000] {processor.py:179} INFO - Processing /home/airflow/.local/lib/python3.8/site-packages/airflow/example_dags/example_latest_only_with_trigger.py took 0.145 seconds
[2024-10-02T01:59:23.670+0000] {processor.py:157} INFO - Started process (PID=806) to work on /home/airflow/.local/lib/python3.8/site-packages/airflow/example_dags/example_latest_only_with_trigger.py
[2024-10-02T01:59:23.675+0000] {processor.py:829} INFO - Processing file /home/airflow/.local/lib/python3.8/site-packages/airflow/example_dags/example_latest_only_with_trigger.py for tasks to queue
[2024-10-02T01:59:23.683+0000] {logging_mixin.py:151} INFO - [2024-10-02T01:59:23.682+0000] {dagbag.py:539} INFO - Filling up the DagBag from /home/airflow/.local/lib/python3.8/site-packages/airflow/example_dags/example_latest_only_with_trigger.py
[2024-10-02T01:59:23.704+0000] {processor.py:839} INFO - DAG(s) dict_keys(['latest_only_with_trigger']) retrieved from /home/airflow/.local/lib/python3.8/site-packages/airflow/example_dags/example_latest_only_with_trigger.py
[2024-10-02T01:59:23.751+0000] {logging_mixin.py:151} INFO - [2024-10-02T01:59:23.751+0000] {dag.py:2915} INFO - Sync 1 DAGs
[2024-10-02T01:59:23.791+0000] {logging_mixin.py:151} INFO - [2024-10-02T01:59:23.791+0000] {dag.py:3696} INFO - Setting next_dagrun for latest_only_with_trigger to 2024-10-01T21:59:23.789993+00:00, run_after=2024-10-02T01:59:23.789993+00:00
[2024-10-02T01:59:23.835+0000] {processor.py:179} INFO - Processing /home/airflow/.local/lib/python3.8/site-packages/airflow/example_dags/example_latest_only_with_trigger.py took 0.169 seconds
[2024-10-02T01:59:54.223+0000] {processor.py:157} INFO - Started process (PID=854) to work on /home/airflow/.local/lib/python3.8/site-packages/airflow/example_dags/example_latest_only_with_trigger.py
[2024-10-02T01:59:54.239+0000] {processor.py:829} INFO - Processing file /home/airflow/.local/lib/python3.8/site-packages/airflow/example_dags/example_latest_only_with_trigger.py for tasks to queue
[2024-10-02T01:59:54.243+0000] {logging_mixin.py:151} INFO - [2024-10-02T01:59:54.243+0000] {dagbag.py:539} INFO - Filling up the DagBag from /home/airflow/.local/lib/python3.8/site-packages/airflow/example_dags/example_latest_only_with_trigger.py
[2024-10-02T01:59:54.261+0000] {processor.py:839} INFO - DAG(s) dict_keys(['latest_only_with_trigger']) retrieved from /home/airflow/.local/lib/python3.8/site-packages/airflow/example_dags/example_latest_only_with_trigger.py
[2024-10-02T01:59:54.296+0000] {logging_mixin.py:151} INFO - [2024-10-02T01:59:54.296+0000] {dag.py:2915} INFO - Sync 1 DAGs
[2024-10-02T01:59:54.324+0000] {logging_mixin.py:151} INFO - [2024-10-02T01:59:54.324+0000] {dag.py:3696} INFO - Setting next_dagrun for latest_only_with_trigger to 2024-10-01T21:59:54.323177+00:00, run_after=2024-10-02T01:59:54.323177+00:00
[2024-10-02T01:59:54.350+0000] {processor.py:179} INFO - Processing /home/airflow/.local/lib/python3.8/site-packages/airflow/example_dags/example_latest_only_with_trigger.py took 0.132 seconds
[2024-10-02T02:00:25.414+0000] {processor.py:157} INFO - Started process (PID=902) to work on /home/airflow/.local/lib/python3.8/site-packages/airflow/example_dags/example_latest_only_with_trigger.py
[2024-10-02T02:00:25.419+0000] {processor.py:829} INFO - Processing file /home/airflow/.local/lib/python3.8/site-packages/airflow/example_dags/example_latest_only_with_trigger.py for tasks to queue
[2024-10-02T02:00:25.425+0000] {logging_mixin.py:151} INFO - [2024-10-02T02:00:25.424+0000] {dagbag.py:539} INFO - Filling up the DagBag from /home/airflow/.local/lib/python3.8/site-packages/airflow/example_dags/example_latest_only_with_trigger.py
[2024-10-02T02:00:25.439+0000] {processor.py:839} INFO - DAG(s) dict_keys(['latest_only_with_trigger']) retrieved from /home/airflow/.local/lib/python3.8/site-packages/airflow/example_dags/example_latest_only_with_trigger.py
[2024-10-02T02:00:25.489+0000] {logging_mixin.py:151} INFO - [2024-10-02T02:00:25.489+0000] {dag.py:2915} INFO - Sync 1 DAGs
[2024-10-02T02:00:25.516+0000] {logging_mixin.py:151} INFO - [2024-10-02T02:00:25.515+0000] {dag.py:3696} INFO - Setting next_dagrun for latest_only_with_trigger to 2024-10-01T22:00:25.514434+00:00, run_after=2024-10-02T02:00:25.514434+00:00
[2024-10-02T02:00:25.543+0000] {processor.py:179} INFO - Processing /home/airflow/.local/lib/python3.8/site-packages/airflow/example_dags/example_latest_only_with_trigger.py took 0.133 seconds
[2024-10-02T02:00:56.070+0000] {processor.py:157} INFO - Started process (PID=950) to work on /home/airflow/.local/lib/python3.8/site-packages/airflow/example_dags/example_latest_only_with_trigger.py
[2024-10-02T02:00:56.080+0000] {processor.py:829} INFO - Processing file /home/airflow/.local/lib/python3.8/site-packages/airflow/example_dags/example_latest_only_with_trigger.py for tasks to queue
[2024-10-02T02:00:56.094+0000] {logging_mixin.py:151} INFO - [2024-10-02T02:00:56.093+0000] {dagbag.py:539} INFO - Filling up the DagBag from /home/airflow/.local/lib/python3.8/site-packages/airflow/example_dags/example_latest_only_with_trigger.py
[2024-10-02T02:00:56.114+0000] {processor.py:839} INFO - DAG(s) dict_keys(['latest_only_with_trigger']) retrieved from /home/airflow/.local/lib/python3.8/site-packages/airflow/example_dags/example_latest_only_with_trigger.py
[2024-10-02T02:00:56.164+0000] {logging_mixin.py:151} INFO - [2024-10-02T02:00:56.163+0000] {dag.py:2915} INFO - Sync 1 DAGs
[2024-10-02T02:00:56.203+0000] {logging_mixin.py:151} INFO - [2024-10-02T02:00:56.203+0000] {dag.py:3696} INFO - Setting next_dagrun for latest_only_with_trigger to 2024-10-01T22:00:56.202191+00:00, run_after=2024-10-02T02:00:56.202191+00:00
[2024-10-02T02:00:56.239+0000] {processor.py:179} INFO - Processing /home/airflow/.local/lib/python3.8/site-packages/airflow/example_dags/example_latest_only_with_trigger.py took 0.178 seconds
[2024-10-02T02:03:23.344+0000] {processor.py:157} INFO - Started process (PID=53) to work on /home/airflow/.local/lib/python3.8/site-packages/airflow/example_dags/example_latest_only_with_trigger.py
[2024-10-02T02:03:23.355+0000] {processor.py:829} INFO - Processing file /home/airflow/.local/lib/python3.8/site-packages/airflow/example_dags/example_latest_only_with_trigger.py for tasks to queue
[2024-10-02T02:03:23.366+0000] {logging_mixin.py:151} INFO - [2024-10-02T02:03:23.365+0000] {dagbag.py:539} INFO - Filling up the DagBag from /home/airflow/.local/lib/python3.8/site-packages/airflow/example_dags/example_latest_only_with_trigger.py
[2024-10-02T02:03:23.390+0000] {processor.py:839} INFO - DAG(s) dict_keys(['latest_only_with_trigger']) retrieved from /home/airflow/.local/lib/python3.8/site-packages/airflow/example_dags/example_latest_only_with_trigger.py
[2024-10-02T02:03:23.549+0000] {logging_mixin.py:151} INFO - [2024-10-02T02:03:23.549+0000] {manager.py:499} INFO - Created Permission View: %s
[2024-10-02T02:03:23.579+0000] {logging_mixin.py:151} INFO - [2024-10-02T02:03:23.579+0000] {manager.py:499} INFO - Created Permission View: %s
[2024-10-02T02:03:23.598+0000] {logging_mixin.py:151} INFO - [2024-10-02T02:03:23.598+0000] {manager.py:499} INFO - Created Permission View: %s
[2024-10-02T02:03:23.603+0000] {logging_mixin.py:151} INFO - [2024-10-02T02:03:23.602+0000] {security.py:708} INFO - Not syncing DAG-level permissions for DAG 'DAG:latest_only_with_trigger' as access control is unset.
[2024-10-02T02:03:23.611+0000] {logging_mixin.py:151} INFO - [2024-10-02T02:03:23.610+0000] {dag.py:2915} INFO - Sync 1 DAGs
[2024-10-02T02:03:23.635+0000] {logging_mixin.py:151} INFO - [2024-10-02T02:03:23.635+0000] {dag.py:2937} INFO - Creating ORM DAG for latest_only_with_trigger
[2024-10-02T02:03:23.657+0000] {logging_mixin.py:151} INFO - [2024-10-02T02:03:23.656+0000] {dag.py:3696} INFO - Setting next_dagrun for latest_only_with_trigger to 2024-10-01T22:03:23.655735+00:00, run_after=2024-10-02T02:03:23.655735+00:00
[2024-10-02T02:03:23.686+0000] {processor.py:179} INFO - Processing /home/airflow/.local/lib/python3.8/site-packages/airflow/example_dags/example_latest_only_with_trigger.py took 0.347 seconds
[2024-10-02T02:06:20.937+0000] {processor.py:157} INFO - Started process (PID=53) to work on /home/airflow/.local/lib/python3.8/site-packages/airflow/example_dags/example_latest_only_with_trigger.py
[2024-10-02T02:06:20.941+0000] {processor.py:829} INFO - Processing file /home/airflow/.local/lib/python3.8/site-packages/airflow/example_dags/example_latest_only_with_trigger.py for tasks to queue
[2024-10-02T02:06:20.951+0000] {logging_mixin.py:151} INFO - [2024-10-02T02:06:20.950+0000] {dagbag.py:539} INFO - Filling up the DagBag from /home/airflow/.local/lib/python3.8/site-packages/airflow/example_dags/example_latest_only_with_trigger.py
[2024-10-02T02:06:20.971+0000] {processor.py:839} INFO - DAG(s) dict_keys(['latest_only_with_trigger']) retrieved from /home/airflow/.local/lib/python3.8/site-packages/airflow/example_dags/example_latest_only_with_trigger.py
[2024-10-02T02:06:21.233+0000] {logging_mixin.py:151} INFO - [2024-10-02T02:06:21.233+0000] {manager.py:499} INFO - Created Permission View: %s
[2024-10-02T02:06:21.264+0000] {logging_mixin.py:151} INFO - [2024-10-02T02:06:21.264+0000] {manager.py:499} INFO - Created Permission View: %s
[2024-10-02T02:06:21.290+0000] {logging_mixin.py:151} INFO - [2024-10-02T02:06:21.289+0000] {manager.py:499} INFO - Created Permission View: %s
[2024-10-02T02:06:21.299+0000] {logging_mixin.py:151} INFO - [2024-10-02T02:06:21.299+0000] {security.py:708} INFO - Not syncing DAG-level permissions for DAG 'DAG:latest_only_with_trigger' as access control is unset.
[2024-10-02T02:06:21.302+0000] {logging_mixin.py:151} INFO - [2024-10-02T02:06:21.301+0000] {dag.py:2915} INFO - Sync 1 DAGs
[2024-10-02T02:06:21.318+0000] {logging_mixin.py:151} INFO - [2024-10-02T02:06:21.318+0000] {dag.py:2937} INFO - Creating ORM DAG for latest_only_with_trigger
[2024-10-02T02:06:21.339+0000] {logging_mixin.py:151} INFO - [2024-10-02T02:06:21.338+0000] {dag.py:3696} INFO - Setting next_dagrun for latest_only_with_trigger to 2024-10-01T22:06:21.336832+00:00, run_after=2024-10-02T02:06:21.336832+00:00
[2024-10-02T02:06:21.387+0000] {processor.py:179} INFO - Processing /home/airflow/.local/lib/python3.8/site-packages/airflow/example_dags/example_latest_only_with_trigger.py took 0.454 seconds
[2024-10-02T02:06:52.012+0000] {processor.py:157} INFO - Started process (PID=101) to work on /home/airflow/.local/lib/python3.8/site-packages/airflow/example_dags/example_latest_only_with_trigger.py
[2024-10-02T02:06:52.014+0000] {processor.py:829} INFO - Processing file /home/airflow/.local/lib/python3.8/site-packages/airflow/example_dags/example_latest_only_with_trigger.py for tasks to queue
[2024-10-02T02:06:52.019+0000] {logging_mixin.py:151} INFO - [2024-10-02T02:06:52.018+0000] {dagbag.py:539} INFO - Filling up the DagBag from /home/airflow/.local/lib/python3.8/site-packages/airflow/example_dags/example_latest_only_with_trigger.py
[2024-10-02T02:06:52.033+0000] {processor.py:839} INFO - DAG(s) dict_keys(['latest_only_with_trigger']) retrieved from /home/airflow/.local/lib/python3.8/site-packages/airflow/example_dags/example_latest_only_with_trigger.py
[2024-10-02T02:06:52.088+0000] {logging_mixin.py:151} INFO - [2024-10-02T02:06:52.087+0000] {dag.py:2915} INFO - Sync 1 DAGs
[2024-10-02T02:06:52.114+0000] {logging_mixin.py:151} INFO - [2024-10-02T02:06:52.114+0000] {dag.py:3696} INFO - Setting next_dagrun for latest_only_with_trigger to 2024-10-01T22:06:52.113389+00:00, run_after=2024-10-02T02:06:52.113389+00:00
[2024-10-02T02:06:52.136+0000] {processor.py:179} INFO - Processing /home/airflow/.local/lib/python3.8/site-packages/airflow/example_dags/example_latest_only_with_trigger.py took 0.129 seconds
[2024-10-02T02:07:22.584+0000] {processor.py:157} INFO - Started process (PID=149) to work on /home/airflow/.local/lib/python3.8/site-packages/airflow/example_dags/example_latest_only_with_trigger.py
[2024-10-02T02:07:22.592+0000] {processor.py:829} INFO - Processing file /home/airflow/.local/lib/python3.8/site-packages/airflow/example_dags/example_latest_only_with_trigger.py for tasks to queue
[2024-10-02T02:07:22.601+0000] {logging_mixin.py:151} INFO - [2024-10-02T02:07:22.598+0000] {dagbag.py:539} INFO - Filling up the DagBag from /home/airflow/.local/lib/python3.8/site-packages/airflow/example_dags/example_latest_only_with_trigger.py
[2024-10-02T02:07:22.617+0000] {processor.py:839} INFO - DAG(s) dict_keys(['latest_only_with_trigger']) retrieved from /home/airflow/.local/lib/python3.8/site-packages/airflow/example_dags/example_latest_only_with_trigger.py
[2024-10-02T02:07:22.713+0000] {logging_mixin.py:151} INFO - [2024-10-02T02:07:22.713+0000] {dag.py:2915} INFO - Sync 1 DAGs
[2024-10-02T02:07:22.751+0000] {logging_mixin.py:151} INFO - [2024-10-02T02:07:22.751+0000] {dag.py:3696} INFO - Setting next_dagrun for latest_only_with_trigger to 2024-10-01T22:07:22.750117+00:00, run_after=2024-10-02T02:07:22.750117+00:00
[2024-10-02T02:07:22.797+0000] {processor.py:179} INFO - Processing /home/airflow/.local/lib/python3.8/site-packages/airflow/example_dags/example_latest_only_with_trigger.py took 0.220 seconds
[2024-10-02T02:07:53.523+0000] {processor.py:157} INFO - Started process (PID=197) to work on /home/airflow/.local/lib/python3.8/site-packages/airflow/example_dags/example_latest_only_with_trigger.py
[2024-10-02T02:07:53.532+0000] {processor.py:829} INFO - Processing file /home/airflow/.local/lib/python3.8/site-packages/airflow/example_dags/example_latest_only_with_trigger.py for tasks to queue
[2024-10-02T02:07:53.540+0000] {logging_mixin.py:151} INFO - [2024-10-02T02:07:53.539+0000] {dagbag.py:539} INFO - Filling up the DagBag from /home/airflow/.local/lib/python3.8/site-packages/airflow/example_dags/example_latest_only_with_trigger.py
[2024-10-02T02:07:53.559+0000] {processor.py:839} INFO - DAG(s) dict_keys(['latest_only_with_trigger']) retrieved from /home/airflow/.local/lib/python3.8/site-packages/airflow/example_dags/example_latest_only_with_trigger.py
[2024-10-02T02:07:53.592+0000] {logging_mixin.py:151} INFO - [2024-10-02T02:07:53.592+0000] {dag.py:2915} INFO - Sync 1 DAGs
[2024-10-02T02:07:53.628+0000] {logging_mixin.py:151} INFO - [2024-10-02T02:07:53.627+0000] {dag.py:3696} INFO - Setting next_dagrun for latest_only_with_trigger to 2024-10-01T22:07:53.626544+00:00, run_after=2024-10-02T02:07:53.626544+00:00
[2024-10-02T02:07:53.664+0000] {processor.py:179} INFO - Processing /home/airflow/.local/lib/python3.8/site-packages/airflow/example_dags/example_latest_only_with_trigger.py took 0.145 seconds
[2024-10-02T02:08:24.157+0000] {processor.py:157} INFO - Started process (PID=245) to work on /home/airflow/.local/lib/python3.8/site-packages/airflow/example_dags/example_latest_only_with_trigger.py
[2024-10-02T02:08:24.159+0000] {processor.py:829} INFO - Processing file /home/airflow/.local/lib/python3.8/site-packages/airflow/example_dags/example_latest_only_with_trigger.py for tasks to queue
[2024-10-02T02:08:24.163+0000] {logging_mixin.py:151} INFO - [2024-10-02T02:08:24.163+0000] {dagbag.py:539} INFO - Filling up the DagBag from /home/airflow/.local/lib/python3.8/site-packages/airflow/example_dags/example_latest_only_with_trigger.py
[2024-10-02T02:08:24.181+0000] {processor.py:839} INFO - DAG(s) dict_keys(['latest_only_with_trigger']) retrieved from /home/airflow/.local/lib/python3.8/site-packages/airflow/example_dags/example_latest_only_with_trigger.py
[2024-10-02T02:08:24.216+0000] {logging_mixin.py:151} INFO - [2024-10-02T02:08:24.216+0000] {dag.py:2915} INFO - Sync 1 DAGs
[2024-10-02T02:08:24.248+0000] {logging_mixin.py:151} INFO - [2024-10-02T02:08:24.248+0000] {dag.py:3696} INFO - Setting next_dagrun for latest_only_with_trigger to 2024-10-01T22:08:24.247112+00:00, run_after=2024-10-02T02:08:24.247112+00:00
[2024-10-02T02:08:24.293+0000] {processor.py:179} INFO - Processing /home/airflow/.local/lib/python3.8/site-packages/airflow/example_dags/example_latest_only_with_trigger.py took 0.141 seconds
[2024-10-02T02:08:54.489+0000] {processor.py:157} INFO - Started process (PID=293) to work on /home/airflow/.local/lib/python3.8/site-packages/airflow/example_dags/example_latest_only_with_trigger.py
[2024-10-02T02:08:54.492+0000] {processor.py:829} INFO - Processing file /home/airflow/.local/lib/python3.8/site-packages/airflow/example_dags/example_latest_only_with_trigger.py for tasks to queue
[2024-10-02T02:08:54.496+0000] {logging_mixin.py:151} INFO - [2024-10-02T02:08:54.496+0000] {dagbag.py:539} INFO - Filling up the DagBag from /home/airflow/.local/lib/python3.8/site-packages/airflow/example_dags/example_latest_only_with_trigger.py
[2024-10-02T02:08:54.508+0000] {processor.py:839} INFO - DAG(s) dict_keys(['latest_only_with_trigger']) retrieved from /home/airflow/.local/lib/python3.8/site-packages/airflow/example_dags/example_latest_only_with_trigger.py
[2024-10-02T02:08:54.550+0000] {logging_mixin.py:151} INFO - [2024-10-02T02:08:54.549+0000] {dag.py:2915} INFO - Sync 1 DAGs
[2024-10-02T02:08:54.599+0000] {logging_mixin.py:151} INFO - [2024-10-02T02:08:54.598+0000] {dag.py:3696} INFO - Setting next_dagrun for latest_only_with_trigger to 2024-10-01T22:08:54.596704+00:00, run_after=2024-10-02T02:08:54.596704+00:00
[2024-10-02T02:08:54.672+0000] {processor.py:179} INFO - Processing /home/airflow/.local/lib/python3.8/site-packages/airflow/example_dags/example_latest_only_with_trigger.py took 0.187 seconds
[2024-10-02T02:09:25.754+0000] {processor.py:157} INFO - Started process (PID=340) to work on /home/airflow/.local/lib/python3.8/site-packages/airflow/example_dags/example_latest_only_with_trigger.py
[2024-10-02T02:09:25.762+0000] {processor.py:829} INFO - Processing file /home/airflow/.local/lib/python3.8/site-packages/airflow/example_dags/example_latest_only_with_trigger.py for tasks to queue
[2024-10-02T02:09:25.769+0000] {logging_mixin.py:151} INFO - [2024-10-02T02:09:25.769+0000] {dagbag.py:539} INFO - Filling up the DagBag from /home/airflow/.local/lib/python3.8/site-packages/airflow/example_dags/example_latest_only_with_trigger.py
[2024-10-02T02:09:25.821+0000] {processor.py:839} INFO - DAG(s) dict_keys(['latest_only_with_trigger']) retrieved from /home/airflow/.local/lib/python3.8/site-packages/airflow/example_dags/example_latest_only_with_trigger.py
[2024-10-02T02:09:25.943+0000] {logging_mixin.py:151} INFO - [2024-10-02T02:09:25.939+0000] {dag.py:2915} INFO - Sync 1 DAGs
[2024-10-02T02:09:26.128+0000] {logging_mixin.py:151} INFO - [2024-10-02T02:09:26.128+0000] {dag.py:3696} INFO - Setting next_dagrun for latest_only_with_trigger to 2024-10-01T22:09:26.126892+00:00, run_after=2024-10-02T02:09:26.126892+00:00
[2024-10-02T02:09:26.212+0000] {processor.py:179} INFO - Processing /home/airflow/.local/lib/python3.8/site-packages/airflow/example_dags/example_latest_only_with_trigger.py took 0.464 seconds
[2024-10-02T02:09:56.574+0000] {processor.py:157} INFO - Started process (PID=388) to work on /home/airflow/.local/lib/python3.8/site-packages/airflow/example_dags/example_latest_only_with_trigger.py
[2024-10-02T02:09:56.580+0000] {processor.py:829} INFO - Processing file /home/airflow/.local/lib/python3.8/site-packages/airflow/example_dags/example_latest_only_with_trigger.py for tasks to queue
[2024-10-02T02:09:56.585+0000] {logging_mixin.py:151} INFO - [2024-10-02T02:09:56.584+0000] {dagbag.py:539} INFO - Filling up the DagBag from /home/airflow/.local/lib/python3.8/site-packages/airflow/example_dags/example_latest_only_with_trigger.py
[2024-10-02T02:09:56.603+0000] {processor.py:839} INFO - DAG(s) dict_keys(['latest_only_with_trigger']) retrieved from /home/airflow/.local/lib/python3.8/site-packages/airflow/example_dags/example_latest_only_with_trigger.py
[2024-10-02T02:09:56.638+0000] {logging_mixin.py:151} INFO - [2024-10-02T02:09:56.637+0000] {dag.py:2915} INFO - Sync 1 DAGs
[2024-10-02T02:09:56.667+0000] {logging_mixin.py:151} INFO - [2024-10-02T02:09:56.667+0000] {dag.py:3696} INFO - Setting next_dagrun for latest_only_with_trigger to 2024-10-01T22:09:56.666522+00:00, run_after=2024-10-02T02:09:56.666522+00:00
[2024-10-02T02:09:56.699+0000] {processor.py:179} INFO - Processing /home/airflow/.local/lib/python3.8/site-packages/airflow/example_dags/example_latest_only_with_trigger.py took 0.130 seconds
[2024-10-02T02:10:27.070+0000] {processor.py:157} INFO - Started process (PID=436) to work on /home/airflow/.local/lib/python3.8/site-packages/airflow/example_dags/example_latest_only_with_trigger.py
[2024-10-02T02:10:27.079+0000] {processor.py:829} INFO - Processing file /home/airflow/.local/lib/python3.8/site-packages/airflow/example_dags/example_latest_only_with_trigger.py for tasks to queue
[2024-10-02T02:10:27.089+0000] {logging_mixin.py:151} INFO - [2024-10-02T02:10:27.088+0000] {dagbag.py:539} INFO - Filling up the DagBag from /home/airflow/.local/lib/python3.8/site-packages/airflow/example_dags/example_latest_only_with_trigger.py
[2024-10-02T02:10:27.105+0000] {processor.py:839} INFO - DAG(s) dict_keys(['latest_only_with_trigger']) retrieved from /home/airflow/.local/lib/python3.8/site-packages/airflow/example_dags/example_latest_only_with_trigger.py
[2024-10-02T02:10:27.148+0000] {logging_mixin.py:151} INFO - [2024-10-02T02:10:27.148+0000] {dag.py:2915} INFO - Sync 1 DAGs
[2024-10-02T02:10:27.180+0000] {logging_mixin.py:151} INFO - [2024-10-02T02:10:27.180+0000] {dag.py:3696} INFO - Setting next_dagrun for latest_only_with_trigger to 2024-10-01T22:10:27.178994+00:00, run_after=2024-10-02T02:10:27.178994+00:00
[2024-10-02T02:10:27.207+0000] {processor.py:179} INFO - Processing /home/airflow/.local/lib/python3.8/site-packages/airflow/example_dags/example_latest_only_with_trigger.py took 0.143 seconds
