[2024-10-02T01:32:08.802+0000] {processor.py:157} INFO - Started process (PID=38) to work on /home/airflow/.local/lib/python3.8/site-packages/airflow/example_dags/example_params_trigger_ui.py
[2024-10-02T01:32:08.804+0000] {processor.py:829} INFO - Processing file /home/airflow/.local/lib/python3.8/site-packages/airflow/example_dags/example_params_trigger_ui.py for tasks to queue
[2024-10-02T01:32:08.811+0000] {logging_mixin.py:151} INFO - [2024-10-02T01:32:08.810+0000] {dagbag.py:539} INFO - Filling up the DagBag from /home/airflow/.local/lib/python3.8/site-packages/airflow/example_dags/example_params_trigger_ui.py
[2024-10-02T01:32:08.900+0000] {processor.py:839} INFO - DAG(s) dict_keys(['example_params_trigger_ui']) retrieved from /home/airflow/.local/lib/python3.8/site-packages/airflow/example_dags/example_params_trigger_ui.py
[2024-10-02T01:32:09.284+0000] {logging_mixin.py:151} INFO - [2024-10-02T01:32:09.284+0000] {manager.py:499} INFO - Created Permission View: %s
[2024-10-02T01:32:09.310+0000] {logging_mixin.py:151} INFO - [2024-10-02T01:32:09.310+0000] {manager.py:499} INFO - Created Permission View: %s
[2024-10-02T01:32:09.325+0000] {logging_mixin.py:151} INFO - [2024-10-02T01:32:09.324+0000] {manager.py:499} INFO - Created Permission View: %s
[2024-10-02T01:32:09.326+0000] {logging_mixin.py:151} INFO - [2024-10-02T01:32:09.326+0000] {security.py:708} INFO - Not syncing DAG-level permissions for DAG 'DAG:example_params_trigger_ui' as access control is unset.
[2024-10-02T01:32:09.326+0000] {logging_mixin.py:151} INFO - [2024-10-02T01:32:09.326+0000] {dag.py:2915} INFO - Sync 1 DAGs
[2024-10-02T01:32:09.340+0000] {logging_mixin.py:151} INFO - [2024-10-02T01:32:09.340+0000] {dag.py:2937} INFO - Creating ORM DAG for example_params_trigger_ui
[2024-10-02T01:32:09.341+0000] {logging_mixin.py:151} INFO - [2024-10-02T01:32:09.341+0000] {dag.py:3696} INFO - Setting next_dagrun for example_params_trigger_ui to None, run_after=None
[2024-10-02T01:32:09.374+0000] {processor.py:179} INFO - Processing /home/airflow/.local/lib/python3.8/site-packages/airflow/example_dags/example_params_trigger_ui.py took 0.591 seconds
[2024-10-02T01:32:40.247+0000] {processor.py:157} INFO - Started process (PID=86) to work on /home/airflow/.local/lib/python3.8/site-packages/airflow/example_dags/example_params_trigger_ui.py
[2024-10-02T01:32:40.250+0000] {processor.py:829} INFO - Processing file /home/airflow/.local/lib/python3.8/site-packages/airflow/example_dags/example_params_trigger_ui.py for tasks to queue
[2024-10-02T01:32:40.254+0000] {logging_mixin.py:151} INFO - [2024-10-02T01:32:40.253+0000] {dagbag.py:539} INFO - Filling up the DagBag from /home/airflow/.local/lib/python3.8/site-packages/airflow/example_dags/example_params_trigger_ui.py
[2024-10-02T01:32:40.286+0000] {processor.py:839} INFO - DAG(s) dict_keys(['example_params_trigger_ui']) retrieved from /home/airflow/.local/lib/python3.8/site-packages/airflow/example_dags/example_params_trigger_ui.py
[2024-10-02T01:32:40.357+0000] {logging_mixin.py:151} INFO - [2024-10-02T01:32:40.357+0000] {dag.py:2915} INFO - Sync 1 DAGs
[2024-10-02T01:32:40.376+0000] {logging_mixin.py:151} INFO - [2024-10-02T01:32:40.376+0000] {dag.py:3696} INFO - Setting next_dagrun for example_params_trigger_ui to None, run_after=None
[2024-10-02T01:32:40.403+0000] {processor.py:179} INFO - Processing /home/airflow/.local/lib/python3.8/site-packages/airflow/example_dags/example_params_trigger_ui.py took 0.161 seconds
[2024-10-02T01:33:10.791+0000] {processor.py:157} INFO - Started process (PID=134) to work on /home/airflow/.local/lib/python3.8/site-packages/airflow/example_dags/example_params_trigger_ui.py
[2024-10-02T01:33:10.797+0000] {processor.py:829} INFO - Processing file /home/airflow/.local/lib/python3.8/site-packages/airflow/example_dags/example_params_trigger_ui.py for tasks to queue
[2024-10-02T01:33:10.808+0000] {logging_mixin.py:151} INFO - [2024-10-02T01:33:10.808+0000] {dagbag.py:539} INFO - Filling up the DagBag from /home/airflow/.local/lib/python3.8/site-packages/airflow/example_dags/example_params_trigger_ui.py
[2024-10-02T01:33:10.992+0000] {processor.py:839} INFO - DAG(s) dict_keys(['example_params_trigger_ui']) retrieved from /home/airflow/.local/lib/python3.8/site-packages/airflow/example_dags/example_params_trigger_ui.py
[2024-10-02T01:33:11.115+0000] {logging_mixin.py:151} INFO - [2024-10-02T01:33:11.114+0000] {dag.py:2915} INFO - Sync 1 DAGs
[2024-10-02T01:33:11.138+0000] {logging_mixin.py:151} INFO - [2024-10-02T01:33:11.138+0000] {dag.py:3696} INFO - Setting next_dagrun for example_params_trigger_ui to None, run_after=None
[2024-10-02T01:33:11.170+0000] {processor.py:179} INFO - Processing /home/airflow/.local/lib/python3.8/site-packages/airflow/example_dags/example_params_trigger_ui.py took 0.389 seconds
[2024-10-02T01:33:41.547+0000] {processor.py:157} INFO - Started process (PID=182) to work on /home/airflow/.local/lib/python3.8/site-packages/airflow/example_dags/example_params_trigger_ui.py
[2024-10-02T01:33:41.551+0000] {processor.py:829} INFO - Processing file /home/airflow/.local/lib/python3.8/site-packages/airflow/example_dags/example_params_trigger_ui.py for tasks to queue
[2024-10-02T01:33:41.557+0000] {logging_mixin.py:151} INFO - [2024-10-02T01:33:41.556+0000] {dagbag.py:539} INFO - Filling up the DagBag from /home/airflow/.local/lib/python3.8/site-packages/airflow/example_dags/example_params_trigger_ui.py
[2024-10-02T01:33:41.587+0000] {processor.py:839} INFO - DAG(s) dict_keys(['example_params_trigger_ui']) retrieved from /home/airflow/.local/lib/python3.8/site-packages/airflow/example_dags/example_params_trigger_ui.py
[2024-10-02T01:33:41.660+0000] {logging_mixin.py:151} INFO - [2024-10-02T01:33:41.659+0000] {dag.py:2915} INFO - Sync 1 DAGs
[2024-10-02T01:33:41.680+0000] {logging_mixin.py:151} INFO - [2024-10-02T01:33:41.680+0000] {dag.py:3696} INFO - Setting next_dagrun for example_params_trigger_ui to None, run_after=None
[2024-10-02T01:33:41.712+0000] {processor.py:179} INFO - Processing /home/airflow/.local/lib/python3.8/site-packages/airflow/example_dags/example_params_trigger_ui.py took 0.169 seconds
[2024-10-02T01:34:12.260+0000] {processor.py:157} INFO - Started process (PID=230) to work on /home/airflow/.local/lib/python3.8/site-packages/airflow/example_dags/example_params_trigger_ui.py
[2024-10-02T01:34:12.263+0000] {processor.py:829} INFO - Processing file /home/airflow/.local/lib/python3.8/site-packages/airflow/example_dags/example_params_trigger_ui.py for tasks to queue
[2024-10-02T01:34:12.268+0000] {logging_mixin.py:151} INFO - [2024-10-02T01:34:12.267+0000] {dagbag.py:539} INFO - Filling up the DagBag from /home/airflow/.local/lib/python3.8/site-packages/airflow/example_dags/example_params_trigger_ui.py
[2024-10-02T01:34:12.304+0000] {processor.py:839} INFO - DAG(s) dict_keys(['example_params_trigger_ui']) retrieved from /home/airflow/.local/lib/python3.8/site-packages/airflow/example_dags/example_params_trigger_ui.py
[2024-10-02T01:34:12.376+0000] {logging_mixin.py:151} INFO - [2024-10-02T01:34:12.375+0000] {dag.py:2915} INFO - Sync 1 DAGs
[2024-10-02T01:34:12.397+0000] {logging_mixin.py:151} INFO - [2024-10-02T01:34:12.397+0000] {dag.py:3696} INFO - Setting next_dagrun for example_params_trigger_ui to None, run_after=None
[2024-10-02T01:34:12.432+0000] {processor.py:179} INFO - Processing /home/airflow/.local/lib/python3.8/site-packages/airflow/example_dags/example_params_trigger_ui.py took 0.177 seconds
[2024-10-02T01:34:42.972+0000] {processor.py:157} INFO - Started process (PID=278) to work on /home/airflow/.local/lib/python3.8/site-packages/airflow/example_dags/example_params_trigger_ui.py
[2024-10-02T01:34:42.976+0000] {processor.py:829} INFO - Processing file /home/airflow/.local/lib/python3.8/site-packages/airflow/example_dags/example_params_trigger_ui.py for tasks to queue
[2024-10-02T01:34:42.981+0000] {logging_mixin.py:151} INFO - [2024-10-02T01:34:42.981+0000] {dagbag.py:539} INFO - Filling up the DagBag from /home/airflow/.local/lib/python3.8/site-packages/airflow/example_dags/example_params_trigger_ui.py
[2024-10-02T01:34:43.014+0000] {processor.py:839} INFO - DAG(s) dict_keys(['example_params_trigger_ui']) retrieved from /home/airflow/.local/lib/python3.8/site-packages/airflow/example_dags/example_params_trigger_ui.py
[2024-10-02T01:34:43.092+0000] {logging_mixin.py:151} INFO - [2024-10-02T01:34:43.091+0000] {dag.py:2915} INFO - Sync 1 DAGs
[2024-10-02T01:34:43.112+0000] {logging_mixin.py:151} INFO - [2024-10-02T01:34:43.112+0000] {dag.py:3696} INFO - Setting next_dagrun for example_params_trigger_ui to None, run_after=None
[2024-10-02T01:34:43.141+0000] {processor.py:179} INFO - Processing /home/airflow/.local/lib/python3.8/site-packages/airflow/example_dags/example_params_trigger_ui.py took 0.174 seconds
[2024-10-02T01:35:13.285+0000] {processor.py:157} INFO - Started process (PID=326) to work on /home/airflow/.local/lib/python3.8/site-packages/airflow/example_dags/example_params_trigger_ui.py
[2024-10-02T01:35:13.292+0000] {processor.py:829} INFO - Processing file /home/airflow/.local/lib/python3.8/site-packages/airflow/example_dags/example_params_trigger_ui.py for tasks to queue
[2024-10-02T01:35:13.296+0000] {logging_mixin.py:151} INFO - [2024-10-02T01:35:13.295+0000] {dagbag.py:539} INFO - Filling up the DagBag from /home/airflow/.local/lib/python3.8/site-packages/airflow/example_dags/example_params_trigger_ui.py
[2024-10-02T01:35:13.342+0000] {processor.py:839} INFO - DAG(s) dict_keys(['example_params_trigger_ui']) retrieved from /home/airflow/.local/lib/python3.8/site-packages/airflow/example_dags/example_params_trigger_ui.py
[2024-10-02T01:35:13.414+0000] {logging_mixin.py:151} INFO - [2024-10-02T01:35:13.413+0000] {dag.py:2915} INFO - Sync 1 DAGs
[2024-10-02T01:35:13.446+0000] {logging_mixin.py:151} INFO - [2024-10-02T01:35:13.446+0000] {dag.py:3696} INFO - Setting next_dagrun for example_params_trigger_ui to None, run_after=None
[2024-10-02T01:35:13.487+0000] {processor.py:179} INFO - Processing /home/airflow/.local/lib/python3.8/site-packages/airflow/example_dags/example_params_trigger_ui.py took 0.207 seconds
[2024-10-02T01:35:43.868+0000] {processor.py:157} INFO - Started process (PID=374) to work on /home/airflow/.local/lib/python3.8/site-packages/airflow/example_dags/example_params_trigger_ui.py
[2024-10-02T01:35:43.871+0000] {processor.py:829} INFO - Processing file /home/airflow/.local/lib/python3.8/site-packages/airflow/example_dags/example_params_trigger_ui.py for tasks to queue
[2024-10-02T01:35:43.876+0000] {logging_mixin.py:151} INFO - [2024-10-02T01:35:43.875+0000] {dagbag.py:539} INFO - Filling up the DagBag from /home/airflow/.local/lib/python3.8/site-packages/airflow/example_dags/example_params_trigger_ui.py
[2024-10-02T01:35:43.907+0000] {processor.py:839} INFO - DAG(s) dict_keys(['example_params_trigger_ui']) retrieved from /home/airflow/.local/lib/python3.8/site-packages/airflow/example_dags/example_params_trigger_ui.py
[2024-10-02T01:35:43.991+0000] {logging_mixin.py:151} INFO - [2024-10-02T01:35:43.990+0000] {dag.py:2915} INFO - Sync 1 DAGs
[2024-10-02T01:35:44.010+0000] {logging_mixin.py:151} INFO - [2024-10-02T01:35:44.009+0000] {dag.py:3696} INFO - Setting next_dagrun for example_params_trigger_ui to None, run_after=None
[2024-10-02T01:35:44.047+0000] {processor.py:179} INFO - Processing /home/airflow/.local/lib/python3.8/site-packages/airflow/example_dags/example_params_trigger_ui.py took 0.183 seconds
[2024-10-02T01:36:14.257+0000] {processor.py:157} INFO - Started process (PID=422) to work on /home/airflow/.local/lib/python3.8/site-packages/airflow/example_dags/example_params_trigger_ui.py
[2024-10-02T01:36:14.259+0000] {processor.py:829} INFO - Processing file /home/airflow/.local/lib/python3.8/site-packages/airflow/example_dags/example_params_trigger_ui.py for tasks to queue
[2024-10-02T01:36:14.265+0000] {logging_mixin.py:151} INFO - [2024-10-02T01:36:14.264+0000] {dagbag.py:539} INFO - Filling up the DagBag from /home/airflow/.local/lib/python3.8/site-packages/airflow/example_dags/example_params_trigger_ui.py
[2024-10-02T01:36:14.300+0000] {processor.py:839} INFO - DAG(s) dict_keys(['example_params_trigger_ui']) retrieved from /home/airflow/.local/lib/python3.8/site-packages/airflow/example_dags/example_params_trigger_ui.py
[2024-10-02T01:36:14.381+0000] {logging_mixin.py:151} INFO - [2024-10-02T01:36:14.381+0000] {dag.py:2915} INFO - Sync 1 DAGs
[2024-10-02T01:36:14.402+0000] {logging_mixin.py:151} INFO - [2024-10-02T01:36:14.402+0000] {dag.py:3696} INFO - Setting next_dagrun for example_params_trigger_ui to None, run_after=None
[2024-10-02T01:36:14.435+0000] {processor.py:179} INFO - Processing /home/airflow/.local/lib/python3.8/site-packages/airflow/example_dags/example_params_trigger_ui.py took 0.184 seconds
[2024-10-02T01:36:44.714+0000] {processor.py:157} INFO - Started process (PID=470) to work on /home/airflow/.local/lib/python3.8/site-packages/airflow/example_dags/example_params_trigger_ui.py
[2024-10-02T01:36:44.717+0000] {processor.py:829} INFO - Processing file /home/airflow/.local/lib/python3.8/site-packages/airflow/example_dags/example_params_trigger_ui.py for tasks to queue
[2024-10-02T01:36:44.721+0000] {logging_mixin.py:151} INFO - [2024-10-02T01:36:44.721+0000] {dagbag.py:539} INFO - Filling up the DagBag from /home/airflow/.local/lib/python3.8/site-packages/airflow/example_dags/example_params_trigger_ui.py
[2024-10-02T01:36:44.757+0000] {processor.py:839} INFO - DAG(s) dict_keys(['example_params_trigger_ui']) retrieved from /home/airflow/.local/lib/python3.8/site-packages/airflow/example_dags/example_params_trigger_ui.py
[2024-10-02T01:36:44.839+0000] {logging_mixin.py:151} INFO - [2024-10-02T01:36:44.839+0000] {dag.py:2915} INFO - Sync 1 DAGs
[2024-10-02T01:36:44.860+0000] {logging_mixin.py:151} INFO - [2024-10-02T01:36:44.860+0000] {dag.py:3696} INFO - Setting next_dagrun for example_params_trigger_ui to None, run_after=None
[2024-10-02T01:36:44.888+0000] {processor.py:179} INFO - Processing /home/airflow/.local/lib/python3.8/site-packages/airflow/example_dags/example_params_trigger_ui.py took 0.181 seconds
[2024-10-02T01:37:14.997+0000] {processor.py:157} INFO - Started process (PID=518) to work on /home/airflow/.local/lib/python3.8/site-packages/airflow/example_dags/example_params_trigger_ui.py
[2024-10-02T01:37:15.001+0000] {processor.py:829} INFO - Processing file /home/airflow/.local/lib/python3.8/site-packages/airflow/example_dags/example_params_trigger_ui.py for tasks to queue
[2024-10-02T01:37:15.006+0000] {logging_mixin.py:151} INFO - [2024-10-02T01:37:15.005+0000] {dagbag.py:539} INFO - Filling up the DagBag from /home/airflow/.local/lib/python3.8/site-packages/airflow/example_dags/example_params_trigger_ui.py
[2024-10-02T01:37:15.047+0000] {processor.py:839} INFO - DAG(s) dict_keys(['example_params_trigger_ui']) retrieved from /home/airflow/.local/lib/python3.8/site-packages/airflow/example_dags/example_params_trigger_ui.py
[2024-10-02T01:37:15.133+0000] {logging_mixin.py:151} INFO - [2024-10-02T01:37:15.132+0000] {dag.py:2915} INFO - Sync 1 DAGs
[2024-10-02T01:37:15.153+0000] {logging_mixin.py:151} INFO - [2024-10-02T01:37:15.152+0000] {dag.py:3696} INFO - Setting next_dagrun for example_params_trigger_ui to None, run_after=None
[2024-10-02T01:37:15.186+0000] {processor.py:179} INFO - Processing /home/airflow/.local/lib/python3.8/site-packages/airflow/example_dags/example_params_trigger_ui.py took 0.195 seconds
[2024-10-02T01:37:46.030+0000] {processor.py:157} INFO - Started process (PID=566) to work on /home/airflow/.local/lib/python3.8/site-packages/airflow/example_dags/example_params_trigger_ui.py
[2024-10-02T01:37:46.035+0000] {processor.py:829} INFO - Processing file /home/airflow/.local/lib/python3.8/site-packages/airflow/example_dags/example_params_trigger_ui.py for tasks to queue
[2024-10-02T01:37:46.041+0000] {logging_mixin.py:151} INFO - [2024-10-02T01:37:46.041+0000] {dagbag.py:539} INFO - Filling up the DagBag from /home/airflow/.local/lib/python3.8/site-packages/airflow/example_dags/example_params_trigger_ui.py
[2024-10-02T01:37:46.079+0000] {processor.py:839} INFO - DAG(s) dict_keys(['example_params_trigger_ui']) retrieved from /home/airflow/.local/lib/python3.8/site-packages/airflow/example_dags/example_params_trigger_ui.py
[2024-10-02T01:37:46.170+0000] {logging_mixin.py:151} INFO - [2024-10-02T01:37:46.169+0000] {dag.py:2915} INFO - Sync 1 DAGs
[2024-10-02T01:37:46.234+0000] {logging_mixin.py:151} INFO - [2024-10-02T01:37:46.234+0000] {dag.py:3696} INFO - Setting next_dagrun for example_params_trigger_ui to None, run_after=None
[2024-10-02T01:37:46.326+0000] {processor.py:179} INFO - Processing /home/airflow/.local/lib/python3.8/site-packages/airflow/example_dags/example_params_trigger_ui.py took 0.302 seconds
[2024-10-02T01:38:16.702+0000] {processor.py:157} INFO - Started process (PID=614) to work on /home/airflow/.local/lib/python3.8/site-packages/airflow/example_dags/example_params_trigger_ui.py
[2024-10-02T01:38:16.706+0000] {processor.py:829} INFO - Processing file /home/airflow/.local/lib/python3.8/site-packages/airflow/example_dags/example_params_trigger_ui.py for tasks to queue
[2024-10-02T01:38:16.711+0000] {logging_mixin.py:151} INFO - [2024-10-02T01:38:16.710+0000] {dagbag.py:539} INFO - Filling up the DagBag from /home/airflow/.local/lib/python3.8/site-packages/airflow/example_dags/example_params_trigger_ui.py
[2024-10-02T01:38:16.754+0000] {processor.py:839} INFO - DAG(s) dict_keys(['example_params_trigger_ui']) retrieved from /home/airflow/.local/lib/python3.8/site-packages/airflow/example_dags/example_params_trigger_ui.py
[2024-10-02T01:38:16.862+0000] {logging_mixin.py:151} INFO - [2024-10-02T01:38:16.862+0000] {dag.py:2915} INFO - Sync 1 DAGs
[2024-10-02T01:38:16.891+0000] {logging_mixin.py:151} INFO - [2024-10-02T01:38:16.891+0000] {dag.py:3696} INFO - Setting next_dagrun for example_params_trigger_ui to None, run_after=None
[2024-10-02T01:38:16.921+0000] {processor.py:179} INFO - Processing /home/airflow/.local/lib/python3.8/site-packages/airflow/example_dags/example_params_trigger_ui.py took 0.223 seconds
[2024-10-02T01:38:47.125+0000] {processor.py:157} INFO - Started process (PID=663) to work on /home/airflow/.local/lib/python3.8/site-packages/airflow/example_dags/example_params_trigger_ui.py
[2024-10-02T01:38:47.128+0000] {processor.py:829} INFO - Processing file /home/airflow/.local/lib/python3.8/site-packages/airflow/example_dags/example_params_trigger_ui.py for tasks to queue
[2024-10-02T01:38:47.135+0000] {logging_mixin.py:151} INFO - [2024-10-02T01:38:47.134+0000] {dagbag.py:539} INFO - Filling up the DagBag from /home/airflow/.local/lib/python3.8/site-packages/airflow/example_dags/example_params_trigger_ui.py
[2024-10-02T01:38:47.167+0000] {processor.py:839} INFO - DAG(s) dict_keys(['example_params_trigger_ui']) retrieved from /home/airflow/.local/lib/python3.8/site-packages/airflow/example_dags/example_params_trigger_ui.py
[2024-10-02T01:38:47.236+0000] {logging_mixin.py:151} INFO - [2024-10-02T01:38:47.236+0000] {dag.py:2915} INFO - Sync 1 DAGs
[2024-10-02T01:38:47.254+0000] {logging_mixin.py:151} INFO - [2024-10-02T01:38:47.253+0000] {dag.py:3696} INFO - Setting next_dagrun for example_params_trigger_ui to None, run_after=None
[2024-10-02T01:38:47.288+0000] {processor.py:179} INFO - Processing /home/airflow/.local/lib/python3.8/site-packages/airflow/example_dags/example_params_trigger_ui.py took 0.166 seconds
[2024-10-02T01:39:17.529+0000] {processor.py:157} INFO - Started process (PID=710) to work on /home/airflow/.local/lib/python3.8/site-packages/airflow/example_dags/example_params_trigger_ui.py
[2024-10-02T01:39:17.534+0000] {processor.py:829} INFO - Processing file /home/airflow/.local/lib/python3.8/site-packages/airflow/example_dags/example_params_trigger_ui.py for tasks to queue
[2024-10-02T01:39:17.542+0000] {logging_mixin.py:151} INFO - [2024-10-02T01:39:17.541+0000] {dagbag.py:539} INFO - Filling up the DagBag from /home/airflow/.local/lib/python3.8/site-packages/airflow/example_dags/example_params_trigger_ui.py
[2024-10-02T01:39:17.595+0000] {processor.py:839} INFO - DAG(s) dict_keys(['example_params_trigger_ui']) retrieved from /home/airflow/.local/lib/python3.8/site-packages/airflow/example_dags/example_params_trigger_ui.py
[2024-10-02T01:39:17.673+0000] {logging_mixin.py:151} INFO - [2024-10-02T01:39:17.672+0000] {dag.py:2915} INFO - Sync 1 DAGs
[2024-10-02T01:39:17.702+0000] {logging_mixin.py:151} INFO - [2024-10-02T01:39:17.702+0000] {dag.py:3696} INFO - Setting next_dagrun for example_params_trigger_ui to None, run_after=None
[2024-10-02T01:39:17.740+0000] {processor.py:179} INFO - Processing /home/airflow/.local/lib/python3.8/site-packages/airflow/example_dags/example_params_trigger_ui.py took 0.215 seconds
[2024-10-02T01:45:26.045+0000] {processor.py:157} INFO - Started process (PID=38) to work on /home/airflow/.local/lib/python3.8/site-packages/airflow/example_dags/example_params_trigger_ui.py
[2024-10-02T01:45:26.067+0000] {processor.py:829} INFO - Processing file /home/airflow/.local/lib/python3.8/site-packages/airflow/example_dags/example_params_trigger_ui.py for tasks to queue
[2024-10-02T01:45:26.083+0000] {logging_mixin.py:151} INFO - [2024-10-02T01:45:26.082+0000] {dagbag.py:539} INFO - Filling up the DagBag from /home/airflow/.local/lib/python3.8/site-packages/airflow/example_dags/example_params_trigger_ui.py
[2024-10-02T01:45:26.266+0000] {processor.py:839} INFO - DAG(s) dict_keys(['example_params_trigger_ui']) retrieved from /home/airflow/.local/lib/python3.8/site-packages/airflow/example_dags/example_params_trigger_ui.py
[2024-10-02T01:45:26.621+0000] {logging_mixin.py:151} INFO - [2024-10-02T01:45:26.621+0000] {manager.py:499} INFO - Created Permission View: %s
[2024-10-02T01:45:26.639+0000] {logging_mixin.py:151} INFO - [2024-10-02T01:45:26.639+0000] {manager.py:499} INFO - Created Permission View: %s
[2024-10-02T01:45:26.652+0000] {logging_mixin.py:151} INFO - [2024-10-02T01:45:26.652+0000] {manager.py:499} INFO - Created Permission View: %s
[2024-10-02T01:45:26.654+0000] {logging_mixin.py:151} INFO - [2024-10-02T01:45:26.654+0000] {security.py:708} INFO - Not syncing DAG-level permissions for DAG 'DAG:example_params_trigger_ui' as access control is unset.
[2024-10-02T01:45:26.656+0000] {logging_mixin.py:151} INFO - [2024-10-02T01:45:26.655+0000] {dag.py:2915} INFO - Sync 1 DAGs
[2024-10-02T01:45:26.696+0000] {logging_mixin.py:151} INFO - [2024-10-02T01:45:26.681+0000] {dag.py:2937} INFO - Creating ORM DAG for example_params_trigger_ui
[2024-10-02T01:45:26.749+0000] {logging_mixin.py:151} INFO - [2024-10-02T01:45:26.748+0000] {dag.py:3696} INFO - Setting next_dagrun for example_params_trigger_ui to None, run_after=None
[2024-10-02T01:45:26.845+0000] {processor.py:179} INFO - Processing /home/airflow/.local/lib/python3.8/site-packages/airflow/example_dags/example_params_trigger_ui.py took 0.814 seconds
[2024-10-02T01:45:56.974+0000] {processor.py:157} INFO - Started process (PID=86) to work on /home/airflow/.local/lib/python3.8/site-packages/airflow/example_dags/example_params_trigger_ui.py
[2024-10-02T01:45:56.977+0000] {processor.py:829} INFO - Processing file /home/airflow/.local/lib/python3.8/site-packages/airflow/example_dags/example_params_trigger_ui.py for tasks to queue
[2024-10-02T01:45:56.981+0000] {logging_mixin.py:151} INFO - [2024-10-02T01:45:56.980+0000] {dagbag.py:539} INFO - Filling up the DagBag from /home/airflow/.local/lib/python3.8/site-packages/airflow/example_dags/example_params_trigger_ui.py
[2024-10-02T01:45:57.010+0000] {processor.py:839} INFO - DAG(s) dict_keys(['example_params_trigger_ui']) retrieved from /home/airflow/.local/lib/python3.8/site-packages/airflow/example_dags/example_params_trigger_ui.py
[2024-10-02T01:45:57.075+0000] {logging_mixin.py:151} INFO - [2024-10-02T01:45:57.075+0000] {dag.py:2915} INFO - Sync 1 DAGs
[2024-10-02T01:45:57.093+0000] {logging_mixin.py:151} INFO - [2024-10-02T01:45:57.092+0000] {dag.py:3696} INFO - Setting next_dagrun for example_params_trigger_ui to None, run_after=None
[2024-10-02T01:45:57.116+0000] {processor.py:179} INFO - Processing /home/airflow/.local/lib/python3.8/site-packages/airflow/example_dags/example_params_trigger_ui.py took 0.146 seconds
[2024-10-02T01:46:56.102+0000] {processor.py:157} INFO - Started process (PID=38) to work on /home/airflow/.local/lib/python3.8/site-packages/airflow/example_dags/example_params_trigger_ui.py
[2024-10-02T01:46:56.121+0000] {processor.py:829} INFO - Processing file /home/airflow/.local/lib/python3.8/site-packages/airflow/example_dags/example_params_trigger_ui.py for tasks to queue
[2024-10-02T01:46:56.137+0000] {logging_mixin.py:151} INFO - [2024-10-02T01:46:56.136+0000] {dagbag.py:539} INFO - Filling up the DagBag from /home/airflow/.local/lib/python3.8/site-packages/airflow/example_dags/example_params_trigger_ui.py
[2024-10-02T01:46:56.431+0000] {processor.py:839} INFO - DAG(s) dict_keys(['example_params_trigger_ui']) retrieved from /home/airflow/.local/lib/python3.8/site-packages/airflow/example_dags/example_params_trigger_ui.py
[2024-10-02T01:46:56.514+0000] {logging_mixin.py:151} INFO - [2024-10-02T01:46:56.514+0000] {dag.py:2915} INFO - Sync 1 DAGs
[2024-10-02T01:46:56.569+0000] {logging_mixin.py:151} INFO - [2024-10-02T01:46:56.569+0000] {dag.py:3696} INFO - Setting next_dagrun for example_params_trigger_ui to None, run_after=None
[2024-10-02T01:46:56.653+0000] {processor.py:179} INFO - Processing /home/airflow/.local/lib/python3.8/site-packages/airflow/example_dags/example_params_trigger_ui.py took 0.560 seconds
[2024-10-02T01:47:26.783+0000] {processor.py:157} INFO - Started process (PID=86) to work on /home/airflow/.local/lib/python3.8/site-packages/airflow/example_dags/example_params_trigger_ui.py
[2024-10-02T01:47:26.786+0000] {processor.py:829} INFO - Processing file /home/airflow/.local/lib/python3.8/site-packages/airflow/example_dags/example_params_trigger_ui.py for tasks to queue
[2024-10-02T01:47:26.792+0000] {logging_mixin.py:151} INFO - [2024-10-02T01:47:26.790+0000] {dagbag.py:539} INFO - Filling up the DagBag from /home/airflow/.local/lib/python3.8/site-packages/airflow/example_dags/example_params_trigger_ui.py
[2024-10-02T01:47:26.831+0000] {processor.py:839} INFO - DAG(s) dict_keys(['example_params_trigger_ui']) retrieved from /home/airflow/.local/lib/python3.8/site-packages/airflow/example_dags/example_params_trigger_ui.py
[2024-10-02T01:47:26.921+0000] {logging_mixin.py:151} INFO - [2024-10-02T01:47:26.921+0000] {dag.py:2915} INFO - Sync 1 DAGs
[2024-10-02T01:47:26.951+0000] {logging_mixin.py:151} INFO - [2024-10-02T01:47:26.951+0000] {dag.py:3696} INFO - Setting next_dagrun for example_params_trigger_ui to None, run_after=None
[2024-10-02T01:47:26.984+0000] {processor.py:179} INFO - Processing /home/airflow/.local/lib/python3.8/site-packages/airflow/example_dags/example_params_trigger_ui.py took 0.206 seconds
[2024-10-02T01:48:23.648+0000] {processor.py:157} INFO - Started process (PID=38) to work on /home/airflow/.local/lib/python3.8/site-packages/airflow/example_dags/example_params_trigger_ui.py
[2024-10-02T01:48:23.663+0000] {processor.py:829} INFO - Processing file /home/airflow/.local/lib/python3.8/site-packages/airflow/example_dags/example_params_trigger_ui.py for tasks to queue
[2024-10-02T01:48:23.675+0000] {logging_mixin.py:151} INFO - [2024-10-02T01:48:23.675+0000] {dagbag.py:539} INFO - Filling up the DagBag from /home/airflow/.local/lib/python3.8/site-packages/airflow/example_dags/example_params_trigger_ui.py
[2024-10-02T01:48:23.885+0000] {processor.py:839} INFO - DAG(s) dict_keys(['example_params_trigger_ui']) retrieved from /home/airflow/.local/lib/python3.8/site-packages/airflow/example_dags/example_params_trigger_ui.py
[2024-10-02T01:48:23.929+0000] {logging_mixin.py:151} INFO - [2024-10-02T01:48:23.929+0000] {dag.py:2915} INFO - Sync 1 DAGs
[2024-10-02T01:48:23.956+0000] {logging_mixin.py:151} INFO - [2024-10-02T01:48:23.956+0000] {dag.py:3696} INFO - Setting next_dagrun for example_params_trigger_ui to None, run_after=None
[2024-10-02T01:48:24.051+0000] {processor.py:179} INFO - Processing /home/airflow/.local/lib/python3.8/site-packages/airflow/example_dags/example_params_trigger_ui.py took 0.442 seconds
[2024-10-02T01:48:54.245+0000] {processor.py:157} INFO - Started process (PID=86) to work on /home/airflow/.local/lib/python3.8/site-packages/airflow/example_dags/example_params_trigger_ui.py
[2024-10-02T01:48:54.248+0000] {processor.py:829} INFO - Processing file /home/airflow/.local/lib/python3.8/site-packages/airflow/example_dags/example_params_trigger_ui.py for tasks to queue
[2024-10-02T01:48:54.252+0000] {logging_mixin.py:151} INFO - [2024-10-02T01:48:54.252+0000] {dagbag.py:539} INFO - Filling up the DagBag from /home/airflow/.local/lib/python3.8/site-packages/airflow/example_dags/example_params_trigger_ui.py
[2024-10-02T01:48:54.281+0000] {processor.py:839} INFO - DAG(s) dict_keys(['example_params_trigger_ui']) retrieved from /home/airflow/.local/lib/python3.8/site-packages/airflow/example_dags/example_params_trigger_ui.py
[2024-10-02T01:48:54.356+0000] {logging_mixin.py:151} INFO - [2024-10-02T01:48:54.355+0000] {dag.py:2915} INFO - Sync 1 DAGs
[2024-10-02T01:48:54.372+0000] {logging_mixin.py:151} INFO - [2024-10-02T01:48:54.372+0000] {dag.py:3696} INFO - Setting next_dagrun for example_params_trigger_ui to None, run_after=None
[2024-10-02T01:48:54.395+0000] {processor.py:179} INFO - Processing /home/airflow/.local/lib/python3.8/site-packages/airflow/example_dags/example_params_trigger_ui.py took 0.153 seconds
[2024-10-02T01:49:24.543+0000] {processor.py:157} INFO - Started process (PID=134) to work on /home/airflow/.local/lib/python3.8/site-packages/airflow/example_dags/example_params_trigger_ui.py
[2024-10-02T01:49:24.545+0000] {processor.py:829} INFO - Processing file /home/airflow/.local/lib/python3.8/site-packages/airflow/example_dags/example_params_trigger_ui.py for tasks to queue
[2024-10-02T01:49:24.549+0000] {logging_mixin.py:151} INFO - [2024-10-02T01:49:24.549+0000] {dagbag.py:539} INFO - Filling up the DagBag from /home/airflow/.local/lib/python3.8/site-packages/airflow/example_dags/example_params_trigger_ui.py
[2024-10-02T01:49:24.575+0000] {processor.py:839} INFO - DAG(s) dict_keys(['example_params_trigger_ui']) retrieved from /home/airflow/.local/lib/python3.8/site-packages/airflow/example_dags/example_params_trigger_ui.py
[2024-10-02T01:49:24.641+0000] {logging_mixin.py:151} INFO - [2024-10-02T01:49:24.640+0000] {dag.py:2915} INFO - Sync 1 DAGs
[2024-10-02T01:49:24.655+0000] {logging_mixin.py:151} INFO - [2024-10-02T01:49:24.655+0000] {dag.py:3696} INFO - Setting next_dagrun for example_params_trigger_ui to None, run_after=None
[2024-10-02T01:49:24.677+0000] {processor.py:179} INFO - Processing /home/airflow/.local/lib/python3.8/site-packages/airflow/example_dags/example_params_trigger_ui.py took 0.139 seconds
[2024-10-02T01:49:55.107+0000] {processor.py:157} INFO - Started process (PID=182) to work on /home/airflow/.local/lib/python3.8/site-packages/airflow/example_dags/example_params_trigger_ui.py
[2024-10-02T01:49:55.115+0000] {processor.py:829} INFO - Processing file /home/airflow/.local/lib/python3.8/site-packages/airflow/example_dags/example_params_trigger_ui.py for tasks to queue
[2024-10-02T01:49:55.121+0000] {logging_mixin.py:151} INFO - [2024-10-02T01:49:55.121+0000] {dagbag.py:539} INFO - Filling up the DagBag from /home/airflow/.local/lib/python3.8/site-packages/airflow/example_dags/example_params_trigger_ui.py
[2024-10-02T01:49:55.149+0000] {processor.py:839} INFO - DAG(s) dict_keys(['example_params_trigger_ui']) retrieved from /home/airflow/.local/lib/python3.8/site-packages/airflow/example_dags/example_params_trigger_ui.py
[2024-10-02T01:49:55.225+0000] {logging_mixin.py:151} INFO - [2024-10-02T01:49:55.225+0000] {dag.py:2915} INFO - Sync 1 DAGs
[2024-10-02T01:49:55.252+0000] {logging_mixin.py:151} INFO - [2024-10-02T01:49:55.252+0000] {dag.py:3696} INFO - Setting next_dagrun for example_params_trigger_ui to None, run_after=None
[2024-10-02T01:49:55.294+0000] {processor.py:179} INFO - Processing /home/airflow/.local/lib/python3.8/site-packages/airflow/example_dags/example_params_trigger_ui.py took 0.191 seconds
[2024-10-02T01:50:26.237+0000] {processor.py:157} INFO - Started process (PID=230) to work on /home/airflow/.local/lib/python3.8/site-packages/airflow/example_dags/example_params_trigger_ui.py
[2024-10-02T01:50:26.239+0000] {processor.py:829} INFO - Processing file /home/airflow/.local/lib/python3.8/site-packages/airflow/example_dags/example_params_trigger_ui.py for tasks to queue
[2024-10-02T01:50:26.244+0000] {logging_mixin.py:151} INFO - [2024-10-02T01:50:26.243+0000] {dagbag.py:539} INFO - Filling up the DagBag from /home/airflow/.local/lib/python3.8/site-packages/airflow/example_dags/example_params_trigger_ui.py
[2024-10-02T01:50:26.273+0000] {processor.py:839} INFO - DAG(s) dict_keys(['example_params_trigger_ui']) retrieved from /home/airflow/.local/lib/python3.8/site-packages/airflow/example_dags/example_params_trigger_ui.py
[2024-10-02T01:50:26.350+0000] {logging_mixin.py:151} INFO - [2024-10-02T01:50:26.350+0000] {dag.py:2915} INFO - Sync 1 DAGs
[2024-10-02T01:50:26.368+0000] {logging_mixin.py:151} INFO - [2024-10-02T01:50:26.367+0000] {dag.py:3696} INFO - Setting next_dagrun for example_params_trigger_ui to None, run_after=None
[2024-10-02T01:50:26.392+0000] {processor.py:179} INFO - Processing /home/airflow/.local/lib/python3.8/site-packages/airflow/example_dags/example_params_trigger_ui.py took 0.159 seconds
[2024-10-02T01:50:56.497+0000] {processor.py:157} INFO - Started process (PID=278) to work on /home/airflow/.local/lib/python3.8/site-packages/airflow/example_dags/example_params_trigger_ui.py
[2024-10-02T01:50:56.500+0000] {processor.py:829} INFO - Processing file /home/airflow/.local/lib/python3.8/site-packages/airflow/example_dags/example_params_trigger_ui.py for tasks to queue
[2024-10-02T01:50:56.503+0000] {logging_mixin.py:151} INFO - [2024-10-02T01:50:56.502+0000] {dagbag.py:539} INFO - Filling up the DagBag from /home/airflow/.local/lib/python3.8/site-packages/airflow/example_dags/example_params_trigger_ui.py
[2024-10-02T01:50:56.533+0000] {processor.py:839} INFO - DAG(s) dict_keys(['example_params_trigger_ui']) retrieved from /home/airflow/.local/lib/python3.8/site-packages/airflow/example_dags/example_params_trigger_ui.py
[2024-10-02T01:50:56.600+0000] {logging_mixin.py:151} INFO - [2024-10-02T01:50:56.599+0000] {dag.py:2915} INFO - Sync 1 DAGs
[2024-10-02T01:50:56.624+0000] {logging_mixin.py:151} INFO - [2024-10-02T01:50:56.623+0000] {dag.py:3696} INFO - Setting next_dagrun for example_params_trigger_ui to None, run_after=None
[2024-10-02T01:50:56.654+0000] {processor.py:179} INFO - Processing /home/airflow/.local/lib/python3.8/site-packages/airflow/example_dags/example_params_trigger_ui.py took 0.162 seconds
[2024-10-02T01:51:27.021+0000] {processor.py:157} INFO - Started process (PID=326) to work on /home/airflow/.local/lib/python3.8/site-packages/airflow/example_dags/example_params_trigger_ui.py
[2024-10-02T01:51:27.024+0000] {processor.py:829} INFO - Processing file /home/airflow/.local/lib/python3.8/site-packages/airflow/example_dags/example_params_trigger_ui.py for tasks to queue
[2024-10-02T01:51:27.029+0000] {logging_mixin.py:151} INFO - [2024-10-02T01:51:27.028+0000] {dagbag.py:539} INFO - Filling up the DagBag from /home/airflow/.local/lib/python3.8/site-packages/airflow/example_dags/example_params_trigger_ui.py
[2024-10-02T01:51:27.057+0000] {processor.py:839} INFO - DAG(s) dict_keys(['example_params_trigger_ui']) retrieved from /home/airflow/.local/lib/python3.8/site-packages/airflow/example_dags/example_params_trigger_ui.py
[2024-10-02T01:51:27.121+0000] {logging_mixin.py:151} INFO - [2024-10-02T01:51:27.121+0000] {dag.py:2915} INFO - Sync 1 DAGs
[2024-10-02T01:51:27.138+0000] {logging_mixin.py:151} INFO - [2024-10-02T01:51:27.138+0000] {dag.py:3696} INFO - Setting next_dagrun for example_params_trigger_ui to None, run_after=None
[2024-10-02T01:51:27.167+0000] {processor.py:179} INFO - Processing /home/airflow/.local/lib/python3.8/site-packages/airflow/example_dags/example_params_trigger_ui.py took 0.150 seconds
[2024-10-02T01:51:57.282+0000] {processor.py:157} INFO - Started process (PID=374) to work on /home/airflow/.local/lib/python3.8/site-packages/airflow/example_dags/example_params_trigger_ui.py
[2024-10-02T01:51:57.284+0000] {processor.py:829} INFO - Processing file /home/airflow/.local/lib/python3.8/site-packages/airflow/example_dags/example_params_trigger_ui.py for tasks to queue
[2024-10-02T01:51:57.290+0000] {logging_mixin.py:151} INFO - [2024-10-02T01:51:57.289+0000] {dagbag.py:539} INFO - Filling up the DagBag from /home/airflow/.local/lib/python3.8/site-packages/airflow/example_dags/example_params_trigger_ui.py
[2024-10-02T01:51:57.316+0000] {processor.py:839} INFO - DAG(s) dict_keys(['example_params_trigger_ui']) retrieved from /home/airflow/.local/lib/python3.8/site-packages/airflow/example_dags/example_params_trigger_ui.py
[2024-10-02T01:51:57.380+0000] {logging_mixin.py:151} INFO - [2024-10-02T01:51:57.379+0000] {dag.py:2915} INFO - Sync 1 DAGs
[2024-10-02T01:51:57.397+0000] {logging_mixin.py:151} INFO - [2024-10-02T01:51:57.397+0000] {dag.py:3696} INFO - Setting next_dagrun for example_params_trigger_ui to None, run_after=None
[2024-10-02T01:51:57.421+0000] {processor.py:179} INFO - Processing /home/airflow/.local/lib/python3.8/site-packages/airflow/example_dags/example_params_trigger_ui.py took 0.143 seconds
[2024-10-02T01:52:27.527+0000] {processor.py:157} INFO - Started process (PID=422) to work on /home/airflow/.local/lib/python3.8/site-packages/airflow/example_dags/example_params_trigger_ui.py
[2024-10-02T01:52:27.530+0000] {processor.py:829} INFO - Processing file /home/airflow/.local/lib/python3.8/site-packages/airflow/example_dags/example_params_trigger_ui.py for tasks to queue
[2024-10-02T01:52:27.534+0000] {logging_mixin.py:151} INFO - [2024-10-02T01:52:27.533+0000] {dagbag.py:539} INFO - Filling up the DagBag from /home/airflow/.local/lib/python3.8/site-packages/airflow/example_dags/example_params_trigger_ui.py
[2024-10-02T01:52:27.563+0000] {processor.py:839} INFO - DAG(s) dict_keys(['example_params_trigger_ui']) retrieved from /home/airflow/.local/lib/python3.8/site-packages/airflow/example_dags/example_params_trigger_ui.py
[2024-10-02T01:52:27.626+0000] {logging_mixin.py:151} INFO - [2024-10-02T01:52:27.625+0000] {dag.py:2915} INFO - Sync 1 DAGs
[2024-10-02T01:52:27.648+0000] {logging_mixin.py:151} INFO - [2024-10-02T01:52:27.647+0000] {dag.py:3696} INFO - Setting next_dagrun for example_params_trigger_ui to None, run_after=None
[2024-10-02T01:52:27.679+0000] {processor.py:179} INFO - Processing /home/airflow/.local/lib/python3.8/site-packages/airflow/example_dags/example_params_trigger_ui.py took 0.157 seconds
[2024-10-02T01:52:58.273+0000] {processor.py:157} INFO - Started process (PID=470) to work on /home/airflow/.local/lib/python3.8/site-packages/airflow/example_dags/example_params_trigger_ui.py
[2024-10-02T01:52:58.299+0000] {processor.py:829} INFO - Processing file /home/airflow/.local/lib/python3.8/site-packages/airflow/example_dags/example_params_trigger_ui.py for tasks to queue
[2024-10-02T01:52:58.308+0000] {logging_mixin.py:151} INFO - [2024-10-02T01:52:58.307+0000] {dagbag.py:539} INFO - Filling up the DagBag from /home/airflow/.local/lib/python3.8/site-packages/airflow/example_dags/example_params_trigger_ui.py
[2024-10-02T01:52:58.342+0000] {processor.py:839} INFO - DAG(s) dict_keys(['example_params_trigger_ui']) retrieved from /home/airflow/.local/lib/python3.8/site-packages/airflow/example_dags/example_params_trigger_ui.py
[2024-10-02T01:52:58.407+0000] {logging_mixin.py:151} INFO - [2024-10-02T01:52:58.406+0000] {dag.py:2915} INFO - Sync 1 DAGs
[2024-10-02T01:52:58.423+0000] {logging_mixin.py:151} INFO - [2024-10-02T01:52:58.423+0000] {dag.py:3696} INFO - Setting next_dagrun for example_params_trigger_ui to None, run_after=None
[2024-10-02T01:52:58.448+0000] {processor.py:179} INFO - Processing /home/airflow/.local/lib/python3.8/site-packages/airflow/example_dags/example_params_trigger_ui.py took 0.183 seconds
[2024-10-02T01:53:28.586+0000] {processor.py:157} INFO - Started process (PID=518) to work on /home/airflow/.local/lib/python3.8/site-packages/airflow/example_dags/example_params_trigger_ui.py
[2024-10-02T01:53:28.590+0000] {processor.py:829} INFO - Processing file /home/airflow/.local/lib/python3.8/site-packages/airflow/example_dags/example_params_trigger_ui.py for tasks to queue
[2024-10-02T01:53:28.597+0000] {logging_mixin.py:151} INFO - [2024-10-02T01:53:28.597+0000] {dagbag.py:539} INFO - Filling up the DagBag from /home/airflow/.local/lib/python3.8/site-packages/airflow/example_dags/example_params_trigger_ui.py
[2024-10-02T01:53:28.632+0000] {processor.py:839} INFO - DAG(s) dict_keys(['example_params_trigger_ui']) retrieved from /home/airflow/.local/lib/python3.8/site-packages/airflow/example_dags/example_params_trigger_ui.py
[2024-10-02T01:53:28.705+0000] {logging_mixin.py:151} INFO - [2024-10-02T01:53:28.705+0000] {dag.py:2915} INFO - Sync 1 DAGs
[2024-10-02T01:53:28.720+0000] {logging_mixin.py:151} INFO - [2024-10-02T01:53:28.720+0000] {dag.py:3696} INFO - Setting next_dagrun for example_params_trigger_ui to None, run_after=None
[2024-10-02T01:53:28.740+0000] {processor.py:179} INFO - Processing /home/airflow/.local/lib/python3.8/site-packages/airflow/example_dags/example_params_trigger_ui.py took 0.158 seconds
[2024-10-02T01:53:59.459+0000] {processor.py:157} INFO - Started process (PID=566) to work on /home/airflow/.local/lib/python3.8/site-packages/airflow/example_dags/example_params_trigger_ui.py
[2024-10-02T01:53:59.461+0000] {processor.py:829} INFO - Processing file /home/airflow/.local/lib/python3.8/site-packages/airflow/example_dags/example_params_trigger_ui.py for tasks to queue
[2024-10-02T01:53:59.466+0000] {logging_mixin.py:151} INFO - [2024-10-02T01:53:59.465+0000] {dagbag.py:539} INFO - Filling up the DagBag from /home/airflow/.local/lib/python3.8/site-packages/airflow/example_dags/example_params_trigger_ui.py
[2024-10-02T01:53:59.494+0000] {processor.py:839} INFO - DAG(s) dict_keys(['example_params_trigger_ui']) retrieved from /home/airflow/.local/lib/python3.8/site-packages/airflow/example_dags/example_params_trigger_ui.py
[2024-10-02T01:53:59.558+0000] {logging_mixin.py:151} INFO - [2024-10-02T01:53:59.558+0000] {dag.py:2915} INFO - Sync 1 DAGs
[2024-10-02T01:53:59.577+0000] {logging_mixin.py:151} INFO - [2024-10-02T01:53:59.576+0000] {dag.py:3696} INFO - Setting next_dagrun for example_params_trigger_ui to None, run_after=None
[2024-10-02T01:53:59.604+0000] {processor.py:179} INFO - Processing /home/airflow/.local/lib/python3.8/site-packages/airflow/example_dags/example_params_trigger_ui.py took 0.149 seconds
[2024-10-02T01:57:16.920+0000] {processor.py:157} INFO - Started process (PID=599) to work on /home/airflow/.local/lib/python3.8/site-packages/airflow/example_dags/example_params_trigger_ui.py
[2024-10-02T01:57:16.923+0000] {processor.py:829} INFO - Processing file /home/airflow/.local/lib/python3.8/site-packages/airflow/example_dags/example_params_trigger_ui.py for tasks to queue
[2024-10-02T01:57:16.928+0000] {logging_mixin.py:151} INFO - [2024-10-02T01:57:16.927+0000] {dagbag.py:539} INFO - Filling up the DagBag from /home/airflow/.local/lib/python3.8/site-packages/airflow/example_dags/example_params_trigger_ui.py
[2024-10-02T01:57:16.968+0000] {processor.py:839} INFO - DAG(s) dict_keys(['example_params_trigger_ui']) retrieved from /home/airflow/.local/lib/python3.8/site-packages/airflow/example_dags/example_params_trigger_ui.py
[2024-10-02T01:57:17.207+0000] {logging_mixin.py:151} INFO - [2024-10-02T01:57:17.206+0000] {dag.py:2915} INFO - Sync 1 DAGs
[2024-10-02T01:57:17.226+0000] {logging_mixin.py:151} INFO - [2024-10-02T01:57:17.226+0000] {dag.py:3696} INFO - Setting next_dagrun for example_params_trigger_ui to None, run_after=None
[2024-10-02T01:57:17.302+0000] {processor.py:179} INFO - Processing /home/airflow/.local/lib/python3.8/site-packages/airflow/example_dags/example_params_trigger_ui.py took 0.386 seconds
[2024-10-02T01:57:48.015+0000] {processor.py:157} INFO - Started process (PID=647) to work on /home/airflow/.local/lib/python3.8/site-packages/airflow/example_dags/example_params_trigger_ui.py
[2024-10-02T01:57:48.021+0000] {processor.py:829} INFO - Processing file /home/airflow/.local/lib/python3.8/site-packages/airflow/example_dags/example_params_trigger_ui.py for tasks to queue
[2024-10-02T01:57:48.025+0000] {logging_mixin.py:151} INFO - [2024-10-02T01:57:48.025+0000] {dagbag.py:539} INFO - Filling up the DagBag from /home/airflow/.local/lib/python3.8/site-packages/airflow/example_dags/example_params_trigger_ui.py
[2024-10-02T01:57:48.120+0000] {processor.py:839} INFO - DAG(s) dict_keys(['example_params_trigger_ui']) retrieved from /home/airflow/.local/lib/python3.8/site-packages/airflow/example_dags/example_params_trigger_ui.py
[2024-10-02T01:57:48.211+0000] {logging_mixin.py:151} INFO - [2024-10-02T01:57:48.210+0000] {dag.py:2915} INFO - Sync 1 DAGs
[2024-10-02T01:57:48.228+0000] {logging_mixin.py:151} INFO - [2024-10-02T01:57:48.228+0000] {dag.py:3696} INFO - Setting next_dagrun for example_params_trigger_ui to None, run_after=None
[2024-10-02T01:57:48.260+0000] {processor.py:179} INFO - Processing /home/airflow/.local/lib/python3.8/site-packages/airflow/example_dags/example_params_trigger_ui.py took 0.254 seconds
[2024-10-02T01:58:18.854+0000] {processor.py:157} INFO - Started process (PID=695) to work on /home/airflow/.local/lib/python3.8/site-packages/airflow/example_dags/example_params_trigger_ui.py
[2024-10-02T01:58:18.864+0000] {processor.py:829} INFO - Processing file /home/airflow/.local/lib/python3.8/site-packages/airflow/example_dags/example_params_trigger_ui.py for tasks to queue
[2024-10-02T01:58:18.871+0000] {logging_mixin.py:151} INFO - [2024-10-02T01:58:18.870+0000] {dagbag.py:539} INFO - Filling up the DagBag from /home/airflow/.local/lib/python3.8/site-packages/airflow/example_dags/example_params_trigger_ui.py
[2024-10-02T01:58:18.911+0000] {processor.py:839} INFO - DAG(s) dict_keys(['example_params_trigger_ui']) retrieved from /home/airflow/.local/lib/python3.8/site-packages/airflow/example_dags/example_params_trigger_ui.py
[2024-10-02T01:58:18.981+0000] {logging_mixin.py:151} INFO - [2024-10-02T01:58:18.981+0000] {dag.py:2915} INFO - Sync 1 DAGs
[2024-10-02T01:58:18.997+0000] {logging_mixin.py:151} INFO - [2024-10-02T01:58:18.997+0000] {dag.py:3696} INFO - Setting next_dagrun for example_params_trigger_ui to None, run_after=None
[2024-10-02T01:58:19.028+0000] {processor.py:179} INFO - Processing /home/airflow/.local/lib/python3.8/site-packages/airflow/example_dags/example_params_trigger_ui.py took 0.179 seconds
[2024-10-02T01:58:49.764+0000] {processor.py:157} INFO - Started process (PID=743) to work on /home/airflow/.local/lib/python3.8/site-packages/airflow/example_dags/example_params_trigger_ui.py
[2024-10-02T01:58:49.771+0000] {processor.py:829} INFO - Processing file /home/airflow/.local/lib/python3.8/site-packages/airflow/example_dags/example_params_trigger_ui.py for tasks to queue
[2024-10-02T01:58:49.778+0000] {logging_mixin.py:151} INFO - [2024-10-02T01:58:49.775+0000] {dagbag.py:539} INFO - Filling up the DagBag from /home/airflow/.local/lib/python3.8/site-packages/airflow/example_dags/example_params_trigger_ui.py
[2024-10-02T01:58:49.822+0000] {processor.py:839} INFO - DAG(s) dict_keys(['example_params_trigger_ui']) retrieved from /home/airflow/.local/lib/python3.8/site-packages/airflow/example_dags/example_params_trigger_ui.py
[2024-10-02T01:58:49.918+0000] {logging_mixin.py:151} INFO - [2024-10-02T01:58:49.918+0000] {dag.py:2915} INFO - Sync 1 DAGs
[2024-10-02T01:58:49.940+0000] {logging_mixin.py:151} INFO - [2024-10-02T01:58:49.940+0000] {dag.py:3696} INFO - Setting next_dagrun for example_params_trigger_ui to None, run_after=None
[2024-10-02T01:58:49.967+0000] {processor.py:179} INFO - Processing /home/airflow/.local/lib/python3.8/site-packages/airflow/example_dags/example_params_trigger_ui.py took 0.207 seconds
[2024-10-02T01:59:20.561+0000] {processor.py:157} INFO - Started process (PID=791) to work on /home/airflow/.local/lib/python3.8/site-packages/airflow/example_dags/example_params_trigger_ui.py
[2024-10-02T01:59:20.567+0000] {processor.py:829} INFO - Processing file /home/airflow/.local/lib/python3.8/site-packages/airflow/example_dags/example_params_trigger_ui.py for tasks to queue
[2024-10-02T01:59:20.582+0000] {logging_mixin.py:151} INFO - [2024-10-02T01:59:20.580+0000] {dagbag.py:539} INFO - Filling up the DagBag from /home/airflow/.local/lib/python3.8/site-packages/airflow/example_dags/example_params_trigger_ui.py
[2024-10-02T01:59:20.637+0000] {processor.py:839} INFO - DAG(s) dict_keys(['example_params_trigger_ui']) retrieved from /home/airflow/.local/lib/python3.8/site-packages/airflow/example_dags/example_params_trigger_ui.py
[2024-10-02T01:59:20.717+0000] {logging_mixin.py:151} INFO - [2024-10-02T01:59:20.717+0000] {dag.py:2915} INFO - Sync 1 DAGs
[2024-10-02T01:59:20.746+0000] {logging_mixin.py:151} INFO - [2024-10-02T01:59:20.746+0000] {dag.py:3696} INFO - Setting next_dagrun for example_params_trigger_ui to None, run_after=None
[2024-10-02T01:59:20.775+0000] {processor.py:179} INFO - Processing /home/airflow/.local/lib/python3.8/site-packages/airflow/example_dags/example_params_trigger_ui.py took 0.218 seconds
[2024-10-02T01:59:51.440+0000] {processor.py:157} INFO - Started process (PID=839) to work on /home/airflow/.local/lib/python3.8/site-packages/airflow/example_dags/example_params_trigger_ui.py
[2024-10-02T01:59:51.443+0000] {processor.py:829} INFO - Processing file /home/airflow/.local/lib/python3.8/site-packages/airflow/example_dags/example_params_trigger_ui.py for tasks to queue
[2024-10-02T01:59:51.447+0000] {logging_mixin.py:151} INFO - [2024-10-02T01:59:51.447+0000] {dagbag.py:539} INFO - Filling up the DagBag from /home/airflow/.local/lib/python3.8/site-packages/airflow/example_dags/example_params_trigger_ui.py
[2024-10-02T01:59:51.485+0000] {processor.py:839} INFO - DAG(s) dict_keys(['example_params_trigger_ui']) retrieved from /home/airflow/.local/lib/python3.8/site-packages/airflow/example_dags/example_params_trigger_ui.py
[2024-10-02T01:59:51.608+0000] {logging_mixin.py:151} INFO - [2024-10-02T01:59:51.608+0000] {dag.py:2915} INFO - Sync 1 DAGs
[2024-10-02T01:59:51.629+0000] {logging_mixin.py:151} INFO - [2024-10-02T01:59:51.629+0000] {dag.py:3696} INFO - Setting next_dagrun for example_params_trigger_ui to None, run_after=None
[2024-10-02T01:59:51.674+0000] {processor.py:179} INFO - Processing /home/airflow/.local/lib/python3.8/site-packages/airflow/example_dags/example_params_trigger_ui.py took 0.238 seconds
[2024-10-02T02:00:22.215+0000] {processor.py:157} INFO - Started process (PID=887) to work on /home/airflow/.local/lib/python3.8/site-packages/airflow/example_dags/example_params_trigger_ui.py
[2024-10-02T02:00:22.226+0000] {processor.py:829} INFO - Processing file /home/airflow/.local/lib/python3.8/site-packages/airflow/example_dags/example_params_trigger_ui.py for tasks to queue
[2024-10-02T02:00:22.247+0000] {logging_mixin.py:151} INFO - [2024-10-02T02:00:22.246+0000] {dagbag.py:539} INFO - Filling up the DagBag from /home/airflow/.local/lib/python3.8/site-packages/airflow/example_dags/example_params_trigger_ui.py
[2024-10-02T02:00:22.291+0000] {processor.py:839} INFO - DAG(s) dict_keys(['example_params_trigger_ui']) retrieved from /home/airflow/.local/lib/python3.8/site-packages/airflow/example_dags/example_params_trigger_ui.py
[2024-10-02T02:00:22.398+0000] {logging_mixin.py:151} INFO - [2024-10-02T02:00:22.398+0000] {dag.py:2915} INFO - Sync 1 DAGs
[2024-10-02T02:00:22.419+0000] {logging_mixin.py:151} INFO - [2024-10-02T02:00:22.419+0000] {dag.py:3696} INFO - Setting next_dagrun for example_params_trigger_ui to None, run_after=None
[2024-10-02T02:00:22.470+0000] {processor.py:179} INFO - Processing /home/airflow/.local/lib/python3.8/site-packages/airflow/example_dags/example_params_trigger_ui.py took 0.262 seconds
[2024-10-02T02:00:52.630+0000] {processor.py:157} INFO - Started process (PID=935) to work on /home/airflow/.local/lib/python3.8/site-packages/airflow/example_dags/example_params_trigger_ui.py
[2024-10-02T02:00:52.633+0000] {processor.py:829} INFO - Processing file /home/airflow/.local/lib/python3.8/site-packages/airflow/example_dags/example_params_trigger_ui.py for tasks to queue
[2024-10-02T02:00:52.638+0000] {logging_mixin.py:151} INFO - [2024-10-02T02:00:52.637+0000] {dagbag.py:539} INFO - Filling up the DagBag from /home/airflow/.local/lib/python3.8/site-packages/airflow/example_dags/example_params_trigger_ui.py
[2024-10-02T02:00:52.669+0000] {processor.py:839} INFO - DAG(s) dict_keys(['example_params_trigger_ui']) retrieved from /home/airflow/.local/lib/python3.8/site-packages/airflow/example_dags/example_params_trigger_ui.py
[2024-10-02T02:00:52.768+0000] {logging_mixin.py:151} INFO - [2024-10-02T02:00:52.767+0000] {dag.py:2915} INFO - Sync 1 DAGs
[2024-10-02T02:00:52.801+0000] {logging_mixin.py:151} INFO - [2024-10-02T02:00:52.801+0000] {dag.py:3696} INFO - Setting next_dagrun for example_params_trigger_ui to None, run_after=None
[2024-10-02T02:00:52.955+0000] {processor.py:179} INFO - Processing /home/airflow/.local/lib/python3.8/site-packages/airflow/example_dags/example_params_trigger_ui.py took 0.330 seconds
[2024-10-02T02:01:23.359+0000] {processor.py:157} INFO - Started process (PID=983) to work on /home/airflow/.local/lib/python3.8/site-packages/airflow/example_dags/example_params_trigger_ui.py
[2024-10-02T02:01:23.362+0000] {processor.py:829} INFO - Processing file /home/airflow/.local/lib/python3.8/site-packages/airflow/example_dags/example_params_trigger_ui.py for tasks to queue
[2024-10-02T02:01:23.366+0000] {logging_mixin.py:151} INFO - [2024-10-02T02:01:23.366+0000] {dagbag.py:539} INFO - Filling up the DagBag from /home/airflow/.local/lib/python3.8/site-packages/airflow/example_dags/example_params_trigger_ui.py
[2024-10-02T02:01:23.401+0000] {processor.py:839} INFO - DAG(s) dict_keys(['example_params_trigger_ui']) retrieved from /home/airflow/.local/lib/python3.8/site-packages/airflow/example_dags/example_params_trigger_ui.py
[2024-10-02T02:01:23.479+0000] {logging_mixin.py:151} INFO - [2024-10-02T02:01:23.479+0000] {dag.py:2915} INFO - Sync 1 DAGs
[2024-10-02T02:01:23.499+0000] {logging_mixin.py:151} INFO - [2024-10-02T02:01:23.498+0000] {dag.py:3696} INFO - Setting next_dagrun for example_params_trigger_ui to None, run_after=None
[2024-10-02T02:01:23.525+0000] {processor.py:179} INFO - Processing /home/airflow/.local/lib/python3.8/site-packages/airflow/example_dags/example_params_trigger_ui.py took 0.171 seconds
[2024-10-02T02:03:14.308+0000] {processor.py:157} INFO - Started process (PID=38) to work on /home/airflow/.local/lib/python3.8/site-packages/airflow/example_dags/example_params_trigger_ui.py
[2024-10-02T02:03:14.321+0000] {processor.py:829} INFO - Processing file /home/airflow/.local/lib/python3.8/site-packages/airflow/example_dags/example_params_trigger_ui.py for tasks to queue
[2024-10-02T02:03:14.348+0000] {logging_mixin.py:151} INFO - [2024-10-02T02:03:14.347+0000] {dagbag.py:539} INFO - Filling up the DagBag from /home/airflow/.local/lib/python3.8/site-packages/airflow/example_dags/example_params_trigger_ui.py
[2024-10-02T02:03:14.454+0000] {processor.py:839} INFO - DAG(s) dict_keys(['example_params_trigger_ui']) retrieved from /home/airflow/.local/lib/python3.8/site-packages/airflow/example_dags/example_params_trigger_ui.py
[2024-10-02T02:03:15.130+0000] {logging_mixin.py:151} INFO - [2024-10-02T02:03:15.126+0000] {manager.py:499} INFO - Created Permission View: %s
[2024-10-02T02:03:15.207+0000] {logging_mixin.py:151} INFO - [2024-10-02T02:03:15.207+0000] {manager.py:499} INFO - Created Permission View: %s
[2024-10-02T02:03:15.261+0000] {logging_mixin.py:151} INFO - [2024-10-02T02:03:15.261+0000] {manager.py:499} INFO - Created Permission View: %s
[2024-10-02T02:03:15.265+0000] {logging_mixin.py:151} INFO - [2024-10-02T02:03:15.265+0000] {security.py:708} INFO - Not syncing DAG-level permissions for DAG 'DAG:example_params_trigger_ui' as access control is unset.
[2024-10-02T02:03:15.271+0000] {logging_mixin.py:151} INFO - [2024-10-02T02:03:15.271+0000] {dag.py:2915} INFO - Sync 1 DAGs
[2024-10-02T02:03:15.323+0000] {logging_mixin.py:151} INFO - [2024-10-02T02:03:15.313+0000] {dag.py:2937} INFO - Creating ORM DAG for example_params_trigger_ui
[2024-10-02T02:03:15.331+0000] {logging_mixin.py:151} INFO - [2024-10-02T02:03:15.330+0000] {dag.py:3696} INFO - Setting next_dagrun for example_params_trigger_ui to None, run_after=None
[2024-10-02T02:03:15.423+0000] {processor.py:179} INFO - Processing /home/airflow/.local/lib/python3.8/site-packages/airflow/example_dags/example_params_trigger_ui.py took 1.127 seconds
[2024-10-02T02:06:10.453+0000] {processor.py:157} INFO - Started process (PID=38) to work on /home/airflow/.local/lib/python3.8/site-packages/airflow/example_dags/example_params_trigger_ui.py
[2024-10-02T02:06:10.460+0000] {processor.py:829} INFO - Processing file /home/airflow/.local/lib/python3.8/site-packages/airflow/example_dags/example_params_trigger_ui.py for tasks to queue
[2024-10-02T02:06:10.466+0000] {logging_mixin.py:151} INFO - [2024-10-02T02:06:10.465+0000] {dagbag.py:539} INFO - Filling up the DagBag from /home/airflow/.local/lib/python3.8/site-packages/airflow/example_dags/example_params_trigger_ui.py
[2024-10-02T02:06:10.647+0000] {processor.py:839} INFO - DAG(s) dict_keys(['example_params_trigger_ui']) retrieved from /home/airflow/.local/lib/python3.8/site-packages/airflow/example_dags/example_params_trigger_ui.py
[2024-10-02T02:06:11.419+0000] {logging_mixin.py:151} INFO - [2024-10-02T02:06:11.419+0000] {manager.py:499} INFO - Created Permission View: %s
[2024-10-02T02:06:11.456+0000] {logging_mixin.py:151} INFO - [2024-10-02T02:06:11.455+0000] {manager.py:499} INFO - Created Permission View: %s
[2024-10-02T02:06:11.500+0000] {logging_mixin.py:151} INFO - [2024-10-02T02:06:11.499+0000] {manager.py:499} INFO - Created Permission View: %s
[2024-10-02T02:06:11.509+0000] {logging_mixin.py:151} INFO - [2024-10-02T02:06:11.508+0000] {security.py:708} INFO - Not syncing DAG-level permissions for DAG 'DAG:example_params_trigger_ui' as access control is unset.
[2024-10-02T02:06:11.523+0000] {logging_mixin.py:151} INFO - [2024-10-02T02:06:11.522+0000] {dag.py:2915} INFO - Sync 1 DAGs
[2024-10-02T02:06:11.575+0000] {logging_mixin.py:151} INFO - [2024-10-02T02:06:11.575+0000] {dag.py:2937} INFO - Creating ORM DAG for example_params_trigger_ui
[2024-10-02T02:06:11.590+0000] {logging_mixin.py:151} INFO - [2024-10-02T02:06:11.590+0000] {dag.py:3696} INFO - Setting next_dagrun for example_params_trigger_ui to None, run_after=None
[2024-10-02T02:06:11.738+0000] {processor.py:179} INFO - Processing /home/airflow/.local/lib/python3.8/site-packages/airflow/example_dags/example_params_trigger_ui.py took 1.297 seconds
[2024-10-02T02:06:41.993+0000] {processor.py:157} INFO - Started process (PID=86) to work on /home/airflow/.local/lib/python3.8/site-packages/airflow/example_dags/example_params_trigger_ui.py
[2024-10-02T02:06:41.995+0000] {processor.py:829} INFO - Processing file /home/airflow/.local/lib/python3.8/site-packages/airflow/example_dags/example_params_trigger_ui.py for tasks to queue
[2024-10-02T02:06:41.999+0000] {logging_mixin.py:151} INFO - [2024-10-02T02:06:41.998+0000] {dagbag.py:539} INFO - Filling up the DagBag from /home/airflow/.local/lib/python3.8/site-packages/airflow/example_dags/example_params_trigger_ui.py
[2024-10-02T02:06:42.029+0000] {processor.py:839} INFO - DAG(s) dict_keys(['example_params_trigger_ui']) retrieved from /home/airflow/.local/lib/python3.8/site-packages/airflow/example_dags/example_params_trigger_ui.py
[2024-10-02T02:06:42.109+0000] {logging_mixin.py:151} INFO - [2024-10-02T02:06:42.109+0000] {dag.py:2915} INFO - Sync 1 DAGs
[2024-10-02T02:06:42.129+0000] {logging_mixin.py:151} INFO - [2024-10-02T02:06:42.129+0000] {dag.py:3696} INFO - Setting next_dagrun for example_params_trigger_ui to None, run_after=None
[2024-10-02T02:06:42.151+0000] {processor.py:179} INFO - Processing /home/airflow/.local/lib/python3.8/site-packages/airflow/example_dags/example_params_trigger_ui.py took 0.162 seconds
[2024-10-02T02:07:12.411+0000] {processor.py:157} INFO - Started process (PID=134) to work on /home/airflow/.local/lib/python3.8/site-packages/airflow/example_dags/example_params_trigger_ui.py
[2024-10-02T02:07:12.422+0000] {processor.py:829} INFO - Processing file /home/airflow/.local/lib/python3.8/site-packages/airflow/example_dags/example_params_trigger_ui.py for tasks to queue
[2024-10-02T02:07:12.434+0000] {logging_mixin.py:151} INFO - [2024-10-02T02:07:12.434+0000] {dagbag.py:539} INFO - Filling up the DagBag from /home/airflow/.local/lib/python3.8/site-packages/airflow/example_dags/example_params_trigger_ui.py
[2024-10-02T02:07:12.489+0000] {processor.py:839} INFO - DAG(s) dict_keys(['example_params_trigger_ui']) retrieved from /home/airflow/.local/lib/python3.8/site-packages/airflow/example_dags/example_params_trigger_ui.py
[2024-10-02T02:07:12.560+0000] {logging_mixin.py:151} INFO - [2024-10-02T02:07:12.559+0000] {dag.py:2915} INFO - Sync 1 DAGs
[2024-10-02T02:07:12.582+0000] {logging_mixin.py:151} INFO - [2024-10-02T02:07:12.581+0000] {dag.py:3696} INFO - Setting next_dagrun for example_params_trigger_ui to None, run_after=None
[2024-10-02T02:07:12.640+0000] {processor.py:179} INFO - Processing /home/airflow/.local/lib/python3.8/site-packages/airflow/example_dags/example_params_trigger_ui.py took 0.235 seconds
[2024-10-02T02:07:42.742+0000] {processor.py:157} INFO - Started process (PID=182) to work on /home/airflow/.local/lib/python3.8/site-packages/airflow/example_dags/example_params_trigger_ui.py
[2024-10-02T02:07:42.745+0000] {processor.py:829} INFO - Processing file /home/airflow/.local/lib/python3.8/site-packages/airflow/example_dags/example_params_trigger_ui.py for tasks to queue
[2024-10-02T02:07:42.750+0000] {logging_mixin.py:151} INFO - [2024-10-02T02:07:42.749+0000] {dagbag.py:539} INFO - Filling up the DagBag from /home/airflow/.local/lib/python3.8/site-packages/airflow/example_dags/example_params_trigger_ui.py
[2024-10-02T02:07:42.779+0000] {processor.py:839} INFO - DAG(s) dict_keys(['example_params_trigger_ui']) retrieved from /home/airflow/.local/lib/python3.8/site-packages/airflow/example_dags/example_params_trigger_ui.py
[2024-10-02T02:07:42.843+0000] {logging_mixin.py:151} INFO - [2024-10-02T02:07:42.843+0000] {dag.py:2915} INFO - Sync 1 DAGs
[2024-10-02T02:07:42.859+0000] {logging_mixin.py:151} INFO - [2024-10-02T02:07:42.859+0000] {dag.py:3696} INFO - Setting next_dagrun for example_params_trigger_ui to None, run_after=None
[2024-10-02T02:07:42.883+0000] {processor.py:179} INFO - Processing /home/airflow/.local/lib/python3.8/site-packages/airflow/example_dags/example_params_trigger_ui.py took 0.146 seconds
[2024-10-02T02:08:13.238+0000] {processor.py:157} INFO - Started process (PID=230) to work on /home/airflow/.local/lib/python3.8/site-packages/airflow/example_dags/example_params_trigger_ui.py
[2024-10-02T02:08:13.257+0000] {processor.py:829} INFO - Processing file /home/airflow/.local/lib/python3.8/site-packages/airflow/example_dags/example_params_trigger_ui.py for tasks to queue
[2024-10-02T02:08:13.285+0000] {logging_mixin.py:151} INFO - [2024-10-02T02:08:13.283+0000] {dagbag.py:539} INFO - Filling up the DagBag from /home/airflow/.local/lib/python3.8/site-packages/airflow/example_dags/example_params_trigger_ui.py
[2024-10-02T02:08:13.423+0000] {processor.py:839} INFO - DAG(s) dict_keys(['example_params_trigger_ui']) retrieved from /home/airflow/.local/lib/python3.8/site-packages/airflow/example_dags/example_params_trigger_ui.py
[2024-10-02T02:08:13.539+0000] {logging_mixin.py:151} INFO - [2024-10-02T02:08:13.539+0000] {dag.py:2915} INFO - Sync 1 DAGs
[2024-10-02T02:08:13.566+0000] {logging_mixin.py:151} INFO - [2024-10-02T02:08:13.566+0000] {dag.py:3696} INFO - Setting next_dagrun for example_params_trigger_ui to None, run_after=None
[2024-10-02T02:08:13.611+0000] {processor.py:179} INFO - Processing /home/airflow/.local/lib/python3.8/site-packages/airflow/example_dags/example_params_trigger_ui.py took 0.404 seconds
[2024-10-02T02:08:44.031+0000] {processor.py:157} INFO - Started process (PID=278) to work on /home/airflow/.local/lib/python3.8/site-packages/airflow/example_dags/example_params_trigger_ui.py
[2024-10-02T02:08:44.036+0000] {processor.py:829} INFO - Processing file /home/airflow/.local/lib/python3.8/site-packages/airflow/example_dags/example_params_trigger_ui.py for tasks to queue
[2024-10-02T02:08:44.045+0000] {logging_mixin.py:151} INFO - [2024-10-02T02:08:44.045+0000] {dagbag.py:539} INFO - Filling up the DagBag from /home/airflow/.local/lib/python3.8/site-packages/airflow/example_dags/example_params_trigger_ui.py
[2024-10-02T02:08:44.103+0000] {processor.py:839} INFO - DAG(s) dict_keys(['example_params_trigger_ui']) retrieved from /home/airflow/.local/lib/python3.8/site-packages/airflow/example_dags/example_params_trigger_ui.py
[2024-10-02T02:08:44.187+0000] {logging_mixin.py:151} INFO - [2024-10-02T02:08:44.187+0000] {dag.py:2915} INFO - Sync 1 DAGs
[2024-10-02T02:08:44.210+0000] {logging_mixin.py:151} INFO - [2024-10-02T02:08:44.210+0000] {dag.py:3696} INFO - Setting next_dagrun for example_params_trigger_ui to None, run_after=None
[2024-10-02T02:08:44.239+0000] {processor.py:179} INFO - Processing /home/airflow/.local/lib/python3.8/site-packages/airflow/example_dags/example_params_trigger_ui.py took 0.222 seconds
[2024-10-02T02:09:14.767+0000] {processor.py:157} INFO - Started process (PID=326) to work on /home/airflow/.local/lib/python3.8/site-packages/airflow/example_dags/example_params_trigger_ui.py
[2024-10-02T02:09:14.778+0000] {processor.py:829} INFO - Processing file /home/airflow/.local/lib/python3.8/site-packages/airflow/example_dags/example_params_trigger_ui.py for tasks to queue
[2024-10-02T02:09:14.783+0000] {logging_mixin.py:151} INFO - [2024-10-02T02:09:14.781+0000] {dagbag.py:539} INFO - Filling up the DagBag from /home/airflow/.local/lib/python3.8/site-packages/airflow/example_dags/example_params_trigger_ui.py
[2024-10-02T02:09:14.832+0000] {processor.py:839} INFO - DAG(s) dict_keys(['example_params_trigger_ui']) retrieved from /home/airflow/.local/lib/python3.8/site-packages/airflow/example_dags/example_params_trigger_ui.py
[2024-10-02T02:09:14.896+0000] {logging_mixin.py:151} INFO - [2024-10-02T02:09:14.895+0000] {dag.py:2915} INFO - Sync 1 DAGs
[2024-10-02T02:09:14.920+0000] {logging_mixin.py:151} INFO - [2024-10-02T02:09:14.920+0000] {dag.py:3696} INFO - Setting next_dagrun for example_params_trigger_ui to None, run_after=None
[2024-10-02T02:09:14.946+0000] {processor.py:179} INFO - Processing /home/airflow/.local/lib/python3.8/site-packages/airflow/example_dags/example_params_trigger_ui.py took 0.184 seconds
[2024-10-02T02:09:45.902+0000] {processor.py:157} INFO - Started process (PID=374) to work on /home/airflow/.local/lib/python3.8/site-packages/airflow/example_dags/example_params_trigger_ui.py
[2024-10-02T02:09:45.905+0000] {processor.py:829} INFO - Processing file /home/airflow/.local/lib/python3.8/site-packages/airflow/example_dags/example_params_trigger_ui.py for tasks to queue
[2024-10-02T02:09:45.909+0000] {logging_mixin.py:151} INFO - [2024-10-02T02:09:45.908+0000] {dagbag.py:539} INFO - Filling up the DagBag from /home/airflow/.local/lib/python3.8/site-packages/airflow/example_dags/example_params_trigger_ui.py
[2024-10-02T02:09:45.950+0000] {processor.py:839} INFO - DAG(s) dict_keys(['example_params_trigger_ui']) retrieved from /home/airflow/.local/lib/python3.8/site-packages/airflow/example_dags/example_params_trigger_ui.py
[2024-10-02T02:09:46.047+0000] {logging_mixin.py:151} INFO - [2024-10-02T02:09:46.047+0000] {dag.py:2915} INFO - Sync 1 DAGs
[2024-10-02T02:09:46.068+0000] {logging_mixin.py:151} INFO - [2024-10-02T02:09:46.068+0000] {dag.py:3696} INFO - Setting next_dagrun for example_params_trigger_ui to None, run_after=None
[2024-10-02T02:09:46.135+0000] {processor.py:179} INFO - Processing /home/airflow/.local/lib/python3.8/site-packages/airflow/example_dags/example_params_trigger_ui.py took 0.237 seconds
[2024-10-02T02:10:16.454+0000] {processor.py:157} INFO - Started process (PID=422) to work on /home/airflow/.local/lib/python3.8/site-packages/airflow/example_dags/example_params_trigger_ui.py
[2024-10-02T02:10:16.457+0000] {processor.py:829} INFO - Processing file /home/airflow/.local/lib/python3.8/site-packages/airflow/example_dags/example_params_trigger_ui.py for tasks to queue
[2024-10-02T02:10:16.462+0000] {logging_mixin.py:151} INFO - [2024-10-02T02:10:16.461+0000] {dagbag.py:539} INFO - Filling up the DagBag from /home/airflow/.local/lib/python3.8/site-packages/airflow/example_dags/example_params_trigger_ui.py
[2024-10-02T02:10:16.505+0000] {processor.py:839} INFO - DAG(s) dict_keys(['example_params_trigger_ui']) retrieved from /home/airflow/.local/lib/python3.8/site-packages/airflow/example_dags/example_params_trigger_ui.py
[2024-10-02T02:10:16.577+0000] {logging_mixin.py:151} INFO - [2024-10-02T02:10:16.577+0000] {dag.py:2915} INFO - Sync 1 DAGs
[2024-10-02T02:10:16.592+0000] {logging_mixin.py:151} INFO - [2024-10-02T02:10:16.592+0000] {dag.py:3696} INFO - Setting next_dagrun for example_params_trigger_ui to None, run_after=None
[2024-10-02T02:10:16.618+0000] {processor.py:179} INFO - Processing /home/airflow/.local/lib/python3.8/site-packages/airflow/example_dags/example_params_trigger_ui.py took 0.169 seconds
