[2024-10-02 01:23:31,735] {scheduler_job.py:182} INFO - Started process (PID=49) to work on /home/airflow/.local/lib/python3.6/site-packages/airflow/example_dags/example_nested_branch_dag.py
[2024-10-02 01:23:31,738] {scheduler_job.py:629} INFO - Processing file /home/airflow/.local/lib/python3.6/site-packages/airflow/example_dags/example_nested_branch_dag.py for tasks to queue
[2024-10-02 01:23:31,741] {logging_mixin.py:104} INFO - [2024-10-02 01:23:31,741] {dagbag.py:451} INFO - Filling up the DagBag from /home/airflow/.local/lib/python3.6/site-packages/airflow/example_dags/example_nested_branch_dag.py
[2024-10-02 01:23:31,766] {scheduler_job.py:639} INFO - DAG(s) dict_keys(['example_nested_branch_dag']) retrieved from /home/airflow/.local/lib/python3.6/site-packages/airflow/example_dags/example_nested_branch_dag.py
[2024-10-02 01:23:32,230] {logging_mixin.py:104} INFO - [2024-10-02 01:23:32,230] {dag.py:1824} INFO - Sync 1 DAGs
[2024-10-02 01:23:32,247] {logging_mixin.py:104} INFO - [2024-10-02 01:23:32,247] {dag.py:1843} INFO - Creating ORM DAG for example_nested_branch_dag
[2024-10-02 01:23:32,272] {logging_mixin.py:104} INFO - [2024-10-02 01:23:32,272] {dag.py:2280} INFO - Setting next_dagrun for example_nested_branch_dag to 2024-09-30 00:00:00+00:00
[2024-10-02 01:23:32,305] {scheduler_job.py:190} INFO - Processing /home/airflow/.local/lib/python3.6/site-packages/airflow/example_dags/example_nested_branch_dag.py took 0.574 seconds
[2024-10-02 01:24:02,587] {scheduler_job.py:182} INFO - Started process (PID=73) to work on /home/airflow/.local/lib/python3.6/site-packages/airflow/example_dags/example_nested_branch_dag.py
[2024-10-02 01:24:02,591] {scheduler_job.py:629} INFO - Processing file /home/airflow/.local/lib/python3.6/site-packages/airflow/example_dags/example_nested_branch_dag.py for tasks to queue
[2024-10-02 01:24:02,595] {logging_mixin.py:104} INFO - [2024-10-02 01:24:02,594] {dagbag.py:451} INFO - Filling up the DagBag from /home/airflow/.local/lib/python3.6/site-packages/airflow/example_dags/example_nested_branch_dag.py
[2024-10-02 01:24:02,626] {scheduler_job.py:639} INFO - DAG(s) dict_keys(['example_nested_branch_dag']) retrieved from /home/airflow/.local/lib/python3.6/site-packages/airflow/example_dags/example_nested_branch_dag.py
[2024-10-02 01:24:02,657] {logging_mixin.py:104} INFO - [2024-10-02 01:24:02,657] {dag.py:1824} INFO - Sync 1 DAGs
[2024-10-02 01:24:02,679] {logging_mixin.py:104} INFO - [2024-10-02 01:24:02,679] {dag.py:2280} INFO - Setting next_dagrun for example_nested_branch_dag to 2024-09-30 00:00:00+00:00
[2024-10-02 01:24:02,688] {scheduler_job.py:190} INFO - Processing /home/airflow/.local/lib/python3.6/site-packages/airflow/example_dags/example_nested_branch_dag.py took 0.104 seconds
[2024-10-02 01:24:32,941] {scheduler_job.py:182} INFO - Started process (PID=100) to work on /home/airflow/.local/lib/python3.6/site-packages/airflow/example_dags/example_nested_branch_dag.py
[2024-10-02 01:24:32,944] {scheduler_job.py:629} INFO - Processing file /home/airflow/.local/lib/python3.6/site-packages/airflow/example_dags/example_nested_branch_dag.py for tasks to queue
[2024-10-02 01:24:32,948] {logging_mixin.py:104} INFO - [2024-10-02 01:24:32,948] {dagbag.py:451} INFO - Filling up the DagBag from /home/airflow/.local/lib/python3.6/site-packages/airflow/example_dags/example_nested_branch_dag.py
[2024-10-02 01:24:32,974] {scheduler_job.py:639} INFO - DAG(s) dict_keys(['example_nested_branch_dag']) retrieved from /home/airflow/.local/lib/python3.6/site-packages/airflow/example_dags/example_nested_branch_dag.py
[2024-10-02 01:24:33,002] {logging_mixin.py:104} INFO - [2024-10-02 01:24:33,002] {dag.py:1824} INFO - Sync 1 DAGs
[2024-10-02 01:24:33,026] {logging_mixin.py:104} INFO - [2024-10-02 01:24:33,026] {dag.py:2280} INFO - Setting next_dagrun for example_nested_branch_dag to 2024-09-30 00:00:00+00:00
[2024-10-02 01:24:33,037] {scheduler_job.py:190} INFO - Processing /home/airflow/.local/lib/python3.6/site-packages/airflow/example_dags/example_nested_branch_dag.py took 0.101 seconds
[2024-10-02 01:25:04,235] {scheduler_job.py:182} INFO - Started process (PID=128) to work on /home/airflow/.local/lib/python3.6/site-packages/airflow/example_dags/example_nested_branch_dag.py
[2024-10-02 01:25:04,239] {scheduler_job.py:629} INFO - Processing file /home/airflow/.local/lib/python3.6/site-packages/airflow/example_dags/example_nested_branch_dag.py for tasks to queue
[2024-10-02 01:25:04,242] {logging_mixin.py:104} INFO - [2024-10-02 01:25:04,242] {dagbag.py:451} INFO - Filling up the DagBag from /home/airflow/.local/lib/python3.6/site-packages/airflow/example_dags/example_nested_branch_dag.py
[2024-10-02 01:25:04,280] {scheduler_job.py:639} INFO - DAG(s) dict_keys(['example_nested_branch_dag']) retrieved from /home/airflow/.local/lib/python3.6/site-packages/airflow/example_dags/example_nested_branch_dag.py
[2024-10-02 01:25:04,325] {logging_mixin.py:104} INFO - [2024-10-02 01:25:04,325] {dag.py:1824} INFO - Sync 1 DAGs
[2024-10-02 01:25:04,358] {logging_mixin.py:104} INFO - [2024-10-02 01:25:04,355] {dag.py:2280} INFO - Setting next_dagrun for example_nested_branch_dag to 2024-09-30 00:00:00+00:00
[2024-10-02 01:25:04,372] {scheduler_job.py:190} INFO - Processing /home/airflow/.local/lib/python3.6/site-packages/airflow/example_dags/example_nested_branch_dag.py took 0.142 seconds
[2024-10-02 01:25:34,422] {scheduler_job.py:182} INFO - Started process (PID=155) to work on /home/airflow/.local/lib/python3.6/site-packages/airflow/example_dags/example_nested_branch_dag.py
[2024-10-02 01:25:34,424] {scheduler_job.py:629} INFO - Processing file /home/airflow/.local/lib/python3.6/site-packages/airflow/example_dags/example_nested_branch_dag.py for tasks to queue
[2024-10-02 01:25:34,426] {logging_mixin.py:104} INFO - [2024-10-02 01:25:34,426] {dagbag.py:451} INFO - Filling up the DagBag from /home/airflow/.local/lib/python3.6/site-packages/airflow/example_dags/example_nested_branch_dag.py
[2024-10-02 01:25:34,443] {scheduler_job.py:639} INFO - DAG(s) dict_keys(['example_nested_branch_dag']) retrieved from /home/airflow/.local/lib/python3.6/site-packages/airflow/example_dags/example_nested_branch_dag.py
[2024-10-02 01:25:34,469] {logging_mixin.py:104} INFO - [2024-10-02 01:25:34,468] {dag.py:1824} INFO - Sync 1 DAGs
[2024-10-02 01:25:34,487] {logging_mixin.py:104} INFO - [2024-10-02 01:25:34,487] {dag.py:2280} INFO - Setting next_dagrun for example_nested_branch_dag to 2024-09-30 00:00:00+00:00
[2024-10-02 01:25:34,495] {scheduler_job.py:190} INFO - Processing /home/airflow/.local/lib/python3.6/site-packages/airflow/example_dags/example_nested_branch_dag.py took 0.077 seconds
[2024-10-02 01:26:05,260] {scheduler_job.py:182} INFO - Started process (PID=178) to work on /home/airflow/.local/lib/python3.6/site-packages/airflow/example_dags/example_nested_branch_dag.py
[2024-10-02 01:26:05,266] {scheduler_job.py:629} INFO - Processing file /home/airflow/.local/lib/python3.6/site-packages/airflow/example_dags/example_nested_branch_dag.py for tasks to queue
[2024-10-02 01:26:05,269] {logging_mixin.py:104} INFO - [2024-10-02 01:26:05,269] {dagbag.py:451} INFO - Filling up the DagBag from /home/airflow/.local/lib/python3.6/site-packages/airflow/example_dags/example_nested_branch_dag.py
[2024-10-02 01:26:05,293] {scheduler_job.py:639} INFO - DAG(s) dict_keys(['example_nested_branch_dag']) retrieved from /home/airflow/.local/lib/python3.6/site-packages/airflow/example_dags/example_nested_branch_dag.py
[2024-10-02 01:26:05,330] {logging_mixin.py:104} INFO - [2024-10-02 01:26:05,328] {dag.py:1824} INFO - Sync 1 DAGs
[2024-10-02 01:26:05,376] {logging_mixin.py:104} INFO - [2024-10-02 01:26:05,376] {dag.py:2280} INFO - Setting next_dagrun for example_nested_branch_dag to 2024-09-30 00:00:00+00:00
[2024-10-02 01:26:05,393] {scheduler_job.py:190} INFO - Processing /home/airflow/.local/lib/python3.6/site-packages/airflow/example_dags/example_nested_branch_dag.py took 0.137 seconds
[2024-10-02 01:26:35,468] {scheduler_job.py:182} INFO - Started process (PID=204) to work on /home/airflow/.local/lib/python3.6/site-packages/airflow/example_dags/example_nested_branch_dag.py
[2024-10-02 01:26:35,472] {scheduler_job.py:629} INFO - Processing file /home/airflow/.local/lib/python3.6/site-packages/airflow/example_dags/example_nested_branch_dag.py for tasks to queue
[2024-10-02 01:26:35,473] {logging_mixin.py:104} INFO - [2024-10-02 01:26:35,473] {dagbag.py:451} INFO - Filling up the DagBag from /home/airflow/.local/lib/python3.6/site-packages/airflow/example_dags/example_nested_branch_dag.py
[2024-10-02 01:26:35,491] {scheduler_job.py:639} INFO - DAG(s) dict_keys(['example_nested_branch_dag']) retrieved from /home/airflow/.local/lib/python3.6/site-packages/airflow/example_dags/example_nested_branch_dag.py
[2024-10-02 01:26:35,519] {logging_mixin.py:104} INFO - [2024-10-02 01:26:35,519] {dag.py:1824} INFO - Sync 1 DAGs
[2024-10-02 01:26:35,537] {logging_mixin.py:104} INFO - [2024-10-02 01:26:35,537] {dag.py:2280} INFO - Setting next_dagrun for example_nested_branch_dag to 2024-09-30 00:00:00+00:00
[2024-10-02 01:26:35,546] {scheduler_job.py:190} INFO - Processing /home/airflow/.local/lib/python3.6/site-packages/airflow/example_dags/example_nested_branch_dag.py took 0.081 seconds
[2024-10-02 01:27:06,659] {scheduler_job.py:182} INFO - Started process (PID=236) to work on /home/airflow/.local/lib/python3.6/site-packages/airflow/example_dags/example_nested_branch_dag.py
[2024-10-02 01:27:06,662] {scheduler_job.py:629} INFO - Processing file /home/airflow/.local/lib/python3.6/site-packages/airflow/example_dags/example_nested_branch_dag.py for tasks to queue
[2024-10-02 01:27:06,663] {logging_mixin.py:104} INFO - [2024-10-02 01:27:06,662] {dagbag.py:451} INFO - Filling up the DagBag from /home/airflow/.local/lib/python3.6/site-packages/airflow/example_dags/example_nested_branch_dag.py
[2024-10-02 01:27:06,678] {scheduler_job.py:639} INFO - DAG(s) dict_keys(['example_nested_branch_dag']) retrieved from /home/airflow/.local/lib/python3.6/site-packages/airflow/example_dags/example_nested_branch_dag.py
[2024-10-02 01:27:06,759] {logging_mixin.py:104} INFO - [2024-10-02 01:27:06,759] {dag.py:1824} INFO - Sync 1 DAGs
[2024-10-02 01:27:06,781] {logging_mixin.py:104} INFO - [2024-10-02 01:27:06,781] {dag.py:2280} INFO - Setting next_dagrun for example_nested_branch_dag to 2024-09-30 00:00:00+00:00
[2024-10-02 01:27:06,842] {scheduler_job.py:190} INFO - Processing /home/airflow/.local/lib/python3.6/site-packages/airflow/example_dags/example_nested_branch_dag.py took 0.186 seconds
[2024-10-02 01:27:38,423] {scheduler_job.py:182} INFO - Started process (PID=259) to work on /home/airflow/.local/lib/python3.6/site-packages/airflow/example_dags/example_nested_branch_dag.py
[2024-10-02 01:27:38,428] {scheduler_job.py:629} INFO - Processing file /home/airflow/.local/lib/python3.6/site-packages/airflow/example_dags/example_nested_branch_dag.py for tasks to queue
[2024-10-02 01:27:38,439] {logging_mixin.py:104} INFO - [2024-10-02 01:27:38,439] {dagbag.py:451} INFO - Filling up the DagBag from /home/airflow/.local/lib/python3.6/site-packages/airflow/example_dags/example_nested_branch_dag.py
[2024-10-02 01:27:38,475] {scheduler_job.py:639} INFO - DAG(s) dict_keys(['example_nested_branch_dag']) retrieved from /home/airflow/.local/lib/python3.6/site-packages/airflow/example_dags/example_nested_branch_dag.py
[2024-10-02 01:27:38,534] {logging_mixin.py:104} INFO - [2024-10-02 01:27:38,534] {dag.py:1824} INFO - Sync 1 DAGs
[2024-10-02 01:27:38,574] {logging_mixin.py:104} INFO - [2024-10-02 01:27:38,574] {dag.py:2280} INFO - Setting next_dagrun for example_nested_branch_dag to 2024-09-30 00:00:00+00:00
[2024-10-02 01:27:38,585] {scheduler_job.py:190} INFO - Processing /home/airflow/.local/lib/python3.6/site-packages/airflow/example_dags/example_nested_branch_dag.py took 0.166 seconds
[2024-10-02 01:28:09,566] {scheduler_job.py:182} INFO - Started process (PID=287) to work on /home/airflow/.local/lib/python3.6/site-packages/airflow/example_dags/example_nested_branch_dag.py
[2024-10-02 01:28:09,568] {scheduler_job.py:629} INFO - Processing file /home/airflow/.local/lib/python3.6/site-packages/airflow/example_dags/example_nested_branch_dag.py for tasks to queue
[2024-10-02 01:28:09,570] {logging_mixin.py:104} INFO - [2024-10-02 01:28:09,570] {dagbag.py:451} INFO - Filling up the DagBag from /home/airflow/.local/lib/python3.6/site-packages/airflow/example_dags/example_nested_branch_dag.py
[2024-10-02 01:28:09,586] {scheduler_job.py:639} INFO - DAG(s) dict_keys(['example_nested_branch_dag']) retrieved from /home/airflow/.local/lib/python3.6/site-packages/airflow/example_dags/example_nested_branch_dag.py
[2024-10-02 01:28:09,607] {logging_mixin.py:104} INFO - [2024-10-02 01:28:09,607] {dag.py:1824} INFO - Sync 1 DAGs
[2024-10-02 01:28:09,641] {logging_mixin.py:104} INFO - [2024-10-02 01:28:09,641] {dag.py:2280} INFO - Setting next_dagrun for example_nested_branch_dag to 2024-09-30 00:00:00+00:00
[2024-10-02 01:28:09,652] {scheduler_job.py:190} INFO - Processing /home/airflow/.local/lib/python3.6/site-packages/airflow/example_dags/example_nested_branch_dag.py took 0.090 seconds
[2024-10-02 01:28:40,529] {scheduler_job.py:182} INFO - Started process (PID=314) to work on /home/airflow/.local/lib/python3.6/site-packages/airflow/example_dags/example_nested_branch_dag.py
[2024-10-02 01:28:40,531] {scheduler_job.py:629} INFO - Processing file /home/airflow/.local/lib/python3.6/site-packages/airflow/example_dags/example_nested_branch_dag.py for tasks to queue
[2024-10-02 01:28:40,532] {logging_mixin.py:104} INFO - [2024-10-02 01:28:40,532] {dagbag.py:451} INFO - Filling up the DagBag from /home/airflow/.local/lib/python3.6/site-packages/airflow/example_dags/example_nested_branch_dag.py
[2024-10-02 01:28:40,547] {scheduler_job.py:639} INFO - DAG(s) dict_keys(['example_nested_branch_dag']) retrieved from /home/airflow/.local/lib/python3.6/site-packages/airflow/example_dags/example_nested_branch_dag.py
[2024-10-02 01:28:40,573] {logging_mixin.py:104} INFO - [2024-10-02 01:28:40,573] {dag.py:1824} INFO - Sync 1 DAGs
[2024-10-02 01:28:40,601] {logging_mixin.py:104} INFO - [2024-10-02 01:28:40,601] {dag.py:2280} INFO - Setting next_dagrun for example_nested_branch_dag to 2024-09-30 00:00:00+00:00
[2024-10-02 01:28:40,616] {scheduler_job.py:190} INFO - Processing /home/airflow/.local/lib/python3.6/site-packages/airflow/example_dags/example_nested_branch_dag.py took 0.091 seconds
[2024-10-02T01:32:13.129+0000] {processor.py:157} INFO - Started process (PID=49) to work on /home/airflow/.local/lib/python3.8/site-packages/airflow/example_dags/example_nested_branch_dag.py
[2024-10-02T01:32:13.132+0000] {processor.py:829} INFO - Processing file /home/airflow/.local/lib/python3.8/site-packages/airflow/example_dags/example_nested_branch_dag.py for tasks to queue
[2024-10-02T01:32:13.139+0000] {logging_mixin.py:151} INFO - [2024-10-02T01:32:13.138+0000] {dagbag.py:539} INFO - Filling up the DagBag from /home/airflow/.local/lib/python3.8/site-packages/airflow/example_dags/example_nested_branch_dag.py
[2024-10-02T01:32:13.161+0000] {processor.py:839} INFO - DAG(s) dict_keys(['example_nested_branch_dag']) retrieved from /home/airflow/.local/lib/python3.8/site-packages/airflow/example_dags/example_nested_branch_dag.py
[2024-10-02T01:32:13.602+0000] {logging_mixin.py:151} INFO - [2024-10-02T01:32:13.601+0000] {manager.py:499} INFO - Created Permission View: %s
[2024-10-02T01:32:13.648+0000] {logging_mixin.py:151} INFO - [2024-10-02T01:32:13.648+0000] {manager.py:499} INFO - Created Permission View: %s
[2024-10-02T01:32:13.664+0000] {logging_mixin.py:151} INFO - [2024-10-02T01:32:13.664+0000] {manager.py:499} INFO - Created Permission View: %s
[2024-10-02T01:32:13.666+0000] {logging_mixin.py:151} INFO - [2024-10-02T01:32:13.666+0000] {security.py:708} INFO - Not syncing DAG-level permissions for DAG 'DAG:example_nested_branch_dag' as access control is unset.
[2024-10-02T01:32:13.668+0000] {logging_mixin.py:151} INFO - [2024-10-02T01:32:13.668+0000] {dag.py:2915} INFO - Sync 1 DAGs
[2024-10-02T01:32:13.689+0000] {logging_mixin.py:151} INFO - [2024-10-02T01:32:13.689+0000] {dag.py:2937} INFO - Creating ORM DAG for example_nested_branch_dag
[2024-10-02T01:32:13.708+0000] {logging_mixin.py:151} INFO - [2024-10-02T01:32:13.707+0000] {dag.py:3696} INFO - Setting next_dagrun for example_nested_branch_dag to 2024-10-01T00:00:00+00:00, run_after=2024-10-02T00:00:00+00:00
[2024-10-02T01:32:13.794+0000] {processor.py:179} INFO - Processing /home/airflow/.local/lib/python3.8/site-packages/airflow/example_dags/example_nested_branch_dag.py took 0.671 seconds
[2024-10-02T01:32:44.000+0000] {processor.py:157} INFO - Started process (PID=96) to work on /home/airflow/.local/lib/python3.8/site-packages/airflow/example_dags/example_nested_branch_dag.py
[2024-10-02T01:32:44.002+0000] {processor.py:829} INFO - Processing file /home/airflow/.local/lib/python3.8/site-packages/airflow/example_dags/example_nested_branch_dag.py for tasks to queue
[2024-10-02T01:32:44.006+0000] {logging_mixin.py:151} INFO - [2024-10-02T01:32:44.005+0000] {dagbag.py:539} INFO - Filling up the DagBag from /home/airflow/.local/lib/python3.8/site-packages/airflow/example_dags/example_nested_branch_dag.py
[2024-10-02T01:32:44.029+0000] {processor.py:839} INFO - DAG(s) dict_keys(['example_nested_branch_dag']) retrieved from /home/airflow/.local/lib/python3.8/site-packages/airflow/example_dags/example_nested_branch_dag.py
[2024-10-02T01:32:44.100+0000] {logging_mixin.py:151} INFO - [2024-10-02T01:32:44.093+0000] {dag.py:2915} INFO - Sync 1 DAGs
[2024-10-02T01:32:44.148+0000] {logging_mixin.py:151} INFO - [2024-10-02T01:32:44.147+0000] {dag.py:3696} INFO - Setting next_dagrun for example_nested_branch_dag to 2024-10-01T00:00:00+00:00, run_after=2024-10-02T00:00:00+00:00
[2024-10-02T01:32:44.189+0000] {processor.py:179} INFO - Processing /home/airflow/.local/lib/python3.8/site-packages/airflow/example_dags/example_nested_branch_dag.py took 0.187 seconds
[2024-10-02T01:33:15.092+0000] {processor.py:157} INFO - Started process (PID=144) to work on /home/airflow/.local/lib/python3.8/site-packages/airflow/example_dags/example_nested_branch_dag.py
[2024-10-02T01:33:15.102+0000] {processor.py:829} INFO - Processing file /home/airflow/.local/lib/python3.8/site-packages/airflow/example_dags/example_nested_branch_dag.py for tasks to queue
[2024-10-02T01:33:15.109+0000] {logging_mixin.py:151} INFO - [2024-10-02T01:33:15.108+0000] {dagbag.py:539} INFO - Filling up the DagBag from /home/airflow/.local/lib/python3.8/site-packages/airflow/example_dags/example_nested_branch_dag.py
[2024-10-02T01:33:15.168+0000] {processor.py:839} INFO - DAG(s) dict_keys(['example_nested_branch_dag']) retrieved from /home/airflow/.local/lib/python3.8/site-packages/airflow/example_dags/example_nested_branch_dag.py
[2024-10-02T01:33:15.350+0000] {logging_mixin.py:151} INFO - [2024-10-02T01:33:15.350+0000] {dag.py:2915} INFO - Sync 1 DAGs
[2024-10-02T01:33:15.412+0000] {logging_mixin.py:151} INFO - [2024-10-02T01:33:15.412+0000] {dag.py:3696} INFO - Setting next_dagrun for example_nested_branch_dag to 2024-10-01T00:00:00+00:00, run_after=2024-10-02T00:00:00+00:00
[2024-10-02T01:33:15.459+0000] {processor.py:179} INFO - Processing /home/airflow/.local/lib/python3.8/site-packages/airflow/example_dags/example_nested_branch_dag.py took 0.371 seconds
[2024-10-02T01:33:46.439+0000] {processor.py:157} INFO - Started process (PID=192) to work on /home/airflow/.local/lib/python3.8/site-packages/airflow/example_dags/example_nested_branch_dag.py
[2024-10-02T01:33:46.442+0000] {processor.py:829} INFO - Processing file /home/airflow/.local/lib/python3.8/site-packages/airflow/example_dags/example_nested_branch_dag.py for tasks to queue
[2024-10-02T01:33:46.448+0000] {logging_mixin.py:151} INFO - [2024-10-02T01:33:46.447+0000] {dagbag.py:539} INFO - Filling up the DagBag from /home/airflow/.local/lib/python3.8/site-packages/airflow/example_dags/example_nested_branch_dag.py
[2024-10-02T01:33:46.467+0000] {processor.py:839} INFO - DAG(s) dict_keys(['example_nested_branch_dag']) retrieved from /home/airflow/.local/lib/python3.8/site-packages/airflow/example_dags/example_nested_branch_dag.py
[2024-10-02T01:33:46.504+0000] {logging_mixin.py:151} INFO - [2024-10-02T01:33:46.504+0000] {dag.py:2915} INFO - Sync 1 DAGs
[2024-10-02T01:33:46.534+0000] {logging_mixin.py:151} INFO - [2024-10-02T01:33:46.534+0000] {dag.py:3696} INFO - Setting next_dagrun for example_nested_branch_dag to 2024-10-01T00:00:00+00:00, run_after=2024-10-02T00:00:00+00:00
[2024-10-02T01:33:46.562+0000] {processor.py:179} INFO - Processing /home/airflow/.local/lib/python3.8/site-packages/airflow/example_dags/example_nested_branch_dag.py took 0.130 seconds
[2024-10-02T01:34:16.954+0000] {processor.py:157} INFO - Started process (PID=240) to work on /home/airflow/.local/lib/python3.8/site-packages/airflow/example_dags/example_nested_branch_dag.py
[2024-10-02T01:34:16.959+0000] {processor.py:829} INFO - Processing file /home/airflow/.local/lib/python3.8/site-packages/airflow/example_dags/example_nested_branch_dag.py for tasks to queue
[2024-10-02T01:34:16.966+0000] {logging_mixin.py:151} INFO - [2024-10-02T01:34:16.964+0000] {dagbag.py:539} INFO - Filling up the DagBag from /home/airflow/.local/lib/python3.8/site-packages/airflow/example_dags/example_nested_branch_dag.py
[2024-10-02T01:34:16.993+0000] {processor.py:839} INFO - DAG(s) dict_keys(['example_nested_branch_dag']) retrieved from /home/airflow/.local/lib/python3.8/site-packages/airflow/example_dags/example_nested_branch_dag.py
[2024-10-02T01:34:17.039+0000] {logging_mixin.py:151} INFO - [2024-10-02T01:34:17.038+0000] {dag.py:2915} INFO - Sync 1 DAGs
[2024-10-02T01:34:17.126+0000] {logging_mixin.py:151} INFO - [2024-10-02T01:34:17.126+0000] {dag.py:3696} INFO - Setting next_dagrun for example_nested_branch_dag to 2024-10-01T00:00:00+00:00, run_after=2024-10-02T00:00:00+00:00
[2024-10-02T01:34:17.179+0000] {processor.py:179} INFO - Processing /home/airflow/.local/lib/python3.8/site-packages/airflow/example_dags/example_nested_branch_dag.py took 0.233 seconds
[2024-10-02T01:34:47.806+0000] {processor.py:157} INFO - Started process (PID=288) to work on /home/airflow/.local/lib/python3.8/site-packages/airflow/example_dags/example_nested_branch_dag.py
[2024-10-02T01:34:47.808+0000] {processor.py:829} INFO - Processing file /home/airflow/.local/lib/python3.8/site-packages/airflow/example_dags/example_nested_branch_dag.py for tasks to queue
[2024-10-02T01:34:47.813+0000] {logging_mixin.py:151} INFO - [2024-10-02T01:34:47.813+0000] {dagbag.py:539} INFO - Filling up the DagBag from /home/airflow/.local/lib/python3.8/site-packages/airflow/example_dags/example_nested_branch_dag.py
[2024-10-02T01:34:47.836+0000] {processor.py:839} INFO - DAG(s) dict_keys(['example_nested_branch_dag']) retrieved from /home/airflow/.local/lib/python3.8/site-packages/airflow/example_dags/example_nested_branch_dag.py
[2024-10-02T01:34:47.881+0000] {logging_mixin.py:151} INFO - [2024-10-02T01:34:47.881+0000] {dag.py:2915} INFO - Sync 1 DAGs
[2024-10-02T01:34:47.916+0000] {logging_mixin.py:151} INFO - [2024-10-02T01:34:47.916+0000] {dag.py:3696} INFO - Setting next_dagrun for example_nested_branch_dag to 2024-10-01T00:00:00+00:00, run_after=2024-10-02T00:00:00+00:00
[2024-10-02T01:34:47.941+0000] {processor.py:179} INFO - Processing /home/airflow/.local/lib/python3.8/site-packages/airflow/example_dags/example_nested_branch_dag.py took 0.140 seconds
[2024-10-02T01:35:18.200+0000] {processor.py:157} INFO - Started process (PID=336) to work on /home/airflow/.local/lib/python3.8/site-packages/airflow/example_dags/example_nested_branch_dag.py
[2024-10-02T01:35:18.203+0000] {processor.py:829} INFO - Processing file /home/airflow/.local/lib/python3.8/site-packages/airflow/example_dags/example_nested_branch_dag.py for tasks to queue
[2024-10-02T01:35:18.213+0000] {logging_mixin.py:151} INFO - [2024-10-02T01:35:18.212+0000] {dagbag.py:539} INFO - Filling up the DagBag from /home/airflow/.local/lib/python3.8/site-packages/airflow/example_dags/example_nested_branch_dag.py
[2024-10-02T01:35:18.235+0000] {processor.py:839} INFO - DAG(s) dict_keys(['example_nested_branch_dag']) retrieved from /home/airflow/.local/lib/python3.8/site-packages/airflow/example_dags/example_nested_branch_dag.py
[2024-10-02T01:35:18.280+0000] {logging_mixin.py:151} INFO - [2024-10-02T01:35:18.279+0000] {dag.py:2915} INFO - Sync 1 DAGs
[2024-10-02T01:35:18.316+0000] {logging_mixin.py:151} INFO - [2024-10-02T01:35:18.315+0000] {dag.py:3696} INFO - Setting next_dagrun for example_nested_branch_dag to 2024-10-01T00:00:00+00:00, run_after=2024-10-02T00:00:00+00:00
[2024-10-02T01:35:18.348+0000] {processor.py:179} INFO - Processing /home/airflow/.local/lib/python3.8/site-packages/airflow/example_dags/example_nested_branch_dag.py took 0.155 seconds
[2024-10-02T01:35:48.732+0000] {processor.py:157} INFO - Started process (PID=384) to work on /home/airflow/.local/lib/python3.8/site-packages/airflow/example_dags/example_nested_branch_dag.py
[2024-10-02T01:35:48.735+0000] {processor.py:829} INFO - Processing file /home/airflow/.local/lib/python3.8/site-packages/airflow/example_dags/example_nested_branch_dag.py for tasks to queue
[2024-10-02T01:35:48.741+0000] {logging_mixin.py:151} INFO - [2024-10-02T01:35:48.740+0000] {dagbag.py:539} INFO - Filling up the DagBag from /home/airflow/.local/lib/python3.8/site-packages/airflow/example_dags/example_nested_branch_dag.py
[2024-10-02T01:35:48.769+0000] {processor.py:839} INFO - DAG(s) dict_keys(['example_nested_branch_dag']) retrieved from /home/airflow/.local/lib/python3.8/site-packages/airflow/example_dags/example_nested_branch_dag.py
[2024-10-02T01:35:48.810+0000] {logging_mixin.py:151} INFO - [2024-10-02T01:35:48.809+0000] {dag.py:2915} INFO - Sync 1 DAGs
[2024-10-02T01:35:48.851+0000] {logging_mixin.py:151} INFO - [2024-10-02T01:35:48.850+0000] {dag.py:3696} INFO - Setting next_dagrun for example_nested_branch_dag to 2024-10-01T00:00:00+00:00, run_after=2024-10-02T00:00:00+00:00
[2024-10-02T01:35:48.887+0000] {processor.py:179} INFO - Processing /home/airflow/.local/lib/python3.8/site-packages/airflow/example_dags/example_nested_branch_dag.py took 0.158 seconds
[2024-10-02T01:36:19.180+0000] {processor.py:157} INFO - Started process (PID=432) to work on /home/airflow/.local/lib/python3.8/site-packages/airflow/example_dags/example_nested_branch_dag.py
[2024-10-02T01:36:19.183+0000] {processor.py:829} INFO - Processing file /home/airflow/.local/lib/python3.8/site-packages/airflow/example_dags/example_nested_branch_dag.py for tasks to queue
[2024-10-02T01:36:19.197+0000] {logging_mixin.py:151} INFO - [2024-10-02T01:36:19.196+0000] {dagbag.py:539} INFO - Filling up the DagBag from /home/airflow/.local/lib/python3.8/site-packages/airflow/example_dags/example_nested_branch_dag.py
[2024-10-02T01:36:19.230+0000] {processor.py:839} INFO - DAG(s) dict_keys(['example_nested_branch_dag']) retrieved from /home/airflow/.local/lib/python3.8/site-packages/airflow/example_dags/example_nested_branch_dag.py
[2024-10-02T01:36:19.290+0000] {logging_mixin.py:151} INFO - [2024-10-02T01:36:19.290+0000] {dag.py:2915} INFO - Sync 1 DAGs
[2024-10-02T01:36:19.328+0000] {logging_mixin.py:151} INFO - [2024-10-02T01:36:19.328+0000] {dag.py:3696} INFO - Setting next_dagrun for example_nested_branch_dag to 2024-10-01T00:00:00+00:00, run_after=2024-10-02T00:00:00+00:00
[2024-10-02T01:36:19.368+0000] {processor.py:179} INFO - Processing /home/airflow/.local/lib/python3.8/site-packages/airflow/example_dags/example_nested_branch_dag.py took 0.197 seconds
[2024-10-02T01:36:49.500+0000] {processor.py:157} INFO - Started process (PID=480) to work on /home/airflow/.local/lib/python3.8/site-packages/airflow/example_dags/example_nested_branch_dag.py
[2024-10-02T01:36:49.502+0000] {processor.py:829} INFO - Processing file /home/airflow/.local/lib/python3.8/site-packages/airflow/example_dags/example_nested_branch_dag.py for tasks to queue
[2024-10-02T01:36:49.507+0000] {logging_mixin.py:151} INFO - [2024-10-02T01:36:49.506+0000] {dagbag.py:539} INFO - Filling up the DagBag from /home/airflow/.local/lib/python3.8/site-packages/airflow/example_dags/example_nested_branch_dag.py
[2024-10-02T01:36:49.529+0000] {processor.py:839} INFO - DAG(s) dict_keys(['example_nested_branch_dag']) retrieved from /home/airflow/.local/lib/python3.8/site-packages/airflow/example_dags/example_nested_branch_dag.py
[2024-10-02T01:36:49.571+0000] {logging_mixin.py:151} INFO - [2024-10-02T01:36:49.571+0000] {dag.py:2915} INFO - Sync 1 DAGs
[2024-10-02T01:36:49.613+0000] {logging_mixin.py:151} INFO - [2024-10-02T01:36:49.613+0000] {dag.py:3696} INFO - Setting next_dagrun for example_nested_branch_dag to 2024-10-01T00:00:00+00:00, run_after=2024-10-02T00:00:00+00:00
[2024-10-02T01:36:49.641+0000] {processor.py:179} INFO - Processing /home/airflow/.local/lib/python3.8/site-packages/airflow/example_dags/example_nested_branch_dag.py took 0.145 seconds
[2024-10-02T01:37:19.857+0000] {processor.py:157} INFO - Started process (PID=528) to work on /home/airflow/.local/lib/python3.8/site-packages/airflow/example_dags/example_nested_branch_dag.py
[2024-10-02T01:37:19.862+0000] {processor.py:829} INFO - Processing file /home/airflow/.local/lib/python3.8/site-packages/airflow/example_dags/example_nested_branch_dag.py for tasks to queue
[2024-10-02T01:37:19.869+0000] {logging_mixin.py:151} INFO - [2024-10-02T01:37:19.868+0000] {dagbag.py:539} INFO - Filling up the DagBag from /home/airflow/.local/lib/python3.8/site-packages/airflow/example_dags/example_nested_branch_dag.py
[2024-10-02T01:37:19.908+0000] {processor.py:839} INFO - DAG(s) dict_keys(['example_nested_branch_dag']) retrieved from /home/airflow/.local/lib/python3.8/site-packages/airflow/example_dags/example_nested_branch_dag.py
[2024-10-02T01:37:19.969+0000] {logging_mixin.py:151} INFO - [2024-10-02T01:37:19.968+0000] {dag.py:2915} INFO - Sync 1 DAGs
[2024-10-02T01:37:20.005+0000] {logging_mixin.py:151} INFO - [2024-10-02T01:37:20.005+0000] {dag.py:3696} INFO - Setting next_dagrun for example_nested_branch_dag to 2024-10-01T00:00:00+00:00, run_after=2024-10-02T00:00:00+00:00
[2024-10-02T01:37:20.037+0000] {processor.py:179} INFO - Processing /home/airflow/.local/lib/python3.8/site-packages/airflow/example_dags/example_nested_branch_dag.py took 0.186 seconds
[2024-10-02T01:37:50.187+0000] {processor.py:157} INFO - Started process (PID=576) to work on /home/airflow/.local/lib/python3.8/site-packages/airflow/example_dags/example_nested_branch_dag.py
[2024-10-02T01:37:50.189+0000] {processor.py:829} INFO - Processing file /home/airflow/.local/lib/python3.8/site-packages/airflow/example_dags/example_nested_branch_dag.py for tasks to queue
[2024-10-02T01:37:50.194+0000] {logging_mixin.py:151} INFO - [2024-10-02T01:37:50.194+0000] {dagbag.py:539} INFO - Filling up the DagBag from /home/airflow/.local/lib/python3.8/site-packages/airflow/example_dags/example_nested_branch_dag.py
[2024-10-02T01:37:50.212+0000] {processor.py:839} INFO - DAG(s) dict_keys(['example_nested_branch_dag']) retrieved from /home/airflow/.local/lib/python3.8/site-packages/airflow/example_dags/example_nested_branch_dag.py
[2024-10-02T01:37:50.271+0000] {logging_mixin.py:151} INFO - [2024-10-02T01:37:50.270+0000] {dag.py:2915} INFO - Sync 1 DAGs
[2024-10-02T01:37:50.303+0000] {logging_mixin.py:151} INFO - [2024-10-02T01:37:50.303+0000] {dag.py:3696} INFO - Setting next_dagrun for example_nested_branch_dag to 2024-10-01T00:00:00+00:00, run_after=2024-10-02T00:00:00+00:00
[2024-10-02T01:37:50.335+0000] {processor.py:179} INFO - Processing /home/airflow/.local/lib/python3.8/site-packages/airflow/example_dags/example_nested_branch_dag.py took 0.151 seconds
[2024-10-02T01:38:20.680+0000] {processor.py:157} INFO - Started process (PID=624) to work on /home/airflow/.local/lib/python3.8/site-packages/airflow/example_dags/example_nested_branch_dag.py
[2024-10-02T01:38:20.682+0000] {processor.py:829} INFO - Processing file /home/airflow/.local/lib/python3.8/site-packages/airflow/example_dags/example_nested_branch_dag.py for tasks to queue
[2024-10-02T01:38:20.686+0000] {logging_mixin.py:151} INFO - [2024-10-02T01:38:20.686+0000] {dagbag.py:539} INFO - Filling up the DagBag from /home/airflow/.local/lib/python3.8/site-packages/airflow/example_dags/example_nested_branch_dag.py
[2024-10-02T01:38:20.707+0000] {processor.py:839} INFO - DAG(s) dict_keys(['example_nested_branch_dag']) retrieved from /home/airflow/.local/lib/python3.8/site-packages/airflow/example_dags/example_nested_branch_dag.py
[2024-10-02T01:38:20.750+0000] {logging_mixin.py:151} INFO - [2024-10-02T01:38:20.750+0000] {dag.py:2915} INFO - Sync 1 DAGs
[2024-10-02T01:38:20.791+0000] {logging_mixin.py:151} INFO - [2024-10-02T01:38:20.791+0000] {dag.py:3696} INFO - Setting next_dagrun for example_nested_branch_dag to 2024-10-01T00:00:00+00:00, run_after=2024-10-02T00:00:00+00:00
[2024-10-02T01:38:20.855+0000] {processor.py:179} INFO - Processing /home/airflow/.local/lib/python3.8/site-packages/airflow/example_dags/example_nested_branch_dag.py took 0.179 seconds
[2024-10-02T01:38:51.104+0000] {processor.py:157} INFO - Started process (PID=672) to work on /home/airflow/.local/lib/python3.8/site-packages/airflow/example_dags/example_nested_branch_dag.py
[2024-10-02T01:38:51.111+0000] {processor.py:829} INFO - Processing file /home/airflow/.local/lib/python3.8/site-packages/airflow/example_dags/example_nested_branch_dag.py for tasks to queue
[2024-10-02T01:38:51.120+0000] {logging_mixin.py:151} INFO - [2024-10-02T01:38:51.119+0000] {dagbag.py:539} INFO - Filling up the DagBag from /home/airflow/.local/lib/python3.8/site-packages/airflow/example_dags/example_nested_branch_dag.py
[2024-10-02T01:38:51.142+0000] {processor.py:839} INFO - DAG(s) dict_keys(['example_nested_branch_dag']) retrieved from /home/airflow/.local/lib/python3.8/site-packages/airflow/example_dags/example_nested_branch_dag.py
[2024-10-02T01:38:51.180+0000] {logging_mixin.py:151} INFO - [2024-10-02T01:38:51.179+0000] {dag.py:2915} INFO - Sync 1 DAGs
[2024-10-02T01:38:51.214+0000] {logging_mixin.py:151} INFO - [2024-10-02T01:38:51.213+0000] {dag.py:3696} INFO - Setting next_dagrun for example_nested_branch_dag to 2024-10-01T00:00:00+00:00, run_after=2024-10-02T00:00:00+00:00
[2024-10-02T01:38:51.244+0000] {processor.py:179} INFO - Processing /home/airflow/.local/lib/python3.8/site-packages/airflow/example_dags/example_nested_branch_dag.py took 0.147 seconds
[2024-10-02T01:39:21.771+0000] {processor.py:157} INFO - Started process (PID=720) to work on /home/airflow/.local/lib/python3.8/site-packages/airflow/example_dags/example_nested_branch_dag.py
[2024-10-02T01:39:21.773+0000] {processor.py:829} INFO - Processing file /home/airflow/.local/lib/python3.8/site-packages/airflow/example_dags/example_nested_branch_dag.py for tasks to queue
[2024-10-02T01:39:21.780+0000] {logging_mixin.py:151} INFO - [2024-10-02T01:39:21.778+0000] {dagbag.py:539} INFO - Filling up the DagBag from /home/airflow/.local/lib/python3.8/site-packages/airflow/example_dags/example_nested_branch_dag.py
[2024-10-02T01:39:21.832+0000] {processor.py:839} INFO - DAG(s) dict_keys(['example_nested_branch_dag']) retrieved from /home/airflow/.local/lib/python3.8/site-packages/airflow/example_dags/example_nested_branch_dag.py
[2024-10-02T01:39:21.874+0000] {logging_mixin.py:151} INFO - [2024-10-02T01:39:21.874+0000] {dag.py:2915} INFO - Sync 1 DAGs
[2024-10-02T01:39:21.913+0000] {logging_mixin.py:151} INFO - [2024-10-02T01:39:21.912+0000] {dag.py:3696} INFO - Setting next_dagrun for example_nested_branch_dag to 2024-10-01T00:00:00+00:00, run_after=2024-10-02T00:00:00+00:00
[2024-10-02T01:39:21.956+0000] {processor.py:179} INFO - Processing /home/airflow/.local/lib/python3.8/site-packages/airflow/example_dags/example_nested_branch_dag.py took 0.192 seconds
[2024-10-02T01:45:32.794+0000] {processor.py:157} INFO - Started process (PID=49) to work on /home/airflow/.local/lib/python3.8/site-packages/airflow/example_dags/example_nested_branch_dag.py
[2024-10-02T01:45:32.812+0000] {processor.py:829} INFO - Processing file /home/airflow/.local/lib/python3.8/site-packages/airflow/example_dags/example_nested_branch_dag.py for tasks to queue
[2024-10-02T01:45:32.831+0000] {logging_mixin.py:151} INFO - [2024-10-02T01:45:32.831+0000] {dagbag.py:539} INFO - Filling up the DagBag from /home/airflow/.local/lib/python3.8/site-packages/airflow/example_dags/example_nested_branch_dag.py
[2024-10-02T01:45:33.060+0000] {processor.py:839} INFO - DAG(s) dict_keys(['example_nested_branch_dag']) retrieved from /home/airflow/.local/lib/python3.8/site-packages/airflow/example_dags/example_nested_branch_dag.py
[2024-10-02T01:45:33.440+0000] {logging_mixin.py:151} INFO - [2024-10-02T01:45:33.440+0000] {manager.py:499} INFO - Created Permission View: %s
[2024-10-02T01:45:33.483+0000] {logging_mixin.py:151} INFO - [2024-10-02T01:45:33.482+0000] {manager.py:499} INFO - Created Permission View: %s
[2024-10-02T01:45:33.518+0000] {logging_mixin.py:151} INFO - [2024-10-02T01:45:33.518+0000] {manager.py:499} INFO - Created Permission View: %s
[2024-10-02T01:45:33.525+0000] {logging_mixin.py:151} INFO - [2024-10-02T01:45:33.525+0000] {security.py:708} INFO - Not syncing DAG-level permissions for DAG 'DAG:example_nested_branch_dag' as access control is unset.
[2024-10-02T01:45:33.535+0000] {logging_mixin.py:151} INFO - [2024-10-02T01:45:33.533+0000] {dag.py:2915} INFO - Sync 1 DAGs
[2024-10-02T01:45:33.581+0000] {logging_mixin.py:151} INFO - [2024-10-02T01:45:33.580+0000] {dag.py:2937} INFO - Creating ORM DAG for example_nested_branch_dag
[2024-10-02T01:45:33.659+0000] {logging_mixin.py:151} INFO - [2024-10-02T01:45:33.658+0000] {dag.py:3696} INFO - Setting next_dagrun for example_nested_branch_dag to 2024-10-01T00:00:00+00:00, run_after=2024-10-02T00:00:00+00:00
[2024-10-02T01:45:33.716+0000] {processor.py:179} INFO - Processing /home/airflow/.local/lib/python3.8/site-packages/airflow/example_dags/example_nested_branch_dag.py took 0.932 seconds
[2024-10-02T01:46:04.097+0000] {processor.py:157} INFO - Started process (PID=97) to work on /home/airflow/.local/lib/python3.8/site-packages/airflow/example_dags/example_nested_branch_dag.py
[2024-10-02T01:46:04.100+0000] {processor.py:829} INFO - Processing file /home/airflow/.local/lib/python3.8/site-packages/airflow/example_dags/example_nested_branch_dag.py for tasks to queue
[2024-10-02T01:46:04.109+0000] {logging_mixin.py:151} INFO - [2024-10-02T01:46:04.109+0000] {dagbag.py:539} INFO - Filling up the DagBag from /home/airflow/.local/lib/python3.8/site-packages/airflow/example_dags/example_nested_branch_dag.py
[2024-10-02T01:46:04.134+0000] {processor.py:839} INFO - DAG(s) dict_keys(['example_nested_branch_dag']) retrieved from /home/airflow/.local/lib/python3.8/site-packages/airflow/example_dags/example_nested_branch_dag.py
[2024-10-02T01:46:04.184+0000] {logging_mixin.py:151} INFO - [2024-10-02T01:46:04.184+0000] {dag.py:2915} INFO - Sync 1 DAGs
[2024-10-02T01:46:04.226+0000] {logging_mixin.py:151} INFO - [2024-10-02T01:46:04.226+0000] {dag.py:3696} INFO - Setting next_dagrun for example_nested_branch_dag to 2024-10-01T00:00:00+00:00, run_after=2024-10-02T00:00:00+00:00
[2024-10-02T01:46:04.272+0000] {processor.py:179} INFO - Processing /home/airflow/.local/lib/python3.8/site-packages/airflow/example_dags/example_nested_branch_dag.py took 0.180 seconds
[2024-10-02T01:46:59.843+0000] {processor.py:157} INFO - Started process (PID=49) to work on /home/airflow/.local/lib/python3.8/site-packages/airflow/example_dags/example_nested_branch_dag.py
[2024-10-02T01:46:59.859+0000] {processor.py:829} INFO - Processing file /home/airflow/.local/lib/python3.8/site-packages/airflow/example_dags/example_nested_branch_dag.py for tasks to queue
[2024-10-02T01:46:59.876+0000] {logging_mixin.py:151} INFO - [2024-10-02T01:46:59.875+0000] {dagbag.py:539} INFO - Filling up the DagBag from /home/airflow/.local/lib/python3.8/site-packages/airflow/example_dags/example_nested_branch_dag.py
[2024-10-02T01:47:00.009+0000] {processor.py:839} INFO - DAG(s) dict_keys(['example_nested_branch_dag']) retrieved from /home/airflow/.local/lib/python3.8/site-packages/airflow/example_dags/example_nested_branch_dag.py
[2024-10-02T01:47:00.253+0000] {logging_mixin.py:151} INFO - [2024-10-02T01:47:00.252+0000] {dag.py:2915} INFO - Sync 1 DAGs
[2024-10-02T01:47:00.368+0000] {logging_mixin.py:151} INFO - [2024-10-02T01:47:00.367+0000] {dag.py:3696} INFO - Setting next_dagrun for example_nested_branch_dag to 2024-10-01T00:00:00+00:00, run_after=2024-10-02T00:00:00+00:00
[2024-10-02T01:47:00.608+0000] {processor.py:179} INFO - Processing /home/airflow/.local/lib/python3.8/site-packages/airflow/example_dags/example_nested_branch_dag.py took 0.838 seconds
[2024-10-02T01:47:31.119+0000] {processor.py:157} INFO - Started process (PID=96) to work on /home/airflow/.local/lib/python3.8/site-packages/airflow/example_dags/example_nested_branch_dag.py
[2024-10-02T01:47:31.128+0000] {processor.py:829} INFO - Processing file /home/airflow/.local/lib/python3.8/site-packages/airflow/example_dags/example_nested_branch_dag.py for tasks to queue
[2024-10-02T01:47:31.138+0000] {logging_mixin.py:151} INFO - [2024-10-02T01:47:31.136+0000] {dagbag.py:539} INFO - Filling up the DagBag from /home/airflow/.local/lib/python3.8/site-packages/airflow/example_dags/example_nested_branch_dag.py
[2024-10-02T01:47:31.168+0000] {processor.py:839} INFO - DAG(s) dict_keys(['example_nested_branch_dag']) retrieved from /home/airflow/.local/lib/python3.8/site-packages/airflow/example_dags/example_nested_branch_dag.py
[2024-10-02T01:47:31.222+0000] {logging_mixin.py:151} INFO - [2024-10-02T01:47:31.221+0000] {dag.py:2915} INFO - Sync 1 DAGs
[2024-10-02T01:47:31.256+0000] {logging_mixin.py:151} INFO - [2024-10-02T01:47:31.256+0000] {dag.py:3696} INFO - Setting next_dagrun for example_nested_branch_dag to 2024-10-01T00:00:00+00:00, run_after=2024-10-02T00:00:00+00:00
[2024-10-02T01:47:31.287+0000] {processor.py:179} INFO - Processing /home/airflow/.local/lib/python3.8/site-packages/airflow/example_dags/example_nested_branch_dag.py took 0.174 seconds
[2024-10-02T01:48:27.913+0000] {processor.py:157} INFO - Started process (PID=49) to work on /home/airflow/.local/lib/python3.8/site-packages/airflow/example_dags/example_nested_branch_dag.py
[2024-10-02T01:48:27.924+0000] {processor.py:829} INFO - Processing file /home/airflow/.local/lib/python3.8/site-packages/airflow/example_dags/example_nested_branch_dag.py for tasks to queue
[2024-10-02T01:48:27.932+0000] {logging_mixin.py:151} INFO - [2024-10-02T01:48:27.932+0000] {dagbag.py:539} INFO - Filling up the DagBag from /home/airflow/.local/lib/python3.8/site-packages/airflow/example_dags/example_nested_branch_dag.py
[2024-10-02T01:48:28.036+0000] {processor.py:839} INFO - DAG(s) dict_keys(['example_nested_branch_dag']) retrieved from /home/airflow/.local/lib/python3.8/site-packages/airflow/example_dags/example_nested_branch_dag.py
[2024-10-02T01:48:28.180+0000] {logging_mixin.py:151} INFO - [2024-10-02T01:48:28.180+0000] {dag.py:2915} INFO - Sync 1 DAGs
[2024-10-02T01:48:28.322+0000] {logging_mixin.py:151} INFO - [2024-10-02T01:48:28.322+0000] {dag.py:3696} INFO - Setting next_dagrun for example_nested_branch_dag to 2024-10-01T00:00:00+00:00, run_after=2024-10-02T00:00:00+00:00
[2024-10-02T01:48:28.730+0000] {processor.py:179} INFO - Processing /home/airflow/.local/lib/python3.8/site-packages/airflow/example_dags/example_nested_branch_dag.py took 0.817 seconds
[2024-10-02T01:48:59.268+0000] {processor.py:157} INFO - Started process (PID=96) to work on /home/airflow/.local/lib/python3.8/site-packages/airflow/example_dags/example_nested_branch_dag.py
[2024-10-02T01:48:59.271+0000] {processor.py:829} INFO - Processing file /home/airflow/.local/lib/python3.8/site-packages/airflow/example_dags/example_nested_branch_dag.py for tasks to queue
[2024-10-02T01:48:59.275+0000] {logging_mixin.py:151} INFO - [2024-10-02T01:48:59.274+0000] {dagbag.py:539} INFO - Filling up the DagBag from /home/airflow/.local/lib/python3.8/site-packages/airflow/example_dags/example_nested_branch_dag.py
[2024-10-02T01:48:59.292+0000] {processor.py:839} INFO - DAG(s) dict_keys(['example_nested_branch_dag']) retrieved from /home/airflow/.local/lib/python3.8/site-packages/airflow/example_dags/example_nested_branch_dag.py
[2024-10-02T01:48:59.324+0000] {logging_mixin.py:151} INFO - [2024-10-02T01:48:59.324+0000] {dag.py:2915} INFO - Sync 1 DAGs
[2024-10-02T01:48:59.353+0000] {logging_mixin.py:151} INFO - [2024-10-02T01:48:59.352+0000] {dag.py:3696} INFO - Setting next_dagrun for example_nested_branch_dag to 2024-10-01T00:00:00+00:00, run_after=2024-10-02T00:00:00+00:00
[2024-10-02T01:48:59.376+0000] {processor.py:179} INFO - Processing /home/airflow/.local/lib/python3.8/site-packages/airflow/example_dags/example_nested_branch_dag.py took 0.112 seconds
[2024-10-02T01:49:30.192+0000] {processor.py:157} INFO - Started process (PID=144) to work on /home/airflow/.local/lib/python3.8/site-packages/airflow/example_dags/example_nested_branch_dag.py
[2024-10-02T01:49:30.195+0000] {processor.py:829} INFO - Processing file /home/airflow/.local/lib/python3.8/site-packages/airflow/example_dags/example_nested_branch_dag.py for tasks to queue
[2024-10-02T01:49:30.199+0000] {logging_mixin.py:151} INFO - [2024-10-02T01:49:30.199+0000] {dagbag.py:539} INFO - Filling up the DagBag from /home/airflow/.local/lib/python3.8/site-packages/airflow/example_dags/example_nested_branch_dag.py
[2024-10-02T01:49:30.220+0000] {processor.py:839} INFO - DAG(s) dict_keys(['example_nested_branch_dag']) retrieved from /home/airflow/.local/lib/python3.8/site-packages/airflow/example_dags/example_nested_branch_dag.py
[2024-10-02T01:49:30.254+0000] {logging_mixin.py:151} INFO - [2024-10-02T01:49:30.254+0000] {dag.py:2915} INFO - Sync 1 DAGs
[2024-10-02T01:49:30.284+0000] {logging_mixin.py:151} INFO - [2024-10-02T01:49:30.284+0000] {dag.py:3696} INFO - Setting next_dagrun for example_nested_branch_dag to 2024-10-01T00:00:00+00:00, run_after=2024-10-02T00:00:00+00:00
[2024-10-02T01:49:30.309+0000] {processor.py:179} INFO - Processing /home/airflow/.local/lib/python3.8/site-packages/airflow/example_dags/example_nested_branch_dag.py took 0.123 seconds
[2024-10-02T01:50:00.995+0000] {processor.py:157} INFO - Started process (PID=192) to work on /home/airflow/.local/lib/python3.8/site-packages/airflow/example_dags/example_nested_branch_dag.py
[2024-10-02T01:50:00.999+0000] {processor.py:829} INFO - Processing file /home/airflow/.local/lib/python3.8/site-packages/airflow/example_dags/example_nested_branch_dag.py for tasks to queue
[2024-10-02T01:50:01.005+0000] {logging_mixin.py:151} INFO - [2024-10-02T01:50:01.004+0000] {dagbag.py:539} INFO - Filling up the DagBag from /home/airflow/.local/lib/python3.8/site-packages/airflow/example_dags/example_nested_branch_dag.py
[2024-10-02T01:50:01.026+0000] {processor.py:839} INFO - DAG(s) dict_keys(['example_nested_branch_dag']) retrieved from /home/airflow/.local/lib/python3.8/site-packages/airflow/example_dags/example_nested_branch_dag.py
[2024-10-02T01:50:01.073+0000] {logging_mixin.py:151} INFO - [2024-10-02T01:50:01.073+0000] {dag.py:2915} INFO - Sync 1 DAGs
[2024-10-02T01:50:01.107+0000] {logging_mixin.py:151} INFO - [2024-10-02T01:50:01.106+0000] {dag.py:3696} INFO - Setting next_dagrun for example_nested_branch_dag to 2024-10-01T00:00:00+00:00, run_after=2024-10-02T00:00:00+00:00
[2024-10-02T01:50:01.131+0000] {processor.py:179} INFO - Processing /home/airflow/.local/lib/python3.8/site-packages/airflow/example_dags/example_nested_branch_dag.py took 0.141 seconds
[2024-10-02T01:50:31.222+0000] {processor.py:157} INFO - Started process (PID=240) to work on /home/airflow/.local/lib/python3.8/site-packages/airflow/example_dags/example_nested_branch_dag.py
[2024-10-02T01:50:31.226+0000] {processor.py:829} INFO - Processing file /home/airflow/.local/lib/python3.8/site-packages/airflow/example_dags/example_nested_branch_dag.py for tasks to queue
[2024-10-02T01:50:31.232+0000] {logging_mixin.py:151} INFO - [2024-10-02T01:50:31.231+0000] {dagbag.py:539} INFO - Filling up the DagBag from /home/airflow/.local/lib/python3.8/site-packages/airflow/example_dags/example_nested_branch_dag.py
[2024-10-02T01:50:31.254+0000] {processor.py:839} INFO - DAG(s) dict_keys(['example_nested_branch_dag']) retrieved from /home/airflow/.local/lib/python3.8/site-packages/airflow/example_dags/example_nested_branch_dag.py
[2024-10-02T01:50:31.291+0000] {logging_mixin.py:151} INFO - [2024-10-02T01:50:31.291+0000] {dag.py:2915} INFO - Sync 1 DAGs
[2024-10-02T01:50:31.322+0000] {logging_mixin.py:151} INFO - [2024-10-02T01:50:31.322+0000] {dag.py:3696} INFO - Setting next_dagrun for example_nested_branch_dag to 2024-10-01T00:00:00+00:00, run_after=2024-10-02T00:00:00+00:00
[2024-10-02T01:50:31.352+0000] {processor.py:179} INFO - Processing /home/airflow/.local/lib/python3.8/site-packages/airflow/example_dags/example_nested_branch_dag.py took 0.133 seconds
[2024-10-02T01:51:01.555+0000] {processor.py:157} INFO - Started process (PID=288) to work on /home/airflow/.local/lib/python3.8/site-packages/airflow/example_dags/example_nested_branch_dag.py
[2024-10-02T01:51:01.557+0000] {processor.py:829} INFO - Processing file /home/airflow/.local/lib/python3.8/site-packages/airflow/example_dags/example_nested_branch_dag.py for tasks to queue
[2024-10-02T01:51:01.562+0000] {logging_mixin.py:151} INFO - [2024-10-02T01:51:01.562+0000] {dagbag.py:539} INFO - Filling up the DagBag from /home/airflow/.local/lib/python3.8/site-packages/airflow/example_dags/example_nested_branch_dag.py
[2024-10-02T01:51:01.580+0000] {processor.py:839} INFO - DAG(s) dict_keys(['example_nested_branch_dag']) retrieved from /home/airflow/.local/lib/python3.8/site-packages/airflow/example_dags/example_nested_branch_dag.py
[2024-10-02T01:51:01.614+0000] {logging_mixin.py:151} INFO - [2024-10-02T01:51:01.614+0000] {dag.py:2915} INFO - Sync 1 DAGs
[2024-10-02T01:51:01.647+0000] {logging_mixin.py:151} INFO - [2024-10-02T01:51:01.646+0000] {dag.py:3696} INFO - Setting next_dagrun for example_nested_branch_dag to 2024-10-01T00:00:00+00:00, run_after=2024-10-02T00:00:00+00:00
[2024-10-02T01:51:01.673+0000] {processor.py:179} INFO - Processing /home/airflow/.local/lib/python3.8/site-packages/airflow/example_dags/example_nested_branch_dag.py took 0.122 seconds
[2024-10-02T01:51:31.939+0000] {processor.py:157} INFO - Started process (PID=336) to work on /home/airflow/.local/lib/python3.8/site-packages/airflow/example_dags/example_nested_branch_dag.py
[2024-10-02T01:51:31.942+0000] {processor.py:829} INFO - Processing file /home/airflow/.local/lib/python3.8/site-packages/airflow/example_dags/example_nested_branch_dag.py for tasks to queue
[2024-10-02T01:51:31.948+0000] {logging_mixin.py:151} INFO - [2024-10-02T01:51:31.947+0000] {dagbag.py:539} INFO - Filling up the DagBag from /home/airflow/.local/lib/python3.8/site-packages/airflow/example_dags/example_nested_branch_dag.py
[2024-10-02T01:51:31.969+0000] {processor.py:839} INFO - DAG(s) dict_keys(['example_nested_branch_dag']) retrieved from /home/airflow/.local/lib/python3.8/site-packages/airflow/example_dags/example_nested_branch_dag.py
[2024-10-02T01:51:32.013+0000] {logging_mixin.py:151} INFO - [2024-10-02T01:51:32.013+0000] {dag.py:2915} INFO - Sync 1 DAGs
[2024-10-02T01:51:32.047+0000] {logging_mixin.py:151} INFO - [2024-10-02T01:51:32.046+0000] {dag.py:3696} INFO - Setting next_dagrun for example_nested_branch_dag to 2024-10-01T00:00:00+00:00, run_after=2024-10-02T00:00:00+00:00
[2024-10-02T01:51:32.070+0000] {processor.py:179} INFO - Processing /home/airflow/.local/lib/python3.8/site-packages/airflow/example_dags/example_nested_branch_dag.py took 0.136 seconds
[2024-10-02T01:52:02.196+0000] {processor.py:157} INFO - Started process (PID=384) to work on /home/airflow/.local/lib/python3.8/site-packages/airflow/example_dags/example_nested_branch_dag.py
[2024-10-02T01:52:02.199+0000] {processor.py:829} INFO - Processing file /home/airflow/.local/lib/python3.8/site-packages/airflow/example_dags/example_nested_branch_dag.py for tasks to queue
[2024-10-02T01:52:02.203+0000] {logging_mixin.py:151} INFO - [2024-10-02T01:52:02.203+0000] {dagbag.py:539} INFO - Filling up the DagBag from /home/airflow/.local/lib/python3.8/site-packages/airflow/example_dags/example_nested_branch_dag.py
[2024-10-02T01:52:02.221+0000] {processor.py:839} INFO - DAG(s) dict_keys(['example_nested_branch_dag']) retrieved from /home/airflow/.local/lib/python3.8/site-packages/airflow/example_dags/example_nested_branch_dag.py
[2024-10-02T01:52:02.253+0000] {logging_mixin.py:151} INFO - [2024-10-02T01:52:02.253+0000] {dag.py:2915} INFO - Sync 1 DAGs
[2024-10-02T01:52:02.283+0000] {logging_mixin.py:151} INFO - [2024-10-02T01:52:02.283+0000] {dag.py:3696} INFO - Setting next_dagrun for example_nested_branch_dag to 2024-10-01T00:00:00+00:00, run_after=2024-10-02T00:00:00+00:00
[2024-10-02T01:52:02.326+0000] {processor.py:179} INFO - Processing /home/airflow/.local/lib/python3.8/site-packages/airflow/example_dags/example_nested_branch_dag.py took 0.133 seconds
[2024-10-02T01:52:32.516+0000] {processor.py:157} INFO - Started process (PID=432) to work on /home/airflow/.local/lib/python3.8/site-packages/airflow/example_dags/example_nested_branch_dag.py
[2024-10-02T01:52:32.519+0000] {processor.py:829} INFO - Processing file /home/airflow/.local/lib/python3.8/site-packages/airflow/example_dags/example_nested_branch_dag.py for tasks to queue
[2024-10-02T01:52:32.523+0000] {logging_mixin.py:151} INFO - [2024-10-02T01:52:32.523+0000] {dagbag.py:539} INFO - Filling up the DagBag from /home/airflow/.local/lib/python3.8/site-packages/airflow/example_dags/example_nested_branch_dag.py
[2024-10-02T01:52:32.542+0000] {processor.py:839} INFO - DAG(s) dict_keys(['example_nested_branch_dag']) retrieved from /home/airflow/.local/lib/python3.8/site-packages/airflow/example_dags/example_nested_branch_dag.py
[2024-10-02T01:52:32.578+0000] {logging_mixin.py:151} INFO - [2024-10-02T01:52:32.577+0000] {dag.py:2915} INFO - Sync 1 DAGs
[2024-10-02T01:52:32.607+0000] {logging_mixin.py:151} INFO - [2024-10-02T01:52:32.607+0000] {dag.py:3696} INFO - Setting next_dagrun for example_nested_branch_dag to 2024-10-01T00:00:00+00:00, run_after=2024-10-02T00:00:00+00:00
[2024-10-02T01:52:32.631+0000] {processor.py:179} INFO - Processing /home/airflow/.local/lib/python3.8/site-packages/airflow/example_dags/example_nested_branch_dag.py took 0.119 seconds
[2024-10-02T01:53:03.549+0000] {processor.py:157} INFO - Started process (PID=480) to work on /home/airflow/.local/lib/python3.8/site-packages/airflow/example_dags/example_nested_branch_dag.py
[2024-10-02T01:53:03.552+0000] {processor.py:829} INFO - Processing file /home/airflow/.local/lib/python3.8/site-packages/airflow/example_dags/example_nested_branch_dag.py for tasks to queue
[2024-10-02T01:53:03.557+0000] {logging_mixin.py:151} INFO - [2024-10-02T01:53:03.556+0000] {dagbag.py:539} INFO - Filling up the DagBag from /home/airflow/.local/lib/python3.8/site-packages/airflow/example_dags/example_nested_branch_dag.py
[2024-10-02T01:53:03.575+0000] {processor.py:839} INFO - DAG(s) dict_keys(['example_nested_branch_dag']) retrieved from /home/airflow/.local/lib/python3.8/site-packages/airflow/example_dags/example_nested_branch_dag.py
[2024-10-02T01:53:03.618+0000] {logging_mixin.py:151} INFO - [2024-10-02T01:53:03.617+0000] {dag.py:2915} INFO - Sync 1 DAGs
[2024-10-02T01:53:03.671+0000] {logging_mixin.py:151} INFO - [2024-10-02T01:53:03.664+0000] {dag.py:3696} INFO - Setting next_dagrun for example_nested_branch_dag to 2024-10-01T00:00:00+00:00, run_after=2024-10-02T00:00:00+00:00
[2024-10-02T01:53:03.710+0000] {processor.py:179} INFO - Processing /home/airflow/.local/lib/python3.8/site-packages/airflow/example_dags/example_nested_branch_dag.py took 0.166 seconds
[2024-10-02T01:53:34.585+0000] {processor.py:157} INFO - Started process (PID=528) to work on /home/airflow/.local/lib/python3.8/site-packages/airflow/example_dags/example_nested_branch_dag.py
[2024-10-02T01:53:34.587+0000] {processor.py:829} INFO - Processing file /home/airflow/.local/lib/python3.8/site-packages/airflow/example_dags/example_nested_branch_dag.py for tasks to queue
[2024-10-02T01:53:34.591+0000] {logging_mixin.py:151} INFO - [2024-10-02T01:53:34.590+0000] {dagbag.py:539} INFO - Filling up the DagBag from /home/airflow/.local/lib/python3.8/site-packages/airflow/example_dags/example_nested_branch_dag.py
[2024-10-02T01:53:34.607+0000] {processor.py:839} INFO - DAG(s) dict_keys(['example_nested_branch_dag']) retrieved from /home/airflow/.local/lib/python3.8/site-packages/airflow/example_dags/example_nested_branch_dag.py
[2024-10-02T01:53:34.640+0000] {logging_mixin.py:151} INFO - [2024-10-02T01:53:34.640+0000] {dag.py:2915} INFO - Sync 1 DAGs
[2024-10-02T01:53:34.672+0000] {logging_mixin.py:151} INFO - [2024-10-02T01:53:34.672+0000] {dag.py:3696} INFO - Setting next_dagrun for example_nested_branch_dag to 2024-10-01T00:00:00+00:00, run_after=2024-10-02T00:00:00+00:00
[2024-10-02T01:53:34.697+0000] {processor.py:179} INFO - Processing /home/airflow/.local/lib/python3.8/site-packages/airflow/example_dags/example_nested_branch_dag.py took 0.115 seconds
[2024-10-02T01:54:05.356+0000] {processor.py:157} INFO - Started process (PID=576) to work on /home/airflow/.local/lib/python3.8/site-packages/airflow/example_dags/example_nested_branch_dag.py
[2024-10-02T01:54:05.359+0000] {processor.py:829} INFO - Processing file /home/airflow/.local/lib/python3.8/site-packages/airflow/example_dags/example_nested_branch_dag.py for tasks to queue
[2024-10-02T01:54:05.363+0000] {logging_mixin.py:151} INFO - [2024-10-02T01:54:05.362+0000] {dagbag.py:539} INFO - Filling up the DagBag from /home/airflow/.local/lib/python3.8/site-packages/airflow/example_dags/example_nested_branch_dag.py
[2024-10-02T01:54:05.380+0000] {processor.py:839} INFO - DAG(s) dict_keys(['example_nested_branch_dag']) retrieved from /home/airflow/.local/lib/python3.8/site-packages/airflow/example_dags/example_nested_branch_dag.py
[2024-10-02T01:54:05.419+0000] {logging_mixin.py:151} INFO - [2024-10-02T01:54:05.418+0000] {dag.py:2915} INFO - Sync 1 DAGs
[2024-10-02T01:54:05.487+0000] {logging_mixin.py:151} INFO - [2024-10-02T01:54:05.487+0000] {dag.py:3696} INFO - Setting next_dagrun for example_nested_branch_dag to 2024-10-01T00:00:00+00:00, run_after=2024-10-02T00:00:00+00:00
[2024-10-02T01:54:05.529+0000] {processor.py:179} INFO - Processing /home/airflow/.local/lib/python3.8/site-packages/airflow/example_dags/example_nested_branch_dag.py took 0.177 seconds
[2024-10-02T01:57:19.058+0000] {processor.py:157} INFO - Started process (PID=610) to work on /home/airflow/.local/lib/python3.8/site-packages/airflow/example_dags/example_nested_branch_dag.py
[2024-10-02T01:57:19.061+0000] {processor.py:829} INFO - Processing file /home/airflow/.local/lib/python3.8/site-packages/airflow/example_dags/example_nested_branch_dag.py for tasks to queue
[2024-10-02T01:57:19.066+0000] {logging_mixin.py:151} INFO - [2024-10-02T01:57:19.066+0000] {dagbag.py:539} INFO - Filling up the DagBag from /home/airflow/.local/lib/python3.8/site-packages/airflow/example_dags/example_nested_branch_dag.py
[2024-10-02T01:57:19.085+0000] {processor.py:839} INFO - DAG(s) dict_keys(['example_nested_branch_dag']) retrieved from /home/airflow/.local/lib/python3.8/site-packages/airflow/example_dags/example_nested_branch_dag.py
[2024-10-02T01:57:19.311+0000] {logging_mixin.py:151} INFO - [2024-10-02T01:57:19.311+0000] {dag.py:2915} INFO - Sync 1 DAGs
[2024-10-02T01:57:19.341+0000] {logging_mixin.py:151} INFO - [2024-10-02T01:57:19.341+0000] {dag.py:3696} INFO - Setting next_dagrun for example_nested_branch_dag to 2024-10-01T00:00:00+00:00, run_after=2024-10-02T00:00:00+00:00
[2024-10-02T01:57:19.410+0000] {processor.py:179} INFO - Processing /home/airflow/.local/lib/python3.8/site-packages/airflow/example_dags/example_nested_branch_dag.py took 0.356 seconds
[2024-10-02T01:57:49.705+0000] {processor.py:157} INFO - Started process (PID=658) to work on /home/airflow/.local/lib/python3.8/site-packages/airflow/example_dags/example_nested_branch_dag.py
[2024-10-02T01:57:49.710+0000] {processor.py:829} INFO - Processing file /home/airflow/.local/lib/python3.8/site-packages/airflow/example_dags/example_nested_branch_dag.py for tasks to queue
[2024-10-02T01:57:49.718+0000] {logging_mixin.py:151} INFO - [2024-10-02T01:57:49.717+0000] {dagbag.py:539} INFO - Filling up the DagBag from /home/airflow/.local/lib/python3.8/site-packages/airflow/example_dags/example_nested_branch_dag.py
[2024-10-02T01:57:49.737+0000] {processor.py:839} INFO - DAG(s) dict_keys(['example_nested_branch_dag']) retrieved from /home/airflow/.local/lib/python3.8/site-packages/airflow/example_dags/example_nested_branch_dag.py
[2024-10-02T01:57:49.780+0000] {logging_mixin.py:151} INFO - [2024-10-02T01:57:49.780+0000] {dag.py:2915} INFO - Sync 1 DAGs
[2024-10-02T01:57:49.846+0000] {logging_mixin.py:151} INFO - [2024-10-02T01:57:49.845+0000] {dag.py:3696} INFO - Setting next_dagrun for example_nested_branch_dag to 2024-10-01T00:00:00+00:00, run_after=2024-10-02T00:00:00+00:00
[2024-10-02T01:57:49.883+0000] {processor.py:179} INFO - Processing /home/airflow/.local/lib/python3.8/site-packages/airflow/example_dags/example_nested_branch_dag.py took 0.182 seconds
[2024-10-02T01:58:20.266+0000] {processor.py:157} INFO - Started process (PID=706) to work on /home/airflow/.local/lib/python3.8/site-packages/airflow/example_dags/example_nested_branch_dag.py
[2024-10-02T01:58:20.272+0000] {processor.py:829} INFO - Processing file /home/airflow/.local/lib/python3.8/site-packages/airflow/example_dags/example_nested_branch_dag.py for tasks to queue
[2024-10-02T01:58:20.280+0000] {logging_mixin.py:151} INFO - [2024-10-02T01:58:20.279+0000] {dagbag.py:539} INFO - Filling up the DagBag from /home/airflow/.local/lib/python3.8/site-packages/airflow/example_dags/example_nested_branch_dag.py
[2024-10-02T01:58:20.297+0000] {processor.py:839} INFO - DAG(s) dict_keys(['example_nested_branch_dag']) retrieved from /home/airflow/.local/lib/python3.8/site-packages/airflow/example_dags/example_nested_branch_dag.py
[2024-10-02T01:58:20.329+0000] {logging_mixin.py:151} INFO - [2024-10-02T01:58:20.329+0000] {dag.py:2915} INFO - Sync 1 DAGs
[2024-10-02T01:58:20.358+0000] {logging_mixin.py:151} INFO - [2024-10-02T01:58:20.357+0000] {dag.py:3696} INFO - Setting next_dagrun for example_nested_branch_dag to 2024-10-01T00:00:00+00:00, run_after=2024-10-02T00:00:00+00:00
[2024-10-02T01:58:20.383+0000] {processor.py:179} INFO - Processing /home/airflow/.local/lib/python3.8/site-packages/airflow/example_dags/example_nested_branch_dag.py took 0.121 seconds
[2024-10-02T01:58:51.022+0000] {processor.py:157} INFO - Started process (PID=754) to work on /home/airflow/.local/lib/python3.8/site-packages/airflow/example_dags/example_nested_branch_dag.py
[2024-10-02T01:58:51.024+0000] {processor.py:829} INFO - Processing file /home/airflow/.local/lib/python3.8/site-packages/airflow/example_dags/example_nested_branch_dag.py for tasks to queue
[2024-10-02T01:58:51.033+0000] {logging_mixin.py:151} INFO - [2024-10-02T01:58:51.032+0000] {dagbag.py:539} INFO - Filling up the DagBag from /home/airflow/.local/lib/python3.8/site-packages/airflow/example_dags/example_nested_branch_dag.py
[2024-10-02T01:58:51.052+0000] {processor.py:839} INFO - DAG(s) dict_keys(['example_nested_branch_dag']) retrieved from /home/airflow/.local/lib/python3.8/site-packages/airflow/example_dags/example_nested_branch_dag.py
[2024-10-02T01:58:51.147+0000] {logging_mixin.py:151} INFO - [2024-10-02T01:58:51.146+0000] {dag.py:2915} INFO - Sync 1 DAGs
[2024-10-02T01:58:51.226+0000] {logging_mixin.py:151} INFO - [2024-10-02T01:58:51.226+0000] {dag.py:3696} INFO - Setting next_dagrun for example_nested_branch_dag to 2024-10-01T00:00:00+00:00, run_after=2024-10-02T00:00:00+00:00
[2024-10-02T01:58:51.296+0000] {processor.py:179} INFO - Processing /home/airflow/.local/lib/python3.8/site-packages/airflow/example_dags/example_nested_branch_dag.py took 0.280 seconds
[2024-10-02T01:59:22.622+0000] {processor.py:157} INFO - Started process (PID=802) to work on /home/airflow/.local/lib/python3.8/site-packages/airflow/example_dags/example_nested_branch_dag.py
[2024-10-02T01:59:22.633+0000] {processor.py:829} INFO - Processing file /home/airflow/.local/lib/python3.8/site-packages/airflow/example_dags/example_nested_branch_dag.py for tasks to queue
[2024-10-02T01:59:22.677+0000] {logging_mixin.py:151} INFO - [2024-10-02T01:59:22.675+0000] {dagbag.py:539} INFO - Filling up the DagBag from /home/airflow/.local/lib/python3.8/site-packages/airflow/example_dags/example_nested_branch_dag.py
[2024-10-02T01:59:22.714+0000] {processor.py:839} INFO - DAG(s) dict_keys(['example_nested_branch_dag']) retrieved from /home/airflow/.local/lib/python3.8/site-packages/airflow/example_dags/example_nested_branch_dag.py
[2024-10-02T01:59:22.828+0000] {logging_mixin.py:151} INFO - [2024-10-02T01:59:22.828+0000] {dag.py:2915} INFO - Sync 1 DAGs
[2024-10-02T01:59:22.965+0000] {logging_mixin.py:151} INFO - [2024-10-02T01:59:22.965+0000] {dag.py:3696} INFO - Setting next_dagrun for example_nested_branch_dag to 2024-10-01T00:00:00+00:00, run_after=2024-10-02T00:00:00+00:00
[2024-10-02T01:59:23.017+0000] {processor.py:179} INFO - Processing /home/airflow/.local/lib/python3.8/site-packages/airflow/example_dags/example_nested_branch_dag.py took 0.400 seconds
[2024-10-02T01:59:53.507+0000] {processor.py:157} INFO - Started process (PID=850) to work on /home/airflow/.local/lib/python3.8/site-packages/airflow/example_dags/example_nested_branch_dag.py
[2024-10-02T01:59:53.509+0000] {processor.py:829} INFO - Processing file /home/airflow/.local/lib/python3.8/site-packages/airflow/example_dags/example_nested_branch_dag.py for tasks to queue
[2024-10-02T01:59:53.512+0000] {logging_mixin.py:151} INFO - [2024-10-02T01:59:53.512+0000] {dagbag.py:539} INFO - Filling up the DagBag from /home/airflow/.local/lib/python3.8/site-packages/airflow/example_dags/example_nested_branch_dag.py
[2024-10-02T01:59:53.530+0000] {processor.py:839} INFO - DAG(s) dict_keys(['example_nested_branch_dag']) retrieved from /home/airflow/.local/lib/python3.8/site-packages/airflow/example_dags/example_nested_branch_dag.py
[2024-10-02T01:59:53.567+0000] {logging_mixin.py:151} INFO - [2024-10-02T01:59:53.567+0000] {dag.py:2915} INFO - Sync 1 DAGs
[2024-10-02T01:59:53.612+0000] {logging_mixin.py:151} INFO - [2024-10-02T01:59:53.612+0000] {dag.py:3696} INFO - Setting next_dagrun for example_nested_branch_dag to 2024-10-01T00:00:00+00:00, run_after=2024-10-02T00:00:00+00:00
[2024-10-02T01:59:53.647+0000] {processor.py:179} INFO - Processing /home/airflow/.local/lib/python3.8/site-packages/airflow/example_dags/example_nested_branch_dag.py took 0.144 seconds
[2024-10-02T02:00:24.699+0000] {processor.py:157} INFO - Started process (PID=898) to work on /home/airflow/.local/lib/python3.8/site-packages/airflow/example_dags/example_nested_branch_dag.py
[2024-10-02T02:00:24.702+0000] {processor.py:829} INFO - Processing file /home/airflow/.local/lib/python3.8/site-packages/airflow/example_dags/example_nested_branch_dag.py for tasks to queue
[2024-10-02T02:00:24.706+0000] {logging_mixin.py:151} INFO - [2024-10-02T02:00:24.706+0000] {dagbag.py:539} INFO - Filling up the DagBag from /home/airflow/.local/lib/python3.8/site-packages/airflow/example_dags/example_nested_branch_dag.py
[2024-10-02T02:00:24.727+0000] {processor.py:839} INFO - DAG(s) dict_keys(['example_nested_branch_dag']) retrieved from /home/airflow/.local/lib/python3.8/site-packages/airflow/example_dags/example_nested_branch_dag.py
[2024-10-02T02:00:24.762+0000] {logging_mixin.py:151} INFO - [2024-10-02T02:00:24.762+0000] {dag.py:2915} INFO - Sync 1 DAGs
[2024-10-02T02:00:24.796+0000] {logging_mixin.py:151} INFO - [2024-10-02T02:00:24.796+0000] {dag.py:3696} INFO - Setting next_dagrun for example_nested_branch_dag to 2024-10-01T00:00:00+00:00, run_after=2024-10-02T00:00:00+00:00
[2024-10-02T02:00:24.820+0000] {processor.py:179} INFO - Processing /home/airflow/.local/lib/python3.8/site-packages/airflow/example_dags/example_nested_branch_dag.py took 0.128 seconds
[2024-10-02T02:00:55.082+0000] {processor.py:157} INFO - Started process (PID=945) to work on /home/airflow/.local/lib/python3.8/site-packages/airflow/example_dags/example_nested_branch_dag.py
[2024-10-02T02:00:55.085+0000] {processor.py:829} INFO - Processing file /home/airflow/.local/lib/python3.8/site-packages/airflow/example_dags/example_nested_branch_dag.py for tasks to queue
[2024-10-02T02:00:55.089+0000] {logging_mixin.py:151} INFO - [2024-10-02T02:00:55.089+0000] {dagbag.py:539} INFO - Filling up the DagBag from /home/airflow/.local/lib/python3.8/site-packages/airflow/example_dags/example_nested_branch_dag.py
[2024-10-02T02:00:55.107+0000] {processor.py:839} INFO - DAG(s) dict_keys(['example_nested_branch_dag']) retrieved from /home/airflow/.local/lib/python3.8/site-packages/airflow/example_dags/example_nested_branch_dag.py
[2024-10-02T02:00:55.143+0000] {logging_mixin.py:151} INFO - [2024-10-02T02:00:55.143+0000] {dag.py:2915} INFO - Sync 1 DAGs
[2024-10-02T02:00:55.176+0000] {logging_mixin.py:151} INFO - [2024-10-02T02:00:55.176+0000] {dag.py:3696} INFO - Setting next_dagrun for example_nested_branch_dag to 2024-10-01T00:00:00+00:00, run_after=2024-10-02T00:00:00+00:00
[2024-10-02T02:00:55.204+0000] {processor.py:179} INFO - Processing /home/airflow/.local/lib/python3.8/site-packages/airflow/example_dags/example_nested_branch_dag.py took 0.126 seconds
[2024-10-02T02:01:25.650+0000] {processor.py:157} INFO - Started process (PID=993) to work on /home/airflow/.local/lib/python3.8/site-packages/airflow/example_dags/example_nested_branch_dag.py
[2024-10-02T02:01:25.701+0000] {processor.py:829} INFO - Processing file /home/airflow/.local/lib/python3.8/site-packages/airflow/example_dags/example_nested_branch_dag.py for tasks to queue
[2024-10-02T02:01:25.722+0000] {logging_mixin.py:151} INFO - [2024-10-02T02:01:25.720+0000] {dagbag.py:539} INFO - Filling up the DagBag from /home/airflow/.local/lib/python3.8/site-packages/airflow/example_dags/example_nested_branch_dag.py
[2024-10-02T02:03:22.158+0000] {processor.py:157} INFO - Started process (PID=49) to work on /home/airflow/.local/lib/python3.8/site-packages/airflow/example_dags/example_nested_branch_dag.py
[2024-10-02T02:03:22.161+0000] {processor.py:829} INFO - Processing file /home/airflow/.local/lib/python3.8/site-packages/airflow/example_dags/example_nested_branch_dag.py for tasks to queue
[2024-10-02T02:03:22.165+0000] {logging_mixin.py:151} INFO - [2024-10-02T02:03:22.165+0000] {dagbag.py:539} INFO - Filling up the DagBag from /home/airflow/.local/lib/python3.8/site-packages/airflow/example_dags/example_nested_branch_dag.py
[2024-10-02T02:03:22.189+0000] {processor.py:839} INFO - DAG(s) dict_keys(['example_nested_branch_dag']) retrieved from /home/airflow/.local/lib/python3.8/site-packages/airflow/example_dags/example_nested_branch_dag.py
[2024-10-02T02:03:22.364+0000] {logging_mixin.py:151} INFO - [2024-10-02T02:03:22.363+0000] {manager.py:499} INFO - Created Permission View: %s
[2024-10-02T02:03:22.380+0000] {logging_mixin.py:151} INFO - [2024-10-02T02:03:22.380+0000] {manager.py:499} INFO - Created Permission View: %s
[2024-10-02T02:03:22.388+0000] {logging_mixin.py:151} INFO - [2024-10-02T02:03:22.387+0000] {manager.py:499} INFO - Created Permission View: %s
[2024-10-02T02:03:22.390+0000] {logging_mixin.py:151} INFO - [2024-10-02T02:03:22.390+0000] {security.py:708} INFO - Not syncing DAG-level permissions for DAG 'DAG:example_nested_branch_dag' as access control is unset.
[2024-10-02T02:03:22.391+0000] {logging_mixin.py:151} INFO - [2024-10-02T02:03:22.391+0000] {dag.py:2915} INFO - Sync 1 DAGs
[2024-10-02T02:03:22.406+0000] {logging_mixin.py:151} INFO - [2024-10-02T02:03:22.406+0000] {dag.py:2937} INFO - Creating ORM DAG for example_nested_branch_dag
[2024-10-02T02:03:22.427+0000] {logging_mixin.py:151} INFO - [2024-10-02T02:03:22.427+0000] {dag.py:3696} INFO - Setting next_dagrun for example_nested_branch_dag to 2024-10-01T00:00:00+00:00, run_after=2024-10-02T00:00:00+00:00
[2024-10-02T02:03:22.473+0000] {processor.py:179} INFO - Processing /home/airflow/.local/lib/python3.8/site-packages/airflow/example_dags/example_nested_branch_dag.py took 0.321 seconds
[2024-10-02T02:06:18.674+0000] {processor.py:157} INFO - Started process (PID=49) to work on /home/airflow/.local/lib/python3.8/site-packages/airflow/example_dags/example_nested_branch_dag.py
[2024-10-02T02:06:18.678+0000] {processor.py:829} INFO - Processing file /home/airflow/.local/lib/python3.8/site-packages/airflow/example_dags/example_nested_branch_dag.py for tasks to queue
[2024-10-02T02:06:18.684+0000] {logging_mixin.py:151} INFO - [2024-10-02T02:06:18.683+0000] {dagbag.py:539} INFO - Filling up the DagBag from /home/airflow/.local/lib/python3.8/site-packages/airflow/example_dags/example_nested_branch_dag.py
[2024-10-02T02:06:18.716+0000] {processor.py:839} INFO - DAG(s) dict_keys(['example_nested_branch_dag']) retrieved from /home/airflow/.local/lib/python3.8/site-packages/airflow/example_dags/example_nested_branch_dag.py
[2024-10-02T02:06:19.102+0000] {logging_mixin.py:151} INFO - [2024-10-02T02:06:19.102+0000] {manager.py:499} INFO - Created Permission View: %s
[2024-10-02T02:06:19.150+0000] {logging_mixin.py:151} INFO - [2024-10-02T02:06:19.150+0000] {manager.py:499} INFO - Created Permission View: %s
[2024-10-02T02:06:19.186+0000] {logging_mixin.py:151} INFO - [2024-10-02T02:06:19.185+0000] {manager.py:499} INFO - Created Permission View: %s
[2024-10-02T02:06:19.192+0000] {logging_mixin.py:151} INFO - [2024-10-02T02:06:19.191+0000] {security.py:708} INFO - Not syncing DAG-level permissions for DAG 'DAG:example_nested_branch_dag' as access control is unset.
[2024-10-02T02:06:19.196+0000] {logging_mixin.py:151} INFO - [2024-10-02T02:06:19.195+0000] {dag.py:2915} INFO - Sync 1 DAGs
[2024-10-02T02:06:19.240+0000] {logging_mixin.py:151} INFO - [2024-10-02T02:06:19.238+0000] {dag.py:2937} INFO - Creating ORM DAG for example_nested_branch_dag
[2024-10-02T02:06:19.286+0000] {logging_mixin.py:151} INFO - [2024-10-02T02:06:19.285+0000] {dag.py:3696} INFO - Setting next_dagrun for example_nested_branch_dag to 2024-10-01T00:00:00+00:00, run_after=2024-10-02T00:00:00+00:00
[2024-10-02T02:06:19.431+0000] {processor.py:179} INFO - Processing /home/airflow/.local/lib/python3.8/site-packages/airflow/example_dags/example_nested_branch_dag.py took 0.763 seconds
[2024-10-02T02:06:49.895+0000] {processor.py:157} INFO - Started process (PID=96) to work on /home/airflow/.local/lib/python3.8/site-packages/airflow/example_dags/example_nested_branch_dag.py
[2024-10-02T02:06:49.898+0000] {processor.py:829} INFO - Processing file /home/airflow/.local/lib/python3.8/site-packages/airflow/example_dags/example_nested_branch_dag.py for tasks to queue
[2024-10-02T02:06:49.902+0000] {logging_mixin.py:151} INFO - [2024-10-02T02:06:49.901+0000] {dagbag.py:539} INFO - Filling up the DagBag from /home/airflow/.local/lib/python3.8/site-packages/airflow/example_dags/example_nested_branch_dag.py
[2024-10-02T02:06:49.923+0000] {processor.py:839} INFO - DAG(s) dict_keys(['example_nested_branch_dag']) retrieved from /home/airflow/.local/lib/python3.8/site-packages/airflow/example_dags/example_nested_branch_dag.py
[2024-10-02T02:06:49.972+0000] {logging_mixin.py:151} INFO - [2024-10-02T02:06:49.972+0000] {dag.py:2915} INFO - Sync 1 DAGs
[2024-10-02T02:06:50.005+0000] {logging_mixin.py:151} INFO - [2024-10-02T02:06:50.005+0000] {dag.py:3696} INFO - Setting next_dagrun for example_nested_branch_dag to 2024-10-01T00:00:00+00:00, run_after=2024-10-02T00:00:00+00:00
[2024-10-02T02:06:50.028+0000] {processor.py:179} INFO - Processing /home/airflow/.local/lib/python3.8/site-packages/airflow/example_dags/example_nested_branch_dag.py took 0.137 seconds
[2024-10-02T02:07:20.397+0000] {processor.py:157} INFO - Started process (PID=144) to work on /home/airflow/.local/lib/python3.8/site-packages/airflow/example_dags/example_nested_branch_dag.py
[2024-10-02T02:07:20.404+0000] {processor.py:829} INFO - Processing file /home/airflow/.local/lib/python3.8/site-packages/airflow/example_dags/example_nested_branch_dag.py for tasks to queue
[2024-10-02T02:07:20.409+0000] {logging_mixin.py:151} INFO - [2024-10-02T02:07:20.409+0000] {dagbag.py:539} INFO - Filling up the DagBag from /home/airflow/.local/lib/python3.8/site-packages/airflow/example_dags/example_nested_branch_dag.py
[2024-10-02T02:07:20.428+0000] {processor.py:839} INFO - DAG(s) dict_keys(['example_nested_branch_dag']) retrieved from /home/airflow/.local/lib/python3.8/site-packages/airflow/example_dags/example_nested_branch_dag.py
[2024-10-02T02:07:20.468+0000] {logging_mixin.py:151} INFO - [2024-10-02T02:07:20.468+0000] {dag.py:2915} INFO - Sync 1 DAGs
[2024-10-02T02:07:20.544+0000] {logging_mixin.py:151} INFO - [2024-10-02T02:07:20.544+0000] {dag.py:3696} INFO - Setting next_dagrun for example_nested_branch_dag to 2024-10-01T00:00:00+00:00, run_after=2024-10-02T00:00:00+00:00
[2024-10-02T02:07:20.570+0000] {processor.py:179} INFO - Processing /home/airflow/.local/lib/python3.8/site-packages/airflow/example_dags/example_nested_branch_dag.py took 0.177 seconds
[2024-10-02T02:07:50.756+0000] {processor.py:157} INFO - Started process (PID=192) to work on /home/airflow/.local/lib/python3.8/site-packages/airflow/example_dags/example_nested_branch_dag.py
[2024-10-02T02:07:50.771+0000] {processor.py:829} INFO - Processing file /home/airflow/.local/lib/python3.8/site-packages/airflow/example_dags/example_nested_branch_dag.py for tasks to queue
[2024-10-02T02:07:50.780+0000] {logging_mixin.py:151} INFO - [2024-10-02T02:07:50.779+0000] {dagbag.py:539} INFO - Filling up the DagBag from /home/airflow/.local/lib/python3.8/site-packages/airflow/example_dags/example_nested_branch_dag.py
[2024-10-02T02:07:50.799+0000] {processor.py:839} INFO - DAG(s) dict_keys(['example_nested_branch_dag']) retrieved from /home/airflow/.local/lib/python3.8/site-packages/airflow/example_dags/example_nested_branch_dag.py
[2024-10-02T02:07:50.833+0000] {logging_mixin.py:151} INFO - [2024-10-02T02:07:50.833+0000] {dag.py:2915} INFO - Sync 1 DAGs
[2024-10-02T02:07:50.864+0000] {logging_mixin.py:151} INFO - [2024-10-02T02:07:50.864+0000] {dag.py:3696} INFO - Setting next_dagrun for example_nested_branch_dag to 2024-10-01T00:00:00+00:00, run_after=2024-10-02T00:00:00+00:00
[2024-10-02T02:07:50.896+0000] {processor.py:179} INFO - Processing /home/airflow/.local/lib/python3.8/site-packages/airflow/example_dags/example_nested_branch_dag.py took 0.145 seconds
[2024-10-02T02:08:21.273+0000] {processor.py:157} INFO - Started process (PID=240) to work on /home/airflow/.local/lib/python3.8/site-packages/airflow/example_dags/example_nested_branch_dag.py
[2024-10-02T02:08:21.275+0000] {processor.py:829} INFO - Processing file /home/airflow/.local/lib/python3.8/site-packages/airflow/example_dags/example_nested_branch_dag.py for tasks to queue
[2024-10-02T02:08:21.279+0000] {logging_mixin.py:151} INFO - [2024-10-02T02:08:21.279+0000] {dagbag.py:539} INFO - Filling up the DagBag from /home/airflow/.local/lib/python3.8/site-packages/airflow/example_dags/example_nested_branch_dag.py
[2024-10-02T02:08:21.301+0000] {processor.py:839} INFO - DAG(s) dict_keys(['example_nested_branch_dag']) retrieved from /home/airflow/.local/lib/python3.8/site-packages/airflow/example_dags/example_nested_branch_dag.py
[2024-10-02T02:08:21.333+0000] {logging_mixin.py:151} INFO - [2024-10-02T02:08:21.333+0000] {dag.py:2915} INFO - Sync 1 DAGs
[2024-10-02T02:08:21.363+0000] {logging_mixin.py:151} INFO - [2024-10-02T02:08:21.362+0000] {dag.py:3696} INFO - Setting next_dagrun for example_nested_branch_dag to 2024-10-01T00:00:00+00:00, run_after=2024-10-02T00:00:00+00:00
[2024-10-02T02:08:21.389+0000] {processor.py:179} INFO - Processing /home/airflow/.local/lib/python3.8/site-packages/airflow/example_dags/example_nested_branch_dag.py took 0.121 seconds
[2024-10-02T02:08:51.445+0000] {processor.py:157} INFO - Started process (PID=288) to work on /home/airflow/.local/lib/python3.8/site-packages/airflow/example_dags/example_nested_branch_dag.py
[2024-10-02T02:08:51.448+0000] {processor.py:829} INFO - Processing file /home/airflow/.local/lib/python3.8/site-packages/airflow/example_dags/example_nested_branch_dag.py for tasks to queue
[2024-10-02T02:08:51.453+0000] {logging_mixin.py:151} INFO - [2024-10-02T02:08:51.452+0000] {dagbag.py:539} INFO - Filling up the DagBag from /home/airflow/.local/lib/python3.8/site-packages/airflow/example_dags/example_nested_branch_dag.py
[2024-10-02T02:08:51.489+0000] {processor.py:839} INFO - DAG(s) dict_keys(['example_nested_branch_dag']) retrieved from /home/airflow/.local/lib/python3.8/site-packages/airflow/example_dags/example_nested_branch_dag.py
[2024-10-02T02:08:51.649+0000] {logging_mixin.py:151} INFO - [2024-10-02T02:08:51.648+0000] {dag.py:2915} INFO - Sync 1 DAGs
[2024-10-02T02:08:51.735+0000] {logging_mixin.py:151} INFO - [2024-10-02T02:08:51.718+0000] {dag.py:3696} INFO - Setting next_dagrun for example_nested_branch_dag to 2024-10-01T00:00:00+00:00, run_after=2024-10-02T00:00:00+00:00
[2024-10-02T02:08:51.819+0000] {processor.py:179} INFO - Processing /home/airflow/.local/lib/python3.8/site-packages/airflow/example_dags/example_nested_branch_dag.py took 0.378 seconds
[2024-10-02T02:09:22.649+0000] {processor.py:157} INFO - Started process (PID=336) to work on /home/airflow/.local/lib/python3.8/site-packages/airflow/example_dags/example_nested_branch_dag.py
[2024-10-02T02:09:22.653+0000] {processor.py:829} INFO - Processing file /home/airflow/.local/lib/python3.8/site-packages/airflow/example_dags/example_nested_branch_dag.py for tasks to queue
[2024-10-02T02:09:22.661+0000] {logging_mixin.py:151} INFO - [2024-10-02T02:09:22.660+0000] {dagbag.py:539} INFO - Filling up the DagBag from /home/airflow/.local/lib/python3.8/site-packages/airflow/example_dags/example_nested_branch_dag.py
[2024-10-02T02:09:22.683+0000] {processor.py:839} INFO - DAG(s) dict_keys(['example_nested_branch_dag']) retrieved from /home/airflow/.local/lib/python3.8/site-packages/airflow/example_dags/example_nested_branch_dag.py
[2024-10-02T02:09:22.716+0000] {logging_mixin.py:151} INFO - [2024-10-02T02:09:22.715+0000] {dag.py:2915} INFO - Sync 1 DAGs
[2024-10-02T02:09:22.749+0000] {logging_mixin.py:151} INFO - [2024-10-02T02:09:22.748+0000] {dag.py:3696} INFO - Setting next_dagrun for example_nested_branch_dag to 2024-10-01T00:00:00+00:00, run_after=2024-10-02T00:00:00+00:00
[2024-10-02T02:09:22.771+0000] {processor.py:179} INFO - Processing /home/airflow/.local/lib/python3.8/site-packages/airflow/example_dags/example_nested_branch_dag.py took 0.127 seconds
[2024-10-02T02:09:53.129+0000] {processor.py:157} INFO - Started process (PID=384) to work on /home/airflow/.local/lib/python3.8/site-packages/airflow/example_dags/example_nested_branch_dag.py
[2024-10-02T02:09:53.151+0000] {processor.py:829} INFO - Processing file /home/airflow/.local/lib/python3.8/site-packages/airflow/example_dags/example_nested_branch_dag.py for tasks to queue
[2024-10-02T02:09:53.163+0000] {logging_mixin.py:151} INFO - [2024-10-02T02:09:53.162+0000] {dagbag.py:539} INFO - Filling up the DagBag from /home/airflow/.local/lib/python3.8/site-packages/airflow/example_dags/example_nested_branch_dag.py
[2024-10-02T02:09:53.190+0000] {processor.py:839} INFO - DAG(s) dict_keys(['example_nested_branch_dag']) retrieved from /home/airflow/.local/lib/python3.8/site-packages/airflow/example_dags/example_nested_branch_dag.py
[2024-10-02T02:09:53.234+0000] {logging_mixin.py:151} INFO - [2024-10-02T02:09:53.234+0000] {dag.py:2915} INFO - Sync 1 DAGs
[2024-10-02T02:09:53.265+0000] {logging_mixin.py:151} INFO - [2024-10-02T02:09:53.265+0000] {dag.py:3696} INFO - Setting next_dagrun for example_nested_branch_dag to 2024-10-01T00:00:00+00:00, run_after=2024-10-02T00:00:00+00:00
[2024-10-02T02:09:53.293+0000] {processor.py:179} INFO - Processing /home/airflow/.local/lib/python3.8/site-packages/airflow/example_dags/example_nested_branch_dag.py took 0.176 seconds
[2024-10-02T02:10:23.694+0000] {processor.py:157} INFO - Started process (PID=432) to work on /home/airflow/.local/lib/python3.8/site-packages/airflow/example_dags/example_nested_branch_dag.py
[2024-10-02T02:10:23.698+0000] {processor.py:829} INFO - Processing file /home/airflow/.local/lib/python3.8/site-packages/airflow/example_dags/example_nested_branch_dag.py for tasks to queue
[2024-10-02T02:10:23.703+0000] {logging_mixin.py:151} INFO - [2024-10-02T02:10:23.702+0000] {dagbag.py:539} INFO - Filling up the DagBag from /home/airflow/.local/lib/python3.8/site-packages/airflow/example_dags/example_nested_branch_dag.py
[2024-10-02T02:10:23.744+0000] {processor.py:839} INFO - DAG(s) dict_keys(['example_nested_branch_dag']) retrieved from /home/airflow/.local/lib/python3.8/site-packages/airflow/example_dags/example_nested_branch_dag.py
[2024-10-02T02:10:23.801+0000] {logging_mixin.py:151} INFO - [2024-10-02T02:10:23.801+0000] {dag.py:2915} INFO - Sync 1 DAGs
[2024-10-02T02:10:23.839+0000] {logging_mixin.py:151} INFO - [2024-10-02T02:10:23.838+0000] {dag.py:3696} INFO - Setting next_dagrun for example_nested_branch_dag to 2024-10-01T00:00:00+00:00, run_after=2024-10-02T00:00:00+00:00
[2024-10-02T02:10:23.869+0000] {processor.py:179} INFO - Processing /home/airflow/.local/lib/python3.8/site-packages/airflow/example_dags/example_nested_branch_dag.py took 0.182 seconds
