[2024-10-02 01:23:31,001] {scheduler_job.py:182} INFO - Started process (PID=40) to work on /home/airflow/.local/lib/python3.6/site-packages/airflow/example_dags/example_kubernetes_executor_config.py
[2024-10-02 01:23:31,004] {scheduler_job.py:629} INFO - Processing file /home/airflow/.local/lib/python3.6/site-packages/airflow/example_dags/example_kubernetes_executor_config.py for tasks to queue
[2024-10-02 01:23:31,007] {logging_mixin.py:104} INFO - [2024-10-02 01:23:31,007] {dagbag.py:451} INFO - Filling up the DagBag from /home/airflow/.local/lib/python3.6/site-packages/airflow/example_dags/example_kubernetes_executor_config.py
[2024-10-02 01:23:31,025] {scheduler_job.py:639} INFO - DAG(s) dict_keys(['example_kubernetes_executor_config']) retrieved from /home/airflow/.local/lib/python3.6/site-packages/airflow/example_dags/example_kubernetes_executor_config.py
[2024-10-02 01:23:31,067] {logging_mixin.py:104} INFO - [2024-10-02 01:23:31,067] {dag.py:1824} INFO - Sync 1 DAGs
[2024-10-02 01:23:31,087] {logging_mixin.py:104} INFO - [2024-10-02 01:23:31,087] {dag.py:1843} INFO - Creating ORM DAG for example_kubernetes_executor_config
[2024-10-02 01:23:31,097] {logging_mixin.py:104} INFO - [2024-10-02 01:23:31,096] {dag.py:2280} INFO - Setting next_dagrun for example_kubernetes_executor_config to None
[2024-10-02 01:23:31,119] {scheduler_job.py:190} INFO - Processing /home/airflow/.local/lib/python3.6/site-packages/airflow/example_dags/example_kubernetes_executor_config.py took 0.123 seconds
[2024-10-02 01:24:02,292] {scheduler_job.py:182} INFO - Started process (PID=69) to work on /home/airflow/.local/lib/python3.6/site-packages/airflow/example_dags/example_kubernetes_executor_config.py
[2024-10-02 01:24:02,296] {scheduler_job.py:629} INFO - Processing file /home/airflow/.local/lib/python3.6/site-packages/airflow/example_dags/example_kubernetes_executor_config.py for tasks to queue
[2024-10-02 01:24:02,299] {logging_mixin.py:104} INFO - [2024-10-02 01:24:02,299] {dagbag.py:451} INFO - Filling up the DagBag from /home/airflow/.local/lib/python3.6/site-packages/airflow/example_dags/example_kubernetes_executor_config.py
[2024-10-02 01:24:02,335] {scheduler_job.py:639} INFO - DAG(s) dict_keys(['example_kubernetes_executor_config']) retrieved from /home/airflow/.local/lib/python3.6/site-packages/airflow/example_dags/example_kubernetes_executor_config.py
[2024-10-02 01:24:02,371] {logging_mixin.py:104} INFO - [2024-10-02 01:24:02,371] {dag.py:1824} INFO - Sync 1 DAGs
[2024-10-02 01:24:02,388] {logging_mixin.py:104} INFO - [2024-10-02 01:24:02,388] {dag.py:2280} INFO - Setting next_dagrun for example_kubernetes_executor_config to None
[2024-10-02 01:24:02,403] {scheduler_job.py:190} INFO - Processing /home/airflow/.local/lib/python3.6/site-packages/airflow/example_dags/example_kubernetes_executor_config.py took 0.118 seconds
[2024-10-02 01:24:32,541] {scheduler_job.py:182} INFO - Started process (PID=96) to work on /home/airflow/.local/lib/python3.6/site-packages/airflow/example_dags/example_kubernetes_executor_config.py
[2024-10-02 01:24:32,544] {scheduler_job.py:629} INFO - Processing file /home/airflow/.local/lib/python3.6/site-packages/airflow/example_dags/example_kubernetes_executor_config.py for tasks to queue
[2024-10-02 01:24:32,545] {logging_mixin.py:104} INFO - [2024-10-02 01:24:32,545] {dagbag.py:451} INFO - Filling up the DagBag from /home/airflow/.local/lib/python3.6/site-packages/airflow/example_dags/example_kubernetes_executor_config.py
[2024-10-02 01:24:32,561] {scheduler_job.py:639} INFO - DAG(s) dict_keys(['example_kubernetes_executor_config']) retrieved from /home/airflow/.local/lib/python3.6/site-packages/airflow/example_dags/example_kubernetes_executor_config.py
[2024-10-02 01:24:32,590] {logging_mixin.py:104} INFO - [2024-10-02 01:24:32,590] {dag.py:1824} INFO - Sync 1 DAGs
[2024-10-02 01:24:32,610] {logging_mixin.py:104} INFO - [2024-10-02 01:24:32,610] {dag.py:2280} INFO - Setting next_dagrun for example_kubernetes_executor_config to None
[2024-10-02 01:24:32,626] {scheduler_job.py:190} INFO - Processing /home/airflow/.local/lib/python3.6/site-packages/airflow/example_dags/example_kubernetes_executor_config.py took 0.089 seconds
[2024-10-02 01:25:03,445] {scheduler_job.py:182} INFO - Started process (PID=121) to work on /home/airflow/.local/lib/python3.6/site-packages/airflow/example_dags/example_kubernetes_executor_config.py
[2024-10-02 01:25:03,450] {scheduler_job.py:629} INFO - Processing file /home/airflow/.local/lib/python3.6/site-packages/airflow/example_dags/example_kubernetes_executor_config.py for tasks to queue
[2024-10-02 01:25:03,453] {logging_mixin.py:104} INFO - [2024-10-02 01:25:03,452] {dagbag.py:451} INFO - Filling up the DagBag from /home/airflow/.local/lib/python3.6/site-packages/airflow/example_dags/example_kubernetes_executor_config.py
[2024-10-02 01:25:03,485] {scheduler_job.py:639} INFO - DAG(s) dict_keys(['example_kubernetes_executor_config']) retrieved from /home/airflow/.local/lib/python3.6/site-packages/airflow/example_dags/example_kubernetes_executor_config.py
[2024-10-02 01:25:03,520] {logging_mixin.py:104} INFO - [2024-10-02 01:25:03,520] {dag.py:1824} INFO - Sync 1 DAGs
[2024-10-02 01:25:03,550] {logging_mixin.py:104} INFO - [2024-10-02 01:25:03,550] {dag.py:2280} INFO - Setting next_dagrun for example_kubernetes_executor_config to None
[2024-10-02 01:25:03,575] {scheduler_job.py:190} INFO - Processing /home/airflow/.local/lib/python3.6/site-packages/airflow/example_dags/example_kubernetes_executor_config.py took 0.134 seconds
[2024-10-02 01:25:33,972] {scheduler_job.py:182} INFO - Started process (PID=148) to work on /home/airflow/.local/lib/python3.6/site-packages/airflow/example_dags/example_kubernetes_executor_config.py
[2024-10-02 01:25:33,974] {scheduler_job.py:629} INFO - Processing file /home/airflow/.local/lib/python3.6/site-packages/airflow/example_dags/example_kubernetes_executor_config.py for tasks to queue
[2024-10-02 01:25:33,975] {logging_mixin.py:104} INFO - [2024-10-02 01:25:33,975] {dagbag.py:451} INFO - Filling up the DagBag from /home/airflow/.local/lib/python3.6/site-packages/airflow/example_dags/example_kubernetes_executor_config.py
[2024-10-02 01:25:33,989] {scheduler_job.py:639} INFO - DAG(s) dict_keys(['example_kubernetes_executor_config']) retrieved from /home/airflow/.local/lib/python3.6/site-packages/airflow/example_dags/example_kubernetes_executor_config.py
[2024-10-02 01:25:34,018] {logging_mixin.py:104} INFO - [2024-10-02 01:25:34,018] {dag.py:1824} INFO - Sync 1 DAGs
[2024-10-02 01:25:34,037] {logging_mixin.py:104} INFO - [2024-10-02 01:25:34,037] {dag.py:2280} INFO - Setting next_dagrun for example_kubernetes_executor_config to None
[2024-10-02 01:25:34,047] {scheduler_job.py:190} INFO - Processing /home/airflow/.local/lib/python3.6/site-packages/airflow/example_dags/example_kubernetes_executor_config.py took 0.078 seconds
[2024-10-02 01:26:05,626] {scheduler_job.py:182} INFO - Started process (PID=182) to work on /home/airflow/.local/lib/python3.6/site-packages/airflow/example_dags/example_kubernetes_executor_config.py
[2024-10-02 01:26:05,629] {scheduler_job.py:629} INFO - Processing file /home/airflow/.local/lib/python3.6/site-packages/airflow/example_dags/example_kubernetes_executor_config.py for tasks to queue
[2024-10-02 01:26:05,636] {logging_mixin.py:104} INFO - [2024-10-02 01:26:05,636] {dagbag.py:451} INFO - Filling up the DagBag from /home/airflow/.local/lib/python3.6/site-packages/airflow/example_dags/example_kubernetes_executor_config.py
[2024-10-02 01:26:05,662] {scheduler_job.py:639} INFO - DAG(s) dict_keys(['example_kubernetes_executor_config']) retrieved from /home/airflow/.local/lib/python3.6/site-packages/airflow/example_dags/example_kubernetes_executor_config.py
[2024-10-02 01:26:05,714] {logging_mixin.py:104} INFO - [2024-10-02 01:26:05,714] {dag.py:1824} INFO - Sync 1 DAGs
[2024-10-02 01:26:05,752] {logging_mixin.py:104} INFO - [2024-10-02 01:26:05,752] {dag.py:2280} INFO - Setting next_dagrun for example_kubernetes_executor_config to None
[2024-10-02 01:26:05,771] {scheduler_job.py:190} INFO - Processing /home/airflow/.local/lib/python3.6/site-packages/airflow/example_dags/example_kubernetes_executor_config.py took 0.152 seconds
[2024-10-02 01:26:35,826] {scheduler_job.py:182} INFO - Started process (PID=209) to work on /home/airflow/.local/lib/python3.6/site-packages/airflow/example_dags/example_kubernetes_executor_config.py
[2024-10-02 01:26:35,827] {scheduler_job.py:629} INFO - Processing file /home/airflow/.local/lib/python3.6/site-packages/airflow/example_dags/example_kubernetes_executor_config.py for tasks to queue
[2024-10-02 01:26:35,828] {logging_mixin.py:104} INFO - [2024-10-02 01:26:35,828] {dagbag.py:451} INFO - Filling up the DagBag from /home/airflow/.local/lib/python3.6/site-packages/airflow/example_dags/example_kubernetes_executor_config.py
[2024-10-02 01:26:35,842] {scheduler_job.py:639} INFO - DAG(s) dict_keys(['example_kubernetes_executor_config']) retrieved from /home/airflow/.local/lib/python3.6/site-packages/airflow/example_dags/example_kubernetes_executor_config.py
[2024-10-02 01:26:35,870] {logging_mixin.py:104} INFO - [2024-10-02 01:26:35,869] {dag.py:1824} INFO - Sync 1 DAGs
[2024-10-02 01:26:35,885] {logging_mixin.py:104} INFO - [2024-10-02 01:26:35,885] {dag.py:2280} INFO - Setting next_dagrun for example_kubernetes_executor_config to None
[2024-10-02 01:26:35,894] {scheduler_job.py:190} INFO - Processing /home/airflow/.local/lib/python3.6/site-packages/airflow/example_dags/example_kubernetes_executor_config.py took 0.072 seconds
[2024-10-02 01:27:06,634] {scheduler_job.py:182} INFO - Started process (PID=235) to work on /home/airflow/.local/lib/python3.6/site-packages/airflow/example_dags/example_kubernetes_executor_config.py
[2024-10-02 01:27:06,638] {scheduler_job.py:629} INFO - Processing file /home/airflow/.local/lib/python3.6/site-packages/airflow/example_dags/example_kubernetes_executor_config.py for tasks to queue
[2024-10-02 01:27:06,652] {logging_mixin.py:104} INFO - [2024-10-02 01:27:06,648] {dagbag.py:451} INFO - Filling up the DagBag from /home/airflow/.local/lib/python3.6/site-packages/airflow/example_dags/example_kubernetes_executor_config.py
[2024-10-02 01:27:06,669] {scheduler_job.py:639} INFO - DAG(s) dict_keys(['example_kubernetes_executor_config']) retrieved from /home/airflow/.local/lib/python3.6/site-packages/airflow/example_dags/example_kubernetes_executor_config.py
[2024-10-02 01:27:06,731] {logging_mixin.py:104} INFO - [2024-10-02 01:27:06,730] {dag.py:1824} INFO - Sync 1 DAGs
[2024-10-02 01:27:06,766] {logging_mixin.py:104} INFO - [2024-10-02 01:27:06,765] {dag.py:2280} INFO - Setting next_dagrun for example_kubernetes_executor_config to None
[2024-10-02 01:27:06,777] {scheduler_job.py:190} INFO - Processing /home/airflow/.local/lib/python3.6/site-packages/airflow/example_dags/example_kubernetes_executor_config.py took 0.149 seconds
[2024-10-02 01:27:38,988] {scheduler_job.py:182} INFO - Started process (PID=265) to work on /home/airflow/.local/lib/python3.6/site-packages/airflow/example_dags/example_kubernetes_executor_config.py
[2024-10-02 01:27:38,991] {scheduler_job.py:629} INFO - Processing file /home/airflow/.local/lib/python3.6/site-packages/airflow/example_dags/example_kubernetes_executor_config.py for tasks to queue
[2024-10-02 01:27:38,994] {logging_mixin.py:104} INFO - [2024-10-02 01:27:38,993] {dagbag.py:451} INFO - Filling up the DagBag from /home/airflow/.local/lib/python3.6/site-packages/airflow/example_dags/example_kubernetes_executor_config.py
[2024-10-02 01:27:39,035] {scheduler_job.py:639} INFO - DAG(s) dict_keys(['example_kubernetes_executor_config']) retrieved from /home/airflow/.local/lib/python3.6/site-packages/airflow/example_dags/example_kubernetes_executor_config.py
[2024-10-02 01:27:39,099] {logging_mixin.py:104} INFO - [2024-10-02 01:27:39,099] {dag.py:1824} INFO - Sync 1 DAGs
[2024-10-02 01:27:39,136] {logging_mixin.py:104} INFO - [2024-10-02 01:27:39,136] {dag.py:2280} INFO - Setting next_dagrun for example_kubernetes_executor_config to None
[2024-10-02 01:27:39,161] {scheduler_job.py:190} INFO - Processing /home/airflow/.local/lib/python3.6/site-packages/airflow/example_dags/example_kubernetes_executor_config.py took 0.176 seconds
[2024-10-02 01:28:10,098] {scheduler_job.py:182} INFO - Started process (PID=294) to work on /home/airflow/.local/lib/python3.6/site-packages/airflow/example_dags/example_kubernetes_executor_config.py
[2024-10-02 01:28:10,099] {scheduler_job.py:629} INFO - Processing file /home/airflow/.local/lib/python3.6/site-packages/airflow/example_dags/example_kubernetes_executor_config.py for tasks to queue
[2024-10-02 01:28:10,100] {logging_mixin.py:104} INFO - [2024-10-02 01:28:10,100] {dagbag.py:451} INFO - Filling up the DagBag from /home/airflow/.local/lib/python3.6/site-packages/airflow/example_dags/example_kubernetes_executor_config.py
[2024-10-02 01:28:10,113] {scheduler_job.py:639} INFO - DAG(s) dict_keys(['example_kubernetes_executor_config']) retrieved from /home/airflow/.local/lib/python3.6/site-packages/airflow/example_dags/example_kubernetes_executor_config.py
[2024-10-02 01:28:10,143] {logging_mixin.py:104} INFO - [2024-10-02 01:28:10,143] {dag.py:1824} INFO - Sync 1 DAGs
[2024-10-02 01:28:10,158] {logging_mixin.py:104} INFO - [2024-10-02 01:28:10,158] {dag.py:2280} INFO - Setting next_dagrun for example_kubernetes_executor_config to None
[2024-10-02 01:28:10,168] {scheduler_job.py:190} INFO - Processing /home/airflow/.local/lib/python3.6/site-packages/airflow/example_dags/example_kubernetes_executor_config.py took 0.073 seconds
[2024-10-02 01:28:41,009] {scheduler_job.py:182} INFO - Started process (PID=321) to work on /home/airflow/.local/lib/python3.6/site-packages/airflow/example_dags/example_kubernetes_executor_config.py
[2024-10-02 01:28:41,012] {scheduler_job.py:629} INFO - Processing file /home/airflow/.local/lib/python3.6/site-packages/airflow/example_dags/example_kubernetes_executor_config.py for tasks to queue
[2024-10-02 01:28:41,014] {logging_mixin.py:104} INFO - [2024-10-02 01:28:41,014] {dagbag.py:451} INFO - Filling up the DagBag from /home/airflow/.local/lib/python3.6/site-packages/airflow/example_dags/example_kubernetes_executor_config.py
[2024-10-02 01:28:41,033] {scheduler_job.py:639} INFO - DAG(s) dict_keys(['example_kubernetes_executor_config']) retrieved from /home/airflow/.local/lib/python3.6/site-packages/airflow/example_dags/example_kubernetes_executor_config.py
[2024-10-02 01:28:41,061] {logging_mixin.py:104} INFO - [2024-10-02 01:28:41,061] {dag.py:1824} INFO - Sync 1 DAGs
[2024-10-02 01:28:41,079] {logging_mixin.py:104} INFO - [2024-10-02 01:28:41,078] {dag.py:2280} INFO - Setting next_dagrun for example_kubernetes_executor_config to None
[2024-10-02 01:28:41,093] {scheduler_job.py:190} INFO - Processing /home/airflow/.local/lib/python3.6/site-packages/airflow/example_dags/example_kubernetes_executor_config.py took 0.088 seconds
