[2024-10-02T01:32:14.386+0000] {processor.py:157} INFO - Started process (PID=51) to work on /home/airflow/.local/lib/python3.8/site-packages/airflow/example_dags/example_params_ui_tutorial.py
[2024-10-02T01:32:14.388+0000] {processor.py:829} INFO - Processing file /home/airflow/.local/lib/python3.8/site-packages/airflow/example_dags/example_params_ui_tutorial.py for tasks to queue
[2024-10-02T01:32:14.392+0000] {logging_mixin.py:151} INFO - [2024-10-02T01:32:14.392+0000] {dagbag.py:539} INFO - Filling up the DagBag from /home/airflow/.local/lib/python3.8/site-packages/airflow/example_dags/example_params_ui_tutorial.py
[2024-10-02T01:32:14.453+0000] {processor.py:839} INFO - DAG(s) dict_keys(['example_params_ui_tutorial']) retrieved from /home/airflow/.local/lib/python3.8/site-packages/airflow/example_dags/example_params_ui_tutorial.py
[2024-10-02T01:32:14.713+0000] {logging_mixin.py:151} INFO - [2024-10-02T01:32:14.712+0000] {manager.py:499} INFO - Created Permission View: %s
[2024-10-02T01:32:14.731+0000] {logging_mixin.py:151} INFO - [2024-10-02T01:32:14.731+0000] {manager.py:499} INFO - Created Permission View: %s
[2024-10-02T01:32:14.752+0000] {logging_mixin.py:151} INFO - [2024-10-02T01:32:14.751+0000] {manager.py:499} INFO - Created Permission View: %s
[2024-10-02T01:32:14.755+0000] {logging_mixin.py:151} INFO - [2024-10-02T01:32:14.754+0000] {security.py:708} INFO - Not syncing DAG-level permissions for DAG 'DAG:example_params_ui_tutorial' as access control is unset.
[2024-10-02T01:32:14.756+0000] {logging_mixin.py:151} INFO - [2024-10-02T01:32:14.756+0000] {dag.py:2915} INFO - Sync 1 DAGs
[2024-10-02T01:32:14.778+0000] {logging_mixin.py:151} INFO - [2024-10-02T01:32:14.778+0000] {dag.py:2937} INFO - Creating ORM DAG for example_params_ui_tutorial
[2024-10-02T01:32:14.781+0000] {logging_mixin.py:151} INFO - [2024-10-02T01:32:14.780+0000] {dag.py:3696} INFO - Setting next_dagrun for example_params_ui_tutorial to None, run_after=None
[2024-10-02T01:32:14.806+0000] {processor.py:179} INFO - Processing /home/airflow/.local/lib/python3.8/site-packages/airflow/example_dags/example_params_ui_tutorial.py took 0.424 seconds
[2024-10-02T01:32:45.528+0000] {processor.py:157} INFO - Started process (PID=99) to work on /home/airflow/.local/lib/python3.8/site-packages/airflow/example_dags/example_params_ui_tutorial.py
[2024-10-02T01:32:45.535+0000] {processor.py:829} INFO - Processing file /home/airflow/.local/lib/python3.8/site-packages/airflow/example_dags/example_params_ui_tutorial.py for tasks to queue
[2024-10-02T01:32:45.538+0000] {logging_mixin.py:151} INFO - [2024-10-02T01:32:45.538+0000] {dagbag.py:539} INFO - Filling up the DagBag from /home/airflow/.local/lib/python3.8/site-packages/airflow/example_dags/example_params_ui_tutorial.py
[2024-10-02T01:32:45.591+0000] {processor.py:839} INFO - DAG(s) dict_keys(['example_params_ui_tutorial']) retrieved from /home/airflow/.local/lib/python3.8/site-packages/airflow/example_dags/example_params_ui_tutorial.py
[2024-10-02T01:32:45.665+0000] {logging_mixin.py:151} INFO - [2024-10-02T01:32:45.665+0000] {dag.py:2915} INFO - Sync 1 DAGs
[2024-10-02T01:32:45.704+0000] {logging_mixin.py:151} INFO - [2024-10-02T01:32:45.704+0000] {dag.py:3696} INFO - Setting next_dagrun for example_params_ui_tutorial to None, run_after=None
[2024-10-02T01:32:45.774+0000] {processor.py:179} INFO - Processing /home/airflow/.local/lib/python3.8/site-packages/airflow/example_dags/example_params_ui_tutorial.py took 0.251 seconds
[2024-10-02T01:33:16.090+0000] {processor.py:157} INFO - Started process (PID=147) to work on /home/airflow/.local/lib/python3.8/site-packages/airflow/example_dags/example_params_ui_tutorial.py
[2024-10-02T01:33:16.093+0000] {processor.py:829} INFO - Processing file /home/airflow/.local/lib/python3.8/site-packages/airflow/example_dags/example_params_ui_tutorial.py for tasks to queue
[2024-10-02T01:33:16.099+0000] {logging_mixin.py:151} INFO - [2024-10-02T01:33:16.098+0000] {dagbag.py:539} INFO - Filling up the DagBag from /home/airflow/.local/lib/python3.8/site-packages/airflow/example_dags/example_params_ui_tutorial.py
[2024-10-02T01:33:16.235+0000] {processor.py:839} INFO - DAG(s) dict_keys(['example_params_ui_tutorial']) retrieved from /home/airflow/.local/lib/python3.8/site-packages/airflow/example_dags/example_params_ui_tutorial.py
[2024-10-02T01:33:16.399+0000] {logging_mixin.py:151} INFO - [2024-10-02T01:33:16.398+0000] {dag.py:2915} INFO - Sync 1 DAGs
[2024-10-02T01:33:16.440+0000] {logging_mixin.py:151} INFO - [2024-10-02T01:33:16.439+0000] {dag.py:3696} INFO - Setting next_dagrun for example_params_ui_tutorial to None, run_after=None
[2024-10-02T01:33:16.483+0000] {processor.py:179} INFO - Processing /home/airflow/.local/lib/python3.8/site-packages/airflow/example_dags/example_params_ui_tutorial.py took 0.400 seconds
[2024-10-02T01:33:46.817+0000] {processor.py:157} INFO - Started process (PID=194) to work on /home/airflow/.local/lib/python3.8/site-packages/airflow/example_dags/example_params_ui_tutorial.py
[2024-10-02T01:33:46.820+0000] {processor.py:829} INFO - Processing file /home/airflow/.local/lib/python3.8/site-packages/airflow/example_dags/example_params_ui_tutorial.py for tasks to queue
[2024-10-02T01:33:46.823+0000] {logging_mixin.py:151} INFO - [2024-10-02T01:33:46.823+0000] {dagbag.py:539} INFO - Filling up the DagBag from /home/airflow/.local/lib/python3.8/site-packages/airflow/example_dags/example_params_ui_tutorial.py
[2024-10-02T01:33:46.874+0000] {processor.py:839} INFO - DAG(s) dict_keys(['example_params_ui_tutorial']) retrieved from /home/airflow/.local/lib/python3.8/site-packages/airflow/example_dags/example_params_ui_tutorial.py
[2024-10-02T01:33:46.937+0000] {logging_mixin.py:151} INFO - [2024-10-02T01:33:46.937+0000] {dag.py:2915} INFO - Sync 1 DAGs
[2024-10-02T01:33:46.954+0000] {logging_mixin.py:151} INFO - [2024-10-02T01:33:46.953+0000] {dag.py:3696} INFO - Setting next_dagrun for example_params_ui_tutorial to None, run_after=None
[2024-10-02T01:33:46.984+0000] {processor.py:179} INFO - Processing /home/airflow/.local/lib/python3.8/site-packages/airflow/example_dags/example_params_ui_tutorial.py took 0.171 seconds
[2024-10-02T01:34:17.592+0000] {processor.py:157} INFO - Started process (PID=242) to work on /home/airflow/.local/lib/python3.8/site-packages/airflow/example_dags/example_params_ui_tutorial.py
[2024-10-02T01:34:17.595+0000] {processor.py:829} INFO - Processing file /home/airflow/.local/lib/python3.8/site-packages/airflow/example_dags/example_params_ui_tutorial.py for tasks to queue
[2024-10-02T01:34:17.600+0000] {logging_mixin.py:151} INFO - [2024-10-02T01:34:17.599+0000] {dagbag.py:539} INFO - Filling up the DagBag from /home/airflow/.local/lib/python3.8/site-packages/airflow/example_dags/example_params_ui_tutorial.py
[2024-10-02T01:34:17.667+0000] {processor.py:839} INFO - DAG(s) dict_keys(['example_params_ui_tutorial']) retrieved from /home/airflow/.local/lib/python3.8/site-packages/airflow/example_dags/example_params_ui_tutorial.py
[2024-10-02T01:34:17.743+0000] {logging_mixin.py:151} INFO - [2024-10-02T01:34:17.743+0000] {dag.py:2915} INFO - Sync 1 DAGs
[2024-10-02T01:34:17.763+0000] {logging_mixin.py:151} INFO - [2024-10-02T01:34:17.763+0000] {dag.py:3696} INFO - Setting next_dagrun for example_params_ui_tutorial to None, run_after=None
[2024-10-02T01:34:17.791+0000] {processor.py:179} INFO - Processing /home/airflow/.local/lib/python3.8/site-packages/airflow/example_dags/example_params_ui_tutorial.py took 0.205 seconds
[2024-10-02T01:34:48.172+0000] {processor.py:157} INFO - Started process (PID=290) to work on /home/airflow/.local/lib/python3.8/site-packages/airflow/example_dags/example_params_ui_tutorial.py
[2024-10-02T01:34:48.175+0000] {processor.py:829} INFO - Processing file /home/airflow/.local/lib/python3.8/site-packages/airflow/example_dags/example_params_ui_tutorial.py for tasks to queue
[2024-10-02T01:34:48.182+0000] {logging_mixin.py:151} INFO - [2024-10-02T01:34:48.181+0000] {dagbag.py:539} INFO - Filling up the DagBag from /home/airflow/.local/lib/python3.8/site-packages/airflow/example_dags/example_params_ui_tutorial.py
[2024-10-02T01:34:48.255+0000] {processor.py:839} INFO - DAG(s) dict_keys(['example_params_ui_tutorial']) retrieved from /home/airflow/.local/lib/python3.8/site-packages/airflow/example_dags/example_params_ui_tutorial.py
[2024-10-02T01:34:48.343+0000] {logging_mixin.py:151} INFO - [2024-10-02T01:34:48.343+0000] {dag.py:2915} INFO - Sync 1 DAGs
[2024-10-02T01:34:48.363+0000] {logging_mixin.py:151} INFO - [2024-10-02T01:34:48.363+0000] {dag.py:3696} INFO - Setting next_dagrun for example_params_ui_tutorial to None, run_after=None
[2024-10-02T01:34:48.395+0000] {processor.py:179} INFO - Processing /home/airflow/.local/lib/python3.8/site-packages/airflow/example_dags/example_params_ui_tutorial.py took 0.229 seconds
[2024-10-02T01:35:18.657+0000] {processor.py:157} INFO - Started process (PID=339) to work on /home/airflow/.local/lib/python3.8/site-packages/airflow/example_dags/example_params_ui_tutorial.py
[2024-10-02T01:35:18.661+0000] {processor.py:829} INFO - Processing file /home/airflow/.local/lib/python3.8/site-packages/airflow/example_dags/example_params_ui_tutorial.py for tasks to queue
[2024-10-02T01:35:18.666+0000] {logging_mixin.py:151} INFO - [2024-10-02T01:35:18.666+0000] {dagbag.py:539} INFO - Filling up the DagBag from /home/airflow/.local/lib/python3.8/site-packages/airflow/example_dags/example_params_ui_tutorial.py
[2024-10-02T01:35:18.730+0000] {processor.py:839} INFO - DAG(s) dict_keys(['example_params_ui_tutorial']) retrieved from /home/airflow/.local/lib/python3.8/site-packages/airflow/example_dags/example_params_ui_tutorial.py
[2024-10-02T01:35:18.816+0000] {logging_mixin.py:151} INFO - [2024-10-02T01:35:18.816+0000] {dag.py:2915} INFO - Sync 1 DAGs
[2024-10-02T01:35:18.838+0000] {logging_mixin.py:151} INFO - [2024-10-02T01:35:18.838+0000] {dag.py:3696} INFO - Setting next_dagrun for example_params_ui_tutorial to None, run_after=None
[2024-10-02T01:35:18.869+0000] {processor.py:179} INFO - Processing /home/airflow/.local/lib/python3.8/site-packages/airflow/example_dags/example_params_ui_tutorial.py took 0.217 seconds
[2024-10-02T01:35:49.166+0000] {processor.py:157} INFO - Started process (PID=387) to work on /home/airflow/.local/lib/python3.8/site-packages/airflow/example_dags/example_params_ui_tutorial.py
[2024-10-02T01:35:49.169+0000] {processor.py:829} INFO - Processing file /home/airflow/.local/lib/python3.8/site-packages/airflow/example_dags/example_params_ui_tutorial.py for tasks to queue
[2024-10-02T01:35:49.173+0000] {logging_mixin.py:151} INFO - [2024-10-02T01:35:49.172+0000] {dagbag.py:539} INFO - Filling up the DagBag from /home/airflow/.local/lib/python3.8/site-packages/airflow/example_dags/example_params_ui_tutorial.py
[2024-10-02T01:35:49.233+0000] {processor.py:839} INFO - DAG(s) dict_keys(['example_params_ui_tutorial']) retrieved from /home/airflow/.local/lib/python3.8/site-packages/airflow/example_dags/example_params_ui_tutorial.py
[2024-10-02T01:35:49.310+0000] {logging_mixin.py:151} INFO - [2024-10-02T01:35:49.310+0000] {dag.py:2915} INFO - Sync 1 DAGs
[2024-10-02T01:35:49.332+0000] {logging_mixin.py:151} INFO - [2024-10-02T01:35:49.331+0000] {dag.py:3696} INFO - Setting next_dagrun for example_params_ui_tutorial to None, run_after=None
[2024-10-02T01:35:49.368+0000] {processor.py:179} INFO - Processing /home/airflow/.local/lib/python3.8/site-packages/airflow/example_dags/example_params_ui_tutorial.py took 0.206 seconds
[2024-10-02T01:36:19.698+0000] {processor.py:157} INFO - Started process (PID=435) to work on /home/airflow/.local/lib/python3.8/site-packages/airflow/example_dags/example_params_ui_tutorial.py
[2024-10-02T01:36:19.702+0000] {processor.py:829} INFO - Processing file /home/airflow/.local/lib/python3.8/site-packages/airflow/example_dags/example_params_ui_tutorial.py for tasks to queue
[2024-10-02T01:36:19.708+0000] {logging_mixin.py:151} INFO - [2024-10-02T01:36:19.707+0000] {dagbag.py:539} INFO - Filling up the DagBag from /home/airflow/.local/lib/python3.8/site-packages/airflow/example_dags/example_params_ui_tutorial.py
[2024-10-02T01:36:19.769+0000] {processor.py:839} INFO - DAG(s) dict_keys(['example_params_ui_tutorial']) retrieved from /home/airflow/.local/lib/python3.8/site-packages/airflow/example_dags/example_params_ui_tutorial.py
[2024-10-02T01:36:19.849+0000] {logging_mixin.py:151} INFO - [2024-10-02T01:36:19.849+0000] {dag.py:2915} INFO - Sync 1 DAGs
[2024-10-02T01:36:19.873+0000] {logging_mixin.py:151} INFO - [2024-10-02T01:36:19.872+0000] {dag.py:3696} INFO - Setting next_dagrun for example_params_ui_tutorial to None, run_after=None
[2024-10-02T01:36:19.907+0000] {processor.py:179} INFO - Processing /home/airflow/.local/lib/python3.8/site-packages/airflow/example_dags/example_params_ui_tutorial.py took 0.213 seconds
[2024-10-02T01:36:50.065+0000] {processor.py:157} INFO - Started process (PID=483) to work on /home/airflow/.local/lib/python3.8/site-packages/airflow/example_dags/example_params_ui_tutorial.py
[2024-10-02T01:36:50.068+0000] {processor.py:829} INFO - Processing file /home/airflow/.local/lib/python3.8/site-packages/airflow/example_dags/example_params_ui_tutorial.py for tasks to queue
[2024-10-02T01:36:50.071+0000] {logging_mixin.py:151} INFO - [2024-10-02T01:36:50.071+0000] {dagbag.py:539} INFO - Filling up the DagBag from /home/airflow/.local/lib/python3.8/site-packages/airflow/example_dags/example_params_ui_tutorial.py
[2024-10-02T01:36:50.149+0000] {processor.py:839} INFO - DAG(s) dict_keys(['example_params_ui_tutorial']) retrieved from /home/airflow/.local/lib/python3.8/site-packages/airflow/example_dags/example_params_ui_tutorial.py
[2024-10-02T01:36:50.239+0000] {logging_mixin.py:151} INFO - [2024-10-02T01:36:50.238+0000] {dag.py:2915} INFO - Sync 1 DAGs
[2024-10-02T01:36:50.264+0000] {logging_mixin.py:151} INFO - [2024-10-02T01:36:50.264+0000] {dag.py:3696} INFO - Setting next_dagrun for example_params_ui_tutorial to None, run_after=None
[2024-10-02T01:36:50.293+0000] {processor.py:179} INFO - Processing /home/airflow/.local/lib/python3.8/site-packages/airflow/example_dags/example_params_ui_tutorial.py took 0.232 seconds
[2024-10-02T01:37:21.250+0000] {processor.py:157} INFO - Started process (PID=531) to work on /home/airflow/.local/lib/python3.8/site-packages/airflow/example_dags/example_params_ui_tutorial.py
[2024-10-02T01:37:21.253+0000] {processor.py:829} INFO - Processing file /home/airflow/.local/lib/python3.8/site-packages/airflow/example_dags/example_params_ui_tutorial.py for tasks to queue
[2024-10-02T01:37:21.258+0000] {logging_mixin.py:151} INFO - [2024-10-02T01:37:21.257+0000] {dagbag.py:539} INFO - Filling up the DagBag from /home/airflow/.local/lib/python3.8/site-packages/airflow/example_dags/example_params_ui_tutorial.py
[2024-10-02T01:37:21.324+0000] {processor.py:839} INFO - DAG(s) dict_keys(['example_params_ui_tutorial']) retrieved from /home/airflow/.local/lib/python3.8/site-packages/airflow/example_dags/example_params_ui_tutorial.py
[2024-10-02T01:37:21.397+0000] {logging_mixin.py:151} INFO - [2024-10-02T01:37:21.396+0000] {dag.py:2915} INFO - Sync 1 DAGs
[2024-10-02T01:37:21.419+0000] {logging_mixin.py:151} INFO - [2024-10-02T01:37:21.419+0000] {dag.py:3696} INFO - Setting next_dagrun for example_params_ui_tutorial to None, run_after=None
[2024-10-02T01:37:21.445+0000] {processor.py:179} INFO - Processing /home/airflow/.local/lib/python3.8/site-packages/airflow/example_dags/example_params_ui_tutorial.py took 0.199 seconds
[2024-10-02T01:37:51.570+0000] {processor.py:157} INFO - Started process (PID=579) to work on /home/airflow/.local/lib/python3.8/site-packages/airflow/example_dags/example_params_ui_tutorial.py
[2024-10-02T01:37:51.573+0000] {processor.py:829} INFO - Processing file /home/airflow/.local/lib/python3.8/site-packages/airflow/example_dags/example_params_ui_tutorial.py for tasks to queue
[2024-10-02T01:37:51.576+0000] {logging_mixin.py:151} INFO - [2024-10-02T01:37:51.575+0000] {dagbag.py:539} INFO - Filling up the DagBag from /home/airflow/.local/lib/python3.8/site-packages/airflow/example_dags/example_params_ui_tutorial.py
[2024-10-02T01:37:51.635+0000] {processor.py:839} INFO - DAG(s) dict_keys(['example_params_ui_tutorial']) retrieved from /home/airflow/.local/lib/python3.8/site-packages/airflow/example_dags/example_params_ui_tutorial.py
[2024-10-02T01:37:51.717+0000] {logging_mixin.py:151} INFO - [2024-10-02T01:37:51.717+0000] {dag.py:2915} INFO - Sync 1 DAGs
[2024-10-02T01:37:51.741+0000] {logging_mixin.py:151} INFO - [2024-10-02T01:37:51.741+0000] {dag.py:3696} INFO - Setting next_dagrun for example_params_ui_tutorial to None, run_after=None
[2024-10-02T01:37:51.781+0000] {processor.py:179} INFO - Processing /home/airflow/.local/lib/python3.8/site-packages/airflow/example_dags/example_params_ui_tutorial.py took 0.214 seconds
[2024-10-02T01:38:22.220+0000] {processor.py:157} INFO - Started process (PID=627) to work on /home/airflow/.local/lib/python3.8/site-packages/airflow/example_dags/example_params_ui_tutorial.py
[2024-10-02T01:38:22.222+0000] {processor.py:829} INFO - Processing file /home/airflow/.local/lib/python3.8/site-packages/airflow/example_dags/example_params_ui_tutorial.py for tasks to queue
[2024-10-02T01:38:22.226+0000] {logging_mixin.py:151} INFO - [2024-10-02T01:38:22.226+0000] {dagbag.py:539} INFO - Filling up the DagBag from /home/airflow/.local/lib/python3.8/site-packages/airflow/example_dags/example_params_ui_tutorial.py
[2024-10-02T01:38:22.283+0000] {processor.py:839} INFO - DAG(s) dict_keys(['example_params_ui_tutorial']) retrieved from /home/airflow/.local/lib/python3.8/site-packages/airflow/example_dags/example_params_ui_tutorial.py
[2024-10-02T01:38:22.368+0000] {logging_mixin.py:151} INFO - [2024-10-02T01:38:22.368+0000] {dag.py:2915} INFO - Sync 1 DAGs
[2024-10-02T01:38:22.391+0000] {logging_mixin.py:151} INFO - [2024-10-02T01:38:22.391+0000] {dag.py:3696} INFO - Setting next_dagrun for example_params_ui_tutorial to None, run_after=None
[2024-10-02T01:38:22.423+0000] {processor.py:179} INFO - Processing /home/airflow/.local/lib/python3.8/site-packages/airflow/example_dags/example_params_ui_tutorial.py took 0.207 seconds
[2024-10-02T01:38:52.517+0000] {processor.py:157} INFO - Started process (PID=675) to work on /home/airflow/.local/lib/python3.8/site-packages/airflow/example_dags/example_params_ui_tutorial.py
[2024-10-02T01:38:52.521+0000] {processor.py:829} INFO - Processing file /home/airflow/.local/lib/python3.8/site-packages/airflow/example_dags/example_params_ui_tutorial.py for tasks to queue
[2024-10-02T01:38:52.528+0000] {logging_mixin.py:151} INFO - [2024-10-02T01:38:52.527+0000] {dagbag.py:539} INFO - Filling up the DagBag from /home/airflow/.local/lib/python3.8/site-packages/airflow/example_dags/example_params_ui_tutorial.py
[2024-10-02T01:38:52.593+0000] {processor.py:839} INFO - DAG(s) dict_keys(['example_params_ui_tutorial']) retrieved from /home/airflow/.local/lib/python3.8/site-packages/airflow/example_dags/example_params_ui_tutorial.py
[2024-10-02T01:38:52.685+0000] {logging_mixin.py:151} INFO - [2024-10-02T01:38:52.685+0000] {dag.py:2915} INFO - Sync 1 DAGs
[2024-10-02T01:38:52.708+0000] {logging_mixin.py:151} INFO - [2024-10-02T01:38:52.708+0000] {dag.py:3696} INFO - Setting next_dagrun for example_params_ui_tutorial to None, run_after=None
[2024-10-02T01:38:52.741+0000] {processor.py:179} INFO - Processing /home/airflow/.local/lib/python3.8/site-packages/airflow/example_dags/example_params_ui_tutorial.py took 0.231 seconds
[2024-10-02T01:39:23.249+0000] {processor.py:157} INFO - Started process (PID=723) to work on /home/airflow/.local/lib/python3.8/site-packages/airflow/example_dags/example_params_ui_tutorial.py
[2024-10-02T01:39:23.254+0000] {processor.py:829} INFO - Processing file /home/airflow/.local/lib/python3.8/site-packages/airflow/example_dags/example_params_ui_tutorial.py for tasks to queue
[2024-10-02T01:39:23.263+0000] {logging_mixin.py:151} INFO - [2024-10-02T01:39:23.262+0000] {dagbag.py:539} INFO - Filling up the DagBag from /home/airflow/.local/lib/python3.8/site-packages/airflow/example_dags/example_params_ui_tutorial.py
[2024-10-02T01:39:23.339+0000] {processor.py:839} INFO - DAG(s) dict_keys(['example_params_ui_tutorial']) retrieved from /home/airflow/.local/lib/python3.8/site-packages/airflow/example_dags/example_params_ui_tutorial.py
[2024-10-02T01:39:23.425+0000] {logging_mixin.py:151} INFO - [2024-10-02T01:39:23.425+0000] {dag.py:2915} INFO - Sync 1 DAGs
[2024-10-02T01:39:23.444+0000] {logging_mixin.py:151} INFO - [2024-10-02T01:39:23.443+0000] {dag.py:3696} INFO - Setting next_dagrun for example_params_ui_tutorial to None, run_after=None
[2024-10-02T01:39:23.487+0000] {processor.py:179} INFO - Processing /home/airflow/.local/lib/python3.8/site-packages/airflow/example_dags/example_params_ui_tutorial.py took 0.244 seconds
[2024-10-02T01:45:33.985+0000] {processor.py:157} INFO - Started process (PID=51) to work on /home/airflow/.local/lib/python3.8/site-packages/airflow/example_dags/example_params_ui_tutorial.py
[2024-10-02T01:45:33.995+0000] {processor.py:829} INFO - Processing file /home/airflow/.local/lib/python3.8/site-packages/airflow/example_dags/example_params_ui_tutorial.py for tasks to queue
[2024-10-02T01:45:34.004+0000] {logging_mixin.py:151} INFO - [2024-10-02T01:45:34.003+0000] {dagbag.py:539} INFO - Filling up the DagBag from /home/airflow/.local/lib/python3.8/site-packages/airflow/example_dags/example_params_ui_tutorial.py
[2024-10-02T01:45:34.112+0000] {processor.py:839} INFO - DAG(s) dict_keys(['example_params_ui_tutorial']) retrieved from /home/airflow/.local/lib/python3.8/site-packages/airflow/example_dags/example_params_ui_tutorial.py
[2024-10-02T01:45:34.337+0000] {logging_mixin.py:151} INFO - [2024-10-02T01:45:34.337+0000] {manager.py:499} INFO - Created Permission View: %s
[2024-10-02T01:45:34.360+0000] {logging_mixin.py:151} INFO - [2024-10-02T01:45:34.360+0000] {manager.py:499} INFO - Created Permission View: %s
[2024-10-02T01:45:34.373+0000] {logging_mixin.py:151} INFO - [2024-10-02T01:45:34.372+0000] {manager.py:499} INFO - Created Permission View: %s
[2024-10-02T01:45:34.374+0000] {logging_mixin.py:151} INFO - [2024-10-02T01:45:34.374+0000] {security.py:708} INFO - Not syncing DAG-level permissions for DAG 'DAG:example_params_ui_tutorial' as access control is unset.
[2024-10-02T01:45:34.379+0000] {logging_mixin.py:151} INFO - [2024-10-02T01:45:34.378+0000] {dag.py:2915} INFO - Sync 1 DAGs
[2024-10-02T01:45:34.399+0000] {logging_mixin.py:151} INFO - [2024-10-02T01:45:34.399+0000] {dag.py:2937} INFO - Creating ORM DAG for example_params_ui_tutorial
[2024-10-02T01:45:34.412+0000] {logging_mixin.py:151} INFO - [2024-10-02T01:45:34.412+0000] {dag.py:3696} INFO - Setting next_dagrun for example_params_ui_tutorial to None, run_after=None
[2024-10-02T01:45:34.443+0000] {processor.py:179} INFO - Processing /home/airflow/.local/lib/python3.8/site-packages/airflow/example_dags/example_params_ui_tutorial.py took 0.473 seconds
[2024-10-02T01:46:04.813+0000] {processor.py:157} INFO - Started process (PID=99) to work on /home/airflow/.local/lib/python3.8/site-packages/airflow/example_dags/example_params_ui_tutorial.py
[2024-10-02T01:46:04.817+0000] {processor.py:829} INFO - Processing file /home/airflow/.local/lib/python3.8/site-packages/airflow/example_dags/example_params_ui_tutorial.py for tasks to queue
[2024-10-02T01:46:04.823+0000] {logging_mixin.py:151} INFO - [2024-10-02T01:46:04.822+0000] {dagbag.py:539} INFO - Filling up the DagBag from /home/airflow/.local/lib/python3.8/site-packages/airflow/example_dags/example_params_ui_tutorial.py
[2024-10-02T01:46:04.882+0000] {processor.py:839} INFO - DAG(s) dict_keys(['example_params_ui_tutorial']) retrieved from /home/airflow/.local/lib/python3.8/site-packages/airflow/example_dags/example_params_ui_tutorial.py
[2024-10-02T01:46:04.972+0000] {logging_mixin.py:151} INFO - [2024-10-02T01:46:04.972+0000] {dag.py:2915} INFO - Sync 1 DAGs
[2024-10-02T01:46:04.992+0000] {logging_mixin.py:151} INFO - [2024-10-02T01:46:04.992+0000] {dag.py:3696} INFO - Setting next_dagrun for example_params_ui_tutorial to None, run_after=None
[2024-10-02T01:46:05.016+0000] {processor.py:179} INFO - Processing /home/airflow/.local/lib/python3.8/site-packages/airflow/example_dags/example_params_ui_tutorial.py took 0.208 seconds
[2024-10-02T01:47:01.773+0000] {processor.py:157} INFO - Started process (PID=51) to work on /home/airflow/.local/lib/python3.8/site-packages/airflow/example_dags/example_params_ui_tutorial.py
[2024-10-02T01:47:01.794+0000] {processor.py:829} INFO - Processing file /home/airflow/.local/lib/python3.8/site-packages/airflow/example_dags/example_params_ui_tutorial.py for tasks to queue
[2024-10-02T01:47:01.813+0000] {logging_mixin.py:151} INFO - [2024-10-02T01:47:01.810+0000] {dagbag.py:539} INFO - Filling up the DagBag from /home/airflow/.local/lib/python3.8/site-packages/airflow/example_dags/example_params_ui_tutorial.py
[2024-10-02T01:47:01.935+0000] {processor.py:839} INFO - DAG(s) dict_keys(['example_params_ui_tutorial']) retrieved from /home/airflow/.local/lib/python3.8/site-packages/airflow/example_dags/example_params_ui_tutorial.py
[2024-10-02T01:47:02.022+0000] {logging_mixin.py:151} INFO - [2024-10-02T01:47:02.022+0000] {dag.py:2915} INFO - Sync 1 DAGs
[2024-10-02T01:47:02.059+0000] {logging_mixin.py:151} INFO - [2024-10-02T01:47:02.058+0000] {dag.py:3696} INFO - Setting next_dagrun for example_params_ui_tutorial to None, run_after=None
[2024-10-02T01:47:02.182+0000] {processor.py:179} INFO - Processing /home/airflow/.local/lib/python3.8/site-packages/airflow/example_dags/example_params_ui_tutorial.py took 0.431 seconds
[2024-10-02T01:47:32.353+0000] {processor.py:157} INFO - Started process (PID=98) to work on /home/airflow/.local/lib/python3.8/site-packages/airflow/example_dags/example_params_ui_tutorial.py
[2024-10-02T01:47:32.357+0000] {processor.py:829} INFO - Processing file /home/airflow/.local/lib/python3.8/site-packages/airflow/example_dags/example_params_ui_tutorial.py for tasks to queue
[2024-10-02T01:47:32.363+0000] {logging_mixin.py:151} INFO - [2024-10-02T01:47:32.362+0000] {dagbag.py:539} INFO - Filling up the DagBag from /home/airflow/.local/lib/python3.8/site-packages/airflow/example_dags/example_params_ui_tutorial.py
[2024-10-02T01:47:32.425+0000] {processor.py:839} INFO - DAG(s) dict_keys(['example_params_ui_tutorial']) retrieved from /home/airflow/.local/lib/python3.8/site-packages/airflow/example_dags/example_params_ui_tutorial.py
[2024-10-02T01:47:32.495+0000] {logging_mixin.py:151} INFO - [2024-10-02T01:47:32.495+0000] {dag.py:2915} INFO - Sync 1 DAGs
[2024-10-02T01:47:32.513+0000] {logging_mixin.py:151} INFO - [2024-10-02T01:47:32.512+0000] {dag.py:3696} INFO - Setting next_dagrun for example_params_ui_tutorial to None, run_after=None
[2024-10-02T01:47:32.538+0000] {processor.py:179} INFO - Processing /home/airflow/.local/lib/python3.8/site-packages/airflow/example_dags/example_params_ui_tutorial.py took 0.188 seconds
[2024-10-02T01:48:29.914+0000] {processor.py:157} INFO - Started process (PID=51) to work on /home/airflow/.local/lib/python3.8/site-packages/airflow/example_dags/example_params_ui_tutorial.py
[2024-10-02T01:48:29.928+0000] {processor.py:829} INFO - Processing file /home/airflow/.local/lib/python3.8/site-packages/airflow/example_dags/example_params_ui_tutorial.py for tasks to queue
[2024-10-02T01:48:30.046+0000] {logging_mixin.py:151} INFO - [2024-10-02T01:48:30.045+0000] {dagbag.py:539} INFO - Filling up the DagBag from /home/airflow/.local/lib/python3.8/site-packages/airflow/example_dags/example_params_ui_tutorial.py
[2024-10-02T01:48:30.258+0000] {processor.py:839} INFO - DAG(s) dict_keys(['example_params_ui_tutorial']) retrieved from /home/airflow/.local/lib/python3.8/site-packages/airflow/example_dags/example_params_ui_tutorial.py
[2024-10-02T01:48:30.327+0000] {logging_mixin.py:151} INFO - [2024-10-02T01:48:30.326+0000] {dag.py:2915} INFO - Sync 1 DAGs
[2024-10-02T01:48:30.365+0000] {logging_mixin.py:151} INFO - [2024-10-02T01:48:30.364+0000] {dag.py:3696} INFO - Setting next_dagrun for example_params_ui_tutorial to None, run_after=None
[2024-10-02T01:48:30.397+0000] {processor.py:179} INFO - Processing /home/airflow/.local/lib/python3.8/site-packages/airflow/example_dags/example_params_ui_tutorial.py took 0.526 seconds
[2024-10-02T01:49:01.036+0000] {processor.py:157} INFO - Started process (PID=99) to work on /home/airflow/.local/lib/python3.8/site-packages/airflow/example_dags/example_params_ui_tutorial.py
[2024-10-02T01:49:01.042+0000] {processor.py:829} INFO - Processing file /home/airflow/.local/lib/python3.8/site-packages/airflow/example_dags/example_params_ui_tutorial.py for tasks to queue
[2024-10-02T01:49:01.055+0000] {logging_mixin.py:151} INFO - [2024-10-02T01:49:01.051+0000] {dagbag.py:539} INFO - Filling up the DagBag from /home/airflow/.local/lib/python3.8/site-packages/airflow/example_dags/example_params_ui_tutorial.py
[2024-10-02T01:49:01.146+0000] {processor.py:839} INFO - DAG(s) dict_keys(['example_params_ui_tutorial']) retrieved from /home/airflow/.local/lib/python3.8/site-packages/airflow/example_dags/example_params_ui_tutorial.py
[2024-10-02T01:49:01.224+0000] {logging_mixin.py:151} INFO - [2024-10-02T01:49:01.223+0000] {dag.py:2915} INFO - Sync 1 DAGs
[2024-10-02T01:49:01.242+0000] {logging_mixin.py:151} INFO - [2024-10-02T01:49:01.242+0000] {dag.py:3696} INFO - Setting next_dagrun for example_params_ui_tutorial to None, run_after=None
[2024-10-02T01:49:01.265+0000] {processor.py:179} INFO - Processing /home/airflow/.local/lib/python3.8/site-packages/airflow/example_dags/example_params_ui_tutorial.py took 0.235 seconds
[2024-10-02T01:49:31.850+0000] {processor.py:157} INFO - Started process (PID=147) to work on /home/airflow/.local/lib/python3.8/site-packages/airflow/example_dags/example_params_ui_tutorial.py
[2024-10-02T01:49:31.853+0000] {processor.py:829} INFO - Processing file /home/airflow/.local/lib/python3.8/site-packages/airflow/example_dags/example_params_ui_tutorial.py for tasks to queue
[2024-10-02T01:49:31.861+0000] {logging_mixin.py:151} INFO - [2024-10-02T01:49:31.861+0000] {dagbag.py:539} INFO - Filling up the DagBag from /home/airflow/.local/lib/python3.8/site-packages/airflow/example_dags/example_params_ui_tutorial.py
[2024-10-02T01:49:31.926+0000] {processor.py:839} INFO - DAG(s) dict_keys(['example_params_ui_tutorial']) retrieved from /home/airflow/.local/lib/python3.8/site-packages/airflow/example_dags/example_params_ui_tutorial.py
[2024-10-02T01:49:32.025+0000] {logging_mixin.py:151} INFO - [2024-10-02T01:49:32.024+0000] {dag.py:2915} INFO - Sync 1 DAGs
[2024-10-02T01:49:32.050+0000] {logging_mixin.py:151} INFO - [2024-10-02T01:49:32.050+0000] {dag.py:3696} INFO - Setting next_dagrun for example_params_ui_tutorial to None, run_after=None
[2024-10-02T01:49:32.087+0000] {processor.py:179} INFO - Processing /home/airflow/.local/lib/python3.8/site-packages/airflow/example_dags/example_params_ui_tutorial.py took 0.243 seconds
[2024-10-02T01:50:02.359+0000] {processor.py:157} INFO - Started process (PID=195) to work on /home/airflow/.local/lib/python3.8/site-packages/airflow/example_dags/example_params_ui_tutorial.py
[2024-10-02T01:50:02.361+0000] {processor.py:829} INFO - Processing file /home/airflow/.local/lib/python3.8/site-packages/airflow/example_dags/example_params_ui_tutorial.py for tasks to queue
[2024-10-02T01:50:02.364+0000] {logging_mixin.py:151} INFO - [2024-10-02T01:50:02.364+0000] {dagbag.py:539} INFO - Filling up the DagBag from /home/airflow/.local/lib/python3.8/site-packages/airflow/example_dags/example_params_ui_tutorial.py
[2024-10-02T01:50:02.417+0000] {processor.py:839} INFO - DAG(s) dict_keys(['example_params_ui_tutorial']) retrieved from /home/airflow/.local/lib/python3.8/site-packages/airflow/example_dags/example_params_ui_tutorial.py
[2024-10-02T01:50:02.666+0000] {logging_mixin.py:151} INFO - [2024-10-02T01:50:02.662+0000] {dag.py:2915} INFO - Sync 1 DAGs
[2024-10-02T01:50:02.689+0000] {logging_mixin.py:151} INFO - [2024-10-02T01:50:02.689+0000] {dag.py:3696} INFO - Setting next_dagrun for example_params_ui_tutorial to None, run_after=None
[2024-10-02T01:50:02.753+0000] {processor.py:179} INFO - Processing /home/airflow/.local/lib/python3.8/site-packages/airflow/example_dags/example_params_ui_tutorial.py took 0.399 seconds
[2024-10-02T01:50:33.447+0000] {processor.py:157} INFO - Started process (PID=243) to work on /home/airflow/.local/lib/python3.8/site-packages/airflow/example_dags/example_params_ui_tutorial.py
[2024-10-02T01:50:33.450+0000] {processor.py:829} INFO - Processing file /home/airflow/.local/lib/python3.8/site-packages/airflow/example_dags/example_params_ui_tutorial.py for tasks to queue
[2024-10-02T01:50:33.453+0000] {logging_mixin.py:151} INFO - [2024-10-02T01:50:33.453+0000] {dagbag.py:539} INFO - Filling up the DagBag from /home/airflow/.local/lib/python3.8/site-packages/airflow/example_dags/example_params_ui_tutorial.py
[2024-10-02T01:50:33.508+0000] {processor.py:839} INFO - DAG(s) dict_keys(['example_params_ui_tutorial']) retrieved from /home/airflow/.local/lib/python3.8/site-packages/airflow/example_dags/example_params_ui_tutorial.py
[2024-10-02T01:50:33.589+0000] {logging_mixin.py:151} INFO - [2024-10-02T01:50:33.588+0000] {dag.py:2915} INFO - Sync 1 DAGs
[2024-10-02T01:50:33.610+0000] {logging_mixin.py:151} INFO - [2024-10-02T01:50:33.610+0000] {dag.py:3696} INFO - Setting next_dagrun for example_params_ui_tutorial to None, run_after=None
[2024-10-02T01:50:33.637+0000] {processor.py:179} INFO - Processing /home/airflow/.local/lib/python3.8/site-packages/airflow/example_dags/example_params_ui_tutorial.py took 0.196 seconds
[2024-10-02T01:51:03.732+0000] {processor.py:157} INFO - Started process (PID=290) to work on /home/airflow/.local/lib/python3.8/site-packages/airflow/example_dags/example_params_ui_tutorial.py
[2024-10-02T01:51:03.735+0000] {processor.py:829} INFO - Processing file /home/airflow/.local/lib/python3.8/site-packages/airflow/example_dags/example_params_ui_tutorial.py for tasks to queue
[2024-10-02T01:51:03.739+0000] {logging_mixin.py:151} INFO - [2024-10-02T01:51:03.738+0000] {dagbag.py:539} INFO - Filling up the DagBag from /home/airflow/.local/lib/python3.8/site-packages/airflow/example_dags/example_params_ui_tutorial.py
[2024-10-02T01:51:03.790+0000] {processor.py:839} INFO - DAG(s) dict_keys(['example_params_ui_tutorial']) retrieved from /home/airflow/.local/lib/python3.8/site-packages/airflow/example_dags/example_params_ui_tutorial.py
[2024-10-02T01:51:03.860+0000] {logging_mixin.py:151} INFO - [2024-10-02T01:51:03.859+0000] {dag.py:2915} INFO - Sync 1 DAGs
[2024-10-02T01:51:03.874+0000] {logging_mixin.py:151} INFO - [2024-10-02T01:51:03.874+0000] {dag.py:3696} INFO - Setting next_dagrun for example_params_ui_tutorial to None, run_after=None
[2024-10-02T01:51:03.897+0000] {processor.py:179} INFO - Processing /home/airflow/.local/lib/python3.8/site-packages/airflow/example_dags/example_params_ui_tutorial.py took 0.170 seconds
[2024-10-02T01:51:34.135+0000] {processor.py:157} INFO - Started process (PID=338) to work on /home/airflow/.local/lib/python3.8/site-packages/airflow/example_dags/example_params_ui_tutorial.py
[2024-10-02T01:51:34.138+0000] {processor.py:829} INFO - Processing file /home/airflow/.local/lib/python3.8/site-packages/airflow/example_dags/example_params_ui_tutorial.py for tasks to queue
[2024-10-02T01:51:34.141+0000] {logging_mixin.py:151} INFO - [2024-10-02T01:51:34.141+0000] {dagbag.py:539} INFO - Filling up the DagBag from /home/airflow/.local/lib/python3.8/site-packages/airflow/example_dags/example_params_ui_tutorial.py
[2024-10-02T01:51:34.193+0000] {processor.py:839} INFO - DAG(s) dict_keys(['example_params_ui_tutorial']) retrieved from /home/airflow/.local/lib/python3.8/site-packages/airflow/example_dags/example_params_ui_tutorial.py
[2024-10-02T01:51:34.268+0000] {logging_mixin.py:151} INFO - [2024-10-02T01:51:34.268+0000] {dag.py:2915} INFO - Sync 1 DAGs
[2024-10-02T01:51:34.287+0000] {logging_mixin.py:151} INFO - [2024-10-02T01:51:34.287+0000] {dag.py:3696} INFO - Setting next_dagrun for example_params_ui_tutorial to None, run_after=None
[2024-10-02T01:51:34.314+0000] {processor.py:179} INFO - Processing /home/airflow/.local/lib/python3.8/site-packages/airflow/example_dags/example_params_ui_tutorial.py took 0.183 seconds
[2024-10-02T01:52:04.404+0000] {processor.py:157} INFO - Started process (PID=386) to work on /home/airflow/.local/lib/python3.8/site-packages/airflow/example_dags/example_params_ui_tutorial.py
[2024-10-02T01:52:04.407+0000] {processor.py:829} INFO - Processing file /home/airflow/.local/lib/python3.8/site-packages/airflow/example_dags/example_params_ui_tutorial.py for tasks to queue
[2024-10-02T01:52:04.411+0000] {logging_mixin.py:151} INFO - [2024-10-02T01:52:04.411+0000] {dagbag.py:539} INFO - Filling up the DagBag from /home/airflow/.local/lib/python3.8/site-packages/airflow/example_dags/example_params_ui_tutorial.py
[2024-10-02T01:52:04.464+0000] {processor.py:839} INFO - DAG(s) dict_keys(['example_params_ui_tutorial']) retrieved from /home/airflow/.local/lib/python3.8/site-packages/airflow/example_dags/example_params_ui_tutorial.py
[2024-10-02T01:52:04.529+0000] {logging_mixin.py:151} INFO - [2024-10-02T01:52:04.529+0000] {dag.py:2915} INFO - Sync 1 DAGs
[2024-10-02T01:52:04.546+0000] {logging_mixin.py:151} INFO - [2024-10-02T01:52:04.546+0000] {dag.py:3696} INFO - Setting next_dagrun for example_params_ui_tutorial to None, run_after=None
[2024-10-02T01:52:04.570+0000] {processor.py:179} INFO - Processing /home/airflow/.local/lib/python3.8/site-packages/airflow/example_dags/example_params_ui_tutorial.py took 0.170 seconds
[2024-10-02T01:52:34.703+0000] {processor.py:157} INFO - Started process (PID=434) to work on /home/airflow/.local/lib/python3.8/site-packages/airflow/example_dags/example_params_ui_tutorial.py
[2024-10-02T01:52:34.706+0000] {processor.py:829} INFO - Processing file /home/airflow/.local/lib/python3.8/site-packages/airflow/example_dags/example_params_ui_tutorial.py for tasks to queue
[2024-10-02T01:52:34.710+0000] {logging_mixin.py:151} INFO - [2024-10-02T01:52:34.709+0000] {dagbag.py:539} INFO - Filling up the DagBag from /home/airflow/.local/lib/python3.8/site-packages/airflow/example_dags/example_params_ui_tutorial.py
[2024-10-02T01:52:34.764+0000] {processor.py:839} INFO - DAG(s) dict_keys(['example_params_ui_tutorial']) retrieved from /home/airflow/.local/lib/python3.8/site-packages/airflow/example_dags/example_params_ui_tutorial.py
[2024-10-02T01:52:34.832+0000] {logging_mixin.py:151} INFO - [2024-10-02T01:52:34.831+0000] {dag.py:2915} INFO - Sync 1 DAGs
[2024-10-02T01:52:34.846+0000] {logging_mixin.py:151} INFO - [2024-10-02T01:52:34.846+0000] {dag.py:3696} INFO - Setting next_dagrun for example_params_ui_tutorial to None, run_after=None
[2024-10-02T01:52:34.870+0000] {processor.py:179} INFO - Processing /home/airflow/.local/lib/python3.8/site-packages/airflow/example_dags/example_params_ui_tutorial.py took 0.172 seconds
[2024-10-02T01:53:04.949+0000] {processor.py:157} INFO - Started process (PID=482) to work on /home/airflow/.local/lib/python3.8/site-packages/airflow/example_dags/example_params_ui_tutorial.py
[2024-10-02T01:53:04.951+0000] {processor.py:829} INFO - Processing file /home/airflow/.local/lib/python3.8/site-packages/airflow/example_dags/example_params_ui_tutorial.py for tasks to queue
[2024-10-02T01:53:04.956+0000] {logging_mixin.py:151} INFO - [2024-10-02T01:53:04.956+0000] {dagbag.py:539} INFO - Filling up the DagBag from /home/airflow/.local/lib/python3.8/site-packages/airflow/example_dags/example_params_ui_tutorial.py
[2024-10-02T01:53:05.014+0000] {processor.py:839} INFO - DAG(s) dict_keys(['example_params_ui_tutorial']) retrieved from /home/airflow/.local/lib/python3.8/site-packages/airflow/example_dags/example_params_ui_tutorial.py
[2024-10-02T01:53:05.107+0000] {logging_mixin.py:151} INFO - [2024-10-02T01:53:05.106+0000] {dag.py:2915} INFO - Sync 1 DAGs
[2024-10-02T01:53:05.147+0000] {logging_mixin.py:151} INFO - [2024-10-02T01:53:05.147+0000] {dag.py:3696} INFO - Setting next_dagrun for example_params_ui_tutorial to None, run_after=None
[2024-10-02T01:53:05.196+0000] {processor.py:179} INFO - Processing /home/airflow/.local/lib/python3.8/site-packages/airflow/example_dags/example_params_ui_tutorial.py took 0.251 seconds
[2024-10-02T01:53:35.636+0000] {processor.py:157} INFO - Started process (PID=530) to work on /home/airflow/.local/lib/python3.8/site-packages/airflow/example_dags/example_params_ui_tutorial.py
[2024-10-02T01:53:35.638+0000] {processor.py:829} INFO - Processing file /home/airflow/.local/lib/python3.8/site-packages/airflow/example_dags/example_params_ui_tutorial.py for tasks to queue
[2024-10-02T01:53:35.645+0000] {logging_mixin.py:151} INFO - [2024-10-02T01:53:35.645+0000] {dagbag.py:539} INFO - Filling up the DagBag from /home/airflow/.local/lib/python3.8/site-packages/airflow/example_dags/example_params_ui_tutorial.py
[2024-10-02T01:53:35.717+0000] {processor.py:839} INFO - DAG(s) dict_keys(['example_params_ui_tutorial']) retrieved from /home/airflow/.local/lib/python3.8/site-packages/airflow/example_dags/example_params_ui_tutorial.py
[2024-10-02T01:53:35.789+0000] {logging_mixin.py:151} INFO - [2024-10-02T01:53:35.789+0000] {dag.py:2915} INFO - Sync 1 DAGs
[2024-10-02T01:53:35.809+0000] {logging_mixin.py:151} INFO - [2024-10-02T01:53:35.809+0000] {dag.py:3696} INFO - Setting next_dagrun for example_params_ui_tutorial to None, run_after=None
[2024-10-02T01:53:35.834+0000] {processor.py:179} INFO - Processing /home/airflow/.local/lib/python3.8/site-packages/airflow/example_dags/example_params_ui_tutorial.py took 0.204 seconds
[2024-10-02T01:54:06.399+0000] {processor.py:157} INFO - Started process (PID=578) to work on /home/airflow/.local/lib/python3.8/site-packages/airflow/example_dags/example_params_ui_tutorial.py
[2024-10-02T01:54:06.401+0000] {processor.py:829} INFO - Processing file /home/airflow/.local/lib/python3.8/site-packages/airflow/example_dags/example_params_ui_tutorial.py for tasks to queue
[2024-10-02T01:54:06.405+0000] {logging_mixin.py:151} INFO - [2024-10-02T01:54:06.405+0000] {dagbag.py:539} INFO - Filling up the DagBag from /home/airflow/.local/lib/python3.8/site-packages/airflow/example_dags/example_params_ui_tutorial.py
[2024-10-02T01:54:06.459+0000] {processor.py:839} INFO - DAG(s) dict_keys(['example_params_ui_tutorial']) retrieved from /home/airflow/.local/lib/python3.8/site-packages/airflow/example_dags/example_params_ui_tutorial.py
[2024-10-02T01:54:06.537+0000] {logging_mixin.py:151} INFO - [2024-10-02T01:54:06.537+0000] {dag.py:2915} INFO - Sync 1 DAGs
[2024-10-02T01:54:06.554+0000] {logging_mixin.py:151} INFO - [2024-10-02T01:54:06.554+0000] {dag.py:3696} INFO - Setting next_dagrun for example_params_ui_tutorial to None, run_after=None
[2024-10-02T01:54:06.585+0000] {processor.py:179} INFO - Processing /home/airflow/.local/lib/python3.8/site-packages/airflow/example_dags/example_params_ui_tutorial.py took 0.191 seconds
[2024-10-02T01:57:19.408+0000] {processor.py:157} INFO - Started process (PID=612) to work on /home/airflow/.local/lib/python3.8/site-packages/airflow/example_dags/example_params_ui_tutorial.py
[2024-10-02T01:57:19.411+0000] {processor.py:829} INFO - Processing file /home/airflow/.local/lib/python3.8/site-packages/airflow/example_dags/example_params_ui_tutorial.py for tasks to queue
[2024-10-02T01:57:19.419+0000] {logging_mixin.py:151} INFO - [2024-10-02T01:57:19.419+0000] {dagbag.py:539} INFO - Filling up the DagBag from /home/airflow/.local/lib/python3.8/site-packages/airflow/example_dags/example_params_ui_tutorial.py
[2024-10-02T01:57:19.497+0000] {processor.py:839} INFO - DAG(s) dict_keys(['example_params_ui_tutorial']) retrieved from /home/airflow/.local/lib/python3.8/site-packages/airflow/example_dags/example_params_ui_tutorial.py
[2024-10-02T01:57:19.567+0000] {logging_mixin.py:151} INFO - [2024-10-02T01:57:19.567+0000] {dag.py:2915} INFO - Sync 1 DAGs
[2024-10-02T01:57:19.587+0000] {logging_mixin.py:151} INFO - [2024-10-02T01:57:19.587+0000] {dag.py:3696} INFO - Setting next_dagrun for example_params_ui_tutorial to None, run_after=None
[2024-10-02T01:57:19.611+0000] {processor.py:179} INFO - Processing /home/airflow/.local/lib/python3.8/site-packages/airflow/example_dags/example_params_ui_tutorial.py took 0.208 seconds
[2024-10-02T01:57:50.150+0000] {processor.py:157} INFO - Started process (PID=660) to work on /home/airflow/.local/lib/python3.8/site-packages/airflow/example_dags/example_params_ui_tutorial.py
[2024-10-02T01:57:50.154+0000] {processor.py:829} INFO - Processing file /home/airflow/.local/lib/python3.8/site-packages/airflow/example_dags/example_params_ui_tutorial.py for tasks to queue
[2024-10-02T01:57:50.161+0000] {logging_mixin.py:151} INFO - [2024-10-02T01:57:50.160+0000] {dagbag.py:539} INFO - Filling up the DagBag from /home/airflow/.local/lib/python3.8/site-packages/airflow/example_dags/example_params_ui_tutorial.py
[2024-10-02T01:57:50.221+0000] {processor.py:839} INFO - DAG(s) dict_keys(['example_params_ui_tutorial']) retrieved from /home/airflow/.local/lib/python3.8/site-packages/airflow/example_dags/example_params_ui_tutorial.py
[2024-10-02T01:57:50.307+0000] {logging_mixin.py:151} INFO - [2024-10-02T01:57:50.307+0000] {dag.py:2915} INFO - Sync 1 DAGs
[2024-10-02T01:57:50.326+0000] {logging_mixin.py:151} INFO - [2024-10-02T01:57:50.325+0000] {dag.py:3696} INFO - Setting next_dagrun for example_params_ui_tutorial to None, run_after=None
[2024-10-02T01:57:50.348+0000] {processor.py:179} INFO - Processing /home/airflow/.local/lib/python3.8/site-packages/airflow/example_dags/example_params_ui_tutorial.py took 0.205 seconds
[2024-10-02T01:58:20.660+0000] {processor.py:157} INFO - Started process (PID=708) to work on /home/airflow/.local/lib/python3.8/site-packages/airflow/example_dags/example_params_ui_tutorial.py
[2024-10-02T01:58:20.663+0000] {processor.py:829} INFO - Processing file /home/airflow/.local/lib/python3.8/site-packages/airflow/example_dags/example_params_ui_tutorial.py for tasks to queue
[2024-10-02T01:58:20.667+0000] {logging_mixin.py:151} INFO - [2024-10-02T01:58:20.667+0000] {dagbag.py:539} INFO - Filling up the DagBag from /home/airflow/.local/lib/python3.8/site-packages/airflow/example_dags/example_params_ui_tutorial.py
[2024-10-02T01:58:20.721+0000] {processor.py:839} INFO - DAG(s) dict_keys(['example_params_ui_tutorial']) retrieved from /home/airflow/.local/lib/python3.8/site-packages/airflow/example_dags/example_params_ui_tutorial.py
[2024-10-02T01:58:20.790+0000] {logging_mixin.py:151} INFO - [2024-10-02T01:58:20.790+0000] {dag.py:2915} INFO - Sync 1 DAGs
[2024-10-02T01:58:20.826+0000] {logging_mixin.py:151} INFO - [2024-10-02T01:58:20.825+0000] {dag.py:3696} INFO - Setting next_dagrun for example_params_ui_tutorial to None, run_after=None
[2024-10-02T01:58:20.871+0000] {processor.py:179} INFO - Processing /home/airflow/.local/lib/python3.8/site-packages/airflow/example_dags/example_params_ui_tutorial.py took 0.216 seconds
[2024-10-02T01:58:51.595+0000] {processor.py:157} INFO - Started process (PID=756) to work on /home/airflow/.local/lib/python3.8/site-packages/airflow/example_dags/example_params_ui_tutorial.py
[2024-10-02T01:58:51.598+0000] {processor.py:829} INFO - Processing file /home/airflow/.local/lib/python3.8/site-packages/airflow/example_dags/example_params_ui_tutorial.py for tasks to queue
[2024-10-02T01:58:51.601+0000] {logging_mixin.py:151} INFO - [2024-10-02T01:58:51.600+0000] {dagbag.py:539} INFO - Filling up the DagBag from /home/airflow/.local/lib/python3.8/site-packages/airflow/example_dags/example_params_ui_tutorial.py
[2024-10-02T01:58:51.663+0000] {processor.py:839} INFO - DAG(s) dict_keys(['example_params_ui_tutorial']) retrieved from /home/airflow/.local/lib/python3.8/site-packages/airflow/example_dags/example_params_ui_tutorial.py
[2024-10-02T01:58:51.754+0000] {logging_mixin.py:151} INFO - [2024-10-02T01:58:51.754+0000] {dag.py:2915} INFO - Sync 1 DAGs
[2024-10-02T01:58:51.777+0000] {logging_mixin.py:151} INFO - [2024-10-02T01:58:51.776+0000] {dag.py:3696} INFO - Setting next_dagrun for example_params_ui_tutorial to None, run_after=None
[2024-10-02T01:58:51.806+0000] {processor.py:179} INFO - Processing /home/airflow/.local/lib/python3.8/site-packages/airflow/example_dags/example_params_ui_tutorial.py took 0.216 seconds
[2024-10-02T01:59:23.132+0000] {processor.py:157} INFO - Started process (PID=804) to work on /home/airflow/.local/lib/python3.8/site-packages/airflow/example_dags/example_params_ui_tutorial.py
[2024-10-02T01:59:23.137+0000] {processor.py:829} INFO - Processing file /home/airflow/.local/lib/python3.8/site-packages/airflow/example_dags/example_params_ui_tutorial.py for tasks to queue
[2024-10-02T01:59:23.145+0000] {logging_mixin.py:151} INFO - [2024-10-02T01:59:23.143+0000] {dagbag.py:539} INFO - Filling up the DagBag from /home/airflow/.local/lib/python3.8/site-packages/airflow/example_dags/example_params_ui_tutorial.py
[2024-10-02T01:59:23.216+0000] {processor.py:839} INFO - DAG(s) dict_keys(['example_params_ui_tutorial']) retrieved from /home/airflow/.local/lib/python3.8/site-packages/airflow/example_dags/example_params_ui_tutorial.py
[2024-10-02T01:59:23.362+0000] {logging_mixin.py:151} INFO - [2024-10-02T01:59:23.362+0000] {dag.py:2915} INFO - Sync 1 DAGs
[2024-10-02T01:59:23.504+0000] {logging_mixin.py:151} INFO - [2024-10-02T01:59:23.503+0000] {dag.py:3696} INFO - Setting next_dagrun for example_params_ui_tutorial to None, run_after=None
[2024-10-02T01:59:23.588+0000] {processor.py:179} INFO - Processing /home/airflow/.local/lib/python3.8/site-packages/airflow/example_dags/example_params_ui_tutorial.py took 0.462 seconds
[2024-10-02T01:59:53.949+0000] {processor.py:157} INFO - Started process (PID=852) to work on /home/airflow/.local/lib/python3.8/site-packages/airflow/example_dags/example_params_ui_tutorial.py
[2024-10-02T01:59:53.954+0000] {processor.py:829} INFO - Processing file /home/airflow/.local/lib/python3.8/site-packages/airflow/example_dags/example_params_ui_tutorial.py for tasks to queue
[2024-10-02T01:59:53.958+0000] {logging_mixin.py:151} INFO - [2024-10-02T01:59:53.957+0000] {dagbag.py:539} INFO - Filling up the DagBag from /home/airflow/.local/lib/python3.8/site-packages/airflow/example_dags/example_params_ui_tutorial.py
[2024-10-02T01:59:54.021+0000] {processor.py:839} INFO - DAG(s) dict_keys(['example_params_ui_tutorial']) retrieved from /home/airflow/.local/lib/python3.8/site-packages/airflow/example_dags/example_params_ui_tutorial.py
[2024-10-02T01:59:54.112+0000] {logging_mixin.py:151} INFO - [2024-10-02T01:59:54.112+0000] {dag.py:2915} INFO - Sync 1 DAGs
[2024-10-02T01:59:54.128+0000] {logging_mixin.py:151} INFO - [2024-10-02T01:59:54.128+0000] {dag.py:3696} INFO - Setting next_dagrun for example_params_ui_tutorial to None, run_after=None
[2024-10-02T01:59:54.159+0000] {processor.py:179} INFO - Processing /home/airflow/.local/lib/python3.8/site-packages/airflow/example_dags/example_params_ui_tutorial.py took 0.213 seconds
[2024-10-02T02:00:25.156+0000] {processor.py:157} INFO - Started process (PID=900) to work on /home/airflow/.local/lib/python3.8/site-packages/airflow/example_dags/example_params_ui_tutorial.py
[2024-10-02T02:00:25.160+0000] {processor.py:829} INFO - Processing file /home/airflow/.local/lib/python3.8/site-packages/airflow/example_dags/example_params_ui_tutorial.py for tasks to queue
[2024-10-02T02:00:25.164+0000] {logging_mixin.py:151} INFO - [2024-10-02T02:00:25.164+0000] {dagbag.py:539} INFO - Filling up the DagBag from /home/airflow/.local/lib/python3.8/site-packages/airflow/example_dags/example_params_ui_tutorial.py
[2024-10-02T02:00:25.225+0000] {processor.py:839} INFO - DAG(s) dict_keys(['example_params_ui_tutorial']) retrieved from /home/airflow/.local/lib/python3.8/site-packages/airflow/example_dags/example_params_ui_tutorial.py
[2024-10-02T02:00:25.317+0000] {logging_mixin.py:151} INFO - [2024-10-02T02:00:25.317+0000] {dag.py:2915} INFO - Sync 1 DAGs
[2024-10-02T02:00:25.336+0000] {logging_mixin.py:151} INFO - [2024-10-02T02:00:25.335+0000] {dag.py:3696} INFO - Setting next_dagrun for example_params_ui_tutorial to None, run_after=None
[2024-10-02T02:00:25.364+0000] {processor.py:179} INFO - Processing /home/airflow/.local/lib/python3.8/site-packages/airflow/example_dags/example_params_ui_tutorial.py took 0.212 seconds
[2024-10-02T02:00:55.455+0000] {processor.py:157} INFO - Started process (PID=948) to work on /home/airflow/.local/lib/python3.8/site-packages/airflow/example_dags/example_params_ui_tutorial.py
[2024-10-02T02:00:55.460+0000] {processor.py:829} INFO - Processing file /home/airflow/.local/lib/python3.8/site-packages/airflow/example_dags/example_params_ui_tutorial.py for tasks to queue
[2024-10-02T02:00:55.467+0000] {logging_mixin.py:151} INFO - [2024-10-02T02:00:55.466+0000] {dagbag.py:539} INFO - Filling up the DagBag from /home/airflow/.local/lib/python3.8/site-packages/airflow/example_dags/example_params_ui_tutorial.py
[2024-10-02T02:00:55.521+0000] {processor.py:839} INFO - DAG(s) dict_keys(['example_params_ui_tutorial']) retrieved from /home/airflow/.local/lib/python3.8/site-packages/airflow/example_dags/example_params_ui_tutorial.py
[2024-10-02T02:00:55.611+0000] {logging_mixin.py:151} INFO - [2024-10-02T02:00:55.610+0000] {dag.py:2915} INFO - Sync 1 DAGs
[2024-10-02T02:00:55.631+0000] {logging_mixin.py:151} INFO - [2024-10-02T02:00:55.630+0000] {dag.py:3696} INFO - Setting next_dagrun for example_params_ui_tutorial to None, run_after=None
[2024-10-02T02:00:55.657+0000] {processor.py:179} INFO - Processing /home/airflow/.local/lib/python3.8/site-packages/airflow/example_dags/example_params_ui_tutorial.py took 0.207 seconds
[2024-10-02T02:03:22.916+0000] {processor.py:157} INFO - Started process (PID=51) to work on /home/airflow/.local/lib/python3.8/site-packages/airflow/example_dags/example_params_ui_tutorial.py
[2024-10-02T02:03:22.922+0000] {processor.py:829} INFO - Processing file /home/airflow/.local/lib/python3.8/site-packages/airflow/example_dags/example_params_ui_tutorial.py for tasks to queue
[2024-10-02T02:03:22.928+0000] {logging_mixin.py:151} INFO - [2024-10-02T02:03:22.928+0000] {dagbag.py:539} INFO - Filling up the DagBag from /home/airflow/.local/lib/python3.8/site-packages/airflow/example_dags/example_params_ui_tutorial.py
[2024-10-02T02:03:22.987+0000] {processor.py:839} INFO - DAG(s) dict_keys(['example_params_ui_tutorial']) retrieved from /home/airflow/.local/lib/python3.8/site-packages/airflow/example_dags/example_params_ui_tutorial.py
[2024-10-02T02:03:23.217+0000] {logging_mixin.py:151} INFO - [2024-10-02T02:03:23.216+0000] {manager.py:499} INFO - Created Permission View: %s
[2024-10-02T02:03:23.231+0000] {logging_mixin.py:151} INFO - [2024-10-02T02:03:23.231+0000] {manager.py:499} INFO - Created Permission View: %s
[2024-10-02T02:03:23.241+0000] {logging_mixin.py:151} INFO - [2024-10-02T02:03:23.241+0000] {manager.py:499} INFO - Created Permission View: %s
[2024-10-02T02:03:23.242+0000] {logging_mixin.py:151} INFO - [2024-10-02T02:03:23.242+0000] {security.py:708} INFO - Not syncing DAG-level permissions for DAG 'DAG:example_params_ui_tutorial' as access control is unset.
[2024-10-02T02:03:23.244+0000] {logging_mixin.py:151} INFO - [2024-10-02T02:03:23.244+0000] {dag.py:2915} INFO - Sync 1 DAGs
[2024-10-02T02:03:23.257+0000] {logging_mixin.py:151} INFO - [2024-10-02T02:03:23.256+0000] {dag.py:2937} INFO - Creating ORM DAG for example_params_ui_tutorial
[2024-10-02T02:03:23.259+0000] {logging_mixin.py:151} INFO - [2024-10-02T02:03:23.258+0000] {dag.py:3696} INFO - Setting next_dagrun for example_params_ui_tutorial to None, run_after=None
[2024-10-02T02:03:23.287+0000] {processor.py:179} INFO - Processing /home/airflow/.local/lib/python3.8/site-packages/airflow/example_dags/example_params_ui_tutorial.py took 0.375 seconds
[2024-10-02T02:06:20.058+0000] {processor.py:157} INFO - Started process (PID=51) to work on /home/airflow/.local/lib/python3.8/site-packages/airflow/example_dags/example_params_ui_tutorial.py
[2024-10-02T02:06:20.073+0000] {processor.py:829} INFO - Processing file /home/airflow/.local/lib/python3.8/site-packages/airflow/example_dags/example_params_ui_tutorial.py for tasks to queue
[2024-10-02T02:06:20.095+0000] {logging_mixin.py:151} INFO - [2024-10-02T02:06:20.090+0000] {dagbag.py:539} INFO - Filling up the DagBag from /home/airflow/.local/lib/python3.8/site-packages/airflow/example_dags/example_params_ui_tutorial.py
[2024-10-02T02:06:20.330+0000] {processor.py:839} INFO - DAG(s) dict_keys(['example_params_ui_tutorial']) retrieved from /home/airflow/.local/lib/python3.8/site-packages/airflow/example_dags/example_params_ui_tutorial.py
[2024-10-02T02:06:20.713+0000] {logging_mixin.py:151} INFO - [2024-10-02T02:06:20.713+0000] {manager.py:499} INFO - Created Permission View: %s
[2024-10-02T02:06:20.734+0000] {logging_mixin.py:151} INFO - [2024-10-02T02:06:20.734+0000] {manager.py:499} INFO - Created Permission View: %s
[2024-10-02T02:06:20.757+0000] {logging_mixin.py:151} INFO - [2024-10-02T02:06:20.757+0000] {manager.py:499} INFO - Created Permission View: %s
[2024-10-02T02:06:20.763+0000] {logging_mixin.py:151} INFO - [2024-10-02T02:06:20.763+0000] {security.py:708} INFO - Not syncing DAG-level permissions for DAG 'DAG:example_params_ui_tutorial' as access control is unset.
[2024-10-02T02:06:20.771+0000] {logging_mixin.py:151} INFO - [2024-10-02T02:06:20.771+0000] {dag.py:2915} INFO - Sync 1 DAGs
[2024-10-02T02:06:20.788+0000] {logging_mixin.py:151} INFO - [2024-10-02T02:06:20.788+0000] {dag.py:2937} INFO - Creating ORM DAG for example_params_ui_tutorial
[2024-10-02T02:06:20.796+0000] {logging_mixin.py:151} INFO - [2024-10-02T02:06:20.796+0000] {dag.py:3696} INFO - Setting next_dagrun for example_params_ui_tutorial to None, run_after=None
[2024-10-02T02:06:20.843+0000] {processor.py:179} INFO - Processing /home/airflow/.local/lib/python3.8/site-packages/airflow/example_dags/example_params_ui_tutorial.py took 0.791 seconds
[2024-10-02T02:06:51.685+0000] {processor.py:157} INFO - Started process (PID=99) to work on /home/airflow/.local/lib/python3.8/site-packages/airflow/example_dags/example_params_ui_tutorial.py
[2024-10-02T02:06:51.692+0000] {processor.py:829} INFO - Processing file /home/airflow/.local/lib/python3.8/site-packages/airflow/example_dags/example_params_ui_tutorial.py for tasks to queue
[2024-10-02T02:06:51.701+0000] {logging_mixin.py:151} INFO - [2024-10-02T02:06:51.700+0000] {dagbag.py:539} INFO - Filling up the DagBag from /home/airflow/.local/lib/python3.8/site-packages/airflow/example_dags/example_params_ui_tutorial.py
[2024-10-02T02:06:51.800+0000] {processor.py:839} INFO - DAG(s) dict_keys(['example_params_ui_tutorial']) retrieved from /home/airflow/.local/lib/python3.8/site-packages/airflow/example_dags/example_params_ui_tutorial.py
[2024-10-02T02:06:51.893+0000] {logging_mixin.py:151} INFO - [2024-10-02T02:06:51.893+0000] {dag.py:2915} INFO - Sync 1 DAGs
[2024-10-02T02:06:51.915+0000] {logging_mixin.py:151} INFO - [2024-10-02T02:06:51.915+0000] {dag.py:3696} INFO - Setting next_dagrun for example_params_ui_tutorial to None, run_after=None
[2024-10-02T02:06:51.955+0000] {processor.py:179} INFO - Processing /home/airflow/.local/lib/python3.8/site-packages/airflow/example_dags/example_params_ui_tutorial.py took 0.277 seconds
[2024-10-02T02:07:22.160+0000] {processor.py:157} INFO - Started process (PID=147) to work on /home/airflow/.local/lib/python3.8/site-packages/airflow/example_dags/example_params_ui_tutorial.py
[2024-10-02T02:07:22.165+0000] {processor.py:829} INFO - Processing file /home/airflow/.local/lib/python3.8/site-packages/airflow/example_dags/example_params_ui_tutorial.py for tasks to queue
[2024-10-02T02:07:22.169+0000] {logging_mixin.py:151} INFO - [2024-10-02T02:07:22.168+0000] {dagbag.py:539} INFO - Filling up the DagBag from /home/airflow/.local/lib/python3.8/site-packages/airflow/example_dags/example_params_ui_tutorial.py
[2024-10-02T02:07:22.245+0000] {processor.py:839} INFO - DAG(s) dict_keys(['example_params_ui_tutorial']) retrieved from /home/airflow/.local/lib/python3.8/site-packages/airflow/example_dags/example_params_ui_tutorial.py
[2024-10-02T02:07:22.362+0000] {logging_mixin.py:151} INFO - [2024-10-02T02:07:22.361+0000] {dag.py:2915} INFO - Sync 1 DAGs
[2024-10-02T02:07:22.380+0000] {logging_mixin.py:151} INFO - [2024-10-02T02:07:22.380+0000] {dag.py:3696} INFO - Setting next_dagrun for example_params_ui_tutorial to None, run_after=None
[2024-10-02T02:07:22.417+0000] {processor.py:179} INFO - Processing /home/airflow/.local/lib/python3.8/site-packages/airflow/example_dags/example_params_ui_tutorial.py took 0.261 seconds
[2024-10-02T02:07:53.105+0000] {processor.py:157} INFO - Started process (PID=195) to work on /home/airflow/.local/lib/python3.8/site-packages/airflow/example_dags/example_params_ui_tutorial.py
[2024-10-02T02:07:53.110+0000] {processor.py:829} INFO - Processing file /home/airflow/.local/lib/python3.8/site-packages/airflow/example_dags/example_params_ui_tutorial.py for tasks to queue
[2024-10-02T02:07:53.126+0000] {logging_mixin.py:151} INFO - [2024-10-02T02:07:53.125+0000] {dagbag.py:539} INFO - Filling up the DagBag from /home/airflow/.local/lib/python3.8/site-packages/airflow/example_dags/example_params_ui_tutorial.py
[2024-10-02T02:07:53.182+0000] {processor.py:839} INFO - DAG(s) dict_keys(['example_params_ui_tutorial']) retrieved from /home/airflow/.local/lib/python3.8/site-packages/airflow/example_dags/example_params_ui_tutorial.py
[2024-10-02T02:07:53.269+0000] {logging_mixin.py:151} INFO - [2024-10-02T02:07:53.269+0000] {dag.py:2915} INFO - Sync 1 DAGs
[2024-10-02T02:07:53.294+0000] {logging_mixin.py:151} INFO - [2024-10-02T02:07:53.294+0000] {dag.py:3696} INFO - Setting next_dagrun for example_params_ui_tutorial to None, run_after=None
[2024-10-02T02:07:53.335+0000] {processor.py:179} INFO - Processing /home/airflow/.local/lib/python3.8/site-packages/airflow/example_dags/example_params_ui_tutorial.py took 0.234 seconds
[2024-10-02T02:08:23.502+0000] {processor.py:157} INFO - Started process (PID=242) to work on /home/airflow/.local/lib/python3.8/site-packages/airflow/example_dags/example_params_ui_tutorial.py
[2024-10-02T02:08:23.506+0000] {processor.py:829} INFO - Processing file /home/airflow/.local/lib/python3.8/site-packages/airflow/example_dags/example_params_ui_tutorial.py for tasks to queue
[2024-10-02T02:08:23.512+0000] {logging_mixin.py:151} INFO - [2024-10-02T02:08:23.512+0000] {dagbag.py:539} INFO - Filling up the DagBag from /home/airflow/.local/lib/python3.8/site-packages/airflow/example_dags/example_params_ui_tutorial.py
[2024-10-02T02:08:23.604+0000] {processor.py:839} INFO - DAG(s) dict_keys(['example_params_ui_tutorial']) retrieved from /home/airflow/.local/lib/python3.8/site-packages/airflow/example_dags/example_params_ui_tutorial.py
[2024-10-02T02:08:23.687+0000] {logging_mixin.py:151} INFO - [2024-10-02T02:08:23.685+0000] {dag.py:2915} INFO - Sync 1 DAGs
[2024-10-02T02:08:23.710+0000] {logging_mixin.py:151} INFO - [2024-10-02T02:08:23.710+0000] {dag.py:3696} INFO - Setting next_dagrun for example_params_ui_tutorial to None, run_after=None
[2024-10-02T02:08:23.742+0000] {processor.py:179} INFO - Processing /home/airflow/.local/lib/python3.8/site-packages/airflow/example_dags/example_params_ui_tutorial.py took 0.244 seconds
[2024-10-02T02:08:53.953+0000] {processor.py:157} INFO - Started process (PID=290) to work on /home/airflow/.local/lib/python3.8/site-packages/airflow/example_dags/example_params_ui_tutorial.py
[2024-10-02T02:08:53.958+0000] {processor.py:829} INFO - Processing file /home/airflow/.local/lib/python3.8/site-packages/airflow/example_dags/example_params_ui_tutorial.py for tasks to queue
[2024-10-02T02:08:53.967+0000] {logging_mixin.py:151} INFO - [2024-10-02T02:08:53.964+0000] {dagbag.py:539} INFO - Filling up the DagBag from /home/airflow/.local/lib/python3.8/site-packages/airflow/example_dags/example_params_ui_tutorial.py
[2024-10-02T02:08:54.055+0000] {processor.py:839} INFO - DAG(s) dict_keys(['example_params_ui_tutorial']) retrieved from /home/airflow/.local/lib/python3.8/site-packages/airflow/example_dags/example_params_ui_tutorial.py
[2024-10-02T02:08:54.185+0000] {logging_mixin.py:151} INFO - [2024-10-02T02:08:54.185+0000] {dag.py:2915} INFO - Sync 1 DAGs
[2024-10-02T02:08:54.205+0000] {logging_mixin.py:151} INFO - [2024-10-02T02:08:54.204+0000] {dag.py:3696} INFO - Setting next_dagrun for example_params_ui_tutorial to None, run_after=None
[2024-10-02T02:08:54.239+0000] {processor.py:179} INFO - Processing /home/airflow/.local/lib/python3.8/site-packages/airflow/example_dags/example_params_ui_tutorial.py took 0.293 seconds
[2024-10-02T02:09:25.004+0000] {processor.py:157} INFO - Started process (PID=338) to work on /home/airflow/.local/lib/python3.8/site-packages/airflow/example_dags/example_params_ui_tutorial.py
[2024-10-02T02:09:25.007+0000] {processor.py:829} INFO - Processing file /home/airflow/.local/lib/python3.8/site-packages/airflow/example_dags/example_params_ui_tutorial.py for tasks to queue
[2024-10-02T02:09:25.017+0000] {logging_mixin.py:151} INFO - [2024-10-02T02:09:25.015+0000] {dagbag.py:539} INFO - Filling up the DagBag from /home/airflow/.local/lib/python3.8/site-packages/airflow/example_dags/example_params_ui_tutorial.py
[2024-10-02T02:09:25.140+0000] {processor.py:839} INFO - DAG(s) dict_keys(['example_params_ui_tutorial']) retrieved from /home/airflow/.local/lib/python3.8/site-packages/airflow/example_dags/example_params_ui_tutorial.py
[2024-10-02T02:09:25.368+0000] {logging_mixin.py:151} INFO - [2024-10-02T02:09:25.367+0000] {dag.py:2915} INFO - Sync 1 DAGs
[2024-10-02T02:09:25.404+0000] {logging_mixin.py:151} INFO - [2024-10-02T02:09:25.404+0000] {dag.py:3696} INFO - Setting next_dagrun for example_params_ui_tutorial to None, run_after=None
[2024-10-02T02:09:25.529+0000] {processor.py:179} INFO - Processing /home/airflow/.local/lib/python3.8/site-packages/airflow/example_dags/example_params_ui_tutorial.py took 0.531 seconds
[2024-10-02T02:09:56.217+0000] {processor.py:157} INFO - Started process (PID=386) to work on /home/airflow/.local/lib/python3.8/site-packages/airflow/example_dags/example_params_ui_tutorial.py
[2024-10-02T02:09:56.241+0000] {processor.py:829} INFO - Processing file /home/airflow/.local/lib/python3.8/site-packages/airflow/example_dags/example_params_ui_tutorial.py for tasks to queue
[2024-10-02T02:09:56.259+0000] {logging_mixin.py:151} INFO - [2024-10-02T02:09:56.255+0000] {dagbag.py:539} INFO - Filling up the DagBag from /home/airflow/.local/lib/python3.8/site-packages/airflow/example_dags/example_params_ui_tutorial.py
[2024-10-02T02:09:56.334+0000] {processor.py:839} INFO - DAG(s) dict_keys(['example_params_ui_tutorial']) retrieved from /home/airflow/.local/lib/python3.8/site-packages/airflow/example_dags/example_params_ui_tutorial.py
[2024-10-02T02:09:56.423+0000] {logging_mixin.py:151} INFO - [2024-10-02T02:09:56.422+0000] {dag.py:2915} INFO - Sync 1 DAGs
[2024-10-02T02:09:56.451+0000] {logging_mixin.py:151} INFO - [2024-10-02T02:09:56.451+0000] {dag.py:3696} INFO - Setting next_dagrun for example_params_ui_tutorial to None, run_after=None
[2024-10-02T02:09:56.496+0000] {processor.py:179} INFO - Processing /home/airflow/.local/lib/python3.8/site-packages/airflow/example_dags/example_params_ui_tutorial.py took 0.286 seconds
[2024-10-02T02:10:26.733+0000] {processor.py:157} INFO - Started process (PID=434) to work on /home/airflow/.local/lib/python3.8/site-packages/airflow/example_dags/example_params_ui_tutorial.py
[2024-10-02T02:10:26.737+0000] {processor.py:829} INFO - Processing file /home/airflow/.local/lib/python3.8/site-packages/airflow/example_dags/example_params_ui_tutorial.py for tasks to queue
[2024-10-02T02:10:26.741+0000] {logging_mixin.py:151} INFO - [2024-10-02T02:10:26.740+0000] {dagbag.py:539} INFO - Filling up the DagBag from /home/airflow/.local/lib/python3.8/site-packages/airflow/example_dags/example_params_ui_tutorial.py
[2024-10-02T02:10:26.815+0000] {processor.py:839} INFO - DAG(s) dict_keys(['example_params_ui_tutorial']) retrieved from /home/airflow/.local/lib/python3.8/site-packages/airflow/example_dags/example_params_ui_tutorial.py
[2024-10-02T02:10:26.919+0000] {logging_mixin.py:151} INFO - [2024-10-02T02:10:26.918+0000] {dag.py:2915} INFO - Sync 1 DAGs
[2024-10-02T02:10:26.936+0000] {logging_mixin.py:151} INFO - [2024-10-02T02:10:26.936+0000] {dag.py:3696} INFO - Setting next_dagrun for example_params_ui_tutorial to None, run_after=None
[2024-10-02T02:10:26.970+0000] {processor.py:179} INFO - Processing /home/airflow/.local/lib/python3.8/site-packages/airflow/example_dags/example_params_ui_tutorial.py took 0.241 seconds
