[2024-10-02 01:23:29,993] {scheduler_job.py:182} INFO - Started process (PID=28) to work on /home/airflow/.local/lib/python3.6/site-packages/airflow/example_dags/example_trigger_target_dag.py
[2024-10-02 01:23:29,994] {scheduler_job.py:629} INFO - Processing file /home/airflow/.local/lib/python3.6/site-packages/airflow/example_dags/example_trigger_target_dag.py for tasks to queue
[2024-10-02 01:23:29,995] {logging_mixin.py:104} INFO - [2024-10-02 01:23:29,995] {dagbag.py:451} INFO - Filling up the DagBag from /home/airflow/.local/lib/python3.6/site-packages/airflow/example_dags/example_trigger_target_dag.py
[2024-10-02 01:23:30,007] {scheduler_job.py:639} INFO - DAG(s) dict_keys(['example_trigger_target_dag']) retrieved from /home/airflow/.local/lib/python3.6/site-packages/airflow/example_dags/example_trigger_target_dag.py
[2024-10-02 01:23:30,039] {logging_mixin.py:104} INFO - [2024-10-02 01:23:30,039] {dag.py:1824} INFO - Sync 1 DAGs
[2024-10-02 01:23:30,051] {logging_mixin.py:104} INFO - [2024-10-02 01:23:30,051] {dag.py:1843} INFO - Creating ORM DAG for example_trigger_target_dag
[2024-10-02 01:23:30,065] {logging_mixin.py:104} INFO - [2024-10-02 01:23:30,064] {dag.py:2280} INFO - Setting next_dagrun for example_trigger_target_dag to None
[2024-10-02 01:23:30,080] {scheduler_job.py:190} INFO - Processing /home/airflow/.local/lib/python3.6/site-packages/airflow/example_dags/example_trigger_target_dag.py took 0.090 seconds
[2024-10-02 01:24:00,904] {scheduler_job.py:182} INFO - Started process (PID=55) to work on /home/airflow/.local/lib/python3.6/site-packages/airflow/example_dags/example_trigger_target_dag.py
[2024-10-02 01:24:00,906] {scheduler_job.py:629} INFO - Processing file /home/airflow/.local/lib/python3.6/site-packages/airflow/example_dags/example_trigger_target_dag.py for tasks to queue
[2024-10-02 01:24:00,908] {logging_mixin.py:104} INFO - [2024-10-02 01:24:00,908] {dagbag.py:451} INFO - Filling up the DagBag from /home/airflow/.local/lib/python3.6/site-packages/airflow/example_dags/example_trigger_target_dag.py
[2024-10-02 01:24:00,925] {scheduler_job.py:639} INFO - DAG(s) dict_keys(['example_trigger_target_dag']) retrieved from /home/airflow/.local/lib/python3.6/site-packages/airflow/example_dags/example_trigger_target_dag.py
[2024-10-02 01:24:00,960] {logging_mixin.py:104} INFO - [2024-10-02 01:24:00,960] {dag.py:1824} INFO - Sync 1 DAGs
[2024-10-02 01:24:00,981] {logging_mixin.py:104} INFO - [2024-10-02 01:24:00,981] {dag.py:2280} INFO - Setting next_dagrun for example_trigger_target_dag to None
[2024-10-02 01:24:00,996] {scheduler_job.py:190} INFO - Processing /home/airflow/.local/lib/python3.6/site-packages/airflow/example_dags/example_trigger_target_dag.py took 0.095 seconds
[2024-10-02 01:24:31,564] {scheduler_job.py:182} INFO - Started process (PID=82) to work on /home/airflow/.local/lib/python3.6/site-packages/airflow/example_dags/example_trigger_target_dag.py
[2024-10-02 01:24:31,566] {scheduler_job.py:629} INFO - Processing file /home/airflow/.local/lib/python3.6/site-packages/airflow/example_dags/example_trigger_target_dag.py for tasks to queue
[2024-10-02 01:24:31,567] {logging_mixin.py:104} INFO - [2024-10-02 01:24:31,567] {dagbag.py:451} INFO - Filling up the DagBag from /home/airflow/.local/lib/python3.6/site-packages/airflow/example_dags/example_trigger_target_dag.py
[2024-10-02 01:24:31,577] {scheduler_job.py:639} INFO - DAG(s) dict_keys(['example_trigger_target_dag']) retrieved from /home/airflow/.local/lib/python3.6/site-packages/airflow/example_dags/example_trigger_target_dag.py
[2024-10-02 01:24:31,603] {logging_mixin.py:104} INFO - [2024-10-02 01:24:31,602] {dag.py:1824} INFO - Sync 1 DAGs
[2024-10-02 01:24:31,618] {logging_mixin.py:104} INFO - [2024-10-02 01:24:31,618] {dag.py:2280} INFO - Setting next_dagrun for example_trigger_target_dag to None
[2024-10-02 01:24:31,628] {scheduler_job.py:190} INFO - Processing /home/airflow/.local/lib/python3.6/site-packages/airflow/example_dags/example_trigger_target_dag.py took 0.068 seconds
[2024-10-02 01:25:02,543] {scheduler_job.py:182} INFO - Started process (PID=112) to work on /home/airflow/.local/lib/python3.6/site-packages/airflow/example_dags/example_trigger_target_dag.py
[2024-10-02 01:25:02,553] {scheduler_job.py:629} INFO - Processing file /home/airflow/.local/lib/python3.6/site-packages/airflow/example_dags/example_trigger_target_dag.py for tasks to queue
[2024-10-02 01:25:02,556] {logging_mixin.py:104} INFO - [2024-10-02 01:25:02,556] {dagbag.py:451} INFO - Filling up the DagBag from /home/airflow/.local/lib/python3.6/site-packages/airflow/example_dags/example_trigger_target_dag.py
[2024-10-02 01:25:02,573] {scheduler_job.py:639} INFO - DAG(s) dict_keys(['example_trigger_target_dag']) retrieved from /home/airflow/.local/lib/python3.6/site-packages/airflow/example_dags/example_trigger_target_dag.py
[2024-10-02 01:25:02,598] {logging_mixin.py:104} INFO - [2024-10-02 01:25:02,598] {dag.py:1824} INFO - Sync 1 DAGs
[2024-10-02 01:25:02,614] {logging_mixin.py:104} INFO - [2024-10-02 01:25:02,613] {dag.py:2280} INFO - Setting next_dagrun for example_trigger_target_dag to None
[2024-10-02 01:25:02,628] {scheduler_job.py:190} INFO - Processing /home/airflow/.local/lib/python3.6/site-packages/airflow/example_dags/example_trigger_target_dag.py took 0.093 seconds
[2024-10-02 01:25:33,274] {scheduler_job.py:182} INFO - Started process (PID=138) to work on /home/airflow/.local/lib/python3.6/site-packages/airflow/example_dags/example_trigger_target_dag.py
[2024-10-02 01:25:33,275] {scheduler_job.py:629} INFO - Processing file /home/airflow/.local/lib/python3.6/site-packages/airflow/example_dags/example_trigger_target_dag.py for tasks to queue
[2024-10-02 01:25:33,277] {logging_mixin.py:104} INFO - [2024-10-02 01:25:33,277] {dagbag.py:451} INFO - Filling up the DagBag from /home/airflow/.local/lib/python3.6/site-packages/airflow/example_dags/example_trigger_target_dag.py
[2024-10-02 01:25:33,290] {scheduler_job.py:639} INFO - DAG(s) dict_keys(['example_trigger_target_dag']) retrieved from /home/airflow/.local/lib/python3.6/site-packages/airflow/example_dags/example_trigger_target_dag.py
[2024-10-02 01:25:33,315] {logging_mixin.py:104} INFO - [2024-10-02 01:25:33,315] {dag.py:1824} INFO - Sync 1 DAGs
[2024-10-02 01:25:33,332] {logging_mixin.py:104} INFO - [2024-10-02 01:25:33,332] {dag.py:2280} INFO - Setting next_dagrun for example_trigger_target_dag to None
[2024-10-02 01:25:33,354] {scheduler_job.py:190} INFO - Processing /home/airflow/.local/lib/python3.6/site-packages/airflow/example_dags/example_trigger_target_dag.py took 0.083 seconds
[2024-10-02 01:26:04,178] {scheduler_job.py:182} INFO - Started process (PID=165) to work on /home/airflow/.local/lib/python3.6/site-packages/airflow/example_dags/example_trigger_target_dag.py
[2024-10-02 01:26:04,183] {scheduler_job.py:629} INFO - Processing file /home/airflow/.local/lib/python3.6/site-packages/airflow/example_dags/example_trigger_target_dag.py for tasks to queue
[2024-10-02 01:26:04,187] {logging_mixin.py:104} INFO - [2024-10-02 01:26:04,187] {dagbag.py:451} INFO - Filling up the DagBag from /home/airflow/.local/lib/python3.6/site-packages/airflow/example_dags/example_trigger_target_dag.py
[2024-10-02 01:26:04,202] {scheduler_job.py:639} INFO - DAG(s) dict_keys(['example_trigger_target_dag']) retrieved from /home/airflow/.local/lib/python3.6/site-packages/airflow/example_dags/example_trigger_target_dag.py
[2024-10-02 01:26:04,244] {logging_mixin.py:104} INFO - [2024-10-02 01:26:04,244] {dag.py:1824} INFO - Sync 1 DAGs
[2024-10-02 01:26:04,264] {logging_mixin.py:104} INFO - [2024-10-02 01:26:04,264] {dag.py:2280} INFO - Setting next_dagrun for example_trigger_target_dag to None
[2024-10-02 01:26:04,280] {scheduler_job.py:190} INFO - Processing /home/airflow/.local/lib/python3.6/site-packages/airflow/example_dags/example_trigger_target_dag.py took 0.106 seconds
[2024-10-02 01:26:34,786] {scheduler_job.py:182} INFO - Started process (PID=192) to work on /home/airflow/.local/lib/python3.6/site-packages/airflow/example_dags/example_trigger_target_dag.py
[2024-10-02 01:26:34,789] {scheduler_job.py:629} INFO - Processing file /home/airflow/.local/lib/python3.6/site-packages/airflow/example_dags/example_trigger_target_dag.py for tasks to queue
[2024-10-02 01:26:34,792] {logging_mixin.py:104} INFO - [2024-10-02 01:26:34,792] {dagbag.py:451} INFO - Filling up the DagBag from /home/airflow/.local/lib/python3.6/site-packages/airflow/example_dags/example_trigger_target_dag.py
[2024-10-02 01:26:34,806] {scheduler_job.py:639} INFO - DAG(s) dict_keys(['example_trigger_target_dag']) retrieved from /home/airflow/.local/lib/python3.6/site-packages/airflow/example_dags/example_trigger_target_dag.py
[2024-10-02 01:26:34,833] {logging_mixin.py:104} INFO - [2024-10-02 01:26:34,833] {dag.py:1824} INFO - Sync 1 DAGs
[2024-10-02 01:26:34,849] {logging_mixin.py:104} INFO - [2024-10-02 01:26:34,848] {dag.py:2280} INFO - Setting next_dagrun for example_trigger_target_dag to None
[2024-10-02 01:26:34,859] {scheduler_job.py:190} INFO - Processing /home/airflow/.local/lib/python3.6/site-packages/airflow/example_dags/example_trigger_target_dag.py took 0.077 seconds
[2024-10-02 01:27:05,502] {scheduler_job.py:182} INFO - Started process (PID=219) to work on /home/airflow/.local/lib/python3.6/site-packages/airflow/example_dags/example_trigger_target_dag.py
[2024-10-02 01:27:05,504] {scheduler_job.py:629} INFO - Processing file /home/airflow/.local/lib/python3.6/site-packages/airflow/example_dags/example_trigger_target_dag.py for tasks to queue
[2024-10-02 01:27:05,505] {logging_mixin.py:104} INFO - [2024-10-02 01:27:05,505] {dagbag.py:451} INFO - Filling up the DagBag from /home/airflow/.local/lib/python3.6/site-packages/airflow/example_dags/example_trigger_target_dag.py
[2024-10-02 01:27:05,522] {scheduler_job.py:639} INFO - DAG(s) dict_keys(['example_trigger_target_dag']) retrieved from /home/airflow/.local/lib/python3.6/site-packages/airflow/example_dags/example_trigger_target_dag.py
[2024-10-02 01:27:05,558] {logging_mixin.py:104} INFO - [2024-10-02 01:27:05,558] {dag.py:1824} INFO - Sync 1 DAGs
[2024-10-02 01:27:05,577] {logging_mixin.py:104} INFO - [2024-10-02 01:27:05,577] {dag.py:2280} INFO - Setting next_dagrun for example_trigger_target_dag to None
[2024-10-02 01:27:05,591] {scheduler_job.py:190} INFO - Processing /home/airflow/.local/lib/python3.6/site-packages/airflow/example_dags/example_trigger_target_dag.py took 0.094 seconds
[2024-10-02 01:27:36,362] {scheduler_job.py:182} INFO - Started process (PID=246) to work on /home/airflow/.local/lib/python3.6/site-packages/airflow/example_dags/example_trigger_target_dag.py
[2024-10-02 01:27:36,366] {scheduler_job.py:629} INFO - Processing file /home/airflow/.local/lib/python3.6/site-packages/airflow/example_dags/example_trigger_target_dag.py for tasks to queue
[2024-10-02 01:27:36,368] {logging_mixin.py:104} INFO - [2024-10-02 01:27:36,367] {dagbag.py:451} INFO - Filling up the DagBag from /home/airflow/.local/lib/python3.6/site-packages/airflow/example_dags/example_trigger_target_dag.py
[2024-10-02 01:27:36,387] {scheduler_job.py:639} INFO - DAG(s) dict_keys(['example_trigger_target_dag']) retrieved from /home/airflow/.local/lib/python3.6/site-packages/airflow/example_dags/example_trigger_target_dag.py
[2024-10-02 01:27:36,462] {logging_mixin.py:104} INFO - [2024-10-02 01:27:36,462] {dag.py:1824} INFO - Sync 1 DAGs
[2024-10-02 01:27:36,486] {logging_mixin.py:104} INFO - [2024-10-02 01:27:36,485] {dag.py:2280} INFO - Setting next_dagrun for example_trigger_target_dag to None
[2024-10-02 01:27:36,514] {scheduler_job.py:190} INFO - Processing /home/airflow/.local/lib/python3.6/site-packages/airflow/example_dags/example_trigger_target_dag.py took 0.156 seconds
[2024-10-02 01:28:06,860] {scheduler_job.py:182} INFO - Started process (PID=273) to work on /home/airflow/.local/lib/python3.6/site-packages/airflow/example_dags/example_trigger_target_dag.py
[2024-10-02 01:28:06,862] {scheduler_job.py:629} INFO - Processing file /home/airflow/.local/lib/python3.6/site-packages/airflow/example_dags/example_trigger_target_dag.py for tasks to queue
[2024-10-02 01:28:06,863] {logging_mixin.py:104} INFO - [2024-10-02 01:28:06,863] {dagbag.py:451} INFO - Filling up the DagBag from /home/airflow/.local/lib/python3.6/site-packages/airflow/example_dags/example_trigger_target_dag.py
[2024-10-02 01:28:06,878] {scheduler_job.py:639} INFO - DAG(s) dict_keys(['example_trigger_target_dag']) retrieved from /home/airflow/.local/lib/python3.6/site-packages/airflow/example_dags/example_trigger_target_dag.py
[2024-10-02 01:28:06,903] {logging_mixin.py:104} INFO - [2024-10-02 01:28:06,903] {dag.py:1824} INFO - Sync 1 DAGs
[2024-10-02 01:28:06,920] {logging_mixin.py:104} INFO - [2024-10-02 01:28:06,919] {dag.py:2280} INFO - Setting next_dagrun for example_trigger_target_dag to None
[2024-10-02 01:28:06,931] {scheduler_job.py:190} INFO - Processing /home/airflow/.local/lib/python3.6/site-packages/airflow/example_dags/example_trigger_target_dag.py took 0.075 seconds
[2024-10-02 01:28:37,639] {scheduler_job.py:182} INFO - Started process (PID=301) to work on /home/airflow/.local/lib/python3.6/site-packages/airflow/example_dags/example_trigger_target_dag.py
[2024-10-02 01:28:37,642] {scheduler_job.py:629} INFO - Processing file /home/airflow/.local/lib/python3.6/site-packages/airflow/example_dags/example_trigger_target_dag.py for tasks to queue
[2024-10-02 01:28:37,645] {logging_mixin.py:104} INFO - [2024-10-02 01:28:37,645] {dagbag.py:451} INFO - Filling up the DagBag from /home/airflow/.local/lib/python3.6/site-packages/airflow/example_dags/example_trigger_target_dag.py
[2024-10-02 01:28:37,661] {scheduler_job.py:639} INFO - DAG(s) dict_keys(['example_trigger_target_dag']) retrieved from /home/airflow/.local/lib/python3.6/site-packages/airflow/example_dags/example_trigger_target_dag.py
[2024-10-02 01:28:37,688] {logging_mixin.py:104} INFO - [2024-10-02 01:28:37,688] {dag.py:1824} INFO - Sync 1 DAGs
[2024-10-02 01:28:37,703] {logging_mixin.py:104} INFO - [2024-10-02 01:28:37,703] {dag.py:2280} INFO - Setting next_dagrun for example_trigger_target_dag to None
[2024-10-02 01:28:37,714] {scheduler_job.py:190} INFO - Processing /home/airflow/.local/lib/python3.6/site-packages/airflow/example_dags/example_trigger_target_dag.py took 0.080 seconds
[2024-10-02T01:32:15.189+0000] {processor.py:157} INFO - Started process (PID=54) to work on /home/airflow/.local/lib/python3.8/site-packages/airflow/example_dags/example_trigger_target_dag.py
[2024-10-02T01:32:15.192+0000] {processor.py:829} INFO - Processing file /home/airflow/.local/lib/python3.8/site-packages/airflow/example_dags/example_trigger_target_dag.py for tasks to queue
[2024-10-02T01:32:15.197+0000] {logging_mixin.py:151} INFO - [2024-10-02T01:32:15.196+0000] {dagbag.py:539} INFO - Filling up the DagBag from /home/airflow/.local/lib/python3.8/site-packages/airflow/example_dags/example_trigger_target_dag.py
[2024-10-02T01:32:15.213+0000] {processor.py:839} INFO - DAG(s) dict_keys(['example_trigger_target_dag']) retrieved from /home/airflow/.local/lib/python3.8/site-packages/airflow/example_dags/example_trigger_target_dag.py
[2024-10-02T01:32:15.345+0000] {logging_mixin.py:151} INFO - [2024-10-02T01:32:15.345+0000] {manager.py:499} INFO - Created Permission View: %s
[2024-10-02T01:32:15.358+0000] {logging_mixin.py:151} INFO - [2024-10-02T01:32:15.358+0000] {manager.py:499} INFO - Created Permission View: %s
[2024-10-02T01:32:15.368+0000] {logging_mixin.py:151} INFO - [2024-10-02T01:32:15.367+0000] {manager.py:499} INFO - Created Permission View: %s
[2024-10-02T01:32:15.370+0000] {logging_mixin.py:151} INFO - [2024-10-02T01:32:15.369+0000] {security.py:708} INFO - Not syncing DAG-level permissions for DAG 'DAG:example_trigger_target_dag' as access control is unset.
[2024-10-02T01:32:15.372+0000] {logging_mixin.py:151} INFO - [2024-10-02T01:32:15.371+0000] {dag.py:2915} INFO - Sync 1 DAGs
[2024-10-02T01:32:15.386+0000] {logging_mixin.py:151} INFO - [2024-10-02T01:32:15.385+0000] {dag.py:2937} INFO - Creating ORM DAG for example_trigger_target_dag
[2024-10-02T01:32:15.388+0000] {logging_mixin.py:151} INFO - [2024-10-02T01:32:15.388+0000] {dag.py:3696} INFO - Setting next_dagrun for example_trigger_target_dag to None, run_after=None
[2024-10-02T01:32:15.412+0000] {processor.py:179} INFO - Processing /home/airflow/.local/lib/python3.8/site-packages/airflow/example_dags/example_trigger_target_dag.py took 0.229 seconds
[2024-10-02T01:32:45.990+0000] {processor.py:157} INFO - Started process (PID=102) to work on /home/airflow/.local/lib/python3.8/site-packages/airflow/example_dags/example_trigger_target_dag.py
[2024-10-02T01:32:45.993+0000] {processor.py:829} INFO - Processing file /home/airflow/.local/lib/python3.8/site-packages/airflow/example_dags/example_trigger_target_dag.py for tasks to queue
[2024-10-02T01:32:45.999+0000] {logging_mixin.py:151} INFO - [2024-10-02T01:32:45.998+0000] {dagbag.py:539} INFO - Filling up the DagBag from /home/airflow/.local/lib/python3.8/site-packages/airflow/example_dags/example_trigger_target_dag.py
[2024-10-02T01:32:46.014+0000] {processor.py:839} INFO - DAG(s) dict_keys(['example_trigger_target_dag']) retrieved from /home/airflow/.local/lib/python3.8/site-packages/airflow/example_dags/example_trigger_target_dag.py
[2024-10-02T01:32:46.050+0000] {logging_mixin.py:151} INFO - [2024-10-02T01:32:46.050+0000] {dag.py:2915} INFO - Sync 1 DAGs
[2024-10-02T01:32:46.084+0000] {logging_mixin.py:151} INFO - [2024-10-02T01:32:46.083+0000] {dag.py:3696} INFO - Setting next_dagrun for example_trigger_target_dag to None, run_after=None
[2024-10-02T01:32:46.120+0000] {processor.py:179} INFO - Processing /home/airflow/.local/lib/python3.8/site-packages/airflow/example_dags/example_trigger_target_dag.py took 0.135 seconds
[2024-10-02T01:33:17.132+0000] {processor.py:157} INFO - Started process (PID=150) to work on /home/airflow/.local/lib/python3.8/site-packages/airflow/example_dags/example_trigger_target_dag.py
[2024-10-02T01:33:17.134+0000] {processor.py:829} INFO - Processing file /home/airflow/.local/lib/python3.8/site-packages/airflow/example_dags/example_trigger_target_dag.py for tasks to queue
[2024-10-02T01:33:17.139+0000] {logging_mixin.py:151} INFO - [2024-10-02T01:33:17.139+0000] {dagbag.py:539} INFO - Filling up the DagBag from /home/airflow/.local/lib/python3.8/site-packages/airflow/example_dags/example_trigger_target_dag.py
[2024-10-02T01:33:17.150+0000] {processor.py:839} INFO - DAG(s) dict_keys(['example_trigger_target_dag']) retrieved from /home/airflow/.local/lib/python3.8/site-packages/airflow/example_dags/example_trigger_target_dag.py
[2024-10-02T01:33:17.187+0000] {logging_mixin.py:151} INFO - [2024-10-02T01:33:17.186+0000] {dag.py:2915} INFO - Sync 1 DAGs
[2024-10-02T01:33:17.214+0000] {logging_mixin.py:151} INFO - [2024-10-02T01:33:17.213+0000] {dag.py:3696} INFO - Setting next_dagrun for example_trigger_target_dag to None, run_after=None
[2024-10-02T01:33:17.249+0000] {processor.py:179} INFO - Processing /home/airflow/.local/lib/python3.8/site-packages/airflow/example_dags/example_trigger_target_dag.py took 0.122 seconds
[2024-10-02T01:33:47.785+0000] {processor.py:157} INFO - Started process (PID=198) to work on /home/airflow/.local/lib/python3.8/site-packages/airflow/example_dags/example_trigger_target_dag.py
[2024-10-02T01:33:47.787+0000] {processor.py:829} INFO - Processing file /home/airflow/.local/lib/python3.8/site-packages/airflow/example_dags/example_trigger_target_dag.py for tasks to queue
[2024-10-02T01:33:47.794+0000] {logging_mixin.py:151} INFO - [2024-10-02T01:33:47.792+0000] {dagbag.py:539} INFO - Filling up the DagBag from /home/airflow/.local/lib/python3.8/site-packages/airflow/example_dags/example_trigger_target_dag.py
[2024-10-02T01:33:47.809+0000] {processor.py:839} INFO - DAG(s) dict_keys(['example_trigger_target_dag']) retrieved from /home/airflow/.local/lib/python3.8/site-packages/airflow/example_dags/example_trigger_target_dag.py
[2024-10-02T01:33:47.870+0000] {logging_mixin.py:151} INFO - [2024-10-02T01:33:47.869+0000] {dag.py:2915} INFO - Sync 1 DAGs
[2024-10-02T01:33:47.888+0000] {logging_mixin.py:151} INFO - [2024-10-02T01:33:47.887+0000] {dag.py:3696} INFO - Setting next_dagrun for example_trigger_target_dag to None, run_after=None
[2024-10-02T01:33:47.920+0000] {processor.py:179} INFO - Processing /home/airflow/.local/lib/python3.8/site-packages/airflow/example_dags/example_trigger_target_dag.py took 0.142 seconds
[2024-10-02T01:34:18.399+0000] {processor.py:157} INFO - Started process (PID=246) to work on /home/airflow/.local/lib/python3.8/site-packages/airflow/example_dags/example_trigger_target_dag.py
[2024-10-02T01:34:18.403+0000] {processor.py:829} INFO - Processing file /home/airflow/.local/lib/python3.8/site-packages/airflow/example_dags/example_trigger_target_dag.py for tasks to queue
[2024-10-02T01:34:18.409+0000] {logging_mixin.py:151} INFO - [2024-10-02T01:34:18.408+0000] {dagbag.py:539} INFO - Filling up the DagBag from /home/airflow/.local/lib/python3.8/site-packages/airflow/example_dags/example_trigger_target_dag.py
[2024-10-02T01:34:18.431+0000] {processor.py:839} INFO - DAG(s) dict_keys(['example_trigger_target_dag']) retrieved from /home/airflow/.local/lib/python3.8/site-packages/airflow/example_dags/example_trigger_target_dag.py
[2024-10-02T01:34:18.479+0000] {logging_mixin.py:151} INFO - [2024-10-02T01:34:18.479+0000] {dag.py:2915} INFO - Sync 1 DAGs
[2024-10-02T01:34:18.501+0000] {logging_mixin.py:151} INFO - [2024-10-02T01:34:18.501+0000] {dag.py:3696} INFO - Setting next_dagrun for example_trigger_target_dag to None, run_after=None
[2024-10-02T01:34:18.551+0000] {processor.py:179} INFO - Processing /home/airflow/.local/lib/python3.8/site-packages/airflow/example_dags/example_trigger_target_dag.py took 0.156 seconds
[2024-10-02T01:34:48.665+0000] {processor.py:157} INFO - Started process (PID=294) to work on /home/airflow/.local/lib/python3.8/site-packages/airflow/example_dags/example_trigger_target_dag.py
[2024-10-02T01:34:48.667+0000] {processor.py:829} INFO - Processing file /home/airflow/.local/lib/python3.8/site-packages/airflow/example_dags/example_trigger_target_dag.py for tasks to queue
[2024-10-02T01:34:48.672+0000] {logging_mixin.py:151} INFO - [2024-10-02T01:34:48.672+0000] {dagbag.py:539} INFO - Filling up the DagBag from /home/airflow/.local/lib/python3.8/site-packages/airflow/example_dags/example_trigger_target_dag.py
[2024-10-02T01:34:48.690+0000] {processor.py:839} INFO - DAG(s) dict_keys(['example_trigger_target_dag']) retrieved from /home/airflow/.local/lib/python3.8/site-packages/airflow/example_dags/example_trigger_target_dag.py
[2024-10-02T01:34:48.738+0000] {logging_mixin.py:151} INFO - [2024-10-02T01:34:48.738+0000] {dag.py:2915} INFO - Sync 1 DAGs
[2024-10-02T01:34:48.763+0000] {logging_mixin.py:151} INFO - [2024-10-02T01:34:48.762+0000] {dag.py:3696} INFO - Setting next_dagrun for example_trigger_target_dag to None, run_after=None
[2024-10-02T01:34:48.803+0000] {processor.py:179} INFO - Processing /home/airflow/.local/lib/python3.8/site-packages/airflow/example_dags/example_trigger_target_dag.py took 0.142 seconds
[2024-10-02T01:35:18.931+0000] {processor.py:157} INFO - Started process (PID=341) to work on /home/airflow/.local/lib/python3.8/site-packages/airflow/example_dags/example_trigger_target_dag.py
[2024-10-02T01:35:18.934+0000] {processor.py:829} INFO - Processing file /home/airflow/.local/lib/python3.8/site-packages/airflow/example_dags/example_trigger_target_dag.py for tasks to queue
[2024-10-02T01:35:18.938+0000] {logging_mixin.py:151} INFO - [2024-10-02T01:35:18.938+0000] {dagbag.py:539} INFO - Filling up the DagBag from /home/airflow/.local/lib/python3.8/site-packages/airflow/example_dags/example_trigger_target_dag.py
[2024-10-02T01:35:18.959+0000] {processor.py:839} INFO - DAG(s) dict_keys(['example_trigger_target_dag']) retrieved from /home/airflow/.local/lib/python3.8/site-packages/airflow/example_dags/example_trigger_target_dag.py
[2024-10-02T01:35:18.993+0000] {logging_mixin.py:151} INFO - [2024-10-02T01:35:18.993+0000] {dag.py:2915} INFO - Sync 1 DAGs
[2024-10-02T01:35:19.013+0000] {logging_mixin.py:151} INFO - [2024-10-02T01:35:19.012+0000] {dag.py:3696} INFO - Setting next_dagrun for example_trigger_target_dag to None, run_after=None
[2024-10-02T01:35:19.042+0000] {processor.py:179} INFO - Processing /home/airflow/.local/lib/python3.8/site-packages/airflow/example_dags/example_trigger_target_dag.py took 0.115 seconds
[2024-10-02T01:35:49.193+0000] {processor.py:157} INFO - Started process (PID=388) to work on /home/airflow/.local/lib/python3.8/site-packages/airflow/example_dags/example_trigger_target_dag.py
[2024-10-02T01:35:49.196+0000] {processor.py:829} INFO - Processing file /home/airflow/.local/lib/python3.8/site-packages/airflow/example_dags/example_trigger_target_dag.py for tasks to queue
[2024-10-02T01:35:49.201+0000] {logging_mixin.py:151} INFO - [2024-10-02T01:35:49.201+0000] {dagbag.py:539} INFO - Filling up the DagBag from /home/airflow/.local/lib/python3.8/site-packages/airflow/example_dags/example_trigger_target_dag.py
[2024-10-02T01:35:49.218+0000] {processor.py:839} INFO - DAG(s) dict_keys(['example_trigger_target_dag']) retrieved from /home/airflow/.local/lib/python3.8/site-packages/airflow/example_dags/example_trigger_target_dag.py
[2024-10-02T01:35:49.258+0000] {logging_mixin.py:151} INFO - [2024-10-02T01:35:49.257+0000] {dag.py:2915} INFO - Sync 1 DAGs
[2024-10-02T01:35:49.278+0000] {logging_mixin.py:151} INFO - [2024-10-02T01:35:49.278+0000] {dag.py:3696} INFO - Setting next_dagrun for example_trigger_target_dag to None, run_after=None
[2024-10-02T01:35:49.305+0000] {processor.py:179} INFO - Processing /home/airflow/.local/lib/python3.8/site-packages/airflow/example_dags/example_trigger_target_dag.py took 0.117 seconds
[2024-10-02T01:36:19.964+0000] {processor.py:157} INFO - Started process (PID=437) to work on /home/airflow/.local/lib/python3.8/site-packages/airflow/example_dags/example_trigger_target_dag.py
[2024-10-02T01:36:19.968+0000] {processor.py:829} INFO - Processing file /home/airflow/.local/lib/python3.8/site-packages/airflow/example_dags/example_trigger_target_dag.py for tasks to queue
[2024-10-02T01:36:19.972+0000] {logging_mixin.py:151} INFO - [2024-10-02T01:36:19.971+0000] {dagbag.py:539} INFO - Filling up the DagBag from /home/airflow/.local/lib/python3.8/site-packages/airflow/example_dags/example_trigger_target_dag.py
[2024-10-02T01:36:19.987+0000] {processor.py:839} INFO - DAG(s) dict_keys(['example_trigger_target_dag']) retrieved from /home/airflow/.local/lib/python3.8/site-packages/airflow/example_dags/example_trigger_target_dag.py
[2024-10-02T01:36:20.026+0000] {logging_mixin.py:151} INFO - [2024-10-02T01:36:20.025+0000] {dag.py:2915} INFO - Sync 1 DAGs
[2024-10-02T01:36:20.042+0000] {logging_mixin.py:151} INFO - [2024-10-02T01:36:20.041+0000] {dag.py:3696} INFO - Setting next_dagrun for example_trigger_target_dag to None, run_after=None
[2024-10-02T01:36:20.074+0000] {processor.py:179} INFO - Processing /home/airflow/.local/lib/python3.8/site-packages/airflow/example_dags/example_trigger_target_dag.py took 0.114 seconds
[2024-10-02T01:36:50.355+0000] {processor.py:157} INFO - Started process (PID=485) to work on /home/airflow/.local/lib/python3.8/site-packages/airflow/example_dags/example_trigger_target_dag.py
[2024-10-02T01:36:50.358+0000] {processor.py:829} INFO - Processing file /home/airflow/.local/lib/python3.8/site-packages/airflow/example_dags/example_trigger_target_dag.py for tasks to queue
[2024-10-02T01:36:50.364+0000] {logging_mixin.py:151} INFO - [2024-10-02T01:36:50.363+0000] {dagbag.py:539} INFO - Filling up the DagBag from /home/airflow/.local/lib/python3.8/site-packages/airflow/example_dags/example_trigger_target_dag.py
[2024-10-02T01:36:50.381+0000] {processor.py:839} INFO - DAG(s) dict_keys(['example_trigger_target_dag']) retrieved from /home/airflow/.local/lib/python3.8/site-packages/airflow/example_dags/example_trigger_target_dag.py
[2024-10-02T01:36:50.427+0000] {logging_mixin.py:151} INFO - [2024-10-02T01:36:50.427+0000] {dag.py:2915} INFO - Sync 1 DAGs
[2024-10-02T01:36:50.449+0000] {logging_mixin.py:151} INFO - [2024-10-02T01:36:50.449+0000] {dag.py:3696} INFO - Setting next_dagrun for example_trigger_target_dag to None, run_after=None
[2024-10-02T01:36:50.491+0000] {processor.py:179} INFO - Processing /home/airflow/.local/lib/python3.8/site-packages/airflow/example_dags/example_trigger_target_dag.py took 0.143 seconds
[2024-10-02T01:37:21.495+0000] {processor.py:157} INFO - Started process (PID=533) to work on /home/airflow/.local/lib/python3.8/site-packages/airflow/example_dags/example_trigger_target_dag.py
[2024-10-02T01:37:21.499+0000] {processor.py:829} INFO - Processing file /home/airflow/.local/lib/python3.8/site-packages/airflow/example_dags/example_trigger_target_dag.py for tasks to queue
[2024-10-02T01:37:21.505+0000] {logging_mixin.py:151} INFO - [2024-10-02T01:37:21.504+0000] {dagbag.py:539} INFO - Filling up the DagBag from /home/airflow/.local/lib/python3.8/site-packages/airflow/example_dags/example_trigger_target_dag.py
[2024-10-02T01:37:21.522+0000] {processor.py:839} INFO - DAG(s) dict_keys(['example_trigger_target_dag']) retrieved from /home/airflow/.local/lib/python3.8/site-packages/airflow/example_dags/example_trigger_target_dag.py
[2024-10-02T01:37:21.558+0000] {logging_mixin.py:151} INFO - [2024-10-02T01:37:21.558+0000] {dag.py:2915} INFO - Sync 1 DAGs
[2024-10-02T01:37:21.609+0000] {logging_mixin.py:151} INFO - [2024-10-02T01:37:21.608+0000] {dag.py:3696} INFO - Setting next_dagrun for example_trigger_target_dag to None, run_after=None
[2024-10-02T01:37:21.674+0000] {processor.py:179} INFO - Processing /home/airflow/.local/lib/python3.8/site-packages/airflow/example_dags/example_trigger_target_dag.py took 0.183 seconds
[2024-10-02T01:37:51.837+0000] {processor.py:157} INFO - Started process (PID=581) to work on /home/airflow/.local/lib/python3.8/site-packages/airflow/example_dags/example_trigger_target_dag.py
[2024-10-02T01:37:51.842+0000] {processor.py:829} INFO - Processing file /home/airflow/.local/lib/python3.8/site-packages/airflow/example_dags/example_trigger_target_dag.py for tasks to queue
[2024-10-02T01:37:51.846+0000] {logging_mixin.py:151} INFO - [2024-10-02T01:37:51.845+0000] {dagbag.py:539} INFO - Filling up the DagBag from /home/airflow/.local/lib/python3.8/site-packages/airflow/example_dags/example_trigger_target_dag.py
[2024-10-02T01:37:51.861+0000] {processor.py:839} INFO - DAG(s) dict_keys(['example_trigger_target_dag']) retrieved from /home/airflow/.local/lib/python3.8/site-packages/airflow/example_dags/example_trigger_target_dag.py
[2024-10-02T01:37:51.898+0000] {logging_mixin.py:151} INFO - [2024-10-02T01:37:51.898+0000] {dag.py:2915} INFO - Sync 1 DAGs
[2024-10-02T01:37:51.922+0000] {logging_mixin.py:151} INFO - [2024-10-02T01:37:51.921+0000] {dag.py:3696} INFO - Setting next_dagrun for example_trigger_target_dag to None, run_after=None
[2024-10-02T01:37:51.952+0000] {processor.py:179} INFO - Processing /home/airflow/.local/lib/python3.8/site-packages/airflow/example_dags/example_trigger_target_dag.py took 0.120 seconds
[2024-10-02T01:38:22.471+0000] {processor.py:157} INFO - Started process (PID=629) to work on /home/airflow/.local/lib/python3.8/site-packages/airflow/example_dags/example_trigger_target_dag.py
[2024-10-02T01:38:22.473+0000] {processor.py:829} INFO - Processing file /home/airflow/.local/lib/python3.8/site-packages/airflow/example_dags/example_trigger_target_dag.py for tasks to queue
[2024-10-02T01:38:22.482+0000] {logging_mixin.py:151} INFO - [2024-10-02T01:38:22.481+0000] {dagbag.py:539} INFO - Filling up the DagBag from /home/airflow/.local/lib/python3.8/site-packages/airflow/example_dags/example_trigger_target_dag.py
[2024-10-02T01:38:22.493+0000] {processor.py:839} INFO - DAG(s) dict_keys(['example_trigger_target_dag']) retrieved from /home/airflow/.local/lib/python3.8/site-packages/airflow/example_dags/example_trigger_target_dag.py
[2024-10-02T01:38:22.548+0000] {logging_mixin.py:151} INFO - [2024-10-02T01:38:22.547+0000] {dag.py:2915} INFO - Sync 1 DAGs
[2024-10-02T01:38:22.576+0000] {logging_mixin.py:151} INFO - [2024-10-02T01:38:22.576+0000] {dag.py:3696} INFO - Setting next_dagrun for example_trigger_target_dag to None, run_after=None
[2024-10-02T01:38:22.612+0000] {processor.py:179} INFO - Processing /home/airflow/.local/lib/python3.8/site-packages/airflow/example_dags/example_trigger_target_dag.py took 0.145 seconds
[2024-10-02T01:38:52.810+0000] {processor.py:157} INFO - Started process (PID=677) to work on /home/airflow/.local/lib/python3.8/site-packages/airflow/example_dags/example_trigger_target_dag.py
[2024-10-02T01:38:52.820+0000] {processor.py:829} INFO - Processing file /home/airflow/.local/lib/python3.8/site-packages/airflow/example_dags/example_trigger_target_dag.py for tasks to queue
[2024-10-02T01:38:52.827+0000] {logging_mixin.py:151} INFO - [2024-10-02T01:38:52.826+0000] {dagbag.py:539} INFO - Filling up the DagBag from /home/airflow/.local/lib/python3.8/site-packages/airflow/example_dags/example_trigger_target_dag.py
[2024-10-02T01:38:52.848+0000] {processor.py:839} INFO - DAG(s) dict_keys(['example_trigger_target_dag']) retrieved from /home/airflow/.local/lib/python3.8/site-packages/airflow/example_dags/example_trigger_target_dag.py
[2024-10-02T01:38:52.883+0000] {logging_mixin.py:151} INFO - [2024-10-02T01:38:52.883+0000] {dag.py:2915} INFO - Sync 1 DAGs
[2024-10-02T01:38:52.905+0000] {logging_mixin.py:151} INFO - [2024-10-02T01:38:52.904+0000] {dag.py:3696} INFO - Setting next_dagrun for example_trigger_target_dag to None, run_after=None
[2024-10-02T01:38:52.955+0000] {processor.py:179} INFO - Processing /home/airflow/.local/lib/python3.8/site-packages/airflow/example_dags/example_trigger_target_dag.py took 0.150 seconds
[2024-10-02T01:39:23.544+0000] {processor.py:157} INFO - Started process (PID=725) to work on /home/airflow/.local/lib/python3.8/site-packages/airflow/example_dags/example_trigger_target_dag.py
[2024-10-02T01:39:23.547+0000] {processor.py:829} INFO - Processing file /home/airflow/.local/lib/python3.8/site-packages/airflow/example_dags/example_trigger_target_dag.py for tasks to queue
[2024-10-02T01:39:23.551+0000] {logging_mixin.py:151} INFO - [2024-10-02T01:39:23.550+0000] {dagbag.py:539} INFO - Filling up the DagBag from /home/airflow/.local/lib/python3.8/site-packages/airflow/example_dags/example_trigger_target_dag.py
[2024-10-02T01:39:23.563+0000] {processor.py:839} INFO - DAG(s) dict_keys(['example_trigger_target_dag']) retrieved from /home/airflow/.local/lib/python3.8/site-packages/airflow/example_dags/example_trigger_target_dag.py
[2024-10-02T01:39:23.605+0000] {logging_mixin.py:151} INFO - [2024-10-02T01:39:23.605+0000] {dag.py:2915} INFO - Sync 1 DAGs
[2024-10-02T01:39:23.626+0000] {logging_mixin.py:151} INFO - [2024-10-02T01:39:23.625+0000] {dag.py:3696} INFO - Setting next_dagrun for example_trigger_target_dag to None, run_after=None
[2024-10-02T01:39:23.668+0000] {processor.py:179} INFO - Processing /home/airflow/.local/lib/python3.8/site-packages/airflow/example_dags/example_trigger_target_dag.py took 0.128 seconds
[2024-10-02T01:45:35.030+0000] {processor.py:157} INFO - Started process (PID=54) to work on /home/airflow/.local/lib/python3.8/site-packages/airflow/example_dags/example_trigger_target_dag.py
[2024-10-02T01:45:35.040+0000] {processor.py:829} INFO - Processing file /home/airflow/.local/lib/python3.8/site-packages/airflow/example_dags/example_trigger_target_dag.py for tasks to queue
[2024-10-02T01:45:35.046+0000] {logging_mixin.py:151} INFO - [2024-10-02T01:45:35.046+0000] {dagbag.py:539} INFO - Filling up the DagBag from /home/airflow/.local/lib/python3.8/site-packages/airflow/example_dags/example_trigger_target_dag.py
[2024-10-02T01:45:35.067+0000] {processor.py:839} INFO - DAG(s) dict_keys(['example_trigger_target_dag']) retrieved from /home/airflow/.local/lib/python3.8/site-packages/airflow/example_dags/example_trigger_target_dag.py
[2024-10-02T01:45:35.265+0000] {logging_mixin.py:151} INFO - [2024-10-02T01:45:35.265+0000] {manager.py:499} INFO - Created Permission View: %s
[2024-10-02T01:45:35.287+0000] {logging_mixin.py:151} INFO - [2024-10-02T01:45:35.287+0000] {manager.py:499} INFO - Created Permission View: %s
[2024-10-02T01:45:35.308+0000] {logging_mixin.py:151} INFO - [2024-10-02T01:45:35.308+0000] {manager.py:499} INFO - Created Permission View: %s
[2024-10-02T01:45:35.340+0000] {logging_mixin.py:151} INFO - [2024-10-02T01:45:35.339+0000] {security.py:708} INFO - Not syncing DAG-level permissions for DAG 'DAG:example_trigger_target_dag' as access control is unset.
[2024-10-02T01:45:35.358+0000] {logging_mixin.py:151} INFO - [2024-10-02T01:45:35.358+0000] {dag.py:2915} INFO - Sync 1 DAGs
[2024-10-02T01:45:35.446+0000] {logging_mixin.py:151} INFO - [2024-10-02T01:45:35.446+0000] {dag.py:2937} INFO - Creating ORM DAG for example_trigger_target_dag
[2024-10-02T01:45:35.451+0000] {logging_mixin.py:151} INFO - [2024-10-02T01:45:35.451+0000] {dag.py:3696} INFO - Setting next_dagrun for example_trigger_target_dag to None, run_after=None
[2024-10-02T01:45:35.487+0000] {processor.py:179} INFO - Processing /home/airflow/.local/lib/python3.8/site-packages/airflow/example_dags/example_trigger_target_dag.py took 0.467 seconds
[2024-10-02T01:46:06.099+0000] {processor.py:157} INFO - Started process (PID=102) to work on /home/airflow/.local/lib/python3.8/site-packages/airflow/example_dags/example_trigger_target_dag.py
[2024-10-02T01:46:06.102+0000] {processor.py:829} INFO - Processing file /home/airflow/.local/lib/python3.8/site-packages/airflow/example_dags/example_trigger_target_dag.py for tasks to queue
[2024-10-02T01:46:06.106+0000] {logging_mixin.py:151} INFO - [2024-10-02T01:46:06.106+0000] {dagbag.py:539} INFO - Filling up the DagBag from /home/airflow/.local/lib/python3.8/site-packages/airflow/example_dags/example_trigger_target_dag.py
[2024-10-02T01:46:06.120+0000] {processor.py:839} INFO - DAG(s) dict_keys(['example_trigger_target_dag']) retrieved from /home/airflow/.local/lib/python3.8/site-packages/airflow/example_dags/example_trigger_target_dag.py
[2024-10-02T01:46:06.155+0000] {logging_mixin.py:151} INFO - [2024-10-02T01:46:06.154+0000] {dag.py:2915} INFO - Sync 1 DAGs
[2024-10-02T01:46:06.174+0000] {logging_mixin.py:151} INFO - [2024-10-02T01:46:06.174+0000] {dag.py:3696} INFO - Setting next_dagrun for example_trigger_target_dag to None, run_after=None
[2024-10-02T01:46:06.223+0000] {processor.py:179} INFO - Processing /home/airflow/.local/lib/python3.8/site-packages/airflow/example_dags/example_trigger_target_dag.py took 0.129 seconds
[2024-10-02T01:47:03.111+0000] {processor.py:157} INFO - Started process (PID=54) to work on /home/airflow/.local/lib/python3.8/site-packages/airflow/example_dags/example_trigger_target_dag.py
[2024-10-02T01:47:03.136+0000] {processor.py:829} INFO - Processing file /home/airflow/.local/lib/python3.8/site-packages/airflow/example_dags/example_trigger_target_dag.py for tasks to queue
[2024-10-02T01:47:03.153+0000] {logging_mixin.py:151} INFO - [2024-10-02T01:47:03.152+0000] {dagbag.py:539} INFO - Filling up the DagBag from /home/airflow/.local/lib/python3.8/site-packages/airflow/example_dags/example_trigger_target_dag.py
[2024-10-02T01:47:03.224+0000] {processor.py:839} INFO - DAG(s) dict_keys(['example_trigger_target_dag']) retrieved from /home/airflow/.local/lib/python3.8/site-packages/airflow/example_dags/example_trigger_target_dag.py
[2024-10-02T01:47:03.282+0000] {logging_mixin.py:151} INFO - [2024-10-02T01:47:03.282+0000] {dag.py:2915} INFO - Sync 1 DAGs
[2024-10-02T01:47:03.326+0000] {logging_mixin.py:151} INFO - [2024-10-02T01:47:03.326+0000] {dag.py:3696} INFO - Setting next_dagrun for example_trigger_target_dag to None, run_after=None
[2024-10-02T01:47:03.371+0000] {processor.py:179} INFO - Processing /home/airflow/.local/lib/python3.8/site-packages/airflow/example_dags/example_trigger_target_dag.py took 0.266 seconds
[2024-10-02T01:47:33.896+0000] {processor.py:157} INFO - Started process (PID=102) to work on /home/airflow/.local/lib/python3.8/site-packages/airflow/example_dags/example_trigger_target_dag.py
[2024-10-02T01:47:33.902+0000] {processor.py:829} INFO - Processing file /home/airflow/.local/lib/python3.8/site-packages/airflow/example_dags/example_trigger_target_dag.py for tasks to queue
[2024-10-02T01:47:33.907+0000] {logging_mixin.py:151} INFO - [2024-10-02T01:47:33.907+0000] {dagbag.py:539} INFO - Filling up the DagBag from /home/airflow/.local/lib/python3.8/site-packages/airflow/example_dags/example_trigger_target_dag.py
[2024-10-02T01:47:33.923+0000] {processor.py:839} INFO - DAG(s) dict_keys(['example_trigger_target_dag']) retrieved from /home/airflow/.local/lib/python3.8/site-packages/airflow/example_dags/example_trigger_target_dag.py
[2024-10-02T01:47:33.963+0000] {logging_mixin.py:151} INFO - [2024-10-02T01:47:33.962+0000] {dag.py:2915} INFO - Sync 1 DAGs
[2024-10-02T01:47:33.985+0000] {logging_mixin.py:151} INFO - [2024-10-02T01:47:33.985+0000] {dag.py:3696} INFO - Setting next_dagrun for example_trigger_target_dag to None, run_after=None
[2024-10-02T01:47:34.020+0000] {processor.py:179} INFO - Processing /home/airflow/.local/lib/python3.8/site-packages/airflow/example_dags/example_trigger_target_dag.py took 0.128 seconds
[2024-10-02T01:48:31.136+0000] {processor.py:157} INFO - Started process (PID=54) to work on /home/airflow/.local/lib/python3.8/site-packages/airflow/example_dags/example_trigger_target_dag.py
[2024-10-02T01:48:31.148+0000] {processor.py:829} INFO - Processing file /home/airflow/.local/lib/python3.8/site-packages/airflow/example_dags/example_trigger_target_dag.py for tasks to queue
[2024-10-02T01:48:31.156+0000] {logging_mixin.py:151} INFO - [2024-10-02T01:48:31.156+0000] {dagbag.py:539} INFO - Filling up the DagBag from /home/airflow/.local/lib/python3.8/site-packages/airflow/example_dags/example_trigger_target_dag.py
[2024-10-02T01:48:31.181+0000] {processor.py:839} INFO - DAG(s) dict_keys(['example_trigger_target_dag']) retrieved from /home/airflow/.local/lib/python3.8/site-packages/airflow/example_dags/example_trigger_target_dag.py
[2024-10-02T01:48:31.224+0000] {logging_mixin.py:151} INFO - [2024-10-02T01:48:31.223+0000] {dag.py:2915} INFO - Sync 1 DAGs
[2024-10-02T01:48:31.252+0000] {logging_mixin.py:151} INFO - [2024-10-02T01:48:31.252+0000] {dag.py:3696} INFO - Setting next_dagrun for example_trigger_target_dag to None, run_after=None
[2024-10-02T01:48:31.302+0000] {processor.py:179} INFO - Processing /home/airflow/.local/lib/python3.8/site-packages/airflow/example_dags/example_trigger_target_dag.py took 0.168 seconds
[2024-10-02T01:49:01.654+0000] {processor.py:157} INFO - Started process (PID=102) to work on /home/airflow/.local/lib/python3.8/site-packages/airflow/example_dags/example_trigger_target_dag.py
[2024-10-02T01:49:01.657+0000] {processor.py:829} INFO - Processing file /home/airflow/.local/lib/python3.8/site-packages/airflow/example_dags/example_trigger_target_dag.py for tasks to queue
[2024-10-02T01:49:01.661+0000] {logging_mixin.py:151} INFO - [2024-10-02T01:49:01.660+0000] {dagbag.py:539} INFO - Filling up the DagBag from /home/airflow/.local/lib/python3.8/site-packages/airflow/example_dags/example_trigger_target_dag.py
[2024-10-02T01:49:01.673+0000] {processor.py:839} INFO - DAG(s) dict_keys(['example_trigger_target_dag']) retrieved from /home/airflow/.local/lib/python3.8/site-packages/airflow/example_dags/example_trigger_target_dag.py
[2024-10-02T01:49:01.704+0000] {logging_mixin.py:151} INFO - [2024-10-02T01:49:01.704+0000] {dag.py:2915} INFO - Sync 1 DAGs
[2024-10-02T01:49:01.723+0000] {logging_mixin.py:151} INFO - [2024-10-02T01:49:01.722+0000] {dag.py:3696} INFO - Setting next_dagrun for example_trigger_target_dag to None, run_after=None
[2024-10-02T01:49:01.748+0000] {processor.py:179} INFO - Processing /home/airflow/.local/lib/python3.8/site-packages/airflow/example_dags/example_trigger_target_dag.py took 0.098 seconds
[2024-10-02T01:49:32.324+0000] {processor.py:157} INFO - Started process (PID=150) to work on /home/airflow/.local/lib/python3.8/site-packages/airflow/example_dags/example_trigger_target_dag.py
[2024-10-02T01:49:32.326+0000] {processor.py:829} INFO - Processing file /home/airflow/.local/lib/python3.8/site-packages/airflow/example_dags/example_trigger_target_dag.py for tasks to queue
[2024-10-02T01:49:32.331+0000] {logging_mixin.py:151} INFO - [2024-10-02T01:49:32.331+0000] {dagbag.py:539} INFO - Filling up the DagBag from /home/airflow/.local/lib/python3.8/site-packages/airflow/example_dags/example_trigger_target_dag.py
[2024-10-02T01:49:32.346+0000] {processor.py:839} INFO - DAG(s) dict_keys(['example_trigger_target_dag']) retrieved from /home/airflow/.local/lib/python3.8/site-packages/airflow/example_dags/example_trigger_target_dag.py
[2024-10-02T01:49:32.380+0000] {logging_mixin.py:151} INFO - [2024-10-02T01:49:32.379+0000] {dag.py:2915} INFO - Sync 1 DAGs
[2024-10-02T01:49:32.400+0000] {logging_mixin.py:151} INFO - [2024-10-02T01:49:32.400+0000] {dag.py:3696} INFO - Setting next_dagrun for example_trigger_target_dag to None, run_after=None
[2024-10-02T01:49:32.428+0000] {processor.py:179} INFO - Processing /home/airflow/.local/lib/python3.8/site-packages/airflow/example_dags/example_trigger_target_dag.py took 0.109 seconds
[2024-10-02T01:50:03.232+0000] {processor.py:157} INFO - Started process (PID=198) to work on /home/airflow/.local/lib/python3.8/site-packages/airflow/example_dags/example_trigger_target_dag.py
[2024-10-02T01:50:03.238+0000] {processor.py:829} INFO - Processing file /home/airflow/.local/lib/python3.8/site-packages/airflow/example_dags/example_trigger_target_dag.py for tasks to queue
[2024-10-02T01:50:03.244+0000] {logging_mixin.py:151} INFO - [2024-10-02T01:50:03.244+0000] {dagbag.py:539} INFO - Filling up the DagBag from /home/airflow/.local/lib/python3.8/site-packages/airflow/example_dags/example_trigger_target_dag.py
[2024-10-02T01:50:03.259+0000] {processor.py:839} INFO - DAG(s) dict_keys(['example_trigger_target_dag']) retrieved from /home/airflow/.local/lib/python3.8/site-packages/airflow/example_dags/example_trigger_target_dag.py
[2024-10-02T01:50:03.296+0000] {logging_mixin.py:151} INFO - [2024-10-02T01:50:03.296+0000] {dag.py:2915} INFO - Sync 1 DAGs
[2024-10-02T01:50:03.312+0000] {logging_mixin.py:151} INFO - [2024-10-02T01:50:03.311+0000] {dag.py:3696} INFO - Setting next_dagrun for example_trigger_target_dag to None, run_after=None
[2024-10-02T01:50:03.339+0000] {processor.py:179} INFO - Processing /home/airflow/.local/lib/python3.8/site-packages/airflow/example_dags/example_trigger_target_dag.py took 0.110 seconds
[2024-10-02T01:50:34.086+0000] {processor.py:157} INFO - Started process (PID=246) to work on /home/airflow/.local/lib/python3.8/site-packages/airflow/example_dags/example_trigger_target_dag.py
[2024-10-02T01:50:34.089+0000] {processor.py:829} INFO - Processing file /home/airflow/.local/lib/python3.8/site-packages/airflow/example_dags/example_trigger_target_dag.py for tasks to queue
[2024-10-02T01:50:34.093+0000] {logging_mixin.py:151} INFO - [2024-10-02T01:50:34.092+0000] {dagbag.py:539} INFO - Filling up the DagBag from /home/airflow/.local/lib/python3.8/site-packages/airflow/example_dags/example_trigger_target_dag.py
[2024-10-02T01:50:34.104+0000] {processor.py:839} INFO - DAG(s) dict_keys(['example_trigger_target_dag']) retrieved from /home/airflow/.local/lib/python3.8/site-packages/airflow/example_dags/example_trigger_target_dag.py
[2024-10-02T01:50:34.136+0000] {logging_mixin.py:151} INFO - [2024-10-02T01:50:34.135+0000] {dag.py:2915} INFO - Sync 1 DAGs
[2024-10-02T01:50:34.152+0000] {logging_mixin.py:151} INFO - [2024-10-02T01:50:34.152+0000] {dag.py:3696} INFO - Setting next_dagrun for example_trigger_target_dag to None, run_after=None
[2024-10-02T01:50:34.177+0000] {processor.py:179} INFO - Processing /home/airflow/.local/lib/python3.8/site-packages/airflow/example_dags/example_trigger_target_dag.py took 0.094 seconds
[2024-10-02T01:51:04.348+0000] {processor.py:157} INFO - Started process (PID=294) to work on /home/airflow/.local/lib/python3.8/site-packages/airflow/example_dags/example_trigger_target_dag.py
[2024-10-02T01:51:04.351+0000] {processor.py:829} INFO - Processing file /home/airflow/.local/lib/python3.8/site-packages/airflow/example_dags/example_trigger_target_dag.py for tasks to queue
[2024-10-02T01:51:04.356+0000] {logging_mixin.py:151} INFO - [2024-10-02T01:51:04.355+0000] {dagbag.py:539} INFO - Filling up the DagBag from /home/airflow/.local/lib/python3.8/site-packages/airflow/example_dags/example_trigger_target_dag.py
[2024-10-02T01:51:04.368+0000] {processor.py:839} INFO - DAG(s) dict_keys(['example_trigger_target_dag']) retrieved from /home/airflow/.local/lib/python3.8/site-packages/airflow/example_dags/example_trigger_target_dag.py
[2024-10-02T01:51:04.404+0000] {logging_mixin.py:151} INFO - [2024-10-02T01:51:04.404+0000] {dag.py:2915} INFO - Sync 1 DAGs
[2024-10-02T01:51:04.421+0000] {logging_mixin.py:151} INFO - [2024-10-02T01:51:04.421+0000] {dag.py:3696} INFO - Setting next_dagrun for example_trigger_target_dag to None, run_after=None
[2024-10-02T01:51:04.451+0000] {processor.py:179} INFO - Processing /home/airflow/.local/lib/python3.8/site-packages/airflow/example_dags/example_trigger_target_dag.py took 0.108 seconds
[2024-10-02T01:51:34.511+0000] {processor.py:157} INFO - Started process (PID=341) to work on /home/airflow/.local/lib/python3.8/site-packages/airflow/example_dags/example_trigger_target_dag.py
[2024-10-02T01:51:34.514+0000] {processor.py:829} INFO - Processing file /home/airflow/.local/lib/python3.8/site-packages/airflow/example_dags/example_trigger_target_dag.py for tasks to queue
[2024-10-02T01:51:34.517+0000] {logging_mixin.py:151} INFO - [2024-10-02T01:51:34.517+0000] {dagbag.py:539} INFO - Filling up the DagBag from /home/airflow/.local/lib/python3.8/site-packages/airflow/example_dags/example_trigger_target_dag.py
[2024-10-02T01:51:34.530+0000] {processor.py:839} INFO - DAG(s) dict_keys(['example_trigger_target_dag']) retrieved from /home/airflow/.local/lib/python3.8/site-packages/airflow/example_dags/example_trigger_target_dag.py
[2024-10-02T01:51:34.567+0000] {logging_mixin.py:151} INFO - [2024-10-02T01:51:34.567+0000] {dag.py:2915} INFO - Sync 1 DAGs
[2024-10-02T01:51:34.584+0000] {logging_mixin.py:151} INFO - [2024-10-02T01:51:34.584+0000] {dag.py:3696} INFO - Setting next_dagrun for example_trigger_target_dag to None, run_after=None
[2024-10-02T01:51:34.608+0000] {processor.py:179} INFO - Processing /home/airflow/.local/lib/python3.8/site-packages/airflow/example_dags/example_trigger_target_dag.py took 0.101 seconds
[2024-10-02T01:52:04.781+0000] {processor.py:157} INFO - Started process (PID=389) to work on /home/airflow/.local/lib/python3.8/site-packages/airflow/example_dags/example_trigger_target_dag.py
[2024-10-02T01:52:04.787+0000] {processor.py:829} INFO - Processing file /home/airflow/.local/lib/python3.8/site-packages/airflow/example_dags/example_trigger_target_dag.py for tasks to queue
[2024-10-02T01:52:04.794+0000] {logging_mixin.py:151} INFO - [2024-10-02T01:52:04.794+0000] {dagbag.py:539} INFO - Filling up the DagBag from /home/airflow/.local/lib/python3.8/site-packages/airflow/example_dags/example_trigger_target_dag.py
[2024-10-02T01:52:04.812+0000] {processor.py:839} INFO - DAG(s) dict_keys(['example_trigger_target_dag']) retrieved from /home/airflow/.local/lib/python3.8/site-packages/airflow/example_dags/example_trigger_target_dag.py
[2024-10-02T01:52:04.851+0000] {logging_mixin.py:151} INFO - [2024-10-02T01:52:04.851+0000] {dag.py:2915} INFO - Sync 1 DAGs
[2024-10-02T01:52:04.869+0000] {logging_mixin.py:151} INFO - [2024-10-02T01:52:04.869+0000] {dag.py:3696} INFO - Setting next_dagrun for example_trigger_target_dag to None, run_after=None
[2024-10-02T01:52:04.894+0000] {processor.py:179} INFO - Processing /home/airflow/.local/lib/python3.8/site-packages/airflow/example_dags/example_trigger_target_dag.py took 0.117 seconds
[2024-10-02T01:52:34.960+0000] {processor.py:157} INFO - Started process (PID=437) to work on /home/airflow/.local/lib/python3.8/site-packages/airflow/example_dags/example_trigger_target_dag.py
[2024-10-02T01:52:34.963+0000] {processor.py:829} INFO - Processing file /home/airflow/.local/lib/python3.8/site-packages/airflow/example_dags/example_trigger_target_dag.py for tasks to queue
[2024-10-02T01:52:34.968+0000] {logging_mixin.py:151} INFO - [2024-10-02T01:52:34.967+0000] {dagbag.py:539} INFO - Filling up the DagBag from /home/airflow/.local/lib/python3.8/site-packages/airflow/example_dags/example_trigger_target_dag.py
[2024-10-02T01:52:34.980+0000] {processor.py:839} INFO - DAG(s) dict_keys(['example_trigger_target_dag']) retrieved from /home/airflow/.local/lib/python3.8/site-packages/airflow/example_dags/example_trigger_target_dag.py
[2024-10-02T01:52:35.021+0000] {logging_mixin.py:151} INFO - [2024-10-02T01:52:35.021+0000] {dag.py:2915} INFO - Sync 1 DAGs
[2024-10-02T01:52:35.035+0000] {logging_mixin.py:151} INFO - [2024-10-02T01:52:35.035+0000] {dag.py:3696} INFO - Setting next_dagrun for example_trigger_target_dag to None, run_after=None
[2024-10-02T01:52:35.062+0000] {processor.py:179} INFO - Processing /home/airflow/.local/lib/python3.8/site-packages/airflow/example_dags/example_trigger_target_dag.py took 0.106 seconds
[2024-10-02T01:53:05.491+0000] {processor.py:157} INFO - Started process (PID=485) to work on /home/airflow/.local/lib/python3.8/site-packages/airflow/example_dags/example_trigger_target_dag.py
[2024-10-02T01:53:05.494+0000] {processor.py:829} INFO - Processing file /home/airflow/.local/lib/python3.8/site-packages/airflow/example_dags/example_trigger_target_dag.py for tasks to queue
[2024-10-02T01:53:05.501+0000] {logging_mixin.py:151} INFO - [2024-10-02T01:53:05.500+0000] {dagbag.py:539} INFO - Filling up the DagBag from /home/airflow/.local/lib/python3.8/site-packages/airflow/example_dags/example_trigger_target_dag.py
[2024-10-02T01:53:05.533+0000] {processor.py:839} INFO - DAG(s) dict_keys(['example_trigger_target_dag']) retrieved from /home/airflow/.local/lib/python3.8/site-packages/airflow/example_dags/example_trigger_target_dag.py
[2024-10-02T01:53:05.663+0000] {logging_mixin.py:151} INFO - [2024-10-02T01:53:05.662+0000] {dag.py:2915} INFO - Sync 1 DAGs
[2024-10-02T01:53:05.684+0000] {logging_mixin.py:151} INFO - [2024-10-02T01:53:05.684+0000] {dag.py:3696} INFO - Setting next_dagrun for example_trigger_target_dag to None, run_after=None
[2024-10-02T01:53:05.716+0000] {processor.py:179} INFO - Processing /home/airflow/.local/lib/python3.8/site-packages/airflow/example_dags/example_trigger_target_dag.py took 0.231 seconds
[2024-10-02T01:53:36.071+0000] {processor.py:157} INFO - Started process (PID=533) to work on /home/airflow/.local/lib/python3.8/site-packages/airflow/example_dags/example_trigger_target_dag.py
[2024-10-02T01:53:36.073+0000] {processor.py:829} INFO - Processing file /home/airflow/.local/lib/python3.8/site-packages/airflow/example_dags/example_trigger_target_dag.py for tasks to queue
[2024-10-02T01:53:36.077+0000] {logging_mixin.py:151} INFO - [2024-10-02T01:53:36.077+0000] {dagbag.py:539} INFO - Filling up the DagBag from /home/airflow/.local/lib/python3.8/site-packages/airflow/example_dags/example_trigger_target_dag.py
[2024-10-02T01:53:36.090+0000] {processor.py:839} INFO - DAG(s) dict_keys(['example_trigger_target_dag']) retrieved from /home/airflow/.local/lib/python3.8/site-packages/airflow/example_dags/example_trigger_target_dag.py
[2024-10-02T01:53:36.121+0000] {logging_mixin.py:151} INFO - [2024-10-02T01:53:36.121+0000] {dag.py:2915} INFO - Sync 1 DAGs
[2024-10-02T01:53:36.138+0000] {logging_mixin.py:151} INFO - [2024-10-02T01:53:36.137+0000] {dag.py:3696} INFO - Setting next_dagrun for example_trigger_target_dag to None, run_after=None
[2024-10-02T01:53:36.163+0000] {processor.py:179} INFO - Processing /home/airflow/.local/lib/python3.8/site-packages/airflow/example_dags/example_trigger_target_dag.py took 0.096 seconds
[2024-10-02T01:54:06.804+0000] {processor.py:157} INFO - Started process (PID=581) to work on /home/airflow/.local/lib/python3.8/site-packages/airflow/example_dags/example_trigger_target_dag.py
[2024-10-02T01:54:06.808+0000] {processor.py:829} INFO - Processing file /home/airflow/.local/lib/python3.8/site-packages/airflow/example_dags/example_trigger_target_dag.py for tasks to queue
[2024-10-02T01:54:06.813+0000] {logging_mixin.py:151} INFO - [2024-10-02T01:54:06.812+0000] {dagbag.py:539} INFO - Filling up the DagBag from /home/airflow/.local/lib/python3.8/site-packages/airflow/example_dags/example_trigger_target_dag.py
[2024-10-02T01:54:06.825+0000] {processor.py:839} INFO - DAG(s) dict_keys(['example_trigger_target_dag']) retrieved from /home/airflow/.local/lib/python3.8/site-packages/airflow/example_dags/example_trigger_target_dag.py
[2024-10-02T01:54:06.855+0000] {logging_mixin.py:151} INFO - [2024-10-02T01:54:06.855+0000] {dag.py:2915} INFO - Sync 1 DAGs
[2024-10-02T01:54:06.871+0000] {logging_mixin.py:151} INFO - [2024-10-02T01:54:06.871+0000] {dag.py:3696} INFO - Setting next_dagrun for example_trigger_target_dag to None, run_after=None
[2024-10-02T01:54:06.897+0000] {processor.py:179} INFO - Processing /home/airflow/.local/lib/python3.8/site-packages/airflow/example_dags/example_trigger_target_dag.py took 0.097 seconds
[2024-10-02T01:57:19.828+0000] {processor.py:157} INFO - Started process (PID=615) to work on /home/airflow/.local/lib/python3.8/site-packages/airflow/example_dags/example_trigger_target_dag.py
[2024-10-02T01:57:19.831+0000] {processor.py:829} INFO - Processing file /home/airflow/.local/lib/python3.8/site-packages/airflow/example_dags/example_trigger_target_dag.py for tasks to queue
[2024-10-02T01:57:19.837+0000] {logging_mixin.py:151} INFO - [2024-10-02T01:57:19.837+0000] {dagbag.py:539} INFO - Filling up the DagBag from /home/airflow/.local/lib/python3.8/site-packages/airflow/example_dags/example_trigger_target_dag.py
[2024-10-02T01:57:19.849+0000] {processor.py:839} INFO - DAG(s) dict_keys(['example_trigger_target_dag']) retrieved from /home/airflow/.local/lib/python3.8/site-packages/airflow/example_dags/example_trigger_target_dag.py
[2024-10-02T01:57:19.886+0000] {logging_mixin.py:151} INFO - [2024-10-02T01:57:19.886+0000] {dag.py:2915} INFO - Sync 1 DAGs
[2024-10-02T01:57:19.901+0000] {logging_mixin.py:151} INFO - [2024-10-02T01:57:19.901+0000] {dag.py:3696} INFO - Setting next_dagrun for example_trigger_target_dag to None, run_after=None
[2024-10-02T01:57:19.932+0000] {processor.py:179} INFO - Processing /home/airflow/.local/lib/python3.8/site-packages/airflow/example_dags/example_trigger_target_dag.py took 0.108 seconds
[2024-10-02T01:57:50.591+0000] {processor.py:157} INFO - Started process (PID=663) to work on /home/airflow/.local/lib/python3.8/site-packages/airflow/example_dags/example_trigger_target_dag.py
[2024-10-02T01:57:50.595+0000] {processor.py:829} INFO - Processing file /home/airflow/.local/lib/python3.8/site-packages/airflow/example_dags/example_trigger_target_dag.py for tasks to queue
[2024-10-02T01:57:50.600+0000] {logging_mixin.py:151} INFO - [2024-10-02T01:57:50.599+0000] {dagbag.py:539} INFO - Filling up the DagBag from /home/airflow/.local/lib/python3.8/site-packages/airflow/example_dags/example_trigger_target_dag.py
[2024-10-02T01:57:50.612+0000] {processor.py:839} INFO - DAG(s) dict_keys(['example_trigger_target_dag']) retrieved from /home/airflow/.local/lib/python3.8/site-packages/airflow/example_dags/example_trigger_target_dag.py
[2024-10-02T01:57:50.666+0000] {logging_mixin.py:151} INFO - [2024-10-02T01:57:50.666+0000] {dag.py:2915} INFO - Sync 1 DAGs
[2024-10-02T01:57:50.687+0000] {logging_mixin.py:151} INFO - [2024-10-02T01:57:50.687+0000] {dag.py:3696} INFO - Setting next_dagrun for example_trigger_target_dag to None, run_after=None
[2024-10-02T01:57:50.725+0000] {processor.py:179} INFO - Processing /home/airflow/.local/lib/python3.8/site-packages/airflow/example_dags/example_trigger_target_dag.py took 0.137 seconds
[2024-10-02T01:58:20.952+0000] {processor.py:157} INFO - Started process (PID=711) to work on /home/airflow/.local/lib/python3.8/site-packages/airflow/example_dags/example_trigger_target_dag.py
[2024-10-02T01:58:20.955+0000] {processor.py:829} INFO - Processing file /home/airflow/.local/lib/python3.8/site-packages/airflow/example_dags/example_trigger_target_dag.py for tasks to queue
[2024-10-02T01:58:20.960+0000] {logging_mixin.py:151} INFO - [2024-10-02T01:58:20.959+0000] {dagbag.py:539} INFO - Filling up the DagBag from /home/airflow/.local/lib/python3.8/site-packages/airflow/example_dags/example_trigger_target_dag.py
[2024-10-02T01:58:20.974+0000] {processor.py:839} INFO - DAG(s) dict_keys(['example_trigger_target_dag']) retrieved from /home/airflow/.local/lib/python3.8/site-packages/airflow/example_dags/example_trigger_target_dag.py
[2024-10-02T01:58:21.018+0000] {logging_mixin.py:151} INFO - [2024-10-02T01:58:21.018+0000] {dag.py:2915} INFO - Sync 1 DAGs
[2024-10-02T01:58:21.036+0000] {logging_mixin.py:151} INFO - [2024-10-02T01:58:21.036+0000] {dag.py:3696} INFO - Setting next_dagrun for example_trigger_target_dag to None, run_after=None
[2024-10-02T01:58:21.066+0000] {processor.py:179} INFO - Processing /home/airflow/.local/lib/python3.8/site-packages/airflow/example_dags/example_trigger_target_dag.py took 0.119 seconds
[2024-10-02T01:58:51.880+0000] {processor.py:157} INFO - Started process (PID=759) to work on /home/airflow/.local/lib/python3.8/site-packages/airflow/example_dags/example_trigger_target_dag.py
[2024-10-02T01:58:51.885+0000] {processor.py:829} INFO - Processing file /home/airflow/.local/lib/python3.8/site-packages/airflow/example_dags/example_trigger_target_dag.py for tasks to queue
[2024-10-02T01:58:51.891+0000] {logging_mixin.py:151} INFO - [2024-10-02T01:58:51.890+0000] {dagbag.py:539} INFO - Filling up the DagBag from /home/airflow/.local/lib/python3.8/site-packages/airflow/example_dags/example_trigger_target_dag.py
[2024-10-02T01:58:51.907+0000] {processor.py:839} INFO - DAG(s) dict_keys(['example_trigger_target_dag']) retrieved from /home/airflow/.local/lib/python3.8/site-packages/airflow/example_dags/example_trigger_target_dag.py
[2024-10-02T01:58:51.953+0000] {logging_mixin.py:151} INFO - [2024-10-02T01:58:51.953+0000] {dag.py:2915} INFO - Sync 1 DAGs
[2024-10-02T01:58:51.981+0000] {logging_mixin.py:151} INFO - [2024-10-02T01:58:51.981+0000] {dag.py:3696} INFO - Setting next_dagrun for example_trigger_target_dag to None, run_after=None
[2024-10-02T01:58:52.017+0000] {processor.py:179} INFO - Processing /home/airflow/.local/lib/python3.8/site-packages/airflow/example_dags/example_trigger_target_dag.py took 0.141 seconds
[2024-10-02T01:59:23.899+0000] {processor.py:157} INFO - Started process (PID=807) to work on /home/airflow/.local/lib/python3.8/site-packages/airflow/example_dags/example_trigger_target_dag.py
[2024-10-02T01:59:23.904+0000] {processor.py:829} INFO - Processing file /home/airflow/.local/lib/python3.8/site-packages/airflow/example_dags/example_trigger_target_dag.py for tasks to queue
[2024-10-02T01:59:23.910+0000] {logging_mixin.py:151} INFO - [2024-10-02T01:59:23.909+0000] {dagbag.py:539} INFO - Filling up the DagBag from /home/airflow/.local/lib/python3.8/site-packages/airflow/example_dags/example_trigger_target_dag.py
[2024-10-02T01:59:23.931+0000] {processor.py:839} INFO - DAG(s) dict_keys(['example_trigger_target_dag']) retrieved from /home/airflow/.local/lib/python3.8/site-packages/airflow/example_dags/example_trigger_target_dag.py
[2024-10-02T01:59:23.980+0000] {logging_mixin.py:151} INFO - [2024-10-02T01:59:23.980+0000] {dag.py:2915} INFO - Sync 1 DAGs
[2024-10-02T01:59:24.002+0000] {logging_mixin.py:151} INFO - [2024-10-02T01:59:24.002+0000] {dag.py:3696} INFO - Setting next_dagrun for example_trigger_target_dag to None, run_after=None
[2024-10-02T01:59:24.035+0000] {processor.py:179} INFO - Processing /home/airflow/.local/lib/python3.8/site-packages/airflow/example_dags/example_trigger_target_dag.py took 0.142 seconds
[2024-10-02T01:59:54.294+0000] {processor.py:157} INFO - Started process (PID=855) to work on /home/airflow/.local/lib/python3.8/site-packages/airflow/example_dags/example_trigger_target_dag.py
[2024-10-02T01:59:54.297+0000] {processor.py:829} INFO - Processing file /home/airflow/.local/lib/python3.8/site-packages/airflow/example_dags/example_trigger_target_dag.py for tasks to queue
[2024-10-02T01:59:54.302+0000] {logging_mixin.py:151} INFO - [2024-10-02T01:59:54.302+0000] {dagbag.py:539} INFO - Filling up the DagBag from /home/airflow/.local/lib/python3.8/site-packages/airflow/example_dags/example_trigger_target_dag.py
[2024-10-02T01:59:54.313+0000] {processor.py:839} INFO - DAG(s) dict_keys(['example_trigger_target_dag']) retrieved from /home/airflow/.local/lib/python3.8/site-packages/airflow/example_dags/example_trigger_target_dag.py
[2024-10-02T01:59:54.349+0000] {logging_mixin.py:151} INFO - [2024-10-02T01:59:54.349+0000] {dag.py:2915} INFO - Sync 1 DAGs
[2024-10-02T01:59:54.376+0000] {logging_mixin.py:151} INFO - [2024-10-02T01:59:54.376+0000] {dag.py:3696} INFO - Setting next_dagrun for example_trigger_target_dag to None, run_after=None
[2024-10-02T01:59:54.407+0000] {processor.py:179} INFO - Processing /home/airflow/.local/lib/python3.8/site-packages/airflow/example_dags/example_trigger_target_dag.py took 0.117 seconds
[2024-10-02T02:00:25.581+0000] {processor.py:157} INFO - Started process (PID=903) to work on /home/airflow/.local/lib/python3.8/site-packages/airflow/example_dags/example_trigger_target_dag.py
[2024-10-02T02:00:25.584+0000] {processor.py:829} INFO - Processing file /home/airflow/.local/lib/python3.8/site-packages/airflow/example_dags/example_trigger_target_dag.py for tasks to queue
[2024-10-02T02:00:25.588+0000] {logging_mixin.py:151} INFO - [2024-10-02T02:00:25.587+0000] {dagbag.py:539} INFO - Filling up the DagBag from /home/airflow/.local/lib/python3.8/site-packages/airflow/example_dags/example_trigger_target_dag.py
[2024-10-02T02:00:25.599+0000] {processor.py:839} INFO - DAG(s) dict_keys(['example_trigger_target_dag']) retrieved from /home/airflow/.local/lib/python3.8/site-packages/airflow/example_dags/example_trigger_target_dag.py
[2024-10-02T02:00:25.633+0000] {logging_mixin.py:151} INFO - [2024-10-02T02:00:25.632+0000] {dag.py:2915} INFO - Sync 1 DAGs
[2024-10-02T02:00:25.649+0000] {logging_mixin.py:151} INFO - [2024-10-02T02:00:25.649+0000] {dag.py:3696} INFO - Setting next_dagrun for example_trigger_target_dag to None, run_after=None
[2024-10-02T02:00:25.673+0000] {processor.py:179} INFO - Processing /home/airflow/.local/lib/python3.8/site-packages/airflow/example_dags/example_trigger_target_dag.py took 0.097 seconds
[2024-10-02T02:00:56.120+0000] {processor.py:157} INFO - Started process (PID=951) to work on /home/airflow/.local/lib/python3.8/site-packages/airflow/example_dags/example_trigger_target_dag.py
[2024-10-02T02:00:56.124+0000] {processor.py:829} INFO - Processing file /home/airflow/.local/lib/python3.8/site-packages/airflow/example_dags/example_trigger_target_dag.py for tasks to queue
[2024-10-02T02:00:56.130+0000] {logging_mixin.py:151} INFO - [2024-10-02T02:00:56.129+0000] {dagbag.py:539} INFO - Filling up the DagBag from /home/airflow/.local/lib/python3.8/site-packages/airflow/example_dags/example_trigger_target_dag.py
[2024-10-02T02:00:56.146+0000] {processor.py:839} INFO - DAG(s) dict_keys(['example_trigger_target_dag']) retrieved from /home/airflow/.local/lib/python3.8/site-packages/airflow/example_dags/example_trigger_target_dag.py
[2024-10-02T02:00:56.189+0000] {logging_mixin.py:151} INFO - [2024-10-02T02:00:56.189+0000] {dag.py:2915} INFO - Sync 1 DAGs
[2024-10-02T02:00:56.216+0000] {logging_mixin.py:151} INFO - [2024-10-02T02:00:56.216+0000] {dag.py:3696} INFO - Setting next_dagrun for example_trigger_target_dag to None, run_after=None
[2024-10-02T02:00:56.253+0000] {processor.py:179} INFO - Processing /home/airflow/.local/lib/python3.8/site-packages/airflow/example_dags/example_trigger_target_dag.py took 0.141 seconds
[2024-10-02T02:03:23.883+0000] {processor.py:157} INFO - Started process (PID=54) to work on /home/airflow/.local/lib/python3.8/site-packages/airflow/example_dags/example_trigger_target_dag.py
[2024-10-02T02:03:23.888+0000] {processor.py:829} INFO - Processing file /home/airflow/.local/lib/python3.8/site-packages/airflow/example_dags/example_trigger_target_dag.py for tasks to queue
[2024-10-02T02:03:23.915+0000] {logging_mixin.py:151} INFO - [2024-10-02T02:03:23.912+0000] {dagbag.py:539} INFO - Filling up the DagBag from /home/airflow/.local/lib/python3.8/site-packages/airflow/example_dags/example_trigger_target_dag.py
[2024-10-02T02:03:23.938+0000] {processor.py:839} INFO - DAG(s) dict_keys(['example_trigger_target_dag']) retrieved from /home/airflow/.local/lib/python3.8/site-packages/airflow/example_dags/example_trigger_target_dag.py
[2024-10-02T02:03:24.123+0000] {logging_mixin.py:151} INFO - [2024-10-02T02:03:24.123+0000] {manager.py:499} INFO - Created Permission View: %s
[2024-10-02T02:03:24.186+0000] {logging_mixin.py:151} INFO - [2024-10-02T02:03:24.186+0000] {manager.py:499} INFO - Created Permission View: %s
[2024-10-02T02:03:24.201+0000] {logging_mixin.py:151} INFO - [2024-10-02T02:03:24.201+0000] {manager.py:499} INFO - Created Permission View: %s
[2024-10-02T02:03:24.208+0000] {logging_mixin.py:151} INFO - [2024-10-02T02:03:24.208+0000] {security.py:708} INFO - Not syncing DAG-level permissions for DAG 'DAG:example_trigger_target_dag' as access control is unset.
[2024-10-02T02:03:24.213+0000] {logging_mixin.py:151} INFO - [2024-10-02T02:03:24.213+0000] {dag.py:2915} INFO - Sync 1 DAGs
[2024-10-02T02:03:24.234+0000] {logging_mixin.py:151} INFO - [2024-10-02T02:03:24.234+0000] {dag.py:2937} INFO - Creating ORM DAG for example_trigger_target_dag
[2024-10-02T02:03:24.241+0000] {logging_mixin.py:151} INFO - [2024-10-02T02:03:24.239+0000] {dag.py:3696} INFO - Setting next_dagrun for example_trigger_target_dag to None, run_after=None
[2024-10-02T02:03:24.276+0000] {processor.py:179} INFO - Processing /home/airflow/.local/lib/python3.8/site-packages/airflow/example_dags/example_trigger_target_dag.py took 0.403 seconds
[2024-10-02T02:06:21.348+0000] {processor.py:157} INFO - Started process (PID=54) to work on /home/airflow/.local/lib/python3.8/site-packages/airflow/example_dags/example_trigger_target_dag.py
[2024-10-02T02:06:21.352+0000] {processor.py:829} INFO - Processing file /home/airflow/.local/lib/python3.8/site-packages/airflow/example_dags/example_trigger_target_dag.py for tasks to queue
[2024-10-02T02:06:21.357+0000] {logging_mixin.py:151} INFO - [2024-10-02T02:06:21.356+0000] {dagbag.py:539} INFO - Filling up the DagBag from /home/airflow/.local/lib/python3.8/site-packages/airflow/example_dags/example_trigger_target_dag.py
[2024-10-02T02:06:21.375+0000] {processor.py:839} INFO - DAG(s) dict_keys(['example_trigger_target_dag']) retrieved from /home/airflow/.local/lib/python3.8/site-packages/airflow/example_dags/example_trigger_target_dag.py
[2024-10-02T02:06:21.666+0000] {logging_mixin.py:151} INFO - [2024-10-02T02:06:21.666+0000] {manager.py:499} INFO - Created Permission View: %s
[2024-10-02T02:06:21.686+0000] {logging_mixin.py:151} INFO - [2024-10-02T02:06:21.686+0000] {manager.py:499} INFO - Created Permission View: %s
[2024-10-02T02:06:21.706+0000] {logging_mixin.py:151} INFO - [2024-10-02T02:06:21.706+0000] {manager.py:499} INFO - Created Permission View: %s
[2024-10-02T02:06:21.708+0000] {logging_mixin.py:151} INFO - [2024-10-02T02:06:21.708+0000] {security.py:708} INFO - Not syncing DAG-level permissions for DAG 'DAG:example_trigger_target_dag' as access control is unset.
[2024-10-02T02:06:21.710+0000] {logging_mixin.py:151} INFO - [2024-10-02T02:06:21.710+0000] {dag.py:2915} INFO - Sync 1 DAGs
[2024-10-02T02:06:21.730+0000] {logging_mixin.py:151} INFO - [2024-10-02T02:06:21.730+0000] {dag.py:2937} INFO - Creating ORM DAG for example_trigger_target_dag
[2024-10-02T02:06:21.734+0000] {logging_mixin.py:151} INFO - [2024-10-02T02:06:21.733+0000] {dag.py:3696} INFO - Setting next_dagrun for example_trigger_target_dag to None, run_after=None
[2024-10-02T02:06:21.761+0000] {processor.py:179} INFO - Processing /home/airflow/.local/lib/python3.8/site-packages/airflow/example_dags/example_trigger_target_dag.py took 0.417 seconds
[2024-10-02T02:06:52.186+0000] {processor.py:157} INFO - Started process (PID=102) to work on /home/airflow/.local/lib/python3.8/site-packages/airflow/example_dags/example_trigger_target_dag.py
[2024-10-02T02:06:52.189+0000] {processor.py:829} INFO - Processing file /home/airflow/.local/lib/python3.8/site-packages/airflow/example_dags/example_trigger_target_dag.py for tasks to queue
[2024-10-02T02:06:52.195+0000] {logging_mixin.py:151} INFO - [2024-10-02T02:06:52.194+0000] {dagbag.py:539} INFO - Filling up the DagBag from /home/airflow/.local/lib/python3.8/site-packages/airflow/example_dags/example_trigger_target_dag.py
[2024-10-02T02:06:52.208+0000] {processor.py:839} INFO - DAG(s) dict_keys(['example_trigger_target_dag']) retrieved from /home/airflow/.local/lib/python3.8/site-packages/airflow/example_dags/example_trigger_target_dag.py
[2024-10-02T02:06:52.245+0000] {logging_mixin.py:151} INFO - [2024-10-02T02:06:52.244+0000] {dag.py:2915} INFO - Sync 1 DAGs
[2024-10-02T02:06:52.262+0000] {logging_mixin.py:151} INFO - [2024-10-02T02:06:52.261+0000] {dag.py:3696} INFO - Setting next_dagrun for example_trigger_target_dag to None, run_after=None
[2024-10-02T02:06:52.286+0000] {processor.py:179} INFO - Processing /home/airflow/.local/lib/python3.8/site-packages/airflow/example_dags/example_trigger_target_dag.py took 0.103 seconds
[2024-10-02T02:07:22.852+0000] {processor.py:157} INFO - Started process (PID=150) to work on /home/airflow/.local/lib/python3.8/site-packages/airflow/example_dags/example_trigger_target_dag.py
[2024-10-02T02:07:22.864+0000] {processor.py:829} INFO - Processing file /home/airflow/.local/lib/python3.8/site-packages/airflow/example_dags/example_trigger_target_dag.py for tasks to queue
[2024-10-02T02:07:22.874+0000] {logging_mixin.py:151} INFO - [2024-10-02T02:07:22.873+0000] {dagbag.py:539} INFO - Filling up the DagBag from /home/airflow/.local/lib/python3.8/site-packages/airflow/example_dags/example_trigger_target_dag.py
[2024-10-02T02:07:22.901+0000] {processor.py:839} INFO - DAG(s) dict_keys(['example_trigger_target_dag']) retrieved from /home/airflow/.local/lib/python3.8/site-packages/airflow/example_dags/example_trigger_target_dag.py
[2024-10-02T02:07:22.973+0000] {logging_mixin.py:151} INFO - [2024-10-02T02:07:22.972+0000] {dag.py:2915} INFO - Sync 1 DAGs
[2024-10-02T02:07:22.993+0000] {logging_mixin.py:151} INFO - [2024-10-02T02:07:22.992+0000] {dag.py:3696} INFO - Setting next_dagrun for example_trigger_target_dag to None, run_after=None
[2024-10-02T02:07:23.026+0000] {processor.py:179} INFO - Processing /home/airflow/.local/lib/python3.8/site-packages/airflow/example_dags/example_trigger_target_dag.py took 0.223 seconds
[2024-10-02T02:07:53.663+0000] {processor.py:157} INFO - Started process (PID=198) to work on /home/airflow/.local/lib/python3.8/site-packages/airflow/example_dags/example_trigger_target_dag.py
[2024-10-02T02:07:53.666+0000] {processor.py:829} INFO - Processing file /home/airflow/.local/lib/python3.8/site-packages/airflow/example_dags/example_trigger_target_dag.py for tasks to queue
[2024-10-02T02:07:53.672+0000] {logging_mixin.py:151} INFO - [2024-10-02T02:07:53.671+0000] {dagbag.py:539} INFO - Filling up the DagBag from /home/airflow/.local/lib/python3.8/site-packages/airflow/example_dags/example_trigger_target_dag.py
[2024-10-02T02:07:53.685+0000] {processor.py:839} INFO - DAG(s) dict_keys(['example_trigger_target_dag']) retrieved from /home/airflow/.local/lib/python3.8/site-packages/airflow/example_dags/example_trigger_target_dag.py
[2024-10-02T02:07:53.716+0000] {logging_mixin.py:151} INFO - [2024-10-02T02:07:53.715+0000] {dag.py:2915} INFO - Sync 1 DAGs
[2024-10-02T02:07:53.731+0000] {logging_mixin.py:151} INFO - [2024-10-02T02:07:53.731+0000] {dag.py:3696} INFO - Setting next_dagrun for example_trigger_target_dag to None, run_after=None
[2024-10-02T02:07:53.754+0000] {processor.py:179} INFO - Processing /home/airflow/.local/lib/python3.8/site-packages/airflow/example_dags/example_trigger_target_dag.py took 0.096 seconds
[2024-10-02T02:08:24.261+0000] {processor.py:157} INFO - Started process (PID=246) to work on /home/airflow/.local/lib/python3.8/site-packages/airflow/example_dags/example_trigger_target_dag.py
[2024-10-02T02:08:24.266+0000] {processor.py:829} INFO - Processing file /home/airflow/.local/lib/python3.8/site-packages/airflow/example_dags/example_trigger_target_dag.py for tasks to queue
[2024-10-02T02:08:24.289+0000] {logging_mixin.py:151} INFO - [2024-10-02T02:08:24.288+0000] {dagbag.py:539} INFO - Filling up the DagBag from /home/airflow/.local/lib/python3.8/site-packages/airflow/example_dags/example_trigger_target_dag.py
[2024-10-02T02:08:24.304+0000] {processor.py:839} INFO - DAG(s) dict_keys(['example_trigger_target_dag']) retrieved from /home/airflow/.local/lib/python3.8/site-packages/airflow/example_dags/example_trigger_target_dag.py
[2024-10-02T02:08:24.349+0000] {logging_mixin.py:151} INFO - [2024-10-02T02:08:24.348+0000] {dag.py:2915} INFO - Sync 1 DAGs
[2024-10-02T02:08:24.365+0000] {logging_mixin.py:151} INFO - [2024-10-02T02:08:24.365+0000] {dag.py:3696} INFO - Setting next_dagrun for example_trigger_target_dag to None, run_after=None
[2024-10-02T02:08:24.389+0000] {processor.py:179} INFO - Processing /home/airflow/.local/lib/python3.8/site-packages/airflow/example_dags/example_trigger_target_dag.py took 0.135 seconds
[2024-10-02T02:08:54.810+0000] {processor.py:157} INFO - Started process (PID=294) to work on /home/airflow/.local/lib/python3.8/site-packages/airflow/example_dags/example_trigger_target_dag.py
[2024-10-02T02:08:54.826+0000] {processor.py:829} INFO - Processing file /home/airflow/.local/lib/python3.8/site-packages/airflow/example_dags/example_trigger_target_dag.py for tasks to queue
[2024-10-02T02:08:54.834+0000] {logging_mixin.py:151} INFO - [2024-10-02T02:08:54.833+0000] {dagbag.py:539} INFO - Filling up the DagBag from /home/airflow/.local/lib/python3.8/site-packages/airflow/example_dags/example_trigger_target_dag.py
[2024-10-02T02:08:54.852+0000] {processor.py:839} INFO - DAG(s) dict_keys(['example_trigger_target_dag']) retrieved from /home/airflow/.local/lib/python3.8/site-packages/airflow/example_dags/example_trigger_target_dag.py
[2024-10-02T02:08:54.888+0000] {logging_mixin.py:151} INFO - [2024-10-02T02:08:54.887+0000] {dag.py:2915} INFO - Sync 1 DAGs
[2024-10-02T02:08:54.905+0000] {logging_mixin.py:151} INFO - [2024-10-02T02:08:54.905+0000] {dag.py:3696} INFO - Setting next_dagrun for example_trigger_target_dag to None, run_after=None
[2024-10-02T02:08:54.933+0000] {processor.py:179} INFO - Processing /home/airflow/.local/lib/python3.8/site-packages/airflow/example_dags/example_trigger_target_dag.py took 0.136 seconds
[2024-10-02T02:09:26.390+0000] {processor.py:157} INFO - Started process (PID=342) to work on /home/airflow/.local/lib/python3.8/site-packages/airflow/example_dags/example_trigger_target_dag.py
[2024-10-02T02:09:26.395+0000] {processor.py:829} INFO - Processing file /home/airflow/.local/lib/python3.8/site-packages/airflow/example_dags/example_trigger_target_dag.py for tasks to queue
[2024-10-02T02:09:26.399+0000] {logging_mixin.py:151} INFO - [2024-10-02T02:09:26.398+0000] {dagbag.py:539} INFO - Filling up the DagBag from /home/airflow/.local/lib/python3.8/site-packages/airflow/example_dags/example_trigger_target_dag.py
[2024-10-02T02:09:26.415+0000] {processor.py:839} INFO - DAG(s) dict_keys(['example_trigger_target_dag']) retrieved from /home/airflow/.local/lib/python3.8/site-packages/airflow/example_dags/example_trigger_target_dag.py
[2024-10-02T02:09:26.495+0000] {logging_mixin.py:151} INFO - [2024-10-02T02:09:26.494+0000] {dag.py:2915} INFO - Sync 1 DAGs
[2024-10-02T02:09:26.523+0000] {logging_mixin.py:151} INFO - [2024-10-02T02:09:26.523+0000] {dag.py:3696} INFO - Setting next_dagrun for example_trigger_target_dag to None, run_after=None
[2024-10-02T02:09:26.557+0000] {processor.py:179} INFO - Processing /home/airflow/.local/lib/python3.8/site-packages/airflow/example_dags/example_trigger_target_dag.py took 0.173 seconds
[2024-10-02T02:09:56.751+0000] {processor.py:157} INFO - Started process (PID=389) to work on /home/airflow/.local/lib/python3.8/site-packages/airflow/example_dags/example_trigger_target_dag.py
[2024-10-02T02:09:56.753+0000] {processor.py:829} INFO - Processing file /home/airflow/.local/lib/python3.8/site-packages/airflow/example_dags/example_trigger_target_dag.py for tasks to queue
[2024-10-02T02:09:56.757+0000] {logging_mixin.py:151} INFO - [2024-10-02T02:09:56.756+0000] {dagbag.py:539} INFO - Filling up the DagBag from /home/airflow/.local/lib/python3.8/site-packages/airflow/example_dags/example_trigger_target_dag.py
[2024-10-02T02:09:56.768+0000] {processor.py:839} INFO - DAG(s) dict_keys(['example_trigger_target_dag']) retrieved from /home/airflow/.local/lib/python3.8/site-packages/airflow/example_dags/example_trigger_target_dag.py
[2024-10-02T02:09:56.802+0000] {logging_mixin.py:151} INFO - [2024-10-02T02:09:56.801+0000] {dag.py:2915} INFO - Sync 1 DAGs
[2024-10-02T02:09:56.820+0000] {logging_mixin.py:151} INFO - [2024-10-02T02:09:56.820+0000] {dag.py:3696} INFO - Setting next_dagrun for example_trigger_target_dag to None, run_after=None
[2024-10-02T02:09:56.851+0000] {processor.py:179} INFO - Processing /home/airflow/.local/lib/python3.8/site-packages/airflow/example_dags/example_trigger_target_dag.py took 0.104 seconds
[2024-10-02T02:10:27.238+0000] {processor.py:157} INFO - Started process (PID=437) to work on /home/airflow/.local/lib/python3.8/site-packages/airflow/example_dags/example_trigger_target_dag.py
[2024-10-02T02:10:27.241+0000] {processor.py:829} INFO - Processing file /home/airflow/.local/lib/python3.8/site-packages/airflow/example_dags/example_trigger_target_dag.py for tasks to queue
[2024-10-02T02:10:27.244+0000] {logging_mixin.py:151} INFO - [2024-10-02T02:10:27.243+0000] {dagbag.py:539} INFO - Filling up the DagBag from /home/airflow/.local/lib/python3.8/site-packages/airflow/example_dags/example_trigger_target_dag.py
[2024-10-02T02:10:27.256+0000] {processor.py:839} INFO - DAG(s) dict_keys(['example_trigger_target_dag']) retrieved from /home/airflow/.local/lib/python3.8/site-packages/airflow/example_dags/example_trigger_target_dag.py
[2024-10-02T02:10:27.286+0000] {logging_mixin.py:151} INFO - [2024-10-02T02:10:27.285+0000] {dag.py:2915} INFO - Sync 1 DAGs
[2024-10-02T02:10:27.302+0000] {logging_mixin.py:151} INFO - [2024-10-02T02:10:27.301+0000] {dag.py:3696} INFO - Setting next_dagrun for example_trigger_target_dag to None, run_after=None
[2024-10-02T02:10:27.324+0000] {processor.py:179} INFO - Processing /home/airflow/.local/lib/python3.8/site-packages/airflow/example_dags/example_trigger_target_dag.py took 0.091 seconds
