[2024-10-02 01:23:30,252] {scheduler_job.py:182} INFO - Started process (PID=32) to work on /home/airflow/.local/lib/python3.6/site-packages/airflow/example_dags/example_complex.py
[2024-10-02 01:23:30,256] {scheduler_job.py:629} INFO - Processing file /home/airflow/.local/lib/python3.6/site-packages/airflow/example_dags/example_complex.py for tasks to queue
[2024-10-02 01:23:30,258] {logging_mixin.py:104} INFO - [2024-10-02 01:23:30,258] {dagbag.py:451} INFO - Filling up the DagBag from /home/airflow/.local/lib/python3.6/site-packages/airflow/example_dags/example_complex.py
[2024-10-02 01:23:30,282] {scheduler_job.py:639} INFO - DAG(s) dict_keys(['example_complex']) retrieved from /home/airflow/.local/lib/python3.6/site-packages/airflow/example_dags/example_complex.py
[2024-10-02 01:23:30,314] {logging_mixin.py:104} INFO - [2024-10-02 01:23:30,314] {dag.py:1824} INFO - Sync 1 DAGs
[2024-10-02 01:23:30,326] {logging_mixin.py:104} INFO - [2024-10-02 01:23:30,325] {dag.py:1843} INFO - Creating ORM DAG for example_complex
[2024-10-02 01:23:30,334] {logging_mixin.py:104} INFO - [2024-10-02 01:23:30,334] {dag.py:2280} INFO - Setting next_dagrun for example_complex to None
[2024-10-02 01:23:30,370] {scheduler_job.py:190} INFO - Processing /home/airflow/.local/lib/python3.6/site-packages/airflow/example_dags/example_complex.py took 0.123 seconds
[2024-10-02 01:24:01,159] {scheduler_job.py:182} INFO - Started process (PID=59) to work on /home/airflow/.local/lib/python3.6/site-packages/airflow/example_dags/example_complex.py
[2024-10-02 01:24:01,163] {scheduler_job.py:629} INFO - Processing file /home/airflow/.local/lib/python3.6/site-packages/airflow/example_dags/example_complex.py for tasks to queue
[2024-10-02 01:24:01,165] {logging_mixin.py:104} INFO - [2024-10-02 01:24:01,165] {dagbag.py:451} INFO - Filling up the DagBag from /home/airflow/.local/lib/python3.6/site-packages/airflow/example_dags/example_complex.py
[2024-10-02 01:24:01,189] {scheduler_job.py:639} INFO - DAG(s) dict_keys(['example_complex']) retrieved from /home/airflow/.local/lib/python3.6/site-packages/airflow/example_dags/example_complex.py
[2024-10-02 01:24:01,218] {logging_mixin.py:104} INFO - [2024-10-02 01:24:01,218] {dag.py:1824} INFO - Sync 1 DAGs
[2024-10-02 01:24:01,236] {logging_mixin.py:104} INFO - [2024-10-02 01:24:01,235] {dag.py:2280} INFO - Setting next_dagrun for example_complex to None
[2024-10-02 01:24:01,250] {scheduler_job.py:190} INFO - Processing /home/airflow/.local/lib/python3.6/site-packages/airflow/example_dags/example_complex.py took 0.096 seconds
[2024-10-02 01:24:31,836] {scheduler_job.py:182} INFO - Started process (PID=86) to work on /home/airflow/.local/lib/python3.6/site-packages/airflow/example_dags/example_complex.py
[2024-10-02 01:24:31,841] {scheduler_job.py:629} INFO - Processing file /home/airflow/.local/lib/python3.6/site-packages/airflow/example_dags/example_complex.py for tasks to queue
[2024-10-02 01:24:31,844] {logging_mixin.py:104} INFO - [2024-10-02 01:24:31,843] {dagbag.py:451} INFO - Filling up the DagBag from /home/airflow/.local/lib/python3.6/site-packages/airflow/example_dags/example_complex.py
[2024-10-02 01:24:31,884] {scheduler_job.py:639} INFO - DAG(s) dict_keys(['example_complex']) retrieved from /home/airflow/.local/lib/python3.6/site-packages/airflow/example_dags/example_complex.py
[2024-10-02 01:24:31,942] {logging_mixin.py:104} INFO - [2024-10-02 01:24:31,942] {dag.py:1824} INFO - Sync 1 DAGs
[2024-10-02 01:24:31,967] {logging_mixin.py:104} INFO - [2024-10-02 01:24:31,967] {dag.py:2280} INFO - Setting next_dagrun for example_complex to None
[2024-10-02 01:24:31,984] {scheduler_job.py:190} INFO - Processing /home/airflow/.local/lib/python3.6/site-packages/airflow/example_dags/example_complex.py took 0.152 seconds
[2024-10-02 01:25:02,354] {scheduler_job.py:182} INFO - Started process (PID=110) to work on /home/airflow/.local/lib/python3.6/site-packages/airflow/example_dags/example_complex.py
[2024-10-02 01:25:02,358] {scheduler_job.py:629} INFO - Processing file /home/airflow/.local/lib/python3.6/site-packages/airflow/example_dags/example_complex.py for tasks to queue
[2024-10-02 01:25:02,362] {logging_mixin.py:104} INFO - [2024-10-02 01:25:02,362] {dagbag.py:451} INFO - Filling up the DagBag from /home/airflow/.local/lib/python3.6/site-packages/airflow/example_dags/example_complex.py
[2024-10-02 01:25:02,391] {scheduler_job.py:639} INFO - DAG(s) dict_keys(['example_complex']) retrieved from /home/airflow/.local/lib/python3.6/site-packages/airflow/example_dags/example_complex.py
[2024-10-02 01:25:02,432] {logging_mixin.py:104} INFO - [2024-10-02 01:25:02,432] {dag.py:1824} INFO - Sync 1 DAGs
[2024-10-02 01:25:02,460] {logging_mixin.py:104} INFO - [2024-10-02 01:25:02,460] {dag.py:2280} INFO - Setting next_dagrun for example_complex to None
[2024-10-02 01:25:02,474] {scheduler_job.py:190} INFO - Processing /home/airflow/.local/lib/python3.6/site-packages/airflow/example_dags/example_complex.py took 0.125 seconds
[2024-10-02 01:25:33,651] {scheduler_job.py:182} INFO - Started process (PID=142) to work on /home/airflow/.local/lib/python3.6/site-packages/airflow/example_dags/example_complex.py
[2024-10-02 01:25:33,653] {scheduler_job.py:629} INFO - Processing file /home/airflow/.local/lib/python3.6/site-packages/airflow/example_dags/example_complex.py for tasks to queue
[2024-10-02 01:25:33,655] {logging_mixin.py:104} INFO - [2024-10-02 01:25:33,654] {dagbag.py:451} INFO - Filling up the DagBag from /home/airflow/.local/lib/python3.6/site-packages/airflow/example_dags/example_complex.py
[2024-10-02 01:25:33,675] {scheduler_job.py:639} INFO - DAG(s) dict_keys(['example_complex']) retrieved from /home/airflow/.local/lib/python3.6/site-packages/airflow/example_dags/example_complex.py
[2024-10-02 01:25:33,718] {logging_mixin.py:104} INFO - [2024-10-02 01:25:33,718] {dag.py:1824} INFO - Sync 1 DAGs
[2024-10-02 01:25:33,737] {logging_mixin.py:104} INFO - [2024-10-02 01:25:33,737] {dag.py:2280} INFO - Setting next_dagrun for example_complex to None
[2024-10-02 01:25:33,748] {scheduler_job.py:190} INFO - Processing /home/airflow/.local/lib/python3.6/site-packages/airflow/example_dags/example_complex.py took 0.102 seconds
[2024-10-02 01:26:04,573] {scheduler_job.py:182} INFO - Started process (PID=170) to work on /home/airflow/.local/lib/python3.6/site-packages/airflow/example_dags/example_complex.py
[2024-10-02 01:26:04,575] {scheduler_job.py:629} INFO - Processing file /home/airflow/.local/lib/python3.6/site-packages/airflow/example_dags/example_complex.py for tasks to queue
[2024-10-02 01:26:04,576] {logging_mixin.py:104} INFO - [2024-10-02 01:26:04,576] {dagbag.py:451} INFO - Filling up the DagBag from /home/airflow/.local/lib/python3.6/site-packages/airflow/example_dags/example_complex.py
[2024-10-02 01:26:04,604] {scheduler_job.py:639} INFO - DAG(s) dict_keys(['example_complex']) retrieved from /home/airflow/.local/lib/python3.6/site-packages/airflow/example_dags/example_complex.py
[2024-10-02 01:26:04,654] {logging_mixin.py:104} INFO - [2024-10-02 01:26:04,654] {dag.py:1824} INFO - Sync 1 DAGs
[2024-10-02 01:26:04,676] {logging_mixin.py:104} INFO - [2024-10-02 01:26:04,676] {dag.py:2280} INFO - Setting next_dagrun for example_complex to None
[2024-10-02 01:26:04,694] {scheduler_job.py:190} INFO - Processing /home/airflow/.local/lib/python3.6/site-packages/airflow/example_dags/example_complex.py took 0.126 seconds
[2024-10-02 01:26:35,049] {scheduler_job.py:182} INFO - Started process (PID=197) to work on /home/airflow/.local/lib/python3.6/site-packages/airflow/example_dags/example_complex.py
[2024-10-02 01:26:35,052] {scheduler_job.py:629} INFO - Processing file /home/airflow/.local/lib/python3.6/site-packages/airflow/example_dags/example_complex.py for tasks to queue
[2024-10-02 01:26:35,054] {logging_mixin.py:104} INFO - [2024-10-02 01:26:35,053] {dagbag.py:451} INFO - Filling up the DagBag from /home/airflow/.local/lib/python3.6/site-packages/airflow/example_dags/example_complex.py
[2024-10-02 01:26:35,071] {scheduler_job.py:639} INFO - DAG(s) dict_keys(['example_complex']) retrieved from /home/airflow/.local/lib/python3.6/site-packages/airflow/example_dags/example_complex.py
[2024-10-02 01:26:35,123] {logging_mixin.py:104} INFO - [2024-10-02 01:26:35,122] {dag.py:1824} INFO - Sync 1 DAGs
[2024-10-02 01:26:35,139] {logging_mixin.py:104} INFO - [2024-10-02 01:26:35,139] {dag.py:2280} INFO - Setting next_dagrun for example_complex to None
[2024-10-02 01:26:35,154] {scheduler_job.py:190} INFO - Processing /home/airflow/.local/lib/python3.6/site-packages/airflow/example_dags/example_complex.py took 0.108 seconds
[2024-10-02 01:27:05,781] {scheduler_job.py:182} INFO - Started process (PID=224) to work on /home/airflow/.local/lib/python3.6/site-packages/airflow/example_dags/example_complex.py
[2024-10-02 01:27:05,784] {scheduler_job.py:629} INFO - Processing file /home/airflow/.local/lib/python3.6/site-packages/airflow/example_dags/example_complex.py for tasks to queue
[2024-10-02 01:27:05,786] {logging_mixin.py:104} INFO - [2024-10-02 01:27:05,786] {dagbag.py:451} INFO - Filling up the DagBag from /home/airflow/.local/lib/python3.6/site-packages/airflow/example_dags/example_complex.py
[2024-10-02 01:27:05,806] {scheduler_job.py:639} INFO - DAG(s) dict_keys(['example_complex']) retrieved from /home/airflow/.local/lib/python3.6/site-packages/airflow/example_dags/example_complex.py
[2024-10-02 01:27:05,838] {logging_mixin.py:104} INFO - [2024-10-02 01:27:05,838] {dag.py:1824} INFO - Sync 1 DAGs
[2024-10-02 01:27:05,851] {logging_mixin.py:104} INFO - [2024-10-02 01:27:05,851] {dag.py:2280} INFO - Setting next_dagrun for example_complex to None
[2024-10-02 01:27:05,860] {scheduler_job.py:190} INFO - Processing /home/airflow/.local/lib/python3.6/site-packages/airflow/example_dags/example_complex.py took 0.086 seconds
[2024-10-02 01:27:37,419] {scheduler_job.py:182} INFO - Started process (PID=254) to work on /home/airflow/.local/lib/python3.6/site-packages/airflow/example_dags/example_complex.py
[2024-10-02 01:27:37,424] {scheduler_job.py:629} INFO - Processing file /home/airflow/.local/lib/python3.6/site-packages/airflow/example_dags/example_complex.py for tasks to queue
[2024-10-02 01:27:37,426] {logging_mixin.py:104} INFO - [2024-10-02 01:27:37,426] {dagbag.py:451} INFO - Filling up the DagBag from /home/airflow/.local/lib/python3.6/site-packages/airflow/example_dags/example_complex.py
[2024-10-02 01:27:37,453] {scheduler_job.py:639} INFO - DAG(s) dict_keys(['example_complex']) retrieved from /home/airflow/.local/lib/python3.6/site-packages/airflow/example_dags/example_complex.py
[2024-10-02 01:27:37,514] {logging_mixin.py:104} INFO - [2024-10-02 01:27:37,513] {dag.py:1824} INFO - Sync 1 DAGs
[2024-10-02 01:27:37,547] {logging_mixin.py:104} INFO - [2024-10-02 01:27:37,546] {dag.py:2280} INFO - Setting next_dagrun for example_complex to None
[2024-10-02 01:27:37,574] {scheduler_job.py:190} INFO - Processing /home/airflow/.local/lib/python3.6/site-packages/airflow/example_dags/example_complex.py took 0.159 seconds
[2024-10-02 01:28:08,073] {scheduler_job.py:182} INFO - Started process (PID=278) to work on /home/airflow/.local/lib/python3.6/site-packages/airflow/example_dags/example_complex.py
[2024-10-02 01:28:08,074] {scheduler_job.py:629} INFO - Processing file /home/airflow/.local/lib/python3.6/site-packages/airflow/example_dags/example_complex.py for tasks to queue
[2024-10-02 01:28:08,076] {logging_mixin.py:104} INFO - [2024-10-02 01:28:08,076] {dagbag.py:451} INFO - Filling up the DagBag from /home/airflow/.local/lib/python3.6/site-packages/airflow/example_dags/example_complex.py
[2024-10-02 01:28:08,097] {scheduler_job.py:639} INFO - DAG(s) dict_keys(['example_complex']) retrieved from /home/airflow/.local/lib/python3.6/site-packages/airflow/example_dags/example_complex.py
[2024-10-02 01:28:08,125] {logging_mixin.py:104} INFO - [2024-10-02 01:28:08,125] {dag.py:1824} INFO - Sync 1 DAGs
[2024-10-02 01:28:08,141] {logging_mixin.py:104} INFO - [2024-10-02 01:28:08,140] {dag.py:2280} INFO - Setting next_dagrun for example_complex to None
[2024-10-02 01:28:08,150] {scheduler_job.py:190} INFO - Processing /home/airflow/.local/lib/python3.6/site-packages/airflow/example_dags/example_complex.py took 0.081 seconds
[2024-10-02 01:28:39,273] {scheduler_job.py:182} INFO - Started process (PID=309) to work on /home/airflow/.local/lib/python3.6/site-packages/airflow/example_dags/example_complex.py
[2024-10-02 01:28:39,278] {scheduler_job.py:629} INFO - Processing file /home/airflow/.local/lib/python3.6/site-packages/airflow/example_dags/example_complex.py for tasks to queue
[2024-10-02 01:28:39,281] {logging_mixin.py:104} INFO - [2024-10-02 01:28:39,281] {dagbag.py:451} INFO - Filling up the DagBag from /home/airflow/.local/lib/python3.6/site-packages/airflow/example_dags/example_complex.py
[2024-10-02 01:28:39,304] {scheduler_job.py:639} INFO - DAG(s) dict_keys(['example_complex']) retrieved from /home/airflow/.local/lib/python3.6/site-packages/airflow/example_dags/example_complex.py
[2024-10-02 01:28:39,332] {logging_mixin.py:104} INFO - [2024-10-02 01:28:39,332] {dag.py:1824} INFO - Sync 1 DAGs
[2024-10-02 01:28:39,351] {logging_mixin.py:104} INFO - [2024-10-02 01:28:39,351] {dag.py:2280} INFO - Setting next_dagrun for example_complex to None
[2024-10-02 01:28:39,363] {scheduler_job.py:190} INFO - Processing /home/airflow/.local/lib/python3.6/site-packages/airflow/example_dags/example_complex.py took 0.093 seconds
[2024-10-02T01:32:17.548+0000] {processor.py:157} INFO - Started process (PID=67) to work on /home/airflow/.local/lib/python3.8/site-packages/airflow/example_dags/example_complex.py
[2024-10-02T01:32:17.549+0000] {processor.py:829} INFO - Processing file /home/airflow/.local/lib/python3.8/site-packages/airflow/example_dags/example_complex.py for tasks to queue
[2024-10-02T01:32:17.554+0000] {logging_mixin.py:151} INFO - [2024-10-02T01:32:17.553+0000] {dagbag.py:539} INFO - Filling up the DagBag from /home/airflow/.local/lib/python3.8/site-packages/airflow/example_dags/example_complex.py
[2024-10-02T01:32:17.578+0000] {processor.py:839} INFO - DAG(s) dict_keys(['example_complex']) retrieved from /home/airflow/.local/lib/python3.8/site-packages/airflow/example_dags/example_complex.py
[2024-10-02T01:32:17.736+0000] {logging_mixin.py:151} INFO - [2024-10-02T01:32:17.736+0000] {manager.py:499} INFO - Created Permission View: %s
[2024-10-02T01:32:17.747+0000] {logging_mixin.py:151} INFO - [2024-10-02T01:32:17.747+0000] {manager.py:499} INFO - Created Permission View: %s
[2024-10-02T01:32:17.753+0000] {logging_mixin.py:151} INFO - [2024-10-02T01:32:17.753+0000] {manager.py:499} INFO - Created Permission View: %s
[2024-10-02T01:32:17.755+0000] {logging_mixin.py:151} INFO - [2024-10-02T01:32:17.754+0000] {security.py:708} INFO - Not syncing DAG-level permissions for DAG 'DAG:example_complex' as access control is unset.
[2024-10-02T01:32:17.756+0000] {logging_mixin.py:151} INFO - [2024-10-02T01:32:17.756+0000] {dag.py:2915} INFO - Sync 1 DAGs
[2024-10-02T01:32:17.773+0000] {logging_mixin.py:151} INFO - [2024-10-02T01:32:17.773+0000] {dag.py:2937} INFO - Creating ORM DAG for example_complex
[2024-10-02T01:32:17.775+0000] {logging_mixin.py:151} INFO - [2024-10-02T01:32:17.775+0000] {dag.py:3696} INFO - Setting next_dagrun for example_complex to None, run_after=None
[2024-10-02T01:32:17.800+0000] {processor.py:179} INFO - Processing /home/airflow/.local/lib/python3.8/site-packages/airflow/example_dags/example_complex.py took 0.256 seconds
[2024-10-02T01:32:47.910+0000] {processor.py:157} INFO - Started process (PID=115) to work on /home/airflow/.local/lib/python3.8/site-packages/airflow/example_dags/example_complex.py
[2024-10-02T01:32:47.915+0000] {processor.py:829} INFO - Processing file /home/airflow/.local/lib/python3.8/site-packages/airflow/example_dags/example_complex.py for tasks to queue
[2024-10-02T01:32:47.918+0000] {logging_mixin.py:151} INFO - [2024-10-02T01:32:47.917+0000] {dagbag.py:539} INFO - Filling up the DagBag from /home/airflow/.local/lib/python3.8/site-packages/airflow/example_dags/example_complex.py
[2024-10-02T01:32:47.936+0000] {processor.py:839} INFO - DAG(s) dict_keys(['example_complex']) retrieved from /home/airflow/.local/lib/python3.8/site-packages/airflow/example_dags/example_complex.py
[2024-10-02T01:32:47.980+0000] {logging_mixin.py:151} INFO - [2024-10-02T01:32:47.980+0000] {dag.py:2915} INFO - Sync 1 DAGs
[2024-10-02T01:32:47.993+0000] {logging_mixin.py:151} INFO - [2024-10-02T01:32:47.993+0000] {dag.py:3696} INFO - Setting next_dagrun for example_complex to None, run_after=None
[2024-10-02T01:32:48.018+0000] {processor.py:179} INFO - Processing /home/airflow/.local/lib/python3.8/site-packages/airflow/example_dags/example_complex.py took 0.113 seconds
[2024-10-02T01:33:18.406+0000] {processor.py:157} INFO - Started process (PID=163) to work on /home/airflow/.local/lib/python3.8/site-packages/airflow/example_dags/example_complex.py
[2024-10-02T01:33:18.407+0000] {processor.py:829} INFO - Processing file /home/airflow/.local/lib/python3.8/site-packages/airflow/example_dags/example_complex.py for tasks to queue
[2024-10-02T01:33:18.410+0000] {logging_mixin.py:151} INFO - [2024-10-02T01:33:18.410+0000] {dagbag.py:539} INFO - Filling up the DagBag from /home/airflow/.local/lib/python3.8/site-packages/airflow/example_dags/example_complex.py
[2024-10-02T01:33:18.424+0000] {processor.py:839} INFO - DAG(s) dict_keys(['example_complex']) retrieved from /home/airflow/.local/lib/python3.8/site-packages/airflow/example_dags/example_complex.py
[2024-10-02T01:33:18.467+0000] {logging_mixin.py:151} INFO - [2024-10-02T01:33:18.467+0000] {dag.py:2915} INFO - Sync 1 DAGs
[2024-10-02T01:33:18.483+0000] {logging_mixin.py:151} INFO - [2024-10-02T01:33:18.483+0000] {dag.py:3696} INFO - Setting next_dagrun for example_complex to None, run_after=None
[2024-10-02T01:33:18.506+0000] {processor.py:179} INFO - Processing /home/airflow/.local/lib/python3.8/site-packages/airflow/example_dags/example_complex.py took 0.104 seconds
[2024-10-02T01:33:49.080+0000] {processor.py:157} INFO - Started process (PID=211) to work on /home/airflow/.local/lib/python3.8/site-packages/airflow/example_dags/example_complex.py
[2024-10-02T01:33:49.083+0000] {processor.py:829} INFO - Processing file /home/airflow/.local/lib/python3.8/site-packages/airflow/example_dags/example_complex.py for tasks to queue
[2024-10-02T01:33:49.087+0000] {logging_mixin.py:151} INFO - [2024-10-02T01:33:49.087+0000] {dagbag.py:539} INFO - Filling up the DagBag from /home/airflow/.local/lib/python3.8/site-packages/airflow/example_dags/example_complex.py
[2024-10-02T01:33:49.107+0000] {processor.py:839} INFO - DAG(s) dict_keys(['example_complex']) retrieved from /home/airflow/.local/lib/python3.8/site-packages/airflow/example_dags/example_complex.py
[2024-10-02T01:33:49.160+0000] {logging_mixin.py:151} INFO - [2024-10-02T01:33:49.160+0000] {dag.py:2915} INFO - Sync 1 DAGs
[2024-10-02T01:33:49.177+0000] {logging_mixin.py:151} INFO - [2024-10-02T01:33:49.177+0000] {dag.py:3696} INFO - Setting next_dagrun for example_complex to None, run_after=None
[2024-10-02T01:33:49.203+0000] {processor.py:179} INFO - Processing /home/airflow/.local/lib/python3.8/site-packages/airflow/example_dags/example_complex.py took 0.128 seconds
[2024-10-02T01:34:20.027+0000] {processor.py:157} INFO - Started process (PID=259) to work on /home/airflow/.local/lib/python3.8/site-packages/airflow/example_dags/example_complex.py
[2024-10-02T01:34:20.029+0000] {processor.py:829} INFO - Processing file /home/airflow/.local/lib/python3.8/site-packages/airflow/example_dags/example_complex.py for tasks to queue
[2024-10-02T01:34:20.033+0000] {logging_mixin.py:151} INFO - [2024-10-02T01:34:20.033+0000] {dagbag.py:539} INFO - Filling up the DagBag from /home/airflow/.local/lib/python3.8/site-packages/airflow/example_dags/example_complex.py
[2024-10-02T01:34:20.053+0000] {processor.py:839} INFO - DAG(s) dict_keys(['example_complex']) retrieved from /home/airflow/.local/lib/python3.8/site-packages/airflow/example_dags/example_complex.py
[2024-10-02T01:34:20.102+0000] {logging_mixin.py:151} INFO - [2024-10-02T01:34:20.102+0000] {dag.py:2915} INFO - Sync 1 DAGs
[2024-10-02T01:34:20.127+0000] {logging_mixin.py:151} INFO - [2024-10-02T01:34:20.126+0000] {dag.py:3696} INFO - Setting next_dagrun for example_complex to None, run_after=None
[2024-10-02T01:34:20.179+0000] {processor.py:179} INFO - Processing /home/airflow/.local/lib/python3.8/site-packages/airflow/example_dags/example_complex.py took 0.156 seconds
[2024-10-02T01:34:50.619+0000] {processor.py:157} INFO - Started process (PID=307) to work on /home/airflow/.local/lib/python3.8/site-packages/airflow/example_dags/example_complex.py
[2024-10-02T01:34:50.622+0000] {processor.py:829} INFO - Processing file /home/airflow/.local/lib/python3.8/site-packages/airflow/example_dags/example_complex.py for tasks to queue
[2024-10-02T01:34:50.626+0000] {logging_mixin.py:151} INFO - [2024-10-02T01:34:50.626+0000] {dagbag.py:539} INFO - Filling up the DagBag from /home/airflow/.local/lib/python3.8/site-packages/airflow/example_dags/example_complex.py
[2024-10-02T01:34:50.652+0000] {processor.py:839} INFO - DAG(s) dict_keys(['example_complex']) retrieved from /home/airflow/.local/lib/python3.8/site-packages/airflow/example_dags/example_complex.py
[2024-10-02T01:34:50.711+0000] {logging_mixin.py:151} INFO - [2024-10-02T01:34:50.711+0000] {dag.py:2915} INFO - Sync 1 DAGs
[2024-10-02T01:34:50.729+0000] {logging_mixin.py:151} INFO - [2024-10-02T01:34:50.729+0000] {dag.py:3696} INFO - Setting next_dagrun for example_complex to None, run_after=None
[2024-10-02T01:34:50.763+0000] {processor.py:179} INFO - Processing /home/airflow/.local/lib/python3.8/site-packages/airflow/example_dags/example_complex.py took 0.149 seconds
[2024-10-02T01:35:20.963+0000] {processor.py:157} INFO - Started process (PID=355) to work on /home/airflow/.local/lib/python3.8/site-packages/airflow/example_dags/example_complex.py
[2024-10-02T01:35:20.965+0000] {processor.py:829} INFO - Processing file /home/airflow/.local/lib/python3.8/site-packages/airflow/example_dags/example_complex.py for tasks to queue
[2024-10-02T01:35:20.969+0000] {logging_mixin.py:151} INFO - [2024-10-02T01:35:20.968+0000] {dagbag.py:539} INFO - Filling up the DagBag from /home/airflow/.local/lib/python3.8/site-packages/airflow/example_dags/example_complex.py
[2024-10-02T01:35:20.985+0000] {processor.py:839} INFO - DAG(s) dict_keys(['example_complex']) retrieved from /home/airflow/.local/lib/python3.8/site-packages/airflow/example_dags/example_complex.py
[2024-10-02T01:35:21.026+0000] {logging_mixin.py:151} INFO - [2024-10-02T01:35:21.026+0000] {dag.py:2915} INFO - Sync 1 DAGs
[2024-10-02T01:35:21.044+0000] {logging_mixin.py:151} INFO - [2024-10-02T01:35:21.043+0000] {dag.py:3696} INFO - Setting next_dagrun for example_complex to None, run_after=None
[2024-10-02T01:35:21.072+0000] {processor.py:179} INFO - Processing /home/airflow/.local/lib/python3.8/site-packages/airflow/example_dags/example_complex.py took 0.113 seconds
[2024-10-02T01:35:51.998+0000] {processor.py:157} INFO - Started process (PID=403) to work on /home/airflow/.local/lib/python3.8/site-packages/airflow/example_dags/example_complex.py
[2024-10-02T01:35:52.003+0000] {processor.py:829} INFO - Processing file /home/airflow/.local/lib/python3.8/site-packages/airflow/example_dags/example_complex.py for tasks to queue
[2024-10-02T01:35:52.009+0000] {logging_mixin.py:151} INFO - [2024-10-02T01:35:52.009+0000] {dagbag.py:539} INFO - Filling up the DagBag from /home/airflow/.local/lib/python3.8/site-packages/airflow/example_dags/example_complex.py
[2024-10-02T01:35:52.034+0000] {processor.py:839} INFO - DAG(s) dict_keys(['example_complex']) retrieved from /home/airflow/.local/lib/python3.8/site-packages/airflow/example_dags/example_complex.py
[2024-10-02T01:35:52.094+0000] {logging_mixin.py:151} INFO - [2024-10-02T01:35:52.094+0000] {dag.py:2915} INFO - Sync 1 DAGs
[2024-10-02T01:35:52.115+0000] {logging_mixin.py:151} INFO - [2024-10-02T01:35:52.115+0000] {dag.py:3696} INFO - Setting next_dagrun for example_complex to None, run_after=None
[2024-10-02T01:35:52.145+0000] {processor.py:179} INFO - Processing /home/airflow/.local/lib/python3.8/site-packages/airflow/example_dags/example_complex.py took 0.154 seconds
[2024-10-02T01:36:22.861+0000] {processor.py:157} INFO - Started process (PID=451) to work on /home/airflow/.local/lib/python3.8/site-packages/airflow/example_dags/example_complex.py
[2024-10-02T01:36:22.866+0000] {processor.py:829} INFO - Processing file /home/airflow/.local/lib/python3.8/site-packages/airflow/example_dags/example_complex.py for tasks to queue
[2024-10-02T01:36:22.871+0000] {logging_mixin.py:151} INFO - [2024-10-02T01:36:22.871+0000] {dagbag.py:539} INFO - Filling up the DagBag from /home/airflow/.local/lib/python3.8/site-packages/airflow/example_dags/example_complex.py
[2024-10-02T01:36:22.892+0000] {processor.py:839} INFO - DAG(s) dict_keys(['example_complex']) retrieved from /home/airflow/.local/lib/python3.8/site-packages/airflow/example_dags/example_complex.py
[2024-10-02T01:36:22.945+0000] {logging_mixin.py:151} INFO - [2024-10-02T01:36:22.945+0000] {dag.py:2915} INFO - Sync 1 DAGs
[2024-10-02T01:36:22.963+0000] {logging_mixin.py:151} INFO - [2024-10-02T01:36:22.963+0000] {dag.py:3696} INFO - Setting next_dagrun for example_complex to None, run_after=None
[2024-10-02T01:36:22.991+0000] {processor.py:179} INFO - Processing /home/airflow/.local/lib/python3.8/site-packages/airflow/example_dags/example_complex.py took 0.134 seconds
[2024-10-02T01:36:53.784+0000] {processor.py:157} INFO - Started process (PID=499) to work on /home/airflow/.local/lib/python3.8/site-packages/airflow/example_dags/example_complex.py
[2024-10-02T01:36:53.788+0000] {processor.py:829} INFO - Processing file /home/airflow/.local/lib/python3.8/site-packages/airflow/example_dags/example_complex.py for tasks to queue
[2024-10-02T01:36:53.792+0000] {logging_mixin.py:151} INFO - [2024-10-02T01:36:53.791+0000] {dagbag.py:539} INFO - Filling up the DagBag from /home/airflow/.local/lib/python3.8/site-packages/airflow/example_dags/example_complex.py
[2024-10-02T01:36:53.819+0000] {processor.py:839} INFO - DAG(s) dict_keys(['example_complex']) retrieved from /home/airflow/.local/lib/python3.8/site-packages/airflow/example_dags/example_complex.py
[2024-10-02T01:36:53.877+0000] {logging_mixin.py:151} INFO - [2024-10-02T01:36:53.876+0000] {dag.py:2915} INFO - Sync 1 DAGs
[2024-10-02T01:36:53.906+0000] {logging_mixin.py:151} INFO - [2024-10-02T01:36:53.906+0000] {dag.py:3696} INFO - Setting next_dagrun for example_complex to None, run_after=None
[2024-10-02T01:36:53.941+0000] {processor.py:179} INFO - Processing /home/airflow/.local/lib/python3.8/site-packages/airflow/example_dags/example_complex.py took 0.162 seconds
[2024-10-02T01:37:25.000+0000] {processor.py:157} INFO - Started process (PID=547) to work on /home/airflow/.local/lib/python3.8/site-packages/airflow/example_dags/example_complex.py
[2024-10-02T01:37:25.003+0000] {processor.py:829} INFO - Processing file /home/airflow/.local/lib/python3.8/site-packages/airflow/example_dags/example_complex.py for tasks to queue
[2024-10-02T01:37:25.007+0000] {logging_mixin.py:151} INFO - [2024-10-02T01:37:25.007+0000] {dagbag.py:539} INFO - Filling up the DagBag from /home/airflow/.local/lib/python3.8/site-packages/airflow/example_dags/example_complex.py
[2024-10-02T01:37:25.042+0000] {processor.py:839} INFO - DAG(s) dict_keys(['example_complex']) retrieved from /home/airflow/.local/lib/python3.8/site-packages/airflow/example_dags/example_complex.py
[2024-10-02T01:37:25.085+0000] {logging_mixin.py:151} INFO - [2024-10-02T01:37:25.085+0000] {dag.py:2915} INFO - Sync 1 DAGs
[2024-10-02T01:37:25.101+0000] {logging_mixin.py:151} INFO - [2024-10-02T01:37:25.101+0000] {dag.py:3696} INFO - Setting next_dagrun for example_complex to None, run_after=None
[2024-10-02T01:37:25.132+0000] {processor.py:179} INFO - Processing /home/airflow/.local/lib/python3.8/site-packages/airflow/example_dags/example_complex.py took 0.138 seconds
[2024-10-02T01:37:55.674+0000] {processor.py:157} INFO - Started process (PID=595) to work on /home/airflow/.local/lib/python3.8/site-packages/airflow/example_dags/example_complex.py
[2024-10-02T01:37:55.677+0000] {processor.py:829} INFO - Processing file /home/airflow/.local/lib/python3.8/site-packages/airflow/example_dags/example_complex.py for tasks to queue
[2024-10-02T01:37:55.683+0000] {logging_mixin.py:151} INFO - [2024-10-02T01:37:55.682+0000] {dagbag.py:539} INFO - Filling up the DagBag from /home/airflow/.local/lib/python3.8/site-packages/airflow/example_dags/example_complex.py
[2024-10-02T01:37:55.703+0000] {processor.py:839} INFO - DAG(s) dict_keys(['example_complex']) retrieved from /home/airflow/.local/lib/python3.8/site-packages/airflow/example_dags/example_complex.py
[2024-10-02T01:37:55.761+0000] {logging_mixin.py:151} INFO - [2024-10-02T01:37:55.760+0000] {dag.py:2915} INFO - Sync 1 DAGs
[2024-10-02T01:37:55.778+0000] {logging_mixin.py:151} INFO - [2024-10-02T01:37:55.778+0000] {dag.py:3696} INFO - Setting next_dagrun for example_complex to None, run_after=None
[2024-10-02T01:37:55.815+0000] {processor.py:179} INFO - Processing /home/airflow/.local/lib/python3.8/site-packages/airflow/example_dags/example_complex.py took 0.145 seconds
[2024-10-02T01:38:26.313+0000] {processor.py:157} INFO - Started process (PID=643) to work on /home/airflow/.local/lib/python3.8/site-packages/airflow/example_dags/example_complex.py
[2024-10-02T01:38:26.318+0000] {processor.py:829} INFO - Processing file /home/airflow/.local/lib/python3.8/site-packages/airflow/example_dags/example_complex.py for tasks to queue
[2024-10-02T01:38:26.323+0000] {logging_mixin.py:151} INFO - [2024-10-02T01:38:26.322+0000] {dagbag.py:539} INFO - Filling up the DagBag from /home/airflow/.local/lib/python3.8/site-packages/airflow/example_dags/example_complex.py
[2024-10-02T01:38:26.343+0000] {processor.py:839} INFO - DAG(s) dict_keys(['example_complex']) retrieved from /home/airflow/.local/lib/python3.8/site-packages/airflow/example_dags/example_complex.py
[2024-10-02T01:38:26.396+0000] {logging_mixin.py:151} INFO - [2024-10-02T01:38:26.395+0000] {dag.py:2915} INFO - Sync 1 DAGs
[2024-10-02T01:38:26.419+0000] {logging_mixin.py:151} INFO - [2024-10-02T01:38:26.419+0000] {dag.py:3696} INFO - Setting next_dagrun for example_complex to None, run_after=None
[2024-10-02T01:38:26.458+0000] {processor.py:179} INFO - Processing /home/airflow/.local/lib/python3.8/site-packages/airflow/example_dags/example_complex.py took 0.150 seconds
[2024-10-02T01:38:57.287+0000] {processor.py:157} INFO - Started process (PID=691) to work on /home/airflow/.local/lib/python3.8/site-packages/airflow/example_dags/example_complex.py
[2024-10-02T01:38:57.293+0000] {processor.py:829} INFO - Processing file /home/airflow/.local/lib/python3.8/site-packages/airflow/example_dags/example_complex.py for tasks to queue
[2024-10-02T01:38:57.301+0000] {logging_mixin.py:151} INFO - [2024-10-02T01:38:57.300+0000] {dagbag.py:539} INFO - Filling up the DagBag from /home/airflow/.local/lib/python3.8/site-packages/airflow/example_dags/example_complex.py
[2024-10-02T01:38:57.327+0000] {processor.py:839} INFO - DAG(s) dict_keys(['example_complex']) retrieved from /home/airflow/.local/lib/python3.8/site-packages/airflow/example_dags/example_complex.py
[2024-10-02T01:38:57.386+0000] {logging_mixin.py:151} INFO - [2024-10-02T01:38:57.386+0000] {dag.py:2915} INFO - Sync 1 DAGs
[2024-10-02T01:38:57.405+0000] {logging_mixin.py:151} INFO - [2024-10-02T01:38:57.404+0000] {dag.py:3696} INFO - Setting next_dagrun for example_complex to None, run_after=None
[2024-10-02T01:38:57.436+0000] {processor.py:179} INFO - Processing /home/airflow/.local/lib/python3.8/site-packages/airflow/example_dags/example_complex.py took 0.153 seconds
[2024-10-02T01:39:28.544+0000] {processor.py:157} INFO - Started process (PID=739) to work on /home/airflow/.local/lib/python3.8/site-packages/airflow/example_dags/example_complex.py
[2024-10-02T01:39:28.551+0000] {processor.py:829} INFO - Processing file /home/airflow/.local/lib/python3.8/site-packages/airflow/example_dags/example_complex.py for tasks to queue
[2024-10-02T01:39:28.559+0000] {logging_mixin.py:151} INFO - [2024-10-02T01:39:28.558+0000] {dagbag.py:539} INFO - Filling up the DagBag from /home/airflow/.local/lib/python3.8/site-packages/airflow/example_dags/example_complex.py
[2024-10-02T01:39:28.594+0000] {processor.py:839} INFO - DAG(s) dict_keys(['example_complex']) retrieved from /home/airflow/.local/lib/python3.8/site-packages/airflow/example_dags/example_complex.py
[2024-10-02T01:39:28.663+0000] {logging_mixin.py:151} INFO - [2024-10-02T01:39:28.663+0000] {dag.py:2915} INFO - Sync 1 DAGs
[2024-10-02T01:39:28.685+0000] {logging_mixin.py:151} INFO - [2024-10-02T01:39:28.685+0000] {dag.py:3696} INFO - Setting next_dagrun for example_complex to None, run_after=None
[2024-10-02T01:39:28.736+0000] {processor.py:179} INFO - Processing /home/airflow/.local/lib/python3.8/site-packages/airflow/example_dags/example_complex.py took 0.201 seconds
[2024-10-02T01:45:38.657+0000] {processor.py:157} INFO - Started process (PID=67) to work on /home/airflow/.local/lib/python3.8/site-packages/airflow/example_dags/example_complex.py
[2024-10-02T01:45:38.664+0000] {processor.py:829} INFO - Processing file /home/airflow/.local/lib/python3.8/site-packages/airflow/example_dags/example_complex.py for tasks to queue
[2024-10-02T01:45:38.671+0000] {logging_mixin.py:151} INFO - [2024-10-02T01:45:38.671+0000] {dagbag.py:539} INFO - Filling up the DagBag from /home/airflow/.local/lib/python3.8/site-packages/airflow/example_dags/example_complex.py
[2024-10-02T01:45:38.704+0000] {processor.py:839} INFO - DAG(s) dict_keys(['example_complex']) retrieved from /home/airflow/.local/lib/python3.8/site-packages/airflow/example_dags/example_complex.py
[2024-10-02T01:45:38.902+0000] {logging_mixin.py:151} INFO - [2024-10-02T01:45:38.902+0000] {manager.py:499} INFO - Created Permission View: %s
[2024-10-02T01:45:38.930+0000] {logging_mixin.py:151} INFO - [2024-10-02T01:45:38.929+0000] {manager.py:499} INFO - Created Permission View: %s
[2024-10-02T01:45:38.961+0000] {logging_mixin.py:151} INFO - [2024-10-02T01:45:38.960+0000] {manager.py:499} INFO - Created Permission View: %s
[2024-10-02T01:45:38.964+0000] {logging_mixin.py:151} INFO - [2024-10-02T01:45:38.964+0000] {security.py:708} INFO - Not syncing DAG-level permissions for DAG 'DAG:example_complex' as access control is unset.
[2024-10-02T01:45:38.968+0000] {logging_mixin.py:151} INFO - [2024-10-02T01:45:38.967+0000] {dag.py:2915} INFO - Sync 1 DAGs
[2024-10-02T01:45:39.012+0000] {logging_mixin.py:151} INFO - [2024-10-02T01:45:39.012+0000] {dag.py:2937} INFO - Creating ORM DAG for example_complex
[2024-10-02T01:45:39.023+0000] {logging_mixin.py:151} INFO - [2024-10-02T01:45:39.022+0000] {dag.py:3696} INFO - Setting next_dagrun for example_complex to None, run_after=None
[2024-10-02T01:45:39.085+0000] {processor.py:179} INFO - Processing /home/airflow/.local/lib/python3.8/site-packages/airflow/example_dags/example_complex.py took 0.435 seconds
[2024-10-02T01:46:09.570+0000] {processor.py:157} INFO - Started process (PID=115) to work on /home/airflow/.local/lib/python3.8/site-packages/airflow/example_dags/example_complex.py
[2024-10-02T01:46:09.574+0000] {processor.py:829} INFO - Processing file /home/airflow/.local/lib/python3.8/site-packages/airflow/example_dags/example_complex.py for tasks to queue
[2024-10-02T01:46:09.580+0000] {logging_mixin.py:151} INFO - [2024-10-02T01:46:09.579+0000] {dagbag.py:539} INFO - Filling up the DagBag from /home/airflow/.local/lib/python3.8/site-packages/airflow/example_dags/example_complex.py
[2024-10-02T01:46:09.699+0000] {processor.py:839} INFO - DAG(s) dict_keys(['example_complex']) retrieved from /home/airflow/.local/lib/python3.8/site-packages/airflow/example_dags/example_complex.py
[2024-10-02T01:46:09.783+0000] {logging_mixin.py:151} INFO - [2024-10-02T01:46:09.779+0000] {dag.py:2915} INFO - Sync 1 DAGs
[2024-10-02T01:46:09.810+0000] {logging_mixin.py:151} INFO - [2024-10-02T01:46:09.810+0000] {dag.py:3696} INFO - Setting next_dagrun for example_complex to None, run_after=None
[2024-10-02T01:46:09.854+0000] {processor.py:179} INFO - Processing /home/airflow/.local/lib/python3.8/site-packages/airflow/example_dags/example_complex.py took 0.287 seconds
[2024-10-02T01:47:05.609+0000] {processor.py:157} INFO - Started process (PID=67) to work on /home/airflow/.local/lib/python3.8/site-packages/airflow/example_dags/example_complex.py
[2024-10-02T01:47:05.613+0000] {processor.py:829} INFO - Processing file /home/airflow/.local/lib/python3.8/site-packages/airflow/example_dags/example_complex.py for tasks to queue
[2024-10-02T01:47:05.616+0000] {logging_mixin.py:151} INFO - [2024-10-02T01:47:05.615+0000] {dagbag.py:539} INFO - Filling up the DagBag from /home/airflow/.local/lib/python3.8/site-packages/airflow/example_dags/example_complex.py
[2024-10-02T01:47:05.643+0000] {processor.py:839} INFO - DAG(s) dict_keys(['example_complex']) retrieved from /home/airflow/.local/lib/python3.8/site-packages/airflow/example_dags/example_complex.py
[2024-10-02T01:47:05.678+0000] {logging_mixin.py:151} INFO - [2024-10-02T01:47:05.678+0000] {dag.py:2915} INFO - Sync 1 DAGs
[2024-10-02T01:47:05.700+0000] {logging_mixin.py:151} INFO - [2024-10-02T01:47:05.700+0000] {dag.py:3696} INFO - Setting next_dagrun for example_complex to None, run_after=None
[2024-10-02T01:47:05.749+0000] {processor.py:179} INFO - Processing /home/airflow/.local/lib/python3.8/site-packages/airflow/example_dags/example_complex.py took 0.143 seconds
[2024-10-02T01:47:36.107+0000] {processor.py:157} INFO - Started process (PID=115) to work on /home/airflow/.local/lib/python3.8/site-packages/airflow/example_dags/example_complex.py
[2024-10-02T01:47:36.110+0000] {processor.py:829} INFO - Processing file /home/airflow/.local/lib/python3.8/site-packages/airflow/example_dags/example_complex.py for tasks to queue
[2024-10-02T01:47:36.118+0000] {logging_mixin.py:151} INFO - [2024-10-02T01:47:36.118+0000] {dagbag.py:539} INFO - Filling up the DagBag from /home/airflow/.local/lib/python3.8/site-packages/airflow/example_dags/example_complex.py
[2024-10-02T01:47:36.139+0000] {processor.py:839} INFO - DAG(s) dict_keys(['example_complex']) retrieved from /home/airflow/.local/lib/python3.8/site-packages/airflow/example_dags/example_complex.py
[2024-10-02T01:47:36.211+0000] {logging_mixin.py:151} INFO - [2024-10-02T01:47:36.210+0000] {dag.py:2915} INFO - Sync 1 DAGs
[2024-10-02T01:47:36.233+0000] {logging_mixin.py:151} INFO - [2024-10-02T01:47:36.233+0000] {dag.py:3696} INFO - Setting next_dagrun for example_complex to None, run_after=None
[2024-10-02T01:47:36.262+0000] {processor.py:179} INFO - Processing /home/airflow/.local/lib/python3.8/site-packages/airflow/example_dags/example_complex.py took 0.161 seconds
[2024-10-02T01:48:33.549+0000] {processor.py:157} INFO - Started process (PID=67) to work on /home/airflow/.local/lib/python3.8/site-packages/airflow/example_dags/example_complex.py
[2024-10-02T01:48:33.555+0000] {processor.py:829} INFO - Processing file /home/airflow/.local/lib/python3.8/site-packages/airflow/example_dags/example_complex.py for tasks to queue
[2024-10-02T01:48:33.566+0000] {logging_mixin.py:151} INFO - [2024-10-02T01:48:33.564+0000] {dagbag.py:539} INFO - Filling up the DagBag from /home/airflow/.local/lib/python3.8/site-packages/airflow/example_dags/example_complex.py
[2024-10-02T01:48:33.588+0000] {processor.py:839} INFO - DAG(s) dict_keys(['example_complex']) retrieved from /home/airflow/.local/lib/python3.8/site-packages/airflow/example_dags/example_complex.py
[2024-10-02T01:48:33.634+0000] {logging_mixin.py:151} INFO - [2024-10-02T01:48:33.634+0000] {dag.py:2915} INFO - Sync 1 DAGs
[2024-10-02T01:48:33.666+0000] {logging_mixin.py:151} INFO - [2024-10-02T01:48:33.666+0000] {dag.py:3696} INFO - Setting next_dagrun for example_complex to None, run_after=None
[2024-10-02T01:48:33.721+0000] {processor.py:179} INFO - Processing /home/airflow/.local/lib/python3.8/site-packages/airflow/example_dags/example_complex.py took 0.176 seconds
[2024-10-02T01:49:04.007+0000] {processor.py:157} INFO - Started process (PID=115) to work on /home/airflow/.local/lib/python3.8/site-packages/airflow/example_dags/example_complex.py
[2024-10-02T01:49:04.010+0000] {processor.py:829} INFO - Processing file /home/airflow/.local/lib/python3.8/site-packages/airflow/example_dags/example_complex.py for tasks to queue
[2024-10-02T01:49:04.017+0000] {logging_mixin.py:151} INFO - [2024-10-02T01:49:04.016+0000] {dagbag.py:539} INFO - Filling up the DagBag from /home/airflow/.local/lib/python3.8/site-packages/airflow/example_dags/example_complex.py
[2024-10-02T01:49:04.035+0000] {processor.py:839} INFO - DAG(s) dict_keys(['example_complex']) retrieved from /home/airflow/.local/lib/python3.8/site-packages/airflow/example_dags/example_complex.py
[2024-10-02T01:49:04.081+0000] {logging_mixin.py:151} INFO - [2024-10-02T01:49:04.081+0000] {dag.py:2915} INFO - Sync 1 DAGs
[2024-10-02T01:49:04.097+0000] {logging_mixin.py:151} INFO - [2024-10-02T01:49:04.096+0000] {dag.py:3696} INFO - Setting next_dagrun for example_complex to None, run_after=None
[2024-10-02T01:49:04.134+0000] {processor.py:179} INFO - Processing /home/airflow/.local/lib/python3.8/site-packages/airflow/example_dags/example_complex.py took 0.131 seconds
[2024-10-02T01:49:34.703+0000] {processor.py:157} INFO - Started process (PID=163) to work on /home/airflow/.local/lib/python3.8/site-packages/airflow/example_dags/example_complex.py
[2024-10-02T01:49:34.706+0000] {processor.py:829} INFO - Processing file /home/airflow/.local/lib/python3.8/site-packages/airflow/example_dags/example_complex.py for tasks to queue
[2024-10-02T01:49:34.710+0000] {logging_mixin.py:151} INFO - [2024-10-02T01:49:34.709+0000] {dagbag.py:539} INFO - Filling up the DagBag from /home/airflow/.local/lib/python3.8/site-packages/airflow/example_dags/example_complex.py
[2024-10-02T01:49:34.727+0000] {processor.py:839} INFO - DAG(s) dict_keys(['example_complex']) retrieved from /home/airflow/.local/lib/python3.8/site-packages/airflow/example_dags/example_complex.py
[2024-10-02T01:49:34.770+0000] {logging_mixin.py:151} INFO - [2024-10-02T01:49:34.770+0000] {dag.py:2915} INFO - Sync 1 DAGs
[2024-10-02T01:49:34.785+0000] {logging_mixin.py:151} INFO - [2024-10-02T01:49:34.785+0000] {dag.py:3696} INFO - Setting next_dagrun for example_complex to None, run_after=None
[2024-10-02T01:49:34.817+0000] {processor.py:179} INFO - Processing /home/airflow/.local/lib/python3.8/site-packages/airflow/example_dags/example_complex.py took 0.118 seconds
[2024-10-02T01:50:05.568+0000] {processor.py:157} INFO - Started process (PID=211) to work on /home/airflow/.local/lib/python3.8/site-packages/airflow/example_dags/example_complex.py
[2024-10-02T01:50:05.571+0000] {processor.py:829} INFO - Processing file /home/airflow/.local/lib/python3.8/site-packages/airflow/example_dags/example_complex.py for tasks to queue
[2024-10-02T01:50:05.576+0000] {logging_mixin.py:151} INFO - [2024-10-02T01:50:05.576+0000] {dagbag.py:539} INFO - Filling up the DagBag from /home/airflow/.local/lib/python3.8/site-packages/airflow/example_dags/example_complex.py
[2024-10-02T01:50:05.597+0000] {processor.py:839} INFO - DAG(s) dict_keys(['example_complex']) retrieved from /home/airflow/.local/lib/python3.8/site-packages/airflow/example_dags/example_complex.py
[2024-10-02T01:50:05.652+0000] {logging_mixin.py:151} INFO - [2024-10-02T01:50:05.651+0000] {dag.py:2915} INFO - Sync 1 DAGs
[2024-10-02T01:50:05.669+0000] {logging_mixin.py:151} INFO - [2024-10-02T01:50:05.668+0000] {dag.py:3696} INFO - Setting next_dagrun for example_complex to None, run_after=None
[2024-10-02T01:50:05.693+0000] {processor.py:179} INFO - Processing /home/airflow/.local/lib/python3.8/site-packages/airflow/example_dags/example_complex.py took 0.130 seconds
[2024-10-02T01:50:36.401+0000] {processor.py:157} INFO - Started process (PID=259) to work on /home/airflow/.local/lib/python3.8/site-packages/airflow/example_dags/example_complex.py
[2024-10-02T01:50:36.406+0000] {processor.py:829} INFO - Processing file /home/airflow/.local/lib/python3.8/site-packages/airflow/example_dags/example_complex.py for tasks to queue
[2024-10-02T01:50:36.410+0000] {logging_mixin.py:151} INFO - [2024-10-02T01:50:36.409+0000] {dagbag.py:539} INFO - Filling up the DagBag from /home/airflow/.local/lib/python3.8/site-packages/airflow/example_dags/example_complex.py
[2024-10-02T01:50:36.428+0000] {processor.py:839} INFO - DAG(s) dict_keys(['example_complex']) retrieved from /home/airflow/.local/lib/python3.8/site-packages/airflow/example_dags/example_complex.py
[2024-10-02T01:50:36.475+0000] {logging_mixin.py:151} INFO - [2024-10-02T01:50:36.474+0000] {dag.py:2915} INFO - Sync 1 DAGs
[2024-10-02T01:50:36.493+0000] {logging_mixin.py:151} INFO - [2024-10-02T01:50:36.493+0000] {dag.py:3696} INFO - Setting next_dagrun for example_complex to None, run_after=None
[2024-10-02T01:50:36.516+0000] {processor.py:179} INFO - Processing /home/airflow/.local/lib/python3.8/site-packages/airflow/example_dags/example_complex.py took 0.120 seconds
[2024-10-02T01:51:07.360+0000] {processor.py:157} INFO - Started process (PID=307) to work on /home/airflow/.local/lib/python3.8/site-packages/airflow/example_dags/example_complex.py
[2024-10-02T01:51:07.364+0000] {processor.py:829} INFO - Processing file /home/airflow/.local/lib/python3.8/site-packages/airflow/example_dags/example_complex.py for tasks to queue
[2024-10-02T01:51:07.368+0000] {logging_mixin.py:151} INFO - [2024-10-02T01:51:07.367+0000] {dagbag.py:539} INFO - Filling up the DagBag from /home/airflow/.local/lib/python3.8/site-packages/airflow/example_dags/example_complex.py
[2024-10-02T01:51:07.389+0000] {processor.py:839} INFO - DAG(s) dict_keys(['example_complex']) retrieved from /home/airflow/.local/lib/python3.8/site-packages/airflow/example_dags/example_complex.py
[2024-10-02T01:51:07.434+0000] {logging_mixin.py:151} INFO - [2024-10-02T01:51:07.433+0000] {dag.py:2915} INFO - Sync 1 DAGs
[2024-10-02T01:51:07.451+0000] {logging_mixin.py:151} INFO - [2024-10-02T01:51:07.451+0000] {dag.py:3696} INFO - Setting next_dagrun for example_complex to None, run_after=None
[2024-10-02T01:51:07.475+0000] {processor.py:179} INFO - Processing /home/airflow/.local/lib/python3.8/site-packages/airflow/example_dags/example_complex.py took 0.119 seconds
[2024-10-02T01:51:38.280+0000] {processor.py:157} INFO - Started process (PID=355) to work on /home/airflow/.local/lib/python3.8/site-packages/airflow/example_dags/example_complex.py
[2024-10-02T01:51:38.283+0000] {processor.py:829} INFO - Processing file /home/airflow/.local/lib/python3.8/site-packages/airflow/example_dags/example_complex.py for tasks to queue
[2024-10-02T01:51:38.288+0000] {logging_mixin.py:151} INFO - [2024-10-02T01:51:38.288+0000] {dagbag.py:539} INFO - Filling up the DagBag from /home/airflow/.local/lib/python3.8/site-packages/airflow/example_dags/example_complex.py
[2024-10-02T01:51:38.310+0000] {processor.py:839} INFO - DAG(s) dict_keys(['example_complex']) retrieved from /home/airflow/.local/lib/python3.8/site-packages/airflow/example_dags/example_complex.py
[2024-10-02T01:51:38.361+0000] {logging_mixin.py:151} INFO - [2024-10-02T01:51:38.361+0000] {dag.py:2915} INFO - Sync 1 DAGs
[2024-10-02T01:51:38.375+0000] {logging_mixin.py:151} INFO - [2024-10-02T01:51:38.375+0000] {dag.py:3696} INFO - Setting next_dagrun for example_complex to None, run_after=None
[2024-10-02T01:51:38.405+0000] {processor.py:179} INFO - Processing /home/airflow/.local/lib/python3.8/site-packages/airflow/example_dags/example_complex.py took 0.129 seconds
[2024-10-02T01:52:08.685+0000] {processor.py:157} INFO - Started process (PID=403) to work on /home/airflow/.local/lib/python3.8/site-packages/airflow/example_dags/example_complex.py
[2024-10-02T01:52:08.689+0000] {processor.py:829} INFO - Processing file /home/airflow/.local/lib/python3.8/site-packages/airflow/example_dags/example_complex.py for tasks to queue
[2024-10-02T01:52:08.695+0000] {logging_mixin.py:151} INFO - [2024-10-02T01:52:08.694+0000] {dagbag.py:539} INFO - Filling up the DagBag from /home/airflow/.local/lib/python3.8/site-packages/airflow/example_dags/example_complex.py
[2024-10-02T01:52:08.715+0000] {processor.py:839} INFO - DAG(s) dict_keys(['example_complex']) retrieved from /home/airflow/.local/lib/python3.8/site-packages/airflow/example_dags/example_complex.py
[2024-10-02T01:52:08.763+0000] {logging_mixin.py:151} INFO - [2024-10-02T01:52:08.762+0000] {dag.py:2915} INFO - Sync 1 DAGs
[2024-10-02T01:52:08.780+0000] {logging_mixin.py:151} INFO - [2024-10-02T01:52:08.780+0000] {dag.py:3696} INFO - Setting next_dagrun for example_complex to None, run_after=None
[2024-10-02T01:52:08.807+0000] {processor.py:179} INFO - Processing /home/airflow/.local/lib/python3.8/site-packages/airflow/example_dags/example_complex.py took 0.127 seconds
[2024-10-02T01:52:39.480+0000] {processor.py:157} INFO - Started process (PID=451) to work on /home/airflow/.local/lib/python3.8/site-packages/airflow/example_dags/example_complex.py
[2024-10-02T01:52:39.483+0000] {processor.py:829} INFO - Processing file /home/airflow/.local/lib/python3.8/site-packages/airflow/example_dags/example_complex.py for tasks to queue
[2024-10-02T01:52:39.487+0000] {logging_mixin.py:151} INFO - [2024-10-02T01:52:39.487+0000] {dagbag.py:539} INFO - Filling up the DagBag from /home/airflow/.local/lib/python3.8/site-packages/airflow/example_dags/example_complex.py
[2024-10-02T01:52:39.506+0000] {processor.py:839} INFO - DAG(s) dict_keys(['example_complex']) retrieved from /home/airflow/.local/lib/python3.8/site-packages/airflow/example_dags/example_complex.py
[2024-10-02T01:52:39.552+0000] {logging_mixin.py:151} INFO - [2024-10-02T01:52:39.552+0000] {dag.py:2915} INFO - Sync 1 DAGs
[2024-10-02T01:52:39.567+0000] {logging_mixin.py:151} INFO - [2024-10-02T01:52:39.567+0000] {dag.py:3696} INFO - Setting next_dagrun for example_complex to None, run_after=None
[2024-10-02T01:52:39.595+0000] {processor.py:179} INFO - Processing /home/airflow/.local/lib/python3.8/site-packages/airflow/example_dags/example_complex.py took 0.120 seconds
[2024-10-02T01:53:11.447+0000] {processor.py:157} INFO - Started process (PID=499) to work on /home/airflow/.local/lib/python3.8/site-packages/airflow/example_dags/example_complex.py
[2024-10-02T01:53:11.456+0000] {processor.py:829} INFO - Processing file /home/airflow/.local/lib/python3.8/site-packages/airflow/example_dags/example_complex.py for tasks to queue
[2024-10-02T01:53:11.463+0000] {logging_mixin.py:151} INFO - [2024-10-02T01:53:11.462+0000] {dagbag.py:539} INFO - Filling up the DagBag from /home/airflow/.local/lib/python3.8/site-packages/airflow/example_dags/example_complex.py
[2024-10-02T01:53:11.552+0000] {processor.py:839} INFO - DAG(s) dict_keys(['example_complex']) retrieved from /home/airflow/.local/lib/python3.8/site-packages/airflow/example_dags/example_complex.py
[2024-10-02T01:53:11.605+0000] {logging_mixin.py:151} INFO - [2024-10-02T01:53:11.605+0000] {dag.py:2915} INFO - Sync 1 DAGs
[2024-10-02T01:53:11.627+0000] {logging_mixin.py:151} INFO - [2024-10-02T01:53:11.627+0000] {dag.py:3696} INFO - Setting next_dagrun for example_complex to None, run_after=None
[2024-10-02T01:53:11.666+0000] {processor.py:179} INFO - Processing /home/airflow/.local/lib/python3.8/site-packages/airflow/example_dags/example_complex.py took 0.223 seconds
[2024-10-02T01:53:41.882+0000] {processor.py:157} INFO - Started process (PID=547) to work on /home/airflow/.local/lib/python3.8/site-packages/airflow/example_dags/example_complex.py
[2024-10-02T01:53:41.885+0000] {processor.py:829} INFO - Processing file /home/airflow/.local/lib/python3.8/site-packages/airflow/example_dags/example_complex.py for tasks to queue
[2024-10-02T01:53:41.889+0000] {logging_mixin.py:151} INFO - [2024-10-02T01:53:41.889+0000] {dagbag.py:539} INFO - Filling up the DagBag from /home/airflow/.local/lib/python3.8/site-packages/airflow/example_dags/example_complex.py
[2024-10-02T01:53:41.907+0000] {processor.py:839} INFO - DAG(s) dict_keys(['example_complex']) retrieved from /home/airflow/.local/lib/python3.8/site-packages/airflow/example_dags/example_complex.py
[2024-10-02T01:53:41.950+0000] {logging_mixin.py:151} INFO - [2024-10-02T01:53:41.950+0000] {dag.py:2915} INFO - Sync 1 DAGs
[2024-10-02T01:53:41.967+0000] {logging_mixin.py:151} INFO - [2024-10-02T01:53:41.967+0000] {dag.py:3696} INFO - Setting next_dagrun for example_complex to None, run_after=None
[2024-10-02T01:53:41.993+0000] {processor.py:179} INFO - Processing /home/airflow/.local/lib/python3.8/site-packages/airflow/example_dags/example_complex.py took 0.115 seconds
[2024-10-02T01:57:20.972+0000] {processor.py:157} INFO - Started process (PID=627) to work on /home/airflow/.local/lib/python3.8/site-packages/airflow/example_dags/example_complex.py
[2024-10-02T01:57:20.977+0000] {processor.py:829} INFO - Processing file /home/airflow/.local/lib/python3.8/site-packages/airflow/example_dags/example_complex.py for tasks to queue
[2024-10-02T01:57:20.982+0000] {logging_mixin.py:151} INFO - [2024-10-02T01:57:20.981+0000] {dagbag.py:539} INFO - Filling up the DagBag from /home/airflow/.local/lib/python3.8/site-packages/airflow/example_dags/example_complex.py
[2024-10-02T01:57:21.070+0000] {processor.py:839} INFO - DAG(s) dict_keys(['example_complex']) retrieved from /home/airflow/.local/lib/python3.8/site-packages/airflow/example_dags/example_complex.py
[2024-10-02T01:57:21.133+0000] {logging_mixin.py:151} INFO - [2024-10-02T01:57:21.133+0000] {dag.py:2915} INFO - Sync 1 DAGs
[2024-10-02T01:57:21.151+0000] {logging_mixin.py:151} INFO - [2024-10-02T01:57:21.151+0000] {dag.py:3696} INFO - Setting next_dagrun for example_complex to None, run_after=None
[2024-10-02T01:57:21.178+0000] {processor.py:179} INFO - Processing /home/airflow/.local/lib/python3.8/site-packages/airflow/example_dags/example_complex.py took 0.210 seconds
[2024-10-02T01:57:53.078+0000] {processor.py:157} INFO - Started process (PID=675) to work on /home/airflow/.local/lib/python3.8/site-packages/airflow/example_dags/example_complex.py
[2024-10-02T01:57:53.091+0000] {processor.py:829} INFO - Processing file /home/airflow/.local/lib/python3.8/site-packages/airflow/example_dags/example_complex.py for tasks to queue
[2024-10-02T01:57:53.098+0000] {logging_mixin.py:151} INFO - [2024-10-02T01:57:53.097+0000] {dagbag.py:539} INFO - Filling up the DagBag from /home/airflow/.local/lib/python3.8/site-packages/airflow/example_dags/example_complex.py
[2024-10-02T01:57:53.146+0000] {processor.py:839} INFO - DAG(s) dict_keys(['example_complex']) retrieved from /home/airflow/.local/lib/python3.8/site-packages/airflow/example_dags/example_complex.py
[2024-10-02T01:57:53.207+0000] {logging_mixin.py:151} INFO - [2024-10-02T01:57:53.207+0000] {dag.py:2915} INFO - Sync 1 DAGs
[2024-10-02T01:57:53.224+0000] {logging_mixin.py:151} INFO - [2024-10-02T01:57:53.224+0000] {dag.py:3696} INFO - Setting next_dagrun for example_complex to None, run_after=None
[2024-10-02T01:57:53.373+0000] {processor.py:179} INFO - Processing /home/airflow/.local/lib/python3.8/site-packages/airflow/example_dags/example_complex.py took 0.300 seconds
[2024-10-02T01:58:23.568+0000] {processor.py:157} INFO - Started process (PID=723) to work on /home/airflow/.local/lib/python3.8/site-packages/airflow/example_dags/example_complex.py
[2024-10-02T01:58:23.571+0000] {processor.py:829} INFO - Processing file /home/airflow/.local/lib/python3.8/site-packages/airflow/example_dags/example_complex.py for tasks to queue
[2024-10-02T01:58:23.576+0000] {logging_mixin.py:151} INFO - [2024-10-02T01:58:23.576+0000] {dagbag.py:539} INFO - Filling up the DagBag from /home/airflow/.local/lib/python3.8/site-packages/airflow/example_dags/example_complex.py
[2024-10-02T01:58:23.599+0000] {processor.py:839} INFO - DAG(s) dict_keys(['example_complex']) retrieved from /home/airflow/.local/lib/python3.8/site-packages/airflow/example_dags/example_complex.py
[2024-10-02T01:58:23.651+0000] {logging_mixin.py:151} INFO - [2024-10-02T01:58:23.651+0000] {dag.py:2915} INFO - Sync 1 DAGs
[2024-10-02T01:58:23.672+0000] {logging_mixin.py:151} INFO - [2024-10-02T01:58:23.671+0000] {dag.py:3696} INFO - Setting next_dagrun for example_complex to None, run_after=None
[2024-10-02T01:58:23.799+0000] {processor.py:179} INFO - Processing /home/airflow/.local/lib/python3.8/site-packages/airflow/example_dags/example_complex.py took 0.237 seconds
[2024-10-02T01:58:54.002+0000] {processor.py:157} INFO - Started process (PID=771) to work on /home/airflow/.local/lib/python3.8/site-packages/airflow/example_dags/example_complex.py
[2024-10-02T01:58:54.005+0000] {processor.py:829} INFO - Processing file /home/airflow/.local/lib/python3.8/site-packages/airflow/example_dags/example_complex.py for tasks to queue
[2024-10-02T01:58:54.010+0000] {logging_mixin.py:151} INFO - [2024-10-02T01:58:54.009+0000] {dagbag.py:539} INFO - Filling up the DagBag from /home/airflow/.local/lib/python3.8/site-packages/airflow/example_dags/example_complex.py
[2024-10-02T01:58:54.028+0000] {processor.py:839} INFO - DAG(s) dict_keys(['example_complex']) retrieved from /home/airflow/.local/lib/python3.8/site-packages/airflow/example_dags/example_complex.py
[2024-10-02T01:58:54.080+0000] {logging_mixin.py:151} INFO - [2024-10-02T01:58:54.080+0000] {dag.py:2915} INFO - Sync 1 DAGs
[2024-10-02T01:58:54.097+0000] {logging_mixin.py:151} INFO - [2024-10-02T01:58:54.096+0000] {dag.py:3696} INFO - Setting next_dagrun for example_complex to None, run_after=None
[2024-10-02T01:58:54.127+0000] {processor.py:179} INFO - Processing /home/airflow/.local/lib/python3.8/site-packages/airflow/example_dags/example_complex.py took 0.128 seconds
[2024-10-02T01:59:25.839+0000] {processor.py:157} INFO - Started process (PID=819) to work on /home/airflow/.local/lib/python3.8/site-packages/airflow/example_dags/example_complex.py
[2024-10-02T01:59:25.846+0000] {processor.py:829} INFO - Processing file /home/airflow/.local/lib/python3.8/site-packages/airflow/example_dags/example_complex.py for tasks to queue
[2024-10-02T01:59:25.854+0000] {logging_mixin.py:151} INFO - [2024-10-02T01:59:25.853+0000] {dagbag.py:539} INFO - Filling up the DagBag from /home/airflow/.local/lib/python3.8/site-packages/airflow/example_dags/example_complex.py
[2024-10-02T01:59:25.880+0000] {processor.py:839} INFO - DAG(s) dict_keys(['example_complex']) retrieved from /home/airflow/.local/lib/python3.8/site-packages/airflow/example_dags/example_complex.py
[2024-10-02T01:59:25.942+0000] {logging_mixin.py:151} INFO - [2024-10-02T01:59:25.942+0000] {dag.py:2915} INFO - Sync 1 DAGs
[2024-10-02T01:59:25.966+0000] {logging_mixin.py:151} INFO - [2024-10-02T01:59:25.966+0000] {dag.py:3696} INFO - Setting next_dagrun for example_complex to None, run_after=None
[2024-10-02T01:59:26.034+0000] {processor.py:179} INFO - Processing /home/airflow/.local/lib/python3.8/site-packages/airflow/example_dags/example_complex.py took 0.201 seconds
[2024-10-02T01:59:56.829+0000] {processor.py:157} INFO - Started process (PID=867) to work on /home/airflow/.local/lib/python3.8/site-packages/airflow/example_dags/example_complex.py
[2024-10-02T01:59:56.833+0000] {processor.py:829} INFO - Processing file /home/airflow/.local/lib/python3.8/site-packages/airflow/example_dags/example_complex.py for tasks to queue
[2024-10-02T01:59:56.838+0000] {logging_mixin.py:151} INFO - [2024-10-02T01:59:56.837+0000] {dagbag.py:539} INFO - Filling up the DagBag from /home/airflow/.local/lib/python3.8/site-packages/airflow/example_dags/example_complex.py
[2024-10-02T01:59:56.862+0000] {processor.py:839} INFO - DAG(s) dict_keys(['example_complex']) retrieved from /home/airflow/.local/lib/python3.8/site-packages/airflow/example_dags/example_complex.py
[2024-10-02T01:59:56.915+0000] {logging_mixin.py:151} INFO - [2024-10-02T01:59:56.915+0000] {dag.py:2915} INFO - Sync 1 DAGs
[2024-10-02T01:59:56.933+0000] {logging_mixin.py:151} INFO - [2024-10-02T01:59:56.933+0000] {dag.py:3696} INFO - Setting next_dagrun for example_complex to None, run_after=None
[2024-10-02T01:59:56.968+0000] {processor.py:179} INFO - Processing /home/airflow/.local/lib/python3.8/site-packages/airflow/example_dags/example_complex.py took 0.143 seconds
[2024-10-02T02:00:27.464+0000] {processor.py:157} INFO - Started process (PID=915) to work on /home/airflow/.local/lib/python3.8/site-packages/airflow/example_dags/example_complex.py
[2024-10-02T02:00:27.480+0000] {processor.py:829} INFO - Processing file /home/airflow/.local/lib/python3.8/site-packages/airflow/example_dags/example_complex.py for tasks to queue
[2024-10-02T02:00:27.490+0000] {logging_mixin.py:151} INFO - [2024-10-02T02:00:27.489+0000] {dagbag.py:539} INFO - Filling up the DagBag from /home/airflow/.local/lib/python3.8/site-packages/airflow/example_dags/example_complex.py
[2024-10-02T02:00:27.519+0000] {processor.py:839} INFO - DAG(s) dict_keys(['example_complex']) retrieved from /home/airflow/.local/lib/python3.8/site-packages/airflow/example_dags/example_complex.py
[2024-10-02T02:00:27.573+0000] {logging_mixin.py:151} INFO - [2024-10-02T02:00:27.572+0000] {dag.py:2915} INFO - Sync 1 DAGs
[2024-10-02T02:00:27.587+0000] {logging_mixin.py:151} INFO - [2024-10-02T02:00:27.587+0000] {dag.py:3696} INFO - Setting next_dagrun for example_complex to None, run_after=None
[2024-10-02T02:00:27.611+0000] {processor.py:179} INFO - Processing /home/airflow/.local/lib/python3.8/site-packages/airflow/example_dags/example_complex.py took 0.151 seconds
[2024-10-02T02:00:57.787+0000] {processor.py:157} INFO - Started process (PID=963) to work on /home/airflow/.local/lib/python3.8/site-packages/airflow/example_dags/example_complex.py
[2024-10-02T02:00:57.798+0000] {processor.py:829} INFO - Processing file /home/airflow/.local/lib/python3.8/site-packages/airflow/example_dags/example_complex.py for tasks to queue
[2024-10-02T02:00:57.805+0000] {logging_mixin.py:151} INFO - [2024-10-02T02:00:57.804+0000] {dagbag.py:539} INFO - Filling up the DagBag from /home/airflow/.local/lib/python3.8/site-packages/airflow/example_dags/example_complex.py
[2024-10-02T02:00:57.833+0000] {processor.py:839} INFO - DAG(s) dict_keys(['example_complex']) retrieved from /home/airflow/.local/lib/python3.8/site-packages/airflow/example_dags/example_complex.py
[2024-10-02T02:00:57.914+0000] {logging_mixin.py:151} INFO - [2024-10-02T02:00:57.914+0000] {dag.py:2915} INFO - Sync 1 DAGs
[2024-10-02T02:00:57.942+0000] {logging_mixin.py:151} INFO - [2024-10-02T02:00:57.942+0000] {dag.py:3696} INFO - Setting next_dagrun for example_complex to None, run_after=None
[2024-10-02T02:00:57.988+0000] {processor.py:179} INFO - Processing /home/airflow/.local/lib/python3.8/site-packages/airflow/example_dags/example_complex.py took 0.208 seconds
[2024-10-02T02:03:27.082+0000] {processor.py:157} INFO - Started process (PID=67) to work on /home/airflow/.local/lib/python3.8/site-packages/airflow/example_dags/example_complex.py
[2024-10-02T02:03:27.088+0000] {processor.py:829} INFO - Processing file /home/airflow/.local/lib/python3.8/site-packages/airflow/example_dags/example_complex.py for tasks to queue
[2024-10-02T02:03:27.099+0000] {logging_mixin.py:151} INFO - [2024-10-02T02:03:27.097+0000] {dagbag.py:539} INFO - Filling up the DagBag from /home/airflow/.local/lib/python3.8/site-packages/airflow/example_dags/example_complex.py
[2024-10-02T02:03:27.134+0000] {processor.py:839} INFO - DAG(s) dict_keys(['example_complex']) retrieved from /home/airflow/.local/lib/python3.8/site-packages/airflow/example_dags/example_complex.py
[2024-10-02T02:03:27.425+0000] {logging_mixin.py:151} INFO - [2024-10-02T02:03:27.424+0000] {manager.py:499} INFO - Created Permission View: %s
[2024-10-02T02:03:27.447+0000] {logging_mixin.py:151} INFO - [2024-10-02T02:03:27.447+0000] {manager.py:499} INFO - Created Permission View: %s
[2024-10-02T02:03:27.466+0000] {logging_mixin.py:151} INFO - [2024-10-02T02:03:27.465+0000] {manager.py:499} INFO - Created Permission View: %s
[2024-10-02T02:03:27.473+0000] {logging_mixin.py:151} INFO - [2024-10-02T02:03:27.473+0000] {security.py:708} INFO - Not syncing DAG-level permissions for DAG 'DAG:example_complex' as access control is unset.
[2024-10-02T02:03:27.475+0000] {logging_mixin.py:151} INFO - [2024-10-02T02:03:27.475+0000] {dag.py:2915} INFO - Sync 1 DAGs
[2024-10-02T02:03:27.508+0000] {logging_mixin.py:151} INFO - [2024-10-02T02:03:27.508+0000] {dag.py:2937} INFO - Creating ORM DAG for example_complex
[2024-10-02T02:03:27.513+0000] {logging_mixin.py:151} INFO - [2024-10-02T02:03:27.512+0000] {dag.py:3696} INFO - Setting next_dagrun for example_complex to None, run_after=None
[2024-10-02T02:03:27.618+0000] {processor.py:179} INFO - Processing /home/airflow/.local/lib/python3.8/site-packages/airflow/example_dags/example_complex.py took 0.541 seconds
[2024-10-02T02:06:24.348+0000] {processor.py:157} INFO - Started process (PID=67) to work on /home/airflow/.local/lib/python3.8/site-packages/airflow/example_dags/example_complex.py
[2024-10-02T02:06:24.353+0000] {processor.py:829} INFO - Processing file /home/airflow/.local/lib/python3.8/site-packages/airflow/example_dags/example_complex.py for tasks to queue
[2024-10-02T02:06:24.359+0000] {logging_mixin.py:151} INFO - [2024-10-02T02:06:24.358+0000] {dagbag.py:539} INFO - Filling up the DagBag from /home/airflow/.local/lib/python3.8/site-packages/airflow/example_dags/example_complex.py
[2024-10-02T02:06:24.434+0000] {processor.py:839} INFO - DAG(s) dict_keys(['example_complex']) retrieved from /home/airflow/.local/lib/python3.8/site-packages/airflow/example_dags/example_complex.py
[2024-10-02T02:06:24.661+0000] {logging_mixin.py:151} INFO - [2024-10-02T02:06:24.661+0000] {manager.py:499} INFO - Created Permission View: %s
[2024-10-02T02:06:24.688+0000] {logging_mixin.py:151} INFO - [2024-10-02T02:06:24.688+0000] {manager.py:499} INFO - Created Permission View: %s
[2024-10-02T02:06:24.708+0000] {logging_mixin.py:151} INFO - [2024-10-02T02:06:24.708+0000] {manager.py:499} INFO - Created Permission View: %s
[2024-10-02T02:06:24.711+0000] {logging_mixin.py:151} INFO - [2024-10-02T02:06:24.711+0000] {security.py:708} INFO - Not syncing DAG-level permissions for DAG 'DAG:example_complex' as access control is unset.
[2024-10-02T02:06:24.714+0000] {logging_mixin.py:151} INFO - [2024-10-02T02:06:24.713+0000] {dag.py:2915} INFO - Sync 1 DAGs
[2024-10-02T02:06:24.736+0000] {logging_mixin.py:151} INFO - [2024-10-02T02:06:24.735+0000] {dag.py:2937} INFO - Creating ORM DAG for example_complex
[2024-10-02T02:06:24.743+0000] {logging_mixin.py:151} INFO - [2024-10-02T02:06:24.743+0000] {dag.py:3696} INFO - Setting next_dagrun for example_complex to None, run_after=None
[2024-10-02T02:06:24.818+0000] {processor.py:179} INFO - Processing /home/airflow/.local/lib/python3.8/site-packages/airflow/example_dags/example_complex.py took 0.474 seconds
[2024-10-02T02:06:55.571+0000] {processor.py:157} INFO - Started process (PID=115) to work on /home/airflow/.local/lib/python3.8/site-packages/airflow/example_dags/example_complex.py
[2024-10-02T02:06:55.573+0000] {processor.py:829} INFO - Processing file /home/airflow/.local/lib/python3.8/site-packages/airflow/example_dags/example_complex.py for tasks to queue
[2024-10-02T02:06:55.581+0000] {logging_mixin.py:151} INFO - [2024-10-02T02:06:55.580+0000] {dagbag.py:539} INFO - Filling up the DagBag from /home/airflow/.local/lib/python3.8/site-packages/airflow/example_dags/example_complex.py
[2024-10-02T02:06:55.597+0000] {processor.py:839} INFO - DAG(s) dict_keys(['example_complex']) retrieved from /home/airflow/.local/lib/python3.8/site-packages/airflow/example_dags/example_complex.py
[2024-10-02T02:06:55.636+0000] {logging_mixin.py:151} INFO - [2024-10-02T02:06:55.635+0000] {dag.py:2915} INFO - Sync 1 DAGs
[2024-10-02T02:06:55.653+0000] {logging_mixin.py:151} INFO - [2024-10-02T02:06:55.653+0000] {dag.py:3696} INFO - Setting next_dagrun for example_complex to None, run_after=None
[2024-10-02T02:06:55.677+0000] {processor.py:179} INFO - Processing /home/airflow/.local/lib/python3.8/site-packages/airflow/example_dags/example_complex.py took 0.110 seconds
[2024-10-02T02:07:26.133+0000] {processor.py:157} INFO - Started process (PID=163) to work on /home/airflow/.local/lib/python3.8/site-packages/airflow/example_dags/example_complex.py
[2024-10-02T02:07:26.137+0000] {processor.py:829} INFO - Processing file /home/airflow/.local/lib/python3.8/site-packages/airflow/example_dags/example_complex.py for tasks to queue
[2024-10-02T02:07:26.142+0000] {logging_mixin.py:151} INFO - [2024-10-02T02:07:26.141+0000] {dagbag.py:539} INFO - Filling up the DagBag from /home/airflow/.local/lib/python3.8/site-packages/airflow/example_dags/example_complex.py
[2024-10-02T02:07:26.160+0000] {processor.py:839} INFO - DAG(s) dict_keys(['example_complex']) retrieved from /home/airflow/.local/lib/python3.8/site-packages/airflow/example_dags/example_complex.py
[2024-10-02T02:07:26.208+0000] {logging_mixin.py:151} INFO - [2024-10-02T02:07:26.208+0000] {dag.py:2915} INFO - Sync 1 DAGs
[2024-10-02T02:07:26.225+0000] {logging_mixin.py:151} INFO - [2024-10-02T02:07:26.225+0000] {dag.py:3696} INFO - Setting next_dagrun for example_complex to None, run_after=None
[2024-10-02T02:07:26.250+0000] {processor.py:179} INFO - Processing /home/airflow/.local/lib/python3.8/site-packages/airflow/example_dags/example_complex.py took 0.122 seconds
[2024-10-02T02:07:56.942+0000] {processor.py:157} INFO - Started process (PID=211) to work on /home/airflow/.local/lib/python3.8/site-packages/airflow/example_dags/example_complex.py
[2024-10-02T02:07:56.944+0000] {processor.py:829} INFO - Processing file /home/airflow/.local/lib/python3.8/site-packages/airflow/example_dags/example_complex.py for tasks to queue
[2024-10-02T02:07:56.948+0000] {logging_mixin.py:151} INFO - [2024-10-02T02:07:56.947+0000] {dagbag.py:539} INFO - Filling up the DagBag from /home/airflow/.local/lib/python3.8/site-packages/airflow/example_dags/example_complex.py
[2024-10-02T02:07:56.967+0000] {processor.py:839} INFO - DAG(s) dict_keys(['example_complex']) retrieved from /home/airflow/.local/lib/python3.8/site-packages/airflow/example_dags/example_complex.py
[2024-10-02T02:07:57.024+0000] {logging_mixin.py:151} INFO - [2024-10-02T02:07:57.024+0000] {dag.py:2915} INFO - Sync 1 DAGs
[2024-10-02T02:07:57.044+0000] {logging_mixin.py:151} INFO - [2024-10-02T02:07:57.044+0000] {dag.py:3696} INFO - Setting next_dagrun for example_complex to None, run_after=None
[2024-10-02T02:07:57.075+0000] {processor.py:179} INFO - Processing /home/airflow/.local/lib/python3.8/site-packages/airflow/example_dags/example_complex.py took 0.139 seconds
[2024-10-02T02:08:27.126+0000] {processor.py:157} INFO - Started process (PID=259) to work on /home/airflow/.local/lib/python3.8/site-packages/airflow/example_dags/example_complex.py
[2024-10-02T02:08:27.128+0000] {processor.py:829} INFO - Processing file /home/airflow/.local/lib/python3.8/site-packages/airflow/example_dags/example_complex.py for tasks to queue
[2024-10-02T02:08:27.132+0000] {logging_mixin.py:151} INFO - [2024-10-02T02:08:27.132+0000] {dagbag.py:539} INFO - Filling up the DagBag from /home/airflow/.local/lib/python3.8/site-packages/airflow/example_dags/example_complex.py
[2024-10-02T02:08:27.150+0000] {processor.py:839} INFO - DAG(s) dict_keys(['example_complex']) retrieved from /home/airflow/.local/lib/python3.8/site-packages/airflow/example_dags/example_complex.py
[2024-10-02T02:08:27.192+0000] {logging_mixin.py:151} INFO - [2024-10-02T02:08:27.191+0000] {dag.py:2915} INFO - Sync 1 DAGs
[2024-10-02T02:08:27.209+0000] {logging_mixin.py:151} INFO - [2024-10-02T02:08:27.208+0000] {dag.py:3696} INFO - Setting next_dagrun for example_complex to None, run_after=None
[2024-10-02T02:08:27.231+0000] {processor.py:179} INFO - Processing /home/airflow/.local/lib/python3.8/site-packages/airflow/example_dags/example_complex.py took 0.111 seconds
[2024-10-02T02:08:57.365+0000] {processor.py:157} INFO - Started process (PID=307) to work on /home/airflow/.local/lib/python3.8/site-packages/airflow/example_dags/example_complex.py
[2024-10-02T02:08:57.367+0000] {processor.py:829} INFO - Processing file /home/airflow/.local/lib/python3.8/site-packages/airflow/example_dags/example_complex.py for tasks to queue
[2024-10-02T02:08:57.371+0000] {logging_mixin.py:151} INFO - [2024-10-02T02:08:57.371+0000] {dagbag.py:539} INFO - Filling up the DagBag from /home/airflow/.local/lib/python3.8/site-packages/airflow/example_dags/example_complex.py
[2024-10-02T02:08:57.388+0000] {processor.py:839} INFO - DAG(s) dict_keys(['example_complex']) retrieved from /home/airflow/.local/lib/python3.8/site-packages/airflow/example_dags/example_complex.py
[2024-10-02T02:08:57.428+0000] {logging_mixin.py:151} INFO - [2024-10-02T02:08:57.427+0000] {dag.py:2915} INFO - Sync 1 DAGs
[2024-10-02T02:08:57.444+0000] {logging_mixin.py:151} INFO - [2024-10-02T02:08:57.444+0000] {dag.py:3696} INFO - Setting next_dagrun for example_complex to None, run_after=None
[2024-10-02T02:08:57.473+0000] {processor.py:179} INFO - Processing /home/airflow/.local/lib/python3.8/site-packages/airflow/example_dags/example_complex.py took 0.113 seconds
[2024-10-02T02:09:28.606+0000] {processor.py:157} INFO - Started process (PID=355) to work on /home/airflow/.local/lib/python3.8/site-packages/airflow/example_dags/example_complex.py
[2024-10-02T02:09:28.609+0000] {processor.py:829} INFO - Processing file /home/airflow/.local/lib/python3.8/site-packages/airflow/example_dags/example_complex.py for tasks to queue
[2024-10-02T02:09:28.613+0000] {logging_mixin.py:151} INFO - [2024-10-02T02:09:28.612+0000] {dagbag.py:539} INFO - Filling up the DagBag from /home/airflow/.local/lib/python3.8/site-packages/airflow/example_dags/example_complex.py
[2024-10-02T02:09:28.631+0000] {processor.py:839} INFO - DAG(s) dict_keys(['example_complex']) retrieved from /home/airflow/.local/lib/python3.8/site-packages/airflow/example_dags/example_complex.py
[2024-10-02T02:09:28.672+0000] {logging_mixin.py:151} INFO - [2024-10-02T02:09:28.671+0000] {dag.py:2915} INFO - Sync 1 DAGs
[2024-10-02T02:09:28.686+0000] {logging_mixin.py:151} INFO - [2024-10-02T02:09:28.685+0000] {dag.py:3696} INFO - Setting next_dagrun for example_complex to None, run_after=None
[2024-10-02T02:09:28.708+0000] {processor.py:179} INFO - Processing /home/airflow/.local/lib/python3.8/site-packages/airflow/example_dags/example_complex.py took 0.106 seconds
[2024-10-02T02:09:59.662+0000] {processor.py:157} INFO - Started process (PID=403) to work on /home/airflow/.local/lib/python3.8/site-packages/airflow/example_dags/example_complex.py
[2024-10-02T02:09:59.667+0000] {processor.py:829} INFO - Processing file /home/airflow/.local/lib/python3.8/site-packages/airflow/example_dags/example_complex.py for tasks to queue
[2024-10-02T02:09:59.678+0000] {logging_mixin.py:151} INFO - [2024-10-02T02:09:59.677+0000] {dagbag.py:539} INFO - Filling up the DagBag from /home/airflow/.local/lib/python3.8/site-packages/airflow/example_dags/example_complex.py
[2024-10-02T02:09:59.714+0000] {processor.py:839} INFO - DAG(s) dict_keys(['example_complex']) retrieved from /home/airflow/.local/lib/python3.8/site-packages/airflow/example_dags/example_complex.py
[2024-10-02T02:09:59.777+0000] {logging_mixin.py:151} INFO - [2024-10-02T02:09:59.777+0000] {dag.py:2915} INFO - Sync 1 DAGs
[2024-10-02T02:09:59.799+0000] {logging_mixin.py:151} INFO - [2024-10-02T02:09:59.798+0000] {dag.py:3696} INFO - Setting next_dagrun for example_complex to None, run_after=None
[2024-10-02T02:09:59.826+0000] {processor.py:179} INFO - Processing /home/airflow/.local/lib/python3.8/site-packages/airflow/example_dags/example_complex.py took 0.168 seconds
