[2024-10-02 01:23:30,807] {scheduler_job.py:182} INFO - Started process (PID=37) to work on /home/airflow/.local/lib/python3.6/site-packages/airflow/example_dags/example_latest_only.py
[2024-10-02 01:23:30,809] {scheduler_job.py:629} INFO - Processing file /home/airflow/.local/lib/python3.6/site-packages/airflow/example_dags/example_latest_only.py for tasks to queue
[2024-10-02 01:23:30,810] {logging_mixin.py:104} INFO - [2024-10-02 01:23:30,810] {dagbag.py:451} INFO - Filling up the DagBag from /home/airflow/.local/lib/python3.6/site-packages/airflow/example_dags/example_latest_only.py
[2024-10-02 01:23:30,829] {scheduler_job.py:639} INFO - DAG(s) dict_keys(['latest_only']) retrieved from /home/airflow/.local/lib/python3.6/site-packages/airflow/example_dags/example_latest_only.py
[2024-10-02 01:23:30,868] {logging_mixin.py:104} INFO - [2024-10-02 01:23:30,868] {dag.py:1824} INFO - Sync 1 DAGs
[2024-10-02 01:23:30,881] {logging_mixin.py:104} INFO - [2024-10-02 01:23:30,880] {dag.py:1843} INFO - Creating ORM DAG for latest_only
[2024-10-02 01:23:30,888] {logging_mixin.py:104} INFO - [2024-10-02 01:23:30,888] {dag.py:2280} INFO - Setting next_dagrun for latest_only to 2024-09-30 00:00:00+00:00
[2024-10-02 01:23:30,917] {scheduler_job.py:190} INFO - Processing /home/airflow/.local/lib/python3.6/site-packages/airflow/example_dags/example_latest_only.py took 0.113 seconds
[2024-10-02 01:24:02,165] {scheduler_job.py:182} INFO - Started process (PID=67) to work on /home/airflow/.local/lib/python3.6/site-packages/airflow/example_dags/example_latest_only.py
[2024-10-02 01:24:02,167] {scheduler_job.py:629} INFO - Processing file /home/airflow/.local/lib/python3.6/site-packages/airflow/example_dags/example_latest_only.py for tasks to queue
[2024-10-02 01:24:02,169] {logging_mixin.py:104} INFO - [2024-10-02 01:24:02,168] {dagbag.py:451} INFO - Filling up the DagBag from /home/airflow/.local/lib/python3.6/site-packages/airflow/example_dags/example_latest_only.py
[2024-10-02 01:24:02,185] {scheduler_job.py:639} INFO - DAG(s) dict_keys(['latest_only']) retrieved from /home/airflow/.local/lib/python3.6/site-packages/airflow/example_dags/example_latest_only.py
[2024-10-02 01:24:02,226] {logging_mixin.py:104} INFO - [2024-10-02 01:24:02,225] {dag.py:1824} INFO - Sync 1 DAGs
[2024-10-02 01:24:02,243] {logging_mixin.py:104} INFO - [2024-10-02 01:24:02,243] {dag.py:2280} INFO - Setting next_dagrun for latest_only to 2024-09-30 00:00:00+00:00
[2024-10-02 01:24:02,257] {scheduler_job.py:190} INFO - Processing /home/airflow/.local/lib/python3.6/site-packages/airflow/example_dags/example_latest_only.py took 0.097 seconds
[2024-10-02 01:24:32,666] {scheduler_job.py:182} INFO - Started process (PID=97) to work on /home/airflow/.local/lib/python3.6/site-packages/airflow/example_dags/example_latest_only.py
[2024-10-02 01:24:32,669] {scheduler_job.py:629} INFO - Processing file /home/airflow/.local/lib/python3.6/site-packages/airflow/example_dags/example_latest_only.py for tasks to queue
[2024-10-02 01:24:32,672] {logging_mixin.py:104} INFO - [2024-10-02 01:24:32,672] {dagbag.py:451} INFO - Filling up the DagBag from /home/airflow/.local/lib/python3.6/site-packages/airflow/example_dags/example_latest_only.py
[2024-10-02 01:24:32,687] {scheduler_job.py:639} INFO - DAG(s) dict_keys(['latest_only']) retrieved from /home/airflow/.local/lib/python3.6/site-packages/airflow/example_dags/example_latest_only.py
[2024-10-02 01:24:32,722] {logging_mixin.py:104} INFO - [2024-10-02 01:24:32,722] {dag.py:1824} INFO - Sync 1 DAGs
[2024-10-02 01:24:32,746] {logging_mixin.py:104} INFO - [2024-10-02 01:24:32,746] {dag.py:2280} INFO - Setting next_dagrun for latest_only to 2024-09-30 00:00:00+00:00
[2024-10-02 01:24:32,760] {scheduler_job.py:190} INFO - Processing /home/airflow/.local/lib/python3.6/site-packages/airflow/example_dags/example_latest_only.py took 0.099 seconds
[2024-10-02 01:25:04,734] {scheduler_job.py:182} INFO - Started process (PID=132) to work on /home/airflow/.local/lib/python3.6/site-packages/airflow/example_dags/example_latest_only.py
[2024-10-02 01:25:04,741] {scheduler_job.py:629} INFO - Processing file /home/airflow/.local/lib/python3.6/site-packages/airflow/example_dags/example_latest_only.py for tasks to queue
[2024-10-02 01:25:04,773] {logging_mixin.py:104} INFO - [2024-10-02 01:25:04,773] {dagbag.py:451} INFO - Filling up the DagBag from /home/airflow/.local/lib/python3.6/site-packages/airflow/example_dags/example_latest_only.py
[2024-10-02 01:25:04,828] {scheduler_job.py:639} INFO - DAG(s) dict_keys(['latest_only']) retrieved from /home/airflow/.local/lib/python3.6/site-packages/airflow/example_dags/example_latest_only.py
[2024-10-02 01:25:04,902] {logging_mixin.py:104} INFO - [2024-10-02 01:25:04,902] {dag.py:1824} INFO - Sync 1 DAGs
[2024-10-02 01:25:04,935] {logging_mixin.py:104} INFO - [2024-10-02 01:25:04,935] {dag.py:2280} INFO - Setting next_dagrun for latest_only to 2024-09-30 00:00:00+00:00
[2024-10-02 01:25:04,960] {scheduler_job.py:190} INFO - Processing /home/airflow/.local/lib/python3.6/site-packages/airflow/example_dags/example_latest_only.py took 0.230 seconds
[2024-10-02 01:25:35,632] {scheduler_job.py:182} INFO - Started process (PID=159) to work on /home/airflow/.local/lib/python3.6/site-packages/airflow/example_dags/example_latest_only.py
[2024-10-02 01:25:35,634] {scheduler_job.py:629} INFO - Processing file /home/airflow/.local/lib/python3.6/site-packages/airflow/example_dags/example_latest_only.py for tasks to queue
[2024-10-02 01:25:35,635] {logging_mixin.py:104} INFO - [2024-10-02 01:25:35,634] {dagbag.py:451} INFO - Filling up the DagBag from /home/airflow/.local/lib/python3.6/site-packages/airflow/example_dags/example_latest_only.py
[2024-10-02 01:25:35,646] {scheduler_job.py:639} INFO - DAG(s) dict_keys(['latest_only']) retrieved from /home/airflow/.local/lib/python3.6/site-packages/airflow/example_dags/example_latest_only.py
[2024-10-02 01:25:35,671] {logging_mixin.py:104} INFO - [2024-10-02 01:25:35,670] {dag.py:1824} INFO - Sync 1 DAGs
[2024-10-02 01:25:35,689] {logging_mixin.py:104} INFO - [2024-10-02 01:25:35,689] {dag.py:2280} INFO - Setting next_dagrun for latest_only to 2024-09-30 00:00:00+00:00
[2024-10-02 01:25:35,697] {scheduler_job.py:190} INFO - Processing /home/airflow/.local/lib/python3.6/site-packages/airflow/example_dags/example_latest_only.py took 0.069 seconds
[2024-10-02 01:26:06,145] {scheduler_job.py:182} INFO - Started process (PID=186) to work on /home/airflow/.local/lib/python3.6/site-packages/airflow/example_dags/example_latest_only.py
[2024-10-02 01:26:06,156] {scheduler_job.py:629} INFO - Processing file /home/airflow/.local/lib/python3.6/site-packages/airflow/example_dags/example_latest_only.py for tasks to queue
[2024-10-02 01:26:06,177] {logging_mixin.py:104} INFO - [2024-10-02 01:26:06,176] {dagbag.py:451} INFO - Filling up the DagBag from /home/airflow/.local/lib/python3.6/site-packages/airflow/example_dags/example_latest_only.py
[2024-10-02 01:26:06,218] {scheduler_job.py:639} INFO - DAG(s) dict_keys(['latest_only']) retrieved from /home/airflow/.local/lib/python3.6/site-packages/airflow/example_dags/example_latest_only.py
[2024-10-02 01:26:06,327] {logging_mixin.py:104} INFO - [2024-10-02 01:26:06,326] {dag.py:1824} INFO - Sync 1 DAGs
[2024-10-02 01:26:06,352] {logging_mixin.py:104} INFO - [2024-10-02 01:26:06,352] {dag.py:2280} INFO - Setting next_dagrun for latest_only to 2024-09-30 00:00:00+00:00
[2024-10-02 01:26:06,368] {scheduler_job.py:190} INFO - Processing /home/airflow/.local/lib/python3.6/site-packages/airflow/example_dags/example_latest_only.py took 0.229 seconds
[2024-10-02 01:26:36,966] {scheduler_job.py:182} INFO - Started process (PID=213) to work on /home/airflow/.local/lib/python3.6/site-packages/airflow/example_dags/example_latest_only.py
[2024-10-02 01:26:36,967] {scheduler_job.py:629} INFO - Processing file /home/airflow/.local/lib/python3.6/site-packages/airflow/example_dags/example_latest_only.py for tasks to queue
[2024-10-02 01:26:36,969] {logging_mixin.py:104} INFO - [2024-10-02 01:26:36,968] {dagbag.py:451} INFO - Filling up the DagBag from /home/airflow/.local/lib/python3.6/site-packages/airflow/example_dags/example_latest_only.py
[2024-10-02 01:26:36,978] {scheduler_job.py:639} INFO - DAG(s) dict_keys(['latest_only']) retrieved from /home/airflow/.local/lib/python3.6/site-packages/airflow/example_dags/example_latest_only.py
[2024-10-02 01:26:37,002] {logging_mixin.py:104} INFO - [2024-10-02 01:26:37,002] {dag.py:1824} INFO - Sync 1 DAGs
[2024-10-02 01:26:37,016] {logging_mixin.py:104} INFO - [2024-10-02 01:26:37,016] {dag.py:2280} INFO - Setting next_dagrun for latest_only to 2024-09-30 00:00:00+00:00
[2024-10-02 01:26:37,036] {scheduler_job.py:190} INFO - Processing /home/airflow/.local/lib/python3.6/site-packages/airflow/example_dags/example_latest_only.py took 0.073 seconds
[2024-10-02 01:27:08,217] {scheduler_job.py:182} INFO - Started process (PID=240) to work on /home/airflow/.local/lib/python3.6/site-packages/airflow/example_dags/example_latest_only.py
[2024-10-02 01:27:08,222] {scheduler_job.py:629} INFO - Processing file /home/airflow/.local/lib/python3.6/site-packages/airflow/example_dags/example_latest_only.py for tasks to queue
[2024-10-02 01:27:08,225] {logging_mixin.py:104} INFO - [2024-10-02 01:27:08,225] {dagbag.py:451} INFO - Filling up the DagBag from /home/airflow/.local/lib/python3.6/site-packages/airflow/example_dags/example_latest_only.py
[2024-10-02 01:27:08,245] {scheduler_job.py:639} INFO - DAG(s) dict_keys(['latest_only']) retrieved from /home/airflow/.local/lib/python3.6/site-packages/airflow/example_dags/example_latest_only.py
[2024-10-02 01:27:08,289] {logging_mixin.py:104} INFO - [2024-10-02 01:27:08,288] {dag.py:1824} INFO - Sync 1 DAGs
[2024-10-02 01:27:08,320] {logging_mixin.py:104} INFO - [2024-10-02 01:27:08,320] {dag.py:2280} INFO - Setting next_dagrun for latest_only to 2024-09-30 00:00:00+00:00
[2024-10-02 01:27:08,336] {scheduler_job.py:190} INFO - Processing /home/airflow/.local/lib/python3.6/site-packages/airflow/example_dags/example_latest_only.py took 0.124 seconds
[2024-10-02 01:27:39,203] {scheduler_job.py:182} INFO - Started process (PID=267) to work on /home/airflow/.local/lib/python3.6/site-packages/airflow/example_dags/example_latest_only.py
[2024-10-02 01:27:39,211] {scheduler_job.py:629} INFO - Processing file /home/airflow/.local/lib/python3.6/site-packages/airflow/example_dags/example_latest_only.py for tasks to queue
[2024-10-02 01:27:39,214] {logging_mixin.py:104} INFO - [2024-10-02 01:27:39,213] {dagbag.py:451} INFO - Filling up the DagBag from /home/airflow/.local/lib/python3.6/site-packages/airflow/example_dags/example_latest_only.py
[2024-10-02 01:27:39,233] {scheduler_job.py:639} INFO - DAG(s) dict_keys(['latest_only']) retrieved from /home/airflow/.local/lib/python3.6/site-packages/airflow/example_dags/example_latest_only.py
[2024-10-02 01:27:39,332] {logging_mixin.py:104} INFO - [2024-10-02 01:27:39,330] {dag.py:1824} INFO - Sync 1 DAGs
[2024-10-02 01:27:39,374] {logging_mixin.py:104} INFO - [2024-10-02 01:27:39,374] {dag.py:2280} INFO - Setting next_dagrun for latest_only to 2024-09-30 00:00:00+00:00
[2024-10-02 01:27:39,388] {scheduler_job.py:190} INFO - Processing /home/airflow/.local/lib/python3.6/site-packages/airflow/example_dags/example_latest_only.py took 0.189 seconds
[2024-10-02 01:28:09,846] {scheduler_job.py:182} INFO - Started process (PID=289) to work on /home/airflow/.local/lib/python3.6/site-packages/airflow/example_dags/example_latest_only.py
[2024-10-02 01:28:09,848] {scheduler_job.py:629} INFO - Processing file /home/airflow/.local/lib/python3.6/site-packages/airflow/example_dags/example_latest_only.py for tasks to queue
[2024-10-02 01:28:09,850] {logging_mixin.py:104} INFO - [2024-10-02 01:28:09,849] {dagbag.py:451} INFO - Filling up the DagBag from /home/airflow/.local/lib/python3.6/site-packages/airflow/example_dags/example_latest_only.py
[2024-10-02 01:28:09,861] {scheduler_job.py:639} INFO - DAG(s) dict_keys(['latest_only']) retrieved from /home/airflow/.local/lib/python3.6/site-packages/airflow/example_dags/example_latest_only.py
[2024-10-02 01:28:09,888] {logging_mixin.py:104} INFO - [2024-10-02 01:28:09,887] {dag.py:1824} INFO - Sync 1 DAGs
[2024-10-02 01:28:09,901] {logging_mixin.py:104} INFO - [2024-10-02 01:28:09,900] {dag.py:2280} INFO - Setting next_dagrun for latest_only to 2024-09-30 00:00:00+00:00
[2024-10-02 01:28:09,908] {scheduler_job.py:190} INFO - Processing /home/airflow/.local/lib/python3.6/site-packages/airflow/example_dags/example_latest_only.py took 0.066 seconds
[2024-10-02 01:28:40,643] {scheduler_job.py:182} INFO - Started process (PID=316) to work on /home/airflow/.local/lib/python3.6/site-packages/airflow/example_dags/example_latest_only.py
[2024-10-02 01:28:40,645] {scheduler_job.py:629} INFO - Processing file /home/airflow/.local/lib/python3.6/site-packages/airflow/example_dags/example_latest_only.py for tasks to queue
[2024-10-02 01:28:40,647] {logging_mixin.py:104} INFO - [2024-10-02 01:28:40,646] {dagbag.py:451} INFO - Filling up the DagBag from /home/airflow/.local/lib/python3.6/site-packages/airflow/example_dags/example_latest_only.py
[2024-10-02 01:28:40,657] {scheduler_job.py:639} INFO - DAG(s) dict_keys(['latest_only']) retrieved from /home/airflow/.local/lib/python3.6/site-packages/airflow/example_dags/example_latest_only.py
[2024-10-02 01:28:40,689] {logging_mixin.py:104} INFO - [2024-10-02 01:28:40,689] {dag.py:1824} INFO - Sync 1 DAGs
[2024-10-02 01:28:40,708] {logging_mixin.py:104} INFO - [2024-10-02 01:28:40,708] {dag.py:2280} INFO - Setting next_dagrun for latest_only to 2024-09-30 00:00:00+00:00
[2024-10-02 01:28:40,720] {scheduler_job.py:190} INFO - Processing /home/airflow/.local/lib/python3.6/site-packages/airflow/example_dags/example_latest_only.py took 0.080 seconds
[2024-10-02T01:32:04.828+0000] {processor.py:157} INFO - Started process (PID=31) to work on /home/airflow/.local/lib/python3.8/site-packages/airflow/example_dags/example_latest_only.py
[2024-10-02T01:32:04.839+0000] {processor.py:829} INFO - Processing file /home/airflow/.local/lib/python3.8/site-packages/airflow/example_dags/example_latest_only.py for tasks to queue
[2024-10-02T01:32:04.860+0000] {logging_mixin.py:151} INFO - [2024-10-02T01:32:04.860+0000] {dagbag.py:539} INFO - Filling up the DagBag from /home/airflow/.local/lib/python3.8/site-packages/airflow/example_dags/example_latest_only.py
[2024-10-02T01:32:05.005+0000] {processor.py:839} INFO - DAG(s) dict_keys(['latest_only']) retrieved from /home/airflow/.local/lib/python3.8/site-packages/airflow/example_dags/example_latest_only.py
[2024-10-02T01:32:06.065+0000] {logging_mixin.py:151} INFO - [2024-10-02T01:32:06.064+0000] {manager.py:499} INFO - Created Permission View: %s
[2024-10-02T01:32:06.119+0000] {logging_mixin.py:151} INFO - [2024-10-02T01:32:06.118+0000] {manager.py:499} INFO - Created Permission View: %s
[2024-10-02T01:32:06.137+0000] {logging_mixin.py:151} INFO - [2024-10-02T01:32:06.136+0000] {manager.py:499} INFO - Created Permission View: %s
[2024-10-02T01:32:06.144+0000] {logging_mixin.py:151} INFO - [2024-10-02T01:32:06.143+0000] {security.py:708} INFO - Not syncing DAG-level permissions for DAG 'DAG:latest_only' as access control is unset.
[2024-10-02T01:32:06.152+0000] {logging_mixin.py:151} INFO - [2024-10-02T01:32:06.151+0000] {dag.py:2915} INFO - Sync 1 DAGs
[2024-10-02T01:32:06.182+0000] {logging_mixin.py:151} INFO - [2024-10-02T01:32:06.182+0000] {dag.py:2937} INFO - Creating ORM DAG for latest_only
[2024-10-02T01:32:06.198+0000] {logging_mixin.py:151} INFO - [2024-10-02T01:32:06.198+0000] {dag.py:3696} INFO - Setting next_dagrun for latest_only to 2024-10-01T21:32:06.197097+00:00, run_after=2024-10-02T01:32:06.197097+00:00
[2024-10-02T01:32:06.227+0000] {processor.py:179} INFO - Processing /home/airflow/.local/lib/python3.8/site-packages/airflow/example_dags/example_latest_only.py took 1.426 seconds
[2024-10-02T01:32:36.708+0000] {processor.py:157} INFO - Started process (PID=79) to work on /home/airflow/.local/lib/python3.8/site-packages/airflow/example_dags/example_latest_only.py
[2024-10-02T01:32:36.714+0000] {processor.py:829} INFO - Processing file /home/airflow/.local/lib/python3.8/site-packages/airflow/example_dags/example_latest_only.py for tasks to queue
[2024-10-02T01:32:36.722+0000] {logging_mixin.py:151} INFO - [2024-10-02T01:32:36.721+0000] {dagbag.py:539} INFO - Filling up the DagBag from /home/airflow/.local/lib/python3.8/site-packages/airflow/example_dags/example_latest_only.py
[2024-10-02T01:32:36.750+0000] {processor.py:839} INFO - DAG(s) dict_keys(['latest_only']) retrieved from /home/airflow/.local/lib/python3.8/site-packages/airflow/example_dags/example_latest_only.py
[2024-10-02T01:32:36.826+0000] {logging_mixin.py:151} INFO - [2024-10-02T01:32:36.826+0000] {dag.py:2915} INFO - Sync 1 DAGs
[2024-10-02T01:32:36.946+0000] {logging_mixin.py:151} INFO - [2024-10-02T01:32:36.945+0000] {dag.py:3696} INFO - Setting next_dagrun for latest_only to 2024-10-01T21:32:36.944346+00:00, run_after=2024-10-02T01:32:36.944346+00:00
[2024-10-02T01:32:37.011+0000] {processor.py:179} INFO - Processing /home/airflow/.local/lib/python3.8/site-packages/airflow/example_dags/example_latest_only.py took 0.332 seconds
[2024-10-02T01:33:07.162+0000] {processor.py:157} INFO - Started process (PID=127) to work on /home/airflow/.local/lib/python3.8/site-packages/airflow/example_dags/example_latest_only.py
[2024-10-02T01:33:07.165+0000] {processor.py:829} INFO - Processing file /home/airflow/.local/lib/python3.8/site-packages/airflow/example_dags/example_latest_only.py for tasks to queue
[2024-10-02T01:33:07.170+0000] {logging_mixin.py:151} INFO - [2024-10-02T01:33:07.170+0000] {dagbag.py:539} INFO - Filling up the DagBag from /home/airflow/.local/lib/python3.8/site-packages/airflow/example_dags/example_latest_only.py
[2024-10-02T01:33:07.192+0000] {processor.py:839} INFO - DAG(s) dict_keys(['latest_only']) retrieved from /home/airflow/.local/lib/python3.8/site-packages/airflow/example_dags/example_latest_only.py
[2024-10-02T01:33:07.313+0000] {logging_mixin.py:151} INFO - [2024-10-02T01:33:07.312+0000] {dag.py:2915} INFO - Sync 1 DAGs
[2024-10-02T01:33:07.365+0000] {logging_mixin.py:151} INFO - [2024-10-02T01:33:07.365+0000] {dag.py:3696} INFO - Setting next_dagrun for latest_only to 2024-10-01T21:33:07.363186+00:00, run_after=2024-10-02T01:33:07.363186+00:00
[2024-10-02T01:33:07.397+0000] {processor.py:179} INFO - Processing /home/airflow/.local/lib/python3.8/site-packages/airflow/example_dags/example_latest_only.py took 0.242 seconds
[2024-10-02T01:33:38.405+0000] {processor.py:157} INFO - Started process (PID=175) to work on /home/airflow/.local/lib/python3.8/site-packages/airflow/example_dags/example_latest_only.py
[2024-10-02T01:33:38.410+0000] {processor.py:829} INFO - Processing file /home/airflow/.local/lib/python3.8/site-packages/airflow/example_dags/example_latest_only.py for tasks to queue
[2024-10-02T01:33:38.420+0000] {logging_mixin.py:151} INFO - [2024-10-02T01:33:38.419+0000] {dagbag.py:539} INFO - Filling up the DagBag from /home/airflow/.local/lib/python3.8/site-packages/airflow/example_dags/example_latest_only.py
[2024-10-02T01:33:38.469+0000] {processor.py:839} INFO - DAG(s) dict_keys(['latest_only']) retrieved from /home/airflow/.local/lib/python3.8/site-packages/airflow/example_dags/example_latest_only.py
[2024-10-02T01:33:38.605+0000] {logging_mixin.py:151} INFO - [2024-10-02T01:33:38.605+0000] {dag.py:2915} INFO - Sync 1 DAGs
[2024-10-02T01:33:38.728+0000] {logging_mixin.py:151} INFO - [2024-10-02T01:33:38.724+0000] {dag.py:3696} INFO - Setting next_dagrun for latest_only to 2024-10-01T21:33:38.717919+00:00, run_after=2024-10-02T01:33:38.717919+00:00
[2024-10-02T01:33:38.814+0000] {processor.py:179} INFO - Processing /home/airflow/.local/lib/python3.8/site-packages/airflow/example_dags/example_latest_only.py took 0.425 seconds
[2024-10-02T01:34:09.316+0000] {processor.py:157} INFO - Started process (PID=223) to work on /home/airflow/.local/lib/python3.8/site-packages/airflow/example_dags/example_latest_only.py
[2024-10-02T01:34:09.319+0000] {processor.py:829} INFO - Processing file /home/airflow/.local/lib/python3.8/site-packages/airflow/example_dags/example_latest_only.py for tasks to queue
[2024-10-02T01:34:09.326+0000] {logging_mixin.py:151} INFO - [2024-10-02T01:34:09.325+0000] {dagbag.py:539} INFO - Filling up the DagBag from /home/airflow/.local/lib/python3.8/site-packages/airflow/example_dags/example_latest_only.py
[2024-10-02T01:34:09.351+0000] {processor.py:839} INFO - DAG(s) dict_keys(['latest_only']) retrieved from /home/airflow/.local/lib/python3.8/site-packages/airflow/example_dags/example_latest_only.py
[2024-10-02T01:34:09.424+0000] {logging_mixin.py:151} INFO - [2024-10-02T01:34:09.424+0000] {dag.py:2915} INFO - Sync 1 DAGs
[2024-10-02T01:34:09.475+0000] {logging_mixin.py:151} INFO - [2024-10-02T01:34:09.474+0000] {dag.py:3696} INFO - Setting next_dagrun for latest_only to 2024-10-01T21:34:09.472114+00:00, run_after=2024-10-02T01:34:09.472114+00:00
[2024-10-02T01:34:09.553+0000] {processor.py:179} INFO - Processing /home/airflow/.local/lib/python3.8/site-packages/airflow/example_dags/example_latest_only.py took 0.244 seconds
[2024-10-02T01:34:40.470+0000] {processor.py:157} INFO - Started process (PID=271) to work on /home/airflow/.local/lib/python3.8/site-packages/airflow/example_dags/example_latest_only.py
[2024-10-02T01:34:40.475+0000] {processor.py:829} INFO - Processing file /home/airflow/.local/lib/python3.8/site-packages/airflow/example_dags/example_latest_only.py for tasks to queue
[2024-10-02T01:34:40.493+0000] {logging_mixin.py:151} INFO - [2024-10-02T01:34:40.491+0000] {dagbag.py:539} INFO - Filling up the DagBag from /home/airflow/.local/lib/python3.8/site-packages/airflow/example_dags/example_latest_only.py
[2024-10-02T01:34:40.536+0000] {processor.py:839} INFO - DAG(s) dict_keys(['latest_only']) retrieved from /home/airflow/.local/lib/python3.8/site-packages/airflow/example_dags/example_latest_only.py
[2024-10-02T01:34:40.604+0000] {logging_mixin.py:151} INFO - [2024-10-02T01:34:40.604+0000] {dag.py:2915} INFO - Sync 1 DAGs
[2024-10-02T01:34:40.657+0000] {logging_mixin.py:151} INFO - [2024-10-02T01:34:40.656+0000] {dag.py:3696} INFO - Setting next_dagrun for latest_only to 2024-10-01T21:34:40.651343+00:00, run_after=2024-10-02T01:34:40.651343+00:00
[2024-10-02T01:34:40.699+0000] {processor.py:179} INFO - Processing /home/airflow/.local/lib/python3.8/site-packages/airflow/example_dags/example_latest_only.py took 0.264 seconds
[2024-10-02T01:35:10.863+0000] {processor.py:157} INFO - Started process (PID=319) to work on /home/airflow/.local/lib/python3.8/site-packages/airflow/example_dags/example_latest_only.py
[2024-10-02T01:35:10.887+0000] {processor.py:829} INFO - Processing file /home/airflow/.local/lib/python3.8/site-packages/airflow/example_dags/example_latest_only.py for tasks to queue
[2024-10-02T01:35:10.926+0000] {logging_mixin.py:151} INFO - [2024-10-02T01:35:10.923+0000] {dagbag.py:539} INFO - Filling up the DagBag from /home/airflow/.local/lib/python3.8/site-packages/airflow/example_dags/example_latest_only.py
[2024-10-02T01:35:11.027+0000] {processor.py:839} INFO - DAG(s) dict_keys(['latest_only']) retrieved from /home/airflow/.local/lib/python3.8/site-packages/airflow/example_dags/example_latest_only.py
[2024-10-02T01:35:11.123+0000] {logging_mixin.py:151} INFO - [2024-10-02T01:35:11.123+0000] {dag.py:2915} INFO - Sync 1 DAGs
[2024-10-02T01:35:11.211+0000] {logging_mixin.py:151} INFO - [2024-10-02T01:35:11.210+0000] {dag.py:3696} INFO - Setting next_dagrun for latest_only to 2024-10-01T21:35:11.208470+00:00, run_after=2024-10-02T01:35:11.208470+00:00
[2024-10-02T01:35:11.257+0000] {processor.py:179} INFO - Processing /home/airflow/.local/lib/python3.8/site-packages/airflow/example_dags/example_latest_only.py took 0.411 seconds
[2024-10-02T01:35:41.711+0000] {processor.py:157} INFO - Started process (PID=367) to work on /home/airflow/.local/lib/python3.8/site-packages/airflow/example_dags/example_latest_only.py
[2024-10-02T01:35:41.716+0000] {processor.py:829} INFO - Processing file /home/airflow/.local/lib/python3.8/site-packages/airflow/example_dags/example_latest_only.py for tasks to queue
[2024-10-02T01:35:41.724+0000] {logging_mixin.py:151} INFO - [2024-10-02T01:35:41.723+0000] {dagbag.py:539} INFO - Filling up the DagBag from /home/airflow/.local/lib/python3.8/site-packages/airflow/example_dags/example_latest_only.py
[2024-10-02T01:35:41.768+0000] {processor.py:839} INFO - DAG(s) dict_keys(['latest_only']) retrieved from /home/airflow/.local/lib/python3.8/site-packages/airflow/example_dags/example_latest_only.py
[2024-10-02T01:35:41.838+0000] {logging_mixin.py:151} INFO - [2024-10-02T01:35:41.838+0000] {dag.py:2915} INFO - Sync 1 DAGs
[2024-10-02T01:35:41.890+0000] {logging_mixin.py:151} INFO - [2024-10-02T01:35:41.889+0000] {dag.py:3696} INFO - Setting next_dagrun for latest_only to 2024-10-01T21:35:41.888072+00:00, run_after=2024-10-02T01:35:41.888072+00:00
[2024-10-02T01:35:41.942+0000] {processor.py:179} INFO - Processing /home/airflow/.local/lib/python3.8/site-packages/airflow/example_dags/example_latest_only.py took 0.240 seconds
[2024-10-02T01:36:12.127+0000] {processor.py:157} INFO - Started process (PID=415) to work on /home/airflow/.local/lib/python3.8/site-packages/airflow/example_dags/example_latest_only.py
[2024-10-02T01:36:12.135+0000] {processor.py:829} INFO - Processing file /home/airflow/.local/lib/python3.8/site-packages/airflow/example_dags/example_latest_only.py for tasks to queue
[2024-10-02T01:36:12.139+0000] {logging_mixin.py:151} INFO - [2024-10-02T01:36:12.138+0000] {dagbag.py:539} INFO - Filling up the DagBag from /home/airflow/.local/lib/python3.8/site-packages/airflow/example_dags/example_latest_only.py
[2024-10-02T01:36:12.161+0000] {processor.py:839} INFO - DAG(s) dict_keys(['latest_only']) retrieved from /home/airflow/.local/lib/python3.8/site-packages/airflow/example_dags/example_latest_only.py
[2024-10-02T01:36:12.226+0000] {logging_mixin.py:151} INFO - [2024-10-02T01:36:12.223+0000] {dag.py:2915} INFO - Sync 1 DAGs
[2024-10-02T01:36:12.268+0000] {logging_mixin.py:151} INFO - [2024-10-02T01:36:12.267+0000] {dag.py:3696} INFO - Setting next_dagrun for latest_only to 2024-10-01T21:36:12.266313+00:00, run_after=2024-10-02T01:36:12.266313+00:00
[2024-10-02T01:36:12.309+0000] {processor.py:179} INFO - Processing /home/airflow/.local/lib/python3.8/site-packages/airflow/example_dags/example_latest_only.py took 0.186 seconds
[2024-10-02T01:36:42.933+0000] {processor.py:157} INFO - Started process (PID=463) to work on /home/airflow/.local/lib/python3.8/site-packages/airflow/example_dags/example_latest_only.py
[2024-10-02T01:36:42.936+0000] {processor.py:829} INFO - Processing file /home/airflow/.local/lib/python3.8/site-packages/airflow/example_dags/example_latest_only.py for tasks to queue
[2024-10-02T01:36:42.943+0000] {logging_mixin.py:151} INFO - [2024-10-02T01:36:42.939+0000] {dagbag.py:539} INFO - Filling up the DagBag from /home/airflow/.local/lib/python3.8/site-packages/airflow/example_dags/example_latest_only.py
[2024-10-02T01:36:42.959+0000] {processor.py:839} INFO - DAG(s) dict_keys(['latest_only']) retrieved from /home/airflow/.local/lib/python3.8/site-packages/airflow/example_dags/example_latest_only.py
[2024-10-02T01:36:43.014+0000] {logging_mixin.py:151} INFO - [2024-10-02T01:36:43.014+0000] {dag.py:2915} INFO - Sync 1 DAGs
[2024-10-02T01:36:43.050+0000] {logging_mixin.py:151} INFO - [2024-10-02T01:36:43.050+0000] {dag.py:3696} INFO - Setting next_dagrun for latest_only to 2024-10-01T21:36:43.049112+00:00, run_after=2024-10-02T01:36:43.049112+00:00
[2024-10-02T01:36:43.080+0000] {processor.py:179} INFO - Processing /home/airflow/.local/lib/python3.8/site-packages/airflow/example_dags/example_latest_only.py took 0.152 seconds
[2024-10-02T01:37:13.853+0000] {processor.py:157} INFO - Started process (PID=511) to work on /home/airflow/.local/lib/python3.8/site-packages/airflow/example_dags/example_latest_only.py
[2024-10-02T01:37:13.858+0000] {processor.py:829} INFO - Processing file /home/airflow/.local/lib/python3.8/site-packages/airflow/example_dags/example_latest_only.py for tasks to queue
[2024-10-02T01:37:13.868+0000] {logging_mixin.py:151} INFO - [2024-10-02T01:37:13.867+0000] {dagbag.py:539} INFO - Filling up the DagBag from /home/airflow/.local/lib/python3.8/site-packages/airflow/example_dags/example_latest_only.py
[2024-10-02T01:37:13.901+0000] {processor.py:839} INFO - DAG(s) dict_keys(['latest_only']) retrieved from /home/airflow/.local/lib/python3.8/site-packages/airflow/example_dags/example_latest_only.py
[2024-10-02T01:37:14.035+0000] {logging_mixin.py:151} INFO - [2024-10-02T01:37:14.034+0000] {dag.py:2915} INFO - Sync 1 DAGs
[2024-10-02T01:37:14.092+0000] {logging_mixin.py:151} INFO - [2024-10-02T01:37:14.091+0000] {dag.py:3696} INFO - Setting next_dagrun for latest_only to 2024-10-01T21:37:14.089573+00:00, run_after=2024-10-02T01:37:14.089573+00:00
[2024-10-02T01:37:14.141+0000] {processor.py:179} INFO - Processing /home/airflow/.local/lib/python3.8/site-packages/airflow/example_dags/example_latest_only.py took 0.292 seconds
[2024-10-02T01:37:44.900+0000] {processor.py:157} INFO - Started process (PID=559) to work on /home/airflow/.local/lib/python3.8/site-packages/airflow/example_dags/example_latest_only.py
[2024-10-02T01:37:44.907+0000] {processor.py:829} INFO - Processing file /home/airflow/.local/lib/python3.8/site-packages/airflow/example_dags/example_latest_only.py for tasks to queue
[2024-10-02T01:37:44.917+0000] {logging_mixin.py:151} INFO - [2024-10-02T01:37:44.915+0000] {dagbag.py:539} INFO - Filling up the DagBag from /home/airflow/.local/lib/python3.8/site-packages/airflow/example_dags/example_latest_only.py
[2024-10-02T01:37:44.972+0000] {processor.py:839} INFO - DAG(s) dict_keys(['latest_only']) retrieved from /home/airflow/.local/lib/python3.8/site-packages/airflow/example_dags/example_latest_only.py
[2024-10-02T01:37:45.082+0000] {logging_mixin.py:151} INFO - [2024-10-02T01:37:45.081+0000] {dag.py:2915} INFO - Sync 1 DAGs
[2024-10-02T01:37:45.132+0000] {logging_mixin.py:151} INFO - [2024-10-02T01:37:45.130+0000] {dag.py:3696} INFO - Setting next_dagrun for latest_only to 2024-10-01T21:37:45.128894+00:00, run_after=2024-10-02T01:37:45.128894+00:00
[2024-10-02T01:37:45.184+0000] {processor.py:179} INFO - Processing /home/airflow/.local/lib/python3.8/site-packages/airflow/example_dags/example_latest_only.py took 0.300 seconds
[2024-10-02T01:38:15.524+0000] {processor.py:157} INFO - Started process (PID=607) to work on /home/airflow/.local/lib/python3.8/site-packages/airflow/example_dags/example_latest_only.py
[2024-10-02T01:38:15.527+0000] {processor.py:829} INFO - Processing file /home/airflow/.local/lib/python3.8/site-packages/airflow/example_dags/example_latest_only.py for tasks to queue
[2024-10-02T01:38:15.553+0000] {logging_mixin.py:151} INFO - [2024-10-02T01:38:15.552+0000] {dagbag.py:539} INFO - Filling up the DagBag from /home/airflow/.local/lib/python3.8/site-packages/airflow/example_dags/example_latest_only.py
[2024-10-02T01:38:15.602+0000] {processor.py:839} INFO - DAG(s) dict_keys(['latest_only']) retrieved from /home/airflow/.local/lib/python3.8/site-packages/airflow/example_dags/example_latest_only.py
[2024-10-02T01:38:15.695+0000] {logging_mixin.py:151} INFO - [2024-10-02T01:38:15.694+0000] {dag.py:2915} INFO - Sync 1 DAGs
[2024-10-02T01:38:15.747+0000] {logging_mixin.py:151} INFO - [2024-10-02T01:38:15.746+0000] {dag.py:3696} INFO - Setting next_dagrun for latest_only to 2024-10-01T21:38:15.745162+00:00, run_after=2024-10-02T01:38:15.745162+00:00
[2024-10-02T01:38:15.784+0000] {processor.py:179} INFO - Processing /home/airflow/.local/lib/python3.8/site-packages/airflow/example_dags/example_latest_only.py took 0.265 seconds
[2024-10-02T01:38:46.155+0000] {processor.py:157} INFO - Started process (PID=655) to work on /home/airflow/.local/lib/python3.8/site-packages/airflow/example_dags/example_latest_only.py
[2024-10-02T01:38:46.159+0000] {processor.py:829} INFO - Processing file /home/airflow/.local/lib/python3.8/site-packages/airflow/example_dags/example_latest_only.py for tasks to queue
[2024-10-02T01:38:46.167+0000] {logging_mixin.py:151} INFO - [2024-10-02T01:38:46.166+0000] {dagbag.py:539} INFO - Filling up the DagBag from /home/airflow/.local/lib/python3.8/site-packages/airflow/example_dags/example_latest_only.py
[2024-10-02T01:38:46.188+0000] {processor.py:839} INFO - DAG(s) dict_keys(['latest_only']) retrieved from /home/airflow/.local/lib/python3.8/site-packages/airflow/example_dags/example_latest_only.py
[2024-10-02T01:38:46.242+0000] {logging_mixin.py:151} INFO - [2024-10-02T01:38:46.241+0000] {dag.py:2915} INFO - Sync 1 DAGs
[2024-10-02T01:38:46.283+0000] {logging_mixin.py:151} INFO - [2024-10-02T01:38:46.282+0000] {dag.py:3696} INFO - Setting next_dagrun for latest_only to 2024-10-01T21:38:46.281392+00:00, run_after=2024-10-02T01:38:46.281392+00:00
[2024-10-02T01:38:46.312+0000] {processor.py:179} INFO - Processing /home/airflow/.local/lib/python3.8/site-packages/airflow/example_dags/example_latest_only.py took 0.165 seconds
[2024-10-02T01:39:16.473+0000] {processor.py:157} INFO - Started process (PID=703) to work on /home/airflow/.local/lib/python3.8/site-packages/airflow/example_dags/example_latest_only.py
[2024-10-02T01:39:16.477+0000] {processor.py:829} INFO - Processing file /home/airflow/.local/lib/python3.8/site-packages/airflow/example_dags/example_latest_only.py for tasks to queue
[2024-10-02T01:39:16.482+0000] {logging_mixin.py:151} INFO - [2024-10-02T01:39:16.482+0000] {dagbag.py:539} INFO - Filling up the DagBag from /home/airflow/.local/lib/python3.8/site-packages/airflow/example_dags/example_latest_only.py
[2024-10-02T01:39:16.501+0000] {processor.py:839} INFO - DAG(s) dict_keys(['latest_only']) retrieved from /home/airflow/.local/lib/python3.8/site-packages/airflow/example_dags/example_latest_only.py
[2024-10-02T01:39:16.584+0000] {logging_mixin.py:151} INFO - [2024-10-02T01:39:16.583+0000] {dag.py:2915} INFO - Sync 1 DAGs
[2024-10-02T01:39:16.637+0000] {logging_mixin.py:151} INFO - [2024-10-02T01:39:16.636+0000] {dag.py:3696} INFO - Setting next_dagrun for latest_only to 2024-10-01T21:39:16.635178+00:00, run_after=2024-10-02T01:39:16.635178+00:00
[2024-10-02T01:39:16.671+0000] {processor.py:179} INFO - Processing /home/airflow/.local/lib/python3.8/site-packages/airflow/example_dags/example_latest_only.py took 0.206 seconds
[2024-10-02T01:45:21.796+0000] {processor.py:157} INFO - Started process (PID=31) to work on /home/airflow/.local/lib/python3.8/site-packages/airflow/example_dags/example_latest_only.py
[2024-10-02T01:45:21.816+0000] {processor.py:829} INFO - Processing file /home/airflow/.local/lib/python3.8/site-packages/airflow/example_dags/example_latest_only.py for tasks to queue
[2024-10-02T01:45:21.832+0000] {logging_mixin.py:151} INFO - [2024-10-02T01:45:21.829+0000] {dagbag.py:539} INFO - Filling up the DagBag from /home/airflow/.local/lib/python3.8/site-packages/airflow/example_dags/example_latest_only.py
[2024-10-02T01:45:21.980+0000] {processor.py:839} INFO - DAG(s) dict_keys(['latest_only']) retrieved from /home/airflow/.local/lib/python3.8/site-packages/airflow/example_dags/example_latest_only.py
[2024-10-02T01:45:22.552+0000] {logging_mixin.py:151} INFO - [2024-10-02T01:45:22.547+0000] {manager.py:499} INFO - Created Permission View: %s
[2024-10-02T01:45:22.590+0000] {logging_mixin.py:151} INFO - [2024-10-02T01:45:22.589+0000] {manager.py:499} INFO - Created Permission View: %s
[2024-10-02T01:45:22.614+0000] {logging_mixin.py:151} INFO - [2024-10-02T01:45:22.613+0000] {manager.py:499} INFO - Created Permission View: %s
[2024-10-02T01:45:22.617+0000] {logging_mixin.py:151} INFO - [2024-10-02T01:45:22.617+0000] {security.py:708} INFO - Not syncing DAG-level permissions for DAG 'DAG:latest_only' as access control is unset.
[2024-10-02T01:45:22.623+0000] {logging_mixin.py:151} INFO - [2024-10-02T01:45:22.623+0000] {dag.py:2915} INFO - Sync 1 DAGs
[2024-10-02T01:45:22.653+0000] {logging_mixin.py:151} INFO - [2024-10-02T01:45:22.652+0000] {dag.py:2937} INFO - Creating ORM DAG for latest_only
[2024-10-02T01:45:22.688+0000] {logging_mixin.py:151} INFO - [2024-10-02T01:45:22.687+0000] {dag.py:3696} INFO - Setting next_dagrun for latest_only to 2024-10-01T21:45:22.675147+00:00, run_after=2024-10-02T01:45:22.675147+00:00
[2024-10-02T01:45:22.793+0000] {processor.py:179} INFO - Processing /home/airflow/.local/lib/python3.8/site-packages/airflow/example_dags/example_latest_only.py took 1.004 seconds
[2024-10-02T01:45:53.303+0000] {processor.py:157} INFO - Started process (PID=79) to work on /home/airflow/.local/lib/python3.8/site-packages/airflow/example_dags/example_latest_only.py
[2024-10-02T01:45:53.307+0000] {processor.py:829} INFO - Processing file /home/airflow/.local/lib/python3.8/site-packages/airflow/example_dags/example_latest_only.py for tasks to queue
[2024-10-02T01:45:53.319+0000] {logging_mixin.py:151} INFO - [2024-10-02T01:45:53.318+0000] {dagbag.py:539} INFO - Filling up the DagBag from /home/airflow/.local/lib/python3.8/site-packages/airflow/example_dags/example_latest_only.py
[2024-10-02T01:45:53.349+0000] {processor.py:839} INFO - DAG(s) dict_keys(['latest_only']) retrieved from /home/airflow/.local/lib/python3.8/site-packages/airflow/example_dags/example_latest_only.py
[2024-10-02T01:45:53.426+0000] {logging_mixin.py:151} INFO - [2024-10-02T01:45:53.426+0000] {dag.py:2915} INFO - Sync 1 DAGs
[2024-10-02T01:45:53.473+0000] {logging_mixin.py:151} INFO - [2024-10-02T01:45:53.472+0000] {dag.py:3696} INFO - Setting next_dagrun for latest_only to 2024-10-01T21:45:53.469647+00:00, run_after=2024-10-02T01:45:53.469647+00:00
[2024-10-02T01:45:53.526+0000] {processor.py:179} INFO - Processing /home/airflow/.local/lib/python3.8/site-packages/airflow/example_dags/example_latest_only.py took 0.230 seconds
[2024-10-02T01:46:53.506+0000] {processor.py:157} INFO - Started process (PID=31) to work on /home/airflow/.local/lib/python3.8/site-packages/airflow/example_dags/example_latest_only.py
[2024-10-02T01:46:53.517+0000] {processor.py:829} INFO - Processing file /home/airflow/.local/lib/python3.8/site-packages/airflow/example_dags/example_latest_only.py for tasks to queue
[2024-10-02T01:46:53.530+0000] {logging_mixin.py:151} INFO - [2024-10-02T01:46:53.528+0000] {dagbag.py:539} INFO - Filling up the DagBag from /home/airflow/.local/lib/python3.8/site-packages/airflow/example_dags/example_latest_only.py
[2024-10-02T01:46:53.616+0000] {processor.py:839} INFO - DAG(s) dict_keys(['latest_only']) retrieved from /home/airflow/.local/lib/python3.8/site-packages/airflow/example_dags/example_latest_only.py
[2024-10-02T01:46:53.760+0000] {logging_mixin.py:151} INFO - [2024-10-02T01:46:53.760+0000] {dag.py:2915} INFO - Sync 1 DAGs
[2024-10-02T01:46:53.838+0000] {logging_mixin.py:151} INFO - [2024-10-02T01:46:53.837+0000] {dag.py:3696} INFO - Setting next_dagrun for latest_only to 2024-10-01T21:46:53.834369+00:00, run_after=2024-10-02T01:46:53.834369+00:00
[2024-10-02T01:46:53.920+0000] {processor.py:179} INFO - Processing /home/airflow/.local/lib/python3.8/site-packages/airflow/example_dags/example_latest_only.py took 0.421 seconds
[2024-10-02T01:47:24.148+0000] {processor.py:157} INFO - Started process (PID=79) to work on /home/airflow/.local/lib/python3.8/site-packages/airflow/example_dags/example_latest_only.py
[2024-10-02T01:47:24.152+0000] {processor.py:829} INFO - Processing file /home/airflow/.local/lib/python3.8/site-packages/airflow/example_dags/example_latest_only.py for tasks to queue
[2024-10-02T01:47:24.157+0000] {logging_mixin.py:151} INFO - [2024-10-02T01:47:24.156+0000] {dagbag.py:539} INFO - Filling up the DagBag from /home/airflow/.local/lib/python3.8/site-packages/airflow/example_dags/example_latest_only.py
[2024-10-02T01:47:24.178+0000] {processor.py:839} INFO - DAG(s) dict_keys(['latest_only']) retrieved from /home/airflow/.local/lib/python3.8/site-packages/airflow/example_dags/example_latest_only.py
[2024-10-02T01:47:24.226+0000] {logging_mixin.py:151} INFO - [2024-10-02T01:47:24.226+0000] {dag.py:2915} INFO - Sync 1 DAGs
[2024-10-02T01:47:24.263+0000] {logging_mixin.py:151} INFO - [2024-10-02T01:47:24.263+0000] {dag.py:3696} INFO - Setting next_dagrun for latest_only to 2024-10-01T21:47:24.261798+00:00, run_after=2024-10-02T01:47:24.261798+00:00
[2024-10-02T01:47:24.294+0000] {processor.py:179} INFO - Processing /home/airflow/.local/lib/python3.8/site-packages/airflow/example_dags/example_latest_only.py took 0.152 seconds
[2024-10-02T01:48:21.164+0000] {processor.py:157} INFO - Started process (PID=31) to work on /home/airflow/.local/lib/python3.8/site-packages/airflow/example_dags/example_latest_only.py
[2024-10-02T01:48:21.184+0000] {processor.py:829} INFO - Processing file /home/airflow/.local/lib/python3.8/site-packages/airflow/example_dags/example_latest_only.py for tasks to queue
[2024-10-02T01:48:21.205+0000] {logging_mixin.py:151} INFO - [2024-10-02T01:48:21.199+0000] {dagbag.py:539} INFO - Filling up the DagBag from /home/airflow/.local/lib/python3.8/site-packages/airflow/example_dags/example_latest_only.py
[2024-10-02T01:48:21.299+0000] {processor.py:839} INFO - DAG(s) dict_keys(['latest_only']) retrieved from /home/airflow/.local/lib/python3.8/site-packages/airflow/example_dags/example_latest_only.py
[2024-10-02T01:48:21.426+0000] {logging_mixin.py:151} INFO - [2024-10-02T01:48:21.426+0000] {dag.py:2915} INFO - Sync 1 DAGs
[2024-10-02T01:48:21.506+0000] {logging_mixin.py:151} INFO - [2024-10-02T01:48:21.506+0000] {dag.py:3696} INFO - Setting next_dagrun for latest_only to 2024-10-01T21:48:21.505451+00:00, run_after=2024-10-02T01:48:21.505451+00:00
[2024-10-02T01:48:21.620+0000] {processor.py:179} INFO - Processing /home/airflow/.local/lib/python3.8/site-packages/airflow/example_dags/example_latest_only.py took 0.477 seconds
[2024-10-02T01:48:51.785+0000] {processor.py:157} INFO - Started process (PID=79) to work on /home/airflow/.local/lib/python3.8/site-packages/airflow/example_dags/example_latest_only.py
[2024-10-02T01:48:51.791+0000] {processor.py:829} INFO - Processing file /home/airflow/.local/lib/python3.8/site-packages/airflow/example_dags/example_latest_only.py for tasks to queue
[2024-10-02T01:48:51.797+0000] {logging_mixin.py:151} INFO - [2024-10-02T01:48:51.796+0000] {dagbag.py:539} INFO - Filling up the DagBag from /home/airflow/.local/lib/python3.8/site-packages/airflow/example_dags/example_latest_only.py
[2024-10-02T01:48:51.815+0000] {processor.py:839} INFO - DAG(s) dict_keys(['latest_only']) retrieved from /home/airflow/.local/lib/python3.8/site-packages/airflow/example_dags/example_latest_only.py
[2024-10-02T01:48:51.861+0000] {logging_mixin.py:151} INFO - [2024-10-02T01:48:51.861+0000] {dag.py:2915} INFO - Sync 1 DAGs
[2024-10-02T01:48:51.913+0000] {logging_mixin.py:151} INFO - [2024-10-02T01:48:51.913+0000] {dag.py:3696} INFO - Setting next_dagrun for latest_only to 2024-10-01T21:48:51.911877+00:00, run_after=2024-10-02T01:48:51.911877+00:00
[2024-10-02T01:48:51.935+0000] {processor.py:179} INFO - Processing /home/airflow/.local/lib/python3.8/site-packages/airflow/example_dags/example_latest_only.py took 0.157 seconds
[2024-10-02T01:49:22.076+0000] {processor.py:157} INFO - Started process (PID=127) to work on /home/airflow/.local/lib/python3.8/site-packages/airflow/example_dags/example_latest_only.py
[2024-10-02T01:49:22.079+0000] {processor.py:829} INFO - Processing file /home/airflow/.local/lib/python3.8/site-packages/airflow/example_dags/example_latest_only.py for tasks to queue
[2024-10-02T01:49:22.083+0000] {logging_mixin.py:151} INFO - [2024-10-02T01:49:22.082+0000] {dagbag.py:539} INFO - Filling up the DagBag from /home/airflow/.local/lib/python3.8/site-packages/airflow/example_dags/example_latest_only.py
[2024-10-02T01:49:22.094+0000] {processor.py:839} INFO - DAG(s) dict_keys(['latest_only']) retrieved from /home/airflow/.local/lib/python3.8/site-packages/airflow/example_dags/example_latest_only.py
[2024-10-02T01:49:22.127+0000] {logging_mixin.py:151} INFO - [2024-10-02T01:49:22.126+0000] {dag.py:2915} INFO - Sync 1 DAGs
[2024-10-02T01:49:22.155+0000] {logging_mixin.py:151} INFO - [2024-10-02T01:49:22.155+0000] {dag.py:3696} INFO - Setting next_dagrun for latest_only to 2024-10-01T21:49:22.153885+00:00, run_after=2024-10-02T01:49:22.153885+00:00
[2024-10-02T01:49:22.181+0000] {processor.py:179} INFO - Processing /home/airflow/.local/lib/python3.8/site-packages/airflow/example_dags/example_latest_only.py took 0.111 seconds
[2024-10-02T01:49:52.666+0000] {processor.py:157} INFO - Started process (PID=175) to work on /home/airflow/.local/lib/python3.8/site-packages/airflow/example_dags/example_latest_only.py
[2024-10-02T01:49:52.674+0000] {processor.py:829} INFO - Processing file /home/airflow/.local/lib/python3.8/site-packages/airflow/example_dags/example_latest_only.py for tasks to queue
[2024-10-02T01:49:52.684+0000] {logging_mixin.py:151} INFO - [2024-10-02T01:49:52.683+0000] {dagbag.py:539} INFO - Filling up the DagBag from /home/airflow/.local/lib/python3.8/site-packages/airflow/example_dags/example_latest_only.py
[2024-10-02T01:49:52.708+0000] {processor.py:839} INFO - DAG(s) dict_keys(['latest_only']) retrieved from /home/airflow/.local/lib/python3.8/site-packages/airflow/example_dags/example_latest_only.py
[2024-10-02T01:49:52.779+0000] {logging_mixin.py:151} INFO - [2024-10-02T01:49:52.778+0000] {dag.py:2915} INFO - Sync 1 DAGs
[2024-10-02T01:49:52.822+0000] {logging_mixin.py:151} INFO - [2024-10-02T01:49:52.822+0000] {dag.py:3696} INFO - Setting next_dagrun for latest_only to 2024-10-01T21:49:52.819814+00:00, run_after=2024-10-02T01:49:52.819814+00:00
[2024-10-02T01:49:53.144+0000] {processor.py:179} INFO - Processing /home/airflow/.local/lib/python3.8/site-packages/airflow/example_dags/example_latest_only.py took 0.489 seconds
[2024-10-02T01:50:23.632+0000] {processor.py:157} INFO - Started process (PID=223) to work on /home/airflow/.local/lib/python3.8/site-packages/airflow/example_dags/example_latest_only.py
[2024-10-02T01:50:23.635+0000] {processor.py:829} INFO - Processing file /home/airflow/.local/lib/python3.8/site-packages/airflow/example_dags/example_latest_only.py for tasks to queue
[2024-10-02T01:50:23.639+0000] {logging_mixin.py:151} INFO - [2024-10-02T01:50:23.638+0000] {dagbag.py:539} INFO - Filling up the DagBag from /home/airflow/.local/lib/python3.8/site-packages/airflow/example_dags/example_latest_only.py
[2024-10-02T01:50:23.651+0000] {processor.py:839} INFO - DAG(s) dict_keys(['latest_only']) retrieved from /home/airflow/.local/lib/python3.8/site-packages/airflow/example_dags/example_latest_only.py
[2024-10-02T01:50:23.682+0000] {logging_mixin.py:151} INFO - [2024-10-02T01:50:23.681+0000] {dag.py:2915} INFO - Sync 1 DAGs
[2024-10-02T01:50:23.709+0000] {logging_mixin.py:151} INFO - [2024-10-02T01:50:23.709+0000] {dag.py:3696} INFO - Setting next_dagrun for latest_only to 2024-10-01T21:50:23.707842+00:00, run_after=2024-10-02T01:50:23.707842+00:00
[2024-10-02T01:50:23.732+0000] {processor.py:179} INFO - Processing /home/airflow/.local/lib/python3.8/site-packages/airflow/example_dags/example_latest_only.py took 0.105 seconds
[2024-10-02T01:50:53.909+0000] {processor.py:157} INFO - Started process (PID=271) to work on /home/airflow/.local/lib/python3.8/site-packages/airflow/example_dags/example_latest_only.py
[2024-10-02T01:50:53.913+0000] {processor.py:829} INFO - Processing file /home/airflow/.local/lib/python3.8/site-packages/airflow/example_dags/example_latest_only.py for tasks to queue
[2024-10-02T01:50:53.917+0000] {logging_mixin.py:151} INFO - [2024-10-02T01:50:53.916+0000] {dagbag.py:539} INFO - Filling up the DagBag from /home/airflow/.local/lib/python3.8/site-packages/airflow/example_dags/example_latest_only.py
[2024-10-02T01:50:53.932+0000] {processor.py:839} INFO - DAG(s) dict_keys(['latest_only']) retrieved from /home/airflow/.local/lib/python3.8/site-packages/airflow/example_dags/example_latest_only.py
[2024-10-02T01:50:53.975+0000] {logging_mixin.py:151} INFO - [2024-10-02T01:50:53.975+0000] {dag.py:2915} INFO - Sync 1 DAGs
[2024-10-02T01:50:54.005+0000] {logging_mixin.py:151} INFO - [2024-10-02T01:50:54.004+0000] {dag.py:3696} INFO - Setting next_dagrun for latest_only to 2024-10-01T21:50:54.003700+00:00, run_after=2024-10-02T01:50:54.003700+00:00
[2024-10-02T01:50:54.030+0000] {processor.py:179} INFO - Processing /home/airflow/.local/lib/python3.8/site-packages/airflow/example_dags/example_latest_only.py took 0.127 seconds
[2024-10-02T01:51:24.353+0000] {processor.py:157} INFO - Started process (PID=319) to work on /home/airflow/.local/lib/python3.8/site-packages/airflow/example_dags/example_latest_only.py
[2024-10-02T01:51:24.357+0000] {processor.py:829} INFO - Processing file /home/airflow/.local/lib/python3.8/site-packages/airflow/example_dags/example_latest_only.py for tasks to queue
[2024-10-02T01:51:24.362+0000] {logging_mixin.py:151} INFO - [2024-10-02T01:51:24.361+0000] {dagbag.py:539} INFO - Filling up the DagBag from /home/airflow/.local/lib/python3.8/site-packages/airflow/example_dags/example_latest_only.py
[2024-10-02T01:51:24.373+0000] {processor.py:839} INFO - DAG(s) dict_keys(['latest_only']) retrieved from /home/airflow/.local/lib/python3.8/site-packages/airflow/example_dags/example_latest_only.py
[2024-10-02T01:51:24.409+0000] {logging_mixin.py:151} INFO - [2024-10-02T01:51:24.408+0000] {dag.py:2915} INFO - Sync 1 DAGs
[2024-10-02T01:51:24.440+0000] {logging_mixin.py:151} INFO - [2024-10-02T01:51:24.439+0000] {dag.py:3696} INFO - Setting next_dagrun for latest_only to 2024-10-01T21:51:24.438595+00:00, run_after=2024-10-02T01:51:24.438595+00:00
[2024-10-02T01:51:24.469+0000] {processor.py:179} INFO - Processing /home/airflow/.local/lib/python3.8/site-packages/airflow/example_dags/example_latest_only.py took 0.120 seconds
[2024-10-02T01:51:54.597+0000] {processor.py:157} INFO - Started process (PID=367) to work on /home/airflow/.local/lib/python3.8/site-packages/airflow/example_dags/example_latest_only.py
[2024-10-02T01:51:54.602+0000] {processor.py:829} INFO - Processing file /home/airflow/.local/lib/python3.8/site-packages/airflow/example_dags/example_latest_only.py for tasks to queue
[2024-10-02T01:51:54.609+0000] {logging_mixin.py:151} INFO - [2024-10-02T01:51:54.608+0000] {dagbag.py:539} INFO - Filling up the DagBag from /home/airflow/.local/lib/python3.8/site-packages/airflow/example_dags/example_latest_only.py
[2024-10-02T01:51:54.648+0000] {processor.py:839} INFO - DAG(s) dict_keys(['latest_only']) retrieved from /home/airflow/.local/lib/python3.8/site-packages/airflow/example_dags/example_latest_only.py
[2024-10-02T01:51:54.689+0000] {logging_mixin.py:151} INFO - [2024-10-02T01:51:54.689+0000] {dag.py:2915} INFO - Sync 1 DAGs
[2024-10-02T01:51:54.719+0000] {logging_mixin.py:151} INFO - [2024-10-02T01:51:54.719+0000] {dag.py:3696} INFO - Setting next_dagrun for latest_only to 2024-10-01T21:51:54.717919+00:00, run_after=2024-10-02T01:51:54.717919+00:00
[2024-10-02T01:51:54.741+0000] {processor.py:179} INFO - Processing /home/airflow/.local/lib/python3.8/site-packages/airflow/example_dags/example_latest_only.py took 0.150 seconds
[2024-10-02T01:52:25.723+0000] {processor.py:157} INFO - Started process (PID=415) to work on /home/airflow/.local/lib/python3.8/site-packages/airflow/example_dags/example_latest_only.py
[2024-10-02T01:52:25.727+0000] {processor.py:829} INFO - Processing file /home/airflow/.local/lib/python3.8/site-packages/airflow/example_dags/example_latest_only.py for tasks to queue
[2024-10-02T01:52:25.733+0000] {logging_mixin.py:151} INFO - [2024-10-02T01:52:25.732+0000] {dagbag.py:539} INFO - Filling up the DagBag from /home/airflow/.local/lib/python3.8/site-packages/airflow/example_dags/example_latest_only.py
[2024-10-02T01:52:25.751+0000] {processor.py:839} INFO - DAG(s) dict_keys(['latest_only']) retrieved from /home/airflow/.local/lib/python3.8/site-packages/airflow/example_dags/example_latest_only.py
[2024-10-02T01:52:25.794+0000] {logging_mixin.py:151} INFO - [2024-10-02T01:52:25.794+0000] {dag.py:2915} INFO - Sync 1 DAGs
[2024-10-02T01:52:25.827+0000] {logging_mixin.py:151} INFO - [2024-10-02T01:52:25.827+0000] {dag.py:3696} INFO - Setting next_dagrun for latest_only to 2024-10-01T21:52:25.825802+00:00, run_after=2024-10-02T01:52:25.825802+00:00
[2024-10-02T01:52:25.850+0000] {processor.py:179} INFO - Processing /home/airflow/.local/lib/python3.8/site-packages/airflow/example_dags/example_latest_only.py took 0.131 seconds
[2024-10-02T01:52:55.998+0000] {processor.py:157} INFO - Started process (PID=463) to work on /home/airflow/.local/lib/python3.8/site-packages/airflow/example_dags/example_latest_only.py
[2024-10-02T01:52:56.001+0000] {processor.py:829} INFO - Processing file /home/airflow/.local/lib/python3.8/site-packages/airflow/example_dags/example_latest_only.py for tasks to queue
[2024-10-02T01:52:56.006+0000] {logging_mixin.py:151} INFO - [2024-10-02T01:52:56.005+0000] {dagbag.py:539} INFO - Filling up the DagBag from /home/airflow/.local/lib/python3.8/site-packages/airflow/example_dags/example_latest_only.py
[2024-10-02T01:52:56.022+0000] {processor.py:839} INFO - DAG(s) dict_keys(['latest_only']) retrieved from /home/airflow/.local/lib/python3.8/site-packages/airflow/example_dags/example_latest_only.py
[2024-10-02T01:52:56.064+0000] {logging_mixin.py:151} INFO - [2024-10-02T01:52:56.064+0000] {dag.py:2915} INFO - Sync 1 DAGs
[2024-10-02T01:52:56.094+0000] {logging_mixin.py:151} INFO - [2024-10-02T01:52:56.094+0000] {dag.py:3696} INFO - Setting next_dagrun for latest_only to 2024-10-01T21:52:56.093138+00:00, run_after=2024-10-02T01:52:56.093138+00:00
[2024-10-02T01:52:56.120+0000] {processor.py:179} INFO - Processing /home/airflow/.local/lib/python3.8/site-packages/airflow/example_dags/example_latest_only.py took 0.127 seconds
[2024-10-02T01:53:26.420+0000] {processor.py:157} INFO - Started process (PID=511) to work on /home/airflow/.local/lib/python3.8/site-packages/airflow/example_dags/example_latest_only.py
[2024-10-02T01:53:26.424+0000] {processor.py:829} INFO - Processing file /home/airflow/.local/lib/python3.8/site-packages/airflow/example_dags/example_latest_only.py for tasks to queue
[2024-10-02T01:53:26.429+0000] {logging_mixin.py:151} INFO - [2024-10-02T01:53:26.428+0000] {dagbag.py:539} INFO - Filling up the DagBag from /home/airflow/.local/lib/python3.8/site-packages/airflow/example_dags/example_latest_only.py
[2024-10-02T01:53:26.456+0000] {processor.py:839} INFO - DAG(s) dict_keys(['latest_only']) retrieved from /home/airflow/.local/lib/python3.8/site-packages/airflow/example_dags/example_latest_only.py
[2024-10-02T01:53:26.538+0000] {logging_mixin.py:151} INFO - [2024-10-02T01:53:26.537+0000] {dag.py:2915} INFO - Sync 1 DAGs
[2024-10-02T01:53:26.571+0000] {logging_mixin.py:151} INFO - [2024-10-02T01:53:26.571+0000] {dag.py:3696} INFO - Setting next_dagrun for latest_only to 2024-10-01T21:53:26.570025+00:00, run_after=2024-10-02T01:53:26.570025+00:00
[2024-10-02T01:53:26.600+0000] {processor.py:179} INFO - Processing /home/airflow/.local/lib/python3.8/site-packages/airflow/example_dags/example_latest_only.py took 0.185 seconds
[2024-10-02T01:53:56.911+0000] {processor.py:157} INFO - Started process (PID=559) to work on /home/airflow/.local/lib/python3.8/site-packages/airflow/example_dags/example_latest_only.py
[2024-10-02T01:53:56.914+0000] {processor.py:829} INFO - Processing file /home/airflow/.local/lib/python3.8/site-packages/airflow/example_dags/example_latest_only.py for tasks to queue
[2024-10-02T01:53:56.919+0000] {logging_mixin.py:151} INFO - [2024-10-02T01:53:56.917+0000] {dagbag.py:539} INFO - Filling up the DagBag from /home/airflow/.local/lib/python3.8/site-packages/airflow/example_dags/example_latest_only.py
[2024-10-02T01:53:56.933+0000] {processor.py:839} INFO - DAG(s) dict_keys(['latest_only']) retrieved from /home/airflow/.local/lib/python3.8/site-packages/airflow/example_dags/example_latest_only.py
[2024-10-02T01:53:56.963+0000] {logging_mixin.py:151} INFO - [2024-10-02T01:53:56.963+0000] {dag.py:2915} INFO - Sync 1 DAGs
[2024-10-02T01:53:56.990+0000] {logging_mixin.py:151} INFO - [2024-10-02T01:53:56.989+0000] {dag.py:3696} INFO - Setting next_dagrun for latest_only to 2024-10-01T21:53:56.988565+00:00, run_after=2024-10-02T01:53:56.988565+00:00
[2024-10-02T01:53:57.013+0000] {processor.py:179} INFO - Processing /home/airflow/.local/lib/python3.8/site-packages/airflow/example_dags/example_latest_only.py took 0.106 seconds
[2024-10-02T01:57:14.595+0000] {processor.py:157} INFO - Started process (PID=592) to work on /home/airflow/.local/lib/python3.8/site-packages/airflow/example_dags/example_latest_only.py
[2024-10-02T01:57:14.598+0000] {processor.py:829} INFO - Processing file /home/airflow/.local/lib/python3.8/site-packages/airflow/example_dags/example_latest_only.py for tasks to queue
[2024-10-02T01:57:14.619+0000] {logging_mixin.py:151} INFO - [2024-10-02T01:57:14.618+0000] {dagbag.py:539} INFO - Filling up the DagBag from /home/airflow/.local/lib/python3.8/site-packages/airflow/example_dags/example_latest_only.py
[2024-10-02T01:57:14.654+0000] {processor.py:839} INFO - DAG(s) dict_keys(['latest_only']) retrieved from /home/airflow/.local/lib/python3.8/site-packages/airflow/example_dags/example_latest_only.py
[2024-10-02T01:57:14.702+0000] {logging_mixin.py:151} INFO - [2024-10-02T01:57:14.702+0000] {dag.py:2915} INFO - Sync 1 DAGs
[2024-10-02T01:57:14.775+0000] {logging_mixin.py:151} INFO - [2024-10-02T01:57:14.775+0000] {dag.py:3696} INFO - Setting next_dagrun for latest_only to 2024-10-01T21:57:14.773693+00:00, run_after=2024-10-02T01:57:14.773693+00:00
[2024-10-02T01:57:14.914+0000] {processor.py:179} INFO - Processing /home/airflow/.local/lib/python3.8/site-packages/airflow/example_dags/example_latest_only.py took 0.323 seconds
[2024-10-02T01:57:45.117+0000] {processor.py:157} INFO - Started process (PID=638) to work on /home/airflow/.local/lib/python3.8/site-packages/airflow/example_dags/example_latest_only.py
[2024-10-02T01:57:45.123+0000] {processor.py:829} INFO - Processing file /home/airflow/.local/lib/python3.8/site-packages/airflow/example_dags/example_latest_only.py for tasks to queue
[2024-10-02T01:57:45.130+0000] {logging_mixin.py:151} INFO - [2024-10-02T01:57:45.129+0000] {dagbag.py:539} INFO - Filling up the DagBag from /home/airflow/.local/lib/python3.8/site-packages/airflow/example_dags/example_latest_only.py
[2024-10-02T01:57:45.152+0000] {processor.py:839} INFO - DAG(s) dict_keys(['latest_only']) retrieved from /home/airflow/.local/lib/python3.8/site-packages/airflow/example_dags/example_latest_only.py
[2024-10-02T01:57:45.230+0000] {logging_mixin.py:151} INFO - [2024-10-02T01:57:45.230+0000] {dag.py:2915} INFO - Sync 1 DAGs
[2024-10-02T01:57:45.278+0000] {logging_mixin.py:151} INFO - [2024-10-02T01:57:45.276+0000] {dag.py:3696} INFO - Setting next_dagrun for latest_only to 2024-10-01T21:57:45.274261+00:00, run_after=2024-10-02T01:57:45.274261+00:00
[2024-10-02T01:57:45.328+0000] {processor.py:179} INFO - Processing /home/airflow/.local/lib/python3.8/site-packages/airflow/example_dags/example_latest_only.py took 0.219 seconds
[2024-10-02T01:58:15.874+0000] {processor.py:157} INFO - Started process (PID=687) to work on /home/airflow/.local/lib/python3.8/site-packages/airflow/example_dags/example_latest_only.py
[2024-10-02T01:58:15.878+0000] {processor.py:829} INFO - Processing file /home/airflow/.local/lib/python3.8/site-packages/airflow/example_dags/example_latest_only.py for tasks to queue
[2024-10-02T01:58:15.885+0000] {logging_mixin.py:151} INFO - [2024-10-02T01:58:15.885+0000] {dagbag.py:539} INFO - Filling up the DagBag from /home/airflow/.local/lib/python3.8/site-packages/airflow/example_dags/example_latest_only.py
[2024-10-02T01:58:15.913+0000] {processor.py:839} INFO - DAG(s) dict_keys(['latest_only']) retrieved from /home/airflow/.local/lib/python3.8/site-packages/airflow/example_dags/example_latest_only.py
[2024-10-02T01:58:15.994+0000] {logging_mixin.py:151} INFO - [2024-10-02T01:58:15.993+0000] {dag.py:2915} INFO - Sync 1 DAGs
[2024-10-02T01:58:16.032+0000] {logging_mixin.py:151} INFO - [2024-10-02T01:58:16.032+0000] {dag.py:3696} INFO - Setting next_dagrun for latest_only to 2024-10-01T21:58:16.030377+00:00, run_after=2024-10-02T01:58:16.030377+00:00
[2024-10-02T01:58:16.060+0000] {processor.py:179} INFO - Processing /home/airflow/.local/lib/python3.8/site-packages/airflow/example_dags/example_latest_only.py took 0.192 seconds
[2024-10-02T01:58:46.884+0000] {processor.py:157} INFO - Started process (PID=735) to work on /home/airflow/.local/lib/python3.8/site-packages/airflow/example_dags/example_latest_only.py
[2024-10-02T01:58:46.888+0000] {processor.py:829} INFO - Processing file /home/airflow/.local/lib/python3.8/site-packages/airflow/example_dags/example_latest_only.py for tasks to queue
[2024-10-02T01:58:46.894+0000] {logging_mixin.py:151} INFO - [2024-10-02T01:58:46.893+0000] {dagbag.py:539} INFO - Filling up the DagBag from /home/airflow/.local/lib/python3.8/site-packages/airflow/example_dags/example_latest_only.py
[2024-10-02T01:58:46.920+0000] {processor.py:839} INFO - DAG(s) dict_keys(['latest_only']) retrieved from /home/airflow/.local/lib/python3.8/site-packages/airflow/example_dags/example_latest_only.py
[2024-10-02T01:58:47.022+0000] {logging_mixin.py:151} INFO - [2024-10-02T01:58:47.022+0000] {dag.py:2915} INFO - Sync 1 DAGs
[2024-10-02T01:58:47.078+0000] {logging_mixin.py:151} INFO - [2024-10-02T01:58:47.077+0000] {dag.py:3696} INFO - Setting next_dagrun for latest_only to 2024-10-01T21:58:47.075672+00:00, run_after=2024-10-02T01:58:47.075672+00:00
[2024-10-02T01:58:47.108+0000] {processor.py:179} INFO - Processing /home/airflow/.local/lib/python3.8/site-packages/airflow/example_dags/example_latest_only.py took 0.233 seconds
[2024-10-02T01:59:17.713+0000] {processor.py:157} INFO - Started process (PID=783) to work on /home/airflow/.local/lib/python3.8/site-packages/airflow/example_dags/example_latest_only.py
[2024-10-02T01:59:17.717+0000] {processor.py:829} INFO - Processing file /home/airflow/.local/lib/python3.8/site-packages/airflow/example_dags/example_latest_only.py for tasks to queue
[2024-10-02T01:59:17.725+0000] {logging_mixin.py:151} INFO - [2024-10-02T01:59:17.724+0000] {dagbag.py:539} INFO - Filling up the DagBag from /home/airflow/.local/lib/python3.8/site-packages/airflow/example_dags/example_latest_only.py
[2024-10-02T01:59:17.749+0000] {processor.py:839} INFO - DAG(s) dict_keys(['latest_only']) retrieved from /home/airflow/.local/lib/python3.8/site-packages/airflow/example_dags/example_latest_only.py
[2024-10-02T01:59:17.830+0000] {logging_mixin.py:151} INFO - [2024-10-02T01:59:17.830+0000] {dag.py:2915} INFO - Sync 1 DAGs
[2024-10-02T01:59:17.876+0000] {logging_mixin.py:151} INFO - [2024-10-02T01:59:17.875+0000] {dag.py:3696} INFO - Setting next_dagrun for latest_only to 2024-10-01T21:59:17.870971+00:00, run_after=2024-10-02T01:59:17.870971+00:00
[2024-10-02T01:59:17.915+0000] {processor.py:179} INFO - Processing /home/airflow/.local/lib/python3.8/site-packages/airflow/example_dags/example_latest_only.py took 0.209 seconds
[2024-10-02T01:59:48.563+0000] {processor.py:157} INFO - Started process (PID=831) to work on /home/airflow/.local/lib/python3.8/site-packages/airflow/example_dags/example_latest_only.py
[2024-10-02T01:59:48.567+0000] {processor.py:829} INFO - Processing file /home/airflow/.local/lib/python3.8/site-packages/airflow/example_dags/example_latest_only.py for tasks to queue
[2024-10-02T01:59:48.576+0000] {logging_mixin.py:151} INFO - [2024-10-02T01:59:48.574+0000] {dagbag.py:539} INFO - Filling up the DagBag from /home/airflow/.local/lib/python3.8/site-packages/airflow/example_dags/example_latest_only.py
[2024-10-02T01:59:48.619+0000] {processor.py:839} INFO - DAG(s) dict_keys(['latest_only']) retrieved from /home/airflow/.local/lib/python3.8/site-packages/airflow/example_dags/example_latest_only.py
[2024-10-02T01:59:48.680+0000] {logging_mixin.py:151} INFO - [2024-10-02T01:59:48.680+0000] {dag.py:2915} INFO - Sync 1 DAGs
[2024-10-02T01:59:48.737+0000] {logging_mixin.py:151} INFO - [2024-10-02T01:59:48.736+0000] {dag.py:3696} INFO - Setting next_dagrun for latest_only to 2024-10-01T21:59:48.734775+00:00, run_after=2024-10-02T01:59:48.734775+00:00
[2024-10-02T01:59:48.797+0000] {processor.py:179} INFO - Processing /home/airflow/.local/lib/python3.8/site-packages/airflow/example_dags/example_latest_only.py took 0.238 seconds
[2024-10-02T02:00:19.172+0000] {processor.py:157} INFO - Started process (PID=879) to work on /home/airflow/.local/lib/python3.8/site-packages/airflow/example_dags/example_latest_only.py
[2024-10-02T02:00:19.174+0000] {processor.py:829} INFO - Processing file /home/airflow/.local/lib/python3.8/site-packages/airflow/example_dags/example_latest_only.py for tasks to queue
[2024-10-02T02:00:19.180+0000] {logging_mixin.py:151} INFO - [2024-10-02T02:00:19.179+0000] {dagbag.py:539} INFO - Filling up the DagBag from /home/airflow/.local/lib/python3.8/site-packages/airflow/example_dags/example_latest_only.py
[2024-10-02T02:00:19.201+0000] {processor.py:839} INFO - DAG(s) dict_keys(['latest_only']) retrieved from /home/airflow/.local/lib/python3.8/site-packages/airflow/example_dags/example_latest_only.py
[2024-10-02T02:00:19.318+0000] {logging_mixin.py:151} INFO - [2024-10-02T02:00:19.317+0000] {dag.py:2915} INFO - Sync 1 DAGs
[2024-10-02T02:00:19.425+0000] {logging_mixin.py:151} INFO - [2024-10-02T02:00:19.424+0000] {dag.py:3696} INFO - Setting next_dagrun for latest_only to 2024-10-01T22:00:19.421797+00:00, run_after=2024-10-02T02:00:19.421797+00:00
[2024-10-02T02:00:19.475+0000] {processor.py:179} INFO - Processing /home/airflow/.local/lib/python3.8/site-packages/airflow/example_dags/example_latest_only.py took 0.308 seconds
[2024-10-02T02:00:49.816+0000] {processor.py:157} INFO - Started process (PID=927) to work on /home/airflow/.local/lib/python3.8/site-packages/airflow/example_dags/example_latest_only.py
[2024-10-02T02:00:49.822+0000] {processor.py:829} INFO - Processing file /home/airflow/.local/lib/python3.8/site-packages/airflow/example_dags/example_latest_only.py for tasks to queue
[2024-10-02T02:00:49.836+0000] {logging_mixin.py:151} INFO - [2024-10-02T02:00:49.832+0000] {dagbag.py:539} INFO - Filling up the DagBag from /home/airflow/.local/lib/python3.8/site-packages/airflow/example_dags/example_latest_only.py
[2024-10-02T02:00:49.876+0000] {processor.py:839} INFO - DAG(s) dict_keys(['latest_only']) retrieved from /home/airflow/.local/lib/python3.8/site-packages/airflow/example_dags/example_latest_only.py
[2024-10-02T02:00:49.945+0000] {logging_mixin.py:151} INFO - [2024-10-02T02:00:49.945+0000] {dag.py:2915} INFO - Sync 1 DAGs
[2024-10-02T02:00:49.989+0000] {logging_mixin.py:151} INFO - [2024-10-02T02:00:49.988+0000] {dag.py:3696} INFO - Setting next_dagrun for latest_only to 2024-10-01T22:00:49.986716+00:00, run_after=2024-10-02T02:00:49.986716+00:00
[2024-10-02T02:00:50.025+0000] {processor.py:179} INFO - Processing /home/airflow/.local/lib/python3.8/site-packages/airflow/example_dags/example_latest_only.py took 0.213 seconds
[2024-10-02T02:01:20.390+0000] {processor.py:157} INFO - Started process (PID=975) to work on /home/airflow/.local/lib/python3.8/site-packages/airflow/example_dags/example_latest_only.py
[2024-10-02T02:01:20.397+0000] {processor.py:829} INFO - Processing file /home/airflow/.local/lib/python3.8/site-packages/airflow/example_dags/example_latest_only.py for tasks to queue
[2024-10-02T02:01:20.422+0000] {logging_mixin.py:151} INFO - [2024-10-02T02:01:20.420+0000] {dagbag.py:539} INFO - Filling up the DagBag from /home/airflow/.local/lib/python3.8/site-packages/airflow/example_dags/example_latest_only.py
[2024-10-02T02:01:20.449+0000] {processor.py:839} INFO - DAG(s) dict_keys(['latest_only']) retrieved from /home/airflow/.local/lib/python3.8/site-packages/airflow/example_dags/example_latest_only.py
[2024-10-02T02:01:20.548+0000] {logging_mixin.py:151} INFO - [2024-10-02T02:01:20.548+0000] {dag.py:2915} INFO - Sync 1 DAGs
[2024-10-02T02:01:20.630+0000] {logging_mixin.py:151} INFO - [2024-10-02T02:01:20.629+0000] {dag.py:3696} INFO - Setting next_dagrun for latest_only to 2024-10-01T22:01:20.626265+00:00, run_after=2024-10-02T02:01:20.626265+00:00
[2024-10-02T02:01:20.709+0000] {processor.py:179} INFO - Processing /home/airflow/.local/lib/python3.8/site-packages/airflow/example_dags/example_latest_only.py took 0.327 seconds
[2024-10-02T02:03:09.090+0000] {processor.py:157} INFO - Started process (PID=31) to work on /home/airflow/.local/lib/python3.8/site-packages/airflow/example_dags/example_latest_only.py
[2024-10-02T02:03:09.106+0000] {processor.py:829} INFO - Processing file /home/airflow/.local/lib/python3.8/site-packages/airflow/example_dags/example_latest_only.py for tasks to queue
[2024-10-02T02:03:09.127+0000] {logging_mixin.py:151} INFO - [2024-10-02T02:03:09.126+0000] {dagbag.py:539} INFO - Filling up the DagBag from /home/airflow/.local/lib/python3.8/site-packages/airflow/example_dags/example_latest_only.py
[2024-10-02T02:03:09.331+0000] {processor.py:839} INFO - DAG(s) dict_keys(['latest_only']) retrieved from /home/airflow/.local/lib/python3.8/site-packages/airflow/example_dags/example_latest_only.py
[2024-10-02T02:03:10.228+0000] {logging_mixin.py:151} INFO - [2024-10-02T02:03:10.227+0000] {manager.py:499} INFO - Created Permission View: %s
[2024-10-02T02:03:10.279+0000] {logging_mixin.py:151} INFO - [2024-10-02T02:03:10.278+0000] {manager.py:499} INFO - Created Permission View: %s
[2024-10-02T02:03:10.315+0000] {logging_mixin.py:151} INFO - [2024-10-02T02:03:10.314+0000] {manager.py:499} INFO - Created Permission View: %s
[2024-10-02T02:03:10.324+0000] {logging_mixin.py:151} INFO - [2024-10-02T02:03:10.323+0000] {security.py:708} INFO - Not syncing DAG-level permissions for DAG 'DAG:latest_only' as access control is unset.
[2024-10-02T02:03:10.329+0000] {logging_mixin.py:151} INFO - [2024-10-02T02:03:10.329+0000] {dag.py:2915} INFO - Sync 1 DAGs
[2024-10-02T02:03:10.370+0000] {logging_mixin.py:151} INFO - [2024-10-02T02:03:10.369+0000] {dag.py:2937} INFO - Creating ORM DAG for latest_only
[2024-10-02T02:03:10.391+0000] {logging_mixin.py:151} INFO - [2024-10-02T02:03:10.390+0000] {dag.py:3696} INFO - Setting next_dagrun for latest_only to 2024-10-01T22:03:10.388935+00:00, run_after=2024-10-02T02:03:10.388935+00:00
[2024-10-02T02:03:10.498+0000] {processor.py:179} INFO - Processing /home/airflow/.local/lib/python3.8/site-packages/airflow/example_dags/example_latest_only.py took 1.413 seconds
[2024-10-02T02:06:05.049+0000] {processor.py:157} INFO - Started process (PID=31) to work on /home/airflow/.local/lib/python3.8/site-packages/airflow/example_dags/example_latest_only.py
[2024-10-02T02:06:05.083+0000] {processor.py:829} INFO - Processing file /home/airflow/.local/lib/python3.8/site-packages/airflow/example_dags/example_latest_only.py for tasks to queue
[2024-10-02T02:06:05.113+0000] {logging_mixin.py:151} INFO - [2024-10-02T02:06:05.112+0000] {dagbag.py:539} INFO - Filling up the DagBag from /home/airflow/.local/lib/python3.8/site-packages/airflow/example_dags/example_latest_only.py
[2024-10-02T02:06:05.286+0000] {processor.py:839} INFO - DAG(s) dict_keys(['latest_only']) retrieved from /home/airflow/.local/lib/python3.8/site-packages/airflow/example_dags/example_latest_only.py
[2024-10-02T02:06:06.199+0000] {logging_mixin.py:151} INFO - [2024-10-02T02:06:06.199+0000] {manager.py:499} INFO - Created Permission View: %s
[2024-10-02T02:06:06.248+0000] {logging_mixin.py:151} INFO - [2024-10-02T02:06:06.248+0000] {manager.py:499} INFO - Created Permission View: %s
[2024-10-02T02:06:06.274+0000] {logging_mixin.py:151} INFO - [2024-10-02T02:06:06.274+0000] {manager.py:499} INFO - Created Permission View: %s
[2024-10-02T02:06:06.296+0000] {logging_mixin.py:151} INFO - [2024-10-02T02:06:06.296+0000] {security.py:708} INFO - Not syncing DAG-level permissions for DAG 'DAG:latest_only' as access control is unset.
[2024-10-02T02:06:06.306+0000] {logging_mixin.py:151} INFO - [2024-10-02T02:06:06.306+0000] {dag.py:2915} INFO - Sync 1 DAGs
[2024-10-02T02:06:06.377+0000] {logging_mixin.py:151} INFO - [2024-10-02T02:06:06.361+0000] {dag.py:2937} INFO - Creating ORM DAG for latest_only
[2024-10-02T02:06:06.410+0000] {logging_mixin.py:151} INFO - [2024-10-02T02:06:06.408+0000] {dag.py:3696} INFO - Setting next_dagrun for latest_only to 2024-10-01T22:06:06.407983+00:00, run_after=2024-10-02T02:06:06.407983+00:00
[2024-10-02T02:06:06.557+0000] {processor.py:179} INFO - Processing /home/airflow/.local/lib/python3.8/site-packages/airflow/example_dags/example_latest_only.py took 1.579 seconds
[2024-10-02T02:06:37.186+0000] {processor.py:157} INFO - Started process (PID=79) to work on /home/airflow/.local/lib/python3.8/site-packages/airflow/example_dags/example_latest_only.py
[2024-10-02T02:06:37.190+0000] {processor.py:829} INFO - Processing file /home/airflow/.local/lib/python3.8/site-packages/airflow/example_dags/example_latest_only.py for tasks to queue
[2024-10-02T02:06:37.208+0000] {logging_mixin.py:151} INFO - [2024-10-02T02:06:37.208+0000] {dagbag.py:539} INFO - Filling up the DagBag from /home/airflow/.local/lib/python3.8/site-packages/airflow/example_dags/example_latest_only.py
[2024-10-02T02:06:37.250+0000] {processor.py:839} INFO - DAG(s) dict_keys(['latest_only']) retrieved from /home/airflow/.local/lib/python3.8/site-packages/airflow/example_dags/example_latest_only.py
[2024-10-02T02:06:37.309+0000] {logging_mixin.py:151} INFO - [2024-10-02T02:06:37.307+0000] {dag.py:2915} INFO - Sync 1 DAGs
[2024-10-02T02:06:37.352+0000] {logging_mixin.py:151} INFO - [2024-10-02T02:06:37.351+0000] {dag.py:3696} INFO - Setting next_dagrun for latest_only to 2024-10-01T22:06:37.348085+00:00, run_after=2024-10-02T02:06:37.348085+00:00
[2024-10-02T02:06:37.406+0000] {processor.py:179} INFO - Processing /home/airflow/.local/lib/python3.8/site-packages/airflow/example_dags/example_latest_only.py took 0.232 seconds
[2024-10-02T02:07:07.545+0000] {processor.py:157} INFO - Started process (PID=127) to work on /home/airflow/.local/lib/python3.8/site-packages/airflow/example_dags/example_latest_only.py
[2024-10-02T02:07:07.548+0000] {processor.py:829} INFO - Processing file /home/airflow/.local/lib/python3.8/site-packages/airflow/example_dags/example_latest_only.py for tasks to queue
[2024-10-02T02:07:07.552+0000] {logging_mixin.py:151} INFO - [2024-10-02T02:07:07.551+0000] {dagbag.py:539} INFO - Filling up the DagBag from /home/airflow/.local/lib/python3.8/site-packages/airflow/example_dags/example_latest_only.py
[2024-10-02T02:07:07.571+0000] {processor.py:839} INFO - DAG(s) dict_keys(['latest_only']) retrieved from /home/airflow/.local/lib/python3.8/site-packages/airflow/example_dags/example_latest_only.py
[2024-10-02T02:07:07.626+0000] {logging_mixin.py:151} INFO - [2024-10-02T02:07:07.626+0000] {dag.py:2915} INFO - Sync 1 DAGs
[2024-10-02T02:07:07.668+0000] {logging_mixin.py:151} INFO - [2024-10-02T02:07:07.668+0000] {dag.py:3696} INFO - Setting next_dagrun for latest_only to 2024-10-01T22:07:07.666659+00:00, run_after=2024-10-02T02:07:07.666659+00:00
[2024-10-02T02:07:07.721+0000] {processor.py:179} INFO - Processing /home/airflow/.local/lib/python3.8/site-packages/airflow/example_dags/example_latest_only.py took 0.181 seconds
[2024-10-02T02:07:37.836+0000] {processor.py:157} INFO - Started process (PID=175) to work on /home/airflow/.local/lib/python3.8/site-packages/airflow/example_dags/example_latest_only.py
[2024-10-02T02:07:37.846+0000] {processor.py:829} INFO - Processing file /home/airflow/.local/lib/python3.8/site-packages/airflow/example_dags/example_latest_only.py for tasks to queue
[2024-10-02T02:07:37.854+0000] {logging_mixin.py:151} INFO - [2024-10-02T02:07:37.854+0000] {dagbag.py:539} INFO - Filling up the DagBag from /home/airflow/.local/lib/python3.8/site-packages/airflow/example_dags/example_latest_only.py
[2024-10-02T02:07:37.870+0000] {processor.py:839} INFO - DAG(s) dict_keys(['latest_only']) retrieved from /home/airflow/.local/lib/python3.8/site-packages/airflow/example_dags/example_latest_only.py
[2024-10-02T02:07:37.921+0000] {logging_mixin.py:151} INFO - [2024-10-02T02:07:37.921+0000] {dag.py:2915} INFO - Sync 1 DAGs
[2024-10-02T02:07:37.973+0000] {logging_mixin.py:151} INFO - [2024-10-02T02:07:37.973+0000] {dag.py:3696} INFO - Setting next_dagrun for latest_only to 2024-10-01T22:07:37.971530+00:00, run_after=2024-10-02T02:07:37.971530+00:00
[2024-10-02T02:07:38.014+0000] {processor.py:179} INFO - Processing /home/airflow/.local/lib/python3.8/site-packages/airflow/example_dags/example_latest_only.py took 0.184 seconds
[2024-10-02T02:08:08.120+0000] {processor.py:157} INFO - Started process (PID=223) to work on /home/airflow/.local/lib/python3.8/site-packages/airflow/example_dags/example_latest_only.py
[2024-10-02T02:08:08.131+0000] {processor.py:829} INFO - Processing file /home/airflow/.local/lib/python3.8/site-packages/airflow/example_dags/example_latest_only.py for tasks to queue
[2024-10-02T02:08:08.137+0000] {logging_mixin.py:151} INFO - [2024-10-02T02:08:08.136+0000] {dagbag.py:539} INFO - Filling up the DagBag from /home/airflow/.local/lib/python3.8/site-packages/airflow/example_dags/example_latest_only.py
[2024-10-02T02:08:08.153+0000] {processor.py:839} INFO - DAG(s) dict_keys(['latest_only']) retrieved from /home/airflow/.local/lib/python3.8/site-packages/airflow/example_dags/example_latest_only.py
[2024-10-02T02:08:08.202+0000] {logging_mixin.py:151} INFO - [2024-10-02T02:08:08.201+0000] {dag.py:2915} INFO - Sync 1 DAGs
[2024-10-02T02:08:08.238+0000] {logging_mixin.py:151} INFO - [2024-10-02T02:08:08.238+0000] {dag.py:3696} INFO - Setting next_dagrun for latest_only to 2024-10-01T22:08:08.237105+00:00, run_after=2024-10-02T02:08:08.237105+00:00
[2024-10-02T02:08:08.267+0000] {processor.py:179} INFO - Processing /home/airflow/.local/lib/python3.8/site-packages/airflow/example_dags/example_latest_only.py took 0.155 seconds
[2024-10-02T02:08:38.402+0000] {processor.py:157} INFO - Started process (PID=271) to work on /home/airflow/.local/lib/python3.8/site-packages/airflow/example_dags/example_latest_only.py
[2024-10-02T02:08:38.405+0000] {processor.py:829} INFO - Processing file /home/airflow/.local/lib/python3.8/site-packages/airflow/example_dags/example_latest_only.py for tasks to queue
[2024-10-02T02:08:38.410+0000] {logging_mixin.py:151} INFO - [2024-10-02T02:08:38.409+0000] {dagbag.py:539} INFO - Filling up the DagBag from /home/airflow/.local/lib/python3.8/site-packages/airflow/example_dags/example_latest_only.py
[2024-10-02T02:08:38.426+0000] {processor.py:839} INFO - DAG(s) dict_keys(['latest_only']) retrieved from /home/airflow/.local/lib/python3.8/site-packages/airflow/example_dags/example_latest_only.py
[2024-10-02T02:08:38.477+0000] {logging_mixin.py:151} INFO - [2024-10-02T02:08:38.476+0000] {dag.py:2915} INFO - Sync 1 DAGs
[2024-10-02T02:08:38.528+0000] {logging_mixin.py:151} INFO - [2024-10-02T02:08:38.527+0000] {dag.py:3696} INFO - Setting next_dagrun for latest_only to 2024-10-01T22:08:38.526415+00:00, run_after=2024-10-02T02:08:38.526415+00:00
[2024-10-02T02:08:38.556+0000] {processor.py:179} INFO - Processing /home/airflow/.local/lib/python3.8/site-packages/airflow/example_dags/example_latest_only.py took 0.159 seconds
[2024-10-02T02:09:09.138+0000] {processor.py:157} INFO - Started process (PID=319) to work on /home/airflow/.local/lib/python3.8/site-packages/airflow/example_dags/example_latest_only.py
[2024-10-02T02:09:09.142+0000] {processor.py:829} INFO - Processing file /home/airflow/.local/lib/python3.8/site-packages/airflow/example_dags/example_latest_only.py for tasks to queue
[2024-10-02T02:09:09.147+0000] {logging_mixin.py:151} INFO - [2024-10-02T02:09:09.147+0000] {dagbag.py:539} INFO - Filling up the DagBag from /home/airflow/.local/lib/python3.8/site-packages/airflow/example_dags/example_latest_only.py
[2024-10-02T02:09:09.166+0000] {processor.py:839} INFO - DAG(s) dict_keys(['latest_only']) retrieved from /home/airflow/.local/lib/python3.8/site-packages/airflow/example_dags/example_latest_only.py
[2024-10-02T02:09:09.240+0000] {logging_mixin.py:151} INFO - [2024-10-02T02:09:09.239+0000] {dag.py:2915} INFO - Sync 1 DAGs
[2024-10-02T02:09:09.281+0000] {logging_mixin.py:151} INFO - [2024-10-02T02:09:09.280+0000] {dag.py:3696} INFO - Setting next_dagrun for latest_only to 2024-10-01T22:09:09.278714+00:00, run_after=2024-10-02T02:09:09.278714+00:00
[2024-10-02T02:09:09.319+0000] {processor.py:179} INFO - Processing /home/airflow/.local/lib/python3.8/site-packages/airflow/example_dags/example_latest_only.py took 0.189 seconds
[2024-10-02T02:09:40.058+0000] {processor.py:157} INFO - Started process (PID=367) to work on /home/airflow/.local/lib/python3.8/site-packages/airflow/example_dags/example_latest_only.py
[2024-10-02T02:09:40.063+0000] {processor.py:829} INFO - Processing file /home/airflow/.local/lib/python3.8/site-packages/airflow/example_dags/example_latest_only.py for tasks to queue
[2024-10-02T02:09:40.076+0000] {logging_mixin.py:151} INFO - [2024-10-02T02:09:40.072+0000] {dagbag.py:539} INFO - Filling up the DagBag from /home/airflow/.local/lib/python3.8/site-packages/airflow/example_dags/example_latest_only.py
[2024-10-02T02:09:40.111+0000] {processor.py:839} INFO - DAG(s) dict_keys(['latest_only']) retrieved from /home/airflow/.local/lib/python3.8/site-packages/airflow/example_dags/example_latest_only.py
[2024-10-02T02:09:40.179+0000] {logging_mixin.py:151} INFO - [2024-10-02T02:09:40.179+0000] {dag.py:2915} INFO - Sync 1 DAGs
[2024-10-02T02:09:40.231+0000] {logging_mixin.py:151} INFO - [2024-10-02T02:09:40.231+0000] {dag.py:3696} INFO - Setting next_dagrun for latest_only to 2024-10-01T22:09:40.229130+00:00, run_after=2024-10-02T02:09:40.229130+00:00
[2024-10-02T02:09:40.261+0000] {processor.py:179} INFO - Processing /home/airflow/.local/lib/python3.8/site-packages/airflow/example_dags/example_latest_only.py took 0.211 seconds
[2024-10-02T02:10:10.996+0000] {processor.py:157} INFO - Started process (PID=415) to work on /home/airflow/.local/lib/python3.8/site-packages/airflow/example_dags/example_latest_only.py
[2024-10-02T02:10:10.999+0000] {processor.py:829} INFO - Processing file /home/airflow/.local/lib/python3.8/site-packages/airflow/example_dags/example_latest_only.py for tasks to queue
[2024-10-02T02:10:11.004+0000] {logging_mixin.py:151} INFO - [2024-10-02T02:10:11.004+0000] {dagbag.py:539} INFO - Filling up the DagBag from /home/airflow/.local/lib/python3.8/site-packages/airflow/example_dags/example_latest_only.py
[2024-10-02T02:10:11.021+0000] {processor.py:839} INFO - DAG(s) dict_keys(['latest_only']) retrieved from /home/airflow/.local/lib/python3.8/site-packages/airflow/example_dags/example_latest_only.py
[2024-10-02T02:10:11.068+0000] {logging_mixin.py:151} INFO - [2024-10-02T02:10:11.067+0000] {dag.py:2915} INFO - Sync 1 DAGs
[2024-10-02T02:10:11.100+0000] {logging_mixin.py:151} INFO - [2024-10-02T02:10:11.100+0000] {dag.py:3696} INFO - Setting next_dagrun for latest_only to 2024-10-01T22:10:11.098626+00:00, run_after=2024-10-02T02:10:11.098626+00:00
[2024-10-02T02:10:11.128+0000] {processor.py:179} INFO - Processing /home/airflow/.local/lib/python3.8/site-packages/airflow/example_dags/example_latest_only.py took 0.139 seconds
