[2024-10-02T01:32:09.466+0000] {processor.py:157} INFO - Started process (PID=40) to work on /home/airflow/.local/lib/python3.8/site-packages/airflow/example_dags/example_sensor_decorator.py
[2024-10-02T01:32:09.474+0000] {processor.py:829} INFO - Processing file /home/airflow/.local/lib/python3.8/site-packages/airflow/example_dags/example_sensor_decorator.py for tasks to queue
[2024-10-02T01:32:09.480+0000] {logging_mixin.py:151} INFO - [2024-10-02T01:32:09.479+0000] {dagbag.py:539} INFO - Filling up the DagBag from /home/airflow/.local/lib/python3.8/site-packages/airflow/example_dags/example_sensor_decorator.py
[2024-10-02T01:32:09.517+0000] {processor.py:839} INFO - DAG(s) dict_keys(['example_sensor_decorator']) retrieved from /home/airflow/.local/lib/python3.8/site-packages/airflow/example_dags/example_sensor_decorator.py
[2024-10-02T01:32:09.778+0000] {logging_mixin.py:151} INFO - [2024-10-02T01:32:09.777+0000] {manager.py:499} INFO - Created Permission View: %s
[2024-10-02T01:32:09.799+0000] {logging_mixin.py:151} INFO - [2024-10-02T01:32:09.798+0000] {manager.py:499} INFO - Created Permission View: %s
[2024-10-02T01:32:09.814+0000] {logging_mixin.py:151} INFO - [2024-10-02T01:32:09.814+0000] {manager.py:499} INFO - Created Permission View: %s
[2024-10-02T01:32:09.816+0000] {logging_mixin.py:151} INFO - [2024-10-02T01:32:09.816+0000] {security.py:708} INFO - Not syncing DAG-level permissions for DAG 'DAG:example_sensor_decorator' as access control is unset.
[2024-10-02T01:32:09.818+0000] {logging_mixin.py:151} INFO - [2024-10-02T01:32:09.818+0000] {dag.py:2915} INFO - Sync 1 DAGs
[2024-10-02T01:32:09.840+0000] {logging_mixin.py:151} INFO - [2024-10-02T01:32:09.840+0000] {dag.py:2937} INFO - Creating ORM DAG for example_sensor_decorator
[2024-10-02T01:32:09.845+0000] {logging_mixin.py:151} INFO - [2024-10-02T01:32:09.843+0000] {dag.py:3696} INFO - Setting next_dagrun for example_sensor_decorator to None, run_after=None
[2024-10-02T01:32:09.892+0000] {processor.py:179} INFO - Processing /home/airflow/.local/lib/python3.8/site-packages/airflow/example_dags/example_sensor_decorator.py took 0.433 seconds
[2024-10-02T01:32:40.406+0000] {processor.py:157} INFO - Started process (PID=88) to work on /home/airflow/.local/lib/python3.8/site-packages/airflow/example_dags/example_sensor_decorator.py
[2024-10-02T01:32:40.408+0000] {processor.py:829} INFO - Processing file /home/airflow/.local/lib/python3.8/site-packages/airflow/example_dags/example_sensor_decorator.py for tasks to queue
[2024-10-02T01:32:40.413+0000] {logging_mixin.py:151} INFO - [2024-10-02T01:32:40.412+0000] {dagbag.py:539} INFO - Filling up the DagBag from /home/airflow/.local/lib/python3.8/site-packages/airflow/example_dags/example_sensor_decorator.py
[2024-10-02T01:32:40.426+0000] {processor.py:839} INFO - DAG(s) dict_keys(['example_sensor_decorator']) retrieved from /home/airflow/.local/lib/python3.8/site-packages/airflow/example_dags/example_sensor_decorator.py
[2024-10-02T01:32:40.457+0000] {logging_mixin.py:151} INFO - [2024-10-02T01:32:40.457+0000] {dag.py:2915} INFO - Sync 1 DAGs
[2024-10-02T01:32:40.475+0000] {logging_mixin.py:151} INFO - [2024-10-02T01:32:40.474+0000] {dag.py:3696} INFO - Setting next_dagrun for example_sensor_decorator to None, run_after=None
[2024-10-02T01:32:40.509+0000] {processor.py:179} INFO - Processing /home/airflow/.local/lib/python3.8/site-packages/airflow/example_dags/example_sensor_decorator.py took 0.108 seconds
[2024-10-02T01:33:11.172+0000] {processor.py:157} INFO - Started process (PID=136) to work on /home/airflow/.local/lib/python3.8/site-packages/airflow/example_dags/example_sensor_decorator.py
[2024-10-02T01:33:11.179+0000] {processor.py:829} INFO - Processing file /home/airflow/.local/lib/python3.8/site-packages/airflow/example_dags/example_sensor_decorator.py for tasks to queue
[2024-10-02T01:33:11.183+0000] {logging_mixin.py:151} INFO - [2024-10-02T01:33:11.183+0000] {dagbag.py:539} INFO - Filling up the DagBag from /home/airflow/.local/lib/python3.8/site-packages/airflow/example_dags/example_sensor_decorator.py
[2024-10-02T01:33:11.196+0000] {processor.py:839} INFO - DAG(s) dict_keys(['example_sensor_decorator']) retrieved from /home/airflow/.local/lib/python3.8/site-packages/airflow/example_dags/example_sensor_decorator.py
[2024-10-02T01:33:11.234+0000] {logging_mixin.py:151} INFO - [2024-10-02T01:33:11.234+0000] {dag.py:2915} INFO - Sync 1 DAGs
[2024-10-02T01:33:11.256+0000] {logging_mixin.py:151} INFO - [2024-10-02T01:33:11.255+0000] {dag.py:3696} INFO - Setting next_dagrun for example_sensor_decorator to None, run_after=None
[2024-10-02T01:33:11.305+0000] {processor.py:179} INFO - Processing /home/airflow/.local/lib/python3.8/site-packages/airflow/example_dags/example_sensor_decorator.py took 0.139 seconds
[2024-10-02T01:33:41.728+0000] {processor.py:157} INFO - Started process (PID=184) to work on /home/airflow/.local/lib/python3.8/site-packages/airflow/example_dags/example_sensor_decorator.py
[2024-10-02T01:33:41.732+0000] {processor.py:829} INFO - Processing file /home/airflow/.local/lib/python3.8/site-packages/airflow/example_dags/example_sensor_decorator.py for tasks to queue
[2024-10-02T01:33:41.736+0000] {logging_mixin.py:151} INFO - [2024-10-02T01:33:41.735+0000] {dagbag.py:539} INFO - Filling up the DagBag from /home/airflow/.local/lib/python3.8/site-packages/airflow/example_dags/example_sensor_decorator.py
[2024-10-02T01:33:41.749+0000] {processor.py:839} INFO - DAG(s) dict_keys(['example_sensor_decorator']) retrieved from /home/airflow/.local/lib/python3.8/site-packages/airflow/example_dags/example_sensor_decorator.py
[2024-10-02T01:33:41.796+0000] {logging_mixin.py:151} INFO - [2024-10-02T01:33:41.795+0000] {dag.py:2915} INFO - Sync 1 DAGs
[2024-10-02T01:33:41.814+0000] {logging_mixin.py:151} INFO - [2024-10-02T01:33:41.814+0000] {dag.py:3696} INFO - Setting next_dagrun for example_sensor_decorator to None, run_after=None
[2024-10-02T01:33:41.845+0000] {processor.py:179} INFO - Processing /home/airflow/.local/lib/python3.8/site-packages/airflow/example_dags/example_sensor_decorator.py took 0.122 seconds
[2024-10-02T01:34:12.438+0000] {processor.py:157} INFO - Started process (PID=232) to work on /home/airflow/.local/lib/python3.8/site-packages/airflow/example_dags/example_sensor_decorator.py
[2024-10-02T01:34:12.441+0000] {processor.py:829} INFO - Processing file /home/airflow/.local/lib/python3.8/site-packages/airflow/example_dags/example_sensor_decorator.py for tasks to queue
[2024-10-02T01:34:12.448+0000] {logging_mixin.py:151} INFO - [2024-10-02T01:34:12.447+0000] {dagbag.py:539} INFO - Filling up the DagBag from /home/airflow/.local/lib/python3.8/site-packages/airflow/example_dags/example_sensor_decorator.py
[2024-10-02T01:34:12.467+0000] {processor.py:839} INFO - DAG(s) dict_keys(['example_sensor_decorator']) retrieved from /home/airflow/.local/lib/python3.8/site-packages/airflow/example_dags/example_sensor_decorator.py
[2024-10-02T01:34:12.514+0000] {logging_mixin.py:151} INFO - [2024-10-02T01:34:12.514+0000] {dag.py:2915} INFO - Sync 1 DAGs
[2024-10-02T01:34:12.534+0000] {logging_mixin.py:151} INFO - [2024-10-02T01:34:12.534+0000] {dag.py:3696} INFO - Setting next_dagrun for example_sensor_decorator to None, run_after=None
[2024-10-02T01:34:12.569+0000] {processor.py:179} INFO - Processing /home/airflow/.local/lib/python3.8/site-packages/airflow/example_dags/example_sensor_decorator.py took 0.136 seconds
[2024-10-02T01:34:43.140+0000] {processor.py:157} INFO - Started process (PID=280) to work on /home/airflow/.local/lib/python3.8/site-packages/airflow/example_dags/example_sensor_decorator.py
[2024-10-02T01:34:43.144+0000] {processor.py:829} INFO - Processing file /home/airflow/.local/lib/python3.8/site-packages/airflow/example_dags/example_sensor_decorator.py for tasks to queue
[2024-10-02T01:34:43.149+0000] {logging_mixin.py:151} INFO - [2024-10-02T01:34:43.149+0000] {dagbag.py:539} INFO - Filling up the DagBag from /home/airflow/.local/lib/python3.8/site-packages/airflow/example_dags/example_sensor_decorator.py
[2024-10-02T01:34:43.164+0000] {processor.py:839} INFO - DAG(s) dict_keys(['example_sensor_decorator']) retrieved from /home/airflow/.local/lib/python3.8/site-packages/airflow/example_dags/example_sensor_decorator.py
[2024-10-02T01:34:43.220+0000] {logging_mixin.py:151} INFO - [2024-10-02T01:34:43.218+0000] {dag.py:2915} INFO - Sync 1 DAGs
[2024-10-02T01:34:43.240+0000] {logging_mixin.py:151} INFO - [2024-10-02T01:34:43.240+0000] {dag.py:3696} INFO - Setting next_dagrun for example_sensor_decorator to None, run_after=None
[2024-10-02T01:34:43.281+0000] {processor.py:179} INFO - Processing /home/airflow/.local/lib/python3.8/site-packages/airflow/example_dags/example_sensor_decorator.py took 0.145 seconds
[2024-10-02T01:35:13.523+0000] {processor.py:157} INFO - Started process (PID=328) to work on /home/airflow/.local/lib/python3.8/site-packages/airflow/example_dags/example_sensor_decorator.py
[2024-10-02T01:35:13.526+0000] {processor.py:829} INFO - Processing file /home/airflow/.local/lib/python3.8/site-packages/airflow/example_dags/example_sensor_decorator.py for tasks to queue
[2024-10-02T01:35:13.531+0000] {logging_mixin.py:151} INFO - [2024-10-02T01:35:13.531+0000] {dagbag.py:539} INFO - Filling up the DagBag from /home/airflow/.local/lib/python3.8/site-packages/airflow/example_dags/example_sensor_decorator.py
[2024-10-02T01:35:13.544+0000] {processor.py:839} INFO - DAG(s) dict_keys(['example_sensor_decorator']) retrieved from /home/airflow/.local/lib/python3.8/site-packages/airflow/example_dags/example_sensor_decorator.py
[2024-10-02T01:35:13.584+0000] {logging_mixin.py:151} INFO - [2024-10-02T01:35:13.584+0000] {dag.py:2915} INFO - Sync 1 DAGs
[2024-10-02T01:35:13.602+0000] {logging_mixin.py:151} INFO - [2024-10-02T01:35:13.601+0000] {dag.py:3696} INFO - Setting next_dagrun for example_sensor_decorator to None, run_after=None
[2024-10-02T01:35:13.631+0000] {processor.py:179} INFO - Processing /home/airflow/.local/lib/python3.8/site-packages/airflow/example_dags/example_sensor_decorator.py took 0.111 seconds
[2024-10-02T01:35:44.068+0000] {processor.py:157} INFO - Started process (PID=376) to work on /home/airflow/.local/lib/python3.8/site-packages/airflow/example_dags/example_sensor_decorator.py
[2024-10-02T01:35:44.076+0000] {processor.py:829} INFO - Processing file /home/airflow/.local/lib/python3.8/site-packages/airflow/example_dags/example_sensor_decorator.py for tasks to queue
[2024-10-02T01:35:44.082+0000] {logging_mixin.py:151} INFO - [2024-10-02T01:35:44.082+0000] {dagbag.py:539} INFO - Filling up the DagBag from /home/airflow/.local/lib/python3.8/site-packages/airflow/example_dags/example_sensor_decorator.py
[2024-10-02T01:35:44.105+0000] {processor.py:839} INFO - DAG(s) dict_keys(['example_sensor_decorator']) retrieved from /home/airflow/.local/lib/python3.8/site-packages/airflow/example_dags/example_sensor_decorator.py
[2024-10-02T01:35:44.147+0000] {logging_mixin.py:151} INFO - [2024-10-02T01:35:44.147+0000] {dag.py:2915} INFO - Sync 1 DAGs
[2024-10-02T01:35:44.168+0000] {logging_mixin.py:151} INFO - [2024-10-02T01:35:44.168+0000] {dag.py:3696} INFO - Setting next_dagrun for example_sensor_decorator to None, run_after=None
[2024-10-02T01:35:44.212+0000] {processor.py:179} INFO - Processing /home/airflow/.local/lib/python3.8/site-packages/airflow/example_dags/example_sensor_decorator.py took 0.152 seconds
[2024-10-02T01:36:14.447+0000] {processor.py:157} INFO - Started process (PID=424) to work on /home/airflow/.local/lib/python3.8/site-packages/airflow/example_dags/example_sensor_decorator.py
[2024-10-02T01:36:14.450+0000] {processor.py:829} INFO - Processing file /home/airflow/.local/lib/python3.8/site-packages/airflow/example_dags/example_sensor_decorator.py for tasks to queue
[2024-10-02T01:36:14.454+0000] {logging_mixin.py:151} INFO - [2024-10-02T01:36:14.454+0000] {dagbag.py:539} INFO - Filling up the DagBag from /home/airflow/.local/lib/python3.8/site-packages/airflow/example_dags/example_sensor_decorator.py
[2024-10-02T01:36:14.468+0000] {processor.py:839} INFO - DAG(s) dict_keys(['example_sensor_decorator']) retrieved from /home/airflow/.local/lib/python3.8/site-packages/airflow/example_dags/example_sensor_decorator.py
[2024-10-02T01:36:14.515+0000] {logging_mixin.py:151} INFO - [2024-10-02T01:36:14.514+0000] {dag.py:2915} INFO - Sync 1 DAGs
[2024-10-02T01:36:14.535+0000] {logging_mixin.py:151} INFO - [2024-10-02T01:36:14.535+0000] {dag.py:3696} INFO - Setting next_dagrun for example_sensor_decorator to None, run_after=None
[2024-10-02T01:36:14.579+0000] {processor.py:179} INFO - Processing /home/airflow/.local/lib/python3.8/site-packages/airflow/example_dags/example_sensor_decorator.py took 0.137 seconds
[2024-10-02T01:36:44.882+0000] {processor.py:157} INFO - Started process (PID=472) to work on /home/airflow/.local/lib/python3.8/site-packages/airflow/example_dags/example_sensor_decorator.py
[2024-10-02T01:36:44.884+0000] {processor.py:829} INFO - Processing file /home/airflow/.local/lib/python3.8/site-packages/airflow/example_dags/example_sensor_decorator.py for tasks to queue
[2024-10-02T01:36:44.888+0000] {logging_mixin.py:151} INFO - [2024-10-02T01:36:44.887+0000] {dagbag.py:539} INFO - Filling up the DagBag from /home/airflow/.local/lib/python3.8/site-packages/airflow/example_dags/example_sensor_decorator.py
[2024-10-02T01:36:44.902+0000] {processor.py:839} INFO - DAG(s) dict_keys(['example_sensor_decorator']) retrieved from /home/airflow/.local/lib/python3.8/site-packages/airflow/example_dags/example_sensor_decorator.py
[2024-10-02T01:36:44.944+0000] {logging_mixin.py:151} INFO - [2024-10-02T01:36:44.944+0000] {dag.py:2915} INFO - Sync 1 DAGs
[2024-10-02T01:36:44.967+0000] {logging_mixin.py:151} INFO - [2024-10-02T01:36:44.966+0000] {dag.py:3696} INFO - Setting next_dagrun for example_sensor_decorator to None, run_after=None
[2024-10-02T01:36:45.000+0000] {processor.py:179} INFO - Processing /home/airflow/.local/lib/python3.8/site-packages/airflow/example_dags/example_sensor_decorator.py took 0.122 seconds
[2024-10-02T01:37:15.191+0000] {processor.py:157} INFO - Started process (PID=520) to work on /home/airflow/.local/lib/python3.8/site-packages/airflow/example_dags/example_sensor_decorator.py
[2024-10-02T01:37:15.196+0000] {processor.py:829} INFO - Processing file /home/airflow/.local/lib/python3.8/site-packages/airflow/example_dags/example_sensor_decorator.py for tasks to queue
[2024-10-02T01:37:15.200+0000] {logging_mixin.py:151} INFO - [2024-10-02T01:37:15.200+0000] {dagbag.py:539} INFO - Filling up the DagBag from /home/airflow/.local/lib/python3.8/site-packages/airflow/example_dags/example_sensor_decorator.py
[2024-10-02T01:37:15.218+0000] {processor.py:839} INFO - DAG(s) dict_keys(['example_sensor_decorator']) retrieved from /home/airflow/.local/lib/python3.8/site-packages/airflow/example_dags/example_sensor_decorator.py
[2024-10-02T01:37:15.272+0000] {logging_mixin.py:151} INFO - [2024-10-02T01:37:15.271+0000] {dag.py:2915} INFO - Sync 1 DAGs
[2024-10-02T01:37:15.290+0000] {logging_mixin.py:151} INFO - [2024-10-02T01:37:15.290+0000] {dag.py:3696} INFO - Setting next_dagrun for example_sensor_decorator to None, run_after=None
[2024-10-02T01:37:15.322+0000] {processor.py:179} INFO - Processing /home/airflow/.local/lib/python3.8/site-packages/airflow/example_dags/example_sensor_decorator.py took 0.138 seconds
[2024-10-02T01:37:46.370+0000] {processor.py:157} INFO - Started process (PID=568) to work on /home/airflow/.local/lib/python3.8/site-packages/airflow/example_dags/example_sensor_decorator.py
[2024-10-02T01:37:46.374+0000] {processor.py:829} INFO - Processing file /home/airflow/.local/lib/python3.8/site-packages/airflow/example_dags/example_sensor_decorator.py for tasks to queue
[2024-10-02T01:37:46.392+0000] {logging_mixin.py:151} INFO - [2024-10-02T01:37:46.389+0000] {dagbag.py:539} INFO - Filling up the DagBag from /home/airflow/.local/lib/python3.8/site-packages/airflow/example_dags/example_sensor_decorator.py
[2024-10-02T01:37:46.422+0000] {processor.py:839} INFO - DAG(s) dict_keys(['example_sensor_decorator']) retrieved from /home/airflow/.local/lib/python3.8/site-packages/airflow/example_dags/example_sensor_decorator.py
[2024-10-02T01:37:46.461+0000] {logging_mixin.py:151} INFO - [2024-10-02T01:37:46.461+0000] {dag.py:2915} INFO - Sync 1 DAGs
[2024-10-02T01:37:46.516+0000] {logging_mixin.py:151} INFO - [2024-10-02T01:37:46.515+0000] {dag.py:3696} INFO - Setting next_dagrun for example_sensor_decorator to None, run_after=None
[2024-10-02T01:37:46.600+0000] {processor.py:179} INFO - Processing /home/airflow/.local/lib/python3.8/site-packages/airflow/example_dags/example_sensor_decorator.py took 0.239 seconds
[2024-10-02T01:38:16.911+0000] {processor.py:157} INFO - Started process (PID=616) to work on /home/airflow/.local/lib/python3.8/site-packages/airflow/example_dags/example_sensor_decorator.py
[2024-10-02T01:38:16.915+0000] {processor.py:829} INFO - Processing file /home/airflow/.local/lib/python3.8/site-packages/airflow/example_dags/example_sensor_decorator.py for tasks to queue
[2024-10-02T01:38:16.919+0000] {logging_mixin.py:151} INFO - [2024-10-02T01:38:16.919+0000] {dagbag.py:539} INFO - Filling up the DagBag from /home/airflow/.local/lib/python3.8/site-packages/airflow/example_dags/example_sensor_decorator.py
[2024-10-02T01:38:16.937+0000] {processor.py:839} INFO - DAG(s) dict_keys(['example_sensor_decorator']) retrieved from /home/airflow/.local/lib/python3.8/site-packages/airflow/example_dags/example_sensor_decorator.py
[2024-10-02T01:38:16.983+0000] {logging_mixin.py:151} INFO - [2024-10-02T01:38:16.982+0000] {dag.py:2915} INFO - Sync 1 DAGs
[2024-10-02T01:38:17.002+0000] {logging_mixin.py:151} INFO - [2024-10-02T01:38:17.001+0000] {dag.py:3696} INFO - Setting next_dagrun for example_sensor_decorator to None, run_after=None
[2024-10-02T01:38:17.064+0000] {processor.py:179} INFO - Processing /home/airflow/.local/lib/python3.8/site-packages/airflow/example_dags/example_sensor_decorator.py took 0.157 seconds
[2024-10-02T01:38:47.330+0000] {processor.py:157} INFO - Started process (PID=664) to work on /home/airflow/.local/lib/python3.8/site-packages/airflow/example_dags/example_sensor_decorator.py
[2024-10-02T01:38:47.333+0000] {processor.py:829} INFO - Processing file /home/airflow/.local/lib/python3.8/site-packages/airflow/example_dags/example_sensor_decorator.py for tasks to queue
[2024-10-02T01:38:47.337+0000] {logging_mixin.py:151} INFO - [2024-10-02T01:38:47.336+0000] {dagbag.py:539} INFO - Filling up the DagBag from /home/airflow/.local/lib/python3.8/site-packages/airflow/example_dags/example_sensor_decorator.py
[2024-10-02T01:38:47.349+0000] {processor.py:839} INFO - DAG(s) dict_keys(['example_sensor_decorator']) retrieved from /home/airflow/.local/lib/python3.8/site-packages/airflow/example_dags/example_sensor_decorator.py
[2024-10-02T01:38:47.385+0000] {logging_mixin.py:151} INFO - [2024-10-02T01:38:47.385+0000] {dag.py:2915} INFO - Sync 1 DAGs
[2024-10-02T01:38:47.405+0000] {logging_mixin.py:151} INFO - [2024-10-02T01:38:47.405+0000] {dag.py:3696} INFO - Setting next_dagrun for example_sensor_decorator to None, run_after=None
[2024-10-02T01:38:47.432+0000] {processor.py:179} INFO - Processing /home/airflow/.local/lib/python3.8/site-packages/airflow/example_dags/example_sensor_decorator.py took 0.106 seconds
[2024-10-02T01:39:17.791+0000] {processor.py:157} INFO - Started process (PID=712) to work on /home/airflow/.local/lib/python3.8/site-packages/airflow/example_dags/example_sensor_decorator.py
[2024-10-02T01:39:17.794+0000] {processor.py:829} INFO - Processing file /home/airflow/.local/lib/python3.8/site-packages/airflow/example_dags/example_sensor_decorator.py for tasks to queue
[2024-10-02T01:39:17.800+0000] {logging_mixin.py:151} INFO - [2024-10-02T01:39:17.799+0000] {dagbag.py:539} INFO - Filling up the DagBag from /home/airflow/.local/lib/python3.8/site-packages/airflow/example_dags/example_sensor_decorator.py
[2024-10-02T01:39:17.814+0000] {processor.py:839} INFO - DAG(s) dict_keys(['example_sensor_decorator']) retrieved from /home/airflow/.local/lib/python3.8/site-packages/airflow/example_dags/example_sensor_decorator.py
[2024-10-02T01:39:17.855+0000] {logging_mixin.py:151} INFO - [2024-10-02T01:39:17.855+0000] {dag.py:2915} INFO - Sync 1 DAGs
[2024-10-02T01:39:17.874+0000] {logging_mixin.py:151} INFO - [2024-10-02T01:39:17.874+0000] {dag.py:3696} INFO - Setting next_dagrun for example_sensor_decorator to None, run_after=None
[2024-10-02T01:39:17.908+0000] {processor.py:179} INFO - Processing /home/airflow/.local/lib/python3.8/site-packages/airflow/example_dags/example_sensor_decorator.py took 0.122 seconds
[2024-10-02T01:45:26.984+0000] {processor.py:157} INFO - Started process (PID=40) to work on /home/airflow/.local/lib/python3.8/site-packages/airflow/example_dags/example_sensor_decorator.py
[2024-10-02T01:45:26.995+0000] {processor.py:829} INFO - Processing file /home/airflow/.local/lib/python3.8/site-packages/airflow/example_dags/example_sensor_decorator.py for tasks to queue
[2024-10-02T01:45:27.028+0000] {logging_mixin.py:151} INFO - [2024-10-02T01:45:27.019+0000] {dagbag.py:539} INFO - Filling up the DagBag from /home/airflow/.local/lib/python3.8/site-packages/airflow/example_dags/example_sensor_decorator.py
[2024-10-02T01:45:27.165+0000] {processor.py:839} INFO - DAG(s) dict_keys(['example_sensor_decorator']) retrieved from /home/airflow/.local/lib/python3.8/site-packages/airflow/example_dags/example_sensor_decorator.py
[2024-10-02T01:45:27.542+0000] {logging_mixin.py:151} INFO - [2024-10-02T01:45:27.540+0000] {manager.py:499} INFO - Created Permission View: %s
[2024-10-02T01:45:27.596+0000] {logging_mixin.py:151} INFO - [2024-10-02T01:45:27.596+0000] {manager.py:499} INFO - Created Permission View: %s
[2024-10-02T01:45:27.639+0000] {logging_mixin.py:151} INFO - [2024-10-02T01:45:27.639+0000] {manager.py:499} INFO - Created Permission View: %s
[2024-10-02T01:45:27.649+0000] {logging_mixin.py:151} INFO - [2024-10-02T01:45:27.649+0000] {security.py:708} INFO - Not syncing DAG-level permissions for DAG 'DAG:example_sensor_decorator' as access control is unset.
[2024-10-02T01:45:27.654+0000] {logging_mixin.py:151} INFO - [2024-10-02T01:45:27.654+0000] {dag.py:2915} INFO - Sync 1 DAGs
[2024-10-02T01:45:27.702+0000] {logging_mixin.py:151} INFO - [2024-10-02T01:45:27.702+0000] {dag.py:2937} INFO - Creating ORM DAG for example_sensor_decorator
[2024-10-02T01:45:27.708+0000] {logging_mixin.py:151} INFO - [2024-10-02T01:45:27.706+0000] {dag.py:3696} INFO - Setting next_dagrun for example_sensor_decorator to None, run_after=None
[2024-10-02T01:45:27.810+0000] {processor.py:179} INFO - Processing /home/airflow/.local/lib/python3.8/site-packages/airflow/example_dags/example_sensor_decorator.py took 0.838 seconds
[2024-10-02T01:45:58.016+0000] {processor.py:157} INFO - Started process (PID=88) to work on /home/airflow/.local/lib/python3.8/site-packages/airflow/example_dags/example_sensor_decorator.py
[2024-10-02T01:45:58.019+0000] {processor.py:829} INFO - Processing file /home/airflow/.local/lib/python3.8/site-packages/airflow/example_dags/example_sensor_decorator.py for tasks to queue
[2024-10-02T01:45:58.023+0000] {logging_mixin.py:151} INFO - [2024-10-02T01:45:58.023+0000] {dagbag.py:539} INFO - Filling up the DagBag from /home/airflow/.local/lib/python3.8/site-packages/airflow/example_dags/example_sensor_decorator.py
[2024-10-02T01:45:58.040+0000] {processor.py:839} INFO - DAG(s) dict_keys(['example_sensor_decorator']) retrieved from /home/airflow/.local/lib/python3.8/site-packages/airflow/example_dags/example_sensor_decorator.py
[2024-10-02T01:45:58.072+0000] {logging_mixin.py:151} INFO - [2024-10-02T01:45:58.072+0000] {dag.py:2915} INFO - Sync 1 DAGs
[2024-10-02T01:45:58.089+0000] {logging_mixin.py:151} INFO - [2024-10-02T01:45:58.088+0000] {dag.py:3696} INFO - Setting next_dagrun for example_sensor_decorator to None, run_after=None
[2024-10-02T01:45:58.121+0000] {processor.py:179} INFO - Processing /home/airflow/.local/lib/python3.8/site-packages/airflow/example_dags/example_sensor_decorator.py took 0.110 seconds
[2024-10-02T01:46:56.924+0000] {processor.py:157} INFO - Started process (PID=40) to work on /home/airflow/.local/lib/python3.8/site-packages/airflow/example_dags/example_sensor_decorator.py
[2024-10-02T01:46:56.932+0000] {processor.py:829} INFO - Processing file /home/airflow/.local/lib/python3.8/site-packages/airflow/example_dags/example_sensor_decorator.py for tasks to queue
[2024-10-02T01:46:56.947+0000] {logging_mixin.py:151} INFO - [2024-10-02T01:46:56.946+0000] {dagbag.py:539} INFO - Filling up the DagBag from /home/airflow/.local/lib/python3.8/site-packages/airflow/example_dags/example_sensor_decorator.py
[2024-10-02T01:46:56.978+0000] {processor.py:839} INFO - DAG(s) dict_keys(['example_sensor_decorator']) retrieved from /home/airflow/.local/lib/python3.8/site-packages/airflow/example_dags/example_sensor_decorator.py
[2024-10-02T01:46:57.047+0000] {logging_mixin.py:151} INFO - [2024-10-02T01:46:57.046+0000] {dag.py:2915} INFO - Sync 1 DAGs
[2024-10-02T01:46:57.092+0000] {logging_mixin.py:151} INFO - [2024-10-02T01:46:57.092+0000] {dag.py:3696} INFO - Setting next_dagrun for example_sensor_decorator to None, run_after=None
[2024-10-02T01:46:57.141+0000] {processor.py:179} INFO - Processing /home/airflow/.local/lib/python3.8/site-packages/airflow/example_dags/example_sensor_decorator.py took 0.260 seconds
[2024-10-02T01:47:27.234+0000] {processor.py:157} INFO - Started process (PID=88) to work on /home/airflow/.local/lib/python3.8/site-packages/airflow/example_dags/example_sensor_decorator.py
[2024-10-02T01:47:27.237+0000] {processor.py:829} INFO - Processing file /home/airflow/.local/lib/python3.8/site-packages/airflow/example_dags/example_sensor_decorator.py for tasks to queue
[2024-10-02T01:47:27.242+0000] {logging_mixin.py:151} INFO - [2024-10-02T01:47:27.241+0000] {dagbag.py:539} INFO - Filling up the DagBag from /home/airflow/.local/lib/python3.8/site-packages/airflow/example_dags/example_sensor_decorator.py
[2024-10-02T01:47:27.257+0000] {processor.py:839} INFO - DAG(s) dict_keys(['example_sensor_decorator']) retrieved from /home/airflow/.local/lib/python3.8/site-packages/airflow/example_dags/example_sensor_decorator.py
[2024-10-02T01:47:27.300+0000] {logging_mixin.py:151} INFO - [2024-10-02T01:47:27.300+0000] {dag.py:2915} INFO - Sync 1 DAGs
[2024-10-02T01:47:27.320+0000] {logging_mixin.py:151} INFO - [2024-10-02T01:47:27.320+0000] {dag.py:3696} INFO - Setting next_dagrun for example_sensor_decorator to None, run_after=None
[2024-10-02T01:47:27.356+0000] {processor.py:179} INFO - Processing /home/airflow/.local/lib/python3.8/site-packages/airflow/example_dags/example_sensor_decorator.py took 0.126 seconds
[2024-10-02T01:48:24.494+0000] {processor.py:157} INFO - Started process (PID=40) to work on /home/airflow/.local/lib/python3.8/site-packages/airflow/example_dags/example_sensor_decorator.py
[2024-10-02T01:48:24.505+0000] {processor.py:829} INFO - Processing file /home/airflow/.local/lib/python3.8/site-packages/airflow/example_dags/example_sensor_decorator.py for tasks to queue
[2024-10-02T01:48:24.514+0000] {logging_mixin.py:151} INFO - [2024-10-02T01:48:24.514+0000] {dagbag.py:539} INFO - Filling up the DagBag from /home/airflow/.local/lib/python3.8/site-packages/airflow/example_dags/example_sensor_decorator.py
[2024-10-02T01:48:24.539+0000] {processor.py:839} INFO - DAG(s) dict_keys(['example_sensor_decorator']) retrieved from /home/airflow/.local/lib/python3.8/site-packages/airflow/example_dags/example_sensor_decorator.py
[2024-10-02T01:48:24.585+0000] {logging_mixin.py:151} INFO - [2024-10-02T01:48:24.585+0000] {dag.py:2915} INFO - Sync 1 DAGs
[2024-10-02T01:48:24.620+0000] {logging_mixin.py:151} INFO - [2024-10-02T01:48:24.620+0000] {dag.py:3696} INFO - Setting next_dagrun for example_sensor_decorator to None, run_after=None
[2024-10-02T01:48:24.712+0000] {processor.py:179} INFO - Processing /home/airflow/.local/lib/python3.8/site-packages/airflow/example_dags/example_sensor_decorator.py took 0.222 seconds
[2024-10-02T01:48:55.406+0000] {processor.py:157} INFO - Started process (PID=88) to work on /home/airflow/.local/lib/python3.8/site-packages/airflow/example_dags/example_sensor_decorator.py
[2024-10-02T01:48:55.408+0000] {processor.py:829} INFO - Processing file /home/airflow/.local/lib/python3.8/site-packages/airflow/example_dags/example_sensor_decorator.py for tasks to queue
[2024-10-02T01:48:55.413+0000] {logging_mixin.py:151} INFO - [2024-10-02T01:48:55.412+0000] {dagbag.py:539} INFO - Filling up the DagBag from /home/airflow/.local/lib/python3.8/site-packages/airflow/example_dags/example_sensor_decorator.py
[2024-10-02T01:48:55.424+0000] {processor.py:839} INFO - DAG(s) dict_keys(['example_sensor_decorator']) retrieved from /home/airflow/.local/lib/python3.8/site-packages/airflow/example_dags/example_sensor_decorator.py
[2024-10-02T01:48:55.455+0000] {logging_mixin.py:151} INFO - [2024-10-02T01:48:55.455+0000] {dag.py:2915} INFO - Sync 1 DAGs
[2024-10-02T01:48:55.470+0000] {logging_mixin.py:151} INFO - [2024-10-02T01:48:55.470+0000] {dag.py:3696} INFO - Setting next_dagrun for example_sensor_decorator to None, run_after=None
[2024-10-02T01:48:55.494+0000] {processor.py:179} INFO - Processing /home/airflow/.local/lib/python3.8/site-packages/airflow/example_dags/example_sensor_decorator.py took 0.093 seconds
[2024-10-02T01:49:25.576+0000] {processor.py:157} INFO - Started process (PID=136) to work on /home/airflow/.local/lib/python3.8/site-packages/airflow/example_dags/example_sensor_decorator.py
[2024-10-02T01:49:25.579+0000] {processor.py:829} INFO - Processing file /home/airflow/.local/lib/python3.8/site-packages/airflow/example_dags/example_sensor_decorator.py for tasks to queue
[2024-10-02T01:49:25.582+0000] {logging_mixin.py:151} INFO - [2024-10-02T01:49:25.582+0000] {dagbag.py:539} INFO - Filling up the DagBag from /home/airflow/.local/lib/python3.8/site-packages/airflow/example_dags/example_sensor_decorator.py
[2024-10-02T01:49:25.593+0000] {processor.py:839} INFO - DAG(s) dict_keys(['example_sensor_decorator']) retrieved from /home/airflow/.local/lib/python3.8/site-packages/airflow/example_dags/example_sensor_decorator.py
[2024-10-02T01:49:25.622+0000] {logging_mixin.py:151} INFO - [2024-10-02T01:49:25.621+0000] {dag.py:2915} INFO - Sync 1 DAGs
[2024-10-02T01:49:25.637+0000] {logging_mixin.py:151} INFO - [2024-10-02T01:49:25.637+0000] {dag.py:3696} INFO - Setting next_dagrun for example_sensor_decorator to None, run_after=None
[2024-10-02T01:49:25.663+0000] {processor.py:179} INFO - Processing /home/airflow/.local/lib/python3.8/site-packages/airflow/example_dags/example_sensor_decorator.py took 0.091 seconds
[2024-10-02T01:49:56.293+0000] {processor.py:157} INFO - Started process (PID=184) to work on /home/airflow/.local/lib/python3.8/site-packages/airflow/example_dags/example_sensor_decorator.py
[2024-10-02T01:49:56.295+0000] {processor.py:829} INFO - Processing file /home/airflow/.local/lib/python3.8/site-packages/airflow/example_dags/example_sensor_decorator.py for tasks to queue
[2024-10-02T01:49:56.299+0000] {logging_mixin.py:151} INFO - [2024-10-02T01:49:56.299+0000] {dagbag.py:539} INFO - Filling up the DagBag from /home/airflow/.local/lib/python3.8/site-packages/airflow/example_dags/example_sensor_decorator.py
[2024-10-02T01:49:56.312+0000] {processor.py:839} INFO - DAG(s) dict_keys(['example_sensor_decorator']) retrieved from /home/airflow/.local/lib/python3.8/site-packages/airflow/example_dags/example_sensor_decorator.py
[2024-10-02T01:49:56.343+0000] {logging_mixin.py:151} INFO - [2024-10-02T01:49:56.342+0000] {dag.py:2915} INFO - Sync 1 DAGs
[2024-10-02T01:49:56.360+0000] {logging_mixin.py:151} INFO - [2024-10-02T01:49:56.360+0000] {dag.py:3696} INFO - Setting next_dagrun for example_sensor_decorator to None, run_after=None
[2024-10-02T01:49:56.385+0000] {processor.py:179} INFO - Processing /home/airflow/.local/lib/python3.8/site-packages/airflow/example_dags/example_sensor_decorator.py took 0.097 seconds
[2024-10-02T01:50:26.437+0000] {processor.py:157} INFO - Started process (PID=231) to work on /home/airflow/.local/lib/python3.8/site-packages/airflow/example_dags/example_sensor_decorator.py
[2024-10-02T01:50:26.439+0000] {processor.py:829} INFO - Processing file /home/airflow/.local/lib/python3.8/site-packages/airflow/example_dags/example_sensor_decorator.py for tasks to queue
[2024-10-02T01:50:26.443+0000] {logging_mixin.py:151} INFO - [2024-10-02T01:50:26.442+0000] {dagbag.py:539} INFO - Filling up the DagBag from /home/airflow/.local/lib/python3.8/site-packages/airflow/example_dags/example_sensor_decorator.py
[2024-10-02T01:50:26.456+0000] {processor.py:839} INFO - DAG(s) dict_keys(['example_sensor_decorator']) retrieved from /home/airflow/.local/lib/python3.8/site-packages/airflow/example_dags/example_sensor_decorator.py
[2024-10-02T01:50:26.493+0000] {logging_mixin.py:151} INFO - [2024-10-02T01:50:26.493+0000] {dag.py:2915} INFO - Sync 1 DAGs
[2024-10-02T01:50:26.512+0000] {logging_mixin.py:151} INFO - [2024-10-02T01:50:26.511+0000] {dag.py:3696} INFO - Setting next_dagrun for example_sensor_decorator to None, run_after=None
[2024-10-02T01:50:26.534+0000] {processor.py:179} INFO - Processing /home/airflow/.local/lib/python3.8/site-packages/airflow/example_dags/example_sensor_decorator.py took 0.102 seconds
[2024-10-02T01:50:56.703+0000] {processor.py:157} INFO - Started process (PID=279) to work on /home/airflow/.local/lib/python3.8/site-packages/airflow/example_dags/example_sensor_decorator.py
[2024-10-02T01:50:56.707+0000] {processor.py:829} INFO - Processing file /home/airflow/.local/lib/python3.8/site-packages/airflow/example_dags/example_sensor_decorator.py for tasks to queue
[2024-10-02T01:50:56.710+0000] {logging_mixin.py:151} INFO - [2024-10-02T01:50:56.710+0000] {dagbag.py:539} INFO - Filling up the DagBag from /home/airflow/.local/lib/python3.8/site-packages/airflow/example_dags/example_sensor_decorator.py
[2024-10-02T01:50:56.723+0000] {processor.py:839} INFO - DAG(s) dict_keys(['example_sensor_decorator']) retrieved from /home/airflow/.local/lib/python3.8/site-packages/airflow/example_dags/example_sensor_decorator.py
[2024-10-02T01:50:56.759+0000] {logging_mixin.py:151} INFO - [2024-10-02T01:50:56.759+0000] {dag.py:2915} INFO - Sync 1 DAGs
[2024-10-02T01:50:56.775+0000] {logging_mixin.py:151} INFO - [2024-10-02T01:50:56.775+0000] {dag.py:3696} INFO - Setting next_dagrun for example_sensor_decorator to None, run_after=None
[2024-10-02T01:50:56.798+0000] {processor.py:179} INFO - Processing /home/airflow/.local/lib/python3.8/site-packages/airflow/example_dags/example_sensor_decorator.py took 0.099 seconds
[2024-10-02T01:51:27.222+0000] {processor.py:157} INFO - Started process (PID=328) to work on /home/airflow/.local/lib/python3.8/site-packages/airflow/example_dags/example_sensor_decorator.py
[2024-10-02T01:51:27.226+0000] {processor.py:829} INFO - Processing file /home/airflow/.local/lib/python3.8/site-packages/airflow/example_dags/example_sensor_decorator.py for tasks to queue
[2024-10-02T01:51:27.231+0000] {logging_mixin.py:151} INFO - [2024-10-02T01:51:27.230+0000] {dagbag.py:539} INFO - Filling up the DagBag from /home/airflow/.local/lib/python3.8/site-packages/airflow/example_dags/example_sensor_decorator.py
[2024-10-02T01:51:27.243+0000] {processor.py:839} INFO - DAG(s) dict_keys(['example_sensor_decorator']) retrieved from /home/airflow/.local/lib/python3.8/site-packages/airflow/example_dags/example_sensor_decorator.py
[2024-10-02T01:51:27.277+0000] {logging_mixin.py:151} INFO - [2024-10-02T01:51:27.277+0000] {dag.py:2915} INFO - Sync 1 DAGs
[2024-10-02T01:51:27.292+0000] {logging_mixin.py:151} INFO - [2024-10-02T01:51:27.292+0000] {dag.py:3696} INFO - Setting next_dagrun for example_sensor_decorator to None, run_after=None
[2024-10-02T01:51:27.319+0000] {processor.py:179} INFO - Processing /home/airflow/.local/lib/python3.8/site-packages/airflow/example_dags/example_sensor_decorator.py took 0.101 seconds
[2024-10-02T01:51:57.472+0000] {processor.py:157} INFO - Started process (PID=376) to work on /home/airflow/.local/lib/python3.8/site-packages/airflow/example_dags/example_sensor_decorator.py
[2024-10-02T01:51:57.478+0000] {processor.py:829} INFO - Processing file /home/airflow/.local/lib/python3.8/site-packages/airflow/example_dags/example_sensor_decorator.py for tasks to queue
[2024-10-02T01:51:57.488+0000] {logging_mixin.py:151} INFO - [2024-10-02T01:51:57.487+0000] {dagbag.py:539} INFO - Filling up the DagBag from /home/airflow/.local/lib/python3.8/site-packages/airflow/example_dags/example_sensor_decorator.py
[2024-10-02T01:51:57.511+0000] {processor.py:839} INFO - DAG(s) dict_keys(['example_sensor_decorator']) retrieved from /home/airflow/.local/lib/python3.8/site-packages/airflow/example_dags/example_sensor_decorator.py
[2024-10-02T01:51:57.546+0000] {logging_mixin.py:151} INFO - [2024-10-02T01:51:57.546+0000] {dag.py:2915} INFO - Sync 1 DAGs
[2024-10-02T01:51:57.564+0000] {logging_mixin.py:151} INFO - [2024-10-02T01:51:57.564+0000] {dag.py:3696} INFO - Setting next_dagrun for example_sensor_decorator to None, run_after=None
[2024-10-02T01:51:57.589+0000] {processor.py:179} INFO - Processing /home/airflow/.local/lib/python3.8/site-packages/airflow/example_dags/example_sensor_decorator.py took 0.122 seconds
[2024-10-02T01:52:27.739+0000] {processor.py:157} INFO - Started process (PID=424) to work on /home/airflow/.local/lib/python3.8/site-packages/airflow/example_dags/example_sensor_decorator.py
[2024-10-02T01:52:27.742+0000] {processor.py:829} INFO - Processing file /home/airflow/.local/lib/python3.8/site-packages/airflow/example_dags/example_sensor_decorator.py for tasks to queue
[2024-10-02T01:52:27.749+0000] {logging_mixin.py:151} INFO - [2024-10-02T01:52:27.748+0000] {dagbag.py:539} INFO - Filling up the DagBag from /home/airflow/.local/lib/python3.8/site-packages/airflow/example_dags/example_sensor_decorator.py
[2024-10-02T01:52:27.774+0000] {processor.py:839} INFO - DAG(s) dict_keys(['example_sensor_decorator']) retrieved from /home/airflow/.local/lib/python3.8/site-packages/airflow/example_dags/example_sensor_decorator.py
[2024-10-02T01:52:27.828+0000] {logging_mixin.py:151} INFO - [2024-10-02T01:52:27.828+0000] {dag.py:2915} INFO - Sync 1 DAGs
[2024-10-02T01:52:27.864+0000] {logging_mixin.py:151} INFO - [2024-10-02T01:52:27.864+0000] {dag.py:3696} INFO - Setting next_dagrun for example_sensor_decorator to None, run_after=None
[2024-10-02T01:52:27.921+0000] {processor.py:179} INFO - Processing /home/airflow/.local/lib/python3.8/site-packages/airflow/example_dags/example_sensor_decorator.py took 0.185 seconds
[2024-10-02T01:52:58.556+0000] {processor.py:157} INFO - Started process (PID=472) to work on /home/airflow/.local/lib/python3.8/site-packages/airflow/example_dags/example_sensor_decorator.py
[2024-10-02T01:52:58.559+0000] {processor.py:829} INFO - Processing file /home/airflow/.local/lib/python3.8/site-packages/airflow/example_dags/example_sensor_decorator.py for tasks to queue
[2024-10-02T01:52:58.569+0000] {logging_mixin.py:151} INFO - [2024-10-02T01:52:58.569+0000] {dagbag.py:539} INFO - Filling up the DagBag from /home/airflow/.local/lib/python3.8/site-packages/airflow/example_dags/example_sensor_decorator.py
[2024-10-02T01:52:58.586+0000] {processor.py:839} INFO - DAG(s) dict_keys(['example_sensor_decorator']) retrieved from /home/airflow/.local/lib/python3.8/site-packages/airflow/example_dags/example_sensor_decorator.py
[2024-10-02T01:52:58.674+0000] {logging_mixin.py:151} INFO - [2024-10-02T01:52:58.674+0000] {dag.py:2915} INFO - Sync 1 DAGs
[2024-10-02T01:52:58.694+0000] {logging_mixin.py:151} INFO - [2024-10-02T01:52:58.693+0000] {dag.py:3696} INFO - Setting next_dagrun for example_sensor_decorator to None, run_after=None
[2024-10-02T01:52:58.724+0000] {processor.py:179} INFO - Processing /home/airflow/.local/lib/python3.8/site-packages/airflow/example_dags/example_sensor_decorator.py took 0.172 seconds
[2024-10-02T01:53:28.781+0000] {processor.py:157} INFO - Started process (PID=519) to work on /home/airflow/.local/lib/python3.8/site-packages/airflow/example_dags/example_sensor_decorator.py
[2024-10-02T01:53:28.784+0000] {processor.py:829} INFO - Processing file /home/airflow/.local/lib/python3.8/site-packages/airflow/example_dags/example_sensor_decorator.py for tasks to queue
[2024-10-02T01:53:28.788+0000] {logging_mixin.py:151} INFO - [2024-10-02T01:53:28.787+0000] {dagbag.py:539} INFO - Filling up the DagBag from /home/airflow/.local/lib/python3.8/site-packages/airflow/example_dags/example_sensor_decorator.py
[2024-10-02T01:53:28.800+0000] {processor.py:839} INFO - DAG(s) dict_keys(['example_sensor_decorator']) retrieved from /home/airflow/.local/lib/python3.8/site-packages/airflow/example_dags/example_sensor_decorator.py
[2024-10-02T01:53:28.830+0000] {logging_mixin.py:151} INFO - [2024-10-02T01:53:28.830+0000] {dag.py:2915} INFO - Sync 1 DAGs
[2024-10-02T01:53:28.845+0000] {logging_mixin.py:151} INFO - [2024-10-02T01:53:28.845+0000] {dag.py:3696} INFO - Setting next_dagrun for example_sensor_decorator to None, run_after=None
[2024-10-02T01:53:28.867+0000] {processor.py:179} INFO - Processing /home/airflow/.local/lib/python3.8/site-packages/airflow/example_dags/example_sensor_decorator.py took 0.089 seconds
[2024-10-02T01:53:59.651+0000] {processor.py:157} INFO - Started process (PID=568) to work on /home/airflow/.local/lib/python3.8/site-packages/airflow/example_dags/example_sensor_decorator.py
[2024-10-02T01:53:59.655+0000] {processor.py:829} INFO - Processing file /home/airflow/.local/lib/python3.8/site-packages/airflow/example_dags/example_sensor_decorator.py for tasks to queue
[2024-10-02T01:53:59.659+0000] {logging_mixin.py:151} INFO - [2024-10-02T01:53:59.658+0000] {dagbag.py:539} INFO - Filling up the DagBag from /home/airflow/.local/lib/python3.8/site-packages/airflow/example_dags/example_sensor_decorator.py
[2024-10-02T01:53:59.670+0000] {processor.py:839} INFO - DAG(s) dict_keys(['example_sensor_decorator']) retrieved from /home/airflow/.local/lib/python3.8/site-packages/airflow/example_dags/example_sensor_decorator.py
[2024-10-02T01:53:59.727+0000] {logging_mixin.py:151} INFO - [2024-10-02T01:53:59.727+0000] {dag.py:2915} INFO - Sync 1 DAGs
[2024-10-02T01:53:59.813+0000] {logging_mixin.py:151} INFO - [2024-10-02T01:53:59.812+0000] {dag.py:3696} INFO - Setting next_dagrun for example_sensor_decorator to None, run_after=None
[2024-10-02T01:53:59.855+0000] {processor.py:179} INFO - Processing /home/airflow/.local/lib/python3.8/site-packages/airflow/example_dags/example_sensor_decorator.py took 0.207 seconds
[2024-10-02T01:57:17.407+0000] {processor.py:157} INFO - Started process (PID=601) to work on /home/airflow/.local/lib/python3.8/site-packages/airflow/example_dags/example_sensor_decorator.py
[2024-10-02T01:57:17.409+0000] {processor.py:829} INFO - Processing file /home/airflow/.local/lib/python3.8/site-packages/airflow/example_dags/example_sensor_decorator.py for tasks to queue
[2024-10-02T01:57:17.414+0000] {logging_mixin.py:151} INFO - [2024-10-02T01:57:17.414+0000] {dagbag.py:539} INFO - Filling up the DagBag from /home/airflow/.local/lib/python3.8/site-packages/airflow/example_dags/example_sensor_decorator.py
[2024-10-02T01:57:17.430+0000] {processor.py:839} INFO - DAG(s) dict_keys(['example_sensor_decorator']) retrieved from /home/airflow/.local/lib/python3.8/site-packages/airflow/example_dags/example_sensor_decorator.py
[2024-10-02T01:57:17.468+0000] {logging_mixin.py:151} INFO - [2024-10-02T01:57:17.468+0000] {dag.py:2915} INFO - Sync 1 DAGs
[2024-10-02T01:57:17.485+0000] {logging_mixin.py:151} INFO - [2024-10-02T01:57:17.485+0000] {dag.py:3696} INFO - Setting next_dagrun for example_sensor_decorator to None, run_after=None
[2024-10-02T01:57:17.515+0000] {processor.py:179} INFO - Processing /home/airflow/.local/lib/python3.8/site-packages/airflow/example_dags/example_sensor_decorator.py took 0.112 seconds
[2024-10-02T01:57:48.306+0000] {processor.py:157} INFO - Started process (PID=649) to work on /home/airflow/.local/lib/python3.8/site-packages/airflow/example_dags/example_sensor_decorator.py
[2024-10-02T01:57:48.309+0000] {processor.py:829} INFO - Processing file /home/airflow/.local/lib/python3.8/site-packages/airflow/example_dags/example_sensor_decorator.py for tasks to queue
[2024-10-02T01:57:48.315+0000] {logging_mixin.py:151} INFO - [2024-10-02T01:57:48.314+0000] {dagbag.py:539} INFO - Filling up the DagBag from /home/airflow/.local/lib/python3.8/site-packages/airflow/example_dags/example_sensor_decorator.py
[2024-10-02T01:57:48.328+0000] {processor.py:839} INFO - DAG(s) dict_keys(['example_sensor_decorator']) retrieved from /home/airflow/.local/lib/python3.8/site-packages/airflow/example_dags/example_sensor_decorator.py
[2024-10-02T01:57:48.364+0000] {logging_mixin.py:151} INFO - [2024-10-02T01:57:48.364+0000] {dag.py:2915} INFO - Sync 1 DAGs
[2024-10-02T01:57:48.385+0000] {logging_mixin.py:151} INFO - [2024-10-02T01:57:48.384+0000] {dag.py:3696} INFO - Setting next_dagrun for example_sensor_decorator to None, run_after=None
[2024-10-02T01:57:48.422+0000] {processor.py:179} INFO - Processing /home/airflow/.local/lib/python3.8/site-packages/airflow/example_dags/example_sensor_decorator.py took 0.116 seconds
[2024-10-02T01:58:19.083+0000] {processor.py:157} INFO - Started process (PID=697) to work on /home/airflow/.local/lib/python3.8/site-packages/airflow/example_dags/example_sensor_decorator.py
[2024-10-02T01:58:19.086+0000] {processor.py:829} INFO - Processing file /home/airflow/.local/lib/python3.8/site-packages/airflow/example_dags/example_sensor_decorator.py for tasks to queue
[2024-10-02T01:58:19.090+0000] {logging_mixin.py:151} INFO - [2024-10-02T01:58:19.090+0000] {dagbag.py:539} INFO - Filling up the DagBag from /home/airflow/.local/lib/python3.8/site-packages/airflow/example_dags/example_sensor_decorator.py
[2024-10-02T01:58:19.103+0000] {processor.py:839} INFO - DAG(s) dict_keys(['example_sensor_decorator']) retrieved from /home/airflow/.local/lib/python3.8/site-packages/airflow/example_dags/example_sensor_decorator.py
[2024-10-02T01:58:19.141+0000] {logging_mixin.py:151} INFO - [2024-10-02T01:58:19.140+0000] {dag.py:2915} INFO - Sync 1 DAGs
[2024-10-02T01:58:19.158+0000] {logging_mixin.py:151} INFO - [2024-10-02T01:58:19.158+0000] {dag.py:3696} INFO - Setting next_dagrun for example_sensor_decorator to None, run_after=None
[2024-10-02T01:58:19.197+0000] {processor.py:179} INFO - Processing /home/airflow/.local/lib/python3.8/site-packages/airflow/example_dags/example_sensor_decorator.py took 0.118 seconds
[2024-10-02T01:58:50.011+0000] {processor.py:157} INFO - Started process (PID=745) to work on /home/airflow/.local/lib/python3.8/site-packages/airflow/example_dags/example_sensor_decorator.py
[2024-10-02T01:58:50.015+0000] {processor.py:829} INFO - Processing file /home/airflow/.local/lib/python3.8/site-packages/airflow/example_dags/example_sensor_decorator.py for tasks to queue
[2024-10-02T01:58:50.020+0000] {logging_mixin.py:151} INFO - [2024-10-02T01:58:50.020+0000] {dagbag.py:539} INFO - Filling up the DagBag from /home/airflow/.local/lib/python3.8/site-packages/airflow/example_dags/example_sensor_decorator.py
[2024-10-02T01:58:50.036+0000] {processor.py:839} INFO - DAG(s) dict_keys(['example_sensor_decorator']) retrieved from /home/airflow/.local/lib/python3.8/site-packages/airflow/example_dags/example_sensor_decorator.py
[2024-10-02T01:58:50.073+0000] {logging_mixin.py:151} INFO - [2024-10-02T01:58:50.073+0000] {dag.py:2915} INFO - Sync 1 DAGs
[2024-10-02T01:58:50.091+0000] {logging_mixin.py:151} INFO - [2024-10-02T01:58:50.090+0000] {dag.py:3696} INFO - Setting next_dagrun for example_sensor_decorator to None, run_after=None
[2024-10-02T01:58:50.119+0000] {processor.py:179} INFO - Processing /home/airflow/.local/lib/python3.8/site-packages/airflow/example_dags/example_sensor_decorator.py took 0.115 seconds
[2024-10-02T01:59:20.830+0000] {processor.py:157} INFO - Started process (PID=793) to work on /home/airflow/.local/lib/python3.8/site-packages/airflow/example_dags/example_sensor_decorator.py
[2024-10-02T01:59:20.834+0000] {processor.py:829} INFO - Processing file /home/airflow/.local/lib/python3.8/site-packages/airflow/example_dags/example_sensor_decorator.py for tasks to queue
[2024-10-02T01:59:20.838+0000] {logging_mixin.py:151} INFO - [2024-10-02T01:59:20.837+0000] {dagbag.py:539} INFO - Filling up the DagBag from /home/airflow/.local/lib/python3.8/site-packages/airflow/example_dags/example_sensor_decorator.py
[2024-10-02T01:59:20.852+0000] {processor.py:839} INFO - DAG(s) dict_keys(['example_sensor_decorator']) retrieved from /home/airflow/.local/lib/python3.8/site-packages/airflow/example_dags/example_sensor_decorator.py
[2024-10-02T01:59:20.901+0000] {logging_mixin.py:151} INFO - [2024-10-02T01:59:20.901+0000] {dag.py:2915} INFO - Sync 1 DAGs
[2024-10-02T01:59:20.922+0000] {logging_mixin.py:151} INFO - [2024-10-02T01:59:20.922+0000] {dag.py:3696} INFO - Setting next_dagrun for example_sensor_decorator to None, run_after=None
[2024-10-02T01:59:20.958+0000] {processor.py:179} INFO - Processing /home/airflow/.local/lib/python3.8/site-packages/airflow/example_dags/example_sensor_decorator.py took 0.132 seconds
[2024-10-02T01:59:51.730+0000] {processor.py:157} INFO - Started process (PID=841) to work on /home/airflow/.local/lib/python3.8/site-packages/airflow/example_dags/example_sensor_decorator.py
[2024-10-02T01:59:51.734+0000] {processor.py:829} INFO - Processing file /home/airflow/.local/lib/python3.8/site-packages/airflow/example_dags/example_sensor_decorator.py for tasks to queue
[2024-10-02T01:59:51.740+0000] {logging_mixin.py:151} INFO - [2024-10-02T01:59:51.739+0000] {dagbag.py:539} INFO - Filling up the DagBag from /home/airflow/.local/lib/python3.8/site-packages/airflow/example_dags/example_sensor_decorator.py
[2024-10-02T01:59:51.753+0000] {processor.py:839} INFO - DAG(s) dict_keys(['example_sensor_decorator']) retrieved from /home/airflow/.local/lib/python3.8/site-packages/airflow/example_dags/example_sensor_decorator.py
[2024-10-02T01:59:51.786+0000] {logging_mixin.py:151} INFO - [2024-10-02T01:59:51.786+0000] {dag.py:2915} INFO - Sync 1 DAGs
[2024-10-02T01:59:51.807+0000] {logging_mixin.py:151} INFO - [2024-10-02T01:59:51.807+0000] {dag.py:3696} INFO - Setting next_dagrun for example_sensor_decorator to None, run_after=None
[2024-10-02T01:59:51.841+0000] {processor.py:179} INFO - Processing /home/airflow/.local/lib/python3.8/site-packages/airflow/example_dags/example_sensor_decorator.py took 0.115 seconds
[2024-10-02T02:00:22.556+0000] {processor.py:157} INFO - Started process (PID=889) to work on /home/airflow/.local/lib/python3.8/site-packages/airflow/example_dags/example_sensor_decorator.py
[2024-10-02T02:00:22.576+0000] {processor.py:829} INFO - Processing file /home/airflow/.local/lib/python3.8/site-packages/airflow/example_dags/example_sensor_decorator.py for tasks to queue
[2024-10-02T02:00:22.617+0000] {logging_mixin.py:151} INFO - [2024-10-02T02:00:22.616+0000] {dagbag.py:539} INFO - Filling up the DagBag from /home/airflow/.local/lib/python3.8/site-packages/airflow/example_dags/example_sensor_decorator.py
[2024-10-02T02:00:22.639+0000] {processor.py:839} INFO - DAG(s) dict_keys(['example_sensor_decorator']) retrieved from /home/airflow/.local/lib/python3.8/site-packages/airflow/example_dags/example_sensor_decorator.py
[2024-10-02T02:00:22.697+0000] {logging_mixin.py:151} INFO - [2024-10-02T02:00:22.696+0000] {dag.py:2915} INFO - Sync 1 DAGs
[2024-10-02T02:00:22.722+0000] {logging_mixin.py:151} INFO - [2024-10-02T02:00:22.722+0000] {dag.py:3696} INFO - Setting next_dagrun for example_sensor_decorator to None, run_after=None
[2024-10-02T02:00:22.752+0000] {processor.py:179} INFO - Processing /home/airflow/.local/lib/python3.8/site-packages/airflow/example_dags/example_sensor_decorator.py took 0.201 seconds
[2024-10-02T02:00:53.035+0000] {processor.py:157} INFO - Started process (PID=937) to work on /home/airflow/.local/lib/python3.8/site-packages/airflow/example_dags/example_sensor_decorator.py
[2024-10-02T02:00:53.038+0000] {processor.py:829} INFO - Processing file /home/airflow/.local/lib/python3.8/site-packages/airflow/example_dags/example_sensor_decorator.py for tasks to queue
[2024-10-02T02:00:53.042+0000] {logging_mixin.py:151} INFO - [2024-10-02T02:00:53.042+0000] {dagbag.py:539} INFO - Filling up the DagBag from /home/airflow/.local/lib/python3.8/site-packages/airflow/example_dags/example_sensor_decorator.py
[2024-10-02T02:00:53.054+0000] {processor.py:839} INFO - DAG(s) dict_keys(['example_sensor_decorator']) retrieved from /home/airflow/.local/lib/python3.8/site-packages/airflow/example_dags/example_sensor_decorator.py
[2024-10-02T02:00:53.106+0000] {logging_mixin.py:151} INFO - [2024-10-02T02:00:53.106+0000] {dag.py:2915} INFO - Sync 1 DAGs
[2024-10-02T02:00:53.163+0000] {logging_mixin.py:151} INFO - [2024-10-02T02:00:53.163+0000] {dag.py:3696} INFO - Setting next_dagrun for example_sensor_decorator to None, run_after=None
[2024-10-02T02:00:53.219+0000] {processor.py:179} INFO - Processing /home/airflow/.local/lib/python3.8/site-packages/airflow/example_dags/example_sensor_decorator.py took 0.187 seconds
[2024-10-02T02:01:23.580+0000] {processor.py:157} INFO - Started process (PID=985) to work on /home/airflow/.local/lib/python3.8/site-packages/airflow/example_dags/example_sensor_decorator.py
[2024-10-02T02:01:23.583+0000] {processor.py:829} INFO - Processing file /home/airflow/.local/lib/python3.8/site-packages/airflow/example_dags/example_sensor_decorator.py for tasks to queue
[2024-10-02T02:01:23.587+0000] {logging_mixin.py:151} INFO - [2024-10-02T02:01:23.586+0000] {dagbag.py:539} INFO - Filling up the DagBag from /home/airflow/.local/lib/python3.8/site-packages/airflow/example_dags/example_sensor_decorator.py
[2024-10-02T02:01:23.599+0000] {processor.py:839} INFO - DAG(s) dict_keys(['example_sensor_decorator']) retrieved from /home/airflow/.local/lib/python3.8/site-packages/airflow/example_dags/example_sensor_decorator.py
[2024-10-02T02:01:23.631+0000] {logging_mixin.py:151} INFO - [2024-10-02T02:01:23.631+0000] {dag.py:2915} INFO - Sync 1 DAGs
[2024-10-02T02:01:23.652+0000] {logging_mixin.py:151} INFO - [2024-10-02T02:01:23.652+0000] {dag.py:3696} INFO - Setting next_dagrun for example_sensor_decorator to None, run_after=None
[2024-10-02T02:01:23.680+0000] {processor.py:179} INFO - Processing /home/airflow/.local/lib/python3.8/site-packages/airflow/example_dags/example_sensor_decorator.py took 0.104 seconds
[2024-10-02T02:03:16.319+0000] {processor.py:157} INFO - Started process (PID=40) to work on /home/airflow/.local/lib/python3.8/site-packages/airflow/example_dags/example_sensor_decorator.py
[2024-10-02T02:03:16.366+0000] {processor.py:829} INFO - Processing file /home/airflow/.local/lib/python3.8/site-packages/airflow/example_dags/example_sensor_decorator.py for tasks to queue
[2024-10-02T02:03:16.385+0000] {logging_mixin.py:151} INFO - [2024-10-02T02:03:16.385+0000] {dagbag.py:539} INFO - Filling up the DagBag from /home/airflow/.local/lib/python3.8/site-packages/airflow/example_dags/example_sensor_decorator.py
[2024-10-02T02:03:16.419+0000] {processor.py:839} INFO - DAG(s) dict_keys(['example_sensor_decorator']) retrieved from /home/airflow/.local/lib/python3.8/site-packages/airflow/example_dags/example_sensor_decorator.py
[2024-10-02T02:03:16.861+0000] {logging_mixin.py:151} INFO - [2024-10-02T02:03:16.860+0000] {manager.py:499} INFO - Created Permission View: %s
[2024-10-02T02:03:16.943+0000] {logging_mixin.py:151} INFO - [2024-10-02T02:03:16.941+0000] {manager.py:499} INFO - Created Permission View: %s
[2024-10-02T02:03:16.969+0000] {logging_mixin.py:151} INFO - [2024-10-02T02:03:16.969+0000] {manager.py:499} INFO - Created Permission View: %s
[2024-10-02T02:03:16.975+0000] {logging_mixin.py:151} INFO - [2024-10-02T02:03:16.974+0000] {security.py:708} INFO - Not syncing DAG-level permissions for DAG 'DAG:example_sensor_decorator' as access control is unset.
[2024-10-02T02:03:16.977+0000] {logging_mixin.py:151} INFO - [2024-10-02T02:03:16.976+0000] {dag.py:2915} INFO - Sync 1 DAGs
[2024-10-02T02:03:17.014+0000] {logging_mixin.py:151} INFO - [2024-10-02T02:03:17.014+0000] {dag.py:2937} INFO - Creating ORM DAG for example_sensor_decorator
[2024-10-02T02:03:17.017+0000] {logging_mixin.py:151} INFO - [2024-10-02T02:03:17.016+0000] {dag.py:3696} INFO - Setting next_dagrun for example_sensor_decorator to None, run_after=None
[2024-10-02T02:03:17.069+0000] {processor.py:179} INFO - Processing /home/airflow/.local/lib/python3.8/site-packages/airflow/example_dags/example_sensor_decorator.py took 0.813 seconds
[2024-10-02T02:06:11.921+0000] {processor.py:157} INFO - Started process (PID=40) to work on /home/airflow/.local/lib/python3.8/site-packages/airflow/example_dags/example_sensor_decorator.py
[2024-10-02T02:06:11.955+0000] {processor.py:829} INFO - Processing file /home/airflow/.local/lib/python3.8/site-packages/airflow/example_dags/example_sensor_decorator.py for tasks to queue
[2024-10-02T02:06:11.977+0000] {logging_mixin.py:151} INFO - [2024-10-02T02:06:11.975+0000] {dagbag.py:539} INFO - Filling up the DagBag from /home/airflow/.local/lib/python3.8/site-packages/airflow/example_dags/example_sensor_decorator.py
[2024-10-02T02:06:12.132+0000] {processor.py:839} INFO - DAG(s) dict_keys(['example_sensor_decorator']) retrieved from /home/airflow/.local/lib/python3.8/site-packages/airflow/example_dags/example_sensor_decorator.py
[2024-10-02T02:06:12.715+0000] {logging_mixin.py:151} INFO - [2024-10-02T02:06:12.714+0000] {manager.py:499} INFO - Created Permission View: %s
[2024-10-02T02:06:12.789+0000] {logging_mixin.py:151} INFO - [2024-10-02T02:06:12.788+0000] {manager.py:499} INFO - Created Permission View: %s
[2024-10-02T02:06:12.859+0000] {logging_mixin.py:151} INFO - [2024-10-02T02:06:12.858+0000] {manager.py:499} INFO - Created Permission View: %s
[2024-10-02T02:06:12.877+0000] {logging_mixin.py:151} INFO - [2024-10-02T02:06:12.876+0000] {security.py:708} INFO - Not syncing DAG-level permissions for DAG 'DAG:example_sensor_decorator' as access control is unset.
[2024-10-02T02:06:12.899+0000] {logging_mixin.py:151} INFO - [2024-10-02T02:06:12.898+0000] {dag.py:2915} INFO - Sync 1 DAGs
[2024-10-02T02:06:12.965+0000] {logging_mixin.py:151} INFO - [2024-10-02T02:06:12.964+0000] {dag.py:2937} INFO - Creating ORM DAG for example_sensor_decorator
[2024-10-02T02:06:12.975+0000] {logging_mixin.py:151} INFO - [2024-10-02T02:06:12.975+0000] {dag.py:3696} INFO - Setting next_dagrun for example_sensor_decorator to None, run_after=None
[2024-10-02T02:06:13.153+0000] {processor.py:179} INFO - Processing /home/airflow/.local/lib/python3.8/site-packages/airflow/example_dags/example_sensor_decorator.py took 1.238 seconds
[2024-10-02T02:06:44.232+0000] {processor.py:157} INFO - Started process (PID=88) to work on /home/airflow/.local/lib/python3.8/site-packages/airflow/example_dags/example_sensor_decorator.py
[2024-10-02T02:06:44.246+0000] {processor.py:829} INFO - Processing file /home/airflow/.local/lib/python3.8/site-packages/airflow/example_dags/example_sensor_decorator.py for tasks to queue
[2024-10-02T02:06:44.252+0000] {logging_mixin.py:151} INFO - [2024-10-02T02:06:44.251+0000] {dagbag.py:539} INFO - Filling up the DagBag from /home/airflow/.local/lib/python3.8/site-packages/airflow/example_dags/example_sensor_decorator.py
[2024-10-02T02:06:44.270+0000] {processor.py:839} INFO - DAG(s) dict_keys(['example_sensor_decorator']) retrieved from /home/airflow/.local/lib/python3.8/site-packages/airflow/example_dags/example_sensor_decorator.py
[2024-10-02T02:06:44.309+0000] {logging_mixin.py:151} INFO - [2024-10-02T02:06:44.309+0000] {dag.py:2915} INFO - Sync 1 DAGs
[2024-10-02T02:06:44.332+0000] {logging_mixin.py:151} INFO - [2024-10-02T02:06:44.332+0000] {dag.py:3696} INFO - Setting next_dagrun for example_sensor_decorator to None, run_after=None
[2024-10-02T02:06:44.361+0000] {processor.py:179} INFO - Processing /home/airflow/.local/lib/python3.8/site-packages/airflow/example_dags/example_sensor_decorator.py took 0.144 seconds
[2024-10-02T02:07:14.733+0000] {processor.py:157} INFO - Started process (PID=136) to work on /home/airflow/.local/lib/python3.8/site-packages/airflow/example_dags/example_sensor_decorator.py
[2024-10-02T02:07:14.736+0000] {processor.py:829} INFO - Processing file /home/airflow/.local/lib/python3.8/site-packages/airflow/example_dags/example_sensor_decorator.py for tasks to queue
[2024-10-02T02:07:14.742+0000] {logging_mixin.py:151} INFO - [2024-10-02T02:07:14.741+0000] {dagbag.py:539} INFO - Filling up the DagBag from /home/airflow/.local/lib/python3.8/site-packages/airflow/example_dags/example_sensor_decorator.py
[2024-10-02T02:07:14.760+0000] {processor.py:839} INFO - DAG(s) dict_keys(['example_sensor_decorator']) retrieved from /home/airflow/.local/lib/python3.8/site-packages/airflow/example_dags/example_sensor_decorator.py
[2024-10-02T02:07:14.816+0000] {logging_mixin.py:151} INFO - [2024-10-02T02:07:14.816+0000] {dag.py:2915} INFO - Sync 1 DAGs
[2024-10-02T02:07:14.836+0000] {logging_mixin.py:151} INFO - [2024-10-02T02:07:14.836+0000] {dag.py:3696} INFO - Setting next_dagrun for example_sensor_decorator to None, run_after=None
[2024-10-02T02:07:14.861+0000] {processor.py:179} INFO - Processing /home/airflow/.local/lib/python3.8/site-packages/airflow/example_dags/example_sensor_decorator.py took 0.136 seconds
[2024-10-02T02:07:44.970+0000] {processor.py:157} INFO - Started process (PID=184) to work on /home/airflow/.local/lib/python3.8/site-packages/airflow/example_dags/example_sensor_decorator.py
[2024-10-02T02:07:44.976+0000] {processor.py:829} INFO - Processing file /home/airflow/.local/lib/python3.8/site-packages/airflow/example_dags/example_sensor_decorator.py for tasks to queue
[2024-10-02T02:07:44.985+0000] {logging_mixin.py:151} INFO - [2024-10-02T02:07:44.983+0000] {dagbag.py:539} INFO - Filling up the DagBag from /home/airflow/.local/lib/python3.8/site-packages/airflow/example_dags/example_sensor_decorator.py
[2024-10-02T02:07:45.006+0000] {processor.py:839} INFO - DAG(s) dict_keys(['example_sensor_decorator']) retrieved from /home/airflow/.local/lib/python3.8/site-packages/airflow/example_dags/example_sensor_decorator.py
[2024-10-02T02:07:45.066+0000] {logging_mixin.py:151} INFO - [2024-10-02T02:07:45.065+0000] {dag.py:2915} INFO - Sync 1 DAGs
[2024-10-02T02:07:45.086+0000] {logging_mixin.py:151} INFO - [2024-10-02T02:07:45.086+0000] {dag.py:3696} INFO - Setting next_dagrun for example_sensor_decorator to None, run_after=None
[2024-10-02T02:07:45.114+0000] {processor.py:179} INFO - Processing /home/airflow/.local/lib/python3.8/site-packages/airflow/example_dags/example_sensor_decorator.py took 0.150 seconds
[2024-10-02T02:08:15.688+0000] {processor.py:157} INFO - Started process (PID=232) to work on /home/airflow/.local/lib/python3.8/site-packages/airflow/example_dags/example_sensor_decorator.py
[2024-10-02T02:08:15.691+0000] {processor.py:829} INFO - Processing file /home/airflow/.local/lib/python3.8/site-packages/airflow/example_dags/example_sensor_decorator.py for tasks to queue
[2024-10-02T02:08:15.695+0000] {logging_mixin.py:151} INFO - [2024-10-02T02:08:15.694+0000] {dagbag.py:539} INFO - Filling up the DagBag from /home/airflow/.local/lib/python3.8/site-packages/airflow/example_dags/example_sensor_decorator.py
[2024-10-02T02:08:15.708+0000] {processor.py:839} INFO - DAG(s) dict_keys(['example_sensor_decorator']) retrieved from /home/airflow/.local/lib/python3.8/site-packages/airflow/example_dags/example_sensor_decorator.py
[2024-10-02T02:08:15.743+0000] {logging_mixin.py:151} INFO - [2024-10-02T02:08:15.742+0000] {dag.py:2915} INFO - Sync 1 DAGs
[2024-10-02T02:08:15.758+0000] {logging_mixin.py:151} INFO - [2024-10-02T02:08:15.757+0000] {dag.py:3696} INFO - Setting next_dagrun for example_sensor_decorator to None, run_after=None
[2024-10-02T02:08:15.780+0000] {processor.py:179} INFO - Processing /home/airflow/.local/lib/python3.8/site-packages/airflow/example_dags/example_sensor_decorator.py took 0.097 seconds
[2024-10-02T02:08:46.296+0000] {processor.py:157} INFO - Started process (PID=280) to work on /home/airflow/.local/lib/python3.8/site-packages/airflow/example_dags/example_sensor_decorator.py
[2024-10-02T02:08:46.299+0000] {processor.py:829} INFO - Processing file /home/airflow/.local/lib/python3.8/site-packages/airflow/example_dags/example_sensor_decorator.py for tasks to queue
[2024-10-02T02:08:46.302+0000] {logging_mixin.py:151} INFO - [2024-10-02T02:08:46.302+0000] {dagbag.py:539} INFO - Filling up the DagBag from /home/airflow/.local/lib/python3.8/site-packages/airflow/example_dags/example_sensor_decorator.py
[2024-10-02T02:08:46.315+0000] {processor.py:839} INFO - DAG(s) dict_keys(['example_sensor_decorator']) retrieved from /home/airflow/.local/lib/python3.8/site-packages/airflow/example_dags/example_sensor_decorator.py
[2024-10-02T02:08:46.345+0000] {logging_mixin.py:151} INFO - [2024-10-02T02:08:46.344+0000] {dag.py:2915} INFO - Sync 1 DAGs
[2024-10-02T02:08:46.361+0000] {logging_mixin.py:151} INFO - [2024-10-02T02:08:46.360+0000] {dag.py:3696} INFO - Setting next_dagrun for example_sensor_decorator to None, run_after=None
[2024-10-02T02:08:46.385+0000] {processor.py:179} INFO - Processing /home/airflow/.local/lib/python3.8/site-packages/airflow/example_dags/example_sensor_decorator.py took 0.092 seconds
[2024-10-02T02:09:17.013+0000] {processor.py:157} INFO - Started process (PID=328) to work on /home/airflow/.local/lib/python3.8/site-packages/airflow/example_dags/example_sensor_decorator.py
[2024-10-02T02:09:17.015+0000] {processor.py:829} INFO - Processing file /home/airflow/.local/lib/python3.8/site-packages/airflow/example_dags/example_sensor_decorator.py for tasks to queue
[2024-10-02T02:09:17.019+0000] {logging_mixin.py:151} INFO - [2024-10-02T02:09:17.018+0000] {dagbag.py:539} INFO - Filling up the DagBag from /home/airflow/.local/lib/python3.8/site-packages/airflow/example_dags/example_sensor_decorator.py
[2024-10-02T02:09:17.033+0000] {processor.py:839} INFO - DAG(s) dict_keys(['example_sensor_decorator']) retrieved from /home/airflow/.local/lib/python3.8/site-packages/airflow/example_dags/example_sensor_decorator.py
[2024-10-02T02:09:17.072+0000] {logging_mixin.py:151} INFO - [2024-10-02T02:09:17.071+0000] {dag.py:2915} INFO - Sync 1 DAGs
[2024-10-02T02:09:17.086+0000] {logging_mixin.py:151} INFO - [2024-10-02T02:09:17.086+0000] {dag.py:3696} INFO - Setting next_dagrun for example_sensor_decorator to None, run_after=None
[2024-10-02T02:09:17.107+0000] {processor.py:179} INFO - Processing /home/airflow/.local/lib/python3.8/site-packages/airflow/example_dags/example_sensor_decorator.py took 0.098 seconds
[2024-10-02T02:09:47.232+0000] {processor.py:157} INFO - Started process (PID=376) to work on /home/airflow/.local/lib/python3.8/site-packages/airflow/example_dags/example_sensor_decorator.py
[2024-10-02T02:09:47.238+0000] {processor.py:829} INFO - Processing file /home/airflow/.local/lib/python3.8/site-packages/airflow/example_dags/example_sensor_decorator.py for tasks to queue
[2024-10-02T02:09:47.245+0000] {logging_mixin.py:151} INFO - [2024-10-02T02:09:47.243+0000] {dagbag.py:539} INFO - Filling up the DagBag from /home/airflow/.local/lib/python3.8/site-packages/airflow/example_dags/example_sensor_decorator.py
[2024-10-02T02:09:47.269+0000] {processor.py:839} INFO - DAG(s) dict_keys(['example_sensor_decorator']) retrieved from /home/airflow/.local/lib/python3.8/site-packages/airflow/example_dags/example_sensor_decorator.py
[2024-10-02T02:09:47.317+0000] {logging_mixin.py:151} INFO - [2024-10-02T02:09:47.317+0000] {dag.py:2915} INFO - Sync 1 DAGs
[2024-10-02T02:09:47.341+0000] {logging_mixin.py:151} INFO - [2024-10-02T02:09:47.341+0000] {dag.py:3696} INFO - Setting next_dagrun for example_sensor_decorator to None, run_after=None
[2024-10-02T02:09:47.378+0000] {processor.py:179} INFO - Processing /home/airflow/.local/lib/python3.8/site-packages/airflow/example_dags/example_sensor_decorator.py took 0.151 seconds
[2024-10-02T02:10:17.672+0000] {processor.py:157} INFO - Started process (PID=424) to work on /home/airflow/.local/lib/python3.8/site-packages/airflow/example_dags/example_sensor_decorator.py
[2024-10-02T02:10:17.674+0000] {processor.py:829} INFO - Processing file /home/airflow/.local/lib/python3.8/site-packages/airflow/example_dags/example_sensor_decorator.py for tasks to queue
[2024-10-02T02:10:17.678+0000] {logging_mixin.py:151} INFO - [2024-10-02T02:10:17.677+0000] {dagbag.py:539} INFO - Filling up the DagBag from /home/airflow/.local/lib/python3.8/site-packages/airflow/example_dags/example_sensor_decorator.py
[2024-10-02T02:10:17.691+0000] {processor.py:839} INFO - DAG(s) dict_keys(['example_sensor_decorator']) retrieved from /home/airflow/.local/lib/python3.8/site-packages/airflow/example_dags/example_sensor_decorator.py
[2024-10-02T02:10:17.756+0000] {logging_mixin.py:151} INFO - [2024-10-02T02:10:17.755+0000] {dag.py:2915} INFO - Sync 1 DAGs
[2024-10-02T02:10:17.784+0000] {logging_mixin.py:151} INFO - [2024-10-02T02:10:17.784+0000] {dag.py:3696} INFO - Setting next_dagrun for example_sensor_decorator to None, run_after=None
[2024-10-02T02:10:17.816+0000] {processor.py:179} INFO - Processing /home/airflow/.local/lib/python3.8/site-packages/airflow/example_dags/example_sensor_decorator.py took 0.149 seconds
