[2024-10-02T01:32:18.477+0000] {processor.py:157} INFO - Started process (PID=72) to work on /home/airflow/.local/lib/python3.8/site-packages/airflow/example_dags/example_setup_teardown_taskflow.py
[2024-10-02T01:32:18.481+0000] {processor.py:829} INFO - Processing file /home/airflow/.local/lib/python3.8/site-packages/airflow/example_dags/example_setup_teardown_taskflow.py for tasks to queue
[2024-10-02T01:32:18.489+0000] {logging_mixin.py:151} INFO - [2024-10-02T01:32:18.488+0000] {dagbag.py:539} INFO - Filling up the DagBag from /home/airflow/.local/lib/python3.8/site-packages/airflow/example_dags/example_setup_teardown_taskflow.py
[2024-10-02T01:32:18.515+0000] {processor.py:839} INFO - DAG(s) dict_keys(['example_setup_teardown_taskflow']) retrieved from /home/airflow/.local/lib/python3.8/site-packages/airflow/example_dags/example_setup_teardown_taskflow.py
[2024-10-02T01:32:18.663+0000] {logging_mixin.py:151} INFO - [2024-10-02T01:32:18.662+0000] {manager.py:499} INFO - Created Permission View: %s
[2024-10-02T01:32:18.674+0000] {logging_mixin.py:151} INFO - [2024-10-02T01:32:18.673+0000] {manager.py:499} INFO - Created Permission View: %s
[2024-10-02T01:32:18.681+0000] {logging_mixin.py:151} INFO - [2024-10-02T01:32:18.681+0000] {manager.py:499} INFO - Created Permission View: %s
[2024-10-02T01:32:18.683+0000] {logging_mixin.py:151} INFO - [2024-10-02T01:32:18.683+0000] {security.py:708} INFO - Not syncing DAG-level permissions for DAG 'DAG:example_setup_teardown_taskflow' as access control is unset.
[2024-10-02T01:32:18.685+0000] {logging_mixin.py:151} INFO - [2024-10-02T01:32:18.685+0000] {dag.py:2915} INFO - Sync 1 DAGs
[2024-10-02T01:32:18.701+0000] {logging_mixin.py:151} INFO - [2024-10-02T01:32:18.701+0000] {dag.py:2937} INFO - Creating ORM DAG for example_setup_teardown_taskflow
[2024-10-02T01:32:18.717+0000] {logging_mixin.py:151} INFO - [2024-10-02T01:32:18.717+0000] {dag.py:3696} INFO - Setting next_dagrun for example_setup_teardown_taskflow to 2024-10-01T01:32:18.715674+00:00, run_after=2024-10-02T01:32:18.715674+00:00
[2024-10-02T01:32:18.743+0000] {processor.py:179} INFO - Processing /home/airflow/.local/lib/python3.8/site-packages/airflow/example_dags/example_setup_teardown_taskflow.py took 0.276 seconds
[2024-10-02T01:32:49.564+0000] {processor.py:157} INFO - Started process (PID=120) to work on /home/airflow/.local/lib/python3.8/site-packages/airflow/example_dags/example_setup_teardown_taskflow.py
[2024-10-02T01:32:49.567+0000] {processor.py:829} INFO - Processing file /home/airflow/.local/lib/python3.8/site-packages/airflow/example_dags/example_setup_teardown_taskflow.py for tasks to queue
[2024-10-02T01:32:49.573+0000] {logging_mixin.py:151} INFO - [2024-10-02T01:32:49.572+0000] {dagbag.py:539} INFO - Filling up the DagBag from /home/airflow/.local/lib/python3.8/site-packages/airflow/example_dags/example_setup_teardown_taskflow.py
[2024-10-02T01:32:49.592+0000] {processor.py:839} INFO - DAG(s) dict_keys(['example_setup_teardown_taskflow']) retrieved from /home/airflow/.local/lib/python3.8/site-packages/airflow/example_dags/example_setup_teardown_taskflow.py
[2024-10-02T01:32:49.621+0000] {logging_mixin.py:151} INFO - [2024-10-02T01:32:49.621+0000] {dag.py:2915} INFO - Sync 1 DAGs
[2024-10-02T01:32:49.650+0000] {logging_mixin.py:151} INFO - [2024-10-02T01:32:49.649+0000] {dag.py:3696} INFO - Setting next_dagrun for example_setup_teardown_taskflow to 2024-10-01T01:32:49.648949+00:00, run_after=2024-10-02T01:32:49.648949+00:00
[2024-10-02T01:32:49.673+0000] {processor.py:179} INFO - Processing /home/airflow/.local/lib/python3.8/site-packages/airflow/example_dags/example_setup_teardown_taskflow.py took 0.115 seconds
[2024-10-02T01:33:19.814+0000] {processor.py:157} INFO - Started process (PID=168) to work on /home/airflow/.local/lib/python3.8/site-packages/airflow/example_dags/example_setup_teardown_taskflow.py
[2024-10-02T01:33:19.818+0000] {processor.py:829} INFO - Processing file /home/airflow/.local/lib/python3.8/site-packages/airflow/example_dags/example_setup_teardown_taskflow.py for tasks to queue
[2024-10-02T01:33:19.833+0000] {logging_mixin.py:151} INFO - [2024-10-02T01:33:19.832+0000] {dagbag.py:539} INFO - Filling up the DagBag from /home/airflow/.local/lib/python3.8/site-packages/airflow/example_dags/example_setup_teardown_taskflow.py
[2024-10-02T01:33:19.847+0000] {processor.py:839} INFO - DAG(s) dict_keys(['example_setup_teardown_taskflow']) retrieved from /home/airflow/.local/lib/python3.8/site-packages/airflow/example_dags/example_setup_teardown_taskflow.py
[2024-10-02T01:33:19.890+0000] {logging_mixin.py:151} INFO - [2024-10-02T01:33:19.889+0000] {dag.py:2915} INFO - Sync 1 DAGs
[2024-10-02T01:33:19.913+0000] {logging_mixin.py:151} INFO - [2024-10-02T01:33:19.913+0000] {dag.py:3696} INFO - Setting next_dagrun for example_setup_teardown_taskflow to 2024-10-01T01:33:19.912109+00:00, run_after=2024-10-02T01:33:19.912109+00:00
[2024-10-02T01:33:19.934+0000] {processor.py:179} INFO - Processing /home/airflow/.local/lib/python3.8/site-packages/airflow/example_dags/example_setup_teardown_taskflow.py took 0.125 seconds
[2024-10-02T01:33:50.882+0000] {processor.py:157} INFO - Started process (PID=216) to work on /home/airflow/.local/lib/python3.8/site-packages/airflow/example_dags/example_setup_teardown_taskflow.py
[2024-10-02T01:33:50.886+0000] {processor.py:829} INFO - Processing file /home/airflow/.local/lib/python3.8/site-packages/airflow/example_dags/example_setup_teardown_taskflow.py for tasks to queue
[2024-10-02T01:33:50.890+0000] {logging_mixin.py:151} INFO - [2024-10-02T01:33:50.889+0000] {dagbag.py:539} INFO - Filling up the DagBag from /home/airflow/.local/lib/python3.8/site-packages/airflow/example_dags/example_setup_teardown_taskflow.py
[2024-10-02T01:33:50.908+0000] {processor.py:839} INFO - DAG(s) dict_keys(['example_setup_teardown_taskflow']) retrieved from /home/airflow/.local/lib/python3.8/site-packages/airflow/example_dags/example_setup_teardown_taskflow.py
[2024-10-02T01:33:50.941+0000] {logging_mixin.py:151} INFO - [2024-10-02T01:33:50.940+0000] {dag.py:2915} INFO - Sync 1 DAGs
[2024-10-02T01:33:50.971+0000] {logging_mixin.py:151} INFO - [2024-10-02T01:33:50.971+0000] {dag.py:3696} INFO - Setting next_dagrun for example_setup_teardown_taskflow to 2024-10-01T01:33:50.969816+00:00, run_after=2024-10-02T01:33:50.969816+00:00
[2024-10-02T01:33:50.995+0000] {processor.py:179} INFO - Processing /home/airflow/.local/lib/python3.8/site-packages/airflow/example_dags/example_setup_teardown_taskflow.py took 0.117 seconds
[2024-10-02T01:34:21.965+0000] {processor.py:157} INFO - Started process (PID=264) to work on /home/airflow/.local/lib/python3.8/site-packages/airflow/example_dags/example_setup_teardown_taskflow.py
[2024-10-02T01:34:21.968+0000] {processor.py:829} INFO - Processing file /home/airflow/.local/lib/python3.8/site-packages/airflow/example_dags/example_setup_teardown_taskflow.py for tasks to queue
[2024-10-02T01:34:21.974+0000] {logging_mixin.py:151} INFO - [2024-10-02T01:34:21.973+0000] {dagbag.py:539} INFO - Filling up the DagBag from /home/airflow/.local/lib/python3.8/site-packages/airflow/example_dags/example_setup_teardown_taskflow.py
[2024-10-02T01:34:21.992+0000] {processor.py:839} INFO - DAG(s) dict_keys(['example_setup_teardown_taskflow']) retrieved from /home/airflow/.local/lib/python3.8/site-packages/airflow/example_dags/example_setup_teardown_taskflow.py
[2024-10-02T01:34:22.028+0000] {logging_mixin.py:151} INFO - [2024-10-02T01:34:22.027+0000] {dag.py:2915} INFO - Sync 1 DAGs
[2024-10-02T01:34:22.060+0000] {logging_mixin.py:151} INFO - [2024-10-02T01:34:22.059+0000] {dag.py:3696} INFO - Setting next_dagrun for example_setup_teardown_taskflow to 2024-10-01T01:34:22.058457+00:00, run_after=2024-10-02T01:34:22.058457+00:00
[2024-10-02T01:34:22.094+0000] {processor.py:179} INFO - Processing /home/airflow/.local/lib/python3.8/site-packages/airflow/example_dags/example_setup_teardown_taskflow.py took 0.134 seconds
[2024-10-02T01:34:53.132+0000] {processor.py:157} INFO - Started process (PID=312) to work on /home/airflow/.local/lib/python3.8/site-packages/airflow/example_dags/example_setup_teardown_taskflow.py
[2024-10-02T01:34:53.136+0000] {processor.py:829} INFO - Processing file /home/airflow/.local/lib/python3.8/site-packages/airflow/example_dags/example_setup_teardown_taskflow.py for tasks to queue
[2024-10-02T01:34:53.145+0000] {logging_mixin.py:151} INFO - [2024-10-02T01:34:53.143+0000] {dagbag.py:539} INFO - Filling up the DagBag from /home/airflow/.local/lib/python3.8/site-packages/airflow/example_dags/example_setup_teardown_taskflow.py
[2024-10-02T01:34:53.171+0000] {processor.py:839} INFO - DAG(s) dict_keys(['example_setup_teardown_taskflow']) retrieved from /home/airflow/.local/lib/python3.8/site-packages/airflow/example_dags/example_setup_teardown_taskflow.py
[2024-10-02T01:34:53.217+0000] {logging_mixin.py:151} INFO - [2024-10-02T01:34:53.216+0000] {dag.py:2915} INFO - Sync 1 DAGs
[2024-10-02T01:34:53.254+0000] {logging_mixin.py:151} INFO - [2024-10-02T01:34:53.253+0000] {dag.py:3696} INFO - Setting next_dagrun for example_setup_teardown_taskflow to 2024-10-01T01:34:53.252889+00:00, run_after=2024-10-02T01:34:53.252889+00:00
[2024-10-02T01:34:53.282+0000] {processor.py:179} INFO - Processing /home/airflow/.local/lib/python3.8/site-packages/airflow/example_dags/example_setup_teardown_taskflow.py took 0.156 seconds
[2024-10-02T01:35:23.378+0000] {processor.py:157} INFO - Started process (PID=359) to work on /home/airflow/.local/lib/python3.8/site-packages/airflow/example_dags/example_setup_teardown_taskflow.py
[2024-10-02T01:35:23.382+0000] {processor.py:829} INFO - Processing file /home/airflow/.local/lib/python3.8/site-packages/airflow/example_dags/example_setup_teardown_taskflow.py for tasks to queue
[2024-10-02T01:35:23.391+0000] {logging_mixin.py:151} INFO - [2024-10-02T01:35:23.390+0000] {dagbag.py:539} INFO - Filling up the DagBag from /home/airflow/.local/lib/python3.8/site-packages/airflow/example_dags/example_setup_teardown_taskflow.py
[2024-10-02T01:35:23.422+0000] {processor.py:839} INFO - DAG(s) dict_keys(['example_setup_teardown_taskflow']) retrieved from /home/airflow/.local/lib/python3.8/site-packages/airflow/example_dags/example_setup_teardown_taskflow.py
[2024-10-02T01:35:23.471+0000] {logging_mixin.py:151} INFO - [2024-10-02T01:35:23.470+0000] {dag.py:2915} INFO - Sync 1 DAGs
[2024-10-02T01:35:23.526+0000] {logging_mixin.py:151} INFO - [2024-10-02T01:35:23.525+0000] {dag.py:3696} INFO - Setting next_dagrun for example_setup_teardown_taskflow to 2024-10-01T01:35:23.523295+00:00, run_after=2024-10-02T01:35:23.523295+00:00
[2024-10-02T01:35:23.564+0000] {processor.py:179} INFO - Processing /home/airflow/.local/lib/python3.8/site-packages/airflow/example_dags/example_setup_teardown_taskflow.py took 0.192 seconds
[2024-10-02T01:35:54.459+0000] {processor.py:157} INFO - Started process (PID=408) to work on /home/airflow/.local/lib/python3.8/site-packages/airflow/example_dags/example_setup_teardown_taskflow.py
[2024-10-02T01:35:54.464+0000] {processor.py:829} INFO - Processing file /home/airflow/.local/lib/python3.8/site-packages/airflow/example_dags/example_setup_teardown_taskflow.py for tasks to queue
[2024-10-02T01:35:54.469+0000] {logging_mixin.py:151} INFO - [2024-10-02T01:35:54.468+0000] {dagbag.py:539} INFO - Filling up the DagBag from /home/airflow/.local/lib/python3.8/site-packages/airflow/example_dags/example_setup_teardown_taskflow.py
[2024-10-02T01:35:54.491+0000] {processor.py:839} INFO - DAG(s) dict_keys(['example_setup_teardown_taskflow']) retrieved from /home/airflow/.local/lib/python3.8/site-packages/airflow/example_dags/example_setup_teardown_taskflow.py
[2024-10-02T01:35:54.538+0000] {logging_mixin.py:151} INFO - [2024-10-02T01:35:54.538+0000] {dag.py:2915} INFO - Sync 1 DAGs
[2024-10-02T01:35:54.591+0000] {logging_mixin.py:151} INFO - [2024-10-02T01:35:54.590+0000] {dag.py:3696} INFO - Setting next_dagrun for example_setup_teardown_taskflow to 2024-10-01T01:35:54.589245+00:00, run_after=2024-10-02T01:35:54.589245+00:00
[2024-10-02T01:35:54.634+0000] {processor.py:179} INFO - Processing /home/airflow/.local/lib/python3.8/site-packages/airflow/example_dags/example_setup_teardown_taskflow.py took 0.180 seconds
[2024-10-02T01:36:25.403+0000] {processor.py:157} INFO - Started process (PID=456) to work on /home/airflow/.local/lib/python3.8/site-packages/airflow/example_dags/example_setup_teardown_taskflow.py
[2024-10-02T01:36:25.406+0000] {processor.py:829} INFO - Processing file /home/airflow/.local/lib/python3.8/site-packages/airflow/example_dags/example_setup_teardown_taskflow.py for tasks to queue
[2024-10-02T01:36:25.413+0000] {logging_mixin.py:151} INFO - [2024-10-02T01:36:25.412+0000] {dagbag.py:539} INFO - Filling up the DagBag from /home/airflow/.local/lib/python3.8/site-packages/airflow/example_dags/example_setup_teardown_taskflow.py
[2024-10-02T01:36:25.434+0000] {processor.py:839} INFO - DAG(s) dict_keys(['example_setup_teardown_taskflow']) retrieved from /home/airflow/.local/lib/python3.8/site-packages/airflow/example_dags/example_setup_teardown_taskflow.py
[2024-10-02T01:36:25.485+0000] {logging_mixin.py:151} INFO - [2024-10-02T01:36:25.484+0000] {dag.py:2915} INFO - Sync 1 DAGs
[2024-10-02T01:36:25.521+0000] {logging_mixin.py:151} INFO - [2024-10-02T01:36:25.521+0000] {dag.py:3696} INFO - Setting next_dagrun for example_setup_teardown_taskflow to 2024-10-01T01:36:25.520225+00:00, run_after=2024-10-02T01:36:25.520225+00:00
[2024-10-02T01:36:25.554+0000] {processor.py:179} INFO - Processing /home/airflow/.local/lib/python3.8/site-packages/airflow/example_dags/example_setup_teardown_taskflow.py took 0.155 seconds
[2024-10-02T01:36:56.453+0000] {processor.py:157} INFO - Started process (PID=504) to work on /home/airflow/.local/lib/python3.8/site-packages/airflow/example_dags/example_setup_teardown_taskflow.py
[2024-10-02T01:36:56.458+0000] {processor.py:829} INFO - Processing file /home/airflow/.local/lib/python3.8/site-packages/airflow/example_dags/example_setup_teardown_taskflow.py for tasks to queue
[2024-10-02T01:36:56.463+0000] {logging_mixin.py:151} INFO - [2024-10-02T01:36:56.463+0000] {dagbag.py:539} INFO - Filling up the DagBag from /home/airflow/.local/lib/python3.8/site-packages/airflow/example_dags/example_setup_teardown_taskflow.py
[2024-10-02T01:36:56.489+0000] {processor.py:839} INFO - DAG(s) dict_keys(['example_setup_teardown_taskflow']) retrieved from /home/airflow/.local/lib/python3.8/site-packages/airflow/example_dags/example_setup_teardown_taskflow.py
[2024-10-02T01:36:56.530+0000] {logging_mixin.py:151} INFO - [2024-10-02T01:36:56.530+0000] {dag.py:2915} INFO - Sync 1 DAGs
[2024-10-02T01:36:56.907+0000] {logging_mixin.py:151} INFO - [2024-10-02T01:36:56.902+0000] {dag.py:3696} INFO - Setting next_dagrun for example_setup_teardown_taskflow to 2024-10-01T01:36:56.893088+00:00, run_after=2024-10-02T01:36:56.893088+00:00
[2024-10-02T01:36:57.008+0000] {processor.py:179} INFO - Processing /home/airflow/.local/lib/python3.8/site-packages/airflow/example_dags/example_setup_teardown_taskflow.py took 0.562 seconds
[2024-10-02T01:37:27.552+0000] {processor.py:157} INFO - Started process (PID=552) to work on /home/airflow/.local/lib/python3.8/site-packages/airflow/example_dags/example_setup_teardown_taskflow.py
[2024-10-02T01:37:27.557+0000] {processor.py:829} INFO - Processing file /home/airflow/.local/lib/python3.8/site-packages/airflow/example_dags/example_setup_teardown_taskflow.py for tasks to queue
[2024-10-02T01:37:27.562+0000] {logging_mixin.py:151} INFO - [2024-10-02T01:37:27.562+0000] {dagbag.py:539} INFO - Filling up the DagBag from /home/airflow/.local/lib/python3.8/site-packages/airflow/example_dags/example_setup_teardown_taskflow.py
[2024-10-02T01:37:27.628+0000] {processor.py:839} INFO - DAG(s) dict_keys(['example_setup_teardown_taskflow']) retrieved from /home/airflow/.local/lib/python3.8/site-packages/airflow/example_dags/example_setup_teardown_taskflow.py
[2024-10-02T01:37:27.678+0000] {logging_mixin.py:151} INFO - [2024-10-02T01:37:27.678+0000] {dag.py:2915} INFO - Sync 1 DAGs
[2024-10-02T01:37:27.725+0000] {logging_mixin.py:151} INFO - [2024-10-02T01:37:27.724+0000] {dag.py:3696} INFO - Setting next_dagrun for example_setup_teardown_taskflow to 2024-10-01T01:37:27.722968+00:00, run_after=2024-10-02T01:37:27.722968+00:00
[2024-10-02T01:37:27.766+0000] {processor.py:179} INFO - Processing /home/airflow/.local/lib/python3.8/site-packages/airflow/example_dags/example_setup_teardown_taskflow.py took 0.222 seconds
[2024-10-02T01:37:58.101+0000] {processor.py:157} INFO - Started process (PID=599) to work on /home/airflow/.local/lib/python3.8/site-packages/airflow/example_dags/example_setup_teardown_taskflow.py
[2024-10-02T01:37:58.104+0000] {processor.py:829} INFO - Processing file /home/airflow/.local/lib/python3.8/site-packages/airflow/example_dags/example_setup_teardown_taskflow.py for tasks to queue
[2024-10-02T01:37:58.110+0000] {logging_mixin.py:151} INFO - [2024-10-02T01:37:58.109+0000] {dagbag.py:539} INFO - Filling up the DagBag from /home/airflow/.local/lib/python3.8/site-packages/airflow/example_dags/example_setup_teardown_taskflow.py
[2024-10-02T01:37:58.129+0000] {processor.py:839} INFO - DAG(s) dict_keys(['example_setup_teardown_taskflow']) retrieved from /home/airflow/.local/lib/python3.8/site-packages/airflow/example_dags/example_setup_teardown_taskflow.py
[2024-10-02T01:37:58.176+0000] {logging_mixin.py:151} INFO - [2024-10-02T01:37:58.176+0000] {dag.py:2915} INFO - Sync 1 DAGs
[2024-10-02T01:37:58.232+0000] {logging_mixin.py:151} INFO - [2024-10-02T01:37:58.232+0000] {dag.py:3696} INFO - Setting next_dagrun for example_setup_teardown_taskflow to 2024-10-01T01:37:58.228783+00:00, run_after=2024-10-02T01:37:58.228783+00:00
[2024-10-02T01:37:58.282+0000] {processor.py:179} INFO - Processing /home/airflow/.local/lib/python3.8/site-packages/airflow/example_dags/example_setup_teardown_taskflow.py took 0.183 seconds
[2024-10-02T01:38:28.725+0000] {processor.py:157} INFO - Started process (PID=647) to work on /home/airflow/.local/lib/python3.8/site-packages/airflow/example_dags/example_setup_teardown_taskflow.py
[2024-10-02T01:38:28.728+0000] {processor.py:829} INFO - Processing file /home/airflow/.local/lib/python3.8/site-packages/airflow/example_dags/example_setup_teardown_taskflow.py for tasks to queue
[2024-10-02T01:38:28.732+0000] {logging_mixin.py:151} INFO - [2024-10-02T01:38:28.731+0000] {dagbag.py:539} INFO - Filling up the DagBag from /home/airflow/.local/lib/python3.8/site-packages/airflow/example_dags/example_setup_teardown_taskflow.py
[2024-10-02T01:38:28.753+0000] {processor.py:839} INFO - DAG(s) dict_keys(['example_setup_teardown_taskflow']) retrieved from /home/airflow/.local/lib/python3.8/site-packages/airflow/example_dags/example_setup_teardown_taskflow.py
[2024-10-02T01:38:28.793+0000] {logging_mixin.py:151} INFO - [2024-10-02T01:38:28.793+0000] {dag.py:2915} INFO - Sync 1 DAGs
[2024-10-02T01:38:28.828+0000] {logging_mixin.py:151} INFO - [2024-10-02T01:38:28.828+0000] {dag.py:3696} INFO - Setting next_dagrun for example_setup_teardown_taskflow to 2024-10-01T01:38:28.826819+00:00, run_after=2024-10-02T01:38:28.826819+00:00
[2024-10-02T01:38:28.862+0000] {processor.py:179} INFO - Processing /home/airflow/.local/lib/python3.8/site-packages/airflow/example_dags/example_setup_teardown_taskflow.py took 0.143 seconds
[2024-10-02T01:38:58.931+0000] {processor.py:157} INFO - Started process (PID=696) to work on /home/airflow/.local/lib/python3.8/site-packages/airflow/example_dags/example_setup_teardown_taskflow.py
[2024-10-02T01:38:58.933+0000] {processor.py:829} INFO - Processing file /home/airflow/.local/lib/python3.8/site-packages/airflow/example_dags/example_setup_teardown_taskflow.py for tasks to queue
[2024-10-02T01:38:58.936+0000] {logging_mixin.py:151} INFO - [2024-10-02T01:38:58.935+0000] {dagbag.py:539} INFO - Filling up the DagBag from /home/airflow/.local/lib/python3.8/site-packages/airflow/example_dags/example_setup_teardown_taskflow.py
[2024-10-02T01:38:58.952+0000] {processor.py:839} INFO - DAG(s) dict_keys(['example_setup_teardown_taskflow']) retrieved from /home/airflow/.local/lib/python3.8/site-packages/airflow/example_dags/example_setup_teardown_taskflow.py
[2024-10-02T01:38:58.998+0000] {logging_mixin.py:151} INFO - [2024-10-02T01:38:58.998+0000] {dag.py:2915} INFO - Sync 1 DAGs
[2024-10-02T01:38:59.033+0000] {logging_mixin.py:151} INFO - [2024-10-02T01:38:59.033+0000] {dag.py:3696} INFO - Setting next_dagrun for example_setup_teardown_taskflow to 2024-10-01T01:38:59.031086+00:00, run_after=2024-10-02T01:38:59.031086+00:00
[2024-10-02T01:38:59.074+0000] {processor.py:179} INFO - Processing /home/airflow/.local/lib/python3.8/site-packages/airflow/example_dags/example_setup_teardown_taskflow.py took 0.147 seconds
[2024-10-02T01:39:29.557+0000] {processor.py:157} INFO - Started process (PID=745) to work on /home/airflow/.local/lib/python3.8/site-packages/airflow/example_dags/example_setup_teardown_taskflow.py
[2024-10-02T01:39:29.564+0000] {processor.py:829} INFO - Processing file /home/airflow/.local/lib/python3.8/site-packages/airflow/example_dags/example_setup_teardown_taskflow.py for tasks to queue
[2024-10-02T01:39:29.576+0000] {logging_mixin.py:151} INFO - [2024-10-02T01:39:29.575+0000] {dagbag.py:539} INFO - Filling up the DagBag from /home/airflow/.local/lib/python3.8/site-packages/airflow/example_dags/example_setup_teardown_taskflow.py
[2024-10-02T01:39:29.613+0000] {processor.py:839} INFO - DAG(s) dict_keys(['example_setup_teardown_taskflow']) retrieved from /home/airflow/.local/lib/python3.8/site-packages/airflow/example_dags/example_setup_teardown_taskflow.py
[2024-10-02T01:39:29.675+0000] {logging_mixin.py:151} INFO - [2024-10-02T01:39:29.674+0000] {dag.py:2915} INFO - Sync 1 DAGs
[2024-10-02T01:39:29.744+0000] {logging_mixin.py:151} INFO - [2024-10-02T01:39:29.744+0000] {dag.py:3696} INFO - Setting next_dagrun for example_setup_teardown_taskflow to 2024-10-01T01:39:29.739950+00:00, run_after=2024-10-02T01:39:29.739950+00:00
[2024-10-02T01:39:29.842+0000] {processor.py:179} INFO - Processing /home/airflow/.local/lib/python3.8/site-packages/airflow/example_dags/example_setup_teardown_taskflow.py took 0.289 seconds
[2024-10-02T01:45:40.196+0000] {processor.py:157} INFO - Started process (PID=72) to work on /home/airflow/.local/lib/python3.8/site-packages/airflow/example_dags/example_setup_teardown_taskflow.py
[2024-10-02T01:45:40.202+0000] {processor.py:829} INFO - Processing file /home/airflow/.local/lib/python3.8/site-packages/airflow/example_dags/example_setup_teardown_taskflow.py for tasks to queue
[2024-10-02T01:45:40.209+0000] {logging_mixin.py:151} INFO - [2024-10-02T01:45:40.208+0000] {dagbag.py:539} INFO - Filling up the DagBag from /home/airflow/.local/lib/python3.8/site-packages/airflow/example_dags/example_setup_teardown_taskflow.py
[2024-10-02T01:45:40.233+0000] {processor.py:839} INFO - DAG(s) dict_keys(['example_setup_teardown_taskflow']) retrieved from /home/airflow/.local/lib/python3.8/site-packages/airflow/example_dags/example_setup_teardown_taskflow.py
[2024-10-02T01:45:40.406+0000] {logging_mixin.py:151} INFO - [2024-10-02T01:45:40.406+0000] {manager.py:499} INFO - Created Permission View: %s
[2024-10-02T01:45:40.427+0000] {logging_mixin.py:151} INFO - [2024-10-02T01:45:40.426+0000] {manager.py:499} INFO - Created Permission View: %s
[2024-10-02T01:45:40.443+0000] {logging_mixin.py:151} INFO - [2024-10-02T01:45:40.442+0000] {manager.py:499} INFO - Created Permission View: %s
[2024-10-02T01:45:40.446+0000] {logging_mixin.py:151} INFO - [2024-10-02T01:45:40.446+0000] {security.py:708} INFO - Not syncing DAG-level permissions for DAG 'DAG:example_setup_teardown_taskflow' as access control is unset.
[2024-10-02T01:45:40.449+0000] {logging_mixin.py:151} INFO - [2024-10-02T01:45:40.449+0000] {dag.py:2915} INFO - Sync 1 DAGs
[2024-10-02T01:45:40.472+0000] {logging_mixin.py:151} INFO - [2024-10-02T01:45:40.472+0000] {dag.py:2937} INFO - Creating ORM DAG for example_setup_teardown_taskflow
[2024-10-02T01:45:40.491+0000] {logging_mixin.py:151} INFO - [2024-10-02T01:45:40.491+0000] {dag.py:3696} INFO - Setting next_dagrun for example_setup_teardown_taskflow to 2024-10-01T01:45:40.490168+00:00, run_after=2024-10-02T01:45:40.490168+00:00
[2024-10-02T01:45:40.525+0000] {processor.py:179} INFO - Processing /home/airflow/.local/lib/python3.8/site-packages/airflow/example_dags/example_setup_teardown_taskflow.py took 0.334 seconds
[2024-10-02T01:47:06.397+0000] {processor.py:157} INFO - Started process (PID=72) to work on /home/airflow/.local/lib/python3.8/site-packages/airflow/example_dags/example_setup_teardown_taskflow.py
[2024-10-02T01:47:06.404+0000] {processor.py:829} INFO - Processing file /home/airflow/.local/lib/python3.8/site-packages/airflow/example_dags/example_setup_teardown_taskflow.py for tasks to queue
[2024-10-02T01:47:06.414+0000] {logging_mixin.py:151} INFO - [2024-10-02T01:47:06.413+0000] {dagbag.py:539} INFO - Filling up the DagBag from /home/airflow/.local/lib/python3.8/site-packages/airflow/example_dags/example_setup_teardown_taskflow.py
[2024-10-02T01:47:06.451+0000] {processor.py:839} INFO - DAG(s) dict_keys(['example_setup_teardown_taskflow']) retrieved from /home/airflow/.local/lib/python3.8/site-packages/airflow/example_dags/example_setup_teardown_taskflow.py
[2024-10-02T01:47:06.486+0000] {logging_mixin.py:151} INFO - [2024-10-02T01:47:06.485+0000] {dag.py:2915} INFO - Sync 1 DAGs
[2024-10-02T01:47:06.532+0000] {logging_mixin.py:151} INFO - [2024-10-02T01:47:06.531+0000] {dag.py:3696} INFO - Setting next_dagrun for example_setup_teardown_taskflow to 2024-10-01T01:47:06.529340+00:00, run_after=2024-10-02T01:47:06.529340+00:00
[2024-10-02T01:47:06.595+0000] {processor.py:179} INFO - Processing /home/airflow/.local/lib/python3.8/site-packages/airflow/example_dags/example_setup_teardown_taskflow.py took 0.204 seconds
[2024-10-02T01:47:37.611+0000] {processor.py:157} INFO - Started process (PID=120) to work on /home/airflow/.local/lib/python3.8/site-packages/airflow/example_dags/example_setup_teardown_taskflow.py
[2024-10-02T01:47:37.620+0000] {processor.py:829} INFO - Processing file /home/airflow/.local/lib/python3.8/site-packages/airflow/example_dags/example_setup_teardown_taskflow.py for tasks to queue
[2024-10-02T01:47:37.625+0000] {logging_mixin.py:151} INFO - [2024-10-02T01:47:37.624+0000] {dagbag.py:539} INFO - Filling up the DagBag from /home/airflow/.local/lib/python3.8/site-packages/airflow/example_dags/example_setup_teardown_taskflow.py
[2024-10-02T01:47:37.647+0000] {processor.py:839} INFO - DAG(s) dict_keys(['example_setup_teardown_taskflow']) retrieved from /home/airflow/.local/lib/python3.8/site-packages/airflow/example_dags/example_setup_teardown_taskflow.py
[2024-10-02T01:47:37.684+0000] {logging_mixin.py:151} INFO - [2024-10-02T01:47:37.684+0000] {dag.py:2915} INFO - Sync 1 DAGs
[2024-10-02T01:47:37.721+0000] {logging_mixin.py:151} INFO - [2024-10-02T01:47:37.720+0000] {dag.py:3696} INFO - Setting next_dagrun for example_setup_teardown_taskflow to 2024-10-01T01:47:37.718760+00:00, run_after=2024-10-02T01:47:37.718760+00:00
[2024-10-02T01:47:37.780+0000] {processor.py:179} INFO - Processing /home/airflow/.local/lib/python3.8/site-packages/airflow/example_dags/example_setup_teardown_taskflow.py took 0.174 seconds
[2024-10-02T01:48:35.026+0000] {processor.py:157} INFO - Started process (PID=72) to work on /home/airflow/.local/lib/python3.8/site-packages/airflow/example_dags/example_setup_teardown_taskflow.py
[2024-10-02T01:48:35.030+0000] {processor.py:829} INFO - Processing file /home/airflow/.local/lib/python3.8/site-packages/airflow/example_dags/example_setup_teardown_taskflow.py for tasks to queue
[2024-10-02T01:48:35.034+0000] {logging_mixin.py:151} INFO - [2024-10-02T01:48:35.033+0000] {dagbag.py:539} INFO - Filling up the DagBag from /home/airflow/.local/lib/python3.8/site-packages/airflow/example_dags/example_setup_teardown_taskflow.py
[2024-10-02T01:48:35.055+0000] {processor.py:839} INFO - DAG(s) dict_keys(['example_setup_teardown_taskflow']) retrieved from /home/airflow/.local/lib/python3.8/site-packages/airflow/example_dags/example_setup_teardown_taskflow.py
[2024-10-02T01:48:35.084+0000] {logging_mixin.py:151} INFO - [2024-10-02T01:48:35.084+0000] {dag.py:2915} INFO - Sync 1 DAGs
[2024-10-02T01:48:35.119+0000] {logging_mixin.py:151} INFO - [2024-10-02T01:48:35.119+0000] {dag.py:3696} INFO - Setting next_dagrun for example_setup_teardown_taskflow to 2024-10-01T01:48:35.118547+00:00, run_after=2024-10-02T01:48:35.118547+00:00
[2024-10-02T01:48:35.280+0000] {processor.py:179} INFO - Processing /home/airflow/.local/lib/python3.8/site-packages/airflow/example_dags/example_setup_teardown_taskflow.py took 0.259 seconds
[2024-10-02T01:49:05.684+0000] {processor.py:157} INFO - Started process (PID=121) to work on /home/airflow/.local/lib/python3.8/site-packages/airflow/example_dags/example_setup_teardown_taskflow.py
[2024-10-02T01:49:05.686+0000] {processor.py:829} INFO - Processing file /home/airflow/.local/lib/python3.8/site-packages/airflow/example_dags/example_setup_teardown_taskflow.py for tasks to queue
[2024-10-02T01:49:05.692+0000] {logging_mixin.py:151} INFO - [2024-10-02T01:49:05.691+0000] {dagbag.py:539} INFO - Filling up the DagBag from /home/airflow/.local/lib/python3.8/site-packages/airflow/example_dags/example_setup_teardown_taskflow.py
[2024-10-02T01:49:05.708+0000] {processor.py:839} INFO - DAG(s) dict_keys(['example_setup_teardown_taskflow']) retrieved from /home/airflow/.local/lib/python3.8/site-packages/airflow/example_dags/example_setup_teardown_taskflow.py
[2024-10-02T01:49:05.746+0000] {logging_mixin.py:151} INFO - [2024-10-02T01:49:05.746+0000] {dag.py:2915} INFO - Sync 1 DAGs
[2024-10-02T01:49:05.786+0000] {logging_mixin.py:151} INFO - [2024-10-02T01:49:05.785+0000] {dag.py:3696} INFO - Setting next_dagrun for example_setup_teardown_taskflow to 2024-10-01T01:49:05.784607+00:00, run_after=2024-10-02T01:49:05.784607+00:00
[2024-10-02T01:49:05.860+0000] {processor.py:179} INFO - Processing /home/airflow/.local/lib/python3.8/site-packages/airflow/example_dags/example_setup_teardown_taskflow.py took 0.182 seconds
[2024-10-02T01:49:36.963+0000] {processor.py:157} INFO - Started process (PID=170) to work on /home/airflow/.local/lib/python3.8/site-packages/airflow/example_dags/example_setup_teardown_taskflow.py
[2024-10-02T01:49:36.970+0000] {processor.py:829} INFO - Processing file /home/airflow/.local/lib/python3.8/site-packages/airflow/example_dags/example_setup_teardown_taskflow.py for tasks to queue
[2024-10-02T01:49:36.983+0000] {logging_mixin.py:151} INFO - [2024-10-02T01:49:36.980+0000] {dagbag.py:539} INFO - Filling up the DagBag from /home/airflow/.local/lib/python3.8/site-packages/airflow/example_dags/example_setup_teardown_taskflow.py
[2024-10-02T01:49:37.023+0000] {processor.py:839} INFO - DAG(s) dict_keys(['example_setup_teardown_taskflow']) retrieved from /home/airflow/.local/lib/python3.8/site-packages/airflow/example_dags/example_setup_teardown_taskflow.py
[2024-10-02T01:49:37.124+0000] {logging_mixin.py:151} INFO - [2024-10-02T01:49:37.124+0000] {dag.py:2915} INFO - Sync 1 DAGs
[2024-10-02T01:49:37.220+0000] {logging_mixin.py:151} INFO - [2024-10-02T01:49:37.220+0000] {dag.py:3696} INFO - Setting next_dagrun for example_setup_teardown_taskflow to 2024-10-01T01:49:37.219365+00:00, run_after=2024-10-02T01:49:37.219365+00:00
[2024-10-02T01:49:37.265+0000] {processor.py:179} INFO - Processing /home/airflow/.local/lib/python3.8/site-packages/airflow/example_dags/example_setup_teardown_taskflow.py took 0.316 seconds
[2024-10-02T01:50:07.492+0000] {processor.py:157} INFO - Started process (PID=218) to work on /home/airflow/.local/lib/python3.8/site-packages/airflow/example_dags/example_setup_teardown_taskflow.py
[2024-10-02T01:50:07.496+0000] {processor.py:829} INFO - Processing file /home/airflow/.local/lib/python3.8/site-packages/airflow/example_dags/example_setup_teardown_taskflow.py for tasks to queue
[2024-10-02T01:50:07.502+0000] {logging_mixin.py:151} INFO - [2024-10-02T01:50:07.502+0000] {dagbag.py:539} INFO - Filling up the DagBag from /home/airflow/.local/lib/python3.8/site-packages/airflow/example_dags/example_setup_teardown_taskflow.py
[2024-10-02T01:50:07.523+0000] {processor.py:839} INFO - DAG(s) dict_keys(['example_setup_teardown_taskflow']) retrieved from /home/airflow/.local/lib/python3.8/site-packages/airflow/example_dags/example_setup_teardown_taskflow.py
[2024-10-02T01:50:07.635+0000] {logging_mixin.py:151} INFO - [2024-10-02T01:50:07.635+0000] {dag.py:2915} INFO - Sync 1 DAGs
[2024-10-02T01:50:07.668+0000] {logging_mixin.py:151} INFO - [2024-10-02T01:50:07.668+0000] {dag.py:3696} INFO - Setting next_dagrun for example_setup_teardown_taskflow to 2024-10-01T01:50:07.666847+00:00, run_after=2024-10-02T01:50:07.666847+00:00
[2024-10-02T01:50:07.698+0000] {processor.py:179} INFO - Processing /home/airflow/.local/lib/python3.8/site-packages/airflow/example_dags/example_setup_teardown_taskflow.py took 0.211 seconds
[2024-10-02T01:50:38.477+0000] {processor.py:157} INFO - Started process (PID=266) to work on /home/airflow/.local/lib/python3.8/site-packages/airflow/example_dags/example_setup_teardown_taskflow.py
[2024-10-02T01:50:38.481+0000] {processor.py:829} INFO - Processing file /home/airflow/.local/lib/python3.8/site-packages/airflow/example_dags/example_setup_teardown_taskflow.py for tasks to queue
[2024-10-02T01:50:38.485+0000] {logging_mixin.py:151} INFO - [2024-10-02T01:50:38.485+0000] {dagbag.py:539} INFO - Filling up the DagBag from /home/airflow/.local/lib/python3.8/site-packages/airflow/example_dags/example_setup_teardown_taskflow.py
[2024-10-02T01:50:38.506+0000] {processor.py:839} INFO - DAG(s) dict_keys(['example_setup_teardown_taskflow']) retrieved from /home/airflow/.local/lib/python3.8/site-packages/airflow/example_dags/example_setup_teardown_taskflow.py
[2024-10-02T01:50:38.550+0000] {logging_mixin.py:151} INFO - [2024-10-02T01:50:38.550+0000] {dag.py:2915} INFO - Sync 1 DAGs
[2024-10-02T01:50:38.581+0000] {logging_mixin.py:151} INFO - [2024-10-02T01:50:38.580+0000] {dag.py:3696} INFO - Setting next_dagrun for example_setup_teardown_taskflow to 2024-10-01T01:50:38.579782+00:00, run_after=2024-10-02T01:50:38.579782+00:00
[2024-10-02T01:50:38.609+0000] {processor.py:179} INFO - Processing /home/airflow/.local/lib/python3.8/site-packages/airflow/example_dags/example_setup_teardown_taskflow.py took 0.136 seconds
[2024-10-02T01:51:08.807+0000] {processor.py:157} INFO - Started process (PID=314) to work on /home/airflow/.local/lib/python3.8/site-packages/airflow/example_dags/example_setup_teardown_taskflow.py
[2024-10-02T01:51:08.817+0000] {processor.py:829} INFO - Processing file /home/airflow/.local/lib/python3.8/site-packages/airflow/example_dags/example_setup_teardown_taskflow.py for tasks to queue
[2024-10-02T01:51:08.830+0000] {logging_mixin.py:151} INFO - [2024-10-02T01:51:08.829+0000] {dagbag.py:539} INFO - Filling up the DagBag from /home/airflow/.local/lib/python3.8/site-packages/airflow/example_dags/example_setup_teardown_taskflow.py
[2024-10-02T01:51:08.866+0000] {processor.py:839} INFO - DAG(s) dict_keys(['example_setup_teardown_taskflow']) retrieved from /home/airflow/.local/lib/python3.8/site-packages/airflow/example_dags/example_setup_teardown_taskflow.py
[2024-10-02T01:51:08.918+0000] {logging_mixin.py:151} INFO - [2024-10-02T01:51:08.918+0000] {dag.py:2915} INFO - Sync 1 DAGs
[2024-10-02T01:51:08.950+0000] {logging_mixin.py:151} INFO - [2024-10-02T01:51:08.949+0000] {dag.py:3696} INFO - Setting next_dagrun for example_setup_teardown_taskflow to 2024-10-01T01:51:08.948697+00:00, run_after=2024-10-02T01:51:08.948697+00:00
[2024-10-02T01:51:08.978+0000] {processor.py:179} INFO - Processing /home/airflow/.local/lib/python3.8/site-packages/airflow/example_dags/example_setup_teardown_taskflow.py took 0.176 seconds
[2024-10-02T01:51:39.883+0000] {processor.py:157} INFO - Started process (PID=362) to work on /home/airflow/.local/lib/python3.8/site-packages/airflow/example_dags/example_setup_teardown_taskflow.py
[2024-10-02T01:51:39.886+0000] {processor.py:829} INFO - Processing file /home/airflow/.local/lib/python3.8/site-packages/airflow/example_dags/example_setup_teardown_taskflow.py for tasks to queue
[2024-10-02T01:51:39.890+0000] {logging_mixin.py:151} INFO - [2024-10-02T01:51:39.889+0000] {dagbag.py:539} INFO - Filling up the DagBag from /home/airflow/.local/lib/python3.8/site-packages/airflow/example_dags/example_setup_teardown_taskflow.py
[2024-10-02T01:51:39.908+0000] {processor.py:839} INFO - DAG(s) dict_keys(['example_setup_teardown_taskflow']) retrieved from /home/airflow/.local/lib/python3.8/site-packages/airflow/example_dags/example_setup_teardown_taskflow.py
[2024-10-02T01:51:39.947+0000] {logging_mixin.py:151} INFO - [2024-10-02T01:51:39.947+0000] {dag.py:2915} INFO - Sync 1 DAGs
[2024-10-02T01:51:39.974+0000] {logging_mixin.py:151} INFO - [2024-10-02T01:51:39.974+0000] {dag.py:3696} INFO - Setting next_dagrun for example_setup_teardown_taskflow to 2024-10-01T01:51:39.973286+00:00, run_after=2024-10-02T01:51:39.973286+00:00
[2024-10-02T01:51:40.001+0000] {processor.py:179} INFO - Processing /home/airflow/.local/lib/python3.8/site-packages/airflow/example_dags/example_setup_teardown_taskflow.py took 0.122 seconds
[2024-10-02T01:52:10.368+0000] {processor.py:157} INFO - Started process (PID=409) to work on /home/airflow/.local/lib/python3.8/site-packages/airflow/example_dags/example_setup_teardown_taskflow.py
[2024-10-02T01:52:10.371+0000] {processor.py:829} INFO - Processing file /home/airflow/.local/lib/python3.8/site-packages/airflow/example_dags/example_setup_teardown_taskflow.py for tasks to queue
[2024-10-02T01:52:10.375+0000] {logging_mixin.py:151} INFO - [2024-10-02T01:52:10.375+0000] {dagbag.py:539} INFO - Filling up the DagBag from /home/airflow/.local/lib/python3.8/site-packages/airflow/example_dags/example_setup_teardown_taskflow.py
[2024-10-02T01:52:10.392+0000] {processor.py:839} INFO - DAG(s) dict_keys(['example_setup_teardown_taskflow']) retrieved from /home/airflow/.local/lib/python3.8/site-packages/airflow/example_dags/example_setup_teardown_taskflow.py
[2024-10-02T01:52:10.430+0000] {logging_mixin.py:151} INFO - [2024-10-02T01:52:10.430+0000] {dag.py:2915} INFO - Sync 1 DAGs
[2024-10-02T01:52:10.461+0000] {logging_mixin.py:151} INFO - [2024-10-02T01:52:10.461+0000] {dag.py:3696} INFO - Setting next_dagrun for example_setup_teardown_taskflow to 2024-10-01T01:52:10.459760+00:00, run_after=2024-10-02T01:52:10.459760+00:00
[2024-10-02T01:52:10.487+0000] {processor.py:179} INFO - Processing /home/airflow/.local/lib/python3.8/site-packages/airflow/example_dags/example_setup_teardown_taskflow.py took 0.125 seconds
[2024-10-02T01:52:40.901+0000] {processor.py:157} INFO - Started process (PID=457) to work on /home/airflow/.local/lib/python3.8/site-packages/airflow/example_dags/example_setup_teardown_taskflow.py
[2024-10-02T01:52:40.903+0000] {processor.py:829} INFO - Processing file /home/airflow/.local/lib/python3.8/site-packages/airflow/example_dags/example_setup_teardown_taskflow.py for tasks to queue
[2024-10-02T01:52:40.907+0000] {logging_mixin.py:151} INFO - [2024-10-02T01:52:40.906+0000] {dagbag.py:539} INFO - Filling up the DagBag from /home/airflow/.local/lib/python3.8/site-packages/airflow/example_dags/example_setup_teardown_taskflow.py
[2024-10-02T01:52:40.924+0000] {processor.py:839} INFO - DAG(s) dict_keys(['example_setup_teardown_taskflow']) retrieved from /home/airflow/.local/lib/python3.8/site-packages/airflow/example_dags/example_setup_teardown_taskflow.py
[2024-10-02T01:52:40.960+0000] {logging_mixin.py:151} INFO - [2024-10-02T01:52:40.960+0000] {dag.py:2915} INFO - Sync 1 DAGs
[2024-10-02T01:52:40.990+0000] {logging_mixin.py:151} INFO - [2024-10-02T01:52:40.990+0000] {dag.py:3696} INFO - Setting next_dagrun for example_setup_teardown_taskflow to 2024-10-01T01:52:40.989118+00:00, run_after=2024-10-02T01:52:40.989118+00:00
[2024-10-02T01:52:41.012+0000] {processor.py:179} INFO - Processing /home/airflow/.local/lib/python3.8/site-packages/airflow/example_dags/example_setup_teardown_taskflow.py took 0.116 seconds
[2024-10-02T01:53:12.149+0000] {processor.py:157} INFO - Started process (PID=504) to work on /home/airflow/.local/lib/python3.8/site-packages/airflow/example_dags/example_setup_teardown_taskflow.py
[2024-10-02T01:53:12.152+0000] {processor.py:829} INFO - Processing file /home/airflow/.local/lib/python3.8/site-packages/airflow/example_dags/example_setup_teardown_taskflow.py for tasks to queue
[2024-10-02T01:53:12.157+0000] {logging_mixin.py:151} INFO - [2024-10-02T01:53:12.156+0000] {dagbag.py:539} INFO - Filling up the DagBag from /home/airflow/.local/lib/python3.8/site-packages/airflow/example_dags/example_setup_teardown_taskflow.py
[2024-10-02T01:53:12.180+0000] {processor.py:839} INFO - DAG(s) dict_keys(['example_setup_teardown_taskflow']) retrieved from /home/airflow/.local/lib/python3.8/site-packages/airflow/example_dags/example_setup_teardown_taskflow.py
[2024-10-02T01:53:12.218+0000] {logging_mixin.py:151} INFO - [2024-10-02T01:53:12.218+0000] {dag.py:2915} INFO - Sync 1 DAGs
[2024-10-02T01:53:12.249+0000] {logging_mixin.py:151} INFO - [2024-10-02T01:53:12.249+0000] {dag.py:3696} INFO - Setting next_dagrun for example_setup_teardown_taskflow to 2024-10-01T01:53:12.248480+00:00, run_after=2024-10-02T01:53:12.248480+00:00
[2024-10-02T01:53:12.276+0000] {processor.py:179} INFO - Processing /home/airflow/.local/lib/python3.8/site-packages/airflow/example_dags/example_setup_teardown_taskflow.py took 0.130 seconds
[2024-10-02T01:53:42.601+0000] {processor.py:157} INFO - Started process (PID=552) to work on /home/airflow/.local/lib/python3.8/site-packages/airflow/example_dags/example_setup_teardown_taskflow.py
[2024-10-02T01:53:42.604+0000] {processor.py:829} INFO - Processing file /home/airflow/.local/lib/python3.8/site-packages/airflow/example_dags/example_setup_teardown_taskflow.py for tasks to queue
[2024-10-02T01:53:42.608+0000] {logging_mixin.py:151} INFO - [2024-10-02T01:53:42.607+0000] {dagbag.py:539} INFO - Filling up the DagBag from /home/airflow/.local/lib/python3.8/site-packages/airflow/example_dags/example_setup_teardown_taskflow.py
[2024-10-02T01:53:42.625+0000] {processor.py:839} INFO - DAG(s) dict_keys(['example_setup_teardown_taskflow']) retrieved from /home/airflow/.local/lib/python3.8/site-packages/airflow/example_dags/example_setup_teardown_taskflow.py
[2024-10-02T01:53:42.662+0000] {logging_mixin.py:151} INFO - [2024-10-02T01:53:42.662+0000] {dag.py:2915} INFO - Sync 1 DAGs
[2024-10-02T01:53:42.693+0000] {logging_mixin.py:151} INFO - [2024-10-02T01:53:42.693+0000] {dag.py:3696} INFO - Setting next_dagrun for example_setup_teardown_taskflow to 2024-10-01T01:53:42.692412+00:00, run_after=2024-10-02T01:53:42.692412+00:00
[2024-10-02T01:53:42.723+0000] {processor.py:179} INFO - Processing /home/airflow/.local/lib/python3.8/site-packages/airflow/example_dags/example_setup_teardown_taskflow.py took 0.127 seconds
[2024-10-02T01:57:21.692+0000] {processor.py:157} INFO - Started process (PID=632) to work on /home/airflow/.local/lib/python3.8/site-packages/airflow/example_dags/example_setup_teardown_taskflow.py
[2024-10-02T01:57:21.696+0000] {processor.py:829} INFO - Processing file /home/airflow/.local/lib/python3.8/site-packages/airflow/example_dags/example_setup_teardown_taskflow.py for tasks to queue
[2024-10-02T01:57:21.702+0000] {logging_mixin.py:151} INFO - [2024-10-02T01:57:21.701+0000] {dagbag.py:539} INFO - Filling up the DagBag from /home/airflow/.local/lib/python3.8/site-packages/airflow/example_dags/example_setup_teardown_taskflow.py
[2024-10-02T01:57:21.720+0000] {processor.py:839} INFO - DAG(s) dict_keys(['example_setup_teardown_taskflow']) retrieved from /home/airflow/.local/lib/python3.8/site-packages/airflow/example_dags/example_setup_teardown_taskflow.py
[2024-10-02T01:57:21.762+0000] {logging_mixin.py:151} INFO - [2024-10-02T01:57:21.761+0000] {dag.py:2915} INFO - Sync 1 DAGs
[2024-10-02T01:57:21.790+0000] {logging_mixin.py:151} INFO - [2024-10-02T01:57:21.790+0000] {dag.py:3696} INFO - Setting next_dagrun for example_setup_teardown_taskflow to 2024-10-01T01:57:21.789010+00:00, run_after=2024-10-02T01:57:21.789010+00:00
[2024-10-02T01:57:21.818+0000] {processor.py:179} INFO - Processing /home/airflow/.local/lib/python3.8/site-packages/airflow/example_dags/example_setup_teardown_taskflow.py took 0.130 seconds
[2024-10-02T01:57:53.922+0000] {processor.py:157} INFO - Started process (PID=680) to work on /home/airflow/.local/lib/python3.8/site-packages/airflow/example_dags/example_setup_teardown_taskflow.py
[2024-10-02T01:57:53.925+0000] {processor.py:829} INFO - Processing file /home/airflow/.local/lib/python3.8/site-packages/airflow/example_dags/example_setup_teardown_taskflow.py for tasks to queue
[2024-10-02T01:57:53.931+0000] {logging_mixin.py:151} INFO - [2024-10-02T01:57:53.931+0000] {dagbag.py:539} INFO - Filling up the DagBag from /home/airflow/.local/lib/python3.8/site-packages/airflow/example_dags/example_setup_teardown_taskflow.py
[2024-10-02T01:57:53.949+0000] {processor.py:839} INFO - DAG(s) dict_keys(['example_setup_teardown_taskflow']) retrieved from /home/airflow/.local/lib/python3.8/site-packages/airflow/example_dags/example_setup_teardown_taskflow.py
[2024-10-02T01:57:53.988+0000] {logging_mixin.py:151} INFO - [2024-10-02T01:57:53.987+0000] {dag.py:2915} INFO - Sync 1 DAGs
[2024-10-02T01:57:54.049+0000] {logging_mixin.py:151} INFO - [2024-10-02T01:57:54.049+0000] {dag.py:3696} INFO - Setting next_dagrun for example_setup_teardown_taskflow to 2024-10-01T01:57:54.047857+00:00, run_after=2024-10-02T01:57:54.047857+00:00
[2024-10-02T01:57:54.163+0000] {processor.py:179} INFO - Processing /home/airflow/.local/lib/python3.8/site-packages/airflow/example_dags/example_setup_teardown_taskflow.py took 0.246 seconds
[2024-10-02T01:58:24.416+0000] {processor.py:157} INFO - Started process (PID=728) to work on /home/airflow/.local/lib/python3.8/site-packages/airflow/example_dags/example_setup_teardown_taskflow.py
[2024-10-02T01:58:24.421+0000] {processor.py:829} INFO - Processing file /home/airflow/.local/lib/python3.8/site-packages/airflow/example_dags/example_setup_teardown_taskflow.py for tasks to queue
[2024-10-02T01:58:24.425+0000] {logging_mixin.py:151} INFO - [2024-10-02T01:58:24.425+0000] {dagbag.py:539} INFO - Filling up the DagBag from /home/airflow/.local/lib/python3.8/site-packages/airflow/example_dags/example_setup_teardown_taskflow.py
[2024-10-02T01:58:24.446+0000] {processor.py:839} INFO - DAG(s) dict_keys(['example_setup_teardown_taskflow']) retrieved from /home/airflow/.local/lib/python3.8/site-packages/airflow/example_dags/example_setup_teardown_taskflow.py
[2024-10-02T01:58:24.513+0000] {logging_mixin.py:151} INFO - [2024-10-02T01:58:24.512+0000] {dag.py:2915} INFO - Sync 1 DAGs
[2024-10-02T01:58:24.565+0000] {logging_mixin.py:151} INFO - [2024-10-02T01:58:24.565+0000] {dag.py:3696} INFO - Setting next_dagrun for example_setup_teardown_taskflow to 2024-10-01T01:58:24.562344+00:00, run_after=2024-10-02T01:58:24.562344+00:00
[2024-10-02T01:58:24.597+0000] {processor.py:179} INFO - Processing /home/airflow/.local/lib/python3.8/site-packages/airflow/example_dags/example_setup_teardown_taskflow.py took 0.185 seconds
[2024-10-02T01:58:55.641+0000] {processor.py:157} INFO - Started process (PID=776) to work on /home/airflow/.local/lib/python3.8/site-packages/airflow/example_dags/example_setup_teardown_taskflow.py
[2024-10-02T01:58:55.647+0000] {processor.py:829} INFO - Processing file /home/airflow/.local/lib/python3.8/site-packages/airflow/example_dags/example_setup_teardown_taskflow.py for tasks to queue
[2024-10-02T01:58:55.658+0000] {logging_mixin.py:151} INFO - [2024-10-02T01:58:55.654+0000] {dagbag.py:539} INFO - Filling up the DagBag from /home/airflow/.local/lib/python3.8/site-packages/airflow/example_dags/example_setup_teardown_taskflow.py
[2024-10-02T01:58:55.683+0000] {processor.py:839} INFO - DAG(s) dict_keys(['example_setup_teardown_taskflow']) retrieved from /home/airflow/.local/lib/python3.8/site-packages/airflow/example_dags/example_setup_teardown_taskflow.py
[2024-10-02T01:58:55.732+0000] {logging_mixin.py:151} INFO - [2024-10-02T01:58:55.732+0000] {dag.py:2915} INFO - Sync 1 DAGs
[2024-10-02T01:58:55.763+0000] {logging_mixin.py:151} INFO - [2024-10-02T01:58:55.763+0000] {dag.py:3696} INFO - Setting next_dagrun for example_setup_teardown_taskflow to 2024-10-01T01:58:55.762568+00:00, run_after=2024-10-02T01:58:55.762568+00:00
[2024-10-02T01:58:55.791+0000] {processor.py:179} INFO - Processing /home/airflow/.local/lib/python3.8/site-packages/airflow/example_dags/example_setup_teardown_taskflow.py took 0.159 seconds
[2024-10-02T01:59:26.770+0000] {processor.py:157} INFO - Started process (PID=824) to work on /home/airflow/.local/lib/python3.8/site-packages/airflow/example_dags/example_setup_teardown_taskflow.py
[2024-10-02T01:59:26.780+0000] {processor.py:829} INFO - Processing file /home/airflow/.local/lib/python3.8/site-packages/airflow/example_dags/example_setup_teardown_taskflow.py for tasks to queue
[2024-10-02T01:59:26.791+0000] {logging_mixin.py:151} INFO - [2024-10-02T01:59:26.790+0000] {dagbag.py:539} INFO - Filling up the DagBag from /home/airflow/.local/lib/python3.8/site-packages/airflow/example_dags/example_setup_teardown_taskflow.py
[2024-10-02T01:59:26.834+0000] {processor.py:839} INFO - DAG(s) dict_keys(['example_setup_teardown_taskflow']) retrieved from /home/airflow/.local/lib/python3.8/site-packages/airflow/example_dags/example_setup_teardown_taskflow.py
[2024-10-02T01:59:26.905+0000] {logging_mixin.py:151} INFO - [2024-10-02T01:59:26.904+0000] {dag.py:2915} INFO - Sync 1 DAGs
[2024-10-02T01:59:26.961+0000] {logging_mixin.py:151} INFO - [2024-10-02T01:59:26.961+0000] {dag.py:3696} INFO - Setting next_dagrun for example_setup_teardown_taskflow to 2024-10-01T01:59:26.960456+00:00, run_after=2024-10-02T01:59:26.960456+00:00
[2024-10-02T01:59:27.070+0000] {processor.py:179} INFO - Processing /home/airflow/.local/lib/python3.8/site-packages/airflow/example_dags/example_setup_teardown_taskflow.py took 0.306 seconds
[2024-10-02T01:59:57.178+0000] {processor.py:157} INFO - Started process (PID=871) to work on /home/airflow/.local/lib/python3.8/site-packages/airflow/example_dags/example_setup_teardown_taskflow.py
[2024-10-02T01:59:57.181+0000] {processor.py:829} INFO - Processing file /home/airflow/.local/lib/python3.8/site-packages/airflow/example_dags/example_setup_teardown_taskflow.py for tasks to queue
[2024-10-02T01:59:57.185+0000] {logging_mixin.py:151} INFO - [2024-10-02T01:59:57.185+0000] {dagbag.py:539} INFO - Filling up the DagBag from /home/airflow/.local/lib/python3.8/site-packages/airflow/example_dags/example_setup_teardown_taskflow.py
[2024-10-02T01:59:57.203+0000] {processor.py:839} INFO - DAG(s) dict_keys(['example_setup_teardown_taskflow']) retrieved from /home/airflow/.local/lib/python3.8/site-packages/airflow/example_dags/example_setup_teardown_taskflow.py
[2024-10-02T01:59:57.242+0000] {logging_mixin.py:151} INFO - [2024-10-02T01:59:57.242+0000] {dag.py:2915} INFO - Sync 1 DAGs
[2024-10-02T01:59:57.274+0000] {logging_mixin.py:151} INFO - [2024-10-02T01:59:57.273+0000] {dag.py:3696} INFO - Setting next_dagrun for example_setup_teardown_taskflow to 2024-10-01T01:59:57.272854+00:00, run_after=2024-10-02T01:59:57.272854+00:00
[2024-10-02T01:59:57.297+0000] {processor.py:179} INFO - Processing /home/airflow/.local/lib/python3.8/site-packages/airflow/example_dags/example_setup_teardown_taskflow.py took 0.123 seconds
[2024-10-02T02:00:27.905+0000] {processor.py:157} INFO - Started process (PID=919) to work on /home/airflow/.local/lib/python3.8/site-packages/airflow/example_dags/example_setup_teardown_taskflow.py
[2024-10-02T02:00:27.909+0000] {processor.py:829} INFO - Processing file /home/airflow/.local/lib/python3.8/site-packages/airflow/example_dags/example_setup_teardown_taskflow.py for tasks to queue
[2024-10-02T02:00:27.914+0000] {logging_mixin.py:151} INFO - [2024-10-02T02:00:27.914+0000] {dagbag.py:539} INFO - Filling up the DagBag from /home/airflow/.local/lib/python3.8/site-packages/airflow/example_dags/example_setup_teardown_taskflow.py
[2024-10-02T02:00:27.999+0000] {processor.py:839} INFO - DAG(s) dict_keys(['example_setup_teardown_taskflow']) retrieved from /home/airflow/.local/lib/python3.8/site-packages/airflow/example_dags/example_setup_teardown_taskflow.py
[2024-10-02T02:00:28.093+0000] {logging_mixin.py:151} INFO - [2024-10-02T02:00:28.093+0000] {dag.py:2915} INFO - Sync 1 DAGs
[2024-10-02T02:00:28.121+0000] {logging_mixin.py:151} INFO - [2024-10-02T02:00:28.120+0000] {dag.py:3696} INFO - Setting next_dagrun for example_setup_teardown_taskflow to 2024-10-01T02:00:28.119832+00:00, run_after=2024-10-02T02:00:28.119832+00:00
[2024-10-02T02:00:28.164+0000] {processor.py:179} INFO - Processing /home/airflow/.local/lib/python3.8/site-packages/airflow/example_dags/example_setup_teardown_taskflow.py took 0.264 seconds
[2024-10-02T02:00:58.585+0000] {processor.py:157} INFO - Started process (PID=967) to work on /home/airflow/.local/lib/python3.8/site-packages/airflow/example_dags/example_setup_teardown_taskflow.py
[2024-10-02T02:00:58.590+0000] {processor.py:829} INFO - Processing file /home/airflow/.local/lib/python3.8/site-packages/airflow/example_dags/example_setup_teardown_taskflow.py for tasks to queue
[2024-10-02T02:00:58.599+0000] {logging_mixin.py:151} INFO - [2024-10-02T02:00:58.598+0000] {dagbag.py:539} INFO - Filling up the DagBag from /home/airflow/.local/lib/python3.8/site-packages/airflow/example_dags/example_setup_teardown_taskflow.py
[2024-10-02T02:00:58.628+0000] {processor.py:839} INFO - DAG(s) dict_keys(['example_setup_teardown_taskflow']) retrieved from /home/airflow/.local/lib/python3.8/site-packages/airflow/example_dags/example_setup_teardown_taskflow.py
[2024-10-02T02:00:58.668+0000] {logging_mixin.py:151} INFO - [2024-10-02T02:00:58.668+0000] {dag.py:2915} INFO - Sync 1 DAGs
[2024-10-02T02:00:58.702+0000] {logging_mixin.py:151} INFO - [2024-10-02T02:00:58.702+0000] {dag.py:3696} INFO - Setting next_dagrun for example_setup_teardown_taskflow to 2024-10-01T02:00:58.701201+00:00, run_after=2024-10-02T02:00:58.701201+00:00
[2024-10-02T02:00:58.734+0000] {processor.py:179} INFO - Processing /home/airflow/.local/lib/python3.8/site-packages/airflow/example_dags/example_setup_teardown_taskflow.py took 0.153 seconds
[2024-10-02T02:03:28.819+0000] {processor.py:157} INFO - Started process (PID=72) to work on /home/airflow/.local/lib/python3.8/site-packages/airflow/example_dags/example_setup_teardown_taskflow.py
[2024-10-02T02:03:28.824+0000] {processor.py:829} INFO - Processing file /home/airflow/.local/lib/python3.8/site-packages/airflow/example_dags/example_setup_teardown_taskflow.py for tasks to queue
[2024-10-02T02:03:28.834+0000] {logging_mixin.py:151} INFO - [2024-10-02T02:03:28.833+0000] {dagbag.py:539} INFO - Filling up the DagBag from /home/airflow/.local/lib/python3.8/site-packages/airflow/example_dags/example_setup_teardown_taskflow.py
[2024-10-02T02:03:28.870+0000] {processor.py:839} INFO - DAG(s) dict_keys(['example_setup_teardown_taskflow']) retrieved from /home/airflow/.local/lib/python3.8/site-packages/airflow/example_dags/example_setup_teardown_taskflow.py
[2024-10-02T02:03:29.090+0000] {logging_mixin.py:151} INFO - [2024-10-02T02:03:29.089+0000] {manager.py:499} INFO - Created Permission View: %s
[2024-10-02T02:03:29.130+0000] {logging_mixin.py:151} INFO - [2024-10-02T02:03:29.129+0000] {manager.py:499} INFO - Created Permission View: %s
[2024-10-02T02:03:29.160+0000] {logging_mixin.py:151} INFO - [2024-10-02T02:03:29.160+0000] {manager.py:499} INFO - Created Permission View: %s
[2024-10-02T02:03:29.164+0000] {logging_mixin.py:151} INFO - [2024-10-02T02:03:29.163+0000] {security.py:708} INFO - Not syncing DAG-level permissions for DAG 'DAG:example_setup_teardown_taskflow' as access control is unset.
[2024-10-02T02:03:29.167+0000] {logging_mixin.py:151} INFO - [2024-10-02T02:03:29.167+0000] {dag.py:2915} INFO - Sync 1 DAGs
[2024-10-02T02:03:29.214+0000] {logging_mixin.py:151} INFO - [2024-10-02T02:03:29.213+0000] {dag.py:2937} INFO - Creating ORM DAG for example_setup_teardown_taskflow
[2024-10-02T02:03:29.232+0000] {logging_mixin.py:151} INFO - [2024-10-02T02:03:29.231+0000] {dag.py:3696} INFO - Setting next_dagrun for example_setup_teardown_taskflow to 2024-10-01T02:03:29.230561+00:00, run_after=2024-10-02T02:03:29.230561+00:00
[2024-10-02T02:03:29.265+0000] {processor.py:179} INFO - Processing /home/airflow/.local/lib/python3.8/site-packages/airflow/example_dags/example_setup_teardown_taskflow.py took 0.449 seconds
[2024-10-02T02:06:26.468+0000] {processor.py:157} INFO - Started process (PID=72) to work on /home/airflow/.local/lib/python3.8/site-packages/airflow/example_dags/example_setup_teardown_taskflow.py
[2024-10-02T02:06:26.479+0000] {processor.py:829} INFO - Processing file /home/airflow/.local/lib/python3.8/site-packages/airflow/example_dags/example_setup_teardown_taskflow.py for tasks to queue
[2024-10-02T02:06:26.485+0000] {logging_mixin.py:151} INFO - [2024-10-02T02:06:26.484+0000] {dagbag.py:539} INFO - Filling up the DagBag from /home/airflow/.local/lib/python3.8/site-packages/airflow/example_dags/example_setup_teardown_taskflow.py
[2024-10-02T02:06:26.505+0000] {processor.py:839} INFO - DAG(s) dict_keys(['example_setup_teardown_taskflow']) retrieved from /home/airflow/.local/lib/python3.8/site-packages/airflow/example_dags/example_setup_teardown_taskflow.py
[2024-10-02T02:06:26.775+0000] {logging_mixin.py:151} INFO - [2024-10-02T02:06:26.775+0000] {manager.py:499} INFO - Created Permission View: %s
[2024-10-02T02:06:26.794+0000] {logging_mixin.py:151} INFO - [2024-10-02T02:06:26.794+0000] {manager.py:499} INFO - Created Permission View: %s
[2024-10-02T02:06:26.838+0000] {logging_mixin.py:151} INFO - [2024-10-02T02:06:26.838+0000] {manager.py:499} INFO - Created Permission View: %s
[2024-10-02T02:06:26.845+0000] {logging_mixin.py:151} INFO - [2024-10-02T02:06:26.844+0000] {security.py:708} INFO - Not syncing DAG-level permissions for DAG 'DAG:example_setup_teardown_taskflow' as access control is unset.
[2024-10-02T02:06:26.848+0000] {logging_mixin.py:151} INFO - [2024-10-02T02:06:26.847+0000] {dag.py:2915} INFO - Sync 1 DAGs
[2024-10-02T02:06:26.866+0000] {logging_mixin.py:151} INFO - [2024-10-02T02:06:26.865+0000] {dag.py:2937} INFO - Creating ORM DAG for example_setup_teardown_taskflow
[2024-10-02T02:06:26.907+0000] {logging_mixin.py:151} INFO - [2024-10-02T02:06:26.907+0000] {dag.py:3696} INFO - Setting next_dagrun for example_setup_teardown_taskflow to 2024-10-01T02:06:26.906439+00:00, run_after=2024-10-02T02:06:26.906439+00:00
[2024-10-02T02:06:26.978+0000] {processor.py:179} INFO - Processing /home/airflow/.local/lib/python3.8/site-packages/airflow/example_dags/example_setup_teardown_taskflow.py took 0.514 seconds
[2024-10-02T02:06:57.109+0000] {processor.py:157} INFO - Started process (PID=122) to work on /home/airflow/.local/lib/python3.8/site-packages/airflow/example_dags/example_setup_teardown_taskflow.py
[2024-10-02T02:06:57.111+0000] {processor.py:829} INFO - Processing file /home/airflow/.local/lib/python3.8/site-packages/airflow/example_dags/example_setup_teardown_taskflow.py for tasks to queue
[2024-10-02T02:06:57.117+0000] {logging_mixin.py:151} INFO - [2024-10-02T02:06:57.117+0000] {dagbag.py:539} INFO - Filling up the DagBag from /home/airflow/.local/lib/python3.8/site-packages/airflow/example_dags/example_setup_teardown_taskflow.py
[2024-10-02T02:06:57.135+0000] {processor.py:839} INFO - DAG(s) dict_keys(['example_setup_teardown_taskflow']) retrieved from /home/airflow/.local/lib/python3.8/site-packages/airflow/example_dags/example_setup_teardown_taskflow.py
[2024-10-02T02:06:57.166+0000] {logging_mixin.py:151} INFO - [2024-10-02T02:06:57.166+0000] {dag.py:2915} INFO - Sync 1 DAGs
[2024-10-02T02:06:57.191+0000] {logging_mixin.py:151} INFO - [2024-10-02T02:06:57.191+0000] {dag.py:3696} INFO - Setting next_dagrun for example_setup_teardown_taskflow to 2024-10-01T02:06:57.190667+00:00, run_after=2024-10-02T02:06:57.190667+00:00
[2024-10-02T02:06:57.213+0000] {processor.py:179} INFO - Processing /home/airflow/.local/lib/python3.8/site-packages/airflow/example_dags/example_setup_teardown_taskflow.py took 0.108 seconds
[2024-10-02T02:07:27.768+0000] {processor.py:157} INFO - Started process (PID=168) to work on /home/airflow/.local/lib/python3.8/site-packages/airflow/example_dags/example_setup_teardown_taskflow.py
[2024-10-02T02:07:27.775+0000] {processor.py:829} INFO - Processing file /home/airflow/.local/lib/python3.8/site-packages/airflow/example_dags/example_setup_teardown_taskflow.py for tasks to queue
[2024-10-02T02:07:27.784+0000] {logging_mixin.py:151} INFO - [2024-10-02T02:07:27.784+0000] {dagbag.py:539} INFO - Filling up the DagBag from /home/airflow/.local/lib/python3.8/site-packages/airflow/example_dags/example_setup_teardown_taskflow.py
[2024-10-02T02:07:27.804+0000] {processor.py:839} INFO - DAG(s) dict_keys(['example_setup_teardown_taskflow']) retrieved from /home/airflow/.local/lib/python3.8/site-packages/airflow/example_dags/example_setup_teardown_taskflow.py
[2024-10-02T02:07:27.844+0000] {logging_mixin.py:151} INFO - [2024-10-02T02:07:27.843+0000] {dag.py:2915} INFO - Sync 1 DAGs
[2024-10-02T02:07:27.875+0000] {logging_mixin.py:151} INFO - [2024-10-02T02:07:27.875+0000] {dag.py:3696} INFO - Setting next_dagrun for example_setup_teardown_taskflow to 2024-10-01T02:07:27.874529+00:00, run_after=2024-10-02T02:07:27.874529+00:00
[2024-10-02T02:07:27.902+0000] {processor.py:179} INFO - Processing /home/airflow/.local/lib/python3.8/site-packages/airflow/example_dags/example_setup_teardown_taskflow.py took 0.139 seconds
[2024-10-02T02:07:58.753+0000] {processor.py:157} INFO - Started process (PID=216) to work on /home/airflow/.local/lib/python3.8/site-packages/airflow/example_dags/example_setup_teardown_taskflow.py
[2024-10-02T02:07:58.756+0000] {processor.py:829} INFO - Processing file /home/airflow/.local/lib/python3.8/site-packages/airflow/example_dags/example_setup_teardown_taskflow.py for tasks to queue
[2024-10-02T02:07:58.761+0000] {logging_mixin.py:151} INFO - [2024-10-02T02:07:58.760+0000] {dagbag.py:539} INFO - Filling up the DagBag from /home/airflow/.local/lib/python3.8/site-packages/airflow/example_dags/example_setup_teardown_taskflow.py
[2024-10-02T02:07:58.780+0000] {processor.py:839} INFO - DAG(s) dict_keys(['example_setup_teardown_taskflow']) retrieved from /home/airflow/.local/lib/python3.8/site-packages/airflow/example_dags/example_setup_teardown_taskflow.py
[2024-10-02T02:07:58.816+0000] {logging_mixin.py:151} INFO - [2024-10-02T02:07:58.815+0000] {dag.py:2915} INFO - Sync 1 DAGs
[2024-10-02T02:07:58.854+0000] {logging_mixin.py:151} INFO - [2024-10-02T02:07:58.853+0000] {dag.py:3696} INFO - Setting next_dagrun for example_setup_teardown_taskflow to 2024-10-01T02:07:58.852096+00:00, run_after=2024-10-02T02:07:58.852096+00:00
[2024-10-02T02:07:58.881+0000] {processor.py:179} INFO - Processing /home/airflow/.local/lib/python3.8/site-packages/airflow/example_dags/example_setup_teardown_taskflow.py took 0.132 seconds
[2024-10-02T02:08:29.077+0000] {processor.py:157} INFO - Started process (PID=265) to work on /home/airflow/.local/lib/python3.8/site-packages/airflow/example_dags/example_setup_teardown_taskflow.py
[2024-10-02T02:08:29.080+0000] {processor.py:829} INFO - Processing file /home/airflow/.local/lib/python3.8/site-packages/airflow/example_dags/example_setup_teardown_taskflow.py for tasks to queue
[2024-10-02T02:08:29.091+0000] {logging_mixin.py:151} INFO - [2024-10-02T02:08:29.089+0000] {dagbag.py:539} INFO - Filling up the DagBag from /home/airflow/.local/lib/python3.8/site-packages/airflow/example_dags/example_setup_teardown_taskflow.py
[2024-10-02T02:08:29.125+0000] {processor.py:839} INFO - DAG(s) dict_keys(['example_setup_teardown_taskflow']) retrieved from /home/airflow/.local/lib/python3.8/site-packages/airflow/example_dags/example_setup_teardown_taskflow.py
[2024-10-02T02:08:29.168+0000] {logging_mixin.py:151} INFO - [2024-10-02T02:08:29.168+0000] {dag.py:2915} INFO - Sync 1 DAGs
[2024-10-02T02:08:29.199+0000] {logging_mixin.py:151} INFO - [2024-10-02T02:08:29.198+0000] {dag.py:3696} INFO - Setting next_dagrun for example_setup_teardown_taskflow to 2024-10-01T02:08:29.197291+00:00, run_after=2024-10-02T02:08:29.197291+00:00
[2024-10-02T02:08:29.231+0000] {processor.py:179} INFO - Processing /home/airflow/.local/lib/python3.8/site-packages/airflow/example_dags/example_setup_teardown_taskflow.py took 0.160 seconds
[2024-10-02T02:08:59.567+0000] {processor.py:157} INFO - Started process (PID=312) to work on /home/airflow/.local/lib/python3.8/site-packages/airflow/example_dags/example_setup_teardown_taskflow.py
[2024-10-02T02:08:59.569+0000] {processor.py:829} INFO - Processing file /home/airflow/.local/lib/python3.8/site-packages/airflow/example_dags/example_setup_teardown_taskflow.py for tasks to queue
[2024-10-02T02:08:59.576+0000] {logging_mixin.py:151} INFO - [2024-10-02T02:08:59.576+0000] {dagbag.py:539} INFO - Filling up the DagBag from /home/airflow/.local/lib/python3.8/site-packages/airflow/example_dags/example_setup_teardown_taskflow.py
[2024-10-02T02:08:59.607+0000] {processor.py:839} INFO - DAG(s) dict_keys(['example_setup_teardown_taskflow']) retrieved from /home/airflow/.local/lib/python3.8/site-packages/airflow/example_dags/example_setup_teardown_taskflow.py
[2024-10-02T02:08:59.679+0000] {logging_mixin.py:151} INFO - [2024-10-02T02:08:59.679+0000] {dag.py:2915} INFO - Sync 1 DAGs
[2024-10-02T02:08:59.716+0000] {logging_mixin.py:151} INFO - [2024-10-02T02:08:59.713+0000] {dag.py:3696} INFO - Setting next_dagrun for example_setup_teardown_taskflow to 2024-10-01T02:08:59.712730+00:00, run_after=2024-10-02T02:08:59.712730+00:00
[2024-10-02T02:08:59.816+0000] {processor.py:179} INFO - Processing /home/airflow/.local/lib/python3.8/site-packages/airflow/example_dags/example_setup_teardown_taskflow.py took 0.254 seconds
[2024-10-02T02:09:30.293+0000] {processor.py:157} INFO - Started process (PID=360) to work on /home/airflow/.local/lib/python3.8/site-packages/airflow/example_dags/example_setup_teardown_taskflow.py
[2024-10-02T02:09:30.297+0000] {processor.py:829} INFO - Processing file /home/airflow/.local/lib/python3.8/site-packages/airflow/example_dags/example_setup_teardown_taskflow.py for tasks to queue
[2024-10-02T02:09:30.302+0000] {logging_mixin.py:151} INFO - [2024-10-02T02:09:30.301+0000] {dagbag.py:539} INFO - Filling up the DagBag from /home/airflow/.local/lib/python3.8/site-packages/airflow/example_dags/example_setup_teardown_taskflow.py
[2024-10-02T02:09:30.319+0000] {processor.py:839} INFO - DAG(s) dict_keys(['example_setup_teardown_taskflow']) retrieved from /home/airflow/.local/lib/python3.8/site-packages/airflow/example_dags/example_setup_teardown_taskflow.py
[2024-10-02T02:09:30.356+0000] {logging_mixin.py:151} INFO - [2024-10-02T02:09:30.355+0000] {dag.py:2915} INFO - Sync 1 DAGs
[2024-10-02T02:09:30.442+0000] {logging_mixin.py:151} INFO - [2024-10-02T02:09:30.441+0000] {dag.py:3696} INFO - Setting next_dagrun for example_setup_teardown_taskflow to 2024-10-01T02:09:30.439749+00:00, run_after=2024-10-02T02:09:30.439749+00:00
[2024-10-02T02:09:30.486+0000] {processor.py:179} INFO - Processing /home/airflow/.local/lib/python3.8/site-packages/airflow/example_dags/example_setup_teardown_taskflow.py took 0.196 seconds
[2024-10-02T02:10:01.221+0000] {processor.py:157} INFO - Started process (PID=408) to work on /home/airflow/.local/lib/python3.8/site-packages/airflow/example_dags/example_setup_teardown_taskflow.py
[2024-10-02T02:10:01.225+0000] {processor.py:829} INFO - Processing file /home/airflow/.local/lib/python3.8/site-packages/airflow/example_dags/example_setup_teardown_taskflow.py for tasks to queue
[2024-10-02T02:10:01.230+0000] {logging_mixin.py:151} INFO - [2024-10-02T02:10:01.229+0000] {dagbag.py:539} INFO - Filling up the DagBag from /home/airflow/.local/lib/python3.8/site-packages/airflow/example_dags/example_setup_teardown_taskflow.py
[2024-10-02T02:10:01.249+0000] {processor.py:839} INFO - DAG(s) dict_keys(['example_setup_teardown_taskflow']) retrieved from /home/airflow/.local/lib/python3.8/site-packages/airflow/example_dags/example_setup_teardown_taskflow.py
[2024-10-02T02:10:01.287+0000] {logging_mixin.py:151} INFO - [2024-10-02T02:10:01.287+0000] {dag.py:2915} INFO - Sync 1 DAGs
[2024-10-02T02:10:01.338+0000] {logging_mixin.py:151} INFO - [2024-10-02T02:10:01.337+0000] {dag.py:3696} INFO - Setting next_dagrun for example_setup_teardown_taskflow to 2024-10-01T02:10:01.334820+00:00, run_after=2024-10-02T02:10:01.334820+00:00
[2024-10-02T02:10:01.409+0000] {processor.py:179} INFO - Processing /home/airflow/.local/lib/python3.8/site-packages/airflow/example_dags/example_setup_teardown_taskflow.py took 0.192 seconds
