[2024-10-02T01:32:10.585+0000] {processor.py:157} INFO - Started process (PID=44) to work on /home/airflow/.local/lib/python3.8/site-packages/airflow/example_dags/example_dynamic_task_mapping_with_no_taskflow_operators.py
[2024-10-02T01:32:10.590+0000] {processor.py:829} INFO - Processing file /home/airflow/.local/lib/python3.8/site-packages/airflow/example_dags/example_dynamic_task_mapping_with_no_taskflow_operators.py for tasks to queue
[2024-10-02T01:32:10.600+0000] {logging_mixin.py:151} INFO - [2024-10-02T01:32:10.599+0000] {dagbag.py:539} INFO - Filling up the DagBag from /home/airflow/.local/lib/python3.8/site-packages/airflow/example_dags/example_dynamic_task_mapping_with_no_taskflow_operators.py
[2024-10-02T01:32:10.655+0000] {processor.py:839} INFO - DAG(s) dict_keys(['example_dynamic_task_mapping_with_no_taskflow_operators']) retrieved from /home/airflow/.local/lib/python3.8/site-packages/airflow/example_dags/example_dynamic_task_mapping_with_no_taskflow_operators.py
[2024-10-02T01:32:10.934+0000] {logging_mixin.py:151} INFO - [2024-10-02T01:32:10.934+0000] {manager.py:499} INFO - Created Permission View: %s
[2024-10-02T01:32:10.963+0000] {logging_mixin.py:151} INFO - [2024-10-02T01:32:10.963+0000] {manager.py:499} INFO - Created Permission View: %s
[2024-10-02T01:32:10.974+0000] {logging_mixin.py:151} INFO - [2024-10-02T01:32:10.973+0000] {manager.py:499} INFO - Created Permission View: %s
[2024-10-02T01:32:10.976+0000] {logging_mixin.py:151} INFO - [2024-10-02T01:32:10.976+0000] {security.py:708} INFO - Not syncing DAG-level permissions for DAG 'DAG:example_dynamic_task_mapping_with_no_taskflow_operators' as access control is unset.
[2024-10-02T01:32:10.981+0000] {logging_mixin.py:151} INFO - [2024-10-02T01:32:10.981+0000] {dag.py:2915} INFO - Sync 1 DAGs
[2024-10-02T01:32:11.005+0000] {logging_mixin.py:151} INFO - [2024-10-02T01:32:11.005+0000] {dag.py:2937} INFO - Creating ORM DAG for example_dynamic_task_mapping_with_no_taskflow_operators
[2024-10-02T01:32:11.032+0000] {logging_mixin.py:151} INFO - [2024-10-02T01:32:11.031+0000] {dag.py:3696} INFO - Setting next_dagrun for example_dynamic_task_mapping_with_no_taskflow_operators to 2024-10-01T01:32:11.030023+00:00, run_after=2024-10-02T01:32:11.030023+00:00
[2024-10-02T01:32:11.073+0000] {processor.py:179} INFO - Processing /home/airflow/.local/lib/python3.8/site-packages/airflow/example_dags/example_dynamic_task_mapping_with_no_taskflow_operators.py took 0.496 seconds
[2024-10-02T01:32:41.687+0000] {processor.py:157} INFO - Started process (PID=92) to work on /home/airflow/.local/lib/python3.8/site-packages/airflow/example_dags/example_dynamic_task_mapping_with_no_taskflow_operators.py
[2024-10-02T01:32:41.689+0000] {processor.py:829} INFO - Processing file /home/airflow/.local/lib/python3.8/site-packages/airflow/example_dags/example_dynamic_task_mapping_with_no_taskflow_operators.py for tasks to queue
[2024-10-02T01:32:41.694+0000] {logging_mixin.py:151} INFO - [2024-10-02T01:32:41.693+0000] {dagbag.py:539} INFO - Filling up the DagBag from /home/airflow/.local/lib/python3.8/site-packages/airflow/example_dags/example_dynamic_task_mapping_with_no_taskflow_operators.py
[2024-10-02T01:32:41.715+0000] {processor.py:839} INFO - DAG(s) dict_keys(['example_dynamic_task_mapping_with_no_taskflow_operators']) retrieved from /home/airflow/.local/lib/python3.8/site-packages/airflow/example_dags/example_dynamic_task_mapping_with_no_taskflow_operators.py
[2024-10-02T01:32:41.754+0000] {logging_mixin.py:151} INFO - [2024-10-02T01:32:41.754+0000] {dag.py:2915} INFO - Sync 1 DAGs
[2024-10-02T01:32:41.778+0000] {logging_mixin.py:151} INFO - [2024-10-02T01:32:41.777+0000] {dag.py:3696} INFO - Setting next_dagrun for example_dynamic_task_mapping_with_no_taskflow_operators to 2024-10-01T01:32:41.777092+00:00, run_after=2024-10-02T01:32:41.777092+00:00
[2024-10-02T01:32:41.798+0000] {processor.py:179} INFO - Processing /home/airflow/.local/lib/python3.8/site-packages/airflow/example_dags/example_dynamic_task_mapping_with_no_taskflow_operators.py took 0.116 seconds
[2024-10-02T01:33:12.646+0000] {processor.py:157} INFO - Started process (PID=140) to work on /home/airflow/.local/lib/python3.8/site-packages/airflow/example_dags/example_dynamic_task_mapping_with_no_taskflow_operators.py
[2024-10-02T01:33:12.652+0000] {processor.py:829} INFO - Processing file /home/airflow/.local/lib/python3.8/site-packages/airflow/example_dags/example_dynamic_task_mapping_with_no_taskflow_operators.py for tasks to queue
[2024-10-02T01:33:12.656+0000] {logging_mixin.py:151} INFO - [2024-10-02T01:33:12.655+0000] {dagbag.py:539} INFO - Filling up the DagBag from /home/airflow/.local/lib/python3.8/site-packages/airflow/example_dags/example_dynamic_task_mapping_with_no_taskflow_operators.py
[2024-10-02T01:33:12.670+0000] {processor.py:839} INFO - DAG(s) dict_keys(['example_dynamic_task_mapping_with_no_taskflow_operators']) retrieved from /home/airflow/.local/lib/python3.8/site-packages/airflow/example_dags/example_dynamic_task_mapping_with_no_taskflow_operators.py
[2024-10-02T01:33:12.705+0000] {logging_mixin.py:151} INFO - [2024-10-02T01:33:12.704+0000] {dag.py:2915} INFO - Sync 1 DAGs
[2024-10-02T01:33:12.753+0000] {logging_mixin.py:151} INFO - [2024-10-02T01:33:12.753+0000] {dag.py:3696} INFO - Setting next_dagrun for example_dynamic_task_mapping_with_no_taskflow_operators to 2024-10-01T01:33:12.751979+00:00, run_after=2024-10-02T01:33:12.751979+00:00
[2024-10-02T01:33:12.781+0000] {processor.py:179} INFO - Processing /home/airflow/.local/lib/python3.8/site-packages/airflow/example_dags/example_dynamic_task_mapping_with_no_taskflow_operators.py took 0.140 seconds
[2024-10-02T01:33:42.988+0000] {processor.py:157} INFO - Started process (PID=188) to work on /home/airflow/.local/lib/python3.8/site-packages/airflow/example_dags/example_dynamic_task_mapping_with_no_taskflow_operators.py
[2024-10-02T01:33:42.991+0000] {processor.py:829} INFO - Processing file /home/airflow/.local/lib/python3.8/site-packages/airflow/example_dags/example_dynamic_task_mapping_with_no_taskflow_operators.py for tasks to queue
[2024-10-02T01:33:42.997+0000] {logging_mixin.py:151} INFO - [2024-10-02T01:33:42.996+0000] {dagbag.py:539} INFO - Filling up the DagBag from /home/airflow/.local/lib/python3.8/site-packages/airflow/example_dags/example_dynamic_task_mapping_with_no_taskflow_operators.py
[2024-10-02T01:33:43.018+0000] {processor.py:839} INFO - DAG(s) dict_keys(['example_dynamic_task_mapping_with_no_taskflow_operators']) retrieved from /home/airflow/.local/lib/python3.8/site-packages/airflow/example_dags/example_dynamic_task_mapping_with_no_taskflow_operators.py
[2024-10-02T01:33:43.064+0000] {logging_mixin.py:151} INFO - [2024-10-02T01:33:43.064+0000] {dag.py:2915} INFO - Sync 1 DAGs
[2024-10-02T01:33:43.108+0000] {logging_mixin.py:151} INFO - [2024-10-02T01:33:43.107+0000] {dag.py:3696} INFO - Setting next_dagrun for example_dynamic_task_mapping_with_no_taskflow_operators to 2024-10-01T01:33:43.105776+00:00, run_after=2024-10-02T01:33:43.105776+00:00
[2024-10-02T01:33:43.144+0000] {processor.py:179} INFO - Processing /home/airflow/.local/lib/python3.8/site-packages/airflow/example_dags/example_dynamic_task_mapping_with_no_taskflow_operators.py took 0.163 seconds
[2024-10-02T01:34:13.729+0000] {processor.py:157} INFO - Started process (PID=236) to work on /home/airflow/.local/lib/python3.8/site-packages/airflow/example_dags/example_dynamic_task_mapping_with_no_taskflow_operators.py
[2024-10-02T01:34:13.731+0000] {processor.py:829} INFO - Processing file /home/airflow/.local/lib/python3.8/site-packages/airflow/example_dags/example_dynamic_task_mapping_with_no_taskflow_operators.py for tasks to queue
[2024-10-02T01:34:13.737+0000] {logging_mixin.py:151} INFO - [2024-10-02T01:34:13.736+0000] {dagbag.py:539} INFO - Filling up the DagBag from /home/airflow/.local/lib/python3.8/site-packages/airflow/example_dags/example_dynamic_task_mapping_with_no_taskflow_operators.py
[2024-10-02T01:34:13.750+0000] {processor.py:839} INFO - DAG(s) dict_keys(['example_dynamic_task_mapping_with_no_taskflow_operators']) retrieved from /home/airflow/.local/lib/python3.8/site-packages/airflow/example_dags/example_dynamic_task_mapping_with_no_taskflow_operators.py
[2024-10-02T01:34:13.795+0000] {logging_mixin.py:151} INFO - [2024-10-02T01:34:13.795+0000] {dag.py:2915} INFO - Sync 1 DAGs
[2024-10-02T01:34:13.830+0000] {logging_mixin.py:151} INFO - [2024-10-02T01:34:13.829+0000] {dag.py:3696} INFO - Setting next_dagrun for example_dynamic_task_mapping_with_no_taskflow_operators to 2024-10-01T01:34:13.828481+00:00, run_after=2024-10-02T01:34:13.828481+00:00
[2024-10-02T01:34:13.859+0000] {processor.py:179} INFO - Processing /home/airflow/.local/lib/python3.8/site-packages/airflow/example_dags/example_dynamic_task_mapping_with_no_taskflow_operators.py took 0.136 seconds
[2024-10-02T01:34:44.445+0000] {processor.py:157} INFO - Started process (PID=284) to work on /home/airflow/.local/lib/python3.8/site-packages/airflow/example_dags/example_dynamic_task_mapping_with_no_taskflow_operators.py
[2024-10-02T01:34:44.447+0000] {processor.py:829} INFO - Processing file /home/airflow/.local/lib/python3.8/site-packages/airflow/example_dags/example_dynamic_task_mapping_with_no_taskflow_operators.py for tasks to queue
[2024-10-02T01:34:44.452+0000] {logging_mixin.py:151} INFO - [2024-10-02T01:34:44.451+0000] {dagbag.py:539} INFO - Filling up the DagBag from /home/airflow/.local/lib/python3.8/site-packages/airflow/example_dags/example_dynamic_task_mapping_with_no_taskflow_operators.py
[2024-10-02T01:34:44.468+0000] {processor.py:839} INFO - DAG(s) dict_keys(['example_dynamic_task_mapping_with_no_taskflow_operators']) retrieved from /home/airflow/.local/lib/python3.8/site-packages/airflow/example_dags/example_dynamic_task_mapping_with_no_taskflow_operators.py
[2024-10-02T01:34:44.503+0000] {logging_mixin.py:151} INFO - [2024-10-02T01:34:44.503+0000] {dag.py:2915} INFO - Sync 1 DAGs
[2024-10-02T01:34:44.534+0000] {logging_mixin.py:151} INFO - [2024-10-02T01:34:44.533+0000] {dag.py:3696} INFO - Setting next_dagrun for example_dynamic_task_mapping_with_no_taskflow_operators to 2024-10-01T01:34:44.532651+00:00, run_after=2024-10-02T01:34:44.532651+00:00
[2024-10-02T01:34:44.562+0000] {processor.py:179} INFO - Processing /home/airflow/.local/lib/python3.8/site-packages/airflow/example_dags/example_dynamic_task_mapping_with_no_taskflow_operators.py took 0.122 seconds
[2024-10-02T01:35:14.809+0000] {processor.py:157} INFO - Started process (PID=332) to work on /home/airflow/.local/lib/python3.8/site-packages/airflow/example_dags/example_dynamic_task_mapping_with_no_taskflow_operators.py
[2024-10-02T01:35:14.812+0000] {processor.py:829} INFO - Processing file /home/airflow/.local/lib/python3.8/site-packages/airflow/example_dags/example_dynamic_task_mapping_with_no_taskflow_operators.py for tasks to queue
[2024-10-02T01:35:14.816+0000] {logging_mixin.py:151} INFO - [2024-10-02T01:35:14.815+0000] {dagbag.py:539} INFO - Filling up the DagBag from /home/airflow/.local/lib/python3.8/site-packages/airflow/example_dags/example_dynamic_task_mapping_with_no_taskflow_operators.py
[2024-10-02T01:35:14.831+0000] {processor.py:839} INFO - DAG(s) dict_keys(['example_dynamic_task_mapping_with_no_taskflow_operators']) retrieved from /home/airflow/.local/lib/python3.8/site-packages/airflow/example_dags/example_dynamic_task_mapping_with_no_taskflow_operators.py
[2024-10-02T01:35:14.868+0000] {logging_mixin.py:151} INFO - [2024-10-02T01:35:14.867+0000] {dag.py:2915} INFO - Sync 1 DAGs
[2024-10-02T01:35:14.924+0000] {logging_mixin.py:151} INFO - [2024-10-02T01:35:14.924+0000] {dag.py:3696} INFO - Setting next_dagrun for example_dynamic_task_mapping_with_no_taskflow_operators to 2024-10-01T01:35:14.923121+00:00, run_after=2024-10-02T01:35:14.923121+00:00
[2024-10-02T01:35:14.952+0000] {processor.py:179} INFO - Processing /home/airflow/.local/lib/python3.8/site-packages/airflow/example_dags/example_dynamic_task_mapping_with_no_taskflow_operators.py took 0.147 seconds
[2024-10-02T01:35:45.352+0000] {processor.py:157} INFO - Started process (PID=380) to work on /home/airflow/.local/lib/python3.8/site-packages/airflow/example_dags/example_dynamic_task_mapping_with_no_taskflow_operators.py
[2024-10-02T01:35:45.355+0000] {processor.py:829} INFO - Processing file /home/airflow/.local/lib/python3.8/site-packages/airflow/example_dags/example_dynamic_task_mapping_with_no_taskflow_operators.py for tasks to queue
[2024-10-02T01:35:45.361+0000] {logging_mixin.py:151} INFO - [2024-10-02T01:35:45.360+0000] {dagbag.py:539} INFO - Filling up the DagBag from /home/airflow/.local/lib/python3.8/site-packages/airflow/example_dags/example_dynamic_task_mapping_with_no_taskflow_operators.py
[2024-10-02T01:35:45.375+0000] {processor.py:839} INFO - DAG(s) dict_keys(['example_dynamic_task_mapping_with_no_taskflow_operators']) retrieved from /home/airflow/.local/lib/python3.8/site-packages/airflow/example_dags/example_dynamic_task_mapping_with_no_taskflow_operators.py
[2024-10-02T01:35:45.412+0000] {logging_mixin.py:151} INFO - [2024-10-02T01:35:45.412+0000] {dag.py:2915} INFO - Sync 1 DAGs
[2024-10-02T01:35:45.444+0000] {logging_mixin.py:151} INFO - [2024-10-02T01:35:45.443+0000] {dag.py:3696} INFO - Setting next_dagrun for example_dynamic_task_mapping_with_no_taskflow_operators to 2024-10-01T01:35:45.442573+00:00, run_after=2024-10-02T01:35:45.442573+00:00
[2024-10-02T01:35:45.474+0000] {processor.py:179} INFO - Processing /home/airflow/.local/lib/python3.8/site-packages/airflow/example_dags/example_dynamic_task_mapping_with_no_taskflow_operators.py took 0.128 seconds
[2024-10-02T01:36:15.728+0000] {processor.py:157} INFO - Started process (PID=428) to work on /home/airflow/.local/lib/python3.8/site-packages/airflow/example_dags/example_dynamic_task_mapping_with_no_taskflow_operators.py
[2024-10-02T01:36:15.730+0000] {processor.py:829} INFO - Processing file /home/airflow/.local/lib/python3.8/site-packages/airflow/example_dags/example_dynamic_task_mapping_with_no_taskflow_operators.py for tasks to queue
[2024-10-02T01:36:15.735+0000] {logging_mixin.py:151} INFO - [2024-10-02T01:36:15.734+0000] {dagbag.py:539} INFO - Filling up the DagBag from /home/airflow/.local/lib/python3.8/site-packages/airflow/example_dags/example_dynamic_task_mapping_with_no_taskflow_operators.py
[2024-10-02T01:36:15.748+0000] {processor.py:839} INFO - DAG(s) dict_keys(['example_dynamic_task_mapping_with_no_taskflow_operators']) retrieved from /home/airflow/.local/lib/python3.8/site-packages/airflow/example_dags/example_dynamic_task_mapping_with_no_taskflow_operators.py
[2024-10-02T01:36:15.785+0000] {logging_mixin.py:151} INFO - [2024-10-02T01:36:15.784+0000] {dag.py:2915} INFO - Sync 1 DAGs
[2024-10-02T01:36:15.817+0000] {logging_mixin.py:151} INFO - [2024-10-02T01:36:15.817+0000] {dag.py:3696} INFO - Setting next_dagrun for example_dynamic_task_mapping_with_no_taskflow_operators to 2024-10-01T01:36:15.816212+00:00, run_after=2024-10-02T01:36:15.816212+00:00
[2024-10-02T01:36:15.843+0000] {processor.py:179} INFO - Processing /home/airflow/.local/lib/python3.8/site-packages/airflow/example_dags/example_dynamic_task_mapping_with_no_taskflow_operators.py took 0.118 seconds
[2024-10-02T01:36:46.130+0000] {processor.py:157} INFO - Started process (PID=476) to work on /home/airflow/.local/lib/python3.8/site-packages/airflow/example_dags/example_dynamic_task_mapping_with_no_taskflow_operators.py
[2024-10-02T01:36:46.132+0000] {processor.py:829} INFO - Processing file /home/airflow/.local/lib/python3.8/site-packages/airflow/example_dags/example_dynamic_task_mapping_with_no_taskflow_operators.py for tasks to queue
[2024-10-02T01:36:46.136+0000] {logging_mixin.py:151} INFO - [2024-10-02T01:36:46.135+0000] {dagbag.py:539} INFO - Filling up the DagBag from /home/airflow/.local/lib/python3.8/site-packages/airflow/example_dags/example_dynamic_task_mapping_with_no_taskflow_operators.py
[2024-10-02T01:36:46.155+0000] {processor.py:839} INFO - DAG(s) dict_keys(['example_dynamic_task_mapping_with_no_taskflow_operators']) retrieved from /home/airflow/.local/lib/python3.8/site-packages/airflow/example_dags/example_dynamic_task_mapping_with_no_taskflow_operators.py
[2024-10-02T01:36:46.202+0000] {logging_mixin.py:151} INFO - [2024-10-02T01:36:46.201+0000] {dag.py:2915} INFO - Sync 1 DAGs
[2024-10-02T01:36:46.237+0000] {logging_mixin.py:151} INFO - [2024-10-02T01:36:46.237+0000] {dag.py:3696} INFO - Setting next_dagrun for example_dynamic_task_mapping_with_no_taskflow_operators to 2024-10-01T01:36:46.235809+00:00, run_after=2024-10-02T01:36:46.235809+00:00
[2024-10-02T01:36:46.273+0000] {processor.py:179} INFO - Processing /home/airflow/.local/lib/python3.8/site-packages/airflow/example_dags/example_dynamic_task_mapping_with_no_taskflow_operators.py took 0.146 seconds
[2024-10-02T01:37:16.453+0000] {processor.py:157} INFO - Started process (PID=524) to work on /home/airflow/.local/lib/python3.8/site-packages/airflow/example_dags/example_dynamic_task_mapping_with_no_taskflow_operators.py
[2024-10-02T01:37:16.456+0000] {processor.py:829} INFO - Processing file /home/airflow/.local/lib/python3.8/site-packages/airflow/example_dags/example_dynamic_task_mapping_with_no_taskflow_operators.py for tasks to queue
[2024-10-02T01:37:16.460+0000] {logging_mixin.py:151} INFO - [2024-10-02T01:37:16.460+0000] {dagbag.py:539} INFO - Filling up the DagBag from /home/airflow/.local/lib/python3.8/site-packages/airflow/example_dags/example_dynamic_task_mapping_with_no_taskflow_operators.py
[2024-10-02T01:37:16.477+0000] {processor.py:839} INFO - DAG(s) dict_keys(['example_dynamic_task_mapping_with_no_taskflow_operators']) retrieved from /home/airflow/.local/lib/python3.8/site-packages/airflow/example_dags/example_dynamic_task_mapping_with_no_taskflow_operators.py
[2024-10-02T01:37:16.516+0000] {logging_mixin.py:151} INFO - [2024-10-02T01:37:16.516+0000] {dag.py:2915} INFO - Sync 1 DAGs
[2024-10-02T01:37:16.556+0000] {logging_mixin.py:151} INFO - [2024-10-02T01:37:16.556+0000] {dag.py:3696} INFO - Setting next_dagrun for example_dynamic_task_mapping_with_no_taskflow_operators to 2024-10-01T01:37:16.554208+00:00, run_after=2024-10-02T01:37:16.554208+00:00
[2024-10-02T01:37:16.598+0000] {processor.py:179} INFO - Processing /home/airflow/.local/lib/python3.8/site-packages/airflow/example_dags/example_dynamic_task_mapping_with_no_taskflow_operators.py took 0.151 seconds
[2024-10-02T01:37:46.920+0000] {processor.py:157} INFO - Started process (PID=572) to work on /home/airflow/.local/lib/python3.8/site-packages/airflow/example_dags/example_dynamic_task_mapping_with_no_taskflow_operators.py
[2024-10-02T01:37:46.928+0000] {processor.py:829} INFO - Processing file /home/airflow/.local/lib/python3.8/site-packages/airflow/example_dags/example_dynamic_task_mapping_with_no_taskflow_operators.py for tasks to queue
[2024-10-02T01:37:46.934+0000] {logging_mixin.py:151} INFO - [2024-10-02T01:37:46.933+0000] {dagbag.py:539} INFO - Filling up the DagBag from /home/airflow/.local/lib/python3.8/site-packages/airflow/example_dags/example_dynamic_task_mapping_with_no_taskflow_operators.py
[2024-10-02T01:37:46.948+0000] {processor.py:839} INFO - DAG(s) dict_keys(['example_dynamic_task_mapping_with_no_taskflow_operators']) retrieved from /home/airflow/.local/lib/python3.8/site-packages/airflow/example_dags/example_dynamic_task_mapping_with_no_taskflow_operators.py
[2024-10-02T01:37:46.982+0000] {logging_mixin.py:151} INFO - [2024-10-02T01:37:46.981+0000] {dag.py:2915} INFO - Sync 1 DAGs
[2024-10-02T01:37:47.011+0000] {logging_mixin.py:151} INFO - [2024-10-02T01:37:47.011+0000] {dag.py:3696} INFO - Setting next_dagrun for example_dynamic_task_mapping_with_no_taskflow_operators to 2024-10-01T01:37:47.010472+00:00, run_after=2024-10-02T01:37:47.010472+00:00
[2024-10-02T01:37:47.040+0000] {processor.py:179} INFO - Processing /home/airflow/.local/lib/python3.8/site-packages/airflow/example_dags/example_dynamic_task_mapping_with_no_taskflow_operators.py took 0.126 seconds
[2024-10-02T01:38:17.388+0000] {processor.py:157} INFO - Started process (PID=620) to work on /home/airflow/.local/lib/python3.8/site-packages/airflow/example_dags/example_dynamic_task_mapping_with_no_taskflow_operators.py
[2024-10-02T01:38:17.394+0000] {processor.py:829} INFO - Processing file /home/airflow/.local/lib/python3.8/site-packages/airflow/example_dags/example_dynamic_task_mapping_with_no_taskflow_operators.py for tasks to queue
[2024-10-02T01:38:17.401+0000] {logging_mixin.py:151} INFO - [2024-10-02T01:38:17.401+0000] {dagbag.py:539} INFO - Filling up the DagBag from /home/airflow/.local/lib/python3.8/site-packages/airflow/example_dags/example_dynamic_task_mapping_with_no_taskflow_operators.py
[2024-10-02T01:38:17.421+0000] {processor.py:839} INFO - DAG(s) dict_keys(['example_dynamic_task_mapping_with_no_taskflow_operators']) retrieved from /home/airflow/.local/lib/python3.8/site-packages/airflow/example_dags/example_dynamic_task_mapping_with_no_taskflow_operators.py
[2024-10-02T01:38:17.459+0000] {logging_mixin.py:151} INFO - [2024-10-02T01:38:17.458+0000] {dag.py:2915} INFO - Sync 1 DAGs
[2024-10-02T01:38:17.495+0000] {logging_mixin.py:151} INFO - [2024-10-02T01:38:17.494+0000] {dag.py:3696} INFO - Setting next_dagrun for example_dynamic_task_mapping_with_no_taskflow_operators to 2024-10-01T01:38:17.493077+00:00, run_after=2024-10-02T01:38:17.493077+00:00
[2024-10-02T01:38:17.524+0000] {processor.py:179} INFO - Processing /home/airflow/.local/lib/python3.8/site-packages/airflow/example_dags/example_dynamic_task_mapping_with_no_taskflow_operators.py took 0.140 seconds
[2024-10-02T01:38:47.875+0000] {processor.py:157} INFO - Started process (PID=668) to work on /home/airflow/.local/lib/python3.8/site-packages/airflow/example_dags/example_dynamic_task_mapping_with_no_taskflow_operators.py
[2024-10-02T01:38:47.877+0000] {processor.py:829} INFO - Processing file /home/airflow/.local/lib/python3.8/site-packages/airflow/example_dags/example_dynamic_task_mapping_with_no_taskflow_operators.py for tasks to queue
[2024-10-02T01:38:47.882+0000] {logging_mixin.py:151} INFO - [2024-10-02T01:38:47.882+0000] {dagbag.py:539} INFO - Filling up the DagBag from /home/airflow/.local/lib/python3.8/site-packages/airflow/example_dags/example_dynamic_task_mapping_with_no_taskflow_operators.py
[2024-10-02T01:38:47.897+0000] {processor.py:839} INFO - DAG(s) dict_keys(['example_dynamic_task_mapping_with_no_taskflow_operators']) retrieved from /home/airflow/.local/lib/python3.8/site-packages/airflow/example_dags/example_dynamic_task_mapping_with_no_taskflow_operators.py
[2024-10-02T01:38:47.931+0000] {logging_mixin.py:151} INFO - [2024-10-02T01:38:47.930+0000] {dag.py:2915} INFO - Sync 1 DAGs
[2024-10-02T01:38:47.967+0000] {logging_mixin.py:151} INFO - [2024-10-02T01:38:47.967+0000] {dag.py:3696} INFO - Setting next_dagrun for example_dynamic_task_mapping_with_no_taskflow_operators to 2024-10-01T01:38:47.966362+00:00, run_after=2024-10-02T01:38:47.966362+00:00
[2024-10-02T01:38:48.000+0000] {processor.py:179} INFO - Processing /home/airflow/.local/lib/python3.8/site-packages/airflow/example_dags/example_dynamic_task_mapping_with_no_taskflow_operators.py took 0.130 seconds
[2024-10-02T01:39:18.247+0000] {processor.py:157} INFO - Started process (PID=716) to work on /home/airflow/.local/lib/python3.8/site-packages/airflow/example_dags/example_dynamic_task_mapping_with_no_taskflow_operators.py
[2024-10-02T01:39:18.251+0000] {processor.py:829} INFO - Processing file /home/airflow/.local/lib/python3.8/site-packages/airflow/example_dags/example_dynamic_task_mapping_with_no_taskflow_operators.py for tasks to queue
[2024-10-02T01:39:18.260+0000] {logging_mixin.py:151} INFO - [2024-10-02T01:39:18.259+0000] {dagbag.py:539} INFO - Filling up the DagBag from /home/airflow/.local/lib/python3.8/site-packages/airflow/example_dags/example_dynamic_task_mapping_with_no_taskflow_operators.py
[2024-10-02T01:39:18.277+0000] {processor.py:839} INFO - DAG(s) dict_keys(['example_dynamic_task_mapping_with_no_taskflow_operators']) retrieved from /home/airflow/.local/lib/python3.8/site-packages/airflow/example_dags/example_dynamic_task_mapping_with_no_taskflow_operators.py
[2024-10-02T01:39:18.314+0000] {logging_mixin.py:151} INFO - [2024-10-02T01:39:18.314+0000] {dag.py:2915} INFO - Sync 1 DAGs
[2024-10-02T01:39:18.340+0000] {logging_mixin.py:151} INFO - [2024-10-02T01:39:18.340+0000] {dag.py:3696} INFO - Setting next_dagrun for example_dynamic_task_mapping_with_no_taskflow_operators to 2024-10-01T01:39:18.339065+00:00, run_after=2024-10-02T01:39:18.339065+00:00
[2024-10-02T01:39:18.378+0000] {processor.py:179} INFO - Processing /home/airflow/.local/lib/python3.8/site-packages/airflow/example_dags/example_dynamic_task_mapping_with_no_taskflow_operators.py took 0.136 seconds
[2024-10-02T01:45:28.959+0000] {processor.py:157} INFO - Started process (PID=44) to work on /home/airflow/.local/lib/python3.8/site-packages/airflow/example_dags/example_dynamic_task_mapping_with_no_taskflow_operators.py
[2024-10-02T01:45:28.969+0000] {processor.py:829} INFO - Processing file /home/airflow/.local/lib/python3.8/site-packages/airflow/example_dags/example_dynamic_task_mapping_with_no_taskflow_operators.py for tasks to queue
[2024-10-02T01:45:28.985+0000] {logging_mixin.py:151} INFO - [2024-10-02T01:45:28.981+0000] {dagbag.py:539} INFO - Filling up the DagBag from /home/airflow/.local/lib/python3.8/site-packages/airflow/example_dags/example_dynamic_task_mapping_with_no_taskflow_operators.py
[2024-10-02T01:45:29.032+0000] {processor.py:839} INFO - DAG(s) dict_keys(['example_dynamic_task_mapping_with_no_taskflow_operators']) retrieved from /home/airflow/.local/lib/python3.8/site-packages/airflow/example_dags/example_dynamic_task_mapping_with_no_taskflow_operators.py
[2024-10-02T01:45:29.350+0000] {logging_mixin.py:151} INFO - [2024-10-02T01:45:29.349+0000] {manager.py:499} INFO - Created Permission View: %s
[2024-10-02T01:45:29.393+0000] {logging_mixin.py:151} INFO - [2024-10-02T01:45:29.393+0000] {manager.py:499} INFO - Created Permission View: %s
[2024-10-02T01:45:29.414+0000] {logging_mixin.py:151} INFO - [2024-10-02T01:45:29.414+0000] {manager.py:499} INFO - Created Permission View: %s
[2024-10-02T01:45:29.418+0000] {logging_mixin.py:151} INFO - [2024-10-02T01:45:29.418+0000] {security.py:708} INFO - Not syncing DAG-level permissions for DAG 'DAG:example_dynamic_task_mapping_with_no_taskflow_operators' as access control is unset.
[2024-10-02T01:45:29.421+0000] {logging_mixin.py:151} INFO - [2024-10-02T01:45:29.420+0000] {dag.py:2915} INFO - Sync 1 DAGs
[2024-10-02T01:45:29.493+0000] {logging_mixin.py:151} INFO - [2024-10-02T01:45:29.492+0000] {dag.py:2937} INFO - Creating ORM DAG for example_dynamic_task_mapping_with_no_taskflow_operators
[2024-10-02T01:45:29.562+0000] {logging_mixin.py:151} INFO - [2024-10-02T01:45:29.561+0000] {dag.py:3696} INFO - Setting next_dagrun for example_dynamic_task_mapping_with_no_taskflow_operators to 2024-10-01T01:45:29.559700+00:00, run_after=2024-10-02T01:45:29.559700+00:00
[2024-10-02T01:45:29.618+0000] {processor.py:179} INFO - Processing /home/airflow/.local/lib/python3.8/site-packages/airflow/example_dags/example_dynamic_task_mapping_with_no_taskflow_operators.py took 0.678 seconds
[2024-10-02T01:45:59.717+0000] {processor.py:157} INFO - Started process (PID=92) to work on /home/airflow/.local/lib/python3.8/site-packages/airflow/example_dags/example_dynamic_task_mapping_with_no_taskflow_operators.py
[2024-10-02T01:45:59.723+0000] {processor.py:829} INFO - Processing file /home/airflow/.local/lib/python3.8/site-packages/airflow/example_dags/example_dynamic_task_mapping_with_no_taskflow_operators.py for tasks to queue
[2024-10-02T01:45:59.730+0000] {logging_mixin.py:151} INFO - [2024-10-02T01:45:59.729+0000] {dagbag.py:539} INFO - Filling up the DagBag from /home/airflow/.local/lib/python3.8/site-packages/airflow/example_dags/example_dynamic_task_mapping_with_no_taskflow_operators.py
[2024-10-02T01:45:59.755+0000] {processor.py:839} INFO - DAG(s) dict_keys(['example_dynamic_task_mapping_with_no_taskflow_operators']) retrieved from /home/airflow/.local/lib/python3.8/site-packages/airflow/example_dags/example_dynamic_task_mapping_with_no_taskflow_operators.py
[2024-10-02T01:45:59.806+0000] {logging_mixin.py:151} INFO - [2024-10-02T01:45:59.805+0000] {dag.py:2915} INFO - Sync 1 DAGs
[2024-10-02T01:45:59.863+0000] {logging_mixin.py:151} INFO - [2024-10-02T01:45:59.862+0000] {dag.py:3696} INFO - Setting next_dagrun for example_dynamic_task_mapping_with_no_taskflow_operators to 2024-10-01T01:45:59.859468+00:00, run_after=2024-10-02T01:45:59.859468+00:00
[2024-10-02T01:45:59.918+0000] {processor.py:179} INFO - Processing /home/airflow/.local/lib/python3.8/site-packages/airflow/example_dags/example_dynamic_task_mapping_with_no_taskflow_operators.py took 0.205 seconds
[2024-10-02T01:46:57.518+0000] {processor.py:157} INFO - Started process (PID=44) to work on /home/airflow/.local/lib/python3.8/site-packages/airflow/example_dags/example_dynamic_task_mapping_with_no_taskflow_operators.py
[2024-10-02T01:46:57.521+0000] {processor.py:829} INFO - Processing file /home/airflow/.local/lib/python3.8/site-packages/airflow/example_dags/example_dynamic_task_mapping_with_no_taskflow_operators.py for tasks to queue
[2024-10-02T01:46:57.528+0000] {logging_mixin.py:151} INFO - [2024-10-02T01:46:57.527+0000] {dagbag.py:539} INFO - Filling up the DagBag from /home/airflow/.local/lib/python3.8/site-packages/airflow/example_dags/example_dynamic_task_mapping_with_no_taskflow_operators.py
[2024-10-02T01:46:57.583+0000] {processor.py:839} INFO - DAG(s) dict_keys(['example_dynamic_task_mapping_with_no_taskflow_operators']) retrieved from /home/airflow/.local/lib/python3.8/site-packages/airflow/example_dags/example_dynamic_task_mapping_with_no_taskflow_operators.py
[2024-10-02T01:46:57.618+0000] {logging_mixin.py:151} INFO - [2024-10-02T01:46:57.618+0000] {dag.py:2915} INFO - Sync 1 DAGs
[2024-10-02T01:46:57.665+0000] {logging_mixin.py:151} INFO - [2024-10-02T01:46:57.665+0000] {dag.py:3696} INFO - Setting next_dagrun for example_dynamic_task_mapping_with_no_taskflow_operators to 2024-10-01T01:46:57.664011+00:00, run_after=2024-10-02T01:46:57.664011+00:00
[2024-10-02T01:46:57.768+0000] {processor.py:179} INFO - Processing /home/airflow/.local/lib/python3.8/site-packages/airflow/example_dags/example_dynamic_task_mapping_with_no_taskflow_operators.py took 0.257 seconds
[2024-10-02T01:47:27.888+0000] {processor.py:157} INFO - Started process (PID=92) to work on /home/airflow/.local/lib/python3.8/site-packages/airflow/example_dags/example_dynamic_task_mapping_with_no_taskflow_operators.py
[2024-10-02T01:47:27.892+0000] {processor.py:829} INFO - Processing file /home/airflow/.local/lib/python3.8/site-packages/airflow/example_dags/example_dynamic_task_mapping_with_no_taskflow_operators.py for tasks to queue
[2024-10-02T01:47:27.898+0000] {logging_mixin.py:151} INFO - [2024-10-02T01:47:27.897+0000] {dagbag.py:539} INFO - Filling up the DagBag from /home/airflow/.local/lib/python3.8/site-packages/airflow/example_dags/example_dynamic_task_mapping_with_no_taskflow_operators.py
[2024-10-02T01:47:27.929+0000] {processor.py:839} INFO - DAG(s) dict_keys(['example_dynamic_task_mapping_with_no_taskflow_operators']) retrieved from /home/airflow/.local/lib/python3.8/site-packages/airflow/example_dags/example_dynamic_task_mapping_with_no_taskflow_operators.py
[2024-10-02T01:47:28.036+0000] {logging_mixin.py:151} INFO - [2024-10-02T01:47:28.035+0000] {dag.py:2915} INFO - Sync 1 DAGs
[2024-10-02T01:47:28.071+0000] {logging_mixin.py:151} INFO - [2024-10-02T01:47:28.070+0000] {dag.py:3696} INFO - Setting next_dagrun for example_dynamic_task_mapping_with_no_taskflow_operators to 2024-10-01T01:47:28.069553+00:00, run_after=2024-10-02T01:47:28.069553+00:00
[2024-10-02T01:47:28.112+0000] {processor.py:179} INFO - Processing /home/airflow/.local/lib/python3.8/site-packages/airflow/example_dags/example_dynamic_task_mapping_with_no_taskflow_operators.py took 0.228 seconds
[2024-10-02T01:48:25.359+0000] {processor.py:157} INFO - Started process (PID=44) to work on /home/airflow/.local/lib/python3.8/site-packages/airflow/example_dags/example_dynamic_task_mapping_with_no_taskflow_operators.py
[2024-10-02T01:48:25.367+0000] {processor.py:829} INFO - Processing file /home/airflow/.local/lib/python3.8/site-packages/airflow/example_dags/example_dynamic_task_mapping_with_no_taskflow_operators.py for tasks to queue
[2024-10-02T01:48:25.393+0000] {logging_mixin.py:151} INFO - [2024-10-02T01:48:25.393+0000] {dagbag.py:539} INFO - Filling up the DagBag from /home/airflow/.local/lib/python3.8/site-packages/airflow/example_dags/example_dynamic_task_mapping_with_no_taskflow_operators.py
[2024-10-02T01:48:25.477+0000] {processor.py:839} INFO - DAG(s) dict_keys(['example_dynamic_task_mapping_with_no_taskflow_operators']) retrieved from /home/airflow/.local/lib/python3.8/site-packages/airflow/example_dags/example_dynamic_task_mapping_with_no_taskflow_operators.py
[2024-10-02T01:48:25.574+0000] {logging_mixin.py:151} INFO - [2024-10-02T01:48:25.574+0000] {dag.py:2915} INFO - Sync 1 DAGs
[2024-10-02T01:48:25.728+0000] {logging_mixin.py:151} INFO - [2024-10-02T01:48:25.718+0000] {dag.py:3696} INFO - Setting next_dagrun for example_dynamic_task_mapping_with_no_taskflow_operators to 2024-10-01T01:48:25.695836+00:00, run_after=2024-10-02T01:48:25.695836+00:00
[2024-10-02T01:48:25.821+0000] {processor.py:179} INFO - Processing /home/airflow/.local/lib/python3.8/site-packages/airflow/example_dags/example_dynamic_task_mapping_with_no_taskflow_operators.py took 0.470 seconds
[2024-10-02T01:48:56.055+0000] {processor.py:157} INFO - Started process (PID=92) to work on /home/airflow/.local/lib/python3.8/site-packages/airflow/example_dags/example_dynamic_task_mapping_with_no_taskflow_operators.py
[2024-10-02T01:48:56.057+0000] {processor.py:829} INFO - Processing file /home/airflow/.local/lib/python3.8/site-packages/airflow/example_dags/example_dynamic_task_mapping_with_no_taskflow_operators.py for tasks to queue
[2024-10-02T01:48:56.060+0000] {logging_mixin.py:151} INFO - [2024-10-02T01:48:56.060+0000] {dagbag.py:539} INFO - Filling up the DagBag from /home/airflow/.local/lib/python3.8/site-packages/airflow/example_dags/example_dynamic_task_mapping_with_no_taskflow_operators.py
[2024-10-02T01:48:56.073+0000] {processor.py:839} INFO - DAG(s) dict_keys(['example_dynamic_task_mapping_with_no_taskflow_operators']) retrieved from /home/airflow/.local/lib/python3.8/site-packages/airflow/example_dags/example_dynamic_task_mapping_with_no_taskflow_operators.py
[2024-10-02T01:48:56.101+0000] {logging_mixin.py:151} INFO - [2024-10-02T01:48:56.101+0000] {dag.py:2915} INFO - Sync 1 DAGs
[2024-10-02T01:48:56.125+0000] {logging_mixin.py:151} INFO - [2024-10-02T01:48:56.125+0000] {dag.py:3696} INFO - Setting next_dagrun for example_dynamic_task_mapping_with_no_taskflow_operators to 2024-10-01T01:48:56.124676+00:00, run_after=2024-10-02T01:48:56.124676+00:00
[2024-10-02T01:48:56.153+0000] {processor.py:179} INFO - Processing /home/airflow/.local/lib/python3.8/site-packages/airflow/example_dags/example_dynamic_task_mapping_with_no_taskflow_operators.py took 0.103 seconds
[2024-10-02T01:49:26.860+0000] {processor.py:157} INFO - Started process (PID=140) to work on /home/airflow/.local/lib/python3.8/site-packages/airflow/example_dags/example_dynamic_task_mapping_with_no_taskflow_operators.py
[2024-10-02T01:49:26.863+0000] {processor.py:829} INFO - Processing file /home/airflow/.local/lib/python3.8/site-packages/airflow/example_dags/example_dynamic_task_mapping_with_no_taskflow_operators.py for tasks to queue
[2024-10-02T01:49:26.866+0000] {logging_mixin.py:151} INFO - [2024-10-02T01:49:26.866+0000] {dagbag.py:539} INFO - Filling up the DagBag from /home/airflow/.local/lib/python3.8/site-packages/airflow/example_dags/example_dynamic_task_mapping_with_no_taskflow_operators.py
[2024-10-02T01:49:26.879+0000] {processor.py:839} INFO - DAG(s) dict_keys(['example_dynamic_task_mapping_with_no_taskflow_operators']) retrieved from /home/airflow/.local/lib/python3.8/site-packages/airflow/example_dags/example_dynamic_task_mapping_with_no_taskflow_operators.py
[2024-10-02T01:49:26.911+0000] {logging_mixin.py:151} INFO - [2024-10-02T01:49:26.911+0000] {dag.py:2915} INFO - Sync 1 DAGs
[2024-10-02T01:49:26.943+0000] {logging_mixin.py:151} INFO - [2024-10-02T01:49:26.942+0000] {dag.py:3696} INFO - Setting next_dagrun for example_dynamic_task_mapping_with_no_taskflow_operators to 2024-10-01T01:49:26.941248+00:00, run_after=2024-10-02T01:49:26.941248+00:00
[2024-10-02T01:49:26.992+0000] {processor.py:179} INFO - Processing /home/airflow/.local/lib/python3.8/site-packages/airflow/example_dags/example_dynamic_task_mapping_with_no_taskflow_operators.py took 0.137 seconds
[2024-10-02T01:49:57.698+0000] {processor.py:157} INFO - Started process (PID=188) to work on /home/airflow/.local/lib/python3.8/site-packages/airflow/example_dags/example_dynamic_task_mapping_with_no_taskflow_operators.py
[2024-10-02T01:49:57.703+0000] {processor.py:829} INFO - Processing file /home/airflow/.local/lib/python3.8/site-packages/airflow/example_dags/example_dynamic_task_mapping_with_no_taskflow_operators.py for tasks to queue
[2024-10-02T01:49:57.708+0000] {logging_mixin.py:151} INFO - [2024-10-02T01:49:57.707+0000] {dagbag.py:539} INFO - Filling up the DagBag from /home/airflow/.local/lib/python3.8/site-packages/airflow/example_dags/example_dynamic_task_mapping_with_no_taskflow_operators.py
[2024-10-02T01:49:57.727+0000] {processor.py:839} INFO - DAG(s) dict_keys(['example_dynamic_task_mapping_with_no_taskflow_operators']) retrieved from /home/airflow/.local/lib/python3.8/site-packages/airflow/example_dags/example_dynamic_task_mapping_with_no_taskflow_operators.py
[2024-10-02T01:49:57.810+0000] {logging_mixin.py:151} INFO - [2024-10-02T01:49:57.810+0000] {dag.py:2915} INFO - Sync 1 DAGs
[2024-10-02T01:49:57.847+0000] {logging_mixin.py:151} INFO - [2024-10-02T01:49:57.846+0000] {dag.py:3696} INFO - Setting next_dagrun for example_dynamic_task_mapping_with_no_taskflow_operators to 2024-10-01T01:49:57.845413+00:00, run_after=2024-10-02T01:49:57.845413+00:00
[2024-10-02T01:49:57.886+0000] {processor.py:179} INFO - Processing /home/airflow/.local/lib/python3.8/site-packages/airflow/example_dags/example_dynamic_task_mapping_with_no_taskflow_operators.py took 0.192 seconds
[2024-10-02T01:50:28.899+0000] {processor.py:157} INFO - Started process (PID=236) to work on /home/airflow/.local/lib/python3.8/site-packages/airflow/example_dags/example_dynamic_task_mapping_with_no_taskflow_operators.py
[2024-10-02T01:50:28.902+0000] {processor.py:829} INFO - Processing file /home/airflow/.local/lib/python3.8/site-packages/airflow/example_dags/example_dynamic_task_mapping_with_no_taskflow_operators.py for tasks to queue
[2024-10-02T01:50:28.905+0000] {logging_mixin.py:151} INFO - [2024-10-02T01:50:28.905+0000] {dagbag.py:539} INFO - Filling up the DagBag from /home/airflow/.local/lib/python3.8/site-packages/airflow/example_dags/example_dynamic_task_mapping_with_no_taskflow_operators.py
[2024-10-02T01:50:28.918+0000] {processor.py:839} INFO - DAG(s) dict_keys(['example_dynamic_task_mapping_with_no_taskflow_operators']) retrieved from /home/airflow/.local/lib/python3.8/site-packages/airflow/example_dags/example_dynamic_task_mapping_with_no_taskflow_operators.py
[2024-10-02T01:50:28.950+0000] {logging_mixin.py:151} INFO - [2024-10-02T01:50:28.949+0000] {dag.py:2915} INFO - Sync 1 DAGs
[2024-10-02T01:50:28.975+0000] {logging_mixin.py:151} INFO - [2024-10-02T01:50:28.975+0000] {dag.py:3696} INFO - Setting next_dagrun for example_dynamic_task_mapping_with_no_taskflow_operators to 2024-10-01T01:50:28.974186+00:00, run_after=2024-10-02T01:50:28.974186+00:00
[2024-10-02T01:50:28.998+0000] {processor.py:179} INFO - Processing /home/airflow/.local/lib/python3.8/site-packages/airflow/example_dags/example_dynamic_task_mapping_with_no_taskflow_operators.py took 0.103 seconds
[2024-10-02T01:50:59.185+0000] {processor.py:157} INFO - Started process (PID=284) to work on /home/airflow/.local/lib/python3.8/site-packages/airflow/example_dags/example_dynamic_task_mapping_with_no_taskflow_operators.py
[2024-10-02T01:50:59.190+0000] {processor.py:829} INFO - Processing file /home/airflow/.local/lib/python3.8/site-packages/airflow/example_dags/example_dynamic_task_mapping_with_no_taskflow_operators.py for tasks to queue
[2024-10-02T01:50:59.194+0000] {logging_mixin.py:151} INFO - [2024-10-02T01:50:59.194+0000] {dagbag.py:539} INFO - Filling up the DagBag from /home/airflow/.local/lib/python3.8/site-packages/airflow/example_dags/example_dynamic_task_mapping_with_no_taskflow_operators.py
[2024-10-02T01:50:59.208+0000] {processor.py:839} INFO - DAG(s) dict_keys(['example_dynamic_task_mapping_with_no_taskflow_operators']) retrieved from /home/airflow/.local/lib/python3.8/site-packages/airflow/example_dags/example_dynamic_task_mapping_with_no_taskflow_operators.py
[2024-10-02T01:50:59.241+0000] {logging_mixin.py:151} INFO - [2024-10-02T01:50:59.241+0000] {dag.py:2915} INFO - Sync 1 DAGs
[2024-10-02T01:50:59.274+0000] {logging_mixin.py:151} INFO - [2024-10-02T01:50:59.274+0000] {dag.py:3696} INFO - Setting next_dagrun for example_dynamic_task_mapping_with_no_taskflow_operators to 2024-10-01T01:50:59.272959+00:00, run_after=2024-10-02T01:50:59.272959+00:00
[2024-10-02T01:50:59.302+0000] {processor.py:179} INFO - Processing /home/airflow/.local/lib/python3.8/site-packages/airflow/example_dags/example_dynamic_task_mapping_with_no_taskflow_operators.py took 0.120 seconds
[2024-10-02T01:51:29.561+0000] {processor.py:157} INFO - Started process (PID=332) to work on /home/airflow/.local/lib/python3.8/site-packages/airflow/example_dags/example_dynamic_task_mapping_with_no_taskflow_operators.py
[2024-10-02T01:51:29.563+0000] {processor.py:829} INFO - Processing file /home/airflow/.local/lib/python3.8/site-packages/airflow/example_dags/example_dynamic_task_mapping_with_no_taskflow_operators.py for tasks to queue
[2024-10-02T01:51:29.568+0000] {logging_mixin.py:151} INFO - [2024-10-02T01:51:29.567+0000] {dagbag.py:539} INFO - Filling up the DagBag from /home/airflow/.local/lib/python3.8/site-packages/airflow/example_dags/example_dynamic_task_mapping_with_no_taskflow_operators.py
[2024-10-02T01:51:29.580+0000] {processor.py:839} INFO - DAG(s) dict_keys(['example_dynamic_task_mapping_with_no_taskflow_operators']) retrieved from /home/airflow/.local/lib/python3.8/site-packages/airflow/example_dags/example_dynamic_task_mapping_with_no_taskflow_operators.py
[2024-10-02T01:51:29.614+0000] {logging_mixin.py:151} INFO - [2024-10-02T01:51:29.614+0000] {dag.py:2915} INFO - Sync 1 DAGs
[2024-10-02T01:51:29.643+0000] {logging_mixin.py:151} INFO - [2024-10-02T01:51:29.643+0000] {dag.py:3696} INFO - Setting next_dagrun for example_dynamic_task_mapping_with_no_taskflow_operators to 2024-10-01T01:51:29.642417+00:00, run_after=2024-10-02T01:51:29.642417+00:00
[2024-10-02T01:51:29.672+0000] {processor.py:179} INFO - Processing /home/airflow/.local/lib/python3.8/site-packages/airflow/example_dags/example_dynamic_task_mapping_with_no_taskflow_operators.py took 0.116 seconds
[2024-10-02T01:51:59.818+0000] {processor.py:157} INFO - Started process (PID=380) to work on /home/airflow/.local/lib/python3.8/site-packages/airflow/example_dags/example_dynamic_task_mapping_with_no_taskflow_operators.py
[2024-10-02T01:51:59.820+0000] {processor.py:829} INFO - Processing file /home/airflow/.local/lib/python3.8/site-packages/airflow/example_dags/example_dynamic_task_mapping_with_no_taskflow_operators.py for tasks to queue
[2024-10-02T01:51:59.823+0000] {logging_mixin.py:151} INFO - [2024-10-02T01:51:59.823+0000] {dagbag.py:539} INFO - Filling up the DagBag from /home/airflow/.local/lib/python3.8/site-packages/airflow/example_dags/example_dynamic_task_mapping_with_no_taskflow_operators.py
[2024-10-02T01:51:59.835+0000] {processor.py:839} INFO - DAG(s) dict_keys(['example_dynamic_task_mapping_with_no_taskflow_operators']) retrieved from /home/airflow/.local/lib/python3.8/site-packages/airflow/example_dags/example_dynamic_task_mapping_with_no_taskflow_operators.py
[2024-10-02T01:51:59.868+0000] {logging_mixin.py:151} INFO - [2024-10-02T01:51:59.868+0000] {dag.py:2915} INFO - Sync 1 DAGs
[2024-10-02T01:51:59.895+0000] {logging_mixin.py:151} INFO - [2024-10-02T01:51:59.895+0000] {dag.py:3696} INFO - Setting next_dagrun for example_dynamic_task_mapping_with_no_taskflow_operators to 2024-10-01T01:51:59.894524+00:00, run_after=2024-10-02T01:51:59.894524+00:00
[2024-10-02T01:51:59.919+0000] {processor.py:179} INFO - Processing /home/airflow/.local/lib/python3.8/site-packages/airflow/example_dags/example_dynamic_task_mapping_with_no_taskflow_operators.py took 0.105 seconds
[2024-10-02T01:52:30.204+0000] {processor.py:157} INFO - Started process (PID=428) to work on /home/airflow/.local/lib/python3.8/site-packages/airflow/example_dags/example_dynamic_task_mapping_with_no_taskflow_operators.py
[2024-10-02T01:52:30.206+0000] {processor.py:829} INFO - Processing file /home/airflow/.local/lib/python3.8/site-packages/airflow/example_dags/example_dynamic_task_mapping_with_no_taskflow_operators.py for tasks to queue
[2024-10-02T01:52:30.210+0000] {logging_mixin.py:151} INFO - [2024-10-02T01:52:30.209+0000] {dagbag.py:539} INFO - Filling up the DagBag from /home/airflow/.local/lib/python3.8/site-packages/airflow/example_dags/example_dynamic_task_mapping_with_no_taskflow_operators.py
[2024-10-02T01:52:30.223+0000] {processor.py:839} INFO - DAG(s) dict_keys(['example_dynamic_task_mapping_with_no_taskflow_operators']) retrieved from /home/airflow/.local/lib/python3.8/site-packages/airflow/example_dags/example_dynamic_task_mapping_with_no_taskflow_operators.py
[2024-10-02T01:52:30.257+0000] {logging_mixin.py:151} INFO - [2024-10-02T01:52:30.257+0000] {dag.py:2915} INFO - Sync 1 DAGs
[2024-10-02T01:52:30.286+0000] {logging_mixin.py:151} INFO - [2024-10-02T01:52:30.286+0000] {dag.py:3696} INFO - Setting next_dagrun for example_dynamic_task_mapping_with_no_taskflow_operators to 2024-10-01T01:52:30.284954+00:00, run_after=2024-10-02T01:52:30.284954+00:00
[2024-10-02T01:52:30.319+0000] {processor.py:179} INFO - Processing /home/airflow/.local/lib/python3.8/site-packages/airflow/example_dags/example_dynamic_task_mapping_with_no_taskflow_operators.py took 0.119 seconds
[2024-10-02T01:53:00.975+0000] {processor.py:157} INFO - Started process (PID=476) to work on /home/airflow/.local/lib/python3.8/site-packages/airflow/example_dags/example_dynamic_task_mapping_with_no_taskflow_operators.py
[2024-10-02T01:53:00.992+0000] {processor.py:829} INFO - Processing file /home/airflow/.local/lib/python3.8/site-packages/airflow/example_dags/example_dynamic_task_mapping_with_no_taskflow_operators.py for tasks to queue
[2024-10-02T01:53:01.018+0000] {logging_mixin.py:151} INFO - [2024-10-02T01:53:01.016+0000] {dagbag.py:539} INFO - Filling up the DagBag from /home/airflow/.local/lib/python3.8/site-packages/airflow/example_dags/example_dynamic_task_mapping_with_no_taskflow_operators.py
[2024-10-02T01:53:01.106+0000] {processor.py:839} INFO - DAG(s) dict_keys(['example_dynamic_task_mapping_with_no_taskflow_operators']) retrieved from /home/airflow/.local/lib/python3.8/site-packages/airflow/example_dags/example_dynamic_task_mapping_with_no_taskflow_operators.py
[2024-10-02T01:53:01.244+0000] {logging_mixin.py:151} INFO - [2024-10-02T01:53:01.243+0000] {dag.py:2915} INFO - Sync 1 DAGs
[2024-10-02T01:53:01.283+0000] {logging_mixin.py:151} INFO - [2024-10-02T01:53:01.283+0000] {dag.py:3696} INFO - Setting next_dagrun for example_dynamic_task_mapping_with_no_taskflow_operators to 2024-10-01T01:53:01.280536+00:00, run_after=2024-10-02T01:53:01.280536+00:00
[2024-10-02T01:53:01.325+0000] {processor.py:179} INFO - Processing /home/airflow/.local/lib/python3.8/site-packages/airflow/example_dags/example_dynamic_task_mapping_with_no_taskflow_operators.py took 0.427 seconds
[2024-10-02T01:53:32.257+0000] {processor.py:157} INFO - Started process (PID=524) to work on /home/airflow/.local/lib/python3.8/site-packages/airflow/example_dags/example_dynamic_task_mapping_with_no_taskflow_operators.py
[2024-10-02T01:53:32.260+0000] {processor.py:829} INFO - Processing file /home/airflow/.local/lib/python3.8/site-packages/airflow/example_dags/example_dynamic_task_mapping_with_no_taskflow_operators.py for tasks to queue
[2024-10-02T01:53:32.265+0000] {logging_mixin.py:151} INFO - [2024-10-02T01:53:32.265+0000] {dagbag.py:539} INFO - Filling up the DagBag from /home/airflow/.local/lib/python3.8/site-packages/airflow/example_dags/example_dynamic_task_mapping_with_no_taskflow_operators.py
[2024-10-02T01:53:32.279+0000] {processor.py:839} INFO - DAG(s) dict_keys(['example_dynamic_task_mapping_with_no_taskflow_operators']) retrieved from /home/airflow/.local/lib/python3.8/site-packages/airflow/example_dags/example_dynamic_task_mapping_with_no_taskflow_operators.py
[2024-10-02T01:53:32.310+0000] {logging_mixin.py:151} INFO - [2024-10-02T01:53:32.310+0000] {dag.py:2915} INFO - Sync 1 DAGs
[2024-10-02T01:53:32.337+0000] {logging_mixin.py:151} INFO - [2024-10-02T01:53:32.336+0000] {dag.py:3696} INFO - Setting next_dagrun for example_dynamic_task_mapping_with_no_taskflow_operators to 2024-10-01T01:53:32.335783+00:00, run_after=2024-10-02T01:53:32.335783+00:00
[2024-10-02T01:53:32.357+0000] {processor.py:179} INFO - Processing /home/airflow/.local/lib/python3.8/site-packages/airflow/example_dags/example_dynamic_task_mapping_with_no_taskflow_operators.py took 0.105 seconds
[2024-10-02T01:54:03.010+0000] {processor.py:157} INFO - Started process (PID=572) to work on /home/airflow/.local/lib/python3.8/site-packages/airflow/example_dags/example_dynamic_task_mapping_with_no_taskflow_operators.py
[2024-10-02T01:54:03.012+0000] {processor.py:829} INFO - Processing file /home/airflow/.local/lib/python3.8/site-packages/airflow/example_dags/example_dynamic_task_mapping_with_no_taskflow_operators.py for tasks to queue
[2024-10-02T01:54:03.020+0000] {logging_mixin.py:151} INFO - [2024-10-02T01:54:03.017+0000] {dagbag.py:539} INFO - Filling up the DagBag from /home/airflow/.local/lib/python3.8/site-packages/airflow/example_dags/example_dynamic_task_mapping_with_no_taskflow_operators.py
[2024-10-02T01:54:03.037+0000] {processor.py:839} INFO - DAG(s) dict_keys(['example_dynamic_task_mapping_with_no_taskflow_operators']) retrieved from /home/airflow/.local/lib/python3.8/site-packages/airflow/example_dags/example_dynamic_task_mapping_with_no_taskflow_operators.py
[2024-10-02T01:54:03.077+0000] {logging_mixin.py:151} INFO - [2024-10-02T01:54:03.077+0000] {dag.py:2915} INFO - Sync 1 DAGs
[2024-10-02T01:54:03.104+0000] {logging_mixin.py:151} INFO - [2024-10-02T01:54:03.103+0000] {dag.py:3696} INFO - Setting next_dagrun for example_dynamic_task_mapping_with_no_taskflow_operators to 2024-10-01T01:54:03.103018+00:00, run_after=2024-10-02T01:54:03.103018+00:00
[2024-10-02T01:54:03.127+0000] {processor.py:179} INFO - Processing /home/airflow/.local/lib/python3.8/site-packages/airflow/example_dags/example_dynamic_task_mapping_with_no_taskflow_operators.py took 0.121 seconds
[2024-10-02T01:57:17.750+0000] {processor.py:157} INFO - Started process (PID=605) to work on /home/airflow/.local/lib/python3.8/site-packages/airflow/example_dags/example_dynamic_task_mapping_with_no_taskflow_operators.py
[2024-10-02T01:57:17.753+0000] {processor.py:829} INFO - Processing file /home/airflow/.local/lib/python3.8/site-packages/airflow/example_dags/example_dynamic_task_mapping_with_no_taskflow_operators.py for tasks to queue
[2024-10-02T01:57:17.756+0000] {logging_mixin.py:151} INFO - [2024-10-02T01:57:17.756+0000] {dagbag.py:539} INFO - Filling up the DagBag from /home/airflow/.local/lib/python3.8/site-packages/airflow/example_dags/example_dynamic_task_mapping_with_no_taskflow_operators.py
[2024-10-02T01:57:17.769+0000] {processor.py:839} INFO - DAG(s) dict_keys(['example_dynamic_task_mapping_with_no_taskflow_operators']) retrieved from /home/airflow/.local/lib/python3.8/site-packages/airflow/example_dags/example_dynamic_task_mapping_with_no_taskflow_operators.py
[2024-10-02T01:57:17.802+0000] {logging_mixin.py:151} INFO - [2024-10-02T01:57:17.802+0000] {dag.py:2915} INFO - Sync 1 DAGs
[2024-10-02T01:57:17.828+0000] {logging_mixin.py:151} INFO - [2024-10-02T01:57:17.828+0000] {dag.py:3696} INFO - Setting next_dagrun for example_dynamic_task_mapping_with_no_taskflow_operators to 2024-10-01T01:57:17.827532+00:00, run_after=2024-10-02T01:57:17.827532+00:00
[2024-10-02T01:57:17.856+0000] {processor.py:179} INFO - Processing /home/airflow/.local/lib/python3.8/site-packages/airflow/example_dags/example_dynamic_task_mapping_with_no_taskflow_operators.py took 0.110 seconds
[2024-10-02T01:57:48.672+0000] {processor.py:157} INFO - Started process (PID=653) to work on /home/airflow/.local/lib/python3.8/site-packages/airflow/example_dags/example_dynamic_task_mapping_with_no_taskflow_operators.py
[2024-10-02T01:57:48.680+0000] {processor.py:829} INFO - Processing file /home/airflow/.local/lib/python3.8/site-packages/airflow/example_dags/example_dynamic_task_mapping_with_no_taskflow_operators.py for tasks to queue
[2024-10-02T01:57:48.686+0000] {logging_mixin.py:151} INFO - [2024-10-02T01:57:48.685+0000] {dagbag.py:539} INFO - Filling up the DagBag from /home/airflow/.local/lib/python3.8/site-packages/airflow/example_dags/example_dynamic_task_mapping_with_no_taskflow_operators.py
[2024-10-02T01:57:48.707+0000] {processor.py:839} INFO - DAG(s) dict_keys(['example_dynamic_task_mapping_with_no_taskflow_operators']) retrieved from /home/airflow/.local/lib/python3.8/site-packages/airflow/example_dags/example_dynamic_task_mapping_with_no_taskflow_operators.py
[2024-10-02T01:57:48.745+0000] {logging_mixin.py:151} INFO - [2024-10-02T01:57:48.745+0000] {dag.py:2915} INFO - Sync 1 DAGs
[2024-10-02T01:57:48.784+0000] {logging_mixin.py:151} INFO - [2024-10-02T01:57:48.783+0000] {dag.py:3696} INFO - Setting next_dagrun for example_dynamic_task_mapping_with_no_taskflow_operators to 2024-10-01T01:57:48.782246+00:00, run_after=2024-10-02T01:57:48.782246+00:00
[2024-10-02T01:57:48.823+0000] {processor.py:179} INFO - Processing /home/airflow/.local/lib/python3.8/site-packages/airflow/example_dags/example_dynamic_task_mapping_with_no_taskflow_operators.py took 0.155 seconds
[2024-10-02T01:58:19.435+0000] {processor.py:157} INFO - Started process (PID=701) to work on /home/airflow/.local/lib/python3.8/site-packages/airflow/example_dags/example_dynamic_task_mapping_with_no_taskflow_operators.py
[2024-10-02T01:58:19.437+0000] {processor.py:829} INFO - Processing file /home/airflow/.local/lib/python3.8/site-packages/airflow/example_dags/example_dynamic_task_mapping_with_no_taskflow_operators.py for tasks to queue
[2024-10-02T01:58:19.443+0000] {logging_mixin.py:151} INFO - [2024-10-02T01:58:19.442+0000] {dagbag.py:539} INFO - Filling up the DagBag from /home/airflow/.local/lib/python3.8/site-packages/airflow/example_dags/example_dynamic_task_mapping_with_no_taskflow_operators.py
[2024-10-02T01:58:19.456+0000] {processor.py:839} INFO - DAG(s) dict_keys(['example_dynamic_task_mapping_with_no_taskflow_operators']) retrieved from /home/airflow/.local/lib/python3.8/site-packages/airflow/example_dags/example_dynamic_task_mapping_with_no_taskflow_operators.py
[2024-10-02T01:58:19.490+0000] {logging_mixin.py:151} INFO - [2024-10-02T01:58:19.490+0000] {dag.py:2915} INFO - Sync 1 DAGs
[2024-10-02T01:58:19.519+0000] {logging_mixin.py:151} INFO - [2024-10-02T01:58:19.518+0000] {dag.py:3696} INFO - Setting next_dagrun for example_dynamic_task_mapping_with_no_taskflow_operators to 2024-10-01T01:58:19.517463+00:00, run_after=2024-10-02T01:58:19.517463+00:00
[2024-10-02T01:58:19.545+0000] {processor.py:179} INFO - Processing /home/airflow/.local/lib/python3.8/site-packages/airflow/example_dags/example_dynamic_task_mapping_with_no_taskflow_operators.py took 0.116 seconds
[2024-10-02T01:58:50.340+0000] {processor.py:157} INFO - Started process (PID=749) to work on /home/airflow/.local/lib/python3.8/site-packages/airflow/example_dags/example_dynamic_task_mapping_with_no_taskflow_operators.py
[2024-10-02T01:58:50.343+0000] {processor.py:829} INFO - Processing file /home/airflow/.local/lib/python3.8/site-packages/airflow/example_dags/example_dynamic_task_mapping_with_no_taskflow_operators.py for tasks to queue
[2024-10-02T01:58:50.355+0000] {logging_mixin.py:151} INFO - [2024-10-02T01:58:50.353+0000] {dagbag.py:539} INFO - Filling up the DagBag from /home/airflow/.local/lib/python3.8/site-packages/airflow/example_dags/example_dynamic_task_mapping_with_no_taskflow_operators.py
[2024-10-02T01:58:50.422+0000] {processor.py:839} INFO - DAG(s) dict_keys(['example_dynamic_task_mapping_with_no_taskflow_operators']) retrieved from /home/airflow/.local/lib/python3.8/site-packages/airflow/example_dags/example_dynamic_task_mapping_with_no_taskflow_operators.py
[2024-10-02T01:58:50.465+0000] {logging_mixin.py:151} INFO - [2024-10-02T01:58:50.464+0000] {dag.py:2915} INFO - Sync 1 DAGs
[2024-10-02T01:58:50.490+0000] {logging_mixin.py:151} INFO - [2024-10-02T01:58:50.489+0000] {dag.py:3696} INFO - Setting next_dagrun for example_dynamic_task_mapping_with_no_taskflow_operators to 2024-10-01T01:58:50.488533+00:00, run_after=2024-10-02T01:58:50.488533+00:00
[2024-10-02T01:58:50.510+0000] {processor.py:179} INFO - Processing /home/airflow/.local/lib/python3.8/site-packages/airflow/example_dags/example_dynamic_task_mapping_with_no_taskflow_operators.py took 0.174 seconds
[2024-10-02T01:59:21.509+0000] {processor.py:157} INFO - Started process (PID=797) to work on /home/airflow/.local/lib/python3.8/site-packages/airflow/example_dags/example_dynamic_task_mapping_with_no_taskflow_operators.py
[2024-10-02T01:59:21.534+0000] {processor.py:829} INFO - Processing file /home/airflow/.local/lib/python3.8/site-packages/airflow/example_dags/example_dynamic_task_mapping_with_no_taskflow_operators.py for tasks to queue
[2024-10-02T01:59:21.554+0000] {logging_mixin.py:151} INFO - [2024-10-02T01:59:21.553+0000] {dagbag.py:539} INFO - Filling up the DagBag from /home/airflow/.local/lib/python3.8/site-packages/airflow/example_dags/example_dynamic_task_mapping_with_no_taskflow_operators.py
[2024-10-02T01:59:21.618+0000] {processor.py:839} INFO - DAG(s) dict_keys(['example_dynamic_task_mapping_with_no_taskflow_operators']) retrieved from /home/airflow/.local/lib/python3.8/site-packages/airflow/example_dags/example_dynamic_task_mapping_with_no_taskflow_operators.py
[2024-10-02T01:59:21.730+0000] {logging_mixin.py:151} INFO - [2024-10-02T01:59:21.729+0000] {dag.py:2915} INFO - Sync 1 DAGs
[2024-10-02T01:59:21.882+0000] {logging_mixin.py:151} INFO - [2024-10-02T01:59:21.881+0000] {dag.py:3696} INFO - Setting next_dagrun for example_dynamic_task_mapping_with_no_taskflow_operators to 2024-10-01T01:59:21.879230+00:00, run_after=2024-10-02T01:59:21.879230+00:00
[2024-10-02T01:59:21.942+0000] {processor.py:179} INFO - Processing /home/airflow/.local/lib/python3.8/site-packages/airflow/example_dags/example_dynamic_task_mapping_with_no_taskflow_operators.py took 0.441 seconds
[2024-10-02T01:59:52.060+0000] {processor.py:157} INFO - Started process (PID=845) to work on /home/airflow/.local/lib/python3.8/site-packages/airflow/example_dags/example_dynamic_task_mapping_with_no_taskflow_operators.py
[2024-10-02T01:59:52.067+0000] {processor.py:829} INFO - Processing file /home/airflow/.local/lib/python3.8/site-packages/airflow/example_dags/example_dynamic_task_mapping_with_no_taskflow_operators.py for tasks to queue
[2024-10-02T01:59:52.073+0000] {logging_mixin.py:151} INFO - [2024-10-02T01:59:52.073+0000] {dagbag.py:539} INFO - Filling up the DagBag from /home/airflow/.local/lib/python3.8/site-packages/airflow/example_dags/example_dynamic_task_mapping_with_no_taskflow_operators.py
[2024-10-02T01:59:52.091+0000] {processor.py:839} INFO - DAG(s) dict_keys(['example_dynamic_task_mapping_with_no_taskflow_operators']) retrieved from /home/airflow/.local/lib/python3.8/site-packages/airflow/example_dags/example_dynamic_task_mapping_with_no_taskflow_operators.py
[2024-10-02T01:59:52.125+0000] {logging_mixin.py:151} INFO - [2024-10-02T01:59:52.125+0000] {dag.py:2915} INFO - Sync 1 DAGs
[2024-10-02T01:59:52.158+0000] {logging_mixin.py:151} INFO - [2024-10-02T01:59:52.157+0000] {dag.py:3696} INFO - Setting next_dagrun for example_dynamic_task_mapping_with_no_taskflow_operators to 2024-10-01T01:59:52.156829+00:00, run_after=2024-10-02T01:59:52.156829+00:00
[2024-10-02T01:59:52.183+0000] {processor.py:179} INFO - Processing /home/airflow/.local/lib/python3.8/site-packages/airflow/example_dags/example_dynamic_task_mapping_with_no_taskflow_operators.py took 0.127 seconds
[2024-10-02T02:00:23.025+0000] {processor.py:157} INFO - Started process (PID=893) to work on /home/airflow/.local/lib/python3.8/site-packages/airflow/example_dags/example_dynamic_task_mapping_with_no_taskflow_operators.py
[2024-10-02T02:00:23.045+0000] {processor.py:829} INFO - Processing file /home/airflow/.local/lib/python3.8/site-packages/airflow/example_dags/example_dynamic_task_mapping_with_no_taskflow_operators.py for tasks to queue
[2024-10-02T02:00:23.068+0000] {logging_mixin.py:151} INFO - [2024-10-02T02:00:23.068+0000] {dagbag.py:539} INFO - Filling up the DagBag from /home/airflow/.local/lib/python3.8/site-packages/airflow/example_dags/example_dynamic_task_mapping_with_no_taskflow_operators.py
[2024-10-02T02:00:23.088+0000] {processor.py:839} INFO - DAG(s) dict_keys(['example_dynamic_task_mapping_with_no_taskflow_operators']) retrieved from /home/airflow/.local/lib/python3.8/site-packages/airflow/example_dags/example_dynamic_task_mapping_with_no_taskflow_operators.py
[2024-10-02T02:00:23.182+0000] {logging_mixin.py:151} INFO - [2024-10-02T02:00:23.182+0000] {dag.py:2915} INFO - Sync 1 DAGs
[2024-10-02T02:00:23.310+0000] {logging_mixin.py:151} INFO - [2024-10-02T02:00:23.309+0000] {dag.py:3696} INFO - Setting next_dagrun for example_dynamic_task_mapping_with_no_taskflow_operators to 2024-10-01T02:00:23.308055+00:00, run_after=2024-10-02T02:00:23.308055+00:00
[2024-10-02T02:00:23.383+0000] {processor.py:179} INFO - Processing /home/airflow/.local/lib/python3.8/site-packages/airflow/example_dags/example_dynamic_task_mapping_with_no_taskflow_operators.py took 0.363 seconds
[2024-10-02T02:00:53.498+0000] {processor.py:157} INFO - Started process (PID=941) to work on /home/airflow/.local/lib/python3.8/site-packages/airflow/example_dags/example_dynamic_task_mapping_with_no_taskflow_operators.py
[2024-10-02T02:00:53.500+0000] {processor.py:829} INFO - Processing file /home/airflow/.local/lib/python3.8/site-packages/airflow/example_dags/example_dynamic_task_mapping_with_no_taskflow_operators.py for tasks to queue
[2024-10-02T02:00:53.504+0000] {logging_mixin.py:151} INFO - [2024-10-02T02:00:53.503+0000] {dagbag.py:539} INFO - Filling up the DagBag from /home/airflow/.local/lib/python3.8/site-packages/airflow/example_dags/example_dynamic_task_mapping_with_no_taskflow_operators.py
[2024-10-02T02:00:53.517+0000] {processor.py:839} INFO - DAG(s) dict_keys(['example_dynamic_task_mapping_with_no_taskflow_operators']) retrieved from /home/airflow/.local/lib/python3.8/site-packages/airflow/example_dags/example_dynamic_task_mapping_with_no_taskflow_operators.py
[2024-10-02T02:00:53.550+0000] {logging_mixin.py:151} INFO - [2024-10-02T02:00:53.550+0000] {dag.py:2915} INFO - Sync 1 DAGs
[2024-10-02T02:00:53.578+0000] {logging_mixin.py:151} INFO - [2024-10-02T02:00:53.578+0000] {dag.py:3696} INFO - Setting next_dagrun for example_dynamic_task_mapping_with_no_taskflow_operators to 2024-10-01T02:00:53.577035+00:00, run_after=2024-10-02T02:00:53.577035+00:00
[2024-10-02T02:00:53.601+0000] {processor.py:179} INFO - Processing /home/airflow/.local/lib/python3.8/site-packages/airflow/example_dags/example_dynamic_task_mapping_with_no_taskflow_operators.py took 0.109 seconds
[2024-10-02T02:01:24.032+0000] {processor.py:157} INFO - Started process (PID=989) to work on /home/airflow/.local/lib/python3.8/site-packages/airflow/example_dags/example_dynamic_task_mapping_with_no_taskflow_operators.py
[2024-10-02T02:01:24.038+0000] {processor.py:829} INFO - Processing file /home/airflow/.local/lib/python3.8/site-packages/airflow/example_dags/example_dynamic_task_mapping_with_no_taskflow_operators.py for tasks to queue
[2024-10-02T02:01:24.042+0000] {logging_mixin.py:151} INFO - [2024-10-02T02:01:24.042+0000] {dagbag.py:539} INFO - Filling up the DagBag from /home/airflow/.local/lib/python3.8/site-packages/airflow/example_dags/example_dynamic_task_mapping_with_no_taskflow_operators.py
[2024-10-02T02:01:24.056+0000] {processor.py:839} INFO - DAG(s) dict_keys(['example_dynamic_task_mapping_with_no_taskflow_operators']) retrieved from /home/airflow/.local/lib/python3.8/site-packages/airflow/example_dags/example_dynamic_task_mapping_with_no_taskflow_operators.py
[2024-10-02T02:01:24.091+0000] {logging_mixin.py:151} INFO - [2024-10-02T02:01:24.090+0000] {dag.py:2915} INFO - Sync 1 DAGs
[2024-10-02T02:01:24.121+0000] {logging_mixin.py:151} INFO - [2024-10-02T02:01:24.120+0000] {dag.py:3696} INFO - Setting next_dagrun for example_dynamic_task_mapping_with_no_taskflow_operators to 2024-10-01T02:01:24.119938+00:00, run_after=2024-10-02T02:01:24.119938+00:00
[2024-10-02T02:01:24.145+0000] {processor.py:179} INFO - Processing /home/airflow/.local/lib/python3.8/site-packages/airflow/example_dags/example_dynamic_task_mapping_with_no_taskflow_operators.py took 0.118 seconds
[2024-10-02T02:03:17.937+0000] {processor.py:157} INFO - Started process (PID=44) to work on /home/airflow/.local/lib/python3.8/site-packages/airflow/example_dags/example_dynamic_task_mapping_with_no_taskflow_operators.py
[2024-10-02T02:03:17.949+0000] {processor.py:829} INFO - Processing file /home/airflow/.local/lib/python3.8/site-packages/airflow/example_dags/example_dynamic_task_mapping_with_no_taskflow_operators.py for tasks to queue
[2024-10-02T02:03:18.000+0000] {logging_mixin.py:151} INFO - [2024-10-02T02:03:17.992+0000] {dagbag.py:539} INFO - Filling up the DagBag from /home/airflow/.local/lib/python3.8/site-packages/airflow/example_dags/example_dynamic_task_mapping_with_no_taskflow_operators.py
[2024-10-02T02:03:18.146+0000] {processor.py:839} INFO - DAG(s) dict_keys(['example_dynamic_task_mapping_with_no_taskflow_operators']) retrieved from /home/airflow/.local/lib/python3.8/site-packages/airflow/example_dags/example_dynamic_task_mapping_with_no_taskflow_operators.py
[2024-10-02T02:03:18.501+0000] {logging_mixin.py:151} INFO - [2024-10-02T02:03:18.500+0000] {manager.py:499} INFO - Created Permission View: %s
[2024-10-02T02:03:18.542+0000] {logging_mixin.py:151} INFO - [2024-10-02T02:03:18.540+0000] {manager.py:499} INFO - Created Permission View: %s
[2024-10-02T02:03:18.573+0000] {logging_mixin.py:151} INFO - [2024-10-02T02:03:18.573+0000] {manager.py:499} INFO - Created Permission View: %s
[2024-10-02T02:03:18.589+0000] {logging_mixin.py:151} INFO - [2024-10-02T02:03:18.588+0000] {security.py:708} INFO - Not syncing DAG-level permissions for DAG 'DAG:example_dynamic_task_mapping_with_no_taskflow_operators' as access control is unset.
[2024-10-02T02:03:18.592+0000] {logging_mixin.py:151} INFO - [2024-10-02T02:03:18.592+0000] {dag.py:2915} INFO - Sync 1 DAGs
[2024-10-02T02:03:18.626+0000] {logging_mixin.py:151} INFO - [2024-10-02T02:03:18.625+0000] {dag.py:2937} INFO - Creating ORM DAG for example_dynamic_task_mapping_with_no_taskflow_operators
[2024-10-02T02:03:18.649+0000] {logging_mixin.py:151} INFO - [2024-10-02T02:03:18.649+0000] {dag.py:3696} INFO - Setting next_dagrun for example_dynamic_task_mapping_with_no_taskflow_operators to 2024-10-01T02:03:18.648092+00:00, run_after=2024-10-02T02:03:18.648092+00:00
[2024-10-02T02:03:18.693+0000] {processor.py:179} INFO - Processing /home/airflow/.local/lib/python3.8/site-packages/airflow/example_dags/example_dynamic_task_mapping_with_no_taskflow_operators.py took 0.752 seconds
[2024-10-02T02:06:15.432+0000] {processor.py:157} INFO - Started process (PID=44) to work on /home/airflow/.local/lib/python3.8/site-packages/airflow/example_dags/example_dynamic_task_mapping_with_no_taskflow_operators.py
[2024-10-02T02:06:15.442+0000] {processor.py:829} INFO - Processing file /home/airflow/.local/lib/python3.8/site-packages/airflow/example_dags/example_dynamic_task_mapping_with_no_taskflow_operators.py for tasks to queue
[2024-10-02T02:06:15.468+0000] {logging_mixin.py:151} INFO - [2024-10-02T02:06:15.465+0000] {dagbag.py:539} INFO - Filling up the DagBag from /home/airflow/.local/lib/python3.8/site-packages/airflow/example_dags/example_dynamic_task_mapping_with_no_taskflow_operators.py
[2024-10-02T02:06:15.595+0000] {processor.py:839} INFO - DAG(s) dict_keys(['example_dynamic_task_mapping_with_no_taskflow_operators']) retrieved from /home/airflow/.local/lib/python3.8/site-packages/airflow/example_dags/example_dynamic_task_mapping_with_no_taskflow_operators.py
[2024-10-02T02:06:16.107+0000] {logging_mixin.py:151} INFO - [2024-10-02T02:06:16.107+0000] {manager.py:499} INFO - Created Permission View: %s
[2024-10-02T02:06:16.134+0000] {logging_mixin.py:151} INFO - [2024-10-02T02:06:16.134+0000] {manager.py:499} INFO - Created Permission View: %s
[2024-10-02T02:06:16.186+0000] {logging_mixin.py:151} INFO - [2024-10-02T02:06:16.185+0000] {manager.py:499} INFO - Created Permission View: %s
[2024-10-02T02:06:16.190+0000] {logging_mixin.py:151} INFO - [2024-10-02T02:06:16.189+0000] {security.py:708} INFO - Not syncing DAG-level permissions for DAG 'DAG:example_dynamic_task_mapping_with_no_taskflow_operators' as access control is unset.
[2024-10-02T02:06:16.192+0000] {logging_mixin.py:151} INFO - [2024-10-02T02:06:16.191+0000] {dag.py:2915} INFO - Sync 1 DAGs
[2024-10-02T02:06:16.212+0000] {logging_mixin.py:151} INFO - [2024-10-02T02:06:16.212+0000] {dag.py:2937} INFO - Creating ORM DAG for example_dynamic_task_mapping_with_no_taskflow_operators
[2024-10-02T02:06:16.276+0000] {logging_mixin.py:151} INFO - [2024-10-02T02:06:16.274+0000] {dag.py:3696} INFO - Setting next_dagrun for example_dynamic_task_mapping_with_no_taskflow_operators to 2024-10-01T02:06:16.272828+00:00, run_after=2024-10-02T02:06:16.272828+00:00
[2024-10-02T02:06:16.393+0000] {processor.py:179} INFO - Processing /home/airflow/.local/lib/python3.8/site-packages/airflow/example_dags/example_dynamic_task_mapping_with_no_taskflow_operators.py took 0.967 seconds
[2024-10-02T02:06:46.558+0000] {processor.py:157} INFO - Started process (PID=92) to work on /home/airflow/.local/lib/python3.8/site-packages/airflow/example_dags/example_dynamic_task_mapping_with_no_taskflow_operators.py
[2024-10-02T02:06:46.560+0000] {processor.py:829} INFO - Processing file /home/airflow/.local/lib/python3.8/site-packages/airflow/example_dags/example_dynamic_task_mapping_with_no_taskflow_operators.py for tasks to queue
[2024-10-02T02:06:46.564+0000] {logging_mixin.py:151} INFO - [2024-10-02T02:06:46.563+0000] {dagbag.py:539} INFO - Filling up the DagBag from /home/airflow/.local/lib/python3.8/site-packages/airflow/example_dags/example_dynamic_task_mapping_with_no_taskflow_operators.py
[2024-10-02T02:06:46.578+0000] {processor.py:839} INFO - DAG(s) dict_keys(['example_dynamic_task_mapping_with_no_taskflow_operators']) retrieved from /home/airflow/.local/lib/python3.8/site-packages/airflow/example_dags/example_dynamic_task_mapping_with_no_taskflow_operators.py
[2024-10-02T02:06:46.607+0000] {logging_mixin.py:151} INFO - [2024-10-02T02:06:46.607+0000] {dag.py:2915} INFO - Sync 1 DAGs
[2024-10-02T02:06:46.636+0000] {logging_mixin.py:151} INFO - [2024-10-02T02:06:46.635+0000] {dag.py:3696} INFO - Setting next_dagrun for example_dynamic_task_mapping_with_no_taskflow_operators to 2024-10-01T02:06:46.633987+00:00, run_after=2024-10-02T02:06:46.633987+00:00
[2024-10-02T02:06:46.658+0000] {processor.py:179} INFO - Processing /home/airflow/.local/lib/python3.8/site-packages/airflow/example_dags/example_dynamic_task_mapping_with_no_taskflow_operators.py took 0.104 seconds
[2024-10-02T02:07:16.949+0000] {processor.py:157} INFO - Started process (PID=140) to work on /home/airflow/.local/lib/python3.8/site-packages/airflow/example_dags/example_dynamic_task_mapping_with_no_taskflow_operators.py
[2024-10-02T02:07:16.955+0000] {processor.py:829} INFO - Processing file /home/airflow/.local/lib/python3.8/site-packages/airflow/example_dags/example_dynamic_task_mapping_with_no_taskflow_operators.py for tasks to queue
[2024-10-02T02:07:16.962+0000] {logging_mixin.py:151} INFO - [2024-10-02T02:07:16.961+0000] {dagbag.py:539} INFO - Filling up the DagBag from /home/airflow/.local/lib/python3.8/site-packages/airflow/example_dags/example_dynamic_task_mapping_with_no_taskflow_operators.py
[2024-10-02T02:07:16.983+0000] {processor.py:839} INFO - DAG(s) dict_keys(['example_dynamic_task_mapping_with_no_taskflow_operators']) retrieved from /home/airflow/.local/lib/python3.8/site-packages/airflow/example_dags/example_dynamic_task_mapping_with_no_taskflow_operators.py
[2024-10-02T02:07:17.041+0000] {logging_mixin.py:151} INFO - [2024-10-02T02:07:17.040+0000] {dag.py:2915} INFO - Sync 1 DAGs
[2024-10-02T02:07:17.099+0000] {logging_mixin.py:151} INFO - [2024-10-02T02:07:17.098+0000] {dag.py:3696} INFO - Setting next_dagrun for example_dynamic_task_mapping_with_no_taskflow_operators to 2024-10-01T02:07:17.097068+00:00, run_after=2024-10-02T02:07:17.097068+00:00
[2024-10-02T02:07:17.139+0000] {processor.py:179} INFO - Processing /home/airflow/.local/lib/python3.8/site-packages/airflow/example_dags/example_dynamic_task_mapping_with_no_taskflow_operators.py took 0.195 seconds
[2024-10-02T02:07:47.290+0000] {processor.py:157} INFO - Started process (PID=188) to work on /home/airflow/.local/lib/python3.8/site-packages/airflow/example_dags/example_dynamic_task_mapping_with_no_taskflow_operators.py
[2024-10-02T02:07:47.293+0000] {processor.py:829} INFO - Processing file /home/airflow/.local/lib/python3.8/site-packages/airflow/example_dags/example_dynamic_task_mapping_with_no_taskflow_operators.py for tasks to queue
[2024-10-02T02:07:47.299+0000] {logging_mixin.py:151} INFO - [2024-10-02T02:07:47.299+0000] {dagbag.py:539} INFO - Filling up the DagBag from /home/airflow/.local/lib/python3.8/site-packages/airflow/example_dags/example_dynamic_task_mapping_with_no_taskflow_operators.py
[2024-10-02T02:07:47.315+0000] {processor.py:839} INFO - DAG(s) dict_keys(['example_dynamic_task_mapping_with_no_taskflow_operators']) retrieved from /home/airflow/.local/lib/python3.8/site-packages/airflow/example_dags/example_dynamic_task_mapping_with_no_taskflow_operators.py
[2024-10-02T02:07:47.356+0000] {logging_mixin.py:151} INFO - [2024-10-02T02:07:47.356+0000] {dag.py:2915} INFO - Sync 1 DAGs
[2024-10-02T02:07:47.390+0000] {logging_mixin.py:151} INFO - [2024-10-02T02:07:47.389+0000] {dag.py:3696} INFO - Setting next_dagrun for example_dynamic_task_mapping_with_no_taskflow_operators to 2024-10-01T02:07:47.388686+00:00, run_after=2024-10-02T02:07:47.388686+00:00
[2024-10-02T02:07:47.428+0000] {processor.py:179} INFO - Processing /home/airflow/.local/lib/python3.8/site-packages/airflow/example_dags/example_dynamic_task_mapping_with_no_taskflow_operators.py took 0.142 seconds
[2024-10-02T02:08:17.877+0000] {processor.py:157} INFO - Started process (PID=236) to work on /home/airflow/.local/lib/python3.8/site-packages/airflow/example_dags/example_dynamic_task_mapping_with_no_taskflow_operators.py
[2024-10-02T02:08:17.880+0000] {processor.py:829} INFO - Processing file /home/airflow/.local/lib/python3.8/site-packages/airflow/example_dags/example_dynamic_task_mapping_with_no_taskflow_operators.py for tasks to queue
[2024-10-02T02:08:17.885+0000] {logging_mixin.py:151} INFO - [2024-10-02T02:08:17.884+0000] {dagbag.py:539} INFO - Filling up the DagBag from /home/airflow/.local/lib/python3.8/site-packages/airflow/example_dags/example_dynamic_task_mapping_with_no_taskflow_operators.py
[2024-10-02T02:08:17.909+0000] {processor.py:839} INFO - DAG(s) dict_keys(['example_dynamic_task_mapping_with_no_taskflow_operators']) retrieved from /home/airflow/.local/lib/python3.8/site-packages/airflow/example_dags/example_dynamic_task_mapping_with_no_taskflow_operators.py
[2024-10-02T02:08:17.954+0000] {logging_mixin.py:151} INFO - [2024-10-02T02:08:17.953+0000] {dag.py:2915} INFO - Sync 1 DAGs
[2024-10-02T02:08:18.000+0000] {logging_mixin.py:151} INFO - [2024-10-02T02:08:17.999+0000] {dag.py:3696} INFO - Setting next_dagrun for example_dynamic_task_mapping_with_no_taskflow_operators to 2024-10-01T02:08:17.997096+00:00, run_after=2024-10-02T02:08:17.997096+00:00
[2024-10-02T02:08:18.030+0000] {processor.py:179} INFO - Processing /home/airflow/.local/lib/python3.8/site-packages/airflow/example_dags/example_dynamic_task_mapping_with_no_taskflow_operators.py took 0.158 seconds
[2024-10-02T02:08:48.454+0000] {processor.py:157} INFO - Started process (PID=284) to work on /home/airflow/.local/lib/python3.8/site-packages/airflow/example_dags/example_dynamic_task_mapping_with_no_taskflow_operators.py
[2024-10-02T02:08:48.456+0000] {processor.py:829} INFO - Processing file /home/airflow/.local/lib/python3.8/site-packages/airflow/example_dags/example_dynamic_task_mapping_with_no_taskflow_operators.py for tasks to queue
[2024-10-02T02:08:48.461+0000] {logging_mixin.py:151} INFO - [2024-10-02T02:08:48.460+0000] {dagbag.py:539} INFO - Filling up the DagBag from /home/airflow/.local/lib/python3.8/site-packages/airflow/example_dags/example_dynamic_task_mapping_with_no_taskflow_operators.py
[2024-10-02T02:08:48.472+0000] {processor.py:839} INFO - DAG(s) dict_keys(['example_dynamic_task_mapping_with_no_taskflow_operators']) retrieved from /home/airflow/.local/lib/python3.8/site-packages/airflow/example_dags/example_dynamic_task_mapping_with_no_taskflow_operators.py
[2024-10-02T02:08:48.507+0000] {logging_mixin.py:151} INFO - [2024-10-02T02:08:48.506+0000] {dag.py:2915} INFO - Sync 1 DAGs
[2024-10-02T02:08:48.536+0000] {logging_mixin.py:151} INFO - [2024-10-02T02:08:48.534+0000] {dag.py:3696} INFO - Setting next_dagrun for example_dynamic_task_mapping_with_no_taskflow_operators to 2024-10-01T02:08:48.533269+00:00, run_after=2024-10-02T02:08:48.533269+00:00
[2024-10-02T02:08:48.565+0000] {processor.py:179} INFO - Processing /home/airflow/.local/lib/python3.8/site-packages/airflow/example_dags/example_dynamic_task_mapping_with_no_taskflow_operators.py took 0.115 seconds
[2024-10-02T02:09:19.281+0000] {processor.py:157} INFO - Started process (PID=332) to work on /home/airflow/.local/lib/python3.8/site-packages/airflow/example_dags/example_dynamic_task_mapping_with_no_taskflow_operators.py
[2024-10-02T02:09:19.284+0000] {processor.py:829} INFO - Processing file /home/airflow/.local/lib/python3.8/site-packages/airflow/example_dags/example_dynamic_task_mapping_with_no_taskflow_operators.py for tasks to queue
[2024-10-02T02:09:19.288+0000] {logging_mixin.py:151} INFO - [2024-10-02T02:09:19.287+0000] {dagbag.py:539} INFO - Filling up the DagBag from /home/airflow/.local/lib/python3.8/site-packages/airflow/example_dags/example_dynamic_task_mapping_with_no_taskflow_operators.py
[2024-10-02T02:09:19.299+0000] {processor.py:839} INFO - DAG(s) dict_keys(['example_dynamic_task_mapping_with_no_taskflow_operators']) retrieved from /home/airflow/.local/lib/python3.8/site-packages/airflow/example_dags/example_dynamic_task_mapping_with_no_taskflow_operators.py
[2024-10-02T02:09:19.335+0000] {logging_mixin.py:151} INFO - [2024-10-02T02:09:19.334+0000] {dag.py:2915} INFO - Sync 1 DAGs
[2024-10-02T02:09:19.365+0000] {logging_mixin.py:151} INFO - [2024-10-02T02:09:19.365+0000] {dag.py:3696} INFO - Setting next_dagrun for example_dynamic_task_mapping_with_no_taskflow_operators to 2024-10-01T02:09:19.363581+00:00, run_after=2024-10-02T02:09:19.363581+00:00
[2024-10-02T02:09:19.402+0000] {processor.py:179} INFO - Processing /home/airflow/.local/lib/python3.8/site-packages/airflow/example_dags/example_dynamic_task_mapping_with_no_taskflow_operators.py took 0.125 seconds
[2024-10-02T02:09:49.609+0000] {processor.py:157} INFO - Started process (PID=380) to work on /home/airflow/.local/lib/python3.8/site-packages/airflow/example_dags/example_dynamic_task_mapping_with_no_taskflow_operators.py
[2024-10-02T02:09:49.614+0000] {processor.py:829} INFO - Processing file /home/airflow/.local/lib/python3.8/site-packages/airflow/example_dags/example_dynamic_task_mapping_with_no_taskflow_operators.py for tasks to queue
[2024-10-02T02:09:49.619+0000] {logging_mixin.py:151} INFO - [2024-10-02T02:09:49.618+0000] {dagbag.py:539} INFO - Filling up the DagBag from /home/airflow/.local/lib/python3.8/site-packages/airflow/example_dags/example_dynamic_task_mapping_with_no_taskflow_operators.py
[2024-10-02T02:09:49.634+0000] {processor.py:839} INFO - DAG(s) dict_keys(['example_dynamic_task_mapping_with_no_taskflow_operators']) retrieved from /home/airflow/.local/lib/python3.8/site-packages/airflow/example_dags/example_dynamic_task_mapping_with_no_taskflow_operators.py
[2024-10-02T02:09:49.674+0000] {logging_mixin.py:151} INFO - [2024-10-02T02:09:49.673+0000] {dag.py:2915} INFO - Sync 1 DAGs
[2024-10-02T02:09:49.711+0000] {logging_mixin.py:151} INFO - [2024-10-02T02:09:49.710+0000] {dag.py:3696} INFO - Setting next_dagrun for example_dynamic_task_mapping_with_no_taskflow_operators to 2024-10-01T02:09:49.708725+00:00, run_after=2024-10-02T02:09:49.708725+00:00
[2024-10-02T02:09:49.777+0000] {processor.py:179} INFO - Processing /home/airflow/.local/lib/python3.8/site-packages/airflow/example_dags/example_dynamic_task_mapping_with_no_taskflow_operators.py took 0.173 seconds
[2024-10-02T02:10:19.938+0000] {processor.py:157} INFO - Started process (PID=428) to work on /home/airflow/.local/lib/python3.8/site-packages/airflow/example_dags/example_dynamic_task_mapping_with_no_taskflow_operators.py
[2024-10-02T02:10:19.942+0000] {processor.py:829} INFO - Processing file /home/airflow/.local/lib/python3.8/site-packages/airflow/example_dags/example_dynamic_task_mapping_with_no_taskflow_operators.py for tasks to queue
[2024-10-02T02:10:19.948+0000] {logging_mixin.py:151} INFO - [2024-10-02T02:10:19.947+0000] {dagbag.py:539} INFO - Filling up the DagBag from /home/airflow/.local/lib/python3.8/site-packages/airflow/example_dags/example_dynamic_task_mapping_with_no_taskflow_operators.py
[2024-10-02T02:10:19.971+0000] {processor.py:839} INFO - DAG(s) dict_keys(['example_dynamic_task_mapping_with_no_taskflow_operators']) retrieved from /home/airflow/.local/lib/python3.8/site-packages/airflow/example_dags/example_dynamic_task_mapping_with_no_taskflow_operators.py
[2024-10-02T02:10:20.006+0000] {logging_mixin.py:151} INFO - [2024-10-02T02:10:20.005+0000] {dag.py:2915} INFO - Sync 1 DAGs
[2024-10-02T02:10:20.040+0000] {logging_mixin.py:151} INFO - [2024-10-02T02:10:20.039+0000] {dag.py:3696} INFO - Setting next_dagrun for example_dynamic_task_mapping_with_no_taskflow_operators to 2024-10-01T02:10:20.038229+00:00, run_after=2024-10-02T02:10:20.038229+00:00
[2024-10-02T02:10:20.076+0000] {processor.py:179} INFO - Processing /home/airflow/.local/lib/python3.8/site-packages/airflow/example_dags/example_dynamic_task_mapping_with_no_taskflow_operators.py took 0.145 seconds
