[2024-10-02T01:32:10.896+0000] {processor.py:157} INFO - Started process (PID=45) to work on /home/airflow/.local/lib/python3.8/site-packages/airflow/example_dags/example_local_kubernetes_executor.py
[2024-10-02T01:32:10.900+0000] {processor.py:829} INFO - Processing file /home/airflow/.local/lib/python3.8/site-packages/airflow/example_dags/example_local_kubernetes_executor.py for tasks to queue
[2024-10-02T01:32:10.907+0000] {logging_mixin.py:151} INFO - [2024-10-02T01:32:10.906+0000] {dagbag.py:539} INFO - Filling up the DagBag from /home/airflow/.local/lib/python3.8/site-packages/airflow/example_dags/example_local_kubernetes_executor.py
[2024-10-02T01:32:14.328+0000] {processor.py:839} INFO - DAG(s) dict_keys(['example_local_kubernetes_executor']) retrieved from /home/airflow/.local/lib/python3.8/site-packages/airflow/example_dags/example_local_kubernetes_executor.py
[2024-10-02T01:32:14.571+0000] {logging_mixin.py:151} INFO - [2024-10-02T01:32:14.570+0000] {manager.py:499} INFO - Created Permission View: %s
[2024-10-02T01:32:14.590+0000] {logging_mixin.py:151} INFO - [2024-10-02T01:32:14.589+0000] {manager.py:499} INFO - Created Permission View: %s
[2024-10-02T01:32:14.601+0000] {logging_mixin.py:151} INFO - [2024-10-02T01:32:14.601+0000] {manager.py:499} INFO - Created Permission View: %s
[2024-10-02T01:32:14.602+0000] {logging_mixin.py:151} INFO - [2024-10-02T01:32:14.602+0000] {security.py:708} INFO - Not syncing DAG-level permissions for DAG 'DAG:example_local_kubernetes_executor' as access control is unset.
[2024-10-02T01:32:14.604+0000] {logging_mixin.py:151} INFO - [2024-10-02T01:32:14.603+0000] {dag.py:2915} INFO - Sync 1 DAGs
[2024-10-02T01:32:14.622+0000] {logging_mixin.py:151} INFO - [2024-10-02T01:32:14.621+0000] {dag.py:2937} INFO - Creating ORM DAG for example_local_kubernetes_executor
[2024-10-02T01:32:14.627+0000] {logging_mixin.py:151} INFO - [2024-10-02T01:32:14.627+0000] {dag.py:3696} INFO - Setting next_dagrun for example_local_kubernetes_executor to None, run_after=None
[2024-10-02T01:32:14.664+0000] {processor.py:179} INFO - Processing /home/airflow/.local/lib/python3.8/site-packages/airflow/example_dags/example_local_kubernetes_executor.py took 3.781 seconds
[2024-10-02T01:32:45.262+0000] {processor.py:157} INFO - Started process (PID=97) to work on /home/airflow/.local/lib/python3.8/site-packages/airflow/example_dags/example_local_kubernetes_executor.py
[2024-10-02T01:32:45.265+0000] {processor.py:829} INFO - Processing file /home/airflow/.local/lib/python3.8/site-packages/airflow/example_dags/example_local_kubernetes_executor.py for tasks to queue
[2024-10-02T01:32:45.272+0000] {logging_mixin.py:151} INFO - [2024-10-02T01:32:45.270+0000] {dagbag.py:539} INFO - Filling up the DagBag from /home/airflow/.local/lib/python3.8/site-packages/airflow/example_dags/example_local_kubernetes_executor.py
[2024-10-02T01:32:45.791+0000] {processor.py:839} INFO - DAG(s) dict_keys(['example_local_kubernetes_executor']) retrieved from /home/airflow/.local/lib/python3.8/site-packages/airflow/example_dags/example_local_kubernetes_executor.py
[2024-10-02T01:32:45.843+0000] {logging_mixin.py:151} INFO - [2024-10-02T01:32:45.842+0000] {dag.py:2915} INFO - Sync 1 DAGs
[2024-10-02T01:32:45.856+0000] {logging_mixin.py:151} INFO - [2024-10-02T01:32:45.856+0000] {dag.py:3696} INFO - Setting next_dagrun for example_local_kubernetes_executor to None, run_after=None
[2024-10-02T01:32:45.878+0000] {processor.py:179} INFO - Processing /home/airflow/.local/lib/python3.8/site-packages/airflow/example_dags/example_local_kubernetes_executor.py took 0.623 seconds
[2024-10-02T01:33:16.082+0000] {processor.py:157} INFO - Started process (PID=146) to work on /home/airflow/.local/lib/python3.8/site-packages/airflow/example_dags/example_local_kubernetes_executor.py
[2024-10-02T01:33:16.085+0000] {processor.py:829} INFO - Processing file /home/airflow/.local/lib/python3.8/site-packages/airflow/example_dags/example_local_kubernetes_executor.py for tasks to queue
[2024-10-02T01:33:16.092+0000] {logging_mixin.py:151} INFO - [2024-10-02T01:33:16.091+0000] {dagbag.py:539} INFO - Filling up the DagBag from /home/airflow/.local/lib/python3.8/site-packages/airflow/example_dags/example_local_kubernetes_executor.py
[2024-10-02T01:33:16.798+0000] {processor.py:839} INFO - DAG(s) dict_keys(['example_local_kubernetes_executor']) retrieved from /home/airflow/.local/lib/python3.8/site-packages/airflow/example_dags/example_local_kubernetes_executor.py
[2024-10-02T01:33:16.869+0000] {logging_mixin.py:151} INFO - [2024-10-02T01:33:16.867+0000] {dag.py:2915} INFO - Sync 1 DAGs
[2024-10-02T01:33:16.885+0000] {logging_mixin.py:151} INFO - [2024-10-02T01:33:16.885+0000] {dag.py:3696} INFO - Setting next_dagrun for example_local_kubernetes_executor to None, run_after=None
[2024-10-02T01:33:16.916+0000] {processor.py:179} INFO - Processing /home/airflow/.local/lib/python3.8/site-packages/airflow/example_dags/example_local_kubernetes_executor.py took 0.839 seconds
[2024-10-02T01:33:47.030+0000] {processor.py:157} INFO - Started process (PID=195) to work on /home/airflow/.local/lib/python3.8/site-packages/airflow/example_dags/example_local_kubernetes_executor.py
[2024-10-02T01:33:47.032+0000] {processor.py:829} INFO - Processing file /home/airflow/.local/lib/python3.8/site-packages/airflow/example_dags/example_local_kubernetes_executor.py for tasks to queue
[2024-10-02T01:33:47.038+0000] {logging_mixin.py:151} INFO - [2024-10-02T01:33:47.037+0000] {dagbag.py:539} INFO - Filling up the DagBag from /home/airflow/.local/lib/python3.8/site-packages/airflow/example_dags/example_local_kubernetes_executor.py
[2024-10-02T01:33:47.398+0000] {processor.py:839} INFO - DAG(s) dict_keys(['example_local_kubernetes_executor']) retrieved from /home/airflow/.local/lib/python3.8/site-packages/airflow/example_dags/example_local_kubernetes_executor.py
[2024-10-02T01:33:47.471+0000] {logging_mixin.py:151} INFO - [2024-10-02T01:33:47.471+0000] {dag.py:2915} INFO - Sync 1 DAGs
[2024-10-02T01:33:47.495+0000] {logging_mixin.py:151} INFO - [2024-10-02T01:33:47.494+0000] {dag.py:3696} INFO - Setting next_dagrun for example_local_kubernetes_executor to None, run_after=None
[2024-10-02T01:33:47.531+0000] {processor.py:179} INFO - Processing /home/airflow/.local/lib/python3.8/site-packages/airflow/example_dags/example_local_kubernetes_executor.py took 0.504 seconds
[2024-10-02T01:34:17.854+0000] {processor.py:157} INFO - Started process (PID=243) to work on /home/airflow/.local/lib/python3.8/site-packages/airflow/example_dags/example_local_kubernetes_executor.py
[2024-10-02T01:34:17.857+0000] {processor.py:829} INFO - Processing file /home/airflow/.local/lib/python3.8/site-packages/airflow/example_dags/example_local_kubernetes_executor.py for tasks to queue
[2024-10-02T01:34:17.863+0000] {logging_mixin.py:151} INFO - [2024-10-02T01:34:17.863+0000] {dagbag.py:539} INFO - Filling up the DagBag from /home/airflow/.local/lib/python3.8/site-packages/airflow/example_dags/example_local_kubernetes_executor.py
[2024-10-02T01:34:18.390+0000] {processor.py:839} INFO - DAG(s) dict_keys(['example_local_kubernetes_executor']) retrieved from /home/airflow/.local/lib/python3.8/site-packages/airflow/example_dags/example_local_kubernetes_executor.py
[2024-10-02T01:34:18.465+0000] {logging_mixin.py:151} INFO - [2024-10-02T01:34:18.463+0000] {dag.py:2915} INFO - Sync 1 DAGs
[2024-10-02T01:34:18.488+0000] {logging_mixin.py:151} INFO - [2024-10-02T01:34:18.488+0000] {dag.py:3696} INFO - Setting next_dagrun for example_local_kubernetes_executor to None, run_after=None
[2024-10-02T01:34:18.533+0000] {processor.py:179} INFO - Processing /home/airflow/.local/lib/python3.8/site-packages/airflow/example_dags/example_local_kubernetes_executor.py took 0.686 seconds
[2024-10-02T01:34:48.656+0000] {processor.py:157} INFO - Started process (PID=293) to work on /home/airflow/.local/lib/python3.8/site-packages/airflow/example_dags/example_local_kubernetes_executor.py
[2024-10-02T01:34:48.659+0000] {processor.py:829} INFO - Processing file /home/airflow/.local/lib/python3.8/site-packages/airflow/example_dags/example_local_kubernetes_executor.py for tasks to queue
[2024-10-02T01:34:48.663+0000] {logging_mixin.py:151} INFO - [2024-10-02T01:34:48.662+0000] {dagbag.py:539} INFO - Filling up the DagBag from /home/airflow/.local/lib/python3.8/site-packages/airflow/example_dags/example_local_kubernetes_executor.py
[2024-10-02T01:34:49.146+0000] {processor.py:839} INFO - DAG(s) dict_keys(['example_local_kubernetes_executor']) retrieved from /home/airflow/.local/lib/python3.8/site-packages/airflow/example_dags/example_local_kubernetes_executor.py
[2024-10-02T01:34:49.212+0000] {logging_mixin.py:151} INFO - [2024-10-02T01:34:49.209+0000] {dag.py:2915} INFO - Sync 1 DAGs
[2024-10-02T01:34:49.242+0000] {logging_mixin.py:151} INFO - [2024-10-02T01:34:49.242+0000] {dag.py:3696} INFO - Setting next_dagrun for example_local_kubernetes_executor to None, run_after=None
[2024-10-02T01:34:49.278+0000] {processor.py:179} INFO - Processing /home/airflow/.local/lib/python3.8/site-packages/airflow/example_dags/example_local_kubernetes_executor.py took 0.626 seconds
[2024-10-02T01:35:19.444+0000] {processor.py:157} INFO - Started process (PID=343) to work on /home/airflow/.local/lib/python3.8/site-packages/airflow/example_dags/example_local_kubernetes_executor.py
[2024-10-02T01:35:19.447+0000] {processor.py:829} INFO - Processing file /home/airflow/.local/lib/python3.8/site-packages/airflow/example_dags/example_local_kubernetes_executor.py for tasks to queue
[2024-10-02T01:35:19.458+0000] {logging_mixin.py:151} INFO - [2024-10-02T01:35:19.452+0000] {dagbag.py:539} INFO - Filling up the DagBag from /home/airflow/.local/lib/python3.8/site-packages/airflow/example_dags/example_local_kubernetes_executor.py
[2024-10-02T01:35:19.918+0000] {processor.py:839} INFO - DAG(s) dict_keys(['example_local_kubernetes_executor']) retrieved from /home/airflow/.local/lib/python3.8/site-packages/airflow/example_dags/example_local_kubernetes_executor.py
[2024-10-02T01:35:19.981+0000] {logging_mixin.py:151} INFO - [2024-10-02T01:35:19.980+0000] {dag.py:2915} INFO - Sync 1 DAGs
[2024-10-02T01:35:20.000+0000] {logging_mixin.py:151} INFO - [2024-10-02T01:35:19.999+0000] {dag.py:3696} INFO - Setting next_dagrun for example_local_kubernetes_executor to None, run_after=None
[2024-10-02T01:35:20.032+0000] {processor.py:179} INFO - Processing /home/airflow/.local/lib/python3.8/site-packages/airflow/example_dags/example_local_kubernetes_executor.py took 0.593 seconds
[2024-10-02T01:35:50.278+0000] {processor.py:157} INFO - Started process (PID=394) to work on /home/airflow/.local/lib/python3.8/site-packages/airflow/example_dags/example_local_kubernetes_executor.py
[2024-10-02T01:35:50.281+0000] {processor.py:829} INFO - Processing file /home/airflow/.local/lib/python3.8/site-packages/airflow/example_dags/example_local_kubernetes_executor.py for tasks to queue
[2024-10-02T01:35:50.285+0000] {logging_mixin.py:151} INFO - [2024-10-02T01:35:50.285+0000] {dagbag.py:539} INFO - Filling up the DagBag from /home/airflow/.local/lib/python3.8/site-packages/airflow/example_dags/example_local_kubernetes_executor.py
[2024-10-02T01:35:50.698+0000] {processor.py:839} INFO - DAG(s) dict_keys(['example_local_kubernetes_executor']) retrieved from /home/airflow/.local/lib/python3.8/site-packages/airflow/example_dags/example_local_kubernetes_executor.py
[2024-10-02T01:35:50.766+0000] {logging_mixin.py:151} INFO - [2024-10-02T01:35:50.765+0000] {dag.py:2915} INFO - Sync 1 DAGs
[2024-10-02T01:35:50.791+0000] {logging_mixin.py:151} INFO - [2024-10-02T01:35:50.790+0000] {dag.py:3696} INFO - Setting next_dagrun for example_local_kubernetes_executor to None, run_after=None
[2024-10-02T01:35:50.837+0000] {processor.py:179} INFO - Processing /home/airflow/.local/lib/python3.8/site-packages/airflow/example_dags/example_local_kubernetes_executor.py took 0.566 seconds
[2024-10-02T01:36:21.534+0000] {processor.py:157} INFO - Started process (PID=442) to work on /home/airflow/.local/lib/python3.8/site-packages/airflow/example_dags/example_local_kubernetes_executor.py
[2024-10-02T01:36:21.537+0000] {processor.py:829} INFO - Processing file /home/airflow/.local/lib/python3.8/site-packages/airflow/example_dags/example_local_kubernetes_executor.py for tasks to queue
[2024-10-02T01:36:21.541+0000] {logging_mixin.py:151} INFO - [2024-10-02T01:36:21.541+0000] {dagbag.py:539} INFO - Filling up the DagBag from /home/airflow/.local/lib/python3.8/site-packages/airflow/example_dags/example_local_kubernetes_executor.py
[2024-10-02T01:36:21.951+0000] {processor.py:839} INFO - DAG(s) dict_keys(['example_local_kubernetes_executor']) retrieved from /home/airflow/.local/lib/python3.8/site-packages/airflow/example_dags/example_local_kubernetes_executor.py
[2024-10-02T01:36:22.016+0000] {logging_mixin.py:151} INFO - [2024-10-02T01:36:22.015+0000] {dag.py:2915} INFO - Sync 1 DAGs
[2024-10-02T01:36:22.050+0000] {logging_mixin.py:151} INFO - [2024-10-02T01:36:22.048+0000] {dag.py:3696} INFO - Setting next_dagrun for example_local_kubernetes_executor to None, run_after=None
[2024-10-02T01:36:22.086+0000] {processor.py:179} INFO - Processing /home/airflow/.local/lib/python3.8/site-packages/airflow/example_dags/example_local_kubernetes_executor.py took 0.556 seconds
[2024-10-02T01:36:52.209+0000] {processor.py:157} INFO - Started process (PID=491) to work on /home/airflow/.local/lib/python3.8/site-packages/airflow/example_dags/example_local_kubernetes_executor.py
[2024-10-02T01:36:52.213+0000] {processor.py:829} INFO - Processing file /home/airflow/.local/lib/python3.8/site-packages/airflow/example_dags/example_local_kubernetes_executor.py for tasks to queue
[2024-10-02T01:36:52.218+0000] {logging_mixin.py:151} INFO - [2024-10-02T01:36:52.217+0000] {dagbag.py:539} INFO - Filling up the DagBag from /home/airflow/.local/lib/python3.8/site-packages/airflow/example_dags/example_local_kubernetes_executor.py
[2024-10-02T01:36:52.630+0000] {processor.py:839} INFO - DAG(s) dict_keys(['example_local_kubernetes_executor']) retrieved from /home/airflow/.local/lib/python3.8/site-packages/airflow/example_dags/example_local_kubernetes_executor.py
[2024-10-02T01:36:52.695+0000] {logging_mixin.py:151} INFO - [2024-10-02T01:36:52.694+0000] {dag.py:2915} INFO - Sync 1 DAGs
[2024-10-02T01:36:52.735+0000] {logging_mixin.py:151} INFO - [2024-10-02T01:36:52.735+0000] {dag.py:3696} INFO - Setting next_dagrun for example_local_kubernetes_executor to None, run_after=None
[2024-10-02T01:36:52.770+0000] {processor.py:179} INFO - Processing /home/airflow/.local/lib/python3.8/site-packages/airflow/example_dags/example_local_kubernetes_executor.py took 0.570 seconds
[2024-10-02T01:37:23.350+0000] {processor.py:157} INFO - Started process (PID=539) to work on /home/airflow/.local/lib/python3.8/site-packages/airflow/example_dags/example_local_kubernetes_executor.py
[2024-10-02T01:37:23.354+0000] {processor.py:829} INFO - Processing file /home/airflow/.local/lib/python3.8/site-packages/airflow/example_dags/example_local_kubernetes_executor.py for tasks to queue
[2024-10-02T01:37:23.365+0000] {logging_mixin.py:151} INFO - [2024-10-02T01:37:23.363+0000] {dagbag.py:539} INFO - Filling up the DagBag from /home/airflow/.local/lib/python3.8/site-packages/airflow/example_dags/example_local_kubernetes_executor.py
[2024-10-02T01:37:24.361+0000] {processor.py:839} INFO - DAG(s) dict_keys(['example_local_kubernetes_executor']) retrieved from /home/airflow/.local/lib/python3.8/site-packages/airflow/example_dags/example_local_kubernetes_executor.py
[2024-10-02T01:37:24.446+0000] {logging_mixin.py:151} INFO - [2024-10-02T01:37:24.444+0000] {dag.py:2915} INFO - Sync 1 DAGs
[2024-10-02T01:37:24.474+0000] {logging_mixin.py:151} INFO - [2024-10-02T01:37:24.473+0000] {dag.py:3696} INFO - Setting next_dagrun for example_local_kubernetes_executor to None, run_after=None
[2024-10-02T01:37:24.513+0000] {processor.py:179} INFO - Processing /home/airflow/.local/lib/python3.8/site-packages/airflow/example_dags/example_local_kubernetes_executor.py took 1.176 seconds
[2024-10-02T01:37:54.728+0000] {processor.py:157} INFO - Started process (PID=589) to work on /home/airflow/.local/lib/python3.8/site-packages/airflow/example_dags/example_local_kubernetes_executor.py
[2024-10-02T01:37:54.735+0000] {processor.py:829} INFO - Processing file /home/airflow/.local/lib/python3.8/site-packages/airflow/example_dags/example_local_kubernetes_executor.py for tasks to queue
[2024-10-02T01:37:54.742+0000] {logging_mixin.py:151} INFO - [2024-10-02T01:37:54.740+0000] {dagbag.py:539} INFO - Filling up the DagBag from /home/airflow/.local/lib/python3.8/site-packages/airflow/example_dags/example_local_kubernetes_executor.py
[2024-10-02T01:37:55.277+0000] {processor.py:839} INFO - DAG(s) dict_keys(['example_local_kubernetes_executor']) retrieved from /home/airflow/.local/lib/python3.8/site-packages/airflow/example_dags/example_local_kubernetes_executor.py
[2024-10-02T01:37:55.339+0000] {logging_mixin.py:151} INFO - [2024-10-02T01:37:55.337+0000] {dag.py:2915} INFO - Sync 1 DAGs
[2024-10-02T01:37:55.360+0000] {logging_mixin.py:151} INFO - [2024-10-02T01:37:55.360+0000] {dag.py:3696} INFO - Setting next_dagrun for example_local_kubernetes_executor to None, run_after=None
[2024-10-02T01:37:55.401+0000] {processor.py:179} INFO - Processing /home/airflow/.local/lib/python3.8/site-packages/airflow/example_dags/example_local_kubernetes_executor.py took 0.678 seconds
[2024-10-02T01:38:25.561+0000] {processor.py:157} INFO - Started process (PID=638) to work on /home/airflow/.local/lib/python3.8/site-packages/airflow/example_dags/example_local_kubernetes_executor.py
[2024-10-02T01:38:25.566+0000] {processor.py:829} INFO - Processing file /home/airflow/.local/lib/python3.8/site-packages/airflow/example_dags/example_local_kubernetes_executor.py for tasks to queue
[2024-10-02T01:38:25.572+0000] {logging_mixin.py:151} INFO - [2024-10-02T01:38:25.571+0000] {dagbag.py:539} INFO - Filling up the DagBag from /home/airflow/.local/lib/python3.8/site-packages/airflow/example_dags/example_local_kubernetes_executor.py
[2024-10-02T01:38:26.085+0000] {processor.py:839} INFO - DAG(s) dict_keys(['example_local_kubernetes_executor']) retrieved from /home/airflow/.local/lib/python3.8/site-packages/airflow/example_dags/example_local_kubernetes_executor.py
[2024-10-02T01:38:26.162+0000] {logging_mixin.py:151} INFO - [2024-10-02T01:38:26.161+0000] {dag.py:2915} INFO - Sync 1 DAGs
[2024-10-02T01:38:26.187+0000] {logging_mixin.py:151} INFO - [2024-10-02T01:38:26.187+0000] {dag.py:3696} INFO - Setting next_dagrun for example_local_kubernetes_executor to None, run_after=None
[2024-10-02T01:38:26.240+0000] {processor.py:179} INFO - Processing /home/airflow/.local/lib/python3.8/site-packages/airflow/example_dags/example_local_kubernetes_executor.py took 0.684 seconds
[2024-10-02T01:38:56.440+0000] {processor.py:157} INFO - Started process (PID=688) to work on /home/airflow/.local/lib/python3.8/site-packages/airflow/example_dags/example_local_kubernetes_executor.py
[2024-10-02T01:38:56.443+0000] {processor.py:829} INFO - Processing file /home/airflow/.local/lib/python3.8/site-packages/airflow/example_dags/example_local_kubernetes_executor.py for tasks to queue
[2024-10-02T01:38:56.448+0000] {logging_mixin.py:151} INFO - [2024-10-02T01:38:56.447+0000] {dagbag.py:539} INFO - Filling up the DagBag from /home/airflow/.local/lib/python3.8/site-packages/airflow/example_dags/example_local_kubernetes_executor.py
[2024-10-02T01:38:56.819+0000] {processor.py:839} INFO - DAG(s) dict_keys(['example_local_kubernetes_executor']) retrieved from /home/airflow/.local/lib/python3.8/site-packages/airflow/example_dags/example_local_kubernetes_executor.py
[2024-10-02T01:38:56.903+0000] {logging_mixin.py:151} INFO - [2024-10-02T01:38:56.902+0000] {dag.py:2915} INFO - Sync 1 DAGs
[2024-10-02T01:38:56.927+0000] {logging_mixin.py:151} INFO - [2024-10-02T01:38:56.926+0000] {dag.py:3696} INFO - Setting next_dagrun for example_local_kubernetes_executor to None, run_after=None
[2024-10-02T01:38:56.958+0000] {processor.py:179} INFO - Processing /home/airflow/.local/lib/python3.8/site-packages/airflow/example_dags/example_local_kubernetes_executor.py took 0.523 seconds
[2024-10-02T01:39:27.123+0000] {processor.py:157} INFO - Started process (PID=736) to work on /home/airflow/.local/lib/python3.8/site-packages/airflow/example_dags/example_local_kubernetes_executor.py
[2024-10-02T01:39:27.126+0000] {processor.py:829} INFO - Processing file /home/airflow/.local/lib/python3.8/site-packages/airflow/example_dags/example_local_kubernetes_executor.py for tasks to queue
[2024-10-02T01:39:27.131+0000] {logging_mixin.py:151} INFO - [2024-10-02T01:39:27.130+0000] {dagbag.py:539} INFO - Filling up the DagBag from /home/airflow/.local/lib/python3.8/site-packages/airflow/example_dags/example_local_kubernetes_executor.py
[2024-10-02T01:39:27.640+0000] {processor.py:839} INFO - DAG(s) dict_keys(['example_local_kubernetes_executor']) retrieved from /home/airflow/.local/lib/python3.8/site-packages/airflow/example_dags/example_local_kubernetes_executor.py
[2024-10-02T01:39:27.709+0000] {logging_mixin.py:151} INFO - [2024-10-02T01:39:27.706+0000] {dag.py:2915} INFO - Sync 1 DAGs
[2024-10-02T01:39:27.779+0000] {logging_mixin.py:151} INFO - [2024-10-02T01:39:27.778+0000] {dag.py:3696} INFO - Setting next_dagrun for example_local_kubernetes_executor to None, run_after=None
[2024-10-02T01:39:27.822+0000] {processor.py:179} INFO - Processing /home/airflow/.local/lib/python3.8/site-packages/airflow/example_dags/example_local_kubernetes_executor.py took 0.702 seconds
[2024-10-02T01:45:29.190+0000] {processor.py:157} INFO - Started process (PID=45) to work on /home/airflow/.local/lib/python3.8/site-packages/airflow/example_dags/example_local_kubernetes_executor.py
[2024-10-02T01:45:29.198+0000] {processor.py:829} INFO - Processing file /home/airflow/.local/lib/python3.8/site-packages/airflow/example_dags/example_local_kubernetes_executor.py for tasks to queue
[2024-10-02T01:45:29.211+0000] {logging_mixin.py:151} INFO - [2024-10-02T01:45:29.208+0000] {dagbag.py:539} INFO - Filling up the DagBag from /home/airflow/.local/lib/python3.8/site-packages/airflow/example_dags/example_local_kubernetes_executor.py
[2024-10-02T01:45:32.570+0000] {processor.py:839} INFO - DAG(s) dict_keys(['example_local_kubernetes_executor']) retrieved from /home/airflow/.local/lib/python3.8/site-packages/airflow/example_dags/example_local_kubernetes_executor.py
[2024-10-02T01:45:33.162+0000] {logging_mixin.py:151} INFO - [2024-10-02T01:45:33.162+0000] {manager.py:499} INFO - Created Permission View: %s
[2024-10-02T01:45:33.188+0000] {logging_mixin.py:151} INFO - [2024-10-02T01:45:33.187+0000] {manager.py:499} INFO - Created Permission View: %s
[2024-10-02T01:45:33.246+0000] {logging_mixin.py:151} INFO - [2024-10-02T01:45:33.246+0000] {manager.py:499} INFO - Created Permission View: %s
[2024-10-02T01:45:33.251+0000] {logging_mixin.py:151} INFO - [2024-10-02T01:45:33.250+0000] {security.py:708} INFO - Not syncing DAG-level permissions for DAG 'DAG:example_local_kubernetes_executor' as access control is unset.
[2024-10-02T01:45:33.253+0000] {logging_mixin.py:151} INFO - [2024-10-02T01:45:33.252+0000] {dag.py:2915} INFO - Sync 1 DAGs
[2024-10-02T01:45:33.305+0000] {logging_mixin.py:151} INFO - [2024-10-02T01:45:33.302+0000] {dag.py:2937} INFO - Creating ORM DAG for example_local_kubernetes_executor
[2024-10-02T01:45:33.320+0000] {logging_mixin.py:151} INFO - [2024-10-02T01:45:33.320+0000] {dag.py:3696} INFO - Setting next_dagrun for example_local_kubernetes_executor to None, run_after=None
[2024-10-02T01:45:33.369+0000] {processor.py:179} INFO - Processing /home/airflow/.local/lib/python3.8/site-packages/airflow/example_dags/example_local_kubernetes_executor.py took 4.187 seconds
[2024-10-02T01:46:04.097+0000] {processor.py:157} INFO - Started process (PID=96) to work on /home/airflow/.local/lib/python3.8/site-packages/airflow/example_dags/example_local_kubernetes_executor.py
[2024-10-02T01:46:04.100+0000] {processor.py:829} INFO - Processing file /home/airflow/.local/lib/python3.8/site-packages/airflow/example_dags/example_local_kubernetes_executor.py for tasks to queue
[2024-10-02T01:46:04.109+0000] {logging_mixin.py:151} INFO - [2024-10-02T01:46:04.108+0000] {dagbag.py:539} INFO - Filling up the DagBag from /home/airflow/.local/lib/python3.8/site-packages/airflow/example_dags/example_local_kubernetes_executor.py
[2024-10-02T01:46:04.560+0000] {processor.py:839} INFO - DAG(s) dict_keys(['example_local_kubernetes_executor']) retrieved from /home/airflow/.local/lib/python3.8/site-packages/airflow/example_dags/example_local_kubernetes_executor.py
[2024-10-02T01:46:04.630+0000] {logging_mixin.py:151} INFO - [2024-10-02T01:46:04.629+0000] {dag.py:2915} INFO - Sync 1 DAGs
[2024-10-02T01:46:04.656+0000] {logging_mixin.py:151} INFO - [2024-10-02T01:46:04.656+0000] {dag.py:3696} INFO - Setting next_dagrun for example_local_kubernetes_executor to None, run_after=None
[2024-10-02T01:46:04.721+0000] {processor.py:179} INFO - Processing /home/airflow/.local/lib/python3.8/site-packages/airflow/example_dags/example_local_kubernetes_executor.py took 0.632 seconds
[2024-10-02T01:46:57.673+0000] {processor.py:157} INFO - Started process (PID=45) to work on /home/airflow/.local/lib/python3.8/site-packages/airflow/example_dags/example_local_kubernetes_executor.py
[2024-10-02T01:46:57.683+0000] {processor.py:829} INFO - Processing file /home/airflow/.local/lib/python3.8/site-packages/airflow/example_dags/example_local_kubernetes_executor.py for tasks to queue
[2024-10-02T01:46:57.690+0000] {logging_mixin.py:151} INFO - [2024-10-02T01:46:57.689+0000] {dagbag.py:539} INFO - Filling up the DagBag from /home/airflow/.local/lib/python3.8/site-packages/airflow/example_dags/example_local_kubernetes_executor.py
[2024-10-02T01:47:02.449+0000] {processor.py:839} INFO - DAG(s) dict_keys(['example_local_kubernetes_executor']) retrieved from /home/airflow/.local/lib/python3.8/site-packages/airflow/example_dags/example_local_kubernetes_executor.py
[2024-10-02T01:47:02.539+0000] {logging_mixin.py:151} INFO - [2024-10-02T01:47:02.538+0000] {dag.py:2915} INFO - Sync 1 DAGs
[2024-10-02T01:47:02.595+0000] {logging_mixin.py:151} INFO - [2024-10-02T01:47:02.595+0000] {dag.py:3696} INFO - Setting next_dagrun for example_local_kubernetes_executor to None, run_after=None
[2024-10-02T01:47:02.669+0000] {processor.py:179} INFO - Processing /home/airflow/.local/lib/python3.8/site-packages/airflow/example_dags/example_local_kubernetes_executor.py took 4.999 seconds
[2024-10-02T01:47:33.375+0000] {processor.py:157} INFO - Started process (PID=99) to work on /home/airflow/.local/lib/python3.8/site-packages/airflow/example_dags/example_local_kubernetes_executor.py
[2024-10-02T01:47:33.377+0000] {processor.py:829} INFO - Processing file /home/airflow/.local/lib/python3.8/site-packages/airflow/example_dags/example_local_kubernetes_executor.py for tasks to queue
[2024-10-02T01:47:33.381+0000] {logging_mixin.py:151} INFO - [2024-10-02T01:47:33.381+0000] {dagbag.py:539} INFO - Filling up the DagBag from /home/airflow/.local/lib/python3.8/site-packages/airflow/example_dags/example_local_kubernetes_executor.py
[2024-10-02T01:47:33.797+0000] {processor.py:839} INFO - DAG(s) dict_keys(['example_local_kubernetes_executor']) retrieved from /home/airflow/.local/lib/python3.8/site-packages/airflow/example_dags/example_local_kubernetes_executor.py
[2024-10-02T01:47:33.879+0000] {logging_mixin.py:151} INFO - [2024-10-02T01:47:33.879+0000] {dag.py:2915} INFO - Sync 1 DAGs
[2024-10-02T01:47:33.901+0000] {logging_mixin.py:151} INFO - [2024-10-02T01:47:33.900+0000] {dag.py:3696} INFO - Setting next_dagrun for example_local_kubernetes_executor to None, run_after=None
[2024-10-02T01:47:33.936+0000] {processor.py:179} INFO - Processing /home/airflow/.local/lib/python3.8/site-packages/airflow/example_dags/example_local_kubernetes_executor.py took 0.566 seconds
[2024-10-02T01:48:25.465+0000] {processor.py:157} INFO - Started process (PID=45) to work on /home/airflow/.local/lib/python3.8/site-packages/airflow/example_dags/example_local_kubernetes_executor.py
[2024-10-02T01:48:25.472+0000] {processor.py:829} INFO - Processing file /home/airflow/.local/lib/python3.8/site-packages/airflow/example_dags/example_local_kubernetes_executor.py for tasks to queue
[2024-10-02T01:48:25.479+0000] {logging_mixin.py:151} INFO - [2024-10-02T01:48:25.478+0000] {dagbag.py:539} INFO - Filling up the DagBag from /home/airflow/.local/lib/python3.8/site-packages/airflow/example_dags/example_local_kubernetes_executor.py
[2024-10-02T01:48:29.488+0000] {processor.py:839} INFO - DAG(s) dict_keys(['example_local_kubernetes_executor']) retrieved from /home/airflow/.local/lib/python3.8/site-packages/airflow/example_dags/example_local_kubernetes_executor.py
[2024-10-02T01:48:29.543+0000] {logging_mixin.py:151} INFO - [2024-10-02T01:48:29.542+0000] {dag.py:2915} INFO - Sync 1 DAGs
[2024-10-02T01:48:29.604+0000] {logging_mixin.py:151} INFO - [2024-10-02T01:48:29.603+0000] {dag.py:3696} INFO - Setting next_dagrun for example_local_kubernetes_executor to None, run_after=None
[2024-10-02T01:48:29.661+0000] {processor.py:179} INFO - Processing /home/airflow/.local/lib/python3.8/site-packages/airflow/example_dags/example_local_kubernetes_executor.py took 4.219 seconds
[2024-10-02T01:49:00.435+0000] {processor.py:157} INFO - Started process (PID=97) to work on /home/airflow/.local/lib/python3.8/site-packages/airflow/example_dags/example_local_kubernetes_executor.py
[2024-10-02T01:49:00.439+0000] {processor.py:829} INFO - Processing file /home/airflow/.local/lib/python3.8/site-packages/airflow/example_dags/example_local_kubernetes_executor.py for tasks to queue
[2024-10-02T01:49:00.446+0000] {logging_mixin.py:151} INFO - [2024-10-02T01:49:00.445+0000] {dagbag.py:539} INFO - Filling up the DagBag from /home/airflow/.local/lib/python3.8/site-packages/airflow/example_dags/example_local_kubernetes_executor.py
[2024-10-02T01:49:00.807+0000] {processor.py:839} INFO - DAG(s) dict_keys(['example_local_kubernetes_executor']) retrieved from /home/airflow/.local/lib/python3.8/site-packages/airflow/example_dags/example_local_kubernetes_executor.py
[2024-10-02T01:49:00.870+0000] {logging_mixin.py:151} INFO - [2024-10-02T01:49:00.869+0000] {dag.py:2915} INFO - Sync 1 DAGs
[2024-10-02T01:49:00.898+0000] {logging_mixin.py:151} INFO - [2024-10-02T01:49:00.898+0000] {dag.py:3696} INFO - Setting next_dagrun for example_local_kubernetes_executor to None, run_after=None
[2024-10-02T01:49:00.931+0000] {processor.py:179} INFO - Processing /home/airflow/.local/lib/python3.8/site-packages/airflow/example_dags/example_local_kubernetes_executor.py took 0.501 seconds
[2024-10-02T01:49:31.252+0000] {processor.py:157} INFO - Started process (PID=145) to work on /home/airflow/.local/lib/python3.8/site-packages/airflow/example_dags/example_local_kubernetes_executor.py
[2024-10-02T01:49:31.265+0000] {processor.py:829} INFO - Processing file /home/airflow/.local/lib/python3.8/site-packages/airflow/example_dags/example_local_kubernetes_executor.py for tasks to queue
[2024-10-02T01:49:31.274+0000] {logging_mixin.py:151} INFO - [2024-10-02T01:49:31.273+0000] {dagbag.py:539} INFO - Filling up the DagBag from /home/airflow/.local/lib/python3.8/site-packages/airflow/example_dags/example_local_kubernetes_executor.py
[2024-10-02T01:49:31.922+0000] {processor.py:839} INFO - DAG(s) dict_keys(['example_local_kubernetes_executor']) retrieved from /home/airflow/.local/lib/python3.8/site-packages/airflow/example_dags/example_local_kubernetes_executor.py
[2024-10-02T01:49:31.979+0000] {logging_mixin.py:151} INFO - [2024-10-02T01:49:31.978+0000] {dag.py:2915} INFO - Sync 1 DAGs
[2024-10-02T01:49:32.013+0000] {logging_mixin.py:151} INFO - [2024-10-02T01:49:32.013+0000] {dag.py:3696} INFO - Setting next_dagrun for example_local_kubernetes_executor to None, run_after=None
[2024-10-02T01:49:32.054+0000] {processor.py:179} INFO - Processing /home/airflow/.local/lib/python3.8/site-packages/airflow/example_dags/example_local_kubernetes_executor.py took 0.807 seconds
[2024-10-02T01:50:02.183+0000] {processor.py:157} INFO - Started process (PID=193) to work on /home/airflow/.local/lib/python3.8/site-packages/airflow/example_dags/example_local_kubernetes_executor.py
[2024-10-02T01:50:02.186+0000] {processor.py:829} INFO - Processing file /home/airflow/.local/lib/python3.8/site-packages/airflow/example_dags/example_local_kubernetes_executor.py for tasks to queue
[2024-10-02T01:50:02.192+0000] {logging_mixin.py:151} INFO - [2024-10-02T01:50:02.191+0000] {dagbag.py:539} INFO - Filling up the DagBag from /home/airflow/.local/lib/python3.8/site-packages/airflow/example_dags/example_local_kubernetes_executor.py
[2024-10-02T01:50:02.674+0000] {processor.py:839} INFO - DAG(s) dict_keys(['example_local_kubernetes_executor']) retrieved from /home/airflow/.local/lib/python3.8/site-packages/airflow/example_dags/example_local_kubernetes_executor.py
[2024-10-02T01:50:02.796+0000] {logging_mixin.py:151} INFO - [2024-10-02T01:50:02.796+0000] {dag.py:2915} INFO - Sync 1 DAGs
[2024-10-02T01:50:02.835+0000] {logging_mixin.py:151} INFO - [2024-10-02T01:50:02.834+0000] {dag.py:3696} INFO - Setting next_dagrun for example_local_kubernetes_executor to None, run_after=None
[2024-10-02T01:50:02.939+0000] {processor.py:179} INFO - Processing /home/airflow/.local/lib/python3.8/site-packages/airflow/example_dags/example_local_kubernetes_executor.py took 0.761 seconds
[2024-10-02T01:50:33.440+0000] {processor.py:157} INFO - Started process (PID=242) to work on /home/airflow/.local/lib/python3.8/site-packages/airflow/example_dags/example_local_kubernetes_executor.py
[2024-10-02T01:50:33.443+0000] {processor.py:829} INFO - Processing file /home/airflow/.local/lib/python3.8/site-packages/airflow/example_dags/example_local_kubernetes_executor.py for tasks to queue
[2024-10-02T01:50:33.447+0000] {logging_mixin.py:151} INFO - [2024-10-02T01:50:33.446+0000] {dagbag.py:539} INFO - Filling up the DagBag from /home/airflow/.local/lib/python3.8/site-packages/airflow/example_dags/example_local_kubernetes_executor.py
[2024-10-02T01:50:33.787+0000] {processor.py:839} INFO - DAG(s) dict_keys(['example_local_kubernetes_executor']) retrieved from /home/airflow/.local/lib/python3.8/site-packages/airflow/example_dags/example_local_kubernetes_executor.py
[2024-10-02T01:50:33.840+0000] {logging_mixin.py:151} INFO - [2024-10-02T01:50:33.838+0000] {dag.py:2915} INFO - Sync 1 DAGs
[2024-10-02T01:50:33.864+0000] {logging_mixin.py:151} INFO - [2024-10-02T01:50:33.864+0000] {dag.py:3696} INFO - Setting next_dagrun for example_local_kubernetes_executor to None, run_after=None
[2024-10-02T01:50:33.891+0000] {processor.py:179} INFO - Processing /home/airflow/.local/lib/python3.8/site-packages/airflow/example_dags/example_local_kubernetes_executor.py took 0.455 seconds
[2024-10-02T01:51:04.174+0000] {processor.py:157} INFO - Started process (PID=292) to work on /home/airflow/.local/lib/python3.8/site-packages/airflow/example_dags/example_local_kubernetes_executor.py
[2024-10-02T01:51:04.178+0000] {processor.py:829} INFO - Processing file /home/airflow/.local/lib/python3.8/site-packages/airflow/example_dags/example_local_kubernetes_executor.py for tasks to queue
[2024-10-02T01:51:04.182+0000] {logging_mixin.py:151} INFO - [2024-10-02T01:51:04.181+0000] {dagbag.py:539} INFO - Filling up the DagBag from /home/airflow/.local/lib/python3.8/site-packages/airflow/example_dags/example_local_kubernetes_executor.py
[2024-10-02T01:51:04.551+0000] {processor.py:839} INFO - DAG(s) dict_keys(['example_local_kubernetes_executor']) retrieved from /home/airflow/.local/lib/python3.8/site-packages/airflow/example_dags/example_local_kubernetes_executor.py
[2024-10-02T01:51:04.613+0000] {logging_mixin.py:151} INFO - [2024-10-02T01:51:04.612+0000] {dag.py:2915} INFO - Sync 1 DAGs
[2024-10-02T01:51:04.633+0000] {logging_mixin.py:151} INFO - [2024-10-02T01:51:04.633+0000] {dag.py:3696} INFO - Setting next_dagrun for example_local_kubernetes_executor to None, run_after=None
[2024-10-02T01:51:04.662+0000] {processor.py:179} INFO - Processing /home/airflow/.local/lib/python3.8/site-packages/airflow/example_dags/example_local_kubernetes_executor.py took 0.493 seconds
[2024-10-02T01:51:35.602+0000] {processor.py:157} INFO - Started process (PID=342) to work on /home/airflow/.local/lib/python3.8/site-packages/airflow/example_dags/example_local_kubernetes_executor.py
[2024-10-02T01:51:35.605+0000] {processor.py:829} INFO - Processing file /home/airflow/.local/lib/python3.8/site-packages/airflow/example_dags/example_local_kubernetes_executor.py for tasks to queue
[2024-10-02T01:51:35.611+0000] {logging_mixin.py:151} INFO - [2024-10-02T01:51:35.610+0000] {dagbag.py:539} INFO - Filling up the DagBag from /home/airflow/.local/lib/python3.8/site-packages/airflow/example_dags/example_local_kubernetes_executor.py
[2024-10-02T01:51:36.018+0000] {processor.py:839} INFO - DAG(s) dict_keys(['example_local_kubernetes_executor']) retrieved from /home/airflow/.local/lib/python3.8/site-packages/airflow/example_dags/example_local_kubernetes_executor.py
[2024-10-02T01:51:36.090+0000] {logging_mixin.py:151} INFO - [2024-10-02T01:51:36.089+0000] {dag.py:2915} INFO - Sync 1 DAGs
[2024-10-02T01:51:36.104+0000] {logging_mixin.py:151} INFO - [2024-10-02T01:51:36.104+0000] {dag.py:3696} INFO - Setting next_dagrun for example_local_kubernetes_executor to None, run_after=None
[2024-10-02T01:51:36.127+0000] {processor.py:179} INFO - Processing /home/airflow/.local/lib/python3.8/site-packages/airflow/example_dags/example_local_kubernetes_executor.py took 0.532 seconds
[2024-10-02T01:52:06.959+0000] {processor.py:157} INFO - Started process (PID=391) to work on /home/airflow/.local/lib/python3.8/site-packages/airflow/example_dags/example_local_kubernetes_executor.py
[2024-10-02T01:52:06.962+0000] {processor.py:829} INFO - Processing file /home/airflow/.local/lib/python3.8/site-packages/airflow/example_dags/example_local_kubernetes_executor.py for tasks to queue
[2024-10-02T01:52:06.967+0000] {logging_mixin.py:151} INFO - [2024-10-02T01:52:06.966+0000] {dagbag.py:539} INFO - Filling up the DagBag from /home/airflow/.local/lib/python3.8/site-packages/airflow/example_dags/example_local_kubernetes_executor.py
[2024-10-02T01:52:07.288+0000] {processor.py:839} INFO - DAG(s) dict_keys(['example_local_kubernetes_executor']) retrieved from /home/airflow/.local/lib/python3.8/site-packages/airflow/example_dags/example_local_kubernetes_executor.py
[2024-10-02T01:52:07.343+0000] {logging_mixin.py:151} INFO - [2024-10-02T01:52:07.343+0000] {dag.py:2915} INFO - Sync 1 DAGs
[2024-10-02T01:52:07.361+0000] {logging_mixin.py:151} INFO - [2024-10-02T01:52:07.361+0000] {dag.py:3696} INFO - Setting next_dagrun for example_local_kubernetes_executor to None, run_after=None
[2024-10-02T01:52:07.384+0000] {processor.py:179} INFO - Processing /home/airflow/.local/lib/python3.8/site-packages/airflow/example_dags/example_local_kubernetes_executor.py took 0.430 seconds
[2024-10-02T01:52:38.339+0000] {processor.py:157} INFO - Started process (PID=440) to work on /home/airflow/.local/lib/python3.8/site-packages/airflow/example_dags/example_local_kubernetes_executor.py
[2024-10-02T01:52:38.343+0000] {processor.py:829} INFO - Processing file /home/airflow/.local/lib/python3.8/site-packages/airflow/example_dags/example_local_kubernetes_executor.py for tasks to queue
[2024-10-02T01:52:38.349+0000] {logging_mixin.py:151} INFO - [2024-10-02T01:52:38.348+0000] {dagbag.py:539} INFO - Filling up the DagBag from /home/airflow/.local/lib/python3.8/site-packages/airflow/example_dags/example_local_kubernetes_executor.py
[2024-10-02T01:52:38.665+0000] {processor.py:839} INFO - DAG(s) dict_keys(['example_local_kubernetes_executor']) retrieved from /home/airflow/.local/lib/python3.8/site-packages/airflow/example_dags/example_local_kubernetes_executor.py
[2024-10-02T01:52:38.713+0000] {logging_mixin.py:151} INFO - [2024-10-02T01:52:38.712+0000] {dag.py:2915} INFO - Sync 1 DAGs
[2024-10-02T01:52:38.733+0000] {logging_mixin.py:151} INFO - [2024-10-02T01:52:38.733+0000] {dag.py:3696} INFO - Setting next_dagrun for example_local_kubernetes_executor to None, run_after=None
[2024-10-02T01:52:38.763+0000] {processor.py:179} INFO - Processing /home/airflow/.local/lib/python3.8/site-packages/airflow/example_dags/example_local_kubernetes_executor.py took 0.428 seconds
[2024-10-02T01:53:08.875+0000] {processor.py:157} INFO - Started process (PID=488) to work on /home/airflow/.local/lib/python3.8/site-packages/airflow/example_dags/example_local_kubernetes_executor.py
[2024-10-02T01:53:08.883+0000] {processor.py:829} INFO - Processing file /home/airflow/.local/lib/python3.8/site-packages/airflow/example_dags/example_local_kubernetes_executor.py for tasks to queue
[2024-10-02T01:53:08.887+0000] {logging_mixin.py:151} INFO - [2024-10-02T01:53:08.886+0000] {dagbag.py:539} INFO - Filling up the DagBag from /home/airflow/.local/lib/python3.8/site-packages/airflow/example_dags/example_local_kubernetes_executor.py
[2024-10-02T01:53:09.556+0000] {processor.py:839} INFO - DAG(s) dict_keys(['example_local_kubernetes_executor']) retrieved from /home/airflow/.local/lib/python3.8/site-packages/airflow/example_dags/example_local_kubernetes_executor.py
[2024-10-02T01:53:09.624+0000] {logging_mixin.py:151} INFO - [2024-10-02T01:53:09.624+0000] {dag.py:2915} INFO - Sync 1 DAGs
[2024-10-02T01:53:09.642+0000] {logging_mixin.py:151} INFO - [2024-10-02T01:53:09.642+0000] {dag.py:3696} INFO - Setting next_dagrun for example_local_kubernetes_executor to None, run_after=None
[2024-10-02T01:53:09.673+0000] {processor.py:179} INFO - Processing /home/airflow/.local/lib/python3.8/site-packages/airflow/example_dags/example_local_kubernetes_executor.py took 0.803 seconds
[2024-10-02T01:53:40.391+0000] {processor.py:157} INFO - Started process (PID=537) to work on /home/airflow/.local/lib/python3.8/site-packages/airflow/example_dags/example_local_kubernetes_executor.py
[2024-10-02T01:53:40.393+0000] {processor.py:829} INFO - Processing file /home/airflow/.local/lib/python3.8/site-packages/airflow/example_dags/example_local_kubernetes_executor.py for tasks to queue
[2024-10-02T01:53:40.397+0000] {logging_mixin.py:151} INFO - [2024-10-02T01:53:40.396+0000] {dagbag.py:539} INFO - Filling up the DagBag from /home/airflow/.local/lib/python3.8/site-packages/airflow/example_dags/example_local_kubernetes_executor.py
[2024-10-02T01:53:40.809+0000] {processor.py:839} INFO - DAG(s) dict_keys(['example_local_kubernetes_executor']) retrieved from /home/airflow/.local/lib/python3.8/site-packages/airflow/example_dags/example_local_kubernetes_executor.py
[2024-10-02T01:53:40.868+0000] {logging_mixin.py:151} INFO - [2024-10-02T01:53:40.867+0000] {dag.py:2915} INFO - Sync 1 DAGs
[2024-10-02T01:53:40.892+0000] {logging_mixin.py:151} INFO - [2024-10-02T01:53:40.892+0000] {dag.py:3696} INFO - Setting next_dagrun for example_local_kubernetes_executor to None, run_after=None
[2024-10-02T01:53:40.919+0000] {processor.py:179} INFO - Processing /home/airflow/.local/lib/python3.8/site-packages/airflow/example_dags/example_local_kubernetes_executor.py took 0.534 seconds
[2024-10-02T01:54:11.606+0000] {processor.py:157} INFO - Started process (PID=586) to work on /home/airflow/.local/lib/python3.8/site-packages/airflow/example_dags/example_local_kubernetes_executor.py
[2024-10-02T01:54:11.611+0000] {processor.py:829} INFO - Processing file /home/airflow/.local/lib/python3.8/site-packages/airflow/example_dags/example_local_kubernetes_executor.py for tasks to queue
[2024-10-02T01:54:11.627+0000] {logging_mixin.py:151} INFO - [2024-10-02T01:54:11.627+0000] {dagbag.py:539} INFO - Filling up the DagBag from /home/airflow/.local/lib/python3.8/site-packages/airflow/example_dags/example_local_kubernetes_executor.py
[2024-10-02T01:54:12.769+0000] {processor.py:839} INFO - DAG(s) dict_keys(['example_local_kubernetes_executor']) retrieved from /home/airflow/.local/lib/python3.8/site-packages/airflow/example_dags/example_local_kubernetes_executor.py
[2024-10-02T01:54:13.266+0000] {logging_mixin.py:151} INFO - [2024-10-02T01:54:13.263+0000] {dag.py:2915} INFO - Sync 1 DAGs
[2024-10-02T01:54:13.421+0000] {logging_mixin.py:151} INFO - [2024-10-02T01:54:13.414+0000] {dag.py:3696} INFO - Setting next_dagrun for example_local_kubernetes_executor to None, run_after=None
[2024-10-02T01:54:13.564+0000] {processor.py:179} INFO - Processing /home/airflow/.local/lib/python3.8/site-packages/airflow/example_dags/example_local_kubernetes_executor.py took 1.964 seconds
[2024-10-02T01:57:17.884+0000] {processor.py:157} INFO - Started process (PID=606) to work on /home/airflow/.local/lib/python3.8/site-packages/airflow/example_dags/example_local_kubernetes_executor.py
[2024-10-02T01:57:17.890+0000] {processor.py:829} INFO - Processing file /home/airflow/.local/lib/python3.8/site-packages/airflow/example_dags/example_local_kubernetes_executor.py for tasks to queue
[2024-10-02T01:57:17.894+0000] {logging_mixin.py:151} INFO - [2024-10-02T01:57:17.894+0000] {dagbag.py:539} INFO - Filling up the DagBag from /home/airflow/.local/lib/python3.8/site-packages/airflow/example_dags/example_local_kubernetes_executor.py
[2024-10-02T01:57:18.820+0000] {processor.py:839} INFO - DAG(s) dict_keys(['example_local_kubernetes_executor']) retrieved from /home/airflow/.local/lib/python3.8/site-packages/airflow/example_dags/example_local_kubernetes_executor.py
[2024-10-02T01:57:18.942+0000] {logging_mixin.py:151} INFO - [2024-10-02T01:57:18.941+0000] {dag.py:2915} INFO - Sync 1 DAGs
[2024-10-02T01:57:18.965+0000] {logging_mixin.py:151} INFO - [2024-10-02T01:57:18.964+0000] {dag.py:3696} INFO - Setting next_dagrun for example_local_kubernetes_executor to None, run_after=None
[2024-10-02T01:57:18.992+0000] {processor.py:179} INFO - Processing /home/airflow/.local/lib/python3.8/site-packages/airflow/example_dags/example_local_kubernetes_executor.py took 1.111 seconds
[2024-10-02T01:57:49.065+0000] {processor.py:157} INFO - Started process (PID=656) to work on /home/airflow/.local/lib/python3.8/site-packages/airflow/example_dags/example_local_kubernetes_executor.py
[2024-10-02T01:57:49.067+0000] {processor.py:829} INFO - Processing file /home/airflow/.local/lib/python3.8/site-packages/airflow/example_dags/example_local_kubernetes_executor.py for tasks to queue
[2024-10-02T01:57:49.072+0000] {logging_mixin.py:151} INFO - [2024-10-02T01:57:49.071+0000] {dagbag.py:539} INFO - Filling up the DagBag from /home/airflow/.local/lib/python3.8/site-packages/airflow/example_dags/example_local_kubernetes_executor.py
[2024-10-02T01:57:49.475+0000] {processor.py:839} INFO - DAG(s) dict_keys(['example_local_kubernetes_executor']) retrieved from /home/airflow/.local/lib/python3.8/site-packages/airflow/example_dags/example_local_kubernetes_executor.py
[2024-10-02T01:57:49.539+0000] {logging_mixin.py:151} INFO - [2024-10-02T01:57:49.538+0000] {dag.py:2915} INFO - Sync 1 DAGs
[2024-10-02T01:57:49.563+0000] {logging_mixin.py:151} INFO - [2024-10-02T01:57:49.563+0000] {dag.py:3696} INFO - Setting next_dagrun for example_local_kubernetes_executor to None, run_after=None
[2024-10-02T01:57:49.608+0000] {processor.py:179} INFO - Processing /home/airflow/.local/lib/python3.8/site-packages/airflow/example_dags/example_local_kubernetes_executor.py took 0.548 seconds
[2024-10-02T01:58:19.685+0000] {processor.py:157} INFO - Started process (PID=704) to work on /home/airflow/.local/lib/python3.8/site-packages/airflow/example_dags/example_local_kubernetes_executor.py
[2024-10-02T01:58:19.688+0000] {processor.py:829} INFO - Processing file /home/airflow/.local/lib/python3.8/site-packages/airflow/example_dags/example_local_kubernetes_executor.py for tasks to queue
[2024-10-02T01:58:19.693+0000] {logging_mixin.py:151} INFO - [2024-10-02T01:58:19.692+0000] {dagbag.py:539} INFO - Filling up the DagBag from /home/airflow/.local/lib/python3.8/site-packages/airflow/example_dags/example_local_kubernetes_executor.py
[2024-10-02T01:58:20.075+0000] {processor.py:839} INFO - DAG(s) dict_keys(['example_local_kubernetes_executor']) retrieved from /home/airflow/.local/lib/python3.8/site-packages/airflow/example_dags/example_local_kubernetes_executor.py
[2024-10-02T01:58:20.142+0000] {logging_mixin.py:151} INFO - [2024-10-02T01:58:20.141+0000] {dag.py:2915} INFO - Sync 1 DAGs
[2024-10-02T01:58:20.160+0000] {logging_mixin.py:151} INFO - [2024-10-02T01:58:20.160+0000] {dag.py:3696} INFO - Setting next_dagrun for example_local_kubernetes_executor to None, run_after=None
[2024-10-02T01:58:20.187+0000] {processor.py:179} INFO - Processing /home/airflow/.local/lib/python3.8/site-packages/airflow/example_dags/example_local_kubernetes_executor.py took 0.507 seconds
[2024-10-02T01:58:50.621+0000] {processor.py:157} INFO - Started process (PID=752) to work on /home/airflow/.local/lib/python3.8/site-packages/airflow/example_dags/example_local_kubernetes_executor.py
[2024-10-02T01:58:50.625+0000] {processor.py:829} INFO - Processing file /home/airflow/.local/lib/python3.8/site-packages/airflow/example_dags/example_local_kubernetes_executor.py for tasks to queue
[2024-10-02T01:58:50.629+0000] {logging_mixin.py:151} INFO - [2024-10-02T01:58:50.629+0000] {dagbag.py:539} INFO - Filling up the DagBag from /home/airflow/.local/lib/python3.8/site-packages/airflow/example_dags/example_local_kubernetes_executor.py
[2024-10-02T01:58:51.140+0000] {processor.py:839} INFO - DAG(s) dict_keys(['example_local_kubernetes_executor']) retrieved from /home/airflow/.local/lib/python3.8/site-packages/airflow/example_dags/example_local_kubernetes_executor.py
[2024-10-02T01:58:51.249+0000] {logging_mixin.py:151} INFO - [2024-10-02T01:58:51.249+0000] {dag.py:2915} INFO - Sync 1 DAGs
[2024-10-02T01:58:51.294+0000] {logging_mixin.py:151} INFO - [2024-10-02T01:58:51.293+0000] {dag.py:3696} INFO - Setting next_dagrun for example_local_kubernetes_executor to None, run_after=None
[2024-10-02T01:58:51.331+0000] {processor.py:179} INFO - Processing /home/airflow/.local/lib/python3.8/site-packages/airflow/example_dags/example_local_kubernetes_executor.py took 0.715 seconds
[2024-10-02T01:59:22.065+0000] {processor.py:157} INFO - Started process (PID=800) to work on /home/airflow/.local/lib/python3.8/site-packages/airflow/example_dags/example_local_kubernetes_executor.py
[2024-10-02T01:59:22.070+0000] {processor.py:829} INFO - Processing file /home/airflow/.local/lib/python3.8/site-packages/airflow/example_dags/example_local_kubernetes_executor.py for tasks to queue
[2024-10-02T01:59:22.078+0000] {logging_mixin.py:151} INFO - [2024-10-02T01:59:22.076+0000] {dagbag.py:539} INFO - Filling up the DagBag from /home/airflow/.local/lib/python3.8/site-packages/airflow/example_dags/example_local_kubernetes_executor.py
[2024-10-02T01:59:22.669+0000] {processor.py:839} INFO - DAG(s) dict_keys(['example_local_kubernetes_executor']) retrieved from /home/airflow/.local/lib/python3.8/site-packages/airflow/example_dags/example_local_kubernetes_executor.py
[2024-10-02T01:59:22.789+0000] {logging_mixin.py:151} INFO - [2024-10-02T01:59:22.787+0000] {dag.py:2915} INFO - Sync 1 DAGs
[2024-10-02T01:59:22.873+0000] {logging_mixin.py:151} INFO - [2024-10-02T01:59:22.873+0000] {dag.py:3696} INFO - Setting next_dagrun for example_local_kubernetes_executor to None, run_after=None
[2024-10-02T01:59:22.973+0000] {processor.py:179} INFO - Processing /home/airflow/.local/lib/python3.8/site-packages/airflow/example_dags/example_local_kubernetes_executor.py took 0.914 seconds
[2024-10-02T01:59:53.342+0000] {processor.py:157} INFO - Started process (PID=848) to work on /home/airflow/.local/lib/python3.8/site-packages/airflow/example_dags/example_local_kubernetes_executor.py
[2024-10-02T01:59:53.344+0000] {processor.py:829} INFO - Processing file /home/airflow/.local/lib/python3.8/site-packages/airflow/example_dags/example_local_kubernetes_executor.py for tasks to queue
[2024-10-02T01:59:53.348+0000] {logging_mixin.py:151} INFO - [2024-10-02T01:59:53.348+0000] {dagbag.py:539} INFO - Filling up the DagBag from /home/airflow/.local/lib/python3.8/site-packages/airflow/example_dags/example_local_kubernetes_executor.py
[2024-10-02T01:59:53.770+0000] {processor.py:839} INFO - DAG(s) dict_keys(['example_local_kubernetes_executor']) retrieved from /home/airflow/.local/lib/python3.8/site-packages/airflow/example_dags/example_local_kubernetes_executor.py
[2024-10-02T01:59:53.842+0000] {logging_mixin.py:151} INFO - [2024-10-02T01:59:53.842+0000] {dag.py:2915} INFO - Sync 1 DAGs
[2024-10-02T01:59:53.876+0000] {logging_mixin.py:151} INFO - [2024-10-02T01:59:53.875+0000] {dag.py:3696} INFO - Setting next_dagrun for example_local_kubernetes_executor to None, run_after=None
[2024-10-02T01:59:53.912+0000] {processor.py:179} INFO - Processing /home/airflow/.local/lib/python3.8/site-packages/airflow/example_dags/example_local_kubernetes_executor.py took 0.573 seconds
[2024-10-02T02:00:24.686+0000] {processor.py:157} INFO - Started process (PID=897) to work on /home/airflow/.local/lib/python3.8/site-packages/airflow/example_dags/example_local_kubernetes_executor.py
[2024-10-02T02:00:24.690+0000] {processor.py:829} INFO - Processing file /home/airflow/.local/lib/python3.8/site-packages/airflow/example_dags/example_local_kubernetes_executor.py for tasks to queue
[2024-10-02T02:00:24.696+0000] {logging_mixin.py:151} INFO - [2024-10-02T02:00:24.695+0000] {dagbag.py:539} INFO - Filling up the DagBag from /home/airflow/.local/lib/python3.8/site-packages/airflow/example_dags/example_local_kubernetes_executor.py
[2024-10-02T02:00:25.137+0000] {processor.py:839} INFO - DAG(s) dict_keys(['example_local_kubernetes_executor']) retrieved from /home/airflow/.local/lib/python3.8/site-packages/airflow/example_dags/example_local_kubernetes_executor.py
[2024-10-02T02:00:25.193+0000] {logging_mixin.py:151} INFO - [2024-10-02T02:00:25.192+0000] {dag.py:2915} INFO - Sync 1 DAGs
[2024-10-02T02:00:25.213+0000] {logging_mixin.py:151} INFO - [2024-10-02T02:00:25.212+0000] {dag.py:3696} INFO - Setting next_dagrun for example_local_kubernetes_executor to None, run_after=None
[2024-10-02T02:00:25.254+0000] {processor.py:179} INFO - Processing /home/airflow/.local/lib/python3.8/site-packages/airflow/example_dags/example_local_kubernetes_executor.py took 0.571 seconds
[2024-10-02T02:00:55.446+0000] {processor.py:157} INFO - Started process (PID=947) to work on /home/airflow/.local/lib/python3.8/site-packages/airflow/example_dags/example_local_kubernetes_executor.py
[2024-10-02T02:00:55.449+0000] {processor.py:829} INFO - Processing file /home/airflow/.local/lib/python3.8/site-packages/airflow/example_dags/example_local_kubernetes_executor.py for tasks to queue
[2024-10-02T02:00:55.454+0000] {logging_mixin.py:151} INFO - [2024-10-02T02:00:55.453+0000] {dagbag.py:539} INFO - Filling up the DagBag from /home/airflow/.local/lib/python3.8/site-packages/airflow/example_dags/example_local_kubernetes_executor.py
[2024-10-02T02:00:55.891+0000] {processor.py:839} INFO - DAG(s) dict_keys(['example_local_kubernetes_executor']) retrieved from /home/airflow/.local/lib/python3.8/site-packages/airflow/example_dags/example_local_kubernetes_executor.py
[2024-10-02T02:00:55.981+0000] {logging_mixin.py:151} INFO - [2024-10-02T02:00:55.981+0000] {dag.py:2915} INFO - Sync 1 DAGs
[2024-10-02T02:00:56.000+0000] {logging_mixin.py:151} INFO - [2024-10-02T02:00:56.000+0000] {dag.py:3696} INFO - Setting next_dagrun for example_local_kubernetes_executor to None, run_after=None
[2024-10-02T02:00:56.039+0000] {processor.py:179} INFO - Processing /home/airflow/.local/lib/python3.8/site-packages/airflow/example_dags/example_local_kubernetes_executor.py took 0.597 seconds
[2024-10-02T02:03:18.657+0000] {processor.py:157} INFO - Started process (PID=45) to work on /home/airflow/.local/lib/python3.8/site-packages/airflow/example_dags/example_local_kubernetes_executor.py
[2024-10-02T02:03:18.662+0000] {processor.py:829} INFO - Processing file /home/airflow/.local/lib/python3.8/site-packages/airflow/example_dags/example_local_kubernetes_executor.py for tasks to queue
[2024-10-02T02:03:18.677+0000] {logging_mixin.py:151} INFO - [2024-10-02T02:03:18.676+0000] {dagbag.py:539} INFO - Filling up the DagBag from /home/airflow/.local/lib/python3.8/site-packages/airflow/example_dags/example_local_kubernetes_executor.py
[2024-10-02T02:03:22.713+0000] {processor.py:839} INFO - DAG(s) dict_keys(['example_local_kubernetes_executor']) retrieved from /home/airflow/.local/lib/python3.8/site-packages/airflow/example_dags/example_local_kubernetes_executor.py
[2024-10-02T02:03:22.884+0000] {logging_mixin.py:151} INFO - [2024-10-02T02:03:22.883+0000] {manager.py:499} INFO - Created Permission View: %s
[2024-10-02T02:03:22.899+0000] {logging_mixin.py:151} INFO - [2024-10-02T02:03:22.899+0000] {manager.py:499} INFO - Created Permission View: %s
[2024-10-02T02:03:22.913+0000] {logging_mixin.py:151} INFO - [2024-10-02T02:03:22.913+0000] {manager.py:499} INFO - Created Permission View: %s
[2024-10-02T02:03:22.917+0000] {logging_mixin.py:151} INFO - [2024-10-02T02:03:22.916+0000] {security.py:708} INFO - Not syncing DAG-level permissions for DAG 'DAG:example_local_kubernetes_executor' as access control is unset.
[2024-10-02T02:03:22.921+0000] {logging_mixin.py:151} INFO - [2024-10-02T02:03:22.920+0000] {dag.py:2915} INFO - Sync 1 DAGs
[2024-10-02T02:03:22.937+0000] {logging_mixin.py:151} INFO - [2024-10-02T02:03:22.937+0000] {dag.py:2937} INFO - Creating ORM DAG for example_local_kubernetes_executor
[2024-10-02T02:03:22.939+0000] {logging_mixin.py:151} INFO - [2024-10-02T02:03:22.939+0000] {dag.py:3696} INFO - Setting next_dagrun for example_local_kubernetes_executor to None, run_after=None
[2024-10-02T02:03:22.962+0000] {processor.py:179} INFO - Processing /home/airflow/.local/lib/python3.8/site-packages/airflow/example_dags/example_local_kubernetes_executor.py took 4.311 seconds
[2024-10-02T02:06:16.404+0000] {processor.py:157} INFO - Started process (PID=45) to work on /home/airflow/.local/lib/python3.8/site-packages/airflow/example_dags/example_local_kubernetes_executor.py
[2024-10-02T02:06:16.423+0000] {processor.py:829} INFO - Processing file /home/airflow/.local/lib/python3.8/site-packages/airflow/example_dags/example_local_kubernetes_executor.py for tasks to queue
[2024-10-02T02:06:16.448+0000] {logging_mixin.py:151} INFO - [2024-10-02T02:06:16.447+0000] {dagbag.py:539} INFO - Filling up the DagBag from /home/airflow/.local/lib/python3.8/site-packages/airflow/example_dags/example_local_kubernetes_executor.py
[2024-10-02T02:06:19.484+0000] {processor.py:839} INFO - DAG(s) dict_keys(['example_local_kubernetes_executor']) retrieved from /home/airflow/.local/lib/python3.8/site-packages/airflow/example_dags/example_local_kubernetes_executor.py
[2024-10-02T02:06:19.843+0000] {logging_mixin.py:151} INFO - [2024-10-02T02:06:19.842+0000] {manager.py:499} INFO - Created Permission View: %s
[2024-10-02T02:06:19.871+0000] {logging_mixin.py:151} INFO - [2024-10-02T02:06:19.871+0000] {manager.py:499} INFO - Created Permission View: %s
[2024-10-02T02:06:19.893+0000] {logging_mixin.py:151} INFO - [2024-10-02T02:06:19.892+0000] {manager.py:499} INFO - Created Permission View: %s
[2024-10-02T02:06:19.898+0000] {logging_mixin.py:151} INFO - [2024-10-02T02:06:19.897+0000] {security.py:708} INFO - Not syncing DAG-level permissions for DAG 'DAG:example_local_kubernetes_executor' as access control is unset.
[2024-10-02T02:06:19.902+0000] {logging_mixin.py:151} INFO - [2024-10-02T02:06:19.901+0000] {dag.py:2915} INFO - Sync 1 DAGs
[2024-10-02T02:06:19.924+0000] {logging_mixin.py:151} INFO - [2024-10-02T02:06:19.923+0000] {dag.py:2937} INFO - Creating ORM DAG for example_local_kubernetes_executor
[2024-10-02T02:06:19.927+0000] {logging_mixin.py:151} INFO - [2024-10-02T02:06:19.927+0000] {dag.py:3696} INFO - Setting next_dagrun for example_local_kubernetes_executor to None, run_after=None
[2024-10-02T02:06:19.966+0000] {processor.py:179} INFO - Processing /home/airflow/.local/lib/python3.8/site-packages/airflow/example_dags/example_local_kubernetes_executor.py took 3.568 seconds
[2024-10-02T02:06:50.086+0000] {processor.py:157} INFO - Started process (PID=97) to work on /home/airflow/.local/lib/python3.8/site-packages/airflow/example_dags/example_local_kubernetes_executor.py
[2024-10-02T02:06:50.090+0000] {processor.py:829} INFO - Processing file /home/airflow/.local/lib/python3.8/site-packages/airflow/example_dags/example_local_kubernetes_executor.py for tasks to queue
[2024-10-02T02:06:50.101+0000] {logging_mixin.py:151} INFO - [2024-10-02T02:06:50.099+0000] {dagbag.py:539} INFO - Filling up the DagBag from /home/airflow/.local/lib/python3.8/site-packages/airflow/example_dags/example_local_kubernetes_executor.py
[2024-10-02T02:06:50.491+0000] {processor.py:839} INFO - DAG(s) dict_keys(['example_local_kubernetes_executor']) retrieved from /home/airflow/.local/lib/python3.8/site-packages/airflow/example_dags/example_local_kubernetes_executor.py
[2024-10-02T02:06:50.556+0000] {logging_mixin.py:151} INFO - [2024-10-02T02:06:50.555+0000] {dag.py:2915} INFO - Sync 1 DAGs
[2024-10-02T02:06:50.573+0000] {logging_mixin.py:151} INFO - [2024-10-02T02:06:50.572+0000] {dag.py:3696} INFO - Setting next_dagrun for example_local_kubernetes_executor to None, run_after=None
[2024-10-02T02:06:50.599+0000] {processor.py:179} INFO - Processing /home/airflow/.local/lib/python3.8/site-packages/airflow/example_dags/example_local_kubernetes_executor.py took 0.527 seconds
[2024-10-02T02:07:21.541+0000] {processor.py:157} INFO - Started process (PID=145) to work on /home/airflow/.local/lib/python3.8/site-packages/airflow/example_dags/example_local_kubernetes_executor.py
[2024-10-02T02:07:21.543+0000] {processor.py:829} INFO - Processing file /home/airflow/.local/lib/python3.8/site-packages/airflow/example_dags/example_local_kubernetes_executor.py for tasks to queue
[2024-10-02T02:07:21.547+0000] {logging_mixin.py:151} INFO - [2024-10-02T02:07:21.547+0000] {dagbag.py:539} INFO - Filling up the DagBag from /home/airflow/.local/lib/python3.8/site-packages/airflow/example_dags/example_local_kubernetes_executor.py
[2024-10-02T02:07:22.363+0000] {processor.py:839} INFO - DAG(s) dict_keys(['example_local_kubernetes_executor']) retrieved from /home/airflow/.local/lib/python3.8/site-packages/airflow/example_dags/example_local_kubernetes_executor.py
[2024-10-02T02:07:22.451+0000] {logging_mixin.py:151} INFO - [2024-10-02T02:07:22.450+0000] {dag.py:2915} INFO - Sync 1 DAGs
[2024-10-02T02:07:22.481+0000] {logging_mixin.py:151} INFO - [2024-10-02T02:07:22.481+0000] {dag.py:3696} INFO - Setting next_dagrun for example_local_kubernetes_executor to None, run_after=None
[2024-10-02T02:07:22.512+0000] {processor.py:179} INFO - Processing /home/airflow/.local/lib/python3.8/site-packages/airflow/example_dags/example_local_kubernetes_executor.py took 0.976 seconds
[2024-10-02T02:07:52.888+0000] {processor.py:157} INFO - Started process (PID=193) to work on /home/airflow/.local/lib/python3.8/site-packages/airflow/example_dags/example_local_kubernetes_executor.py
[2024-10-02T02:07:52.891+0000] {processor.py:829} INFO - Processing file /home/airflow/.local/lib/python3.8/site-packages/airflow/example_dags/example_local_kubernetes_executor.py for tasks to queue
[2024-10-02T02:07:52.894+0000] {logging_mixin.py:151} INFO - [2024-10-02T02:07:52.894+0000] {dagbag.py:539} INFO - Filling up the DagBag from /home/airflow/.local/lib/python3.8/site-packages/airflow/example_dags/example_local_kubernetes_executor.py
[2024-10-02T02:07:53.322+0000] {processor.py:839} INFO - DAG(s) dict_keys(['example_local_kubernetes_executor']) retrieved from /home/airflow/.local/lib/python3.8/site-packages/airflow/example_dags/example_local_kubernetes_executor.py
[2024-10-02T02:07:53.409+0000] {logging_mixin.py:151} INFO - [2024-10-02T02:07:53.406+0000] {dag.py:2915} INFO - Sync 1 DAGs
[2024-10-02T02:07:53.426+0000] {logging_mixin.py:151} INFO - [2024-10-02T02:07:53.425+0000] {dag.py:3696} INFO - Setting next_dagrun for example_local_kubernetes_executor to None, run_after=None
[2024-10-02T02:07:53.457+0000] {processor.py:179} INFO - Processing /home/airflow/.local/lib/python3.8/site-packages/airflow/example_dags/example_local_kubernetes_executor.py took 0.573 seconds
[2024-10-02T02:08:23.614+0000] {processor.py:157} INFO - Started process (PID=243) to work on /home/airflow/.local/lib/python3.8/site-packages/airflow/example_dags/example_local_kubernetes_executor.py
[2024-10-02T02:08:23.617+0000] {processor.py:829} INFO - Processing file /home/airflow/.local/lib/python3.8/site-packages/airflow/example_dags/example_local_kubernetes_executor.py for tasks to queue
[2024-10-02T02:08:23.623+0000] {logging_mixin.py:151} INFO - [2024-10-02T02:08:23.622+0000] {dagbag.py:539} INFO - Filling up the DagBag from /home/airflow/.local/lib/python3.8/site-packages/airflow/example_dags/example_local_kubernetes_executor.py
[2024-10-02T02:08:24.093+0000] {processor.py:839} INFO - DAG(s) dict_keys(['example_local_kubernetes_executor']) retrieved from /home/airflow/.local/lib/python3.8/site-packages/airflow/example_dags/example_local_kubernetes_executor.py
[2024-10-02T02:08:24.158+0000] {logging_mixin.py:151} INFO - [2024-10-02T02:08:24.157+0000] {dag.py:2915} INFO - Sync 1 DAGs
[2024-10-02T02:08:24.179+0000] {logging_mixin.py:151} INFO - [2024-10-02T02:08:24.178+0000] {dag.py:3696} INFO - Setting next_dagrun for example_local_kubernetes_executor to None, run_after=None
[2024-10-02T02:08:24.205+0000] {processor.py:179} INFO - Processing /home/airflow/.local/lib/python3.8/site-packages/airflow/example_dags/example_local_kubernetes_executor.py took 0.596 seconds
[2024-10-02T02:08:54.289+0000] {processor.py:157} INFO - Started process (PID=292) to work on /home/airflow/.local/lib/python3.8/site-packages/airflow/example_dags/example_local_kubernetes_executor.py
[2024-10-02T02:08:54.292+0000] {processor.py:829} INFO - Processing file /home/airflow/.local/lib/python3.8/site-packages/airflow/example_dags/example_local_kubernetes_executor.py for tasks to queue
[2024-10-02T02:08:54.295+0000] {logging_mixin.py:151} INFO - [2024-10-02T02:08:54.295+0000] {dagbag.py:539} INFO - Filling up the DagBag from /home/airflow/.local/lib/python3.8/site-packages/airflow/example_dags/example_local_kubernetes_executor.py
[2024-10-02T02:08:54.801+0000] {processor.py:839} INFO - DAG(s) dict_keys(['example_local_kubernetes_executor']) retrieved from /home/airflow/.local/lib/python3.8/site-packages/airflow/example_dags/example_local_kubernetes_executor.py
[2024-10-02T02:08:54.874+0000] {logging_mixin.py:151} INFO - [2024-10-02T02:08:54.873+0000] {dag.py:2915} INFO - Sync 1 DAGs
[2024-10-02T02:08:54.890+0000] {logging_mixin.py:151} INFO - [2024-10-02T02:08:54.890+0000] {dag.py:3696} INFO - Setting next_dagrun for example_local_kubernetes_executor to None, run_after=None
[2024-10-02T02:08:54.916+0000] {processor.py:179} INFO - Processing /home/airflow/.local/lib/python3.8/site-packages/airflow/example_dags/example_local_kubernetes_executor.py took 0.631 seconds
[2024-10-02T02:09:26.341+0000] {processor.py:157} INFO - Started process (PID=341) to work on /home/airflow/.local/lib/python3.8/site-packages/airflow/example_dags/example_local_kubernetes_executor.py
[2024-10-02T02:09:26.344+0000] {processor.py:829} INFO - Processing file /home/airflow/.local/lib/python3.8/site-packages/airflow/example_dags/example_local_kubernetes_executor.py for tasks to queue
[2024-10-02T02:09:26.353+0000] {logging_mixin.py:151} INFO - [2024-10-02T02:09:26.352+0000] {dagbag.py:539} INFO - Filling up the DagBag from /home/airflow/.local/lib/python3.8/site-packages/airflow/example_dags/example_local_kubernetes_executor.py
[2024-10-02T02:09:26.865+0000] {processor.py:839} INFO - DAG(s) dict_keys(['example_local_kubernetes_executor']) retrieved from /home/airflow/.local/lib/python3.8/site-packages/airflow/example_dags/example_local_kubernetes_executor.py
[2024-10-02T02:09:26.955+0000] {logging_mixin.py:151} INFO - [2024-10-02T02:09:26.954+0000] {dag.py:2915} INFO - Sync 1 DAGs
[2024-10-02T02:09:26.972+0000] {logging_mixin.py:151} INFO - [2024-10-02T02:09:26.971+0000] {dag.py:3696} INFO - Setting next_dagrun for example_local_kubernetes_executor to None, run_after=None
[2024-10-02T02:09:27.007+0000] {processor.py:179} INFO - Processing /home/airflow/.local/lib/python3.8/site-packages/airflow/example_dags/example_local_kubernetes_executor.py took 0.672 seconds
[2024-10-02T02:09:57.349+0000] {processor.py:157} INFO - Started process (PID=391) to work on /home/airflow/.local/lib/python3.8/site-packages/airflow/example_dags/example_local_kubernetes_executor.py
[2024-10-02T02:09:57.365+0000] {processor.py:829} INFO - Processing file /home/airflow/.local/lib/python3.8/site-packages/airflow/example_dags/example_local_kubernetes_executor.py for tasks to queue
[2024-10-02T02:09:57.378+0000] {logging_mixin.py:151} INFO - [2024-10-02T02:09:57.377+0000] {dagbag.py:539} INFO - Filling up the DagBag from /home/airflow/.local/lib/python3.8/site-packages/airflow/example_dags/example_local_kubernetes_executor.py
[2024-10-02T02:09:58.054+0000] {processor.py:839} INFO - DAG(s) dict_keys(['example_local_kubernetes_executor']) retrieved from /home/airflow/.local/lib/python3.8/site-packages/airflow/example_dags/example_local_kubernetes_executor.py
[2024-10-02T02:09:58.167+0000] {logging_mixin.py:151} INFO - [2024-10-02T02:09:58.166+0000] {dag.py:2915} INFO - Sync 1 DAGs
[2024-10-02T02:09:58.258+0000] {logging_mixin.py:151} INFO - [2024-10-02T02:09:58.257+0000] {dag.py:3696} INFO - Setting next_dagrun for example_local_kubernetes_executor to None, run_after=None
[2024-10-02T02:09:58.395+0000] {processor.py:179} INFO - Processing /home/airflow/.local/lib/python3.8/site-packages/airflow/example_dags/example_local_kubernetes_executor.py took 1.054 seconds
[2024-10-02T02:10:28.606+0000] {processor.py:157} INFO - Started process (PID=440) to work on /home/airflow/.local/lib/python3.8/site-packages/airflow/example_dags/example_local_kubernetes_executor.py
[2024-10-02T02:10:28.612+0000] {processor.py:829} INFO - Processing file /home/airflow/.local/lib/python3.8/site-packages/airflow/example_dags/example_local_kubernetes_executor.py for tasks to queue
[2024-10-02T02:10:28.617+0000] {logging_mixin.py:151} INFO - [2024-10-02T02:10:28.616+0000] {dagbag.py:539} INFO - Filling up the DagBag from /home/airflow/.local/lib/python3.8/site-packages/airflow/example_dags/example_local_kubernetes_executor.py
[2024-10-02T02:10:29.144+0000] {processor.py:839} INFO - DAG(s) dict_keys(['example_local_kubernetes_executor']) retrieved from /home/airflow/.local/lib/python3.8/site-packages/airflow/example_dags/example_local_kubernetes_executor.py
[2024-10-02T02:10:29.200+0000] {logging_mixin.py:151} INFO - [2024-10-02T02:10:29.199+0000] {dag.py:2915} INFO - Sync 1 DAGs
[2024-10-02T02:10:29.221+0000] {logging_mixin.py:151} INFO - [2024-10-02T02:10:29.220+0000] {dag.py:3696} INFO - Setting next_dagrun for example_local_kubernetes_executor to None, run_after=None
[2024-10-02T02:10:29.244+0000] {processor.py:179} INFO - Processing /home/airflow/.local/lib/python3.8/site-packages/airflow/example_dags/example_local_kubernetes_executor.py took 0.642 seconds
