[2024-10-02 01:23:29,776] {scheduler_job.py:182} INFO - Started process (PID=26) to work on /home/airflow/.local/lib/python3.6/site-packages/airflow/example_dags/example_xcomargs.py
[2024-10-02 01:23:29,781] {scheduler_job.py:629} INFO - Processing file /home/airflow/.local/lib/python3.6/site-packages/airflow/example_dags/example_xcomargs.py for tasks to queue
[2024-10-02 01:23:29,783] {logging_mixin.py:104} INFO - [2024-10-02 01:23:29,783] {dagbag.py:451} INFO - Filling up the DagBag from /home/airflow/.local/lib/python3.6/site-packages/airflow/example_dags/example_xcomargs.py
[2024-10-02 01:23:29,814] {scheduler_job.py:639} INFO - DAG(s) dict_keys(['example_xcom_args', 'example_xcom_args_with_operators']) retrieved from /home/airflow/.local/lib/python3.6/site-packages/airflow/example_dags/example_xcomargs.py
[2024-10-02 01:23:29,874] {logging_mixin.py:104} INFO - [2024-10-02 01:23:29,873] {dag.py:1824} INFO - Sync 2 DAGs
[2024-10-02 01:23:29,901] {logging_mixin.py:104} INFO - [2024-10-02 01:23:29,901] {dag.py:1843} INFO - Creating ORM DAG for example_xcom_args
[2024-10-02 01:23:29,905] {logging_mixin.py:104} INFO - [2024-10-02 01:23:29,905] {dag.py:1843} INFO - Creating ORM DAG for example_xcom_args_with_operators
[2024-10-02 01:23:29,915] {logging_mixin.py:104} INFO - [2024-10-02 01:23:29,915] {dag.py:2280} INFO - Setting next_dagrun for example_xcom_args to None
[2024-10-02 01:23:29,919] {logging_mixin.py:104} INFO - [2024-10-02 01:23:29,919] {dag.py:2280} INFO - Setting next_dagrun for example_xcom_args_with_operators to None
[2024-10-02 01:23:29,953] {scheduler_job.py:190} INFO - Processing /home/airflow/.local/lib/python3.6/site-packages/airflow/example_dags/example_xcomargs.py took 0.180 seconds
[2024-10-02 01:24:00,754] {scheduler_job.py:182} INFO - Started process (PID=53) to work on /home/airflow/.local/lib/python3.6/site-packages/airflow/example_dags/example_xcomargs.py
[2024-10-02 01:24:00,760] {scheduler_job.py:629} INFO - Processing file /home/airflow/.local/lib/python3.6/site-packages/airflow/example_dags/example_xcomargs.py for tasks to queue
[2024-10-02 01:24:00,763] {logging_mixin.py:104} INFO - [2024-10-02 01:24:00,763] {dagbag.py:451} INFO - Filling up the DagBag from /home/airflow/.local/lib/python3.6/site-packages/airflow/example_dags/example_xcomargs.py
[2024-10-02 01:24:00,790] {scheduler_job.py:639} INFO - DAG(s) dict_keys(['example_xcom_args', 'example_xcom_args_with_operators']) retrieved from /home/airflow/.local/lib/python3.6/site-packages/airflow/example_dags/example_xcomargs.py
[2024-10-02 01:24:00,836] {logging_mixin.py:104} INFO - [2024-10-02 01:24:00,836] {dag.py:1824} INFO - Sync 2 DAGs
[2024-10-02 01:24:00,857] {logging_mixin.py:104} INFO - [2024-10-02 01:24:00,857] {dag.py:2280} INFO - Setting next_dagrun for example_xcom_args to None
[2024-10-02 01:24:00,859] {logging_mixin.py:104} INFO - [2024-10-02 01:24:00,858] {dag.py:2280} INFO - Setting next_dagrun for example_xcom_args_with_operators to None
[2024-10-02 01:24:00,875] {scheduler_job.py:190} INFO - Processing /home/airflow/.local/lib/python3.6/site-packages/airflow/example_dags/example_xcomargs.py took 0.129 seconds
[2024-10-02 01:24:31,398] {scheduler_job.py:182} INFO - Started process (PID=80) to work on /home/airflow/.local/lib/python3.6/site-packages/airflow/example_dags/example_xcomargs.py
[2024-10-02 01:24:31,402] {scheduler_job.py:629} INFO - Processing file /home/airflow/.local/lib/python3.6/site-packages/airflow/example_dags/example_xcomargs.py for tasks to queue
[2024-10-02 01:24:31,404] {logging_mixin.py:104} INFO - [2024-10-02 01:24:31,404] {dagbag.py:451} INFO - Filling up the DagBag from /home/airflow/.local/lib/python3.6/site-packages/airflow/example_dags/example_xcomargs.py
[2024-10-02 01:24:31,445] {scheduler_job.py:639} INFO - DAG(s) dict_keys(['example_xcom_args', 'example_xcom_args_with_operators']) retrieved from /home/airflow/.local/lib/python3.6/site-packages/airflow/example_dags/example_xcomargs.py
[2024-10-02 01:24:31,498] {logging_mixin.py:104} INFO - [2024-10-02 01:24:31,497] {dag.py:1824} INFO - Sync 2 DAGs
[2024-10-02 01:24:31,520] {logging_mixin.py:104} INFO - [2024-10-02 01:24:31,520] {dag.py:2280} INFO - Setting next_dagrun for example_xcom_args to None
[2024-10-02 01:24:31,521] {logging_mixin.py:104} INFO - [2024-10-02 01:24:31,521] {dag.py:2280} INFO - Setting next_dagrun for example_xcom_args_with_operators to None
[2024-10-02 01:24:31,533] {scheduler_job.py:190} INFO - Processing /home/airflow/.local/lib/python3.6/site-packages/airflow/example_dags/example_xcomargs.py took 0.141 seconds
[2024-10-02 01:25:01,653] {scheduler_job.py:182} INFO - Started process (PID=107) to work on /home/airflow/.local/lib/python3.6/site-packages/airflow/example_dags/example_xcomargs.py
[2024-10-02 01:25:01,663] {scheduler_job.py:629} INFO - Processing file /home/airflow/.local/lib/python3.6/site-packages/airflow/example_dags/example_xcomargs.py for tasks to queue
[2024-10-02 01:25:01,773] {logging_mixin.py:104} INFO - [2024-10-02 01:25:01,773] {dagbag.py:451} INFO - Filling up the DagBag from /home/airflow/.local/lib/python3.6/site-packages/airflow/example_dags/example_xcomargs.py
[2024-10-02 01:25:01,872] {scheduler_job.py:639} INFO - DAG(s) dict_keys(['example_xcom_args', 'example_xcom_args_with_operators']) retrieved from /home/airflow/.local/lib/python3.6/site-packages/airflow/example_dags/example_xcomargs.py
[2024-10-02 01:25:01,964] {logging_mixin.py:104} INFO - [2024-10-02 01:25:01,964] {dag.py:1824} INFO - Sync 2 DAGs
[2024-10-02 01:25:01,997] {logging_mixin.py:104} INFO - [2024-10-02 01:25:01,996] {dag.py:2280} INFO - Setting next_dagrun for example_xcom_args to None
[2024-10-02 01:25:02,001] {logging_mixin.py:104} INFO - [2024-10-02 01:25:02,001] {dag.py:2280} INFO - Setting next_dagrun for example_xcom_args_with_operators to None
[2024-10-02 01:25:02,021] {scheduler_job.py:190} INFO - Processing /home/airflow/.local/lib/python3.6/site-packages/airflow/example_dags/example_xcomargs.py took 0.379 seconds
[2024-10-02 01:25:32,133] {scheduler_job.py:182} INFO - Started process (PID=134) to work on /home/airflow/.local/lib/python3.6/site-packages/airflow/example_dags/example_xcomargs.py
[2024-10-02 01:25:32,135] {scheduler_job.py:629} INFO - Processing file /home/airflow/.local/lib/python3.6/site-packages/airflow/example_dags/example_xcomargs.py for tasks to queue
[2024-10-02 01:25:32,137] {logging_mixin.py:104} INFO - [2024-10-02 01:25:32,136] {dagbag.py:451} INFO - Filling up the DagBag from /home/airflow/.local/lib/python3.6/site-packages/airflow/example_dags/example_xcomargs.py
[2024-10-02 01:25:32,174] {scheduler_job.py:639} INFO - DAG(s) dict_keys(['example_xcom_args', 'example_xcom_args_with_operators']) retrieved from /home/airflow/.local/lib/python3.6/site-packages/airflow/example_dags/example_xcomargs.py
[2024-10-02 01:25:32,233] {logging_mixin.py:104} INFO - [2024-10-02 01:25:32,233] {dag.py:1824} INFO - Sync 2 DAGs
[2024-10-02 01:25:32,257] {logging_mixin.py:104} INFO - [2024-10-02 01:25:32,257] {dag.py:2280} INFO - Setting next_dagrun for example_xcom_args to None
[2024-10-02 01:25:32,259] {logging_mixin.py:104} INFO - [2024-10-02 01:25:32,259] {dag.py:2280} INFO - Setting next_dagrun for example_xcom_args_with_operators to None
[2024-10-02 01:25:32,277] {scheduler_job.py:190} INFO - Processing /home/airflow/.local/lib/python3.6/site-packages/airflow/example_dags/example_xcomargs.py took 0.149 seconds
[2024-10-02 01:26:02,925] {scheduler_job.py:182} INFO - Started process (PID=161) to work on /home/airflow/.local/lib/python3.6/site-packages/airflow/example_dags/example_xcomargs.py
[2024-10-02 01:26:02,927] {scheduler_job.py:629} INFO - Processing file /home/airflow/.local/lib/python3.6/site-packages/airflow/example_dags/example_xcomargs.py for tasks to queue
[2024-10-02 01:26:02,930] {logging_mixin.py:104} INFO - [2024-10-02 01:26:02,929] {dagbag.py:451} INFO - Filling up the DagBag from /home/airflow/.local/lib/python3.6/site-packages/airflow/example_dags/example_xcomargs.py
[2024-10-02 01:26:02,979] {scheduler_job.py:639} INFO - DAG(s) dict_keys(['example_xcom_args', 'example_xcom_args_with_operators']) retrieved from /home/airflow/.local/lib/python3.6/site-packages/airflow/example_dags/example_xcomargs.py
[2024-10-02 01:26:03,037] {logging_mixin.py:104} INFO - [2024-10-02 01:26:03,037] {dag.py:1824} INFO - Sync 2 DAGs
[2024-10-02 01:26:03,063] {logging_mixin.py:104} INFO - [2024-10-02 01:26:03,063] {dag.py:2280} INFO - Setting next_dagrun for example_xcom_args to None
[2024-10-02 01:26:03,066] {logging_mixin.py:104} INFO - [2024-10-02 01:26:03,066] {dag.py:2280} INFO - Setting next_dagrun for example_xcom_args_with_operators to None
[2024-10-02 01:26:03,086] {scheduler_job.py:190} INFO - Processing /home/airflow/.local/lib/python3.6/site-packages/airflow/example_dags/example_xcomargs.py took 0.168 seconds
[2024-10-02 01:26:33,640] {scheduler_job.py:182} INFO - Started process (PID=188) to work on /home/airflow/.local/lib/python3.6/site-packages/airflow/example_dags/example_xcomargs.py
[2024-10-02 01:26:33,645] {scheduler_job.py:629} INFO - Processing file /home/airflow/.local/lib/python3.6/site-packages/airflow/example_dags/example_xcomargs.py for tasks to queue
[2024-10-02 01:26:33,648] {logging_mixin.py:104} INFO - [2024-10-02 01:26:33,647] {dagbag.py:451} INFO - Filling up the DagBag from /home/airflow/.local/lib/python3.6/site-packages/airflow/example_dags/example_xcomargs.py
[2024-10-02 01:26:33,677] {scheduler_job.py:639} INFO - DAG(s) dict_keys(['example_xcom_args', 'example_xcom_args_with_operators']) retrieved from /home/airflow/.local/lib/python3.6/site-packages/airflow/example_dags/example_xcomargs.py
[2024-10-02 01:26:33,713] {logging_mixin.py:104} INFO - [2024-10-02 01:26:33,713] {dag.py:1824} INFO - Sync 2 DAGs
[2024-10-02 01:26:33,733] {logging_mixin.py:104} INFO - [2024-10-02 01:26:33,733] {dag.py:2280} INFO - Setting next_dagrun for example_xcom_args to None
[2024-10-02 01:26:33,735] {logging_mixin.py:104} INFO - [2024-10-02 01:26:33,735] {dag.py:2280} INFO - Setting next_dagrun for example_xcom_args_with_operators to None
[2024-10-02 01:26:33,748] {scheduler_job.py:190} INFO - Processing /home/airflow/.local/lib/python3.6/site-packages/airflow/example_dags/example_xcomargs.py took 0.124 seconds
[2024-10-02 01:27:04,267] {scheduler_job.py:182} INFO - Started process (PID=215) to work on /home/airflow/.local/lib/python3.6/site-packages/airflow/example_dags/example_xcomargs.py
[2024-10-02 01:27:04,269] {scheduler_job.py:629} INFO - Processing file /home/airflow/.local/lib/python3.6/site-packages/airflow/example_dags/example_xcomargs.py for tasks to queue
[2024-10-02 01:27:04,271] {logging_mixin.py:104} INFO - [2024-10-02 01:27:04,271] {dagbag.py:451} INFO - Filling up the DagBag from /home/airflow/.local/lib/python3.6/site-packages/airflow/example_dags/example_xcomargs.py
[2024-10-02 01:27:04,320] {scheduler_job.py:639} INFO - DAG(s) dict_keys(['example_xcom_args', 'example_xcom_args_with_operators']) retrieved from /home/airflow/.local/lib/python3.6/site-packages/airflow/example_dags/example_xcomargs.py
[2024-10-02 01:27:04,379] {logging_mixin.py:104} INFO - [2024-10-02 01:27:04,379] {dag.py:1824} INFO - Sync 2 DAGs
[2024-10-02 01:27:04,404] {logging_mixin.py:104} INFO - [2024-10-02 01:27:04,404] {dag.py:2280} INFO - Setting next_dagrun for example_xcom_args to None
[2024-10-02 01:27:04,407] {logging_mixin.py:104} INFO - [2024-10-02 01:27:04,406] {dag.py:2280} INFO - Setting next_dagrun for example_xcom_args_with_operators to None
[2024-10-02 01:27:04,422] {scheduler_job.py:190} INFO - Processing /home/airflow/.local/lib/python3.6/site-packages/airflow/example_dags/example_xcomargs.py took 0.161 seconds
[2024-10-02 01:27:34,677] {scheduler_job.py:182} INFO - Started process (PID=242) to work on /home/airflow/.local/lib/python3.6/site-packages/airflow/example_dags/example_xcomargs.py
[2024-10-02 01:27:34,685] {scheduler_job.py:629} INFO - Processing file /home/airflow/.local/lib/python3.6/site-packages/airflow/example_dags/example_xcomargs.py for tasks to queue
[2024-10-02 01:27:34,690] {logging_mixin.py:104} INFO - [2024-10-02 01:27:34,690] {dagbag.py:451} INFO - Filling up the DagBag from /home/airflow/.local/lib/python3.6/site-packages/airflow/example_dags/example_xcomargs.py
[2024-10-02 01:27:34,721] {scheduler_job.py:639} INFO - DAG(s) dict_keys(['example_xcom_args', 'example_xcom_args_with_operators']) retrieved from /home/airflow/.local/lib/python3.6/site-packages/airflow/example_dags/example_xcomargs.py
[2024-10-02 01:27:34,771] {logging_mixin.py:104} INFO - [2024-10-02 01:27:34,771] {dag.py:1824} INFO - Sync 2 DAGs
[2024-10-02 01:27:34,830] {logging_mixin.py:104} INFO - [2024-10-02 01:27:34,830] {dag.py:2280} INFO - Setting next_dagrun for example_xcom_args to None
[2024-10-02 01:27:34,833] {logging_mixin.py:104} INFO - [2024-10-02 01:27:34,833] {dag.py:2280} INFO - Setting next_dagrun for example_xcom_args_with_operators to None
[2024-10-02 01:27:34,936] {scheduler_job.py:190} INFO - Processing /home/airflow/.local/lib/python3.6/site-packages/airflow/example_dags/example_xcomargs.py took 0.267 seconds
[2024-10-02 01:28:05,534] {scheduler_job.py:182} INFO - Started process (PID=269) to work on /home/airflow/.local/lib/python3.6/site-packages/airflow/example_dags/example_xcomargs.py
[2024-10-02 01:28:05,538] {scheduler_job.py:629} INFO - Processing file /home/airflow/.local/lib/python3.6/site-packages/airflow/example_dags/example_xcomargs.py for tasks to queue
[2024-10-02 01:28:05,541] {logging_mixin.py:104} INFO - [2024-10-02 01:28:05,541] {dagbag.py:451} INFO - Filling up the DagBag from /home/airflow/.local/lib/python3.6/site-packages/airflow/example_dags/example_xcomargs.py
[2024-10-02 01:28:05,575] {scheduler_job.py:639} INFO - DAG(s) dict_keys(['example_xcom_args', 'example_xcom_args_with_operators']) retrieved from /home/airflow/.local/lib/python3.6/site-packages/airflow/example_dags/example_xcomargs.py
[2024-10-02 01:28:05,619] {logging_mixin.py:104} INFO - [2024-10-02 01:28:05,619] {dag.py:1824} INFO - Sync 2 DAGs
[2024-10-02 01:28:05,640] {logging_mixin.py:104} INFO - [2024-10-02 01:28:05,640] {dag.py:2280} INFO - Setting next_dagrun for example_xcom_args to None
[2024-10-02 01:28:05,643] {logging_mixin.py:104} INFO - [2024-10-02 01:28:05,643] {dag.py:2280} INFO - Setting next_dagrun for example_xcom_args_with_operators to None
[2024-10-02 01:28:05,656] {scheduler_job.py:190} INFO - Processing /home/airflow/.local/lib/python3.6/site-packages/airflow/example_dags/example_xcomargs.py took 0.141 seconds
[2024-10-02 01:28:36,465] {scheduler_job.py:182} INFO - Started process (PID=296) to work on /home/airflow/.local/lib/python3.6/site-packages/airflow/example_dags/example_xcomargs.py
[2024-10-02 01:28:36,469] {scheduler_job.py:629} INFO - Processing file /home/airflow/.local/lib/python3.6/site-packages/airflow/example_dags/example_xcomargs.py for tasks to queue
[2024-10-02 01:28:36,471] {logging_mixin.py:104} INFO - [2024-10-02 01:28:36,471] {dagbag.py:451} INFO - Filling up the DagBag from /home/airflow/.local/lib/python3.6/site-packages/airflow/example_dags/example_xcomargs.py
[2024-10-02 01:28:36,514] {scheduler_job.py:639} INFO - DAG(s) dict_keys(['example_xcom_args', 'example_xcom_args_with_operators']) retrieved from /home/airflow/.local/lib/python3.6/site-packages/airflow/example_dags/example_xcomargs.py
[2024-10-02 01:28:36,558] {logging_mixin.py:104} INFO - [2024-10-02 01:28:36,558] {dag.py:1824} INFO - Sync 2 DAGs
[2024-10-02 01:28:36,580] {logging_mixin.py:104} INFO - [2024-10-02 01:28:36,580] {dag.py:2280} INFO - Setting next_dagrun for example_xcom_args to None
[2024-10-02 01:28:36,583] {logging_mixin.py:104} INFO - [2024-10-02 01:28:36,583] {dag.py:2280} INFO - Setting next_dagrun for example_xcom_args_with_operators to None
[2024-10-02 01:28:36,598] {scheduler_job.py:190} INFO - Processing /home/airflow/.local/lib/python3.6/site-packages/airflow/example_dags/example_xcomargs.py took 0.140 seconds
[2024-10-02T01:32:11.242+0000] {processor.py:157} INFO - Started process (PID=46) to work on /home/airflow/.local/lib/python3.8/site-packages/airflow/example_dags/example_xcomargs.py
[2024-10-02T01:32:11.249+0000] {processor.py:829} INFO - Processing file /home/airflow/.local/lib/python3.8/site-packages/airflow/example_dags/example_xcomargs.py for tasks to queue
[2024-10-02T01:32:11.260+0000] {logging_mixin.py:151} INFO - [2024-10-02T01:32:11.259+0000] {dagbag.py:539} INFO - Filling up the DagBag from /home/airflow/.local/lib/python3.8/site-packages/airflow/example_dags/example_xcomargs.py
[2024-10-02T01:32:11.323+0000] {processor.py:839} INFO - DAG(s) dict_keys(['example_xcom_args', 'example_xcom_args_with_operators']) retrieved from /home/airflow/.local/lib/python3.8/site-packages/airflow/example_dags/example_xcomargs.py
[2024-10-02T01:32:11.667+0000] {logging_mixin.py:151} INFO - [2024-10-02T01:32:11.665+0000] {manager.py:499} INFO - Created Permission View: %s
[2024-10-02T01:32:11.701+0000] {logging_mixin.py:151} INFO - [2024-10-02T01:32:11.701+0000] {manager.py:499} INFO - Created Permission View: %s
[2024-10-02T01:32:11.732+0000] {logging_mixin.py:151} INFO - [2024-10-02T01:32:11.732+0000] {manager.py:499} INFO - Created Permission View: %s
[2024-10-02T01:32:11.736+0000] {logging_mixin.py:151} INFO - [2024-10-02T01:32:11.736+0000] {security.py:708} INFO - Not syncing DAG-level permissions for DAG 'DAG:example_xcom_args' as access control is unset.
[2024-10-02T01:32:11.768+0000] {logging_mixin.py:151} INFO - [2024-10-02T01:32:11.768+0000] {manager.py:499} INFO - Created Permission View: %s
[2024-10-02T01:32:11.804+0000] {logging_mixin.py:151} INFO - [2024-10-02T01:32:11.804+0000] {manager.py:499} INFO - Created Permission View: %s
[2024-10-02T01:32:11.828+0000] {logging_mixin.py:151} INFO - [2024-10-02T01:32:11.827+0000] {manager.py:499} INFO - Created Permission View: %s
[2024-10-02T01:32:11.832+0000] {logging_mixin.py:151} INFO - [2024-10-02T01:32:11.832+0000] {security.py:708} INFO - Not syncing DAG-level permissions for DAG 'DAG:example_xcom_args_with_operators' as access control is unset.
[2024-10-02T01:32:11.835+0000] {logging_mixin.py:151} INFO - [2024-10-02T01:32:11.835+0000] {dag.py:2915} INFO - Sync 2 DAGs
[2024-10-02T01:32:11.882+0000] {logging_mixin.py:151} INFO - [2024-10-02T01:32:11.882+0000] {dag.py:2937} INFO - Creating ORM DAG for example_xcom_args_with_operators
[2024-10-02T01:32:11.888+0000] {logging_mixin.py:151} INFO - [2024-10-02T01:32:11.886+0000] {dag.py:2937} INFO - Creating ORM DAG for example_xcom_args
[2024-10-02T01:32:11.890+0000] {logging_mixin.py:151} INFO - [2024-10-02T01:32:11.890+0000] {dag.py:3696} INFO - Setting next_dagrun for example_xcom_args to None, run_after=None
[2024-10-02T01:32:11.892+0000] {logging_mixin.py:151} INFO - [2024-10-02T01:32:11.891+0000] {dag.py:3696} INFO - Setting next_dagrun for example_xcom_args_with_operators to None, run_after=None
[2024-10-02T01:32:11.939+0000] {processor.py:179} INFO - Processing /home/airflow/.local/lib/python3.8/site-packages/airflow/example_dags/example_xcomargs.py took 0.707 seconds
[2024-10-02T01:32:42.836+0000] {processor.py:157} INFO - Started process (PID=93) to work on /home/airflow/.local/lib/python3.8/site-packages/airflow/example_dags/example_xcomargs.py
[2024-10-02T01:32:42.840+0000] {processor.py:829} INFO - Processing file /home/airflow/.local/lib/python3.8/site-packages/airflow/example_dags/example_xcomargs.py for tasks to queue
[2024-10-02T01:32:42.845+0000] {logging_mixin.py:151} INFO - [2024-10-02T01:32:42.844+0000] {dagbag.py:539} INFO - Filling up the DagBag from /home/airflow/.local/lib/python3.8/site-packages/airflow/example_dags/example_xcomargs.py
[2024-10-02T01:32:42.863+0000] {processor.py:839} INFO - DAG(s) dict_keys(['example_xcom_args', 'example_xcom_args_with_operators']) retrieved from /home/airflow/.local/lib/python3.8/site-packages/airflow/example_dags/example_xcomargs.py
[2024-10-02T01:32:42.895+0000] {logging_mixin.py:151} INFO - [2024-10-02T01:32:42.895+0000] {dag.py:2915} INFO - Sync 2 DAGs
[2024-10-02T01:32:42.909+0000] {logging_mixin.py:151} INFO - [2024-10-02T01:32:42.908+0000] {dag.py:3696} INFO - Setting next_dagrun for example_xcom_args to None, run_after=None
[2024-10-02T01:32:42.914+0000] {logging_mixin.py:151} INFO - [2024-10-02T01:32:42.913+0000] {dag.py:3696} INFO - Setting next_dagrun for example_xcom_args_with_operators to None, run_after=None
[2024-10-02T01:32:42.935+0000] {processor.py:179} INFO - Processing /home/airflow/.local/lib/python3.8/site-packages/airflow/example_dags/example_xcomargs.py took 0.104 seconds
[2024-10-02T01:33:13.877+0000] {processor.py:157} INFO - Started process (PID=141) to work on /home/airflow/.local/lib/python3.8/site-packages/airflow/example_dags/example_xcomargs.py
[2024-10-02T01:33:13.879+0000] {processor.py:829} INFO - Processing file /home/airflow/.local/lib/python3.8/site-packages/airflow/example_dags/example_xcomargs.py for tasks to queue
[2024-10-02T01:33:13.894+0000] {logging_mixin.py:151} INFO - [2024-10-02T01:33:13.893+0000] {dagbag.py:539} INFO - Filling up the DagBag from /home/airflow/.local/lib/python3.8/site-packages/airflow/example_dags/example_xcomargs.py
[2024-10-02T01:33:13.918+0000] {processor.py:839} INFO - DAG(s) dict_keys(['example_xcom_args', 'example_xcom_args_with_operators']) retrieved from /home/airflow/.local/lib/python3.8/site-packages/airflow/example_dags/example_xcomargs.py
[2024-10-02T01:33:13.962+0000] {logging_mixin.py:151} INFO - [2024-10-02T01:33:13.962+0000] {dag.py:2915} INFO - Sync 2 DAGs
[2024-10-02T01:33:13.980+0000] {logging_mixin.py:151} INFO - [2024-10-02T01:33:13.980+0000] {dag.py:3696} INFO - Setting next_dagrun for example_xcom_args to None, run_after=None
[2024-10-02T01:33:13.987+0000] {logging_mixin.py:151} INFO - [2024-10-02T01:33:13.986+0000] {dag.py:3696} INFO - Setting next_dagrun for example_xcom_args_with_operators to None, run_after=None
[2024-10-02T01:33:14.007+0000] {processor.py:179} INFO - Processing /home/airflow/.local/lib/python3.8/site-packages/airflow/example_dags/example_xcomargs.py took 0.134 seconds
[2024-10-02T01:33:44.195+0000] {processor.py:157} INFO - Started process (PID=189) to work on /home/airflow/.local/lib/python3.8/site-packages/airflow/example_dags/example_xcomargs.py
[2024-10-02T01:33:44.199+0000] {processor.py:829} INFO - Processing file /home/airflow/.local/lib/python3.8/site-packages/airflow/example_dags/example_xcomargs.py for tasks to queue
[2024-10-02T01:33:44.204+0000] {logging_mixin.py:151} INFO - [2024-10-02T01:33:44.203+0000] {dagbag.py:539} INFO - Filling up the DagBag from /home/airflow/.local/lib/python3.8/site-packages/airflow/example_dags/example_xcomargs.py
[2024-10-02T01:33:44.225+0000] {processor.py:839} INFO - DAG(s) dict_keys(['example_xcom_args_with_operators', 'example_xcom_args']) retrieved from /home/airflow/.local/lib/python3.8/site-packages/airflow/example_dags/example_xcomargs.py
[2024-10-02T01:33:44.273+0000] {logging_mixin.py:151} INFO - [2024-10-02T01:33:44.273+0000] {dag.py:2915} INFO - Sync 2 DAGs
[2024-10-02T01:33:44.295+0000] {logging_mixin.py:151} INFO - [2024-10-02T01:33:44.294+0000] {dag.py:3696} INFO - Setting next_dagrun for example_xcom_args to None, run_after=None
[2024-10-02T01:33:44.304+0000] {logging_mixin.py:151} INFO - [2024-10-02T01:33:44.304+0000] {dag.py:3696} INFO - Setting next_dagrun for example_xcom_args_with_operators to None, run_after=None
[2024-10-02T01:33:44.335+0000] {processor.py:179} INFO - Processing /home/airflow/.local/lib/python3.8/site-packages/airflow/example_dags/example_xcomargs.py took 0.144 seconds
[2024-10-02T01:34:14.889+0000] {processor.py:157} INFO - Started process (PID=237) to work on /home/airflow/.local/lib/python3.8/site-packages/airflow/example_dags/example_xcomargs.py
[2024-10-02T01:34:14.891+0000] {processor.py:829} INFO - Processing file /home/airflow/.local/lib/python3.8/site-packages/airflow/example_dags/example_xcomargs.py for tasks to queue
[2024-10-02T01:34:14.896+0000] {logging_mixin.py:151} INFO - [2024-10-02T01:34:14.895+0000] {dagbag.py:539} INFO - Filling up the DagBag from /home/airflow/.local/lib/python3.8/site-packages/airflow/example_dags/example_xcomargs.py
[2024-10-02T01:34:14.913+0000] {processor.py:839} INFO - DAG(s) dict_keys(['example_xcom_args_with_operators', 'example_xcom_args']) retrieved from /home/airflow/.local/lib/python3.8/site-packages/airflow/example_dags/example_xcomargs.py
[2024-10-02T01:34:14.959+0000] {logging_mixin.py:151} INFO - [2024-10-02T01:34:14.959+0000] {dag.py:2915} INFO - Sync 2 DAGs
[2024-10-02T01:34:14.976+0000] {logging_mixin.py:151} INFO - [2024-10-02T01:34:14.976+0000] {dag.py:3696} INFO - Setting next_dagrun for example_xcom_args to None, run_after=None
[2024-10-02T01:34:14.986+0000] {logging_mixin.py:151} INFO - [2024-10-02T01:34:14.985+0000] {dag.py:3696} INFO - Setting next_dagrun for example_xcom_args_with_operators to None, run_after=None
[2024-10-02T01:34:15.017+0000] {processor.py:179} INFO - Processing /home/airflow/.local/lib/python3.8/site-packages/airflow/example_dags/example_xcomargs.py took 0.133 seconds
[2024-10-02T01:34:45.605+0000] {processor.py:157} INFO - Started process (PID=285) to work on /home/airflow/.local/lib/python3.8/site-packages/airflow/example_dags/example_xcomargs.py
[2024-10-02T01:34:45.607+0000] {processor.py:829} INFO - Processing file /home/airflow/.local/lib/python3.8/site-packages/airflow/example_dags/example_xcomargs.py for tasks to queue
[2024-10-02T01:34:45.610+0000] {logging_mixin.py:151} INFO - [2024-10-02T01:34:45.610+0000] {dagbag.py:539} INFO - Filling up the DagBag from /home/airflow/.local/lib/python3.8/site-packages/airflow/example_dags/example_xcomargs.py
[2024-10-02T01:34:45.629+0000] {processor.py:839} INFO - DAG(s) dict_keys(['example_xcom_args_with_operators', 'example_xcom_args']) retrieved from /home/airflow/.local/lib/python3.8/site-packages/airflow/example_dags/example_xcomargs.py
[2024-10-02T01:34:45.677+0000] {logging_mixin.py:151} INFO - [2024-10-02T01:34:45.677+0000] {dag.py:2915} INFO - Sync 2 DAGs
[2024-10-02T01:34:45.693+0000] {logging_mixin.py:151} INFO - [2024-10-02T01:34:45.693+0000] {dag.py:3696} INFO - Setting next_dagrun for example_xcom_args to None, run_after=None
[2024-10-02T01:34:45.699+0000] {logging_mixin.py:151} INFO - [2024-10-02T01:34:45.699+0000] {dag.py:3696} INFO - Setting next_dagrun for example_xcom_args_with_operators to None, run_after=None
[2024-10-02T01:34:45.736+0000] {processor.py:179} INFO - Processing /home/airflow/.local/lib/python3.8/site-packages/airflow/example_dags/example_xcomargs.py took 0.137 seconds
[2024-10-02T01:35:15.968+0000] {processor.py:157} INFO - Started process (PID=333) to work on /home/airflow/.local/lib/python3.8/site-packages/airflow/example_dags/example_xcomargs.py
[2024-10-02T01:35:15.972+0000] {processor.py:829} INFO - Processing file /home/airflow/.local/lib/python3.8/site-packages/airflow/example_dags/example_xcomargs.py for tasks to queue
[2024-10-02T01:35:15.975+0000] {logging_mixin.py:151} INFO - [2024-10-02T01:35:15.974+0000] {dagbag.py:539} INFO - Filling up the DagBag from /home/airflow/.local/lib/python3.8/site-packages/airflow/example_dags/example_xcomargs.py
[2024-10-02T01:35:15.998+0000] {processor.py:839} INFO - DAG(s) dict_keys(['example_xcom_args', 'example_xcom_args_with_operators']) retrieved from /home/airflow/.local/lib/python3.8/site-packages/airflow/example_dags/example_xcomargs.py
[2024-10-02T01:35:16.052+0000] {logging_mixin.py:151} INFO - [2024-10-02T01:35:16.052+0000] {dag.py:2915} INFO - Sync 2 DAGs
[2024-10-02T01:35:16.075+0000] {logging_mixin.py:151} INFO - [2024-10-02T01:35:16.074+0000] {dag.py:3696} INFO - Setting next_dagrun for example_xcom_args to None, run_after=None
[2024-10-02T01:35:16.082+0000] {logging_mixin.py:151} INFO - [2024-10-02T01:35:16.082+0000] {dag.py:3696} INFO - Setting next_dagrun for example_xcom_args_with_operators to None, run_after=None
[2024-10-02T01:35:16.115+0000] {processor.py:179} INFO - Processing /home/airflow/.local/lib/python3.8/site-packages/airflow/example_dags/example_xcomargs.py took 0.152 seconds
[2024-10-02T01:35:46.535+0000] {processor.py:157} INFO - Started process (PID=381) to work on /home/airflow/.local/lib/python3.8/site-packages/airflow/example_dags/example_xcomargs.py
[2024-10-02T01:35:46.537+0000] {processor.py:829} INFO - Processing file /home/airflow/.local/lib/python3.8/site-packages/airflow/example_dags/example_xcomargs.py for tasks to queue
[2024-10-02T01:35:46.543+0000] {logging_mixin.py:151} INFO - [2024-10-02T01:35:46.542+0000] {dagbag.py:539} INFO - Filling up the DagBag from /home/airflow/.local/lib/python3.8/site-packages/airflow/example_dags/example_xcomargs.py
[2024-10-02T01:35:46.561+0000] {processor.py:839} INFO - DAG(s) dict_keys(['example_xcom_args_with_operators', 'example_xcom_args']) retrieved from /home/airflow/.local/lib/python3.8/site-packages/airflow/example_dags/example_xcomargs.py
[2024-10-02T01:35:46.600+0000] {logging_mixin.py:151} INFO - [2024-10-02T01:35:46.599+0000] {dag.py:2915} INFO - Sync 2 DAGs
[2024-10-02T01:35:46.619+0000] {logging_mixin.py:151} INFO - [2024-10-02T01:35:46.619+0000] {dag.py:3696} INFO - Setting next_dagrun for example_xcom_args to None, run_after=None
[2024-10-02T01:35:46.625+0000] {logging_mixin.py:151} INFO - [2024-10-02T01:35:46.625+0000] {dag.py:3696} INFO - Setting next_dagrun for example_xcom_args_with_operators to None, run_after=None
[2024-10-02T01:35:46.652+0000] {processor.py:179} INFO - Processing /home/airflow/.local/lib/python3.8/site-packages/airflow/example_dags/example_xcomargs.py took 0.123 seconds
[2024-10-02T01:36:16.913+0000] {processor.py:157} INFO - Started process (PID=429) to work on /home/airflow/.local/lib/python3.8/site-packages/airflow/example_dags/example_xcomargs.py
[2024-10-02T01:36:16.916+0000] {processor.py:829} INFO - Processing file /home/airflow/.local/lib/python3.8/site-packages/airflow/example_dags/example_xcomargs.py for tasks to queue
[2024-10-02T01:36:16.923+0000] {logging_mixin.py:151} INFO - [2024-10-02T01:36:16.922+0000] {dagbag.py:539} INFO - Filling up the DagBag from /home/airflow/.local/lib/python3.8/site-packages/airflow/example_dags/example_xcomargs.py
[2024-10-02T01:36:16.946+0000] {processor.py:839} INFO - DAG(s) dict_keys(['example_xcom_args_with_operators', 'example_xcom_args']) retrieved from /home/airflow/.local/lib/python3.8/site-packages/airflow/example_dags/example_xcomargs.py
[2024-10-02T01:36:16.999+0000] {logging_mixin.py:151} INFO - [2024-10-02T01:36:16.999+0000] {dag.py:2915} INFO - Sync 2 DAGs
[2024-10-02T01:36:17.027+0000] {logging_mixin.py:151} INFO - [2024-10-02T01:36:17.027+0000] {dag.py:3696} INFO - Setting next_dagrun for example_xcom_args to None, run_after=None
[2024-10-02T01:36:17.035+0000] {logging_mixin.py:151} INFO - [2024-10-02T01:36:17.035+0000] {dag.py:3696} INFO - Setting next_dagrun for example_xcom_args_with_operators to None, run_after=None
[2024-10-02T01:36:17.072+0000] {processor.py:179} INFO - Processing /home/airflow/.local/lib/python3.8/site-packages/airflow/example_dags/example_xcomargs.py took 0.167 seconds
[2024-10-02T01:36:47.291+0000] {processor.py:157} INFO - Started process (PID=477) to work on /home/airflow/.local/lib/python3.8/site-packages/airflow/example_dags/example_xcomargs.py
[2024-10-02T01:36:47.295+0000] {processor.py:829} INFO - Processing file /home/airflow/.local/lib/python3.8/site-packages/airflow/example_dags/example_xcomargs.py for tasks to queue
[2024-10-02T01:36:47.299+0000] {logging_mixin.py:151} INFO - [2024-10-02T01:36:47.299+0000] {dagbag.py:539} INFO - Filling up the DagBag from /home/airflow/.local/lib/python3.8/site-packages/airflow/example_dags/example_xcomargs.py
[2024-10-02T01:36:47.317+0000] {processor.py:839} INFO - DAG(s) dict_keys(['example_xcom_args', 'example_xcom_args_with_operators']) retrieved from /home/airflow/.local/lib/python3.8/site-packages/airflow/example_dags/example_xcomargs.py
[2024-10-02T01:36:47.366+0000] {logging_mixin.py:151} INFO - [2024-10-02T01:36:47.366+0000] {dag.py:2915} INFO - Sync 2 DAGs
[2024-10-02T01:36:47.390+0000] {logging_mixin.py:151} INFO - [2024-10-02T01:36:47.389+0000] {dag.py:3696} INFO - Setting next_dagrun for example_xcom_args to None, run_after=None
[2024-10-02T01:36:47.397+0000] {logging_mixin.py:151} INFO - [2024-10-02T01:36:47.397+0000] {dag.py:3696} INFO - Setting next_dagrun for example_xcom_args_with_operators to None, run_after=None
[2024-10-02T01:36:47.426+0000] {processor.py:179} INFO - Processing /home/airflow/.local/lib/python3.8/site-packages/airflow/example_dags/example_xcomargs.py took 0.143 seconds
[2024-10-02T01:37:17.641+0000] {processor.py:157} INFO - Started process (PID=525) to work on /home/airflow/.local/lib/python3.8/site-packages/airflow/example_dags/example_xcomargs.py
[2024-10-02T01:37:17.644+0000] {processor.py:829} INFO - Processing file /home/airflow/.local/lib/python3.8/site-packages/airflow/example_dags/example_xcomargs.py for tasks to queue
[2024-10-02T01:37:17.648+0000] {logging_mixin.py:151} INFO - [2024-10-02T01:37:17.648+0000] {dagbag.py:539} INFO - Filling up the DagBag from /home/airflow/.local/lib/python3.8/site-packages/airflow/example_dags/example_xcomargs.py
[2024-10-02T01:37:17.667+0000] {processor.py:839} INFO - DAG(s) dict_keys(['example_xcom_args_with_operators', 'example_xcom_args']) retrieved from /home/airflow/.local/lib/python3.8/site-packages/airflow/example_dags/example_xcomargs.py
[2024-10-02T01:37:17.711+0000] {logging_mixin.py:151} INFO - [2024-10-02T01:37:17.711+0000] {dag.py:2915} INFO - Sync 2 DAGs
[2024-10-02T01:37:17.734+0000] {logging_mixin.py:151} INFO - [2024-10-02T01:37:17.733+0000] {dag.py:3696} INFO - Setting next_dagrun for example_xcom_args to None, run_after=None
[2024-10-02T01:37:17.741+0000] {logging_mixin.py:151} INFO - [2024-10-02T01:37:17.741+0000] {dag.py:3696} INFO - Setting next_dagrun for example_xcom_args_with_operators to None, run_after=None
[2024-10-02T01:37:17.770+0000] {processor.py:179} INFO - Processing /home/airflow/.local/lib/python3.8/site-packages/airflow/example_dags/example_xcomargs.py took 0.135 seconds
[2024-10-02T01:37:47.969+0000] {processor.py:157} INFO - Started process (PID=573) to work on /home/airflow/.local/lib/python3.8/site-packages/airflow/example_dags/example_xcomargs.py
[2024-10-02T01:37:47.974+0000] {processor.py:829} INFO - Processing file /home/airflow/.local/lib/python3.8/site-packages/airflow/example_dags/example_xcomargs.py for tasks to queue
[2024-10-02T01:37:47.979+0000] {logging_mixin.py:151} INFO - [2024-10-02T01:37:47.978+0000] {dagbag.py:539} INFO - Filling up the DagBag from /home/airflow/.local/lib/python3.8/site-packages/airflow/example_dags/example_xcomargs.py
[2024-10-02T01:37:47.996+0000] {processor.py:839} INFO - DAG(s) dict_keys(['example_xcom_args_with_operators', 'example_xcom_args']) retrieved from /home/airflow/.local/lib/python3.8/site-packages/airflow/example_dags/example_xcomargs.py
[2024-10-02T01:37:48.038+0000] {logging_mixin.py:151} INFO - [2024-10-02T01:37:48.038+0000] {dag.py:2915} INFO - Sync 2 DAGs
[2024-10-02T01:37:48.057+0000] {logging_mixin.py:151} INFO - [2024-10-02T01:37:48.057+0000] {dag.py:3696} INFO - Setting next_dagrun for example_xcom_args to None, run_after=None
[2024-10-02T01:37:48.068+0000] {logging_mixin.py:151} INFO - [2024-10-02T01:37:48.068+0000] {dag.py:3696} INFO - Setting next_dagrun for example_xcom_args_with_operators to None, run_after=None
[2024-10-02T01:37:48.099+0000] {processor.py:179} INFO - Processing /home/airflow/.local/lib/python3.8/site-packages/airflow/example_dags/example_xcomargs.py took 0.134 seconds
[2024-10-02T01:38:18.453+0000] {processor.py:157} INFO - Started process (PID=621) to work on /home/airflow/.local/lib/python3.8/site-packages/airflow/example_dags/example_xcomargs.py
[2024-10-02T01:38:18.456+0000] {processor.py:829} INFO - Processing file /home/airflow/.local/lib/python3.8/site-packages/airflow/example_dags/example_xcomargs.py for tasks to queue
[2024-10-02T01:38:18.460+0000] {logging_mixin.py:151} INFO - [2024-10-02T01:38:18.459+0000] {dagbag.py:539} INFO - Filling up the DagBag from /home/airflow/.local/lib/python3.8/site-packages/airflow/example_dags/example_xcomargs.py
[2024-10-02T01:38:18.480+0000] {processor.py:839} INFO - DAG(s) dict_keys(['example_xcom_args', 'example_xcom_args_with_operators']) retrieved from /home/airflow/.local/lib/python3.8/site-packages/airflow/example_dags/example_xcomargs.py
[2024-10-02T01:38:18.524+0000] {logging_mixin.py:151} INFO - [2024-10-02T01:38:18.524+0000] {dag.py:2915} INFO - Sync 2 DAGs
[2024-10-02T01:38:18.542+0000] {logging_mixin.py:151} INFO - [2024-10-02T01:38:18.542+0000] {dag.py:3696} INFO - Setting next_dagrun for example_xcom_args to None, run_after=None
[2024-10-02T01:38:18.553+0000] {logging_mixin.py:151} INFO - [2024-10-02T01:38:18.552+0000] {dag.py:3696} INFO - Setting next_dagrun for example_xcom_args_with_operators to None, run_after=None
[2024-10-02T01:38:18.580+0000] {processor.py:179} INFO - Processing /home/airflow/.local/lib/python3.8/site-packages/airflow/example_dags/example_xcomargs.py took 0.132 seconds
[2024-10-02T01:38:48.883+0000] {processor.py:157} INFO - Started process (PID=669) to work on /home/airflow/.local/lib/python3.8/site-packages/airflow/example_dags/example_xcomargs.py
[2024-10-02T01:38:48.886+0000] {processor.py:829} INFO - Processing file /home/airflow/.local/lib/python3.8/site-packages/airflow/example_dags/example_xcomargs.py for tasks to queue
[2024-10-02T01:38:48.891+0000] {logging_mixin.py:151} INFO - [2024-10-02T01:38:48.890+0000] {dagbag.py:539} INFO - Filling up the DagBag from /home/airflow/.local/lib/python3.8/site-packages/airflow/example_dags/example_xcomargs.py
[2024-10-02T01:38:48.908+0000] {processor.py:839} INFO - DAG(s) dict_keys(['example_xcom_args', 'example_xcom_args_with_operators']) retrieved from /home/airflow/.local/lib/python3.8/site-packages/airflow/example_dags/example_xcomargs.py
[2024-10-02T01:38:48.951+0000] {logging_mixin.py:151} INFO - [2024-10-02T01:38:48.951+0000] {dag.py:2915} INFO - Sync 2 DAGs
[2024-10-02T01:38:48.971+0000] {logging_mixin.py:151} INFO - [2024-10-02T01:38:48.971+0000] {dag.py:3696} INFO - Setting next_dagrun for example_xcom_args to None, run_after=None
[2024-10-02T01:38:48.978+0000] {logging_mixin.py:151} INFO - [2024-10-02T01:38:48.977+0000] {dag.py:3696} INFO - Setting next_dagrun for example_xcom_args_with_operators to None, run_after=None
[2024-10-02T01:38:49.008+0000] {processor.py:179} INFO - Processing /home/airflow/.local/lib/python3.8/site-packages/airflow/example_dags/example_xcomargs.py took 0.131 seconds
[2024-10-02T01:39:19.408+0000] {processor.py:157} INFO - Started process (PID=717) to work on /home/airflow/.local/lib/python3.8/site-packages/airflow/example_dags/example_xcomargs.py
[2024-10-02T01:39:19.415+0000] {processor.py:829} INFO - Processing file /home/airflow/.local/lib/python3.8/site-packages/airflow/example_dags/example_xcomargs.py for tasks to queue
[2024-10-02T01:39:19.420+0000] {logging_mixin.py:151} INFO - [2024-10-02T01:39:19.419+0000] {dagbag.py:539} INFO - Filling up the DagBag from /home/airflow/.local/lib/python3.8/site-packages/airflow/example_dags/example_xcomargs.py
[2024-10-02T01:39:19.438+0000] {processor.py:839} INFO - DAG(s) dict_keys(['example_xcom_args_with_operators', 'example_xcom_args']) retrieved from /home/airflow/.local/lib/python3.8/site-packages/airflow/example_dags/example_xcomargs.py
[2024-10-02T01:39:19.495+0000] {logging_mixin.py:151} INFO - [2024-10-02T01:39:19.494+0000] {dag.py:2915} INFO - Sync 2 DAGs
[2024-10-02T01:39:19.517+0000] {logging_mixin.py:151} INFO - [2024-10-02T01:39:19.517+0000] {dag.py:3696} INFO - Setting next_dagrun for example_xcom_args to None, run_after=None
[2024-10-02T01:39:19.523+0000] {logging_mixin.py:151} INFO - [2024-10-02T01:39:19.522+0000] {dag.py:3696} INFO - Setting next_dagrun for example_xcom_args_with_operators to None, run_after=None
[2024-10-02T01:39:19.557+0000] {processor.py:179} INFO - Processing /home/airflow/.local/lib/python3.8/site-packages/airflow/example_dags/example_xcomargs.py took 0.155 seconds
[2024-10-02T01:45:29.721+0000] {processor.py:157} INFO - Started process (PID=46) to work on /home/airflow/.local/lib/python3.8/site-packages/airflow/example_dags/example_xcomargs.py
[2024-10-02T01:45:29.735+0000] {processor.py:829} INFO - Processing file /home/airflow/.local/lib/python3.8/site-packages/airflow/example_dags/example_xcomargs.py for tasks to queue
[2024-10-02T01:45:29.748+0000] {logging_mixin.py:151} INFO - [2024-10-02T01:45:29.747+0000] {dagbag.py:539} INFO - Filling up the DagBag from /home/airflow/.local/lib/python3.8/site-packages/airflow/example_dags/example_xcomargs.py
[2024-10-02T01:45:29.826+0000] {processor.py:839} INFO - DAG(s) dict_keys(['example_xcom_args', 'example_xcom_args_with_operators']) retrieved from /home/airflow/.local/lib/python3.8/site-packages/airflow/example_dags/example_xcomargs.py
[2024-10-02T01:45:30.367+0000] {logging_mixin.py:151} INFO - [2024-10-02T01:45:30.367+0000] {manager.py:499} INFO - Created Permission View: %s
[2024-10-02T01:45:30.446+0000] {logging_mixin.py:151} INFO - [2024-10-02T01:45:30.446+0000] {manager.py:499} INFO - Created Permission View: %s
[2024-10-02T01:45:30.484+0000] {logging_mixin.py:151} INFO - [2024-10-02T01:45:30.483+0000] {manager.py:499} INFO - Created Permission View: %s
[2024-10-02T01:45:30.486+0000] {logging_mixin.py:151} INFO - [2024-10-02T01:45:30.486+0000] {security.py:708} INFO - Not syncing DAG-level permissions for DAG 'DAG:example_xcom_args' as access control is unset.
[2024-10-02T01:45:30.654+0000] {logging_mixin.py:151} INFO - [2024-10-02T01:45:30.654+0000] {manager.py:499} INFO - Created Permission View: %s
[2024-10-02T01:45:30.734+0000] {logging_mixin.py:151} INFO - [2024-10-02T01:45:30.733+0000] {manager.py:499} INFO - Created Permission View: %s
[2024-10-02T01:45:30.799+0000] {logging_mixin.py:151} INFO - [2024-10-02T01:45:30.799+0000] {manager.py:499} INFO - Created Permission View: %s
[2024-10-02T01:45:30.814+0000] {logging_mixin.py:151} INFO - [2024-10-02T01:45:30.811+0000] {security.py:708} INFO - Not syncing DAG-level permissions for DAG 'DAG:example_xcom_args_with_operators' as access control is unset.
[2024-10-02T01:45:30.837+0000] {logging_mixin.py:151} INFO - [2024-10-02T01:45:30.837+0000] {dag.py:2915} INFO - Sync 2 DAGs
[2024-10-02T01:45:30.929+0000] {logging_mixin.py:151} INFO - [2024-10-02T01:45:30.928+0000] {dag.py:2937} INFO - Creating ORM DAG for example_xcom_args
[2024-10-02T01:45:30.940+0000] {logging_mixin.py:151} INFO - [2024-10-02T01:45:30.940+0000] {dag.py:2937} INFO - Creating ORM DAG for example_xcom_args_with_operators
[2024-10-02T01:45:30.945+0000] {logging_mixin.py:151} INFO - [2024-10-02T01:45:30.945+0000] {dag.py:3696} INFO - Setting next_dagrun for example_xcom_args to None, run_after=None
[2024-10-02T01:45:30.961+0000] {logging_mixin.py:151} INFO - [2024-10-02T01:45:30.961+0000] {dag.py:3696} INFO - Setting next_dagrun for example_xcom_args_with_operators to None, run_after=None
[2024-10-02T01:45:31.011+0000] {processor.py:179} INFO - Processing /home/airflow/.local/lib/python3.8/site-packages/airflow/example_dags/example_xcomargs.py took 1.297 seconds
[2024-10-02T01:46:01.725+0000] {processor.py:157} INFO - Started process (PID=93) to work on /home/airflow/.local/lib/python3.8/site-packages/airflow/example_dags/example_xcomargs.py
[2024-10-02T01:46:01.735+0000] {processor.py:829} INFO - Processing file /home/airflow/.local/lib/python3.8/site-packages/airflow/example_dags/example_xcomargs.py for tasks to queue
[2024-10-02T01:46:01.747+0000] {logging_mixin.py:151} INFO - [2024-10-02T01:46:01.747+0000] {dagbag.py:539} INFO - Filling up the DagBag from /home/airflow/.local/lib/python3.8/site-packages/airflow/example_dags/example_xcomargs.py
[2024-10-02T01:46:01.797+0000] {processor.py:839} INFO - DAG(s) dict_keys(['example_xcom_args_with_operators', 'example_xcom_args']) retrieved from /home/airflow/.local/lib/python3.8/site-packages/airflow/example_dags/example_xcomargs.py
[2024-10-02T01:46:01.871+0000] {logging_mixin.py:151} INFO - [2024-10-02T01:46:01.871+0000] {dag.py:2915} INFO - Sync 2 DAGs
[2024-10-02T01:46:01.903+0000] {logging_mixin.py:151} INFO - [2024-10-02T01:46:01.903+0000] {dag.py:3696} INFO - Setting next_dagrun for example_xcom_args to None, run_after=None
[2024-10-02T01:46:01.916+0000] {logging_mixin.py:151} INFO - [2024-10-02T01:46:01.916+0000] {dag.py:3696} INFO - Setting next_dagrun for example_xcom_args_with_operators to None, run_after=None
[2024-10-02T01:46:01.981+0000] {processor.py:179} INFO - Processing /home/airflow/.local/lib/python3.8/site-packages/airflow/example_dags/example_xcomargs.py took 0.260 seconds
[2024-10-02T01:46:57.908+0000] {processor.py:157} INFO - Started process (PID=46) to work on /home/airflow/.local/lib/python3.8/site-packages/airflow/example_dags/example_xcomargs.py
[2024-10-02T01:46:57.921+0000] {processor.py:829} INFO - Processing file /home/airflow/.local/lib/python3.8/site-packages/airflow/example_dags/example_xcomargs.py for tasks to queue
[2024-10-02T01:46:57.941+0000] {logging_mixin.py:151} INFO - [2024-10-02T01:46:57.939+0000] {dagbag.py:539} INFO - Filling up the DagBag from /home/airflow/.local/lib/python3.8/site-packages/airflow/example_dags/example_xcomargs.py
[2024-10-02T01:46:58.023+0000] {processor.py:839} INFO - DAG(s) dict_keys(['example_xcom_args', 'example_xcom_args_with_operators']) retrieved from /home/airflow/.local/lib/python3.8/site-packages/airflow/example_dags/example_xcomargs.py
[2024-10-02T01:46:58.137+0000] {logging_mixin.py:151} INFO - [2024-10-02T01:46:58.137+0000] {dag.py:2915} INFO - Sync 2 DAGs
[2024-10-02T01:46:58.277+0000] {logging_mixin.py:151} INFO - [2024-10-02T01:46:58.277+0000] {dag.py:3696} INFO - Setting next_dagrun for example_xcom_args to None, run_after=None
[2024-10-02T01:46:58.306+0000] {logging_mixin.py:151} INFO - [2024-10-02T01:46:58.305+0000] {dag.py:3696} INFO - Setting next_dagrun for example_xcom_args_with_operators to None, run_after=None
[2024-10-02T01:46:58.475+0000] {processor.py:179} INFO - Processing /home/airflow/.local/lib/python3.8/site-packages/airflow/example_dags/example_xcomargs.py took 0.580 seconds
[2024-10-02T01:47:28.912+0000] {processor.py:157} INFO - Started process (PID=93) to work on /home/airflow/.local/lib/python3.8/site-packages/airflow/example_dags/example_xcomargs.py
[2024-10-02T01:47:28.914+0000] {processor.py:829} INFO - Processing file /home/airflow/.local/lib/python3.8/site-packages/airflow/example_dags/example_xcomargs.py for tasks to queue
[2024-10-02T01:47:28.918+0000] {logging_mixin.py:151} INFO - [2024-10-02T01:47:28.917+0000] {dagbag.py:539} INFO - Filling up the DagBag from /home/airflow/.local/lib/python3.8/site-packages/airflow/example_dags/example_xcomargs.py
[2024-10-02T01:47:28.935+0000] {processor.py:839} INFO - DAG(s) dict_keys(['example_xcom_args', 'example_xcom_args_with_operators']) retrieved from /home/airflow/.local/lib/python3.8/site-packages/airflow/example_dags/example_xcomargs.py
[2024-10-02T01:47:28.973+0000] {logging_mixin.py:151} INFO - [2024-10-02T01:47:28.972+0000] {dag.py:2915} INFO - Sync 2 DAGs
[2024-10-02T01:47:28.990+0000] {logging_mixin.py:151} INFO - [2024-10-02T01:47:28.990+0000] {dag.py:3696} INFO - Setting next_dagrun for example_xcom_args to None, run_after=None
[2024-10-02T01:47:28.996+0000] {logging_mixin.py:151} INFO - [2024-10-02T01:47:28.996+0000] {dag.py:3696} INFO - Setting next_dagrun for example_xcom_args_with_operators to None, run_after=None
[2024-10-02T01:47:29.019+0000] {processor.py:179} INFO - Processing /home/airflow/.local/lib/python3.8/site-packages/airflow/example_dags/example_xcomargs.py took 0.112 seconds
[2024-10-02T01:48:26.092+0000] {processor.py:157} INFO - Started process (PID=46) to work on /home/airflow/.local/lib/python3.8/site-packages/airflow/example_dags/example_xcomargs.py
[2024-10-02T01:48:26.101+0000] {processor.py:829} INFO - Processing file /home/airflow/.local/lib/python3.8/site-packages/airflow/example_dags/example_xcomargs.py for tasks to queue
[2024-10-02T01:48:26.124+0000] {logging_mixin.py:151} INFO - [2024-10-02T01:48:26.122+0000] {dagbag.py:539} INFO - Filling up the DagBag from /home/airflow/.local/lib/python3.8/site-packages/airflow/example_dags/example_xcomargs.py
[2024-10-02T01:48:26.256+0000] {processor.py:839} INFO - DAG(s) dict_keys(['example_xcom_args', 'example_xcom_args_with_operators']) retrieved from /home/airflow/.local/lib/python3.8/site-packages/airflow/example_dags/example_xcomargs.py
[2024-10-02T01:48:26.338+0000] {logging_mixin.py:151} INFO - [2024-10-02T01:48:26.337+0000] {dag.py:2915} INFO - Sync 2 DAGs
[2024-10-02T01:48:26.460+0000] {logging_mixin.py:151} INFO - [2024-10-02T01:48:26.460+0000] {dag.py:3696} INFO - Setting next_dagrun for example_xcom_args to None, run_after=None
[2024-10-02T01:48:26.495+0000] {logging_mixin.py:151} INFO - [2024-10-02T01:48:26.494+0000] {dag.py:3696} INFO - Setting next_dagrun for example_xcom_args_with_operators to None, run_after=None
[2024-10-02T01:48:26.587+0000] {processor.py:179} INFO - Processing /home/airflow/.local/lib/python3.8/site-packages/airflow/example_dags/example_xcomargs.py took 0.522 seconds
[2024-10-02T01:48:57.072+0000] {processor.py:157} INFO - Started process (PID=93) to work on /home/airflow/.local/lib/python3.8/site-packages/airflow/example_dags/example_xcomargs.py
[2024-10-02T01:48:57.075+0000] {processor.py:829} INFO - Processing file /home/airflow/.local/lib/python3.8/site-packages/airflow/example_dags/example_xcomargs.py for tasks to queue
[2024-10-02T01:48:57.079+0000] {logging_mixin.py:151} INFO - [2024-10-02T01:48:57.078+0000] {dagbag.py:539} INFO - Filling up the DagBag from /home/airflow/.local/lib/python3.8/site-packages/airflow/example_dags/example_xcomargs.py
[2024-10-02T01:48:57.095+0000] {processor.py:839} INFO - DAG(s) dict_keys(['example_xcom_args', 'example_xcom_args_with_operators']) retrieved from /home/airflow/.local/lib/python3.8/site-packages/airflow/example_dags/example_xcomargs.py
[2024-10-02T01:48:57.130+0000] {logging_mixin.py:151} INFO - [2024-10-02T01:48:57.130+0000] {dag.py:2915} INFO - Sync 2 DAGs
[2024-10-02T01:48:57.147+0000] {logging_mixin.py:151} INFO - [2024-10-02T01:48:57.146+0000] {dag.py:3696} INFO - Setting next_dagrun for example_xcom_args to None, run_after=None
[2024-10-02T01:48:57.153+0000] {logging_mixin.py:151} INFO - [2024-10-02T01:48:57.152+0000] {dag.py:3696} INFO - Setting next_dagrun for example_xcom_args_with_operators to None, run_after=None
[2024-10-02T01:48:57.176+0000] {processor.py:179} INFO - Processing /home/airflow/.local/lib/python3.8/site-packages/airflow/example_dags/example_xcomargs.py took 0.109 seconds
[2024-10-02T01:49:28.025+0000] {processor.py:157} INFO - Started process (PID=141) to work on /home/airflow/.local/lib/python3.8/site-packages/airflow/example_dags/example_xcomargs.py
[2024-10-02T01:49:28.028+0000] {processor.py:829} INFO - Processing file /home/airflow/.local/lib/python3.8/site-packages/airflow/example_dags/example_xcomargs.py for tasks to queue
[2024-10-02T01:49:28.033+0000] {logging_mixin.py:151} INFO - [2024-10-02T01:49:28.032+0000] {dagbag.py:539} INFO - Filling up the DagBag from /home/airflow/.local/lib/python3.8/site-packages/airflow/example_dags/example_xcomargs.py
[2024-10-02T01:49:28.049+0000] {processor.py:839} INFO - DAG(s) dict_keys(['example_xcom_args_with_operators', 'example_xcom_args']) retrieved from /home/airflow/.local/lib/python3.8/site-packages/airflow/example_dags/example_xcomargs.py
[2024-10-02T01:49:28.088+0000] {logging_mixin.py:151} INFO - [2024-10-02T01:49:28.088+0000] {dag.py:2915} INFO - Sync 2 DAGs
[2024-10-02T01:49:28.107+0000] {logging_mixin.py:151} INFO - [2024-10-02T01:49:28.107+0000] {dag.py:3696} INFO - Setting next_dagrun for example_xcom_args to None, run_after=None
[2024-10-02T01:49:28.113+0000] {logging_mixin.py:151} INFO - [2024-10-02T01:49:28.113+0000] {dag.py:3696} INFO - Setting next_dagrun for example_xcom_args_with_operators to None, run_after=None
[2024-10-02T01:49:28.136+0000] {processor.py:179} INFO - Processing /home/airflow/.local/lib/python3.8/site-packages/airflow/example_dags/example_xcomargs.py took 0.116 seconds
[2024-10-02T01:49:58.741+0000] {processor.py:157} INFO - Started process (PID=189) to work on /home/airflow/.local/lib/python3.8/site-packages/airflow/example_dags/example_xcomargs.py
[2024-10-02T01:49:58.744+0000] {processor.py:829} INFO - Processing file /home/airflow/.local/lib/python3.8/site-packages/airflow/example_dags/example_xcomargs.py for tasks to queue
[2024-10-02T01:49:58.764+0000] {logging_mixin.py:151} INFO - [2024-10-02T01:49:58.763+0000] {dagbag.py:539} INFO - Filling up the DagBag from /home/airflow/.local/lib/python3.8/site-packages/airflow/example_dags/example_xcomargs.py
[2024-10-02T01:49:58.784+0000] {processor.py:839} INFO - DAG(s) dict_keys(['example_xcom_args', 'example_xcom_args_with_operators']) retrieved from /home/airflow/.local/lib/python3.8/site-packages/airflow/example_dags/example_xcomargs.py
[2024-10-02T01:49:58.852+0000] {logging_mixin.py:151} INFO - [2024-10-02T01:49:58.852+0000] {dag.py:2915} INFO - Sync 2 DAGs
[2024-10-02T01:49:58.878+0000] {logging_mixin.py:151} INFO - [2024-10-02T01:49:58.878+0000] {dag.py:3696} INFO - Setting next_dagrun for example_xcom_args to None, run_after=None
[2024-10-02T01:49:58.888+0000] {logging_mixin.py:151} INFO - [2024-10-02T01:49:58.887+0000] {dag.py:3696} INFO - Setting next_dagrun for example_xcom_args_with_operators to None, run_after=None
[2024-10-02T01:49:58.912+0000] {processor.py:179} INFO - Processing /home/airflow/.local/lib/python3.8/site-packages/airflow/example_dags/example_xcomargs.py took 0.177 seconds
[2024-10-02T01:50:29.027+0000] {processor.py:157} INFO - Started process (PID=237) to work on /home/airflow/.local/lib/python3.8/site-packages/airflow/example_dags/example_xcomargs.py
[2024-10-02T01:50:29.029+0000] {processor.py:829} INFO - Processing file /home/airflow/.local/lib/python3.8/site-packages/airflow/example_dags/example_xcomargs.py for tasks to queue
[2024-10-02T01:50:29.033+0000] {logging_mixin.py:151} INFO - [2024-10-02T01:50:29.032+0000] {dagbag.py:539} INFO - Filling up the DagBag from /home/airflow/.local/lib/python3.8/site-packages/airflow/example_dags/example_xcomargs.py
[2024-10-02T01:50:29.048+0000] {processor.py:839} INFO - DAG(s) dict_keys(['example_xcom_args_with_operators', 'example_xcom_args']) retrieved from /home/airflow/.local/lib/python3.8/site-packages/airflow/example_dags/example_xcomargs.py
[2024-10-02T01:50:29.084+0000] {logging_mixin.py:151} INFO - [2024-10-02T01:50:29.084+0000] {dag.py:2915} INFO - Sync 2 DAGs
[2024-10-02T01:50:29.102+0000] {logging_mixin.py:151} INFO - [2024-10-02T01:50:29.101+0000] {dag.py:3696} INFO - Setting next_dagrun for example_xcom_args to None, run_after=None
[2024-10-02T01:50:29.108+0000] {logging_mixin.py:151} INFO - [2024-10-02T01:50:29.108+0000] {dag.py:3696} INFO - Setting next_dagrun for example_xcom_args_with_operators to None, run_after=None
[2024-10-02T01:50:29.129+0000] {processor.py:179} INFO - Processing /home/airflow/.local/lib/python3.8/site-packages/airflow/example_dags/example_xcomargs.py took 0.106 seconds
[2024-10-02T01:50:59.331+0000] {processor.py:157} INFO - Started process (PID=285) to work on /home/airflow/.local/lib/python3.8/site-packages/airflow/example_dags/example_xcomargs.py
[2024-10-02T01:50:59.333+0000] {processor.py:829} INFO - Processing file /home/airflow/.local/lib/python3.8/site-packages/airflow/example_dags/example_xcomargs.py for tasks to queue
[2024-10-02T01:50:59.340+0000] {logging_mixin.py:151} INFO - [2024-10-02T01:50:59.337+0000] {dagbag.py:539} INFO - Filling up the DagBag from /home/airflow/.local/lib/python3.8/site-packages/airflow/example_dags/example_xcomargs.py
[2024-10-02T01:50:59.354+0000] {processor.py:839} INFO - DAG(s) dict_keys(['example_xcom_args_with_operators', 'example_xcom_args']) retrieved from /home/airflow/.local/lib/python3.8/site-packages/airflow/example_dags/example_xcomargs.py
[2024-10-02T01:50:59.390+0000] {logging_mixin.py:151} INFO - [2024-10-02T01:50:59.390+0000] {dag.py:2915} INFO - Sync 2 DAGs
[2024-10-02T01:50:59.408+0000] {logging_mixin.py:151} INFO - [2024-10-02T01:50:59.408+0000] {dag.py:3696} INFO - Setting next_dagrun for example_xcom_args to None, run_after=None
[2024-10-02T01:50:59.414+0000] {logging_mixin.py:151} INFO - [2024-10-02T01:50:59.413+0000] {dag.py:3696} INFO - Setting next_dagrun for example_xcom_args_with_operators to None, run_after=None
[2024-10-02T01:50:59.436+0000] {processor.py:179} INFO - Processing /home/airflow/.local/lib/python3.8/site-packages/airflow/example_dags/example_xcomargs.py took 0.109 seconds
[2024-10-02T01:51:29.702+0000] {processor.py:157} INFO - Started process (PID=333) to work on /home/airflow/.local/lib/python3.8/site-packages/airflow/example_dags/example_xcomargs.py
[2024-10-02T01:51:29.705+0000] {processor.py:829} INFO - Processing file /home/airflow/.local/lib/python3.8/site-packages/airflow/example_dags/example_xcomargs.py for tasks to queue
[2024-10-02T01:51:29.709+0000] {logging_mixin.py:151} INFO - [2024-10-02T01:51:29.709+0000] {dagbag.py:539} INFO - Filling up the DagBag from /home/airflow/.local/lib/python3.8/site-packages/airflow/example_dags/example_xcomargs.py
[2024-10-02T01:51:29.724+0000] {processor.py:839} INFO - DAG(s) dict_keys(['example_xcom_args', 'example_xcom_args_with_operators']) retrieved from /home/airflow/.local/lib/python3.8/site-packages/airflow/example_dags/example_xcomargs.py
[2024-10-02T01:51:29.766+0000] {logging_mixin.py:151} INFO - [2024-10-02T01:51:29.766+0000] {dag.py:2915} INFO - Sync 2 DAGs
[2024-10-02T01:51:29.783+0000] {logging_mixin.py:151} INFO - [2024-10-02T01:51:29.782+0000] {dag.py:3696} INFO - Setting next_dagrun for example_xcom_args to None, run_after=None
[2024-10-02T01:51:29.792+0000] {logging_mixin.py:151} INFO - [2024-10-02T01:51:29.791+0000] {dag.py:3696} INFO - Setting next_dagrun for example_xcom_args_with_operators to None, run_after=None
[2024-10-02T01:51:29.817+0000] {processor.py:179} INFO - Processing /home/airflow/.local/lib/python3.8/site-packages/airflow/example_dags/example_xcomargs.py took 0.119 seconds
[2024-10-02T01:51:59.952+0000] {processor.py:157} INFO - Started process (PID=381) to work on /home/airflow/.local/lib/python3.8/site-packages/airflow/example_dags/example_xcomargs.py
[2024-10-02T01:51:59.955+0000] {processor.py:829} INFO - Processing file /home/airflow/.local/lib/python3.8/site-packages/airflow/example_dags/example_xcomargs.py for tasks to queue
[2024-10-02T01:51:59.960+0000] {logging_mixin.py:151} INFO - [2024-10-02T01:51:59.959+0000] {dagbag.py:539} INFO - Filling up the DagBag from /home/airflow/.local/lib/python3.8/site-packages/airflow/example_dags/example_xcomargs.py
[2024-10-02T01:51:59.977+0000] {processor.py:839} INFO - DAG(s) dict_keys(['example_xcom_args', 'example_xcom_args_with_operators']) retrieved from /home/airflow/.local/lib/python3.8/site-packages/airflow/example_dags/example_xcomargs.py
[2024-10-02T01:52:00.013+0000] {logging_mixin.py:151} INFO - [2024-10-02T01:52:00.013+0000] {dag.py:2915} INFO - Sync 2 DAGs
[2024-10-02T01:52:00.034+0000] {logging_mixin.py:151} INFO - [2024-10-02T01:52:00.033+0000] {dag.py:3696} INFO - Setting next_dagrun for example_xcom_args to None, run_after=None
[2024-10-02T01:52:00.044+0000] {logging_mixin.py:151} INFO - [2024-10-02T01:52:00.042+0000] {dag.py:3696} INFO - Setting next_dagrun for example_xcom_args_with_operators to None, run_after=None
[2024-10-02T01:52:00.097+0000] {processor.py:179} INFO - Processing /home/airflow/.local/lib/python3.8/site-packages/airflow/example_dags/example_xcomargs.py took 0.149 seconds
[2024-10-02T01:52:30.350+0000] {processor.py:157} INFO - Started process (PID=429) to work on /home/airflow/.local/lib/python3.8/site-packages/airflow/example_dags/example_xcomargs.py
[2024-10-02T01:52:30.353+0000] {processor.py:829} INFO - Processing file /home/airflow/.local/lib/python3.8/site-packages/airflow/example_dags/example_xcomargs.py for tasks to queue
[2024-10-02T01:52:30.356+0000] {logging_mixin.py:151} INFO - [2024-10-02T01:52:30.356+0000] {dagbag.py:539} INFO - Filling up the DagBag from /home/airflow/.local/lib/python3.8/site-packages/airflow/example_dags/example_xcomargs.py
[2024-10-02T01:52:30.373+0000] {processor.py:839} INFO - DAG(s) dict_keys(['example_xcom_args_with_operators', 'example_xcom_args']) retrieved from /home/airflow/.local/lib/python3.8/site-packages/airflow/example_dags/example_xcomargs.py
[2024-10-02T01:52:30.409+0000] {logging_mixin.py:151} INFO - [2024-10-02T01:52:30.408+0000] {dag.py:2915} INFO - Sync 2 DAGs
[2024-10-02T01:52:30.426+0000] {logging_mixin.py:151} INFO - [2024-10-02T01:52:30.426+0000] {dag.py:3696} INFO - Setting next_dagrun for example_xcom_args to None, run_after=None
[2024-10-02T01:52:30.432+0000] {logging_mixin.py:151} INFO - [2024-10-02T01:52:30.432+0000] {dag.py:3696} INFO - Setting next_dagrun for example_xcom_args_with_operators to None, run_after=None
[2024-10-02T01:52:30.452+0000] {processor.py:179} INFO - Processing /home/airflow/.local/lib/python3.8/site-packages/airflow/example_dags/example_xcomargs.py took 0.105 seconds
[2024-10-02T01:53:01.356+0000] {processor.py:157} INFO - Started process (PID=477) to work on /home/airflow/.local/lib/python3.8/site-packages/airflow/example_dags/example_xcomargs.py
[2024-10-02T01:53:01.359+0000] {processor.py:829} INFO - Processing file /home/airflow/.local/lib/python3.8/site-packages/airflow/example_dags/example_xcomargs.py for tasks to queue
[2024-10-02T01:53:01.362+0000] {logging_mixin.py:151} INFO - [2024-10-02T01:53:01.362+0000] {dagbag.py:539} INFO - Filling up the DagBag from /home/airflow/.local/lib/python3.8/site-packages/airflow/example_dags/example_xcomargs.py
[2024-10-02T01:53:01.377+0000] {processor.py:839} INFO - DAG(s) dict_keys(['example_xcom_args', 'example_xcom_args_with_operators']) retrieved from /home/airflow/.local/lib/python3.8/site-packages/airflow/example_dags/example_xcomargs.py
[2024-10-02T01:53:01.415+0000] {logging_mixin.py:151} INFO - [2024-10-02T01:53:01.414+0000] {dag.py:2915} INFO - Sync 2 DAGs
[2024-10-02T01:53:01.433+0000] {logging_mixin.py:151} INFO - [2024-10-02T01:53:01.433+0000] {dag.py:3696} INFO - Setting next_dagrun for example_xcom_args to None, run_after=None
[2024-10-02T01:53:01.442+0000] {logging_mixin.py:151} INFO - [2024-10-02T01:53:01.442+0000] {dag.py:3696} INFO - Setting next_dagrun for example_xcom_args_with_operators to None, run_after=None
[2024-10-02T01:53:01.468+0000] {processor.py:179} INFO - Processing /home/airflow/.local/lib/python3.8/site-packages/airflow/example_dags/example_xcomargs.py took 0.116 seconds
[2024-10-02T01:53:32.395+0000] {processor.py:157} INFO - Started process (PID=525) to work on /home/airflow/.local/lib/python3.8/site-packages/airflow/example_dags/example_xcomargs.py
[2024-10-02T01:53:32.398+0000] {processor.py:829} INFO - Processing file /home/airflow/.local/lib/python3.8/site-packages/airflow/example_dags/example_xcomargs.py for tasks to queue
[2024-10-02T01:53:32.403+0000] {logging_mixin.py:151} INFO - [2024-10-02T01:53:32.402+0000] {dagbag.py:539} INFO - Filling up the DagBag from /home/airflow/.local/lib/python3.8/site-packages/airflow/example_dags/example_xcomargs.py
[2024-10-02T01:53:32.416+0000] {processor.py:839} INFO - DAG(s) dict_keys(['example_xcom_args', 'example_xcom_args_with_operators']) retrieved from /home/airflow/.local/lib/python3.8/site-packages/airflow/example_dags/example_xcomargs.py
[2024-10-02T01:53:32.451+0000] {logging_mixin.py:151} INFO - [2024-10-02T01:53:32.451+0000] {dag.py:2915} INFO - Sync 2 DAGs
[2024-10-02T01:53:32.468+0000] {logging_mixin.py:151} INFO - [2024-10-02T01:53:32.467+0000] {dag.py:3696} INFO - Setting next_dagrun for example_xcom_args to None, run_after=None
[2024-10-02T01:53:32.474+0000] {logging_mixin.py:151} INFO - [2024-10-02T01:53:32.473+0000] {dag.py:3696} INFO - Setting next_dagrun for example_xcom_args_with_operators to None, run_after=None
[2024-10-02T01:53:32.493+0000] {processor.py:179} INFO - Processing /home/airflow/.local/lib/python3.8/site-packages/airflow/example_dags/example_xcomargs.py took 0.103 seconds
[2024-10-02T01:54:03.157+0000] {processor.py:157} INFO - Started process (PID=573) to work on /home/airflow/.local/lib/python3.8/site-packages/airflow/example_dags/example_xcomargs.py
[2024-10-02T01:54:03.159+0000] {processor.py:829} INFO - Processing file /home/airflow/.local/lib/python3.8/site-packages/airflow/example_dags/example_xcomargs.py for tasks to queue
[2024-10-02T01:54:03.164+0000] {logging_mixin.py:151} INFO - [2024-10-02T01:54:03.163+0000] {dagbag.py:539} INFO - Filling up the DagBag from /home/airflow/.local/lib/python3.8/site-packages/airflow/example_dags/example_xcomargs.py
[2024-10-02T01:54:03.181+0000] {processor.py:839} INFO - DAG(s) dict_keys(['example_xcom_args', 'example_xcom_args_with_operators']) retrieved from /home/airflow/.local/lib/python3.8/site-packages/airflow/example_dags/example_xcomargs.py
[2024-10-02T01:54:03.221+0000] {logging_mixin.py:151} INFO - [2024-10-02T01:54:03.221+0000] {dag.py:2915} INFO - Sync 2 DAGs
[2024-10-02T01:54:03.240+0000] {logging_mixin.py:151} INFO - [2024-10-02T01:54:03.239+0000] {dag.py:3696} INFO - Setting next_dagrun for example_xcom_args to None, run_after=None
[2024-10-02T01:54:03.245+0000] {logging_mixin.py:151} INFO - [2024-10-02T01:54:03.245+0000] {dag.py:3696} INFO - Setting next_dagrun for example_xcom_args_with_operators to None, run_after=None
[2024-10-02T01:54:03.266+0000] {processor.py:179} INFO - Processing /home/airflow/.local/lib/python3.8/site-packages/airflow/example_dags/example_xcomargs.py took 0.113 seconds
[2024-10-02T01:57:17.908+0000] {processor.py:157} INFO - Started process (PID=607) to work on /home/airflow/.local/lib/python3.8/site-packages/airflow/example_dags/example_xcomargs.py
[2024-10-02T01:57:17.911+0000] {processor.py:829} INFO - Processing file /home/airflow/.local/lib/python3.8/site-packages/airflow/example_dags/example_xcomargs.py for tasks to queue
[2024-10-02T01:57:17.916+0000] {logging_mixin.py:151} INFO - [2024-10-02T01:57:17.916+0000] {dagbag.py:539} INFO - Filling up the DagBag from /home/airflow/.local/lib/python3.8/site-packages/airflow/example_dags/example_xcomargs.py
[2024-10-02T01:57:17.935+0000] {processor.py:839} INFO - DAG(s) dict_keys(['example_xcom_args', 'example_xcom_args_with_operators']) retrieved from /home/airflow/.local/lib/python3.8/site-packages/airflow/example_dags/example_xcomargs.py
[2024-10-02T01:57:17.977+0000] {logging_mixin.py:151} INFO - [2024-10-02T01:57:17.977+0000] {dag.py:2915} INFO - Sync 2 DAGs
[2024-10-02T01:57:17.995+0000] {logging_mixin.py:151} INFO - [2024-10-02T01:57:17.995+0000] {dag.py:3696} INFO - Setting next_dagrun for example_xcom_args to None, run_after=None
[2024-10-02T01:57:18.001+0000] {logging_mixin.py:151} INFO - [2024-10-02T01:57:18.001+0000] {dag.py:3696} INFO - Setting next_dagrun for example_xcom_args_with_operators to None, run_after=None
[2024-10-02T01:57:18.027+0000] {processor.py:179} INFO - Processing /home/airflow/.local/lib/python3.8/site-packages/airflow/example_dags/example_xcomargs.py took 0.123 seconds
[2024-10-02T01:57:48.706+0000] {processor.py:157} INFO - Started process (PID=654) to work on /home/airflow/.local/lib/python3.8/site-packages/airflow/example_dags/example_xcomargs.py
[2024-10-02T01:57:48.710+0000] {processor.py:829} INFO - Processing file /home/airflow/.local/lib/python3.8/site-packages/airflow/example_dags/example_xcomargs.py for tasks to queue
[2024-10-02T01:57:48.719+0000] {logging_mixin.py:151} INFO - [2024-10-02T01:57:48.718+0000] {dagbag.py:539} INFO - Filling up the DagBag from /home/airflow/.local/lib/python3.8/site-packages/airflow/example_dags/example_xcomargs.py
[2024-10-02T01:57:48.737+0000] {processor.py:839} INFO - DAG(s) dict_keys(['example_xcom_args_with_operators', 'example_xcom_args']) retrieved from /home/airflow/.local/lib/python3.8/site-packages/airflow/example_dags/example_xcomargs.py
[2024-10-02T01:57:48.799+0000] {logging_mixin.py:151} INFO - [2024-10-02T01:57:48.798+0000] {dag.py:2915} INFO - Sync 2 DAGs
[2024-10-02T01:57:48.818+0000] {logging_mixin.py:151} INFO - [2024-10-02T01:57:48.818+0000] {dag.py:3696} INFO - Setting next_dagrun for example_xcom_args to None, run_after=None
[2024-10-02T01:57:48.829+0000] {logging_mixin.py:151} INFO - [2024-10-02T01:57:48.829+0000] {dag.py:3696} INFO - Setting next_dagrun for example_xcom_args_with_operators to None, run_after=None
[2024-10-02T01:57:48.872+0000] {processor.py:179} INFO - Processing /home/airflow/.local/lib/python3.8/site-packages/airflow/example_dags/example_xcomargs.py took 0.181 seconds
[2024-10-02T01:58:19.524+0000] {processor.py:157} INFO - Started process (PID=702) to work on /home/airflow/.local/lib/python3.8/site-packages/airflow/example_dags/example_xcomargs.py
[2024-10-02T01:58:19.526+0000] {processor.py:829} INFO - Processing file /home/airflow/.local/lib/python3.8/site-packages/airflow/example_dags/example_xcomargs.py for tasks to queue
[2024-10-02T01:58:19.531+0000] {logging_mixin.py:151} INFO - [2024-10-02T01:58:19.530+0000] {dagbag.py:539} INFO - Filling up the DagBag from /home/airflow/.local/lib/python3.8/site-packages/airflow/example_dags/example_xcomargs.py
[2024-10-02T01:58:19.547+0000] {processor.py:839} INFO - DAG(s) dict_keys(['example_xcom_args_with_operators', 'example_xcom_args']) retrieved from /home/airflow/.local/lib/python3.8/site-packages/airflow/example_dags/example_xcomargs.py
[2024-10-02T01:58:19.590+0000] {logging_mixin.py:151} INFO - [2024-10-02T01:58:19.590+0000] {dag.py:2915} INFO - Sync 2 DAGs
[2024-10-02T01:58:19.606+0000] {logging_mixin.py:151} INFO - [2024-10-02T01:58:19.606+0000] {dag.py:3696} INFO - Setting next_dagrun for example_xcom_args to None, run_after=None
[2024-10-02T01:58:19.614+0000] {logging_mixin.py:151} INFO - [2024-10-02T01:58:19.614+0000] {dag.py:3696} INFO - Setting next_dagrun for example_xcom_args_with_operators to None, run_after=None
[2024-10-02T01:58:19.636+0000] {processor.py:179} INFO - Processing /home/airflow/.local/lib/python3.8/site-packages/airflow/example_dags/example_xcomargs.py took 0.116 seconds
[2024-10-02T01:58:50.444+0000] {processor.py:157} INFO - Started process (PID=750) to work on /home/airflow/.local/lib/python3.8/site-packages/airflow/example_dags/example_xcomargs.py
[2024-10-02T01:58:50.448+0000] {processor.py:829} INFO - Processing file /home/airflow/.local/lib/python3.8/site-packages/airflow/example_dags/example_xcomargs.py for tasks to queue
[2024-10-02T01:58:50.461+0000] {logging_mixin.py:151} INFO - [2024-10-02T01:58:50.460+0000] {dagbag.py:539} INFO - Filling up the DagBag from /home/airflow/.local/lib/python3.8/site-packages/airflow/example_dags/example_xcomargs.py
[2024-10-02T01:58:50.479+0000] {processor.py:839} INFO - DAG(s) dict_keys(['example_xcom_args', 'example_xcom_args_with_operators']) retrieved from /home/airflow/.local/lib/python3.8/site-packages/airflow/example_dags/example_xcomargs.py
[2024-10-02T01:58:50.513+0000] {logging_mixin.py:151} INFO - [2024-10-02T01:58:50.513+0000] {dag.py:2915} INFO - Sync 2 DAGs
[2024-10-02T01:58:50.529+0000] {logging_mixin.py:151} INFO - [2024-10-02T01:58:50.528+0000] {dag.py:3696} INFO - Setting next_dagrun for example_xcom_args to None, run_after=None
[2024-10-02T01:58:50.534+0000] {logging_mixin.py:151} INFO - [2024-10-02T01:58:50.534+0000] {dag.py:3696} INFO - Setting next_dagrun for example_xcom_args_with_operators to None, run_after=None
[2024-10-02T01:58:50.563+0000] {processor.py:179} INFO - Processing /home/airflow/.local/lib/python3.8/site-packages/airflow/example_dags/example_xcomargs.py took 0.123 seconds
[2024-10-02T01:59:21.524+0000] {processor.py:157} INFO - Started process (PID=798) to work on /home/airflow/.local/lib/python3.8/site-packages/airflow/example_dags/example_xcomargs.py
[2024-10-02T01:59:21.537+0000] {processor.py:829} INFO - Processing file /home/airflow/.local/lib/python3.8/site-packages/airflow/example_dags/example_xcomargs.py for tasks to queue
[2024-10-02T01:59:21.553+0000] {logging_mixin.py:151} INFO - [2024-10-02T01:59:21.548+0000] {dagbag.py:539} INFO - Filling up the DagBag from /home/airflow/.local/lib/python3.8/site-packages/airflow/example_dags/example_xcomargs.py
[2024-10-02T01:59:21.584+0000] {processor.py:839} INFO - DAG(s) dict_keys(['example_xcom_args', 'example_xcom_args_with_operators']) retrieved from /home/airflow/.local/lib/python3.8/site-packages/airflow/example_dags/example_xcomargs.py
[2024-10-02T01:59:21.715+0000] {logging_mixin.py:151} INFO - [2024-10-02T01:59:21.715+0000] {dag.py:2915} INFO - Sync 2 DAGs
[2024-10-02T01:59:21.804+0000] {logging_mixin.py:151} INFO - [2024-10-02T01:59:21.804+0000] {dag.py:3696} INFO - Setting next_dagrun for example_xcom_args to None, run_after=None
[2024-10-02T01:59:21.841+0000] {logging_mixin.py:151} INFO - [2024-10-02T01:59:21.840+0000] {dag.py:3696} INFO - Setting next_dagrun for example_xcom_args_with_operators to None, run_after=None
[2024-10-02T01:59:21.907+0000] {processor.py:179} INFO - Processing /home/airflow/.local/lib/python3.8/site-packages/airflow/example_dags/example_xcomargs.py took 0.390 seconds
[2024-10-02T01:59:52.151+0000] {processor.py:157} INFO - Started process (PID=846) to work on /home/airflow/.local/lib/python3.8/site-packages/airflow/example_dags/example_xcomargs.py
[2024-10-02T01:59:52.159+0000] {processor.py:829} INFO - Processing file /home/airflow/.local/lib/python3.8/site-packages/airflow/example_dags/example_xcomargs.py for tasks to queue
[2024-10-02T01:59:52.165+0000] {logging_mixin.py:151} INFO - [2024-10-02T01:59:52.164+0000] {dagbag.py:539} INFO - Filling up the DagBag from /home/airflow/.local/lib/python3.8/site-packages/airflow/example_dags/example_xcomargs.py
[2024-10-02T01:59:52.186+0000] {processor.py:839} INFO - DAG(s) dict_keys(['example_xcom_args', 'example_xcom_args_with_operators']) retrieved from /home/airflow/.local/lib/python3.8/site-packages/airflow/example_dags/example_xcomargs.py
[2024-10-02T01:59:52.233+0000] {logging_mixin.py:151} INFO - [2024-10-02T01:59:52.232+0000] {dag.py:2915} INFO - Sync 2 DAGs
[2024-10-02T01:59:52.251+0000] {logging_mixin.py:151} INFO - [2024-10-02T01:59:52.250+0000] {dag.py:3696} INFO - Setting next_dagrun for example_xcom_args to None, run_after=None
[2024-10-02T01:59:52.257+0000] {logging_mixin.py:151} INFO - [2024-10-02T01:59:52.257+0000] {dag.py:3696} INFO - Setting next_dagrun for example_xcom_args_with_operators to None, run_after=None
[2024-10-02T01:59:52.278+0000] {processor.py:179} INFO - Processing /home/airflow/.local/lib/python3.8/site-packages/airflow/example_dags/example_xcomargs.py took 0.131 seconds
[2024-10-02T02:00:23.252+0000] {processor.py:157} INFO - Started process (PID=894) to work on /home/airflow/.local/lib/python3.8/site-packages/airflow/example_dags/example_xcomargs.py
[2024-10-02T02:00:23.256+0000] {processor.py:829} INFO - Processing file /home/airflow/.local/lib/python3.8/site-packages/airflow/example_dags/example_xcomargs.py for tasks to queue
[2024-10-02T02:00:23.260+0000] {logging_mixin.py:151} INFO - [2024-10-02T02:00:23.259+0000] {dagbag.py:539} INFO - Filling up the DagBag from /home/airflow/.local/lib/python3.8/site-packages/airflow/example_dags/example_xcomargs.py
[2024-10-02T02:00:23.279+0000] {processor.py:839} INFO - DAG(s) dict_keys(['example_xcom_args', 'example_xcom_args_with_operators']) retrieved from /home/airflow/.local/lib/python3.8/site-packages/airflow/example_dags/example_xcomargs.py
[2024-10-02T02:00:23.359+0000] {logging_mixin.py:151} INFO - [2024-10-02T02:00:23.359+0000] {dag.py:2915} INFO - Sync 2 DAGs
[2024-10-02T02:00:23.391+0000] {logging_mixin.py:151} INFO - [2024-10-02T02:00:23.391+0000] {dag.py:3696} INFO - Setting next_dagrun for example_xcom_args to None, run_after=None
[2024-10-02T02:00:23.402+0000] {logging_mixin.py:151} INFO - [2024-10-02T02:00:23.402+0000] {dag.py:3696} INFO - Setting next_dagrun for example_xcom_args_with_operators to None, run_after=None
[2024-10-02T02:00:23.450+0000] {processor.py:179} INFO - Processing /home/airflow/.local/lib/python3.8/site-packages/airflow/example_dags/example_xcomargs.py took 0.204 seconds
[2024-10-02T02:00:53.648+0000] {processor.py:157} INFO - Started process (PID=942) to work on /home/airflow/.local/lib/python3.8/site-packages/airflow/example_dags/example_xcomargs.py
[2024-10-02T02:00:53.651+0000] {processor.py:829} INFO - Processing file /home/airflow/.local/lib/python3.8/site-packages/airflow/example_dags/example_xcomargs.py for tasks to queue
[2024-10-02T02:00:53.655+0000] {logging_mixin.py:151} INFO - [2024-10-02T02:00:53.654+0000] {dagbag.py:539} INFO - Filling up the DagBag from /home/airflow/.local/lib/python3.8/site-packages/airflow/example_dags/example_xcomargs.py
[2024-10-02T02:00:53.670+0000] {processor.py:839} INFO - DAG(s) dict_keys(['example_xcom_args_with_operators', 'example_xcom_args']) retrieved from /home/airflow/.local/lib/python3.8/site-packages/airflow/example_dags/example_xcomargs.py
[2024-10-02T02:00:53.708+0000] {logging_mixin.py:151} INFO - [2024-10-02T02:00:53.708+0000] {dag.py:2915} INFO - Sync 2 DAGs
[2024-10-02T02:00:53.724+0000] {logging_mixin.py:151} INFO - [2024-10-02T02:00:53.724+0000] {dag.py:3696} INFO - Setting next_dagrun for example_xcom_args to None, run_after=None
[2024-10-02T02:00:53.731+0000] {logging_mixin.py:151} INFO - [2024-10-02T02:00:53.730+0000] {dag.py:3696} INFO - Setting next_dagrun for example_xcom_args_with_operators to None, run_after=None
[2024-10-02T02:00:53.754+0000] {processor.py:179} INFO - Processing /home/airflow/.local/lib/python3.8/site-packages/airflow/example_dags/example_xcomargs.py took 0.111 seconds
[2024-10-02T02:01:24.191+0000] {processor.py:157} INFO - Started process (PID=990) to work on /home/airflow/.local/lib/python3.8/site-packages/airflow/example_dags/example_xcomargs.py
[2024-10-02T02:01:24.194+0000] {processor.py:829} INFO - Processing file /home/airflow/.local/lib/python3.8/site-packages/airflow/example_dags/example_xcomargs.py for tasks to queue
[2024-10-02T02:01:24.198+0000] {logging_mixin.py:151} INFO - [2024-10-02T02:01:24.198+0000] {dagbag.py:539} INFO - Filling up the DagBag from /home/airflow/.local/lib/python3.8/site-packages/airflow/example_dags/example_xcomargs.py
[2024-10-02T02:01:24.217+0000] {processor.py:839} INFO - DAG(s) dict_keys(['example_xcom_args', 'example_xcom_args_with_operators']) retrieved from /home/airflow/.local/lib/python3.8/site-packages/airflow/example_dags/example_xcomargs.py
[2024-10-02T02:01:24.297+0000] {logging_mixin.py:151} INFO - [2024-10-02T02:01:24.296+0000] {dag.py:2915} INFO - Sync 2 DAGs
[2024-10-02T02:01:24.322+0000] {logging_mixin.py:151} INFO - [2024-10-02T02:01:24.322+0000] {dag.py:3696} INFO - Setting next_dagrun for example_xcom_args to None, run_after=None
[2024-10-02T02:01:24.330+0000] {logging_mixin.py:151} INFO - [2024-10-02T02:01:24.330+0000] {dag.py:3696} INFO - Setting next_dagrun for example_xcom_args_with_operators to None, run_after=None
[2024-10-02T02:01:24.375+0000] {processor.py:179} INFO - Processing /home/airflow/.local/lib/python3.8/site-packages/airflow/example_dags/example_xcomargs.py took 0.189 seconds
[2024-10-02T02:03:18.821+0000] {processor.py:157} INFO - Started process (PID=46) to work on /home/airflow/.local/lib/python3.8/site-packages/airflow/example_dags/example_xcomargs.py
[2024-10-02T02:03:18.828+0000] {processor.py:829} INFO - Processing file /home/airflow/.local/lib/python3.8/site-packages/airflow/example_dags/example_xcomargs.py for tasks to queue
[2024-10-02T02:03:18.858+0000] {logging_mixin.py:151} INFO - [2024-10-02T02:03:18.838+0000] {dagbag.py:539} INFO - Filling up the DagBag from /home/airflow/.local/lib/python3.8/site-packages/airflow/example_dags/example_xcomargs.py
[2024-10-02T02:03:18.930+0000] {processor.py:839} INFO - DAG(s) dict_keys(['example_xcom_args_with_operators', 'example_xcom_args']) retrieved from /home/airflow/.local/lib/python3.8/site-packages/airflow/example_dags/example_xcomargs.py
[2024-10-02T02:03:19.320+0000] {logging_mixin.py:151} INFO - [2024-10-02T02:03:19.320+0000] {manager.py:499} INFO - Created Permission View: %s
[2024-10-02T02:03:19.392+0000] {logging_mixin.py:151} INFO - [2024-10-02T02:03:19.391+0000] {manager.py:499} INFO - Created Permission View: %s
[2024-10-02T02:03:19.423+0000] {logging_mixin.py:151} INFO - [2024-10-02T02:03:19.423+0000] {manager.py:499} INFO - Created Permission View: %s
[2024-10-02T02:03:19.432+0000] {logging_mixin.py:151} INFO - [2024-10-02T02:03:19.432+0000] {security.py:708} INFO - Not syncing DAG-level permissions for DAG 'DAG:example_xcom_args_with_operators' as access control is unset.
[2024-10-02T02:03:19.538+0000] {logging_mixin.py:151} INFO - [2024-10-02T02:03:19.538+0000] {manager.py:499} INFO - Created Permission View: %s
[2024-10-02T02:03:19.568+0000] {logging_mixin.py:151} INFO - [2024-10-02T02:03:19.566+0000] {manager.py:499} INFO - Created Permission View: %s
[2024-10-02T02:03:19.606+0000] {logging_mixin.py:151} INFO - [2024-10-02T02:03:19.606+0000] {manager.py:499} INFO - Created Permission View: %s
[2024-10-02T02:03:19.617+0000] {logging_mixin.py:151} INFO - [2024-10-02T02:03:19.617+0000] {security.py:708} INFO - Not syncing DAG-level permissions for DAG 'DAG:example_xcom_args' as access control is unset.
[2024-10-02T02:03:19.634+0000] {logging_mixin.py:151} INFO - [2024-10-02T02:03:19.632+0000] {dag.py:2915} INFO - Sync 2 DAGs
[2024-10-02T02:03:19.769+0000] {logging_mixin.py:151} INFO - [2024-10-02T02:03:19.768+0000] {dag.py:2937} INFO - Creating ORM DAG for example_xcom_args
[2024-10-02T02:03:19.782+0000] {logging_mixin.py:151} INFO - [2024-10-02T02:03:19.781+0000] {dag.py:2937} INFO - Creating ORM DAG for example_xcom_args_with_operators
[2024-10-02T02:03:19.795+0000] {logging_mixin.py:151} INFO - [2024-10-02T02:03:19.790+0000] {dag.py:3696} INFO - Setting next_dagrun for example_xcom_args to None, run_after=None
[2024-10-02T02:03:19.804+0000] {logging_mixin.py:151} INFO - [2024-10-02T02:03:19.802+0000] {dag.py:3696} INFO - Setting next_dagrun for example_xcom_args_with_operators to None, run_after=None
[2024-10-02T02:03:20.014+0000] {processor.py:179} INFO - Processing /home/airflow/.local/lib/python3.8/site-packages/airflow/example_dags/example_xcomargs.py took 1.208 seconds
[2024-10-02T02:06:16.665+0000] {processor.py:157} INFO - Started process (PID=46) to work on /home/airflow/.local/lib/python3.8/site-packages/airflow/example_dags/example_xcomargs.py
[2024-10-02T02:06:16.675+0000] {processor.py:829} INFO - Processing file /home/airflow/.local/lib/python3.8/site-packages/airflow/example_dags/example_xcomargs.py for tasks to queue
[2024-10-02T02:06:16.686+0000] {logging_mixin.py:151} INFO - [2024-10-02T02:06:16.685+0000] {dagbag.py:539} INFO - Filling up the DagBag from /home/airflow/.local/lib/python3.8/site-packages/airflow/example_dags/example_xcomargs.py
[2024-10-02T02:06:16.780+0000] {processor.py:839} INFO - DAG(s) dict_keys(['example_xcom_args', 'example_xcom_args_with_operators']) retrieved from /home/airflow/.local/lib/python3.8/site-packages/airflow/example_dags/example_xcomargs.py
[2024-10-02T02:06:17.039+0000] {logging_mixin.py:151} INFO - [2024-10-02T02:06:17.038+0000] {manager.py:499} INFO - Created Permission View: %s
[2024-10-02T02:06:17.091+0000] {logging_mixin.py:151} INFO - [2024-10-02T02:06:17.091+0000] {manager.py:499} INFO - Created Permission View: %s
[2024-10-02T02:06:17.122+0000] {logging_mixin.py:151} INFO - [2024-10-02T02:06:17.122+0000] {manager.py:499} INFO - Created Permission View: %s
[2024-10-02T02:06:17.126+0000] {logging_mixin.py:151} INFO - [2024-10-02T02:06:17.125+0000] {security.py:708} INFO - Not syncing DAG-level permissions for DAG 'DAG:example_xcom_args' as access control is unset.
[2024-10-02T02:06:17.159+0000] {logging_mixin.py:151} INFO - [2024-10-02T02:06:17.159+0000] {manager.py:499} INFO - Created Permission View: %s
[2024-10-02T02:06:17.182+0000] {logging_mixin.py:151} INFO - [2024-10-02T02:06:17.182+0000] {manager.py:499} INFO - Created Permission View: %s
[2024-10-02T02:06:17.208+0000] {logging_mixin.py:151} INFO - [2024-10-02T02:06:17.208+0000] {manager.py:499} INFO - Created Permission View: %s
[2024-10-02T02:06:17.212+0000] {logging_mixin.py:151} INFO - [2024-10-02T02:06:17.211+0000] {security.py:708} INFO - Not syncing DAG-level permissions for DAG 'DAG:example_xcom_args_with_operators' as access control is unset.
[2024-10-02T02:06:17.214+0000] {logging_mixin.py:151} INFO - [2024-10-02T02:06:17.214+0000] {dag.py:2915} INFO - Sync 2 DAGs
[2024-10-02T02:06:17.232+0000] {logging_mixin.py:151} INFO - [2024-10-02T02:06:17.231+0000] {dag.py:2937} INFO - Creating ORM DAG for example_xcom_args
[2024-10-02T02:06:17.237+0000] {logging_mixin.py:151} INFO - [2024-10-02T02:06:17.236+0000] {dag.py:2937} INFO - Creating ORM DAG for example_xcom_args_with_operators
[2024-10-02T02:06:17.240+0000] {logging_mixin.py:151} INFO - [2024-10-02T02:06:17.239+0000] {dag.py:3696} INFO - Setting next_dagrun for example_xcom_args to None, run_after=None
[2024-10-02T02:06:17.244+0000] {logging_mixin.py:151} INFO - [2024-10-02T02:06:17.244+0000] {dag.py:3696} INFO - Setting next_dagrun for example_xcom_args_with_operators to None, run_after=None
[2024-10-02T02:06:17.276+0000] {processor.py:179} INFO - Processing /home/airflow/.local/lib/python3.8/site-packages/airflow/example_dags/example_xcomargs.py took 0.635 seconds
[2024-10-02T02:06:47.598+0000] {processor.py:157} INFO - Started process (PID=93) to work on /home/airflow/.local/lib/python3.8/site-packages/airflow/example_dags/example_xcomargs.py
[2024-10-02T02:06:47.601+0000] {processor.py:829} INFO - Processing file /home/airflow/.local/lib/python3.8/site-packages/airflow/example_dags/example_xcomargs.py for tasks to queue
[2024-10-02T02:06:47.604+0000] {logging_mixin.py:151} INFO - [2024-10-02T02:06:47.604+0000] {dagbag.py:539} INFO - Filling up the DagBag from /home/airflow/.local/lib/python3.8/site-packages/airflow/example_dags/example_xcomargs.py
[2024-10-02T02:06:47.618+0000] {processor.py:839} INFO - DAG(s) dict_keys(['example_xcom_args', 'example_xcom_args_with_operators']) retrieved from /home/airflow/.local/lib/python3.8/site-packages/airflow/example_dags/example_xcomargs.py
[2024-10-02T02:06:47.652+0000] {logging_mixin.py:151} INFO - [2024-10-02T02:06:47.651+0000] {dag.py:2915} INFO - Sync 2 DAGs
[2024-10-02T02:06:47.667+0000] {logging_mixin.py:151} INFO - [2024-10-02T02:06:47.667+0000] {dag.py:3696} INFO - Setting next_dagrun for example_xcom_args to None, run_after=None
[2024-10-02T02:06:47.673+0000] {logging_mixin.py:151} INFO - [2024-10-02T02:06:47.672+0000] {dag.py:3696} INFO - Setting next_dagrun for example_xcom_args_with_operators to None, run_after=None
[2024-10-02T02:06:47.696+0000] {processor.py:179} INFO - Processing /home/airflow/.local/lib/python3.8/site-packages/airflow/example_dags/example_xcomargs.py took 0.102 seconds
[2024-10-02T02:07:18.185+0000] {processor.py:157} INFO - Started process (PID=141) to work on /home/airflow/.local/lib/python3.8/site-packages/airflow/example_dags/example_xcomargs.py
[2024-10-02T02:07:18.188+0000] {processor.py:829} INFO - Processing file /home/airflow/.local/lib/python3.8/site-packages/airflow/example_dags/example_xcomargs.py for tasks to queue
[2024-10-02T02:07:18.192+0000] {logging_mixin.py:151} INFO - [2024-10-02T02:07:18.191+0000] {dagbag.py:539} INFO - Filling up the DagBag from /home/airflow/.local/lib/python3.8/site-packages/airflow/example_dags/example_xcomargs.py
[2024-10-02T02:07:18.208+0000] {processor.py:839} INFO - DAG(s) dict_keys(['example_xcom_args', 'example_xcom_args_with_operators']) retrieved from /home/airflow/.local/lib/python3.8/site-packages/airflow/example_dags/example_xcomargs.py
[2024-10-02T02:07:18.243+0000] {logging_mixin.py:151} INFO - [2024-10-02T02:07:18.243+0000] {dag.py:2915} INFO - Sync 2 DAGs
[2024-10-02T02:07:18.261+0000] {logging_mixin.py:151} INFO - [2024-10-02T02:07:18.261+0000] {dag.py:3696} INFO - Setting next_dagrun for example_xcom_args to None, run_after=None
[2024-10-02T02:07:18.267+0000] {logging_mixin.py:151} INFO - [2024-10-02T02:07:18.267+0000] {dag.py:3696} INFO - Setting next_dagrun for example_xcom_args_with_operators to None, run_after=None
[2024-10-02T02:07:18.290+0000] {processor.py:179} INFO - Processing /home/airflow/.local/lib/python3.8/site-packages/airflow/example_dags/example_xcomargs.py took 0.110 seconds
[2024-10-02T02:07:48.488+0000] {processor.py:157} INFO - Started process (PID=189) to work on /home/airflow/.local/lib/python3.8/site-packages/airflow/example_dags/example_xcomargs.py
[2024-10-02T02:07:48.491+0000] {processor.py:829} INFO - Processing file /home/airflow/.local/lib/python3.8/site-packages/airflow/example_dags/example_xcomargs.py for tasks to queue
[2024-10-02T02:07:48.495+0000] {logging_mixin.py:151} INFO - [2024-10-02T02:07:48.494+0000] {dagbag.py:539} INFO - Filling up the DagBag from /home/airflow/.local/lib/python3.8/site-packages/airflow/example_dags/example_xcomargs.py
[2024-10-02T02:07:48.512+0000] {processor.py:839} INFO - DAG(s) dict_keys(['example_xcom_args_with_operators', 'example_xcom_args']) retrieved from /home/airflow/.local/lib/python3.8/site-packages/airflow/example_dags/example_xcomargs.py
[2024-10-02T02:07:48.558+0000] {logging_mixin.py:151} INFO - [2024-10-02T02:07:48.557+0000] {dag.py:2915} INFO - Sync 2 DAGs
[2024-10-02T02:07:48.576+0000] {logging_mixin.py:151} INFO - [2024-10-02T02:07:48.575+0000] {dag.py:3696} INFO - Setting next_dagrun for example_xcom_args to None, run_after=None
[2024-10-02T02:07:48.588+0000] {logging_mixin.py:151} INFO - [2024-10-02T02:07:48.587+0000] {dag.py:3696} INFO - Setting next_dagrun for example_xcom_args_with_operators to None, run_after=None
[2024-10-02T02:07:48.616+0000] {processor.py:179} INFO - Processing /home/airflow/.local/lib/python3.8/site-packages/airflow/example_dags/example_xcomargs.py took 0.134 seconds
[2024-10-02T02:08:19.227+0000] {processor.py:157} INFO - Started process (PID=237) to work on /home/airflow/.local/lib/python3.8/site-packages/airflow/example_dags/example_xcomargs.py
[2024-10-02T02:08:19.230+0000] {processor.py:829} INFO - Processing file /home/airflow/.local/lib/python3.8/site-packages/airflow/example_dags/example_xcomargs.py for tasks to queue
[2024-10-02T02:08:19.237+0000] {logging_mixin.py:151} INFO - [2024-10-02T02:08:19.236+0000] {dagbag.py:539} INFO - Filling up the DagBag from /home/airflow/.local/lib/python3.8/site-packages/airflow/example_dags/example_xcomargs.py
[2024-10-02T02:08:19.269+0000] {processor.py:839} INFO - DAG(s) dict_keys(['example_xcom_args_with_operators', 'example_xcom_args']) retrieved from /home/airflow/.local/lib/python3.8/site-packages/airflow/example_dags/example_xcomargs.py
[2024-10-02T02:08:19.344+0000] {logging_mixin.py:151} INFO - [2024-10-02T02:08:19.344+0000] {dag.py:2915} INFO - Sync 2 DAGs
[2024-10-02T02:08:19.364+0000] {logging_mixin.py:151} INFO - [2024-10-02T02:08:19.364+0000] {dag.py:3696} INFO - Setting next_dagrun for example_xcom_args to None, run_after=None
[2024-10-02T02:08:19.370+0000] {logging_mixin.py:151} INFO - [2024-10-02T02:08:19.369+0000] {dag.py:3696} INFO - Setting next_dagrun for example_xcom_args_with_operators to None, run_after=None
[2024-10-02T02:08:19.399+0000] {processor.py:179} INFO - Processing /home/airflow/.local/lib/python3.8/site-packages/airflow/example_dags/example_xcomargs.py took 0.179 seconds
[2024-10-02T02:08:49.611+0000] {processor.py:157} INFO - Started process (PID=285) to work on /home/airflow/.local/lib/python3.8/site-packages/airflow/example_dags/example_xcomargs.py
[2024-10-02T02:08:49.615+0000] {processor.py:829} INFO - Processing file /home/airflow/.local/lib/python3.8/site-packages/airflow/example_dags/example_xcomargs.py for tasks to queue
[2024-10-02T02:08:49.620+0000] {logging_mixin.py:151} INFO - [2024-10-02T02:08:49.620+0000] {dagbag.py:539} INFO - Filling up the DagBag from /home/airflow/.local/lib/python3.8/site-packages/airflow/example_dags/example_xcomargs.py
[2024-10-02T02:08:49.637+0000] {processor.py:839} INFO - DAG(s) dict_keys(['example_xcom_args', 'example_xcom_args_with_operators']) retrieved from /home/airflow/.local/lib/python3.8/site-packages/airflow/example_dags/example_xcomargs.py
[2024-10-02T02:08:49.690+0000] {logging_mixin.py:151} INFO - [2024-10-02T02:08:49.690+0000] {dag.py:2915} INFO - Sync 2 DAGs
[2024-10-02T02:08:49.717+0000] {logging_mixin.py:151} INFO - [2024-10-02T02:08:49.716+0000] {dag.py:3696} INFO - Setting next_dagrun for example_xcom_args to None, run_after=None
[2024-10-02T02:08:49.730+0000] {logging_mixin.py:151} INFO - [2024-10-02T02:08:49.730+0000] {dag.py:3696} INFO - Setting next_dagrun for example_xcom_args_with_operators to None, run_after=None
[2024-10-02T02:08:49.767+0000] {processor.py:179} INFO - Processing /home/airflow/.local/lib/python3.8/site-packages/airflow/example_dags/example_xcomargs.py took 0.161 seconds
[2024-10-02T02:09:20.446+0000] {processor.py:157} INFO - Started process (PID=333) to work on /home/airflow/.local/lib/python3.8/site-packages/airflow/example_dags/example_xcomargs.py
[2024-10-02T02:09:20.450+0000] {processor.py:829} INFO - Processing file /home/airflow/.local/lib/python3.8/site-packages/airflow/example_dags/example_xcomargs.py for tasks to queue
[2024-10-02T02:09:20.455+0000] {logging_mixin.py:151} INFO - [2024-10-02T02:09:20.454+0000] {dagbag.py:539} INFO - Filling up the DagBag from /home/airflow/.local/lib/python3.8/site-packages/airflow/example_dags/example_xcomargs.py
[2024-10-02T02:09:20.477+0000] {processor.py:839} INFO - DAG(s) dict_keys(['example_xcom_args_with_operators', 'example_xcom_args']) retrieved from /home/airflow/.local/lib/python3.8/site-packages/airflow/example_dags/example_xcomargs.py
[2024-10-02T02:09:20.529+0000] {logging_mixin.py:151} INFO - [2024-10-02T02:09:20.528+0000] {dag.py:2915} INFO - Sync 2 DAGs
[2024-10-02T02:09:20.550+0000] {logging_mixin.py:151} INFO - [2024-10-02T02:09:20.550+0000] {dag.py:3696} INFO - Setting next_dagrun for example_xcom_args to None, run_after=None
[2024-10-02T02:09:20.556+0000] {logging_mixin.py:151} INFO - [2024-10-02T02:09:20.556+0000] {dag.py:3696} INFO - Setting next_dagrun for example_xcom_args_with_operators to None, run_after=None
[2024-10-02T02:09:20.576+0000] {processor.py:179} INFO - Processing /home/airflow/.local/lib/python3.8/site-packages/airflow/example_dags/example_xcomargs.py took 0.134 seconds
[2024-10-02T02:09:50.875+0000] {processor.py:157} INFO - Started process (PID=381) to work on /home/airflow/.local/lib/python3.8/site-packages/airflow/example_dags/example_xcomargs.py
[2024-10-02T02:09:50.879+0000] {processor.py:829} INFO - Processing file /home/airflow/.local/lib/python3.8/site-packages/airflow/example_dags/example_xcomargs.py for tasks to queue
[2024-10-02T02:09:50.885+0000] {logging_mixin.py:151} INFO - [2024-10-02T02:09:50.884+0000] {dagbag.py:539} INFO - Filling up the DagBag from /home/airflow/.local/lib/python3.8/site-packages/airflow/example_dags/example_xcomargs.py
[2024-10-02T02:09:50.908+0000] {processor.py:839} INFO - DAG(s) dict_keys(['example_xcom_args_with_operators', 'example_xcom_args']) retrieved from /home/airflow/.local/lib/python3.8/site-packages/airflow/example_dags/example_xcomargs.py
[2024-10-02T02:09:50.955+0000] {logging_mixin.py:151} INFO - [2024-10-02T02:09:50.955+0000] {dag.py:2915} INFO - Sync 2 DAGs
[2024-10-02T02:09:50.978+0000] {logging_mixin.py:151} INFO - [2024-10-02T02:09:50.978+0000] {dag.py:3696} INFO - Setting next_dagrun for example_xcom_args to None, run_after=None
[2024-10-02T02:09:50.986+0000] {logging_mixin.py:151} INFO - [2024-10-02T02:09:50.986+0000] {dag.py:3696} INFO - Setting next_dagrun for example_xcom_args_with_operators to None, run_after=None
[2024-10-02T02:09:51.023+0000] {processor.py:179} INFO - Processing /home/airflow/.local/lib/python3.8/site-packages/airflow/example_dags/example_xcomargs.py took 0.155 seconds
[2024-10-02T02:10:21.153+0000] {processor.py:157} INFO - Started process (PID=429) to work on /home/airflow/.local/lib/python3.8/site-packages/airflow/example_dags/example_xcomargs.py
[2024-10-02T02:10:21.157+0000] {processor.py:829} INFO - Processing file /home/airflow/.local/lib/python3.8/site-packages/airflow/example_dags/example_xcomargs.py for tasks to queue
[2024-10-02T02:10:21.166+0000] {logging_mixin.py:151} INFO - [2024-10-02T02:10:21.165+0000] {dagbag.py:539} INFO - Filling up the DagBag from /home/airflow/.local/lib/python3.8/site-packages/airflow/example_dags/example_xcomargs.py
[2024-10-02T02:10:21.185+0000] {processor.py:839} INFO - DAG(s) dict_keys(['example_xcom_args', 'example_xcom_args_with_operators']) retrieved from /home/airflow/.local/lib/python3.8/site-packages/airflow/example_dags/example_xcomargs.py
[2024-10-02T02:10:21.328+0000] {logging_mixin.py:151} INFO - [2024-10-02T02:10:21.327+0000] {dag.py:2915} INFO - Sync 2 DAGs
[2024-10-02T02:10:21.369+0000] {logging_mixin.py:151} INFO - [2024-10-02T02:10:21.368+0000] {dag.py:3696} INFO - Setting next_dagrun for example_xcom_args to None, run_after=None
[2024-10-02T02:10:21.392+0000] {logging_mixin.py:151} INFO - [2024-10-02T02:10:21.392+0000] {dag.py:3696} INFO - Setting next_dagrun for example_xcom_args_with_operators to None, run_after=None
[2024-10-02T02:10:21.553+0000] {processor.py:179} INFO - Processing /home/airflow/.local/lib/python3.8/site-packages/airflow/example_dags/example_xcomargs.py took 0.404 seconds
