[2024-10-02 01:23:31,230] {scheduler_job.py:182} INFO - Started process (PID=43) to work on /home/airflow/.local/lib/python3.6/site-packages/airflow/example_dags/example_dag_decorator.py
[2024-10-02 01:23:31,232] {scheduler_job.py:629} INFO - Processing file /home/airflow/.local/lib/python3.6/site-packages/airflow/example_dags/example_dag_decorator.py for tasks to queue
[2024-10-02 01:23:31,237] {logging_mixin.py:104} INFO - [2024-10-02 01:23:31,237] {dagbag.py:451} INFO - Filling up the DagBag from /home/airflow/.local/lib/python3.6/site-packages/airflow/example_dags/example_dag_decorator.py
[2024-10-02 01:23:31,262] {scheduler_job.py:639} INFO - DAG(s) dict_keys(['example_dag_decorator']) retrieved from /home/airflow/.local/lib/python3.6/site-packages/airflow/example_dags/example_dag_decorator.py
[2024-10-02 01:23:31,306] {logging_mixin.py:104} INFO - [2024-10-02 01:23:31,305] {dag.py:1824} INFO - Sync 1 DAGs
[2024-10-02 01:23:31,316] {logging_mixin.py:104} INFO - [2024-10-02 01:23:31,316] {dag.py:1843} INFO - Creating ORM DAG for example_dag_decorator
[2024-10-02 01:23:31,324] {logging_mixin.py:104} INFO - [2024-10-02 01:23:31,323] {dag.py:2280} INFO - Setting next_dagrun for example_dag_decorator to None
[2024-10-02 01:23:31,345] {scheduler_job.py:190} INFO - Processing /home/airflow/.local/lib/python3.6/site-packages/airflow/example_dags/example_dag_decorator.py took 0.118 seconds
[2024-10-02 01:24:01,924] {scheduler_job.py:182} INFO - Started process (PID=66) to work on /home/airflow/.local/lib/python3.6/site-packages/airflow/example_dags/example_dag_decorator.py
[2024-10-02 01:24:01,926] {scheduler_job.py:629} INFO - Processing file /home/airflow/.local/lib/python3.6/site-packages/airflow/example_dags/example_dag_decorator.py for tasks to queue
[2024-10-02 01:24:01,928] {logging_mixin.py:104} INFO - [2024-10-02 01:24:01,928] {dagbag.py:451} INFO - Filling up the DagBag from /home/airflow/.local/lib/python3.6/site-packages/airflow/example_dags/example_dag_decorator.py
[2024-10-02 01:24:01,995] {scheduler_job.py:639} INFO - DAG(s) dict_keys(['example_dag_decorator']) retrieved from /home/airflow/.local/lib/python3.6/site-packages/airflow/example_dags/example_dag_decorator.py
[2024-10-02 01:24:02,053] {logging_mixin.py:104} INFO - [2024-10-02 01:24:02,052] {dag.py:1824} INFO - Sync 1 DAGs
[2024-10-02 01:24:02,081] {logging_mixin.py:104} INFO - [2024-10-02 01:24:02,081] {dag.py:2280} INFO - Setting next_dagrun for example_dag_decorator to None
[2024-10-02 01:24:02,123] {scheduler_job.py:190} INFO - Processing /home/airflow/.local/lib/python3.6/site-packages/airflow/example_dags/example_dag_decorator.py took 0.204 seconds
[2024-10-02 01:24:32,388] {scheduler_job.py:182} INFO - Started process (PID=94) to work on /home/airflow/.local/lib/python3.6/site-packages/airflow/example_dags/example_dag_decorator.py
[2024-10-02 01:24:32,391] {scheduler_job.py:629} INFO - Processing file /home/airflow/.local/lib/python3.6/site-packages/airflow/example_dags/example_dag_decorator.py for tasks to queue
[2024-10-02 01:24:32,392] {logging_mixin.py:104} INFO - [2024-10-02 01:24:32,392] {dagbag.py:451} INFO - Filling up the DagBag from /home/airflow/.local/lib/python3.6/site-packages/airflow/example_dags/example_dag_decorator.py
[2024-10-02 01:24:32,416] {scheduler_job.py:639} INFO - DAG(s) dict_keys(['example_dag_decorator']) retrieved from /home/airflow/.local/lib/python3.6/site-packages/airflow/example_dags/example_dag_decorator.py
[2024-10-02 01:24:32,461] {logging_mixin.py:104} INFO - [2024-10-02 01:24:32,460] {dag.py:1824} INFO - Sync 1 DAGs
[2024-10-02 01:24:32,482] {logging_mixin.py:104} INFO - [2024-10-02 01:24:32,482] {dag.py:2280} INFO - Setting next_dagrun for example_dag_decorator to None
[2024-10-02 01:24:32,494] {scheduler_job.py:190} INFO - Processing /home/airflow/.local/lib/python3.6/site-packages/airflow/example_dags/example_dag_decorator.py took 0.109 seconds
[2024-10-02 01:25:02,950] {scheduler_job.py:182} INFO - Started process (PID=117) to work on /home/airflow/.local/lib/python3.6/site-packages/airflow/example_dags/example_dag_decorator.py
[2024-10-02 01:25:02,983] {scheduler_job.py:629} INFO - Processing file /home/airflow/.local/lib/python3.6/site-packages/airflow/example_dags/example_dag_decorator.py for tasks to queue
[2024-10-02 01:25:02,986] {logging_mixin.py:104} INFO - [2024-10-02 01:25:02,986] {dagbag.py:451} INFO - Filling up the DagBag from /home/airflow/.local/lib/python3.6/site-packages/airflow/example_dags/example_dag_decorator.py
[2024-10-02 01:25:03,020] {scheduler_job.py:639} INFO - DAG(s) dict_keys(['example_dag_decorator']) retrieved from /home/airflow/.local/lib/python3.6/site-packages/airflow/example_dags/example_dag_decorator.py
[2024-10-02 01:25:03,098] {logging_mixin.py:104} INFO - [2024-10-02 01:25:03,098] {dag.py:1824} INFO - Sync 1 DAGs
[2024-10-02 01:25:03,168] {logging_mixin.py:104} INFO - [2024-10-02 01:25:03,168] {dag.py:2280} INFO - Setting next_dagrun for example_dag_decorator to None
[2024-10-02 01:25:03,189] {scheduler_job.py:190} INFO - Processing /home/airflow/.local/lib/python3.6/site-packages/airflow/example_dags/example_dag_decorator.py took 0.301 seconds
[2024-10-02 01:25:33,804] {scheduler_job.py:182} INFO - Started process (PID=145) to work on /home/airflow/.local/lib/python3.6/site-packages/airflow/example_dags/example_dag_decorator.py
[2024-10-02 01:25:33,806] {scheduler_job.py:629} INFO - Processing file /home/airflow/.local/lib/python3.6/site-packages/airflow/example_dags/example_dag_decorator.py for tasks to queue
[2024-10-02 01:25:33,807] {logging_mixin.py:104} INFO - [2024-10-02 01:25:33,807] {dagbag.py:451} INFO - Filling up the DagBag from /home/airflow/.local/lib/python3.6/site-packages/airflow/example_dags/example_dag_decorator.py
[2024-10-02 01:25:33,825] {scheduler_job.py:639} INFO - DAG(s) dict_keys(['example_dag_decorator']) retrieved from /home/airflow/.local/lib/python3.6/site-packages/airflow/example_dags/example_dag_decorator.py
[2024-10-02 01:25:33,856] {logging_mixin.py:104} INFO - [2024-10-02 01:25:33,856] {dag.py:1824} INFO - Sync 1 DAGs
[2024-10-02 01:25:33,870] {logging_mixin.py:104} INFO - [2024-10-02 01:25:33,870] {dag.py:2280} INFO - Setting next_dagrun for example_dag_decorator to None
[2024-10-02 01:25:33,880] {scheduler_job.py:190} INFO - Processing /home/airflow/.local/lib/python3.6/site-packages/airflow/example_dags/example_dag_decorator.py took 0.080 seconds
[2024-10-02 01:26:04,207] {scheduler_job.py:182} INFO - Started process (PID=166) to work on /home/airflow/.local/lib/python3.6/site-packages/airflow/example_dags/example_dag_decorator.py
[2024-10-02 01:26:04,212] {scheduler_job.py:629} INFO - Processing file /home/airflow/.local/lib/python3.6/site-packages/airflow/example_dags/example_dag_decorator.py for tasks to queue
[2024-10-02 01:26:04,215] {logging_mixin.py:104} INFO - [2024-10-02 01:26:04,215] {dagbag.py:451} INFO - Filling up the DagBag from /home/airflow/.local/lib/python3.6/site-packages/airflow/example_dags/example_dag_decorator.py
[2024-10-02 01:26:04,241] {scheduler_job.py:639} INFO - DAG(s) dict_keys(['example_dag_decorator']) retrieved from /home/airflow/.local/lib/python3.6/site-packages/airflow/example_dags/example_dag_decorator.py
[2024-10-02 01:26:04,280] {logging_mixin.py:104} INFO - [2024-10-02 01:26:04,280] {dag.py:1824} INFO - Sync 1 DAGs
[2024-10-02 01:26:04,301] {logging_mixin.py:104} INFO - [2024-10-02 01:26:04,300] {dag.py:2280} INFO - Setting next_dagrun for example_dag_decorator to None
[2024-10-02 01:26:04,324] {scheduler_job.py:190} INFO - Processing /home/airflow/.local/lib/python3.6/site-packages/airflow/example_dags/example_dag_decorator.py took 0.121 seconds
[2024-10-02 01:26:34,824] {scheduler_job.py:182} INFO - Started process (PID=193) to work on /home/airflow/.local/lib/python3.6/site-packages/airflow/example_dags/example_dag_decorator.py
[2024-10-02 01:26:34,826] {scheduler_job.py:629} INFO - Processing file /home/airflow/.local/lib/python3.6/site-packages/airflow/example_dags/example_dag_decorator.py for tasks to queue
[2024-10-02 01:26:34,828] {logging_mixin.py:104} INFO - [2024-10-02 01:26:34,828] {dagbag.py:451} INFO - Filling up the DagBag from /home/airflow/.local/lib/python3.6/site-packages/airflow/example_dags/example_dag_decorator.py
[2024-10-02 01:26:34,844] {scheduler_job.py:639} INFO - DAG(s) dict_keys(['example_dag_decorator']) retrieved from /home/airflow/.local/lib/python3.6/site-packages/airflow/example_dags/example_dag_decorator.py
[2024-10-02 01:26:34,882] {logging_mixin.py:104} INFO - [2024-10-02 01:26:34,881] {dag.py:1824} INFO - Sync 1 DAGs
[2024-10-02 01:26:34,900] {logging_mixin.py:104} INFO - [2024-10-02 01:26:34,900] {dag.py:2280} INFO - Setting next_dagrun for example_dag_decorator to None
[2024-10-02 01:26:34,911] {scheduler_job.py:190} INFO - Processing /home/airflow/.local/lib/python3.6/site-packages/airflow/example_dags/example_dag_decorator.py took 0.091 seconds
[2024-10-02 01:27:05,522] {scheduler_job.py:182} INFO - Started process (PID=220) to work on /home/airflow/.local/lib/python3.6/site-packages/airflow/example_dags/example_dag_decorator.py
[2024-10-02 01:27:05,524] {scheduler_job.py:629} INFO - Processing file /home/airflow/.local/lib/python3.6/site-packages/airflow/example_dags/example_dag_decorator.py for tasks to queue
[2024-10-02 01:27:05,525] {logging_mixin.py:104} INFO - [2024-10-02 01:27:05,525] {dagbag.py:451} INFO - Filling up the DagBag from /home/airflow/.local/lib/python3.6/site-packages/airflow/example_dags/example_dag_decorator.py
[2024-10-02 01:27:05,545] {scheduler_job.py:639} INFO - DAG(s) dict_keys(['example_dag_decorator']) retrieved from /home/airflow/.local/lib/python3.6/site-packages/airflow/example_dags/example_dag_decorator.py
[2024-10-02 01:27:05,576] {logging_mixin.py:104} INFO - [2024-10-02 01:27:05,576] {dag.py:1824} INFO - Sync 1 DAGs
[2024-10-02 01:27:05,598] {logging_mixin.py:104} INFO - [2024-10-02 01:27:05,598] {dag.py:2280} INFO - Setting next_dagrun for example_dag_decorator to None
[2024-10-02 01:27:05,616] {scheduler_job.py:190} INFO - Processing /home/airflow/.local/lib/python3.6/site-packages/airflow/example_dags/example_dag_decorator.py took 0.097 seconds
[2024-10-02 01:27:36,407] {scheduler_job.py:182} INFO - Started process (PID=247) to work on /home/airflow/.local/lib/python3.6/site-packages/airflow/example_dags/example_dag_decorator.py
[2024-10-02 01:27:36,412] {scheduler_job.py:629} INFO - Processing file /home/airflow/.local/lib/python3.6/site-packages/airflow/example_dags/example_dag_decorator.py for tasks to queue
[2024-10-02 01:27:36,415] {logging_mixin.py:104} INFO - [2024-10-02 01:27:36,414] {dagbag.py:451} INFO - Filling up the DagBag from /home/airflow/.local/lib/python3.6/site-packages/airflow/example_dags/example_dag_decorator.py
[2024-10-02 01:27:36,461] {scheduler_job.py:639} INFO - DAG(s) dict_keys(['example_dag_decorator']) retrieved from /home/airflow/.local/lib/python3.6/site-packages/airflow/example_dags/example_dag_decorator.py
[2024-10-02 01:27:36,520] {logging_mixin.py:104} INFO - [2024-10-02 01:27:36,520] {dag.py:1824} INFO - Sync 1 DAGs
[2024-10-02 01:27:36,546] {logging_mixin.py:104} INFO - [2024-10-02 01:27:36,546] {dag.py:2280} INFO - Setting next_dagrun for example_dag_decorator to None
[2024-10-02 01:27:36,564] {scheduler_job.py:190} INFO - Processing /home/airflow/.local/lib/python3.6/site-packages/airflow/example_dags/example_dag_decorator.py took 0.162 seconds
[2024-10-02 01:28:06,860] {scheduler_job.py:182} INFO - Started process (PID=274) to work on /home/airflow/.local/lib/python3.6/site-packages/airflow/example_dags/example_dag_decorator.py
[2024-10-02 01:28:06,862] {scheduler_job.py:629} INFO - Processing file /home/airflow/.local/lib/python3.6/site-packages/airflow/example_dags/example_dag_decorator.py for tasks to queue
[2024-10-02 01:28:06,864] {logging_mixin.py:104} INFO - [2024-10-02 01:28:06,863] {dagbag.py:451} INFO - Filling up the DagBag from /home/airflow/.local/lib/python3.6/site-packages/airflow/example_dags/example_dag_decorator.py
[2024-10-02 01:28:06,881] {scheduler_job.py:639} INFO - DAG(s) dict_keys(['example_dag_decorator']) retrieved from /home/airflow/.local/lib/python3.6/site-packages/airflow/example_dags/example_dag_decorator.py
[2024-10-02 01:28:06,910] {logging_mixin.py:104} INFO - [2024-10-02 01:28:06,909] {dag.py:1824} INFO - Sync 1 DAGs
[2024-10-02 01:28:06,928] {logging_mixin.py:104} INFO - [2024-10-02 01:28:06,928] {dag.py:2280} INFO - Setting next_dagrun for example_dag_decorator to None
[2024-10-02 01:28:06,939] {scheduler_job.py:190} INFO - Processing /home/airflow/.local/lib/python3.6/site-packages/airflow/example_dags/example_dag_decorator.py took 0.082 seconds
[2024-10-02 01:28:37,709] {scheduler_job.py:182} INFO - Started process (PID=302) to work on /home/airflow/.local/lib/python3.6/site-packages/airflow/example_dags/example_dag_decorator.py
[2024-10-02 01:28:37,712] {scheduler_job.py:629} INFO - Processing file /home/airflow/.local/lib/python3.6/site-packages/airflow/example_dags/example_dag_decorator.py for tasks to queue
[2024-10-02 01:28:37,714] {logging_mixin.py:104} INFO - [2024-10-02 01:28:37,714] {dagbag.py:451} INFO - Filling up the DagBag from /home/airflow/.local/lib/python3.6/site-packages/airflow/example_dags/example_dag_decorator.py
[2024-10-02 01:28:37,738] {scheduler_job.py:639} INFO - DAG(s) dict_keys(['example_dag_decorator']) retrieved from /home/airflow/.local/lib/python3.6/site-packages/airflow/example_dags/example_dag_decorator.py
[2024-10-02 01:28:37,786] {logging_mixin.py:104} INFO - [2024-10-02 01:28:37,786] {dag.py:1824} INFO - Sync 1 DAGs
[2024-10-02 01:28:37,809] {logging_mixin.py:104} INFO - [2024-10-02 01:28:37,809] {dag.py:2280} INFO - Setting next_dagrun for example_dag_decorator to None
[2024-10-02 01:28:37,831] {scheduler_job.py:190} INFO - Processing /home/airflow/.local/lib/python3.6/site-packages/airflow/example_dags/example_dag_decorator.py took 0.126 seconds
[2024-10-02T01:32:16.194+0000] {processor.py:157} INFO - Started process (PID=60) to work on /home/airflow/.local/lib/python3.8/site-packages/airflow/example_dags/example_dag_decorator.py
[2024-10-02T01:32:16.200+0000] {processor.py:829} INFO - Processing file /home/airflow/.local/lib/python3.8/site-packages/airflow/example_dags/example_dag_decorator.py for tasks to queue
[2024-10-02T01:32:16.204+0000] {logging_mixin.py:151} INFO - [2024-10-02T01:32:16.203+0000] {dagbag.py:539} INFO - Filling up the DagBag from /home/airflow/.local/lib/python3.8/site-packages/airflow/example_dags/example_dag_decorator.py
[2024-10-02T01:32:16.442+0000] {processor.py:839} INFO - DAG(s) dict_keys(['example_dag_decorator']) retrieved from /home/airflow/.local/lib/python3.8/site-packages/airflow/example_dags/example_dag_decorator.py
[2024-10-02T01:32:16.582+0000] {logging_mixin.py:151} INFO - [2024-10-02T01:32:16.581+0000] {manager.py:499} INFO - Created Permission View: %s
[2024-10-02T01:32:16.595+0000] {logging_mixin.py:151} INFO - [2024-10-02T01:32:16.595+0000] {manager.py:499} INFO - Created Permission View: %s
[2024-10-02T01:32:16.611+0000] {logging_mixin.py:151} INFO - [2024-10-02T01:32:16.610+0000] {manager.py:499} INFO - Created Permission View: %s
[2024-10-02T01:32:16.613+0000] {logging_mixin.py:151} INFO - [2024-10-02T01:32:16.612+0000] {security.py:708} INFO - Not syncing DAG-level permissions for DAG 'DAG:example_dag_decorator' as access control is unset.
[2024-10-02T01:32:16.616+0000] {logging_mixin.py:151} INFO - [2024-10-02T01:32:16.615+0000] {dag.py:2915} INFO - Sync 1 DAGs
[2024-10-02T01:32:16.631+0000] {logging_mixin.py:151} INFO - [2024-10-02T01:32:16.631+0000] {dag.py:2937} INFO - Creating ORM DAG for example_dag_decorator
[2024-10-02T01:32:16.632+0000] {logging_mixin.py:151} INFO - [2024-10-02T01:32:16.632+0000] {dag.py:3696} INFO - Setting next_dagrun for example_dag_decorator to None, run_after=None
[2024-10-02T01:32:16.657+0000] {processor.py:179} INFO - Processing /home/airflow/.local/lib/python3.8/site-packages/airflow/example_dags/example_dag_decorator.py took 0.467 seconds
[2024-10-02T01:32:46.819+0000] {processor.py:157} INFO - Started process (PID=108) to work on /home/airflow/.local/lib/python3.8/site-packages/airflow/example_dags/example_dag_decorator.py
[2024-10-02T01:32:46.822+0000] {processor.py:829} INFO - Processing file /home/airflow/.local/lib/python3.8/site-packages/airflow/example_dags/example_dag_decorator.py for tasks to queue
[2024-10-02T01:32:46.828+0000] {logging_mixin.py:151} INFO - [2024-10-02T01:32:46.827+0000] {dagbag.py:539} INFO - Filling up the DagBag from /home/airflow/.local/lib/python3.8/site-packages/airflow/example_dags/example_dag_decorator.py
[2024-10-02T01:32:46.944+0000] {processor.py:839} INFO - DAG(s) dict_keys(['example_dag_decorator']) retrieved from /home/airflow/.local/lib/python3.8/site-packages/airflow/example_dags/example_dag_decorator.py
[2024-10-02T01:32:47.114+0000] {logging_mixin.py:151} INFO - [2024-10-02T01:32:47.113+0000] {security.py:708} INFO - Not syncing DAG-level permissions for DAG 'DAG:example_dag_decorator' as access control is unset.
[2024-10-02T01:32:47.118+0000] {logging_mixin.py:151} INFO - [2024-10-02T01:32:47.117+0000] {dag.py:2915} INFO - Sync 1 DAGs
[2024-10-02T01:32:47.137+0000] {logging_mixin.py:151} INFO - [2024-10-02T01:32:47.137+0000] {dag.py:3696} INFO - Setting next_dagrun for example_dag_decorator to None, run_after=None
[2024-10-02T01:32:47.167+0000] {processor.py:179} INFO - Processing /home/airflow/.local/lib/python3.8/site-packages/airflow/example_dags/example_dag_decorator.py took 0.354 seconds
[2024-10-02T01:33:17.757+0000] {processor.py:157} INFO - Started process (PID=156) to work on /home/airflow/.local/lib/python3.8/site-packages/airflow/example_dags/example_dag_decorator.py
[2024-10-02T01:33:17.760+0000] {processor.py:829} INFO - Processing file /home/airflow/.local/lib/python3.8/site-packages/airflow/example_dags/example_dag_decorator.py for tasks to queue
[2024-10-02T01:33:17.765+0000] {logging_mixin.py:151} INFO - [2024-10-02T01:33:17.764+0000] {dagbag.py:539} INFO - Filling up the DagBag from /home/airflow/.local/lib/python3.8/site-packages/airflow/example_dags/example_dag_decorator.py
[2024-10-02T01:33:17.872+0000] {processor.py:839} INFO - DAG(s) dict_keys(['example_dag_decorator']) retrieved from /home/airflow/.local/lib/python3.8/site-packages/airflow/example_dags/example_dag_decorator.py
[2024-10-02T01:33:18.010+0000] {logging_mixin.py:151} INFO - [2024-10-02T01:33:18.009+0000] {security.py:708} INFO - Not syncing DAG-level permissions for DAG 'DAG:example_dag_decorator' as access control is unset.
[2024-10-02T01:33:18.011+0000] {logging_mixin.py:151} INFO - [2024-10-02T01:33:18.011+0000] {dag.py:2915} INFO - Sync 1 DAGs
[2024-10-02T01:33:18.024+0000] {logging_mixin.py:151} INFO - [2024-10-02T01:33:18.024+0000] {dag.py:3696} INFO - Setting next_dagrun for example_dag_decorator to None, run_after=None
[2024-10-02T01:33:18.063+0000] {processor.py:179} INFO - Processing /home/airflow/.local/lib/python3.8/site-packages/airflow/example_dags/example_dag_decorator.py took 0.320 seconds
[2024-10-02T01:33:48.466+0000] {processor.py:157} INFO - Started process (PID=205) to work on /home/airflow/.local/lib/python3.8/site-packages/airflow/example_dags/example_dag_decorator.py
[2024-10-02T01:33:48.469+0000] {processor.py:829} INFO - Processing file /home/airflow/.local/lib/python3.8/site-packages/airflow/example_dags/example_dag_decorator.py for tasks to queue
[2024-10-02T01:33:48.473+0000] {logging_mixin.py:151} INFO - [2024-10-02T01:33:48.473+0000] {dagbag.py:539} INFO - Filling up the DagBag from /home/airflow/.local/lib/python3.8/site-packages/airflow/example_dags/example_dag_decorator.py
[2024-10-02T01:33:48.586+0000] {processor.py:839} INFO - DAG(s) dict_keys(['example_dag_decorator']) retrieved from /home/airflow/.local/lib/python3.8/site-packages/airflow/example_dags/example_dag_decorator.py
[2024-10-02T01:33:48.744+0000] {logging_mixin.py:151} INFO - [2024-10-02T01:33:48.743+0000] {security.py:708} INFO - Not syncing DAG-level permissions for DAG 'DAG:example_dag_decorator' as access control is unset.
[2024-10-02T01:33:48.747+0000] {logging_mixin.py:151} INFO - [2024-10-02T01:33:48.746+0000] {dag.py:2915} INFO - Sync 1 DAGs
[2024-10-02T01:33:48.762+0000] {logging_mixin.py:151} INFO - [2024-10-02T01:33:48.762+0000] {dag.py:3696} INFO - Setting next_dagrun for example_dag_decorator to None, run_after=None
[2024-10-02T01:33:48.791+0000] {processor.py:179} INFO - Processing /home/airflow/.local/lib/python3.8/site-packages/airflow/example_dags/example_dag_decorator.py took 0.329 seconds
[2024-10-02T01:34:19.229+0000] {processor.py:157} INFO - Started process (PID=253) to work on /home/airflow/.local/lib/python3.8/site-packages/airflow/example_dags/example_dag_decorator.py
[2024-10-02T01:34:19.232+0000] {processor.py:829} INFO - Processing file /home/airflow/.local/lib/python3.8/site-packages/airflow/example_dags/example_dag_decorator.py for tasks to queue
[2024-10-02T01:34:19.237+0000] {logging_mixin.py:151} INFO - [2024-10-02T01:34:19.237+0000] {dagbag.py:539} INFO - Filling up the DagBag from /home/airflow/.local/lib/python3.8/site-packages/airflow/example_dags/example_dag_decorator.py
[2024-10-02T01:34:19.368+0000] {processor.py:839} INFO - DAG(s) dict_keys(['example_dag_decorator']) retrieved from /home/airflow/.local/lib/python3.8/site-packages/airflow/example_dags/example_dag_decorator.py
[2024-10-02T01:34:19.550+0000] {logging_mixin.py:151} INFO - [2024-10-02T01:34:19.549+0000] {security.py:708} INFO - Not syncing DAG-level permissions for DAG 'DAG:example_dag_decorator' as access control is unset.
[2024-10-02T01:34:19.552+0000] {logging_mixin.py:151} INFO - [2024-10-02T01:34:19.552+0000] {dag.py:2915} INFO - Sync 1 DAGs
[2024-10-02T01:34:19.569+0000] {logging_mixin.py:151} INFO - [2024-10-02T01:34:19.568+0000] {dag.py:3696} INFO - Setting next_dagrun for example_dag_decorator to None, run_after=None
[2024-10-02T01:34:19.598+0000] {processor.py:179} INFO - Processing /home/airflow/.local/lib/python3.8/site-packages/airflow/example_dags/example_dag_decorator.py took 0.375 seconds
[2024-10-02T01:34:49.795+0000] {processor.py:157} INFO - Started process (PID=301) to work on /home/airflow/.local/lib/python3.8/site-packages/airflow/example_dags/example_dag_decorator.py
[2024-10-02T01:34:49.797+0000] {processor.py:829} INFO - Processing file /home/airflow/.local/lib/python3.8/site-packages/airflow/example_dags/example_dag_decorator.py for tasks to queue
[2024-10-02T01:34:49.802+0000] {logging_mixin.py:151} INFO - [2024-10-02T01:34:49.802+0000] {dagbag.py:539} INFO - Filling up the DagBag from /home/airflow/.local/lib/python3.8/site-packages/airflow/example_dags/example_dag_decorator.py
[2024-10-02T01:34:49.914+0000] {processor.py:839} INFO - DAG(s) dict_keys(['example_dag_decorator']) retrieved from /home/airflow/.local/lib/python3.8/site-packages/airflow/example_dags/example_dag_decorator.py
[2024-10-02T01:34:50.088+0000] {logging_mixin.py:151} INFO - [2024-10-02T01:34:50.088+0000] {security.py:708} INFO - Not syncing DAG-level permissions for DAG 'DAG:example_dag_decorator' as access control is unset.
[2024-10-02T01:34:50.091+0000] {logging_mixin.py:151} INFO - [2024-10-02T01:34:50.091+0000] {dag.py:2915} INFO - Sync 1 DAGs
[2024-10-02T01:34:50.108+0000] {logging_mixin.py:151} INFO - [2024-10-02T01:34:50.108+0000] {dag.py:3696} INFO - Setting next_dagrun for example_dag_decorator to None, run_after=None
[2024-10-02T01:34:50.144+0000] {processor.py:179} INFO - Processing /home/airflow/.local/lib/python3.8/site-packages/airflow/example_dags/example_dag_decorator.py took 0.354 seconds
[2024-10-02T01:35:20.275+0000] {processor.py:157} INFO - Started process (PID=349) to work on /home/airflow/.local/lib/python3.8/site-packages/airflow/example_dags/example_dag_decorator.py
[2024-10-02T01:35:20.277+0000] {processor.py:829} INFO - Processing file /home/airflow/.local/lib/python3.8/site-packages/airflow/example_dags/example_dag_decorator.py for tasks to queue
[2024-10-02T01:35:20.281+0000] {logging_mixin.py:151} INFO - [2024-10-02T01:35:20.281+0000] {dagbag.py:539} INFO - Filling up the DagBag from /home/airflow/.local/lib/python3.8/site-packages/airflow/example_dags/example_dag_decorator.py
[2024-10-02T01:35:20.384+0000] {processor.py:839} INFO - DAG(s) dict_keys(['example_dag_decorator']) retrieved from /home/airflow/.local/lib/python3.8/site-packages/airflow/example_dags/example_dag_decorator.py
[2024-10-02T01:35:20.536+0000] {logging_mixin.py:151} INFO - [2024-10-02T01:35:20.536+0000] {security.py:708} INFO - Not syncing DAG-level permissions for DAG 'DAG:example_dag_decorator' as access control is unset.
[2024-10-02T01:35:20.538+0000] {logging_mixin.py:151} INFO - [2024-10-02T01:35:20.538+0000] {dag.py:2915} INFO - Sync 1 DAGs
[2024-10-02T01:35:20.555+0000] {logging_mixin.py:151} INFO - [2024-10-02T01:35:20.555+0000] {dag.py:3696} INFO - Setting next_dagrun for example_dag_decorator to None, run_after=None
[2024-10-02T01:35:20.585+0000] {processor.py:179} INFO - Processing /home/airflow/.local/lib/python3.8/site-packages/airflow/example_dags/example_dag_decorator.py took 0.313 seconds
[2024-10-02T01:35:50.918+0000] {processor.py:157} INFO - Started process (PID=396) to work on /home/airflow/.local/lib/python3.8/site-packages/airflow/example_dags/example_dag_decorator.py
[2024-10-02T01:35:50.922+0000] {processor.py:829} INFO - Processing file /home/airflow/.local/lib/python3.8/site-packages/airflow/example_dags/example_dag_decorator.py for tasks to queue
[2024-10-02T01:35:50.929+0000] {logging_mixin.py:151} INFO - [2024-10-02T01:35:50.928+0000] {dagbag.py:539} INFO - Filling up the DagBag from /home/airflow/.local/lib/python3.8/site-packages/airflow/example_dags/example_dag_decorator.py
[2024-10-02T01:35:51.048+0000] {processor.py:839} INFO - DAG(s) dict_keys(['example_dag_decorator']) retrieved from /home/airflow/.local/lib/python3.8/site-packages/airflow/example_dags/example_dag_decorator.py
[2024-10-02T01:35:51.247+0000] {logging_mixin.py:151} INFO - [2024-10-02T01:35:51.247+0000] {security.py:708} INFO - Not syncing DAG-level permissions for DAG 'DAG:example_dag_decorator' as access control is unset.
[2024-10-02T01:35:51.251+0000] {logging_mixin.py:151} INFO - [2024-10-02T01:35:51.250+0000] {dag.py:2915} INFO - Sync 1 DAGs
[2024-10-02T01:35:51.273+0000] {logging_mixin.py:151} INFO - [2024-10-02T01:35:51.273+0000] {dag.py:3696} INFO - Setting next_dagrun for example_dag_decorator to None, run_after=None
[2024-10-02T01:35:51.306+0000] {processor.py:179} INFO - Processing /home/airflow/.local/lib/python3.8/site-packages/airflow/example_dags/example_dag_decorator.py took 0.393 seconds
[2024-10-02T01:36:21.774+0000] {processor.py:157} INFO - Started process (PID=444) to work on /home/airflow/.local/lib/python3.8/site-packages/airflow/example_dags/example_dag_decorator.py
[2024-10-02T01:36:21.778+0000] {processor.py:829} INFO - Processing file /home/airflow/.local/lib/python3.8/site-packages/airflow/example_dags/example_dag_decorator.py for tasks to queue
[2024-10-02T01:36:21.782+0000] {logging_mixin.py:151} INFO - [2024-10-02T01:36:21.781+0000] {dagbag.py:539} INFO - Filling up the DagBag from /home/airflow/.local/lib/python3.8/site-packages/airflow/example_dags/example_dag_decorator.py
[2024-10-02T01:36:21.905+0000] {processor.py:839} INFO - DAG(s) dict_keys(['example_dag_decorator']) retrieved from /home/airflow/.local/lib/python3.8/site-packages/airflow/example_dags/example_dag_decorator.py
[2024-10-02T01:36:22.094+0000] {logging_mixin.py:151} INFO - [2024-10-02T01:36:22.093+0000] {security.py:708} INFO - Not syncing DAG-level permissions for DAG 'DAG:example_dag_decorator' as access control is unset.
[2024-10-02T01:36:22.099+0000] {logging_mixin.py:151} INFO - [2024-10-02T01:36:22.098+0000] {dag.py:2915} INFO - Sync 1 DAGs
[2024-10-02T01:36:22.133+0000] {logging_mixin.py:151} INFO - [2024-10-02T01:36:22.132+0000] {dag.py:3696} INFO - Setting next_dagrun for example_dag_decorator to None, run_after=None
[2024-10-02T01:36:22.185+0000] {processor.py:179} INFO - Processing /home/airflow/.local/lib/python3.8/site-packages/airflow/example_dags/example_dag_decorator.py took 0.416 seconds
[2024-10-02T01:36:52.853+0000] {processor.py:157} INFO - Started process (PID=492) to work on /home/airflow/.local/lib/python3.8/site-packages/airflow/example_dags/example_dag_decorator.py
[2024-10-02T01:36:52.857+0000] {processor.py:829} INFO - Processing file /home/airflow/.local/lib/python3.8/site-packages/airflow/example_dags/example_dag_decorator.py for tasks to queue
[2024-10-02T01:36:52.863+0000] {logging_mixin.py:151} INFO - [2024-10-02T01:36:52.863+0000] {dagbag.py:539} INFO - Filling up the DagBag from /home/airflow/.local/lib/python3.8/site-packages/airflow/example_dags/example_dag_decorator.py
[2024-10-02T01:36:52.974+0000] {processor.py:839} INFO - DAG(s) dict_keys(['example_dag_decorator']) retrieved from /home/airflow/.local/lib/python3.8/site-packages/airflow/example_dags/example_dag_decorator.py
[2024-10-02T01:36:53.145+0000] {logging_mixin.py:151} INFO - [2024-10-02T01:36:53.145+0000] {security.py:708} INFO - Not syncing DAG-level permissions for DAG 'DAG:example_dag_decorator' as access control is unset.
[2024-10-02T01:36:53.150+0000] {logging_mixin.py:151} INFO - [2024-10-02T01:36:53.149+0000] {dag.py:2915} INFO - Sync 1 DAGs
[2024-10-02T01:36:53.168+0000] {logging_mixin.py:151} INFO - [2024-10-02T01:36:53.167+0000] {dag.py:3696} INFO - Setting next_dagrun for example_dag_decorator to None, run_after=None
[2024-10-02T01:36:53.216+0000] {processor.py:179} INFO - Processing /home/airflow/.local/lib/python3.8/site-packages/airflow/example_dags/example_dag_decorator.py took 0.368 seconds
[2024-10-02T01:37:23.926+0000] {processor.py:157} INFO - Started process (PID=541) to work on /home/airflow/.local/lib/python3.8/site-packages/airflow/example_dags/example_dag_decorator.py
[2024-10-02T01:37:23.930+0000] {processor.py:829} INFO - Processing file /home/airflow/.local/lib/python3.8/site-packages/airflow/example_dags/example_dag_decorator.py for tasks to queue
[2024-10-02T01:37:23.936+0000] {logging_mixin.py:151} INFO - [2024-10-02T01:37:23.936+0000] {dagbag.py:539} INFO - Filling up the DagBag from /home/airflow/.local/lib/python3.8/site-packages/airflow/example_dags/example_dag_decorator.py
[2024-10-02T01:37:24.083+0000] {processor.py:839} INFO - DAG(s) dict_keys(['example_dag_decorator']) retrieved from /home/airflow/.local/lib/python3.8/site-packages/airflow/example_dags/example_dag_decorator.py
[2024-10-02T01:37:24.325+0000] {logging_mixin.py:151} INFO - [2024-10-02T01:37:24.325+0000] {security.py:708} INFO - Not syncing DAG-level permissions for DAG 'DAG:example_dag_decorator' as access control is unset.
[2024-10-02T01:37:24.327+0000] {logging_mixin.py:151} INFO - [2024-10-02T01:37:24.327+0000] {dag.py:2915} INFO - Sync 1 DAGs
[2024-10-02T01:37:24.360+0000] {logging_mixin.py:151} INFO - [2024-10-02T01:37:24.360+0000] {dag.py:3696} INFO - Setting next_dagrun for example_dag_decorator to None, run_after=None
[2024-10-02T01:37:24.401+0000] {processor.py:179} INFO - Processing /home/airflow/.local/lib/python3.8/site-packages/airflow/example_dags/example_dag_decorator.py took 0.481 seconds
[2024-10-02T01:37:54.497+0000] {processor.py:157} INFO - Started process (PID=587) to work on /home/airflow/.local/lib/python3.8/site-packages/airflow/example_dags/example_dag_decorator.py
[2024-10-02T01:37:54.500+0000] {processor.py:829} INFO - Processing file /home/airflow/.local/lib/python3.8/site-packages/airflow/example_dags/example_dag_decorator.py for tasks to queue
[2024-10-02T01:37:54.503+0000] {logging_mixin.py:151} INFO - [2024-10-02T01:37:54.502+0000] {dagbag.py:539} INFO - Filling up the DagBag from /home/airflow/.local/lib/python3.8/site-packages/airflow/example_dags/example_dag_decorator.py
[2024-10-02T01:37:54.629+0000] {processor.py:839} INFO - DAG(s) dict_keys(['example_dag_decorator']) retrieved from /home/airflow/.local/lib/python3.8/site-packages/airflow/example_dags/example_dag_decorator.py
[2024-10-02T01:37:54.817+0000] {logging_mixin.py:151} INFO - [2024-10-02T01:37:54.817+0000] {security.py:708} INFO - Not syncing DAG-level permissions for DAG 'DAG:example_dag_decorator' as access control is unset.
[2024-10-02T01:37:54.819+0000] {logging_mixin.py:151} INFO - [2024-10-02T01:37:54.819+0000] {dag.py:2915} INFO - Sync 1 DAGs
[2024-10-02T01:37:54.834+0000] {logging_mixin.py:151} INFO - [2024-10-02T01:37:54.834+0000] {dag.py:3696} INFO - Setting next_dagrun for example_dag_decorator to None, run_after=None
[2024-10-02T01:37:54.867+0000] {processor.py:179} INFO - Processing /home/airflow/.local/lib/python3.8/site-packages/airflow/example_dags/example_dag_decorator.py took 0.374 seconds
[2024-10-02T01:38:25.129+0000] {processor.py:157} INFO - Started process (PID=635) to work on /home/airflow/.local/lib/python3.8/site-packages/airflow/example_dags/example_dag_decorator.py
[2024-10-02T01:38:25.132+0000] {processor.py:829} INFO - Processing file /home/airflow/.local/lib/python3.8/site-packages/airflow/example_dags/example_dag_decorator.py for tasks to queue
[2024-10-02T01:38:25.136+0000] {logging_mixin.py:151} INFO - [2024-10-02T01:38:25.135+0000] {dagbag.py:539} INFO - Filling up the DagBag from /home/airflow/.local/lib/python3.8/site-packages/airflow/example_dags/example_dag_decorator.py
[2024-10-02T01:38:25.255+0000] {processor.py:839} INFO - DAG(s) dict_keys(['example_dag_decorator']) retrieved from /home/airflow/.local/lib/python3.8/site-packages/airflow/example_dags/example_dag_decorator.py
[2024-10-02T01:38:25.440+0000] {logging_mixin.py:151} INFO - [2024-10-02T01:38:25.440+0000] {security.py:708} INFO - Not syncing DAG-level permissions for DAG 'DAG:example_dag_decorator' as access control is unset.
[2024-10-02T01:38:25.444+0000] {logging_mixin.py:151} INFO - [2024-10-02T01:38:25.443+0000] {dag.py:2915} INFO - Sync 1 DAGs
[2024-10-02T01:38:25.471+0000] {logging_mixin.py:151} INFO - [2024-10-02T01:38:25.471+0000] {dag.py:3696} INFO - Setting next_dagrun for example_dag_decorator to None, run_after=None
[2024-10-02T01:38:25.512+0000] {processor.py:179} INFO - Processing /home/airflow/.local/lib/python3.8/site-packages/airflow/example_dags/example_dag_decorator.py took 0.386 seconds
[2024-10-02T01:38:55.588+0000] {processor.py:157} INFO - Started process (PID=684) to work on /home/airflow/.local/lib/python3.8/site-packages/airflow/example_dags/example_dag_decorator.py
[2024-10-02T01:38:55.591+0000] {processor.py:829} INFO - Processing file /home/airflow/.local/lib/python3.8/site-packages/airflow/example_dags/example_dag_decorator.py for tasks to queue
[2024-10-02T01:38:55.598+0000] {logging_mixin.py:151} INFO - [2024-10-02T01:38:55.597+0000] {dagbag.py:539} INFO - Filling up the DagBag from /home/airflow/.local/lib/python3.8/site-packages/airflow/example_dags/example_dag_decorator.py
[2024-10-02T01:38:55.722+0000] {processor.py:839} INFO - DAG(s) dict_keys(['example_dag_decorator']) retrieved from /home/airflow/.local/lib/python3.8/site-packages/airflow/example_dags/example_dag_decorator.py
[2024-10-02T01:38:55.883+0000] {logging_mixin.py:151} INFO - [2024-10-02T01:38:55.883+0000] {security.py:708} INFO - Not syncing DAG-level permissions for DAG 'DAG:example_dag_decorator' as access control is unset.
[2024-10-02T01:38:55.886+0000] {logging_mixin.py:151} INFO - [2024-10-02T01:38:55.885+0000] {dag.py:2915} INFO - Sync 1 DAGs
[2024-10-02T01:38:55.907+0000] {logging_mixin.py:151} INFO - [2024-10-02T01:38:55.907+0000] {dag.py:3696} INFO - Setting next_dagrun for example_dag_decorator to None, run_after=None
[2024-10-02T01:38:55.939+0000] {processor.py:179} INFO - Processing /home/airflow/.local/lib/python3.8/site-packages/airflow/example_dags/example_dag_decorator.py took 0.357 seconds
[2024-10-02T01:39:26.189+0000] {processor.py:157} INFO - Started process (PID=731) to work on /home/airflow/.local/lib/python3.8/site-packages/airflow/example_dags/example_dag_decorator.py
[2024-10-02T01:39:26.192+0000] {processor.py:829} INFO - Processing file /home/airflow/.local/lib/python3.8/site-packages/airflow/example_dags/example_dag_decorator.py for tasks to queue
[2024-10-02T01:39:26.198+0000] {logging_mixin.py:151} INFO - [2024-10-02T01:39:26.197+0000] {dagbag.py:539} INFO - Filling up the DagBag from /home/airflow/.local/lib/python3.8/site-packages/airflow/example_dags/example_dag_decorator.py
[2024-10-02T01:39:26.349+0000] {processor.py:839} INFO - DAG(s) dict_keys(['example_dag_decorator']) retrieved from /home/airflow/.local/lib/python3.8/site-packages/airflow/example_dags/example_dag_decorator.py
[2024-10-02T01:39:26.560+0000] {logging_mixin.py:151} INFO - [2024-10-02T01:39:26.559+0000] {security.py:708} INFO - Not syncing DAG-level permissions for DAG 'DAG:example_dag_decorator' as access control is unset.
[2024-10-02T01:39:26.563+0000] {logging_mixin.py:151} INFO - [2024-10-02T01:39:26.563+0000] {dag.py:2915} INFO - Sync 1 DAGs
[2024-10-02T01:39:26.594+0000] {logging_mixin.py:151} INFO - [2024-10-02T01:39:26.594+0000] {dag.py:3696} INFO - Setting next_dagrun for example_dag_decorator to None, run_after=None
[2024-10-02T01:39:26.639+0000] {processor.py:179} INFO - Processing /home/airflow/.local/lib/python3.8/site-packages/airflow/example_dags/example_dag_decorator.py took 0.455 seconds
[2024-10-02T01:45:36.852+0000] {processor.py:157} INFO - Started process (PID=60) to work on /home/airflow/.local/lib/python3.8/site-packages/airflow/example_dags/example_dag_decorator.py
[2024-10-02T01:45:36.856+0000] {processor.py:829} INFO - Processing file /home/airflow/.local/lib/python3.8/site-packages/airflow/example_dags/example_dag_decorator.py for tasks to queue
[2024-10-02T01:45:36.864+0000] {logging_mixin.py:151} INFO - [2024-10-02T01:45:36.863+0000] {dagbag.py:539} INFO - Filling up the DagBag from /home/airflow/.local/lib/python3.8/site-packages/airflow/example_dags/example_dag_decorator.py
[2024-10-02T01:45:37.044+0000] {processor.py:839} INFO - DAG(s) dict_keys(['example_dag_decorator']) retrieved from /home/airflow/.local/lib/python3.8/site-packages/airflow/example_dags/example_dag_decorator.py
[2024-10-02T01:45:37.227+0000] {logging_mixin.py:151} INFO - [2024-10-02T01:45:37.226+0000] {manager.py:499} INFO - Created Permission View: %s
[2024-10-02T01:45:37.262+0000] {logging_mixin.py:151} INFO - [2024-10-02T01:45:37.262+0000] {manager.py:499} INFO - Created Permission View: %s
[2024-10-02T01:45:37.284+0000] {logging_mixin.py:151} INFO - [2024-10-02T01:45:37.284+0000] {manager.py:499} INFO - Created Permission View: %s
[2024-10-02T01:45:37.286+0000] {logging_mixin.py:151} INFO - [2024-10-02T01:45:37.286+0000] {security.py:708} INFO - Not syncing DAG-level permissions for DAG 'DAG:example_dag_decorator' as access control is unset.
[2024-10-02T01:45:37.292+0000] {logging_mixin.py:151} INFO - [2024-10-02T01:45:37.292+0000] {dag.py:2915} INFO - Sync 1 DAGs
[2024-10-02T01:45:37.315+0000] {logging_mixin.py:151} INFO - [2024-10-02T01:45:37.314+0000] {dag.py:2937} INFO - Creating ORM DAG for example_dag_decorator
[2024-10-02T01:45:37.320+0000] {logging_mixin.py:151} INFO - [2024-10-02T01:45:37.320+0000] {dag.py:3696} INFO - Setting next_dagrun for example_dag_decorator to None, run_after=None
[2024-10-02T01:45:37.358+0000] {processor.py:179} INFO - Processing /home/airflow/.local/lib/python3.8/site-packages/airflow/example_dags/example_dag_decorator.py took 0.516 seconds
[2024-10-02T01:46:08.287+0000] {processor.py:157} INFO - Started process (PID=108) to work on /home/airflow/.local/lib/python3.8/site-packages/airflow/example_dags/example_dag_decorator.py
[2024-10-02T01:46:08.290+0000] {processor.py:829} INFO - Processing file /home/airflow/.local/lib/python3.8/site-packages/airflow/example_dags/example_dag_decorator.py for tasks to queue
[2024-10-02T01:46:08.295+0000] {logging_mixin.py:151} INFO - [2024-10-02T01:46:08.294+0000] {dagbag.py:539} INFO - Filling up the DagBag from /home/airflow/.local/lib/python3.8/site-packages/airflow/example_dags/example_dag_decorator.py
[2024-10-02T01:46:08.427+0000] {processor.py:839} INFO - DAG(s) dict_keys(['example_dag_decorator']) retrieved from /home/airflow/.local/lib/python3.8/site-packages/airflow/example_dags/example_dag_decorator.py
[2024-10-02T01:46:08.632+0000] {logging_mixin.py:151} INFO - [2024-10-02T01:46:08.632+0000] {security.py:708} INFO - Not syncing DAG-level permissions for DAG 'DAG:example_dag_decorator' as access control is unset.
[2024-10-02T01:46:08.634+0000] {logging_mixin.py:151} INFO - [2024-10-02T01:46:08.634+0000] {dag.py:2915} INFO - Sync 1 DAGs
[2024-10-02T01:46:08.647+0000] {logging_mixin.py:151} INFO - [2024-10-02T01:46:08.647+0000] {dag.py:3696} INFO - Setting next_dagrun for example_dag_decorator to None, run_after=None
[2024-10-02T01:46:08.676+0000] {processor.py:179} INFO - Processing /home/airflow/.local/lib/python3.8/site-packages/airflow/example_dags/example_dag_decorator.py took 0.391 seconds
[2024-10-02T01:47:04.101+0000] {processor.py:157} INFO - Started process (PID=60) to work on /home/airflow/.local/lib/python3.8/site-packages/airflow/example_dags/example_dag_decorator.py
[2024-10-02T01:47:04.119+0000] {processor.py:829} INFO - Processing file /home/airflow/.local/lib/python3.8/site-packages/airflow/example_dags/example_dag_decorator.py for tasks to queue
[2024-10-02T01:47:04.132+0000] {logging_mixin.py:151} INFO - [2024-10-02T01:47:04.132+0000] {dagbag.py:539} INFO - Filling up the DagBag from /home/airflow/.local/lib/python3.8/site-packages/airflow/example_dags/example_dag_decorator.py
[2024-10-02T01:47:04.679+0000] {processor.py:839} INFO - DAG(s) dict_keys(['example_dag_decorator']) retrieved from /home/airflow/.local/lib/python3.8/site-packages/airflow/example_dags/example_dag_decorator.py
[2024-10-02T01:47:04.703+0000] {logging_mixin.py:151} INFO - [2024-10-02T01:47:04.703+0000] {dag.py:2915} INFO - Sync 1 DAGs
[2024-10-02T01:47:04.737+0000] {logging_mixin.py:151} INFO - [2024-10-02T01:47:04.736+0000] {dag.py:3696} INFO - Setting next_dagrun for example_dag_decorator to None, run_after=None
[2024-10-02T01:47:04.787+0000] {processor.py:179} INFO - Processing /home/airflow/.local/lib/python3.8/site-packages/airflow/example_dags/example_dag_decorator.py took 0.690 seconds
[2024-10-02T01:47:34.893+0000] {processor.py:157} INFO - Started process (PID=109) to work on /home/airflow/.local/lib/python3.8/site-packages/airflow/example_dags/example_dag_decorator.py
[2024-10-02T01:47:34.897+0000] {processor.py:829} INFO - Processing file /home/airflow/.local/lib/python3.8/site-packages/airflow/example_dags/example_dag_decorator.py for tasks to queue
[2024-10-02T01:47:34.904+0000] {logging_mixin.py:151} INFO - [2024-10-02T01:47:34.903+0000] {dagbag.py:539} INFO - Filling up the DagBag from /home/airflow/.local/lib/python3.8/site-packages/airflow/example_dags/example_dag_decorator.py
[2024-10-02T01:47:35.021+0000] {processor.py:839} INFO - DAG(s) dict_keys(['example_dag_decorator']) retrieved from /home/airflow/.local/lib/python3.8/site-packages/airflow/example_dags/example_dag_decorator.py
[2024-10-02T01:47:35.225+0000] {logging_mixin.py:151} INFO - [2024-10-02T01:47:35.225+0000] {security.py:708} INFO - Not syncing DAG-level permissions for DAG 'DAG:example_dag_decorator' as access control is unset.
[2024-10-02T01:47:35.229+0000] {logging_mixin.py:151} INFO - [2024-10-02T01:47:35.229+0000] {dag.py:2915} INFO - Sync 1 DAGs
[2024-10-02T01:47:35.247+0000] {logging_mixin.py:151} INFO - [2024-10-02T01:47:35.247+0000] {dag.py:3696} INFO - Setting next_dagrun for example_dag_decorator to None, run_after=None
[2024-10-02T01:47:35.275+0000] {processor.py:179} INFO - Processing /home/airflow/.local/lib/python3.8/site-packages/airflow/example_dags/example_dag_decorator.py took 0.387 seconds
[2024-10-02T01:48:32.394+0000] {processor.py:157} INFO - Started process (PID=60) to work on /home/airflow/.local/lib/python3.8/site-packages/airflow/example_dags/example_dag_decorator.py
[2024-10-02T01:48:32.403+0000] {processor.py:829} INFO - Processing file /home/airflow/.local/lib/python3.8/site-packages/airflow/example_dags/example_dag_decorator.py for tasks to queue
[2024-10-02T01:48:32.411+0000] {logging_mixin.py:151} INFO - [2024-10-02T01:48:32.410+0000] {dagbag.py:539} INFO - Filling up the DagBag from /home/airflow/.local/lib/python3.8/site-packages/airflow/example_dags/example_dag_decorator.py
[2024-10-02T01:48:32.660+0000] {processor.py:839} INFO - DAG(s) dict_keys(['example_dag_decorator']) retrieved from /home/airflow/.local/lib/python3.8/site-packages/airflow/example_dags/example_dag_decorator.py
[2024-10-02T01:48:32.683+0000] {logging_mixin.py:151} INFO - [2024-10-02T01:48:32.683+0000] {dag.py:2915} INFO - Sync 1 DAGs
[2024-10-02T01:48:32.705+0000] {logging_mixin.py:151} INFO - [2024-10-02T01:48:32.704+0000] {dag.py:3696} INFO - Setting next_dagrun for example_dag_decorator to None, run_after=None
[2024-10-02T01:48:32.745+0000] {processor.py:179} INFO - Processing /home/airflow/.local/lib/python3.8/site-packages/airflow/example_dags/example_dag_decorator.py took 0.356 seconds
[2024-10-02T01:49:03.314+0000] {processor.py:157} INFO - Started process (PID=108) to work on /home/airflow/.local/lib/python3.8/site-packages/airflow/example_dags/example_dag_decorator.py
[2024-10-02T01:49:03.316+0000] {processor.py:829} INFO - Processing file /home/airflow/.local/lib/python3.8/site-packages/airflow/example_dags/example_dag_decorator.py for tasks to queue
[2024-10-02T01:49:03.324+0000] {logging_mixin.py:151} INFO - [2024-10-02T01:49:03.323+0000] {dagbag.py:539} INFO - Filling up the DagBag from /home/airflow/.local/lib/python3.8/site-packages/airflow/example_dags/example_dag_decorator.py
[2024-10-02T01:49:03.423+0000] {processor.py:839} INFO - DAG(s) dict_keys(['example_dag_decorator']) retrieved from /home/airflow/.local/lib/python3.8/site-packages/airflow/example_dags/example_dag_decorator.py
[2024-10-02T01:49:03.553+0000] {logging_mixin.py:151} INFO - [2024-10-02T01:49:03.553+0000] {security.py:708} INFO - Not syncing DAG-level permissions for DAG 'DAG:example_dag_decorator' as access control is unset.
[2024-10-02T01:49:03.556+0000] {logging_mixin.py:151} INFO - [2024-10-02T01:49:03.555+0000] {dag.py:2915} INFO - Sync 1 DAGs
[2024-10-02T01:49:03.569+0000] {logging_mixin.py:151} INFO - [2024-10-02T01:49:03.569+0000] {dag.py:3696} INFO - Setting next_dagrun for example_dag_decorator to None, run_after=None
[2024-10-02T01:49:03.601+0000] {processor.py:179} INFO - Processing /home/airflow/.local/lib/python3.8/site-packages/airflow/example_dags/example_dag_decorator.py took 0.292 seconds
[2024-10-02T01:49:34.013+0000] {processor.py:157} INFO - Started process (PID=157) to work on /home/airflow/.local/lib/python3.8/site-packages/airflow/example_dags/example_dag_decorator.py
[2024-10-02T01:49:34.016+0000] {processor.py:829} INFO - Processing file /home/airflow/.local/lib/python3.8/site-packages/airflow/example_dags/example_dag_decorator.py for tasks to queue
[2024-10-02T01:49:34.019+0000] {logging_mixin.py:151} INFO - [2024-10-02T01:49:34.019+0000] {dagbag.py:539} INFO - Filling up the DagBag from /home/airflow/.local/lib/python3.8/site-packages/airflow/example_dags/example_dag_decorator.py
[2024-10-02T01:49:34.118+0000] {processor.py:839} INFO - DAG(s) dict_keys(['example_dag_decorator']) retrieved from /home/airflow/.local/lib/python3.8/site-packages/airflow/example_dags/example_dag_decorator.py
[2024-10-02T01:49:34.260+0000] {logging_mixin.py:151} INFO - [2024-10-02T01:49:34.260+0000] {security.py:708} INFO - Not syncing DAG-level permissions for DAG 'DAG:example_dag_decorator' as access control is unset.
[2024-10-02T01:49:34.263+0000] {logging_mixin.py:151} INFO - [2024-10-02T01:49:34.263+0000] {dag.py:2915} INFO - Sync 1 DAGs
[2024-10-02T01:49:34.277+0000] {logging_mixin.py:151} INFO - [2024-10-02T01:49:34.276+0000] {dag.py:3696} INFO - Setting next_dagrun for example_dag_decorator to None, run_after=None
[2024-10-02T01:49:34.300+0000] {processor.py:179} INFO - Processing /home/airflow/.local/lib/python3.8/site-packages/airflow/example_dags/example_dag_decorator.py took 0.291 seconds
[2024-10-02T01:50:04.671+0000] {processor.py:157} INFO - Started process (PID=204) to work on /home/airflow/.local/lib/python3.8/site-packages/airflow/example_dags/example_dag_decorator.py
[2024-10-02T01:50:04.674+0000] {processor.py:829} INFO - Processing file /home/airflow/.local/lib/python3.8/site-packages/airflow/example_dags/example_dag_decorator.py for tasks to queue
[2024-10-02T01:50:04.678+0000] {logging_mixin.py:151} INFO - [2024-10-02T01:50:04.678+0000] {dagbag.py:539} INFO - Filling up the DagBag from /home/airflow/.local/lib/python3.8/site-packages/airflow/example_dags/example_dag_decorator.py
[2024-10-02T01:50:04.779+0000] {processor.py:839} INFO - DAG(s) dict_keys(['example_dag_decorator']) retrieved from /home/airflow/.local/lib/python3.8/site-packages/airflow/example_dags/example_dag_decorator.py
[2024-10-02T01:50:04.910+0000] {logging_mixin.py:151} INFO - [2024-10-02T01:50:04.909+0000] {security.py:708} INFO - Not syncing DAG-level permissions for DAG 'DAG:example_dag_decorator' as access control is unset.
[2024-10-02T01:50:04.912+0000] {logging_mixin.py:151} INFO - [2024-10-02T01:50:04.912+0000] {dag.py:2915} INFO - Sync 1 DAGs
[2024-10-02T01:50:04.928+0000] {logging_mixin.py:151} INFO - [2024-10-02T01:50:04.928+0000] {dag.py:3696} INFO - Setting next_dagrun for example_dag_decorator to None, run_after=None
[2024-10-02T01:50:04.955+0000] {processor.py:179} INFO - Processing /home/airflow/.local/lib/python3.8/site-packages/airflow/example_dags/example_dag_decorator.py took 0.288 seconds
[2024-10-02T01:50:35.747+0000] {processor.py:157} INFO - Started process (PID=252) to work on /home/airflow/.local/lib/python3.8/site-packages/airflow/example_dags/example_dag_decorator.py
[2024-10-02T01:50:35.749+0000] {processor.py:829} INFO - Processing file /home/airflow/.local/lib/python3.8/site-packages/airflow/example_dags/example_dag_decorator.py for tasks to queue
[2024-10-02T01:50:35.752+0000] {logging_mixin.py:151} INFO - [2024-10-02T01:50:35.752+0000] {dagbag.py:539} INFO - Filling up the DagBag from /home/airflow/.local/lib/python3.8/site-packages/airflow/example_dags/example_dag_decorator.py
[2024-10-02T01:50:35.848+0000] {processor.py:839} INFO - DAG(s) dict_keys(['example_dag_decorator']) retrieved from /home/airflow/.local/lib/python3.8/site-packages/airflow/example_dags/example_dag_decorator.py
[2024-10-02T01:50:35.981+0000] {logging_mixin.py:151} INFO - [2024-10-02T01:50:35.981+0000] {security.py:708} INFO - Not syncing DAG-level permissions for DAG 'DAG:example_dag_decorator' as access control is unset.
[2024-10-02T01:50:35.984+0000] {logging_mixin.py:151} INFO - [2024-10-02T01:50:35.983+0000] {dag.py:2915} INFO - Sync 1 DAGs
[2024-10-02T01:50:35.999+0000] {logging_mixin.py:151} INFO - [2024-10-02T01:50:35.998+0000] {dag.py:3696} INFO - Setting next_dagrun for example_dag_decorator to None, run_after=None
[2024-10-02T01:50:36.023+0000] {processor.py:179} INFO - Processing /home/airflow/.local/lib/python3.8/site-packages/airflow/example_dags/example_dag_decorator.py took 0.280 seconds
[2024-10-02T01:51:06.241+0000] {processor.py:157} INFO - Started process (PID=300) to work on /home/airflow/.local/lib/python3.8/site-packages/airflow/example_dags/example_dag_decorator.py
[2024-10-02T01:51:06.244+0000] {processor.py:829} INFO - Processing file /home/airflow/.local/lib/python3.8/site-packages/airflow/example_dags/example_dag_decorator.py for tasks to queue
[2024-10-02T01:51:06.252+0000] {logging_mixin.py:151} INFO - [2024-10-02T01:51:06.252+0000] {dagbag.py:539} INFO - Filling up the DagBag from /home/airflow/.local/lib/python3.8/site-packages/airflow/example_dags/example_dag_decorator.py
[2024-10-02T01:51:06.349+0000] {processor.py:839} INFO - DAG(s) dict_keys(['example_dag_decorator']) retrieved from /home/airflow/.local/lib/python3.8/site-packages/airflow/example_dags/example_dag_decorator.py
[2024-10-02T01:51:06.491+0000] {logging_mixin.py:151} INFO - [2024-10-02T01:51:06.491+0000] {security.py:708} INFO - Not syncing DAG-level permissions for DAG 'DAG:example_dag_decorator' as access control is unset.
[2024-10-02T01:51:06.493+0000] {logging_mixin.py:151} INFO - [2024-10-02T01:51:06.493+0000] {dag.py:2915} INFO - Sync 1 DAGs
[2024-10-02T01:51:06.507+0000] {logging_mixin.py:151} INFO - [2024-10-02T01:51:06.507+0000] {dag.py:3696} INFO - Setting next_dagrun for example_dag_decorator to None, run_after=None
[2024-10-02T01:51:06.535+0000] {processor.py:179} INFO - Processing /home/airflow/.local/lib/python3.8/site-packages/airflow/example_dags/example_dag_decorator.py took 0.299 seconds
[2024-10-02T01:51:37.310+0000] {processor.py:157} INFO - Started process (PID=348) to work on /home/airflow/.local/lib/python3.8/site-packages/airflow/example_dags/example_dag_decorator.py
[2024-10-02T01:51:37.315+0000] {processor.py:829} INFO - Processing file /home/airflow/.local/lib/python3.8/site-packages/airflow/example_dags/example_dag_decorator.py for tasks to queue
[2024-10-02T01:51:37.321+0000] {logging_mixin.py:151} INFO - [2024-10-02T01:51:37.321+0000] {dagbag.py:539} INFO - Filling up the DagBag from /home/airflow/.local/lib/python3.8/site-packages/airflow/example_dags/example_dag_decorator.py
[2024-10-02T01:51:37.433+0000] {processor.py:839} INFO - DAG(s) dict_keys(['example_dag_decorator']) retrieved from /home/airflow/.local/lib/python3.8/site-packages/airflow/example_dags/example_dag_decorator.py
[2024-10-02T01:51:37.578+0000] {logging_mixin.py:151} INFO - [2024-10-02T01:51:37.577+0000] {security.py:708} INFO - Not syncing DAG-level permissions for DAG 'DAG:example_dag_decorator' as access control is unset.
[2024-10-02T01:51:37.580+0000] {logging_mixin.py:151} INFO - [2024-10-02T01:51:37.580+0000] {dag.py:2915} INFO - Sync 1 DAGs
[2024-10-02T01:51:37.596+0000] {logging_mixin.py:151} INFO - [2024-10-02T01:51:37.595+0000] {dag.py:3696} INFO - Setting next_dagrun for example_dag_decorator to None, run_after=None
[2024-10-02T01:51:37.620+0000] {processor.py:179} INFO - Processing /home/airflow/.local/lib/python3.8/site-packages/airflow/example_dags/example_dag_decorator.py took 0.314 seconds
[2024-10-02T01:52:07.789+0000] {processor.py:157} INFO - Started process (PID=396) to work on /home/airflow/.local/lib/python3.8/site-packages/airflow/example_dags/example_dag_decorator.py
[2024-10-02T01:52:07.795+0000] {processor.py:829} INFO - Processing file /home/airflow/.local/lib/python3.8/site-packages/airflow/example_dags/example_dag_decorator.py for tasks to queue
[2024-10-02T01:52:07.813+0000] {logging_mixin.py:151} INFO - [2024-10-02T01:52:07.812+0000] {dagbag.py:539} INFO - Filling up the DagBag from /home/airflow/.local/lib/python3.8/site-packages/airflow/example_dags/example_dag_decorator.py
[2024-10-02T01:52:07.915+0000] {processor.py:839} INFO - DAG(s) dict_keys(['example_dag_decorator']) retrieved from /home/airflow/.local/lib/python3.8/site-packages/airflow/example_dags/example_dag_decorator.py
[2024-10-02T01:52:08.050+0000] {logging_mixin.py:151} INFO - [2024-10-02T01:52:08.050+0000] {security.py:708} INFO - Not syncing DAG-level permissions for DAG 'DAG:example_dag_decorator' as access control is unset.
[2024-10-02T01:52:08.054+0000] {logging_mixin.py:151} INFO - [2024-10-02T01:52:08.053+0000] {dag.py:2915} INFO - Sync 1 DAGs
[2024-10-02T01:52:08.068+0000] {logging_mixin.py:151} INFO - [2024-10-02T01:52:08.068+0000] {dag.py:3696} INFO - Setting next_dagrun for example_dag_decorator to None, run_after=None
[2024-10-02T01:52:08.092+0000] {processor.py:179} INFO - Processing /home/airflow/.local/lib/python3.8/site-packages/airflow/example_dags/example_dag_decorator.py took 0.315 seconds
[2024-10-02T01:52:38.824+0000] {processor.py:157} INFO - Started process (PID=444) to work on /home/airflow/.local/lib/python3.8/site-packages/airflow/example_dags/example_dag_decorator.py
[2024-10-02T01:52:38.827+0000] {processor.py:829} INFO - Processing file /home/airflow/.local/lib/python3.8/site-packages/airflow/example_dags/example_dag_decorator.py for tasks to queue
[2024-10-02T01:52:38.832+0000] {logging_mixin.py:151} INFO - [2024-10-02T01:52:38.831+0000] {dagbag.py:539} INFO - Filling up the DagBag from /home/airflow/.local/lib/python3.8/site-packages/airflow/example_dags/example_dag_decorator.py
[2024-10-02T01:52:38.930+0000] {processor.py:839} INFO - DAG(s) dict_keys(['example_dag_decorator']) retrieved from /home/airflow/.local/lib/python3.8/site-packages/airflow/example_dags/example_dag_decorator.py
[2024-10-02T01:52:39.073+0000] {logging_mixin.py:151} INFO - [2024-10-02T01:52:39.073+0000] {security.py:708} INFO - Not syncing DAG-level permissions for DAG 'DAG:example_dag_decorator' as access control is unset.
[2024-10-02T01:52:39.075+0000] {logging_mixin.py:151} INFO - [2024-10-02T01:52:39.074+0000] {dag.py:2915} INFO - Sync 1 DAGs
[2024-10-02T01:52:39.087+0000] {logging_mixin.py:151} INFO - [2024-10-02T01:52:39.087+0000] {dag.py:3696} INFO - Setting next_dagrun for example_dag_decorator to None, run_after=None
[2024-10-02T01:52:39.116+0000] {processor.py:179} INFO - Processing /home/airflow/.local/lib/python3.8/site-packages/airflow/example_dags/example_dag_decorator.py took 0.296 seconds
[2024-10-02T01:53:09.757+0000] {processor.py:157} INFO - Started process (PID=492) to work on /home/airflow/.local/lib/python3.8/site-packages/airflow/example_dags/example_dag_decorator.py
[2024-10-02T01:53:09.772+0000] {processor.py:829} INFO - Processing file /home/airflow/.local/lib/python3.8/site-packages/airflow/example_dags/example_dag_decorator.py for tasks to queue
[2024-10-02T01:53:09.783+0000] {logging_mixin.py:151} INFO - [2024-10-02T01:53:09.782+0000] {dagbag.py:539} INFO - Filling up the DagBag from /home/airflow/.local/lib/python3.8/site-packages/airflow/example_dags/example_dag_decorator.py
[2024-10-02T01:53:10.398+0000] {processor.py:839} INFO - DAG(s) dict_keys(['example_dag_decorator']) retrieved from /home/airflow/.local/lib/python3.8/site-packages/airflow/example_dags/example_dag_decorator.py
[2024-10-02T01:53:10.669+0000] {logging_mixin.py:151} INFO - [2024-10-02T01:53:10.668+0000] {security.py:708} INFO - Not syncing DAG-level permissions for DAG 'DAG:example_dag_decorator' as access control is unset.
[2024-10-02T01:53:10.674+0000] {logging_mixin.py:151} INFO - [2024-10-02T01:53:10.673+0000] {dag.py:2915} INFO - Sync 1 DAGs
[2024-10-02T01:53:10.702+0000] {logging_mixin.py:151} INFO - [2024-10-02T01:53:10.702+0000] {dag.py:3696} INFO - Setting next_dagrun for example_dag_decorator to None, run_after=None
[2024-10-02T01:53:10.743+0000] {processor.py:179} INFO - Processing /home/airflow/.local/lib/python3.8/site-packages/airflow/example_dags/example_dag_decorator.py took 0.991 seconds
[2024-10-02T01:53:40.968+0000] {processor.py:157} INFO - Started process (PID=541) to work on /home/airflow/.local/lib/python3.8/site-packages/airflow/example_dags/example_dag_decorator.py
[2024-10-02T01:53:40.971+0000] {processor.py:829} INFO - Processing file /home/airflow/.local/lib/python3.8/site-packages/airflow/example_dags/example_dag_decorator.py for tasks to queue
[2024-10-02T01:53:40.975+0000] {logging_mixin.py:151} INFO - [2024-10-02T01:53:40.975+0000] {dagbag.py:539} INFO - Filling up the DagBag from /home/airflow/.local/lib/python3.8/site-packages/airflow/example_dags/example_dag_decorator.py
[2024-10-02T01:53:41.083+0000] {processor.py:839} INFO - DAG(s) dict_keys(['example_dag_decorator']) retrieved from /home/airflow/.local/lib/python3.8/site-packages/airflow/example_dags/example_dag_decorator.py
[2024-10-02T01:53:41.241+0000] {logging_mixin.py:151} INFO - [2024-10-02T01:53:41.241+0000] {security.py:708} INFO - Not syncing DAG-level permissions for DAG 'DAG:example_dag_decorator' as access control is unset.
[2024-10-02T01:53:41.244+0000] {logging_mixin.py:151} INFO - [2024-10-02T01:53:41.244+0000] {dag.py:2915} INFO - Sync 1 DAGs
[2024-10-02T01:53:41.260+0000] {logging_mixin.py:151} INFO - [2024-10-02T01:53:41.259+0000] {dag.py:3696} INFO - Setting next_dagrun for example_dag_decorator to None, run_after=None
[2024-10-02T01:53:41.286+0000] {processor.py:179} INFO - Processing /home/airflow/.local/lib/python3.8/site-packages/airflow/example_dags/example_dag_decorator.py took 0.321 seconds
[2024-10-02T01:54:12.260+0000] {processor.py:157} INFO - Started process (PID=588) to work on /home/airflow/.local/lib/python3.8/site-packages/airflow/example_dags/example_dag_decorator.py
[2024-10-02T01:54:12.271+0000] {processor.py:829} INFO - Processing file /home/airflow/.local/lib/python3.8/site-packages/airflow/example_dags/example_dag_decorator.py for tasks to queue
[2024-10-02T01:54:12.321+0000] {logging_mixin.py:151} INFO - [2024-10-02T01:54:12.320+0000] {dagbag.py:539} INFO - Filling up the DagBag from /home/airflow/.local/lib/python3.8/site-packages/airflow/example_dags/example_dag_decorator.py
[2024-10-02T01:54:12.559+0000] {processor.py:839} INFO - DAG(s) dict_keys(['example_dag_decorator']) retrieved from /home/airflow/.local/lib/python3.8/site-packages/airflow/example_dags/example_dag_decorator.py
[2024-10-02T01:54:13.418+0000] {logging_mixin.py:151} INFO - [2024-10-02T01:54:13.417+0000] {security.py:708} INFO - Not syncing DAG-level permissions for DAG 'DAG:example_dag_decorator' as access control is unset.
[2024-10-02T01:54:13.420+0000] {logging_mixin.py:151} INFO - [2024-10-02T01:54:13.420+0000] {dag.py:2915} INFO - Sync 1 DAGs
[2024-10-02T01:54:13.459+0000] {logging_mixin.py:151} INFO - [2024-10-02T01:54:13.459+0000] {dag.py:3696} INFO - Setting next_dagrun for example_dag_decorator to None, run_after=None
[2024-10-02T01:54:13.582+0000] {processor.py:179} INFO - Processing /home/airflow/.local/lib/python3.8/site-packages/airflow/example_dags/example_dag_decorator.py took 1.326 seconds
[2024-10-02T01:57:20.339+0000] {processor.py:157} INFO - Started process (PID=621) to work on /home/airflow/.local/lib/python3.8/site-packages/airflow/example_dags/example_dag_decorator.py
[2024-10-02T01:57:20.343+0000] {processor.py:829} INFO - Processing file /home/airflow/.local/lib/python3.8/site-packages/airflow/example_dags/example_dag_decorator.py for tasks to queue
[2024-10-02T01:57:20.348+0000] {logging_mixin.py:151} INFO - [2024-10-02T01:57:20.347+0000] {dagbag.py:539} INFO - Filling up the DagBag from /home/airflow/.local/lib/python3.8/site-packages/airflow/example_dags/example_dag_decorator.py
[2024-10-02T01:57:20.449+0000] {processor.py:839} INFO - DAG(s) dict_keys(['example_dag_decorator']) retrieved from /home/airflow/.local/lib/python3.8/site-packages/airflow/example_dags/example_dag_decorator.py
[2024-10-02T01:57:20.586+0000] {logging_mixin.py:151} INFO - [2024-10-02T01:57:20.586+0000] {security.py:708} INFO - Not syncing DAG-level permissions for DAG 'DAG:example_dag_decorator' as access control is unset.
[2024-10-02T01:57:20.588+0000] {logging_mixin.py:151} INFO - [2024-10-02T01:57:20.588+0000] {dag.py:2915} INFO - Sync 1 DAGs
[2024-10-02T01:57:20.607+0000] {logging_mixin.py:151} INFO - [2024-10-02T01:57:20.606+0000] {dag.py:3696} INFO - Setting next_dagrun for example_dag_decorator to None, run_after=None
[2024-10-02T01:57:20.634+0000] {processor.py:179} INFO - Processing /home/airflow/.local/lib/python3.8/site-packages/airflow/example_dags/example_dag_decorator.py took 0.299 seconds
[2024-10-02T01:57:51.225+0000] {processor.py:157} INFO - Started process (PID=669) to work on /home/airflow/.local/lib/python3.8/site-packages/airflow/example_dags/example_dag_decorator.py
[2024-10-02T01:57:51.231+0000] {processor.py:829} INFO - Processing file /home/airflow/.local/lib/python3.8/site-packages/airflow/example_dags/example_dag_decorator.py for tasks to queue
[2024-10-02T01:57:51.248+0000] {logging_mixin.py:151} INFO - [2024-10-02T01:57:51.247+0000] {dagbag.py:539} INFO - Filling up the DagBag from /home/airflow/.local/lib/python3.8/site-packages/airflow/example_dags/example_dag_decorator.py
[2024-10-02T01:57:51.447+0000] {processor.py:839} INFO - DAG(s) dict_keys(['example_dag_decorator']) retrieved from /home/airflow/.local/lib/python3.8/site-packages/airflow/example_dags/example_dag_decorator.py
[2024-10-02T01:57:51.693+0000] {logging_mixin.py:151} INFO - [2024-10-02T01:57:51.693+0000] {security.py:708} INFO - Not syncing DAG-level permissions for DAG 'DAG:example_dag_decorator' as access control is unset.
[2024-10-02T01:57:51.699+0000] {logging_mixin.py:151} INFO - [2024-10-02T01:57:51.699+0000] {dag.py:2915} INFO - Sync 1 DAGs
[2024-10-02T01:57:51.717+0000] {logging_mixin.py:151} INFO - [2024-10-02T01:57:51.717+0000] {dag.py:3696} INFO - Setting next_dagrun for example_dag_decorator to None, run_after=None
[2024-10-02T01:57:51.754+0000] {processor.py:179} INFO - Processing /home/airflow/.local/lib/python3.8/site-packages/airflow/example_dags/example_dag_decorator.py took 0.535 seconds
[2024-10-02T01:58:22.649+0000] {processor.py:157} INFO - Started process (PID=717) to work on /home/airflow/.local/lib/python3.8/site-packages/airflow/example_dags/example_dag_decorator.py
[2024-10-02T01:58:22.654+0000] {processor.py:829} INFO - Processing file /home/airflow/.local/lib/python3.8/site-packages/airflow/example_dags/example_dag_decorator.py for tasks to queue
[2024-10-02T01:58:22.662+0000] {logging_mixin.py:151} INFO - [2024-10-02T01:58:22.661+0000] {dagbag.py:539} INFO - Filling up the DagBag from /home/airflow/.local/lib/python3.8/site-packages/airflow/example_dags/example_dag_decorator.py
[2024-10-02T01:58:22.771+0000] {processor.py:839} INFO - DAG(s) dict_keys(['example_dag_decorator']) retrieved from /home/airflow/.local/lib/python3.8/site-packages/airflow/example_dags/example_dag_decorator.py
[2024-10-02T01:58:22.928+0000] {logging_mixin.py:151} INFO - [2024-10-02T01:58:22.928+0000] {security.py:708} INFO - Not syncing DAG-level permissions for DAG 'DAG:example_dag_decorator' as access control is unset.
[2024-10-02T01:58:22.930+0000] {logging_mixin.py:151} INFO - [2024-10-02T01:58:22.930+0000] {dag.py:2915} INFO - Sync 1 DAGs
[2024-10-02T01:58:22.979+0000] {logging_mixin.py:151} INFO - [2024-10-02T01:58:22.979+0000] {dag.py:3696} INFO - Setting next_dagrun for example_dag_decorator to None, run_after=None
[2024-10-02T01:58:23.042+0000] {processor.py:179} INFO - Processing /home/airflow/.local/lib/python3.8/site-packages/airflow/example_dags/example_dag_decorator.py took 0.398 seconds
[2024-10-02T01:58:53.345+0000] {processor.py:157} INFO - Started process (PID=767) to work on /home/airflow/.local/lib/python3.8/site-packages/airflow/example_dags/example_dag_decorator.py
[2024-10-02T01:58:53.349+0000] {processor.py:829} INFO - Processing file /home/airflow/.local/lib/python3.8/site-packages/airflow/example_dags/example_dag_decorator.py for tasks to queue
[2024-10-02T01:58:53.358+0000] {logging_mixin.py:151} INFO - [2024-10-02T01:58:53.357+0000] {dagbag.py:539} INFO - Filling up the DagBag from /home/airflow/.local/lib/python3.8/site-packages/airflow/example_dags/example_dag_decorator.py
[2024-10-02T01:58:53.463+0000] {processor.py:839} INFO - DAG(s) dict_keys(['example_dag_decorator']) retrieved from /home/airflow/.local/lib/python3.8/site-packages/airflow/example_dags/example_dag_decorator.py
[2024-10-02T01:58:53.662+0000] {logging_mixin.py:151} INFO - [2024-10-02T01:58:53.662+0000] {security.py:708} INFO - Not syncing DAG-level permissions for DAG 'DAG:example_dag_decorator' as access control is unset.
[2024-10-02T01:58:53.666+0000] {logging_mixin.py:151} INFO - [2024-10-02T01:58:53.665+0000] {dag.py:2915} INFO - Sync 1 DAGs
[2024-10-02T01:58:53.683+0000] {logging_mixin.py:151} INFO - [2024-10-02T01:58:53.683+0000] {dag.py:3696} INFO - Setting next_dagrun for example_dag_decorator to None, run_after=None
[2024-10-02T01:58:53.725+0000] {processor.py:179} INFO - Processing /home/airflow/.local/lib/python3.8/site-packages/airflow/example_dags/example_dag_decorator.py took 0.385 seconds
[2024-10-02T01:59:25.025+0000] {processor.py:157} INFO - Started process (PID=816) to work on /home/airflow/.local/lib/python3.8/site-packages/airflow/example_dags/example_dag_decorator.py
[2024-10-02T01:59:25.032+0000] {processor.py:829} INFO - Processing file /home/airflow/.local/lib/python3.8/site-packages/airflow/example_dags/example_dag_decorator.py for tasks to queue
[2024-10-02T01:59:25.048+0000] {logging_mixin.py:151} INFO - [2024-10-02T01:59:25.047+0000] {dagbag.py:539} INFO - Filling up the DagBag from /home/airflow/.local/lib/python3.8/site-packages/airflow/example_dags/example_dag_decorator.py
[2024-10-02T01:59:25.213+0000] {processor.py:839} INFO - DAG(s) dict_keys(['example_dag_decorator']) retrieved from /home/airflow/.local/lib/python3.8/site-packages/airflow/example_dags/example_dag_decorator.py
[2024-10-02T01:59:25.409+0000] {logging_mixin.py:151} INFO - [2024-10-02T01:59:25.408+0000] {security.py:708} INFO - Not syncing DAG-level permissions for DAG 'DAG:example_dag_decorator' as access control is unset.
[2024-10-02T01:59:25.415+0000] {logging_mixin.py:151} INFO - [2024-10-02T01:59:25.414+0000] {dag.py:2915} INFO - Sync 1 DAGs
[2024-10-02T01:59:25.445+0000] {logging_mixin.py:151} INFO - [2024-10-02T01:59:25.445+0000] {dag.py:3696} INFO - Setting next_dagrun for example_dag_decorator to None, run_after=None
[2024-10-02T01:59:25.505+0000] {processor.py:179} INFO - Processing /home/airflow/.local/lib/python3.8/site-packages/airflow/example_dags/example_dag_decorator.py took 0.484 seconds
[2024-10-02T01:59:56.365+0000] {processor.py:157} INFO - Started process (PID=864) to work on /home/airflow/.local/lib/python3.8/site-packages/airflow/example_dags/example_dag_decorator.py
[2024-10-02T01:59:56.367+0000] {processor.py:829} INFO - Processing file /home/airflow/.local/lib/python3.8/site-packages/airflow/example_dags/example_dag_decorator.py for tasks to queue
[2024-10-02T01:59:56.372+0000] {logging_mixin.py:151} INFO - [2024-10-02T01:59:56.371+0000] {dagbag.py:539} INFO - Filling up the DagBag from /home/airflow/.local/lib/python3.8/site-packages/airflow/example_dags/example_dag_decorator.py
[2024-10-02T01:59:56.544+0000] {processor.py:839} INFO - DAG(s) dict_keys(['example_dag_decorator']) retrieved from /home/airflow/.local/lib/python3.8/site-packages/airflow/example_dags/example_dag_decorator.py
[2024-10-02T01:59:56.748+0000] {logging_mixin.py:151} INFO - [2024-10-02T01:59:56.748+0000] {security.py:708} INFO - Not syncing DAG-level permissions for DAG 'DAG:example_dag_decorator' as access control is unset.
[2024-10-02T01:59:56.750+0000] {logging_mixin.py:151} INFO - [2024-10-02T01:59:56.750+0000] {dag.py:2915} INFO - Sync 1 DAGs
[2024-10-02T01:59:56.765+0000] {logging_mixin.py:151} INFO - [2024-10-02T01:59:56.765+0000] {dag.py:3696} INFO - Setting next_dagrun for example_dag_decorator to None, run_after=None
[2024-10-02T01:59:56.817+0000] {processor.py:179} INFO - Processing /home/airflow/.local/lib/python3.8/site-packages/airflow/example_dags/example_dag_decorator.py took 0.458 seconds
[2024-10-02T02:00:26.984+0000] {processor.py:157} INFO - Started process (PID=912) to work on /home/airflow/.local/lib/python3.8/site-packages/airflow/example_dags/example_dag_decorator.py
[2024-10-02T02:00:26.989+0000] {processor.py:829} INFO - Processing file /home/airflow/.local/lib/python3.8/site-packages/airflow/example_dags/example_dag_decorator.py for tasks to queue
[2024-10-02T02:00:26.995+0000] {logging_mixin.py:151} INFO - [2024-10-02T02:00:26.994+0000] {dagbag.py:539} INFO - Filling up the DagBag from /home/airflow/.local/lib/python3.8/site-packages/airflow/example_dags/example_dag_decorator.py
[2024-10-02T02:00:27.100+0000] {processor.py:839} INFO - DAG(s) dict_keys(['example_dag_decorator']) retrieved from /home/airflow/.local/lib/python3.8/site-packages/airflow/example_dags/example_dag_decorator.py
[2024-10-02T02:00:27.240+0000] {logging_mixin.py:151} INFO - [2024-10-02T02:00:27.240+0000] {security.py:708} INFO - Not syncing DAG-level permissions for DAG 'DAG:example_dag_decorator' as access control is unset.
[2024-10-02T02:00:27.243+0000] {logging_mixin.py:151} INFO - [2024-10-02T02:00:27.242+0000] {dag.py:2915} INFO - Sync 1 DAGs
[2024-10-02T02:00:27.260+0000] {logging_mixin.py:151} INFO - [2024-10-02T02:00:27.260+0000] {dag.py:3696} INFO - Setting next_dagrun for example_dag_decorator to None, run_after=None
[2024-10-02T02:00:27.319+0000] {processor.py:179} INFO - Processing /home/airflow/.local/lib/python3.8/site-packages/airflow/example_dags/example_dag_decorator.py took 0.344 seconds
[2024-10-02T02:00:57.402+0000] {processor.py:157} INFO - Started process (PID=961) to work on /home/airflow/.local/lib/python3.8/site-packages/airflow/example_dags/example_dag_decorator.py
[2024-10-02T02:00:57.404+0000] {processor.py:829} INFO - Processing file /home/airflow/.local/lib/python3.8/site-packages/airflow/example_dags/example_dag_decorator.py for tasks to queue
[2024-10-02T02:00:57.408+0000] {logging_mixin.py:151} INFO - [2024-10-02T02:00:57.407+0000] {dagbag.py:539} INFO - Filling up the DagBag from /home/airflow/.local/lib/python3.8/site-packages/airflow/example_dags/example_dag_decorator.py
[2024-10-02T02:00:57.512+0000] {processor.py:839} INFO - DAG(s) dict_keys(['example_dag_decorator']) retrieved from /home/airflow/.local/lib/python3.8/site-packages/airflow/example_dags/example_dag_decorator.py
[2024-10-02T02:00:57.660+0000] {logging_mixin.py:151} INFO - [2024-10-02T02:00:57.660+0000] {security.py:708} INFO - Not syncing DAG-level permissions for DAG 'DAG:example_dag_decorator' as access control is unset.
[2024-10-02T02:00:57.663+0000] {logging_mixin.py:151} INFO - [2024-10-02T02:00:57.663+0000] {dag.py:2915} INFO - Sync 1 DAGs
[2024-10-02T02:00:57.676+0000] {logging_mixin.py:151} INFO - [2024-10-02T02:00:57.676+0000] {dag.py:3696} INFO - Setting next_dagrun for example_dag_decorator to None, run_after=None
[2024-10-02T02:00:57.703+0000] {processor.py:179} INFO - Processing /home/airflow/.local/lib/python3.8/site-packages/airflow/example_dags/example_dag_decorator.py took 0.306 seconds
[2024-10-02T02:03:25.264+0000] {processor.py:157} INFO - Started process (PID=60) to work on /home/airflow/.local/lib/python3.8/site-packages/airflow/example_dags/example_dag_decorator.py
[2024-10-02T02:03:25.267+0000] {processor.py:829} INFO - Processing file /home/airflow/.local/lib/python3.8/site-packages/airflow/example_dags/example_dag_decorator.py for tasks to queue
[2024-10-02T02:03:25.273+0000] {logging_mixin.py:151} INFO - [2024-10-02T02:03:25.272+0000] {dagbag.py:539} INFO - Filling up the DagBag from /home/airflow/.local/lib/python3.8/site-packages/airflow/example_dags/example_dag_decorator.py
[2024-10-02T02:03:25.648+0000] {processor.py:839} INFO - DAG(s) dict_keys(['example_dag_decorator']) retrieved from /home/airflow/.local/lib/python3.8/site-packages/airflow/example_dags/example_dag_decorator.py
[2024-10-02T02:03:25.904+0000] {logging_mixin.py:151} INFO - [2024-10-02T02:03:25.904+0000] {manager.py:499} INFO - Created Permission View: %s
[2024-10-02T02:03:25.923+0000] {logging_mixin.py:151} INFO - [2024-10-02T02:03:25.923+0000] {manager.py:499} INFO - Created Permission View: %s
[2024-10-02T02:03:25.980+0000] {logging_mixin.py:151} INFO - [2024-10-02T02:03:25.979+0000] {manager.py:499} INFO - Created Permission View: %s
[2024-10-02T02:03:25.984+0000] {logging_mixin.py:151} INFO - [2024-10-02T02:03:25.984+0000] {security.py:708} INFO - Not syncing DAG-level permissions for DAG 'DAG:example_dag_decorator' as access control is unset.
[2024-10-02T02:03:25.990+0000] {logging_mixin.py:151} INFO - [2024-10-02T02:03:25.989+0000] {dag.py:2915} INFO - Sync 1 DAGs
[2024-10-02T02:03:26.014+0000] {logging_mixin.py:151} INFO - [2024-10-02T02:03:26.013+0000] {dag.py:2937} INFO - Creating ORM DAG for example_dag_decorator
[2024-10-02T02:03:26.020+0000] {logging_mixin.py:151} INFO - [2024-10-02T02:03:26.020+0000] {dag.py:3696} INFO - Setting next_dagrun for example_dag_decorator to None, run_after=None
[2024-10-02T02:03:26.074+0000] {processor.py:179} INFO - Processing /home/airflow/.local/lib/python3.8/site-packages/airflow/example_dags/example_dag_decorator.py took 0.814 seconds
[2024-10-02T02:06:22.709+0000] {processor.py:157} INFO - Started process (PID=60) to work on /home/airflow/.local/lib/python3.8/site-packages/airflow/example_dags/example_dag_decorator.py
[2024-10-02T02:06:22.715+0000] {processor.py:829} INFO - Processing file /home/airflow/.local/lib/python3.8/site-packages/airflow/example_dags/example_dag_decorator.py for tasks to queue
[2024-10-02T02:06:22.719+0000] {logging_mixin.py:151} INFO - [2024-10-02T02:06:22.718+0000] {dagbag.py:539} INFO - Filling up the DagBag from /home/airflow/.local/lib/python3.8/site-packages/airflow/example_dags/example_dag_decorator.py
[2024-10-02T02:06:22.964+0000] {processor.py:839} INFO - DAG(s) dict_keys(['example_dag_decorator']) retrieved from /home/airflow/.local/lib/python3.8/site-packages/airflow/example_dags/example_dag_decorator.py
[2024-10-02T02:06:23.201+0000] {logging_mixin.py:151} INFO - [2024-10-02T02:06:23.200+0000] {manager.py:499} INFO - Created Permission View: %s
[2024-10-02T02:06:23.226+0000] {logging_mixin.py:151} INFO - [2024-10-02T02:06:23.225+0000] {manager.py:499} INFO - Created Permission View: %s
[2024-10-02T02:06:23.257+0000] {logging_mixin.py:151} INFO - [2024-10-02T02:06:23.256+0000] {manager.py:499} INFO - Created Permission View: %s
[2024-10-02T02:06:23.259+0000] {logging_mixin.py:151} INFO - [2024-10-02T02:06:23.258+0000] {security.py:708} INFO - Not syncing DAG-level permissions for DAG 'DAG:example_dag_decorator' as access control is unset.
[2024-10-02T02:06:23.268+0000] {logging_mixin.py:151} INFO - [2024-10-02T02:06:23.266+0000] {dag.py:2915} INFO - Sync 1 DAGs
[2024-10-02T02:06:23.286+0000] {logging_mixin.py:151} INFO - [2024-10-02T02:06:23.286+0000] {dag.py:2937} INFO - Creating ORM DAG for example_dag_decorator
[2024-10-02T02:06:23.293+0000] {logging_mixin.py:151} INFO - [2024-10-02T02:06:23.292+0000] {dag.py:3696} INFO - Setting next_dagrun for example_dag_decorator to None, run_after=None
[2024-10-02T02:06:23.334+0000] {processor.py:179} INFO - Processing /home/airflow/.local/lib/python3.8/site-packages/airflow/example_dags/example_dag_decorator.py took 0.629 seconds
[2024-10-02T02:06:53.710+0000] {processor.py:157} INFO - Started process (PID=108) to work on /home/airflow/.local/lib/python3.8/site-packages/airflow/example_dags/example_dag_decorator.py
[2024-10-02T02:06:53.720+0000] {processor.py:829} INFO - Processing file /home/airflow/.local/lib/python3.8/site-packages/airflow/example_dags/example_dag_decorator.py for tasks to queue
[2024-10-02T02:06:53.731+0000] {logging_mixin.py:151} INFO - [2024-10-02T02:06:53.730+0000] {dagbag.py:539} INFO - Filling up the DagBag from /home/airflow/.local/lib/python3.8/site-packages/airflow/example_dags/example_dag_decorator.py
[2024-10-02T02:06:53.858+0000] {processor.py:839} INFO - DAG(s) dict_keys(['example_dag_decorator']) retrieved from /home/airflow/.local/lib/python3.8/site-packages/airflow/example_dags/example_dag_decorator.py
[2024-10-02T02:06:53.998+0000] {logging_mixin.py:151} INFO - [2024-10-02T02:06:53.998+0000] {security.py:708} INFO - Not syncing DAG-level permissions for DAG 'DAG:example_dag_decorator' as access control is unset.
[2024-10-02T02:06:54.000+0000] {logging_mixin.py:151} INFO - [2024-10-02T02:06:54.000+0000] {dag.py:2915} INFO - Sync 1 DAGs
[2024-10-02T02:06:54.014+0000] {logging_mixin.py:151} INFO - [2024-10-02T02:06:54.014+0000] {dag.py:3696} INFO - Setting next_dagrun for example_dag_decorator to None, run_after=None
[2024-10-02T02:06:54.038+0000] {processor.py:179} INFO - Processing /home/airflow/.local/lib/python3.8/site-packages/airflow/example_dags/example_dag_decorator.py took 0.333 seconds
[2024-10-02T02:07:24.429+0000] {processor.py:157} INFO - Started process (PID=156) to work on /home/airflow/.local/lib/python3.8/site-packages/airflow/example_dags/example_dag_decorator.py
[2024-10-02T02:07:24.432+0000] {processor.py:829} INFO - Processing file /home/airflow/.local/lib/python3.8/site-packages/airflow/example_dags/example_dag_decorator.py for tasks to queue
[2024-10-02T02:07:24.436+0000] {logging_mixin.py:151} INFO - [2024-10-02T02:07:24.435+0000] {dagbag.py:539} INFO - Filling up the DagBag from /home/airflow/.local/lib/python3.8/site-packages/airflow/example_dags/example_dag_decorator.py
[2024-10-02T02:07:24.538+0000] {processor.py:839} INFO - DAG(s) dict_keys(['example_dag_decorator']) retrieved from /home/airflow/.local/lib/python3.8/site-packages/airflow/example_dags/example_dag_decorator.py
[2024-10-02T02:07:24.668+0000] {logging_mixin.py:151} INFO - [2024-10-02T02:07:24.668+0000] {security.py:708} INFO - Not syncing DAG-level permissions for DAG 'DAG:example_dag_decorator' as access control is unset.
[2024-10-02T02:07:24.670+0000] {logging_mixin.py:151} INFO - [2024-10-02T02:07:24.669+0000] {dag.py:2915} INFO - Sync 1 DAGs
[2024-10-02T02:07:24.683+0000] {logging_mixin.py:151} INFO - [2024-10-02T02:07:24.683+0000] {dag.py:3696} INFO - Setting next_dagrun for example_dag_decorator to None, run_after=None
[2024-10-02T02:07:24.707+0000] {processor.py:179} INFO - Processing /home/airflow/.local/lib/python3.8/site-packages/airflow/example_dags/example_dag_decorator.py took 0.281 seconds
[2024-10-02T02:07:55.241+0000] {processor.py:157} INFO - Started process (PID=204) to work on /home/airflow/.local/lib/python3.8/site-packages/airflow/example_dags/example_dag_decorator.py
[2024-10-02T02:07:55.244+0000] {processor.py:829} INFO - Processing file /home/airflow/.local/lib/python3.8/site-packages/airflow/example_dags/example_dag_decorator.py for tasks to queue
[2024-10-02T02:07:55.249+0000] {logging_mixin.py:151} INFO - [2024-10-02T02:07:55.248+0000] {dagbag.py:539} INFO - Filling up the DagBag from /home/airflow/.local/lib/python3.8/site-packages/airflow/example_dags/example_dag_decorator.py
[2024-10-02T02:07:55.345+0000] {processor.py:839} INFO - DAG(s) dict_keys(['example_dag_decorator']) retrieved from /home/airflow/.local/lib/python3.8/site-packages/airflow/example_dags/example_dag_decorator.py
[2024-10-02T02:07:55.485+0000] {logging_mixin.py:151} INFO - [2024-10-02T02:07:55.484+0000] {security.py:708} INFO - Not syncing DAG-level permissions for DAG 'DAG:example_dag_decorator' as access control is unset.
[2024-10-02T02:07:55.489+0000] {logging_mixin.py:151} INFO - [2024-10-02T02:07:55.489+0000] {dag.py:2915} INFO - Sync 1 DAGs
[2024-10-02T02:07:55.508+0000] {logging_mixin.py:151} INFO - [2024-10-02T02:07:55.508+0000] {dag.py:3696} INFO - Setting next_dagrun for example_dag_decorator to None, run_after=None
[2024-10-02T02:07:55.552+0000] {processor.py:179} INFO - Processing /home/airflow/.local/lib/python3.8/site-packages/airflow/example_dags/example_dag_decorator.py took 0.315 seconds
[2024-10-02T02:08:26.180+0000] {processor.py:157} INFO - Started process (PID=252) to work on /home/airflow/.local/lib/python3.8/site-packages/airflow/example_dags/example_dag_decorator.py
[2024-10-02T02:08:26.183+0000] {processor.py:829} INFO - Processing file /home/airflow/.local/lib/python3.8/site-packages/airflow/example_dags/example_dag_decorator.py for tasks to queue
[2024-10-02T02:08:26.188+0000] {logging_mixin.py:151} INFO - [2024-10-02T02:08:26.187+0000] {dagbag.py:539} INFO - Filling up the DagBag from /home/airflow/.local/lib/python3.8/site-packages/airflow/example_dags/example_dag_decorator.py
[2024-10-02T02:08:26.305+0000] {processor.py:839} INFO - DAG(s) dict_keys(['example_dag_decorator']) retrieved from /home/airflow/.local/lib/python3.8/site-packages/airflow/example_dags/example_dag_decorator.py
[2024-10-02T02:08:26.463+0000] {logging_mixin.py:151} INFO - [2024-10-02T02:08:26.462+0000] {security.py:708} INFO - Not syncing DAG-level permissions for DAG 'DAG:example_dag_decorator' as access control is unset.
[2024-10-02T02:08:26.465+0000] {logging_mixin.py:151} INFO - [2024-10-02T02:08:26.465+0000] {dag.py:2915} INFO - Sync 1 DAGs
[2024-10-02T02:08:26.478+0000] {logging_mixin.py:151} INFO - [2024-10-02T02:08:26.478+0000] {dag.py:3696} INFO - Setting next_dagrun for example_dag_decorator to None, run_after=None
[2024-10-02T02:08:26.528+0000] {processor.py:179} INFO - Processing /home/airflow/.local/lib/python3.8/site-packages/airflow/example_dags/example_dag_decorator.py took 0.353 seconds
[2024-10-02T02:08:56.630+0000] {processor.py:157} INFO - Started process (PID=300) to work on /home/airflow/.local/lib/python3.8/site-packages/airflow/example_dags/example_dag_decorator.py
[2024-10-02T02:08:56.634+0000] {processor.py:829} INFO - Processing file /home/airflow/.local/lib/python3.8/site-packages/airflow/example_dags/example_dag_decorator.py for tasks to queue
[2024-10-02T02:08:56.638+0000] {logging_mixin.py:151} INFO - [2024-10-02T02:08:56.637+0000] {dagbag.py:539} INFO - Filling up the DagBag from /home/airflow/.local/lib/python3.8/site-packages/airflow/example_dags/example_dag_decorator.py
[2024-10-02T02:08:56.739+0000] {processor.py:839} INFO - DAG(s) dict_keys(['example_dag_decorator']) retrieved from /home/airflow/.local/lib/python3.8/site-packages/airflow/example_dags/example_dag_decorator.py
[2024-10-02T02:08:56.774+0000] {logging_mixin.py:151} INFO - [2024-10-02T02:08:56.774+0000] {dag.py:2915} INFO - Sync 1 DAGs
[2024-10-02T02:08:56.791+0000] {logging_mixin.py:151} INFO - [2024-10-02T02:08:56.791+0000] {dag.py:3696} INFO - Setting next_dagrun for example_dag_decorator to None, run_after=None
[2024-10-02T02:08:56.815+0000] {processor.py:179} INFO - Processing /home/airflow/.local/lib/python3.8/site-packages/airflow/example_dags/example_dag_decorator.py took 0.189 seconds
[2024-10-02T02:09:27.376+0000] {processor.py:157} INFO - Started process (PID=348) to work on /home/airflow/.local/lib/python3.8/site-packages/airflow/example_dags/example_dag_decorator.py
[2024-10-02T02:09:27.380+0000] {processor.py:829} INFO - Processing file /home/airflow/.local/lib/python3.8/site-packages/airflow/example_dags/example_dag_decorator.py for tasks to queue
[2024-10-02T02:09:27.385+0000] {logging_mixin.py:151} INFO - [2024-10-02T02:09:27.384+0000] {dagbag.py:539} INFO - Filling up the DagBag from /home/airflow/.local/lib/python3.8/site-packages/airflow/example_dags/example_dag_decorator.py
[2024-10-02T02:09:27.532+0000] {processor.py:839} INFO - DAG(s) dict_keys(['example_dag_decorator']) retrieved from /home/airflow/.local/lib/python3.8/site-packages/airflow/example_dags/example_dag_decorator.py
[2024-10-02T02:09:27.697+0000] {logging_mixin.py:151} INFO - [2024-10-02T02:09:27.696+0000] {security.py:708} INFO - Not syncing DAG-level permissions for DAG 'DAG:example_dag_decorator' as access control is unset.
[2024-10-02T02:09:27.698+0000] {logging_mixin.py:151} INFO - [2024-10-02T02:09:27.698+0000] {dag.py:2915} INFO - Sync 1 DAGs
[2024-10-02T02:09:27.712+0000] {logging_mixin.py:151} INFO - [2024-10-02T02:09:27.712+0000] {dag.py:3696} INFO - Setting next_dagrun for example_dag_decorator to None, run_after=None
[2024-10-02T02:09:27.739+0000] {processor.py:179} INFO - Processing /home/airflow/.local/lib/python3.8/site-packages/airflow/example_dags/example_dag_decorator.py took 0.367 seconds
[2024-10-02T02:09:58.683+0000] {processor.py:157} INFO - Started process (PID=396) to work on /home/airflow/.local/lib/python3.8/site-packages/airflow/example_dags/example_dag_decorator.py
[2024-10-02T02:09:58.686+0000] {processor.py:829} INFO - Processing file /home/airflow/.local/lib/python3.8/site-packages/airflow/example_dags/example_dag_decorator.py for tasks to queue
[2024-10-02T02:09:58.692+0000] {logging_mixin.py:151} INFO - [2024-10-02T02:09:58.691+0000] {dagbag.py:539} INFO - Filling up the DagBag from /home/airflow/.local/lib/python3.8/site-packages/airflow/example_dags/example_dag_decorator.py
[2024-10-02T02:09:58.818+0000] {processor.py:839} INFO - DAG(s) dict_keys(['example_dag_decorator']) retrieved from /home/airflow/.local/lib/python3.8/site-packages/airflow/example_dags/example_dag_decorator.py
[2024-10-02T02:09:58.997+0000] {logging_mixin.py:151} INFO - [2024-10-02T02:09:58.996+0000] {security.py:708} INFO - Not syncing DAG-level permissions for DAG 'DAG:example_dag_decorator' as access control is unset.
[2024-10-02T02:09:58.998+0000] {logging_mixin.py:151} INFO - [2024-10-02T02:09:58.998+0000] {dag.py:2915} INFO - Sync 1 DAGs
[2024-10-02T02:09:59.011+0000] {logging_mixin.py:151} INFO - [2024-10-02T02:09:59.010+0000] {dag.py:3696} INFO - Setting next_dagrun for example_dag_decorator to None, run_after=None
[2024-10-02T02:09:59.035+0000] {processor.py:179} INFO - Processing /home/airflow/.local/lib/python3.8/site-packages/airflow/example_dags/example_dag_decorator.py took 0.357 seconds
[2024-10-02T02:10:29.245+0000] {processor.py:157} INFO - Started process (PID=444) to work on /home/airflow/.local/lib/python3.8/site-packages/airflow/example_dags/example_dag_decorator.py
[2024-10-02T02:10:29.247+0000] {processor.py:829} INFO - Processing file /home/airflow/.local/lib/python3.8/site-packages/airflow/example_dags/example_dag_decorator.py for tasks to queue
[2024-10-02T02:10:29.252+0000] {logging_mixin.py:151} INFO - [2024-10-02T02:10:29.252+0000] {dagbag.py:539} INFO - Filling up the DagBag from /home/airflow/.local/lib/python3.8/site-packages/airflow/example_dags/example_dag_decorator.py
[2024-10-02T02:10:29.347+0000] {processor.py:839} INFO - DAG(s) dict_keys(['example_dag_decorator']) retrieved from /home/airflow/.local/lib/python3.8/site-packages/airflow/example_dags/example_dag_decorator.py
[2024-10-02T02:10:29.529+0000] {logging_mixin.py:151} INFO - [2024-10-02T02:10:29.528+0000] {security.py:708} INFO - Not syncing DAG-level permissions for DAG 'DAG:example_dag_decorator' as access control is unset.
[2024-10-02T02:10:29.537+0000] {logging_mixin.py:151} INFO - [2024-10-02T02:10:29.537+0000] {dag.py:2915} INFO - Sync 1 DAGs
[2024-10-02T02:10:29.562+0000] {logging_mixin.py:151} INFO - [2024-10-02T02:10:29.561+0000] {dag.py:3696} INFO - Setting next_dagrun for example_dag_decorator to None, run_after=None
[2024-10-02T02:10:29.590+0000] {processor.py:179} INFO - Processing /home/airflow/.local/lib/python3.8/site-packages/airflow/example_dags/example_dag_decorator.py took 0.350 seconds
