[2024-10-02T01:32:10.035+0000] {processor.py:157} INFO - Started process (PID=42) to work on /home/airflow/.local/lib/python3.8/site-packages/airflow/example_dags/example_sensors.py
[2024-10-02T01:32:10.042+0000] {processor.py:829} INFO - Processing file /home/airflow/.local/lib/python3.8/site-packages/airflow/example_dags/example_sensors.py for tasks to queue
[2024-10-02T01:32:10.052+0000] {logging_mixin.py:151} INFO - [2024-10-02T01:32:10.051+0000] {dagbag.py:539} INFO - Filling up the DagBag from /home/airflow/.local/lib/python3.8/site-packages/airflow/example_dags/example_sensors.py
[2024-10-02T01:32:10.110+0000] {processor.py:839} INFO - DAG(s) dict_keys(['example_sensors']) retrieved from /home/airflow/.local/lib/python3.8/site-packages/airflow/example_dags/example_sensors.py
[2024-10-02T01:32:10.406+0000] {logging_mixin.py:151} INFO - [2024-10-02T01:32:10.405+0000] {manager.py:499} INFO - Created Permission View: %s
[2024-10-02T01:32:10.430+0000] {logging_mixin.py:151} INFO - [2024-10-02T01:32:10.430+0000] {manager.py:499} INFO - Created Permission View: %s
[2024-10-02T01:32:10.445+0000] {logging_mixin.py:151} INFO - [2024-10-02T01:32:10.445+0000] {manager.py:499} INFO - Created Permission View: %s
[2024-10-02T01:32:10.448+0000] {logging_mixin.py:151} INFO - [2024-10-02T01:32:10.448+0000] {security.py:708} INFO - Not syncing DAG-level permissions for DAG 'DAG:example_sensors' as access control is unset.
[2024-10-02T01:32:10.450+0000] {logging_mixin.py:151} INFO - [2024-10-02T01:32:10.450+0000] {dag.py:2915} INFO - Sync 1 DAGs
[2024-10-02T01:32:10.469+0000] {logging_mixin.py:151} INFO - [2024-10-02T01:32:10.469+0000] {dag.py:2937} INFO - Creating ORM DAG for example_sensors
[2024-10-02T01:32:10.471+0000] {logging_mixin.py:151} INFO - [2024-10-02T01:32:10.470+0000] {dag.py:3696} INFO - Setting next_dagrun for example_sensors to None, run_after=None
[2024-10-02T01:32:10.509+0000] {processor.py:179} INFO - Processing /home/airflow/.local/lib/python3.8/site-packages/airflow/example_dags/example_sensors.py took 0.494 seconds
[2024-10-02T01:32:40.561+0000] {processor.py:157} INFO - Started process (PID=90) to work on /home/airflow/.local/lib/python3.8/site-packages/airflow/example_dags/example_sensors.py
[2024-10-02T01:32:40.563+0000] {processor.py:829} INFO - Processing file /home/airflow/.local/lib/python3.8/site-packages/airflow/example_dags/example_sensors.py for tasks to queue
[2024-10-02T01:32:40.569+0000] {logging_mixin.py:151} INFO - [2024-10-02T01:32:40.568+0000] {dagbag.py:539} INFO - Filling up the DagBag from /home/airflow/.local/lib/python3.8/site-packages/airflow/example_dags/example_sensors.py
[2024-10-02T01:32:40.627+0000] {processor.py:839} INFO - DAG(s) dict_keys(['example_sensors']) retrieved from /home/airflow/.local/lib/python3.8/site-packages/airflow/example_dags/example_sensors.py
[2024-10-02T01:32:40.685+0000] {logging_mixin.py:151} INFO - [2024-10-02T01:32:40.684+0000] {dag.py:2915} INFO - Sync 1 DAGs
[2024-10-02T01:32:40.710+0000] {logging_mixin.py:151} INFO - [2024-10-02T01:32:40.710+0000] {dag.py:3696} INFO - Setting next_dagrun for example_sensors to None, run_after=None
[2024-10-02T01:32:40.743+0000] {processor.py:179} INFO - Processing /home/airflow/.local/lib/python3.8/site-packages/airflow/example_dags/example_sensors.py took 0.186 seconds
[2024-10-02T01:33:11.373+0000] {processor.py:157} INFO - Started process (PID=138) to work on /home/airflow/.local/lib/python3.8/site-packages/airflow/example_dags/example_sensors.py
[2024-10-02T01:33:11.376+0000] {processor.py:829} INFO - Processing file /home/airflow/.local/lib/python3.8/site-packages/airflow/example_dags/example_sensors.py for tasks to queue
[2024-10-02T01:33:11.380+0000] {logging_mixin.py:151} INFO - [2024-10-02T01:33:11.379+0000] {dagbag.py:539} INFO - Filling up the DagBag from /home/airflow/.local/lib/python3.8/site-packages/airflow/example_dags/example_sensors.py
[2024-10-02T01:33:11.396+0000] {processor.py:839} INFO - DAG(s) dict_keys(['example_sensors']) retrieved from /home/airflow/.local/lib/python3.8/site-packages/airflow/example_dags/example_sensors.py
[2024-10-02T01:33:11.428+0000] {logging_mixin.py:151} INFO - [2024-10-02T01:33:11.427+0000] {dag.py:2915} INFO - Sync 1 DAGs
[2024-10-02T01:33:11.444+0000] {logging_mixin.py:151} INFO - [2024-10-02T01:33:11.443+0000] {dag.py:3696} INFO - Setting next_dagrun for example_sensors to None, run_after=None
[2024-10-02T01:33:11.467+0000] {processor.py:179} INFO - Processing /home/airflow/.local/lib/python3.8/site-packages/airflow/example_dags/example_sensors.py took 0.098 seconds
[2024-10-02T01:33:41.902+0000] {processor.py:157} INFO - Started process (PID=186) to work on /home/airflow/.local/lib/python3.8/site-packages/airflow/example_dags/example_sensors.py
[2024-10-02T01:33:41.907+0000] {processor.py:829} INFO - Processing file /home/airflow/.local/lib/python3.8/site-packages/airflow/example_dags/example_sensors.py for tasks to queue
[2024-10-02T01:33:41.913+0000] {logging_mixin.py:151} INFO - [2024-10-02T01:33:41.912+0000] {dagbag.py:539} INFO - Filling up the DagBag from /home/airflow/.local/lib/python3.8/site-packages/airflow/example_dags/example_sensors.py
[2024-10-02T01:33:41.949+0000] {processor.py:839} INFO - DAG(s) dict_keys(['example_sensors']) retrieved from /home/airflow/.local/lib/python3.8/site-packages/airflow/example_dags/example_sensors.py
[2024-10-02T01:33:41.999+0000] {logging_mixin.py:151} INFO - [2024-10-02T01:33:41.998+0000] {dag.py:2915} INFO - Sync 1 DAGs
[2024-10-02T01:33:42.020+0000] {logging_mixin.py:151} INFO - [2024-10-02T01:33:42.019+0000] {dag.py:3696} INFO - Setting next_dagrun for example_sensors to None, run_after=None
[2024-10-02T01:33:42.059+0000] {processor.py:179} INFO - Processing /home/airflow/.local/lib/python3.8/site-packages/airflow/example_dags/example_sensors.py took 0.160 seconds
[2024-10-02T01:34:12.631+0000] {processor.py:157} INFO - Started process (PID=234) to work on /home/airflow/.local/lib/python3.8/site-packages/airflow/example_dags/example_sensors.py
[2024-10-02T01:34:12.635+0000] {processor.py:829} INFO - Processing file /home/airflow/.local/lib/python3.8/site-packages/airflow/example_dags/example_sensors.py for tasks to queue
[2024-10-02T01:34:12.643+0000] {logging_mixin.py:151} INFO - [2024-10-02T01:34:12.642+0000] {dagbag.py:539} INFO - Filling up the DagBag from /home/airflow/.local/lib/python3.8/site-packages/airflow/example_dags/example_sensors.py
[2024-10-02T01:34:12.666+0000] {processor.py:839} INFO - DAG(s) dict_keys(['example_sensors']) retrieved from /home/airflow/.local/lib/python3.8/site-packages/airflow/example_dags/example_sensors.py
[2024-10-02T01:34:12.717+0000] {logging_mixin.py:151} INFO - [2024-10-02T01:34:12.716+0000] {dag.py:2915} INFO - Sync 1 DAGs
[2024-10-02T01:34:12.742+0000] {logging_mixin.py:151} INFO - [2024-10-02T01:34:12.742+0000] {dag.py:3696} INFO - Setting next_dagrun for example_sensors to None, run_after=None
[2024-10-02T01:34:12.781+0000] {processor.py:179} INFO - Processing /home/airflow/.local/lib/python3.8/site-packages/airflow/example_dags/example_sensors.py took 0.155 seconds
[2024-10-02T01:34:43.354+0000] {processor.py:157} INFO - Started process (PID=282) to work on /home/airflow/.local/lib/python3.8/site-packages/airflow/example_dags/example_sensors.py
[2024-10-02T01:34:43.359+0000] {processor.py:829} INFO - Processing file /home/airflow/.local/lib/python3.8/site-packages/airflow/example_dags/example_sensors.py for tasks to queue
[2024-10-02T01:34:43.365+0000] {logging_mixin.py:151} INFO - [2024-10-02T01:34:43.365+0000] {dagbag.py:539} INFO - Filling up the DagBag from /home/airflow/.local/lib/python3.8/site-packages/airflow/example_dags/example_sensors.py
[2024-10-02T01:34:43.392+0000] {processor.py:839} INFO - DAG(s) dict_keys(['example_sensors']) retrieved from /home/airflow/.local/lib/python3.8/site-packages/airflow/example_dags/example_sensors.py
[2024-10-02T01:34:43.432+0000] {logging_mixin.py:151} INFO - [2024-10-02T01:34:43.431+0000] {dag.py:2915} INFO - Sync 1 DAGs
[2024-10-02T01:34:43.478+0000] {logging_mixin.py:151} INFO - [2024-10-02T01:34:43.477+0000] {dag.py:3696} INFO - Setting next_dagrun for example_sensors to None, run_after=None
[2024-10-02T01:34:43.512+0000] {processor.py:179} INFO - Processing /home/airflow/.local/lib/python3.8/site-packages/airflow/example_dags/example_sensors.py took 0.163 seconds
[2024-10-02T01:35:13.700+0000] {processor.py:157} INFO - Started process (PID=330) to work on /home/airflow/.local/lib/python3.8/site-packages/airflow/example_dags/example_sensors.py
[2024-10-02T01:35:13.704+0000] {processor.py:829} INFO - Processing file /home/airflow/.local/lib/python3.8/site-packages/airflow/example_dags/example_sensors.py for tasks to queue
[2024-10-02T01:35:13.710+0000] {logging_mixin.py:151} INFO - [2024-10-02T01:35:13.709+0000] {dagbag.py:539} INFO - Filling up the DagBag from /home/airflow/.local/lib/python3.8/site-packages/airflow/example_dags/example_sensors.py
[2024-10-02T01:35:13.755+0000] {processor.py:839} INFO - DAG(s) dict_keys(['example_sensors']) retrieved from /home/airflow/.local/lib/python3.8/site-packages/airflow/example_dags/example_sensors.py
[2024-10-02T01:35:13.805+0000] {logging_mixin.py:151} INFO - [2024-10-02T01:35:13.805+0000] {dag.py:2915} INFO - Sync 1 DAGs
[2024-10-02T01:35:13.836+0000] {logging_mixin.py:151} INFO - [2024-10-02T01:35:13.835+0000] {dag.py:3696} INFO - Setting next_dagrun for example_sensors to None, run_after=None
[2024-10-02T01:35:13.889+0000] {processor.py:179} INFO - Processing /home/airflow/.local/lib/python3.8/site-packages/airflow/example_dags/example_sensors.py took 0.197 seconds
[2024-10-02T01:35:44.270+0000] {processor.py:157} INFO - Started process (PID=378) to work on /home/airflow/.local/lib/python3.8/site-packages/airflow/example_dags/example_sensors.py
[2024-10-02T01:35:44.274+0000] {processor.py:829} INFO - Processing file /home/airflow/.local/lib/python3.8/site-packages/airflow/example_dags/example_sensors.py for tasks to queue
[2024-10-02T01:35:44.280+0000] {logging_mixin.py:151} INFO - [2024-10-02T01:35:44.279+0000] {dagbag.py:539} INFO - Filling up the DagBag from /home/airflow/.local/lib/python3.8/site-packages/airflow/example_dags/example_sensors.py
[2024-10-02T01:35:44.300+0000] {processor.py:839} INFO - DAG(s) dict_keys(['example_sensors']) retrieved from /home/airflow/.local/lib/python3.8/site-packages/airflow/example_dags/example_sensors.py
[2024-10-02T01:35:44.351+0000] {logging_mixin.py:151} INFO - [2024-10-02T01:35:44.350+0000] {dag.py:2915} INFO - Sync 1 DAGs
[2024-10-02T01:35:44.376+0000] {logging_mixin.py:151} INFO - [2024-10-02T01:35:44.375+0000] {dag.py:3696} INFO - Setting next_dagrun for example_sensors to None, run_after=None
[2024-10-02T01:35:44.406+0000] {processor.py:179} INFO - Processing /home/airflow/.local/lib/python3.8/site-packages/airflow/example_dags/example_sensors.py took 0.144 seconds
[2024-10-02T01:36:14.638+0000] {processor.py:157} INFO - Started process (PID=426) to work on /home/airflow/.local/lib/python3.8/site-packages/airflow/example_dags/example_sensors.py
[2024-10-02T01:36:14.641+0000] {processor.py:829} INFO - Processing file /home/airflow/.local/lib/python3.8/site-packages/airflow/example_dags/example_sensors.py for tasks to queue
[2024-10-02T01:36:14.646+0000] {logging_mixin.py:151} INFO - [2024-10-02T01:36:14.645+0000] {dagbag.py:539} INFO - Filling up the DagBag from /home/airflow/.local/lib/python3.8/site-packages/airflow/example_dags/example_sensors.py
[2024-10-02T01:36:14.664+0000] {processor.py:839} INFO - DAG(s) dict_keys(['example_sensors']) retrieved from /home/airflow/.local/lib/python3.8/site-packages/airflow/example_dags/example_sensors.py
[2024-10-02T01:36:14.710+0000] {logging_mixin.py:151} INFO - [2024-10-02T01:36:14.710+0000] {dag.py:2915} INFO - Sync 1 DAGs
[2024-10-02T01:36:14.732+0000] {logging_mixin.py:151} INFO - [2024-10-02T01:36:14.732+0000] {dag.py:3696} INFO - Setting next_dagrun for example_sensors to None, run_after=None
[2024-10-02T01:36:14.757+0000] {processor.py:179} INFO - Processing /home/airflow/.local/lib/python3.8/site-packages/airflow/example_dags/example_sensors.py took 0.123 seconds
[2024-10-02T01:36:45.053+0000] {processor.py:157} INFO - Started process (PID=474) to work on /home/airflow/.local/lib/python3.8/site-packages/airflow/example_dags/example_sensors.py
[2024-10-02T01:36:45.059+0000] {processor.py:829} INFO - Processing file /home/airflow/.local/lib/python3.8/site-packages/airflow/example_dags/example_sensors.py for tasks to queue
[2024-10-02T01:36:45.064+0000] {logging_mixin.py:151} INFO - [2024-10-02T01:36:45.063+0000] {dagbag.py:539} INFO - Filling up the DagBag from /home/airflow/.local/lib/python3.8/site-packages/airflow/example_dags/example_sensors.py
[2024-10-02T01:36:45.079+0000] {processor.py:839} INFO - DAG(s) dict_keys(['example_sensors']) retrieved from /home/airflow/.local/lib/python3.8/site-packages/airflow/example_dags/example_sensors.py
[2024-10-02T01:36:45.120+0000] {logging_mixin.py:151} INFO - [2024-10-02T01:36:45.120+0000] {dag.py:2915} INFO - Sync 1 DAGs
[2024-10-02T01:36:45.141+0000] {logging_mixin.py:151} INFO - [2024-10-02T01:36:45.141+0000] {dag.py:3696} INFO - Setting next_dagrun for example_sensors to None, run_after=None
[2024-10-02T01:36:45.169+0000] {processor.py:179} INFO - Processing /home/airflow/.local/lib/python3.8/site-packages/airflow/example_dags/example_sensors.py took 0.120 seconds
[2024-10-02T01:37:15.375+0000] {processor.py:157} INFO - Started process (PID=522) to work on /home/airflow/.local/lib/python3.8/site-packages/airflow/example_dags/example_sensors.py
[2024-10-02T01:37:15.380+0000] {processor.py:829} INFO - Processing file /home/airflow/.local/lib/python3.8/site-packages/airflow/example_dags/example_sensors.py for tasks to queue
[2024-10-02T01:37:15.389+0000] {logging_mixin.py:151} INFO - [2024-10-02T01:37:15.388+0000] {dagbag.py:539} INFO - Filling up the DagBag from /home/airflow/.local/lib/python3.8/site-packages/airflow/example_dags/example_sensors.py
[2024-10-02T01:37:15.415+0000] {processor.py:839} INFO - DAG(s) dict_keys(['example_sensors']) retrieved from /home/airflow/.local/lib/python3.8/site-packages/airflow/example_dags/example_sensors.py
[2024-10-02T01:37:15.459+0000] {logging_mixin.py:151} INFO - [2024-10-02T01:37:15.459+0000] {dag.py:2915} INFO - Sync 1 DAGs
[2024-10-02T01:37:15.478+0000] {logging_mixin.py:151} INFO - [2024-10-02T01:37:15.478+0000] {dag.py:3696} INFO - Setting next_dagrun for example_sensors to None, run_after=None
[2024-10-02T01:37:15.503+0000] {processor.py:179} INFO - Processing /home/airflow/.local/lib/python3.8/site-packages/airflow/example_dags/example_sensors.py took 0.133 seconds
[2024-10-02T01:37:46.695+0000] {processor.py:157} INFO - Started process (PID=570) to work on /home/airflow/.local/lib/python3.8/site-packages/airflow/example_dags/example_sensors.py
[2024-10-02T01:37:46.702+0000] {processor.py:829} INFO - Processing file /home/airflow/.local/lib/python3.8/site-packages/airflow/example_dags/example_sensors.py for tasks to queue
[2024-10-02T01:37:46.714+0000] {logging_mixin.py:151} INFO - [2024-10-02T01:37:46.713+0000] {dagbag.py:539} INFO - Filling up the DagBag from /home/airflow/.local/lib/python3.8/site-packages/airflow/example_dags/example_sensors.py
[2024-10-02T01:37:46.734+0000] {processor.py:839} INFO - DAG(s) dict_keys(['example_sensors']) retrieved from /home/airflow/.local/lib/python3.8/site-packages/airflow/example_dags/example_sensors.py
[2024-10-02T01:37:46.795+0000] {logging_mixin.py:151} INFO - [2024-10-02T01:37:46.795+0000] {dag.py:2915} INFO - Sync 1 DAGs
[2024-10-02T01:37:46.814+0000] {logging_mixin.py:151} INFO - [2024-10-02T01:37:46.814+0000] {dag.py:3696} INFO - Setting next_dagrun for example_sensors to None, run_after=None
[2024-10-02T01:37:46.852+0000] {processor.py:179} INFO - Processing /home/airflow/.local/lib/python3.8/site-packages/airflow/example_dags/example_sensors.py took 0.163 seconds
[2024-10-02T01:38:17.141+0000] {processor.py:157} INFO - Started process (PID=618) to work on /home/airflow/.local/lib/python3.8/site-packages/airflow/example_dags/example_sensors.py
[2024-10-02T01:38:17.144+0000] {processor.py:829} INFO - Processing file /home/airflow/.local/lib/python3.8/site-packages/airflow/example_dags/example_sensors.py for tasks to queue
[2024-10-02T01:38:17.155+0000] {logging_mixin.py:151} INFO - [2024-10-02T01:38:17.154+0000] {dagbag.py:539} INFO - Filling up the DagBag from /home/airflow/.local/lib/python3.8/site-packages/airflow/example_dags/example_sensors.py
[2024-10-02T01:38:17.175+0000] {processor.py:839} INFO - DAG(s) dict_keys(['example_sensors']) retrieved from /home/airflow/.local/lib/python3.8/site-packages/airflow/example_dags/example_sensors.py
[2024-10-02T01:38:17.267+0000] {logging_mixin.py:151} INFO - [2024-10-02T01:38:17.267+0000] {dag.py:2915} INFO - Sync 1 DAGs
[2024-10-02T01:38:17.291+0000] {logging_mixin.py:151} INFO - [2024-10-02T01:38:17.290+0000] {dag.py:3696} INFO - Setting next_dagrun for example_sensors to None, run_after=None
[2024-10-02T01:38:17.322+0000] {processor.py:179} INFO - Processing /home/airflow/.local/lib/python3.8/site-packages/airflow/example_dags/example_sensors.py took 0.187 seconds
[2024-10-02T01:38:47.508+0000] {processor.py:157} INFO - Started process (PID=666) to work on /home/airflow/.local/lib/python3.8/site-packages/airflow/example_dags/example_sensors.py
[2024-10-02T01:38:47.512+0000] {processor.py:829} INFO - Processing file /home/airflow/.local/lib/python3.8/site-packages/airflow/example_dags/example_sensors.py for tasks to queue
[2024-10-02T01:38:47.518+0000] {logging_mixin.py:151} INFO - [2024-10-02T01:38:47.516+0000] {dagbag.py:539} INFO - Filling up the DagBag from /home/airflow/.local/lib/python3.8/site-packages/airflow/example_dags/example_sensors.py
[2024-10-02T01:38:47.539+0000] {processor.py:839} INFO - DAG(s) dict_keys(['example_sensors']) retrieved from /home/airflow/.local/lib/python3.8/site-packages/airflow/example_dags/example_sensors.py
[2024-10-02T01:38:47.592+0000] {logging_mixin.py:151} INFO - [2024-10-02T01:38:47.592+0000] {dag.py:2915} INFO - Sync 1 DAGs
[2024-10-02T01:38:47.615+0000] {logging_mixin.py:151} INFO - [2024-10-02T01:38:47.615+0000] {dag.py:3696} INFO - Setting next_dagrun for example_sensors to None, run_after=None
[2024-10-02T01:38:47.648+0000] {processor.py:179} INFO - Processing /home/airflow/.local/lib/python3.8/site-packages/airflow/example_dags/example_sensors.py took 0.145 seconds
[2024-10-02T01:39:17.970+0000] {processor.py:157} INFO - Started process (PID=714) to work on /home/airflow/.local/lib/python3.8/site-packages/airflow/example_dags/example_sensors.py
[2024-10-02T01:39:17.974+0000] {processor.py:829} INFO - Processing file /home/airflow/.local/lib/python3.8/site-packages/airflow/example_dags/example_sensors.py for tasks to queue
[2024-10-02T01:39:17.981+0000] {logging_mixin.py:151} INFO - [2024-10-02T01:39:17.980+0000] {dagbag.py:539} INFO - Filling up the DagBag from /home/airflow/.local/lib/python3.8/site-packages/airflow/example_dags/example_sensors.py
[2024-10-02T01:39:17.998+0000] {processor.py:839} INFO - DAG(s) dict_keys(['example_sensors']) retrieved from /home/airflow/.local/lib/python3.8/site-packages/airflow/example_dags/example_sensors.py
[2024-10-02T01:39:18.041+0000] {logging_mixin.py:151} INFO - [2024-10-02T01:39:18.040+0000] {dag.py:2915} INFO - Sync 1 DAGs
[2024-10-02T01:39:18.062+0000] {logging_mixin.py:151} INFO - [2024-10-02T01:39:18.061+0000] {dag.py:3696} INFO - Setting next_dagrun for example_sensors to None, run_after=None
[2024-10-02T01:39:18.182+0000] {processor.py:179} INFO - Processing /home/airflow/.local/lib/python3.8/site-packages/airflow/example_dags/example_sensors.py took 0.216 seconds
[2024-10-02T01:45:28.015+0000] {processor.py:157} INFO - Started process (PID=42) to work on /home/airflow/.local/lib/python3.8/site-packages/airflow/example_dags/example_sensors.py
[2024-10-02T01:45:28.038+0000] {processor.py:829} INFO - Processing file /home/airflow/.local/lib/python3.8/site-packages/airflow/example_dags/example_sensors.py for tasks to queue
[2024-10-02T01:45:28.077+0000] {logging_mixin.py:151} INFO - [2024-10-02T01:45:28.076+0000] {dagbag.py:539} INFO - Filling up the DagBag from /home/airflow/.local/lib/python3.8/site-packages/airflow/example_dags/example_sensors.py
[2024-10-02T01:45:28.172+0000] {processor.py:839} INFO - DAG(s) dict_keys(['example_sensors']) retrieved from /home/airflow/.local/lib/python3.8/site-packages/airflow/example_dags/example_sensors.py
[2024-10-02T01:45:28.570+0000] {logging_mixin.py:151} INFO - [2024-10-02T01:45:28.568+0000] {manager.py:499} INFO - Created Permission View: %s
[2024-10-02T01:45:28.618+0000] {logging_mixin.py:151} INFO - [2024-10-02T01:45:28.618+0000] {manager.py:499} INFO - Created Permission View: %s
[2024-10-02T01:45:28.660+0000] {logging_mixin.py:151} INFO - [2024-10-02T01:45:28.659+0000] {manager.py:499} INFO - Created Permission View: %s
[2024-10-02T01:45:28.670+0000] {logging_mixin.py:151} INFO - [2024-10-02T01:45:28.670+0000] {security.py:708} INFO - Not syncing DAG-level permissions for DAG 'DAG:example_sensors' as access control is unset.
[2024-10-02T01:45:28.684+0000] {logging_mixin.py:151} INFO - [2024-10-02T01:45:28.683+0000] {dag.py:2915} INFO - Sync 1 DAGs
[2024-10-02T01:45:28.726+0000] {logging_mixin.py:151} INFO - [2024-10-02T01:45:28.726+0000] {dag.py:2937} INFO - Creating ORM DAG for example_sensors
[2024-10-02T01:45:28.733+0000] {logging_mixin.py:151} INFO - [2024-10-02T01:45:28.731+0000] {dag.py:3696} INFO - Setting next_dagrun for example_sensors to None, run_after=None
[2024-10-02T01:45:28.829+0000] {processor.py:179} INFO - Processing /home/airflow/.local/lib/python3.8/site-packages/airflow/example_dags/example_sensors.py took 0.850 seconds
[2024-10-02T01:45:59.214+0000] {processor.py:157} INFO - Started process (PID=90) to work on /home/airflow/.local/lib/python3.8/site-packages/airflow/example_dags/example_sensors.py
[2024-10-02T01:45:59.216+0000] {processor.py:829} INFO - Processing file /home/airflow/.local/lib/python3.8/site-packages/airflow/example_dags/example_sensors.py for tasks to queue
[2024-10-02T01:45:59.223+0000] {logging_mixin.py:151} INFO - [2024-10-02T01:45:59.221+0000] {dagbag.py:539} INFO - Filling up the DagBag from /home/airflow/.local/lib/python3.8/site-packages/airflow/example_dags/example_sensors.py
[2024-10-02T01:45:59.243+0000] {processor.py:839} INFO - DAG(s) dict_keys(['example_sensors']) retrieved from /home/airflow/.local/lib/python3.8/site-packages/airflow/example_dags/example_sensors.py
[2024-10-02T01:45:59.312+0000] {logging_mixin.py:151} INFO - [2024-10-02T01:45:59.304+0000] {dag.py:2915} INFO - Sync 1 DAGs
[2024-10-02T01:45:59.460+0000] {logging_mixin.py:151} INFO - [2024-10-02T01:45:59.460+0000] {dag.py:3696} INFO - Setting next_dagrun for example_sensors to None, run_after=None
[2024-10-02T01:45:59.522+0000] {processor.py:179} INFO - Processing /home/airflow/.local/lib/python3.8/site-packages/airflow/example_dags/example_sensors.py took 0.314 seconds
[2024-10-02T01:46:57.262+0000] {processor.py:157} INFO - Started process (PID=42) to work on /home/airflow/.local/lib/python3.8/site-packages/airflow/example_dags/example_sensors.py
[2024-10-02T01:46:57.280+0000] {processor.py:829} INFO - Processing file /home/airflow/.local/lib/python3.8/site-packages/airflow/example_dags/example_sensors.py for tasks to queue
[2024-10-02T01:46:57.297+0000] {logging_mixin.py:151} INFO - [2024-10-02T01:46:57.290+0000] {dagbag.py:539} INFO - Filling up the DagBag from /home/airflow/.local/lib/python3.8/site-packages/airflow/example_dags/example_sensors.py
[2024-10-02T01:46:57.333+0000] {processor.py:839} INFO - DAG(s) dict_keys(['example_sensors']) retrieved from /home/airflow/.local/lib/python3.8/site-packages/airflow/example_dags/example_sensors.py
[2024-10-02T01:46:57.366+0000] {logging_mixin.py:151} INFO - [2024-10-02T01:46:57.366+0000] {dag.py:2915} INFO - Sync 1 DAGs
[2024-10-02T01:46:57.394+0000] {logging_mixin.py:151} INFO - [2024-10-02T01:46:57.394+0000] {dag.py:3696} INFO - Setting next_dagrun for example_sensors to None, run_after=None
[2024-10-02T01:46:57.454+0000] {processor.py:179} INFO - Processing /home/airflow/.local/lib/python3.8/site-packages/airflow/example_dags/example_sensors.py took 0.206 seconds
[2024-10-02T01:47:27.666+0000] {processor.py:157} INFO - Started process (PID=90) to work on /home/airflow/.local/lib/python3.8/site-packages/airflow/example_dags/example_sensors.py
[2024-10-02T01:47:27.679+0000] {processor.py:829} INFO - Processing file /home/airflow/.local/lib/python3.8/site-packages/airflow/example_dags/example_sensors.py for tasks to queue
[2024-10-02T01:47:27.690+0000] {logging_mixin.py:151} INFO - [2024-10-02T01:47:27.689+0000] {dagbag.py:539} INFO - Filling up the DagBag from /home/airflow/.local/lib/python3.8/site-packages/airflow/example_dags/example_sensors.py
[2024-10-02T01:47:27.726+0000] {processor.py:839} INFO - DAG(s) dict_keys(['example_sensors']) retrieved from /home/airflow/.local/lib/python3.8/site-packages/airflow/example_dags/example_sensors.py
[2024-10-02T01:47:27.788+0000] {logging_mixin.py:151} INFO - [2024-10-02T01:47:27.788+0000] {dag.py:2915} INFO - Sync 1 DAGs
[2024-10-02T01:47:27.808+0000] {logging_mixin.py:151} INFO - [2024-10-02T01:47:27.808+0000] {dag.py:3696} INFO - Setting next_dagrun for example_sensors to None, run_after=None
[2024-10-02T01:47:27.850+0000] {processor.py:179} INFO - Processing /home/airflow/.local/lib/python3.8/site-packages/airflow/example_dags/example_sensors.py took 0.188 seconds
[2024-10-02T01:48:24.900+0000] {processor.py:157} INFO - Started process (PID=42) to work on /home/airflow/.local/lib/python3.8/site-packages/airflow/example_dags/example_sensors.py
[2024-10-02T01:48:24.909+0000] {processor.py:829} INFO - Processing file /home/airflow/.local/lib/python3.8/site-packages/airflow/example_dags/example_sensors.py for tasks to queue
[2024-10-02T01:48:24.919+0000] {logging_mixin.py:151} INFO - [2024-10-02T01:48:24.919+0000] {dagbag.py:539} INFO - Filling up the DagBag from /home/airflow/.local/lib/python3.8/site-packages/airflow/example_dags/example_sensors.py
[2024-10-02T01:48:24.982+0000] {processor.py:839} INFO - DAG(s) dict_keys(['example_sensors']) retrieved from /home/airflow/.local/lib/python3.8/site-packages/airflow/example_dags/example_sensors.py
[2024-10-02T01:48:25.046+0000] {logging_mixin.py:151} INFO - [2024-10-02T01:48:25.045+0000] {dag.py:2915} INFO - Sync 1 DAGs
[2024-10-02T01:48:25.122+0000] {logging_mixin.py:151} INFO - [2024-10-02T01:48:25.122+0000] {dag.py:3696} INFO - Setting next_dagrun for example_sensors to None, run_after=None
[2024-10-02T01:48:25.198+0000] {processor.py:179} INFO - Processing /home/airflow/.local/lib/python3.8/site-packages/airflow/example_dags/example_sensors.py took 0.309 seconds
[2024-10-02T01:48:55.678+0000] {processor.py:157} INFO - Started process (PID=90) to work on /home/airflow/.local/lib/python3.8/site-packages/airflow/example_dags/example_sensors.py
[2024-10-02T01:48:55.680+0000] {processor.py:829} INFO - Processing file /home/airflow/.local/lib/python3.8/site-packages/airflow/example_dags/example_sensors.py for tasks to queue
[2024-10-02T01:48:55.684+0000] {logging_mixin.py:151} INFO - [2024-10-02T01:48:55.683+0000] {dagbag.py:539} INFO - Filling up the DagBag from /home/airflow/.local/lib/python3.8/site-packages/airflow/example_dags/example_sensors.py
[2024-10-02T01:48:55.706+0000] {processor.py:839} INFO - DAG(s) dict_keys(['example_sensors']) retrieved from /home/airflow/.local/lib/python3.8/site-packages/airflow/example_dags/example_sensors.py
[2024-10-02T01:48:55.747+0000] {logging_mixin.py:151} INFO - [2024-10-02T01:48:55.747+0000] {dag.py:2915} INFO - Sync 1 DAGs
[2024-10-02T01:48:55.773+0000] {logging_mixin.py:151} INFO - [2024-10-02T01:48:55.772+0000] {dag.py:3696} INFO - Setting next_dagrun for example_sensors to None, run_after=None
[2024-10-02T01:48:55.798+0000] {processor.py:179} INFO - Processing /home/airflow/.local/lib/python3.8/site-packages/airflow/example_dags/example_sensors.py took 0.124 seconds
[2024-10-02T01:49:25.841+0000] {processor.py:157} INFO - Started process (PID=138) to work on /home/airflow/.local/lib/python3.8/site-packages/airflow/example_dags/example_sensors.py
[2024-10-02T01:49:25.844+0000] {processor.py:829} INFO - Processing file /home/airflow/.local/lib/python3.8/site-packages/airflow/example_dags/example_sensors.py for tasks to queue
[2024-10-02T01:49:25.848+0000] {logging_mixin.py:151} INFO - [2024-10-02T01:49:25.847+0000] {dagbag.py:539} INFO - Filling up the DagBag from /home/airflow/.local/lib/python3.8/site-packages/airflow/example_dags/example_sensors.py
[2024-10-02T01:49:25.873+0000] {processor.py:839} INFO - DAG(s) dict_keys(['example_sensors']) retrieved from /home/airflow/.local/lib/python3.8/site-packages/airflow/example_dags/example_sensors.py
[2024-10-02T01:49:25.917+0000] {logging_mixin.py:151} INFO - [2024-10-02T01:49:25.917+0000] {dag.py:2915} INFO - Sync 1 DAGs
[2024-10-02T01:49:25.932+0000] {logging_mixin.py:151} INFO - [2024-10-02T01:49:25.932+0000] {dag.py:3696} INFO - Setting next_dagrun for example_sensors to None, run_after=None
[2024-10-02T01:49:25.956+0000] {processor.py:179} INFO - Processing /home/airflow/.local/lib/python3.8/site-packages/airflow/example_dags/example_sensors.py took 0.120 seconds
[2024-10-02T01:49:56.495+0000] {processor.py:157} INFO - Started process (PID=186) to work on /home/airflow/.local/lib/python3.8/site-packages/airflow/example_dags/example_sensors.py
[2024-10-02T01:49:56.506+0000] {processor.py:829} INFO - Processing file /home/airflow/.local/lib/python3.8/site-packages/airflow/example_dags/example_sensors.py for tasks to queue
[2024-10-02T01:49:56.515+0000] {logging_mixin.py:151} INFO - [2024-10-02T01:49:56.514+0000] {dagbag.py:539} INFO - Filling up the DagBag from /home/airflow/.local/lib/python3.8/site-packages/airflow/example_dags/example_sensors.py
[2024-10-02T01:49:56.540+0000] {processor.py:839} INFO - DAG(s) dict_keys(['example_sensors']) retrieved from /home/airflow/.local/lib/python3.8/site-packages/airflow/example_dags/example_sensors.py
[2024-10-02T01:49:56.591+0000] {logging_mixin.py:151} INFO - [2024-10-02T01:49:56.591+0000] {dag.py:2915} INFO - Sync 1 DAGs
[2024-10-02T01:49:56.617+0000] {logging_mixin.py:151} INFO - [2024-10-02T01:49:56.617+0000] {dag.py:3696} INFO - Setting next_dagrun for example_sensors to None, run_after=None
[2024-10-02T01:49:56.646+0000] {processor.py:179} INFO - Processing /home/airflow/.local/lib/python3.8/site-packages/airflow/example_dags/example_sensors.py took 0.155 seconds
[2024-10-02T01:50:26.733+0000] {processor.py:157} INFO - Started process (PID=234) to work on /home/airflow/.local/lib/python3.8/site-packages/airflow/example_dags/example_sensors.py
[2024-10-02T01:50:26.737+0000] {processor.py:829} INFO - Processing file /home/airflow/.local/lib/python3.8/site-packages/airflow/example_dags/example_sensors.py for tasks to queue
[2024-10-02T01:50:26.741+0000] {logging_mixin.py:151} INFO - [2024-10-02T01:50:26.740+0000] {dagbag.py:539} INFO - Filling up the DagBag from /home/airflow/.local/lib/python3.8/site-packages/airflow/example_dags/example_sensors.py
[2024-10-02T01:50:26.758+0000] {processor.py:839} INFO - DAG(s) dict_keys(['example_sensors']) retrieved from /home/airflow/.local/lib/python3.8/site-packages/airflow/example_dags/example_sensors.py
[2024-10-02T01:50:26.798+0000] {logging_mixin.py:151} INFO - [2024-10-02T01:50:26.798+0000] {dag.py:2915} INFO - Sync 1 DAGs
[2024-10-02T01:50:26.813+0000] {logging_mixin.py:151} INFO - [2024-10-02T01:50:26.813+0000] {dag.py:3696} INFO - Setting next_dagrun for example_sensors to None, run_after=None
[2024-10-02T01:50:26.842+0000] {processor.py:179} INFO - Processing /home/airflow/.local/lib/python3.8/site-packages/airflow/example_dags/example_sensors.py took 0.114 seconds
[2024-10-02T01:50:56.998+0000] {processor.py:157} INFO - Started process (PID=282) to work on /home/airflow/.local/lib/python3.8/site-packages/airflow/example_dags/example_sensors.py
[2024-10-02T01:50:57.002+0000] {processor.py:829} INFO - Processing file /home/airflow/.local/lib/python3.8/site-packages/airflow/example_dags/example_sensors.py for tasks to queue
[2024-10-02T01:50:57.007+0000] {logging_mixin.py:151} INFO - [2024-10-02T01:50:57.006+0000] {dagbag.py:539} INFO - Filling up the DagBag from /home/airflow/.local/lib/python3.8/site-packages/airflow/example_dags/example_sensors.py
[2024-10-02T01:50:57.024+0000] {processor.py:839} INFO - DAG(s) dict_keys(['example_sensors']) retrieved from /home/airflow/.local/lib/python3.8/site-packages/airflow/example_dags/example_sensors.py
[2024-10-02T01:50:57.065+0000] {logging_mixin.py:151} INFO - [2024-10-02T01:50:57.065+0000] {dag.py:2915} INFO - Sync 1 DAGs
[2024-10-02T01:50:57.082+0000] {logging_mixin.py:151} INFO - [2024-10-02T01:50:57.081+0000] {dag.py:3696} INFO - Setting next_dagrun for example_sensors to None, run_after=None
[2024-10-02T01:50:57.108+0000] {processor.py:179} INFO - Processing /home/airflow/.local/lib/python3.8/site-packages/airflow/example_dags/example_sensors.py took 0.115 seconds
[2024-10-02T01:51:27.508+0000] {processor.py:157} INFO - Started process (PID=330) to work on /home/airflow/.local/lib/python3.8/site-packages/airflow/example_dags/example_sensors.py
[2024-10-02T01:51:27.510+0000] {processor.py:829} INFO - Processing file /home/airflow/.local/lib/python3.8/site-packages/airflow/example_dags/example_sensors.py for tasks to queue
[2024-10-02T01:51:27.514+0000] {logging_mixin.py:151} INFO - [2024-10-02T01:51:27.513+0000] {dagbag.py:539} INFO - Filling up the DagBag from /home/airflow/.local/lib/python3.8/site-packages/airflow/example_dags/example_sensors.py
[2024-10-02T01:51:27.530+0000] {processor.py:839} INFO - DAG(s) dict_keys(['example_sensors']) retrieved from /home/airflow/.local/lib/python3.8/site-packages/airflow/example_dags/example_sensors.py
[2024-10-02T01:51:27.571+0000] {logging_mixin.py:151} INFO - [2024-10-02T01:51:27.570+0000] {dag.py:2915} INFO - Sync 1 DAGs
[2024-10-02T01:51:27.588+0000] {logging_mixin.py:151} INFO - [2024-10-02T01:51:27.588+0000] {dag.py:3696} INFO - Setting next_dagrun for example_sensors to None, run_after=None
[2024-10-02T01:51:27.617+0000] {processor.py:179} INFO - Processing /home/airflow/.local/lib/python3.8/site-packages/airflow/example_dags/example_sensors.py took 0.114 seconds
[2024-10-02T01:51:57.785+0000] {processor.py:157} INFO - Started process (PID=378) to work on /home/airflow/.local/lib/python3.8/site-packages/airflow/example_dags/example_sensors.py
[2024-10-02T01:51:57.789+0000] {processor.py:829} INFO - Processing file /home/airflow/.local/lib/python3.8/site-packages/airflow/example_dags/example_sensors.py for tasks to queue
[2024-10-02T01:51:57.793+0000] {logging_mixin.py:151} INFO - [2024-10-02T01:51:57.792+0000] {dagbag.py:539} INFO - Filling up the DagBag from /home/airflow/.local/lib/python3.8/site-packages/airflow/example_dags/example_sensors.py
[2024-10-02T01:51:57.810+0000] {processor.py:839} INFO - DAG(s) dict_keys(['example_sensors']) retrieved from /home/airflow/.local/lib/python3.8/site-packages/airflow/example_dags/example_sensors.py
[2024-10-02T01:51:57.852+0000] {logging_mixin.py:151} INFO - [2024-10-02T01:51:57.852+0000] {dag.py:2915} INFO - Sync 1 DAGs
[2024-10-02T01:51:57.867+0000] {logging_mixin.py:151} INFO - [2024-10-02T01:51:57.867+0000] {dag.py:3696} INFO - Setting next_dagrun for example_sensors to None, run_after=None
[2024-10-02T01:51:57.897+0000] {processor.py:179} INFO - Processing /home/airflow/.local/lib/python3.8/site-packages/airflow/example_dags/example_sensors.py took 0.116 seconds
[2024-10-02T01:52:28.001+0000] {processor.py:157} INFO - Started process (PID=426) to work on /home/airflow/.local/lib/python3.8/site-packages/airflow/example_dags/example_sensors.py
[2024-10-02T01:52:28.016+0000] {processor.py:829} INFO - Processing file /home/airflow/.local/lib/python3.8/site-packages/airflow/example_dags/example_sensors.py for tasks to queue
[2024-10-02T01:52:28.026+0000] {logging_mixin.py:151} INFO - [2024-10-02T01:52:28.025+0000] {dagbag.py:539} INFO - Filling up the DagBag from /home/airflow/.local/lib/python3.8/site-packages/airflow/example_dags/example_sensors.py
[2024-10-02T01:52:28.049+0000] {processor.py:839} INFO - DAG(s) dict_keys(['example_sensors']) retrieved from /home/airflow/.local/lib/python3.8/site-packages/airflow/example_dags/example_sensors.py
[2024-10-02T01:52:28.102+0000] {logging_mixin.py:151} INFO - [2024-10-02T01:52:28.101+0000] {dag.py:2915} INFO - Sync 1 DAGs
[2024-10-02T01:52:28.122+0000] {logging_mixin.py:151} INFO - [2024-10-02T01:52:28.122+0000] {dag.py:3696} INFO - Setting next_dagrun for example_sensors to None, run_after=None
[2024-10-02T01:52:28.151+0000] {processor.py:179} INFO - Processing /home/airflow/.local/lib/python3.8/site-packages/airflow/example_dags/example_sensors.py took 0.153 seconds
[2024-10-02T01:52:58.808+0000] {processor.py:157} INFO - Started process (PID=474) to work on /home/airflow/.local/lib/python3.8/site-packages/airflow/example_dags/example_sensors.py
[2024-10-02T01:52:58.812+0000] {processor.py:829} INFO - Processing file /home/airflow/.local/lib/python3.8/site-packages/airflow/example_dags/example_sensors.py for tasks to queue
[2024-10-02T01:52:58.816+0000] {logging_mixin.py:151} INFO - [2024-10-02T01:52:58.815+0000] {dagbag.py:539} INFO - Filling up the DagBag from /home/airflow/.local/lib/python3.8/site-packages/airflow/example_dags/example_sensors.py
[2024-10-02T01:52:58.833+0000] {processor.py:839} INFO - DAG(s) dict_keys(['example_sensors']) retrieved from /home/airflow/.local/lib/python3.8/site-packages/airflow/example_dags/example_sensors.py
[2024-10-02T01:52:58.869+0000] {logging_mixin.py:151} INFO - [2024-10-02T01:52:58.868+0000] {dag.py:2915} INFO - Sync 1 DAGs
[2024-10-02T01:52:58.883+0000] {logging_mixin.py:151} INFO - [2024-10-02T01:52:58.883+0000] {dag.py:3696} INFO - Setting next_dagrun for example_sensors to None, run_after=None
[2024-10-02T01:52:58.911+0000] {processor.py:179} INFO - Processing /home/airflow/.local/lib/python3.8/site-packages/airflow/example_dags/example_sensors.py took 0.107 seconds
[2024-10-02T01:53:29.064+0000] {processor.py:157} INFO - Started process (PID=522) to work on /home/airflow/.local/lib/python3.8/site-packages/airflow/example_dags/example_sensors.py
[2024-10-02T01:53:29.067+0000] {processor.py:829} INFO - Processing file /home/airflow/.local/lib/python3.8/site-packages/airflow/example_dags/example_sensors.py for tasks to queue
[2024-10-02T01:53:29.071+0000] {logging_mixin.py:151} INFO - [2024-10-02T01:53:29.071+0000] {dagbag.py:539} INFO - Filling up the DagBag from /home/airflow/.local/lib/python3.8/site-packages/airflow/example_dags/example_sensors.py
[2024-10-02T01:53:29.087+0000] {processor.py:839} INFO - DAG(s) dict_keys(['example_sensors']) retrieved from /home/airflow/.local/lib/python3.8/site-packages/airflow/example_dags/example_sensors.py
[2024-10-02T01:53:29.124+0000] {logging_mixin.py:151} INFO - [2024-10-02T01:53:29.124+0000] {dag.py:2915} INFO - Sync 1 DAGs
[2024-10-02T01:53:29.142+0000] {logging_mixin.py:151} INFO - [2024-10-02T01:53:29.142+0000] {dag.py:3696} INFO - Setting next_dagrun for example_sensors to None, run_after=None
[2024-10-02T01:53:29.167+0000] {processor.py:179} INFO - Processing /home/airflow/.local/lib/python3.8/site-packages/airflow/example_dags/example_sensors.py took 0.109 seconds
[2024-10-02T01:53:59.904+0000] {processor.py:157} INFO - Started process (PID=570) to work on /home/airflow/.local/lib/python3.8/site-packages/airflow/example_dags/example_sensors.py
[2024-10-02T01:53:59.907+0000] {processor.py:829} INFO - Processing file /home/airflow/.local/lib/python3.8/site-packages/airflow/example_dags/example_sensors.py for tasks to queue
[2024-10-02T01:53:59.911+0000] {logging_mixin.py:151} INFO - [2024-10-02T01:53:59.911+0000] {dagbag.py:539} INFO - Filling up the DagBag from /home/airflow/.local/lib/python3.8/site-packages/airflow/example_dags/example_sensors.py
[2024-10-02T01:53:59.927+0000] {processor.py:839} INFO - DAG(s) dict_keys(['example_sensors']) retrieved from /home/airflow/.local/lib/python3.8/site-packages/airflow/example_dags/example_sensors.py
[2024-10-02T01:53:59.970+0000] {logging_mixin.py:151} INFO - [2024-10-02T01:53:59.970+0000] {dag.py:2915} INFO - Sync 1 DAGs
[2024-10-02T01:53:59.987+0000] {logging_mixin.py:151} INFO - [2024-10-02T01:53:59.987+0000] {dag.py:3696} INFO - Setting next_dagrun for example_sensors to None, run_after=None
[2024-10-02T01:54:00.013+0000] {processor.py:179} INFO - Processing /home/airflow/.local/lib/python3.8/site-packages/airflow/example_dags/example_sensors.py took 0.113 seconds
[2024-10-02T01:57:17.592+0000] {processor.py:157} INFO - Started process (PID=603) to work on /home/airflow/.local/lib/python3.8/site-packages/airflow/example_dags/example_sensors.py
[2024-10-02T01:57:17.597+0000] {processor.py:829} INFO - Processing file /home/airflow/.local/lib/python3.8/site-packages/airflow/example_dags/example_sensors.py for tasks to queue
[2024-10-02T01:57:17.600+0000] {logging_mixin.py:151} INFO - [2024-10-02T01:57:17.600+0000] {dagbag.py:539} INFO - Filling up the DagBag from /home/airflow/.local/lib/python3.8/site-packages/airflow/example_dags/example_sensors.py
[2024-10-02T01:57:17.619+0000] {processor.py:839} INFO - DAG(s) dict_keys(['example_sensors']) retrieved from /home/airflow/.local/lib/python3.8/site-packages/airflow/example_dags/example_sensors.py
[2024-10-02T01:57:17.666+0000] {logging_mixin.py:151} INFO - [2024-10-02T01:57:17.665+0000] {dag.py:2915} INFO - Sync 1 DAGs
[2024-10-02T01:57:17.681+0000] {logging_mixin.py:151} INFO - [2024-10-02T01:57:17.681+0000] {dag.py:3696} INFO - Setting next_dagrun for example_sensors to None, run_after=None
[2024-10-02T01:57:17.706+0000] {processor.py:179} INFO - Processing /home/airflow/.local/lib/python3.8/site-packages/airflow/example_dags/example_sensors.py took 0.119 seconds
[2024-10-02T01:57:48.483+0000] {processor.py:157} INFO - Started process (PID=651) to work on /home/airflow/.local/lib/python3.8/site-packages/airflow/example_dags/example_sensors.py
[2024-10-02T01:57:48.488+0000] {processor.py:829} INFO - Processing file /home/airflow/.local/lib/python3.8/site-packages/airflow/example_dags/example_sensors.py for tasks to queue
[2024-10-02T01:57:48.493+0000] {logging_mixin.py:151} INFO - [2024-10-02T01:57:48.492+0000] {dagbag.py:539} INFO - Filling up the DagBag from /home/airflow/.local/lib/python3.8/site-packages/airflow/example_dags/example_sensors.py
[2024-10-02T01:57:48.513+0000] {processor.py:839} INFO - DAG(s) dict_keys(['example_sensors']) retrieved from /home/airflow/.local/lib/python3.8/site-packages/airflow/example_dags/example_sensors.py
[2024-10-02T01:57:48.561+0000] {logging_mixin.py:151} INFO - [2024-10-02T01:57:48.561+0000] {dag.py:2915} INFO - Sync 1 DAGs
[2024-10-02T01:57:48.580+0000] {logging_mixin.py:151} INFO - [2024-10-02T01:57:48.579+0000] {dag.py:3696} INFO - Setting next_dagrun for example_sensors to None, run_after=None
[2024-10-02T01:57:48.610+0000] {processor.py:179} INFO - Processing /home/airflow/.local/lib/python3.8/site-packages/airflow/example_dags/example_sensors.py took 0.130 seconds
[2024-10-02T01:58:19.261+0000] {processor.py:157} INFO - Started process (PID=699) to work on /home/airflow/.local/lib/python3.8/site-packages/airflow/example_dags/example_sensors.py
[2024-10-02T01:58:19.266+0000] {processor.py:829} INFO - Processing file /home/airflow/.local/lib/python3.8/site-packages/airflow/example_dags/example_sensors.py for tasks to queue
[2024-10-02T01:58:19.271+0000] {logging_mixin.py:151} INFO - [2024-10-02T01:58:19.271+0000] {dagbag.py:539} INFO - Filling up the DagBag from /home/airflow/.local/lib/python3.8/site-packages/airflow/example_dags/example_sensors.py
[2024-10-02T01:58:19.290+0000] {processor.py:839} INFO - DAG(s) dict_keys(['example_sensors']) retrieved from /home/airflow/.local/lib/python3.8/site-packages/airflow/example_dags/example_sensors.py
[2024-10-02T01:58:19.337+0000] {logging_mixin.py:151} INFO - [2024-10-02T01:58:19.337+0000] {dag.py:2915} INFO - Sync 1 DAGs
[2024-10-02T01:58:19.358+0000] {logging_mixin.py:151} INFO - [2024-10-02T01:58:19.357+0000] {dag.py:3696} INFO - Setting next_dagrun for example_sensors to None, run_after=None
[2024-10-02T01:58:19.386+0000] {processor.py:179} INFO - Processing /home/airflow/.local/lib/python3.8/site-packages/airflow/example_dags/example_sensors.py took 0.129 seconds
[2024-10-02T01:58:50.167+0000] {processor.py:157} INFO - Started process (PID=747) to work on /home/airflow/.local/lib/python3.8/site-packages/airflow/example_dags/example_sensors.py
[2024-10-02T01:58:50.170+0000] {processor.py:829} INFO - Processing file /home/airflow/.local/lib/python3.8/site-packages/airflow/example_dags/example_sensors.py for tasks to queue
[2024-10-02T01:58:50.175+0000] {logging_mixin.py:151} INFO - [2024-10-02T01:58:50.174+0000] {dagbag.py:539} INFO - Filling up the DagBag from /home/airflow/.local/lib/python3.8/site-packages/airflow/example_dags/example_sensors.py
[2024-10-02T01:58:50.191+0000] {processor.py:839} INFO - DAG(s) dict_keys(['example_sensors']) retrieved from /home/airflow/.local/lib/python3.8/site-packages/airflow/example_dags/example_sensors.py
[2024-10-02T01:58:50.235+0000] {logging_mixin.py:151} INFO - [2024-10-02T01:58:50.235+0000] {dag.py:2915} INFO - Sync 1 DAGs
[2024-10-02T01:58:50.251+0000] {logging_mixin.py:151} INFO - [2024-10-02T01:58:50.251+0000] {dag.py:3696} INFO - Setting next_dagrun for example_sensors to None, run_after=None
[2024-10-02T01:58:50.278+0000] {processor.py:179} INFO - Processing /home/airflow/.local/lib/python3.8/site-packages/airflow/example_dags/example_sensors.py took 0.116 seconds
[2024-10-02T01:59:21.140+0000] {processor.py:157} INFO - Started process (PID=795) to work on /home/airflow/.local/lib/python3.8/site-packages/airflow/example_dags/example_sensors.py
[2024-10-02T01:59:21.145+0000] {processor.py:829} INFO - Processing file /home/airflow/.local/lib/python3.8/site-packages/airflow/example_dags/example_sensors.py for tasks to queue
[2024-10-02T01:59:21.162+0000] {logging_mixin.py:151} INFO - [2024-10-02T01:59:21.161+0000] {dagbag.py:539} INFO - Filling up the DagBag from /home/airflow/.local/lib/python3.8/site-packages/airflow/example_dags/example_sensors.py
[2024-10-02T01:59:21.181+0000] {processor.py:839} INFO - DAG(s) dict_keys(['example_sensors']) retrieved from /home/airflow/.local/lib/python3.8/site-packages/airflow/example_dags/example_sensors.py
[2024-10-02T01:59:21.231+0000] {logging_mixin.py:151} INFO - [2024-10-02T01:59:21.230+0000] {dag.py:2915} INFO - Sync 1 DAGs
[2024-10-02T01:59:21.253+0000] {logging_mixin.py:151} INFO - [2024-10-02T01:59:21.252+0000] {dag.py:3696} INFO - Setting next_dagrun for example_sensors to None, run_after=None
[2024-10-02T01:59:21.323+0000] {processor.py:179} INFO - Processing /home/airflow/.local/lib/python3.8/site-packages/airflow/example_dags/example_sensors.py took 0.188 seconds
[2024-10-02T01:59:51.886+0000] {processor.py:157} INFO - Started process (PID=843) to work on /home/airflow/.local/lib/python3.8/site-packages/airflow/example_dags/example_sensors.py
[2024-10-02T01:59:51.888+0000] {processor.py:829} INFO - Processing file /home/airflow/.local/lib/python3.8/site-packages/airflow/example_dags/example_sensors.py for tasks to queue
[2024-10-02T01:59:51.892+0000] {logging_mixin.py:151} INFO - [2024-10-02T01:59:51.892+0000] {dagbag.py:539} INFO - Filling up the DagBag from /home/airflow/.local/lib/python3.8/site-packages/airflow/example_dags/example_sensors.py
[2024-10-02T01:59:51.908+0000] {processor.py:839} INFO - DAG(s) dict_keys(['example_sensors']) retrieved from /home/airflow/.local/lib/python3.8/site-packages/airflow/example_dags/example_sensors.py
[2024-10-02T01:59:51.941+0000] {logging_mixin.py:151} INFO - [2024-10-02T01:59:51.940+0000] {dag.py:2915} INFO - Sync 1 DAGs
[2024-10-02T01:59:51.958+0000] {logging_mixin.py:151} INFO - [2024-10-02T01:59:51.958+0000] {dag.py:3696} INFO - Setting next_dagrun for example_sensors to None, run_after=None
[2024-10-02T01:59:51.998+0000] {processor.py:179} INFO - Processing /home/airflow/.local/lib/python3.8/site-packages/airflow/example_dags/example_sensors.py took 0.116 seconds
[2024-10-02T02:00:22.836+0000] {processor.py:157} INFO - Started process (PID=891) to work on /home/airflow/.local/lib/python3.8/site-packages/airflow/example_dags/example_sensors.py
[2024-10-02T02:00:22.840+0000] {processor.py:829} INFO - Processing file /home/airflow/.local/lib/python3.8/site-packages/airflow/example_dags/example_sensors.py for tasks to queue
[2024-10-02T02:00:22.844+0000] {logging_mixin.py:151} INFO - [2024-10-02T02:00:22.844+0000] {dagbag.py:539} INFO - Filling up the DagBag from /home/airflow/.local/lib/python3.8/site-packages/airflow/example_dags/example_sensors.py
[2024-10-02T02:00:22.877+0000] {processor.py:839} INFO - DAG(s) dict_keys(['example_sensors']) retrieved from /home/airflow/.local/lib/python3.8/site-packages/airflow/example_dags/example_sensors.py
[2024-10-02T02:00:22.918+0000] {logging_mixin.py:151} INFO - [2024-10-02T02:00:22.918+0000] {dag.py:2915} INFO - Sync 1 DAGs
[2024-10-02T02:00:22.935+0000] {logging_mixin.py:151} INFO - [2024-10-02T02:00:22.935+0000] {dag.py:3696} INFO - Setting next_dagrun for example_sensors to None, run_after=None
[2024-10-02T02:00:22.966+0000] {processor.py:179} INFO - Processing /home/airflow/.local/lib/python3.8/site-packages/airflow/example_dags/example_sensors.py took 0.135 seconds
[2024-10-02T02:00:53.273+0000] {processor.py:157} INFO - Started process (PID=939) to work on /home/airflow/.local/lib/python3.8/site-packages/airflow/example_dags/example_sensors.py
[2024-10-02T02:00:53.275+0000] {processor.py:829} INFO - Processing file /home/airflow/.local/lib/python3.8/site-packages/airflow/example_dags/example_sensors.py for tasks to queue
[2024-10-02T02:00:53.288+0000] {logging_mixin.py:151} INFO - [2024-10-02T02:00:53.287+0000] {dagbag.py:539} INFO - Filling up the DagBag from /home/airflow/.local/lib/python3.8/site-packages/airflow/example_dags/example_sensors.py
[2024-10-02T02:00:53.307+0000] {processor.py:839} INFO - DAG(s) dict_keys(['example_sensors']) retrieved from /home/airflow/.local/lib/python3.8/site-packages/airflow/example_dags/example_sensors.py
[2024-10-02T02:00:53.343+0000] {logging_mixin.py:151} INFO - [2024-10-02T02:00:53.343+0000] {dag.py:2915} INFO - Sync 1 DAGs
[2024-10-02T02:00:53.358+0000] {logging_mixin.py:151} INFO - [2024-10-02T02:00:53.358+0000] {dag.py:3696} INFO - Setting next_dagrun for example_sensors to None, run_after=None
[2024-10-02T02:00:53.382+0000] {processor.py:179} INFO - Processing /home/airflow/.local/lib/python3.8/site-packages/airflow/example_dags/example_sensors.py took 0.113 seconds
[2024-10-02T02:01:23.738+0000] {processor.py:157} INFO - Started process (PID=987) to work on /home/airflow/.local/lib/python3.8/site-packages/airflow/example_dags/example_sensors.py
[2024-10-02T02:01:23.742+0000] {processor.py:829} INFO - Processing file /home/airflow/.local/lib/python3.8/site-packages/airflow/example_dags/example_sensors.py for tasks to queue
[2024-10-02T02:01:23.748+0000] {logging_mixin.py:151} INFO - [2024-10-02T02:01:23.748+0000] {dagbag.py:539} INFO - Filling up the DagBag from /home/airflow/.local/lib/python3.8/site-packages/airflow/example_dags/example_sensors.py
[2024-10-02T02:01:23.767+0000] {processor.py:839} INFO - DAG(s) dict_keys(['example_sensors']) retrieved from /home/airflow/.local/lib/python3.8/site-packages/airflow/example_dags/example_sensors.py
[2024-10-02T02:01:23.804+0000] {logging_mixin.py:151} INFO - [2024-10-02T02:01:23.803+0000] {dag.py:2915} INFO - Sync 1 DAGs
[2024-10-02T02:01:23.820+0000] {logging_mixin.py:151} INFO - [2024-10-02T02:01:23.819+0000] {dag.py:3696} INFO - Setting next_dagrun for example_sensors to None, run_after=None
[2024-10-02T02:01:23.851+0000] {processor.py:179} INFO - Processing /home/airflow/.local/lib/python3.8/site-packages/airflow/example_dags/example_sensors.py took 0.121 seconds
[2024-10-02T02:03:17.198+0000] {processor.py:157} INFO - Started process (PID=42) to work on /home/airflow/.local/lib/python3.8/site-packages/airflow/example_dags/example_sensors.py
[2024-10-02T02:03:17.203+0000] {processor.py:829} INFO - Processing file /home/airflow/.local/lib/python3.8/site-packages/airflow/example_dags/example_sensors.py for tasks to queue
[2024-10-02T02:03:17.209+0000] {logging_mixin.py:151} INFO - [2024-10-02T02:03:17.208+0000] {dagbag.py:539} INFO - Filling up the DagBag from /home/airflow/.local/lib/python3.8/site-packages/airflow/example_dags/example_sensors.py
[2024-10-02T02:03:17.245+0000] {processor.py:839} INFO - DAG(s) dict_keys(['example_sensors']) retrieved from /home/airflow/.local/lib/python3.8/site-packages/airflow/example_dags/example_sensors.py
[2024-10-02T02:03:17.520+0000] {logging_mixin.py:151} INFO - [2024-10-02T02:03:17.519+0000] {manager.py:499} INFO - Created Permission View: %s
[2024-10-02T02:03:17.577+0000] {logging_mixin.py:151} INFO - [2024-10-02T02:03:17.577+0000] {manager.py:499} INFO - Created Permission View: %s
[2024-10-02T02:03:17.595+0000] {logging_mixin.py:151} INFO - [2024-10-02T02:03:17.594+0000] {manager.py:499} INFO - Created Permission View: %s
[2024-10-02T02:03:17.601+0000] {logging_mixin.py:151} INFO - [2024-10-02T02:03:17.601+0000] {security.py:708} INFO - Not syncing DAG-level permissions for DAG 'DAG:example_sensors' as access control is unset.
[2024-10-02T02:03:17.611+0000] {logging_mixin.py:151} INFO - [2024-10-02T02:03:17.610+0000] {dag.py:2915} INFO - Sync 1 DAGs
[2024-10-02T02:03:17.718+0000] {logging_mixin.py:151} INFO - [2024-10-02T02:03:17.718+0000] {dag.py:2937} INFO - Creating ORM DAG for example_sensors
[2024-10-02T02:03:17.726+0000] {logging_mixin.py:151} INFO - [2024-10-02T02:03:17.725+0000] {dag.py:3696} INFO - Setting next_dagrun for example_sensors to None, run_after=None
[2024-10-02T02:03:17.790+0000] {processor.py:179} INFO - Processing /home/airflow/.local/lib/python3.8/site-packages/airflow/example_dags/example_sensors.py took 0.603 seconds
[2024-10-02T02:06:13.523+0000] {processor.py:157} INFO - Started process (PID=42) to work on /home/airflow/.local/lib/python3.8/site-packages/airflow/example_dags/example_sensors.py
[2024-10-02T02:06:13.611+0000] {processor.py:829} INFO - Processing file /home/airflow/.local/lib/python3.8/site-packages/airflow/example_dags/example_sensors.py for tasks to queue
[2024-10-02T02:06:13.639+0000] {logging_mixin.py:151} INFO - [2024-10-02T02:06:13.639+0000] {dagbag.py:539} INFO - Filling up the DagBag from /home/airflow/.local/lib/python3.8/site-packages/airflow/example_dags/example_sensors.py
[2024-10-02T02:06:13.782+0000] {processor.py:839} INFO - DAG(s) dict_keys(['example_sensors']) retrieved from /home/airflow/.local/lib/python3.8/site-packages/airflow/example_dags/example_sensors.py
[2024-10-02T02:06:15.011+0000] {logging_mixin.py:151} INFO - [2024-10-02T02:06:15.011+0000] {manager.py:499} INFO - Created Permission View: %s
[2024-10-02T02:06:15.085+0000] {logging_mixin.py:151} INFO - [2024-10-02T02:06:15.085+0000] {manager.py:499} INFO - Created Permission View: %s
[2024-10-02T02:06:15.112+0000] {logging_mixin.py:151} INFO - [2024-10-02T02:06:15.112+0000] {manager.py:499} INFO - Created Permission View: %s
[2024-10-02T02:06:15.117+0000] {logging_mixin.py:151} INFO - [2024-10-02T02:06:15.116+0000] {security.py:708} INFO - Not syncing DAG-level permissions for DAG 'DAG:example_sensors' as access control is unset.
[2024-10-02T02:06:15.128+0000] {logging_mixin.py:151} INFO - [2024-10-02T02:06:15.127+0000] {dag.py:2915} INFO - Sync 1 DAGs
[2024-10-02T02:06:15.156+0000] {logging_mixin.py:151} INFO - [2024-10-02T02:06:15.155+0000] {dag.py:2937} INFO - Creating ORM DAG for example_sensors
[2024-10-02T02:06:15.160+0000] {logging_mixin.py:151} INFO - [2024-10-02T02:06:15.159+0000] {dag.py:3696} INFO - Setting next_dagrun for example_sensors to None, run_after=None
[2024-10-02T02:06:15.263+0000] {processor.py:179} INFO - Processing /home/airflow/.local/lib/python3.8/site-packages/airflow/example_dags/example_sensors.py took 1.846 seconds
[2024-10-02T02:06:45.411+0000] {processor.py:157} INFO - Started process (PID=90) to work on /home/airflow/.local/lib/python3.8/site-packages/airflow/example_dags/example_sensors.py
[2024-10-02T02:06:45.414+0000] {processor.py:829} INFO - Processing file /home/airflow/.local/lib/python3.8/site-packages/airflow/example_dags/example_sensors.py for tasks to queue
[2024-10-02T02:06:45.417+0000] {logging_mixin.py:151} INFO - [2024-10-02T02:06:45.416+0000] {dagbag.py:539} INFO - Filling up the DagBag from /home/airflow/.local/lib/python3.8/site-packages/airflow/example_dags/example_sensors.py
[2024-10-02T02:06:45.434+0000] {processor.py:839} INFO - DAG(s) dict_keys(['example_sensors']) retrieved from /home/airflow/.local/lib/python3.8/site-packages/airflow/example_dags/example_sensors.py
[2024-10-02T02:06:45.467+0000] {logging_mixin.py:151} INFO - [2024-10-02T02:06:45.466+0000] {dag.py:2915} INFO - Sync 1 DAGs
[2024-10-02T02:06:45.483+0000] {logging_mixin.py:151} INFO - [2024-10-02T02:06:45.483+0000] {dag.py:3696} INFO - Setting next_dagrun for example_sensors to None, run_after=None
[2024-10-02T02:06:45.505+0000] {processor.py:179} INFO - Processing /home/airflow/.local/lib/python3.8/site-packages/airflow/example_dags/example_sensors.py took 0.098 seconds
[2024-10-02T02:07:15.864+0000] {processor.py:157} INFO - Started process (PID=138) to work on /home/airflow/.local/lib/python3.8/site-packages/airflow/example_dags/example_sensors.py
[2024-10-02T02:07:15.872+0000] {processor.py:829} INFO - Processing file /home/airflow/.local/lib/python3.8/site-packages/airflow/example_dags/example_sensors.py for tasks to queue
[2024-10-02T02:07:15.876+0000] {logging_mixin.py:151} INFO - [2024-10-02T02:07:15.876+0000] {dagbag.py:539} INFO - Filling up the DagBag from /home/airflow/.local/lib/python3.8/site-packages/airflow/example_dags/example_sensors.py
[2024-10-02T02:07:15.909+0000] {processor.py:839} INFO - DAG(s) dict_keys(['example_sensors']) retrieved from /home/airflow/.local/lib/python3.8/site-packages/airflow/example_dags/example_sensors.py
[2024-10-02T02:07:15.956+0000] {logging_mixin.py:151} INFO - [2024-10-02T02:07:15.955+0000] {dag.py:2915} INFO - Sync 1 DAGs
[2024-10-02T02:07:15.973+0000] {logging_mixin.py:151} INFO - [2024-10-02T02:07:15.973+0000] {dag.py:3696} INFO - Setting next_dagrun for example_sensors to None, run_after=None
[2024-10-02T02:07:16.017+0000] {processor.py:179} INFO - Processing /home/airflow/.local/lib/python3.8/site-packages/airflow/example_dags/example_sensors.py took 0.161 seconds
[2024-10-02T02:07:46.102+0000] {processor.py:157} INFO - Started process (PID=186) to work on /home/airflow/.local/lib/python3.8/site-packages/airflow/example_dags/example_sensors.py
[2024-10-02T02:07:46.105+0000] {processor.py:829} INFO - Processing file /home/airflow/.local/lib/python3.8/site-packages/airflow/example_dags/example_sensors.py for tasks to queue
[2024-10-02T02:07:46.110+0000] {logging_mixin.py:151} INFO - [2024-10-02T02:07:46.110+0000] {dagbag.py:539} INFO - Filling up the DagBag from /home/airflow/.local/lib/python3.8/site-packages/airflow/example_dags/example_sensors.py
[2024-10-02T02:07:46.130+0000] {processor.py:839} INFO - DAG(s) dict_keys(['example_sensors']) retrieved from /home/airflow/.local/lib/python3.8/site-packages/airflow/example_dags/example_sensors.py
[2024-10-02T02:07:46.174+0000] {logging_mixin.py:151} INFO - [2024-10-02T02:07:46.173+0000] {dag.py:2915} INFO - Sync 1 DAGs
[2024-10-02T02:07:46.203+0000] {logging_mixin.py:151} INFO - [2024-10-02T02:07:46.202+0000] {dag.py:3696} INFO - Setting next_dagrun for example_sensors to None, run_after=None
[2024-10-02T02:07:46.240+0000] {processor.py:179} INFO - Processing /home/airflow/.local/lib/python3.8/site-packages/airflow/example_dags/example_sensors.py took 0.145 seconds
[2024-10-02T02:08:16.813+0000] {processor.py:157} INFO - Started process (PID=234) to work on /home/airflow/.local/lib/python3.8/site-packages/airflow/example_dags/example_sensors.py
[2024-10-02T02:08:16.822+0000] {processor.py:829} INFO - Processing file /home/airflow/.local/lib/python3.8/site-packages/airflow/example_dags/example_sensors.py for tasks to queue
[2024-10-02T02:08:16.833+0000] {logging_mixin.py:151} INFO - [2024-10-02T02:08:16.832+0000] {dagbag.py:539} INFO - Filling up the DagBag from /home/airflow/.local/lib/python3.8/site-packages/airflow/example_dags/example_sensors.py
[2024-10-02T02:08:16.910+0000] {processor.py:839} INFO - DAG(s) dict_keys(['example_sensors']) retrieved from /home/airflow/.local/lib/python3.8/site-packages/airflow/example_dags/example_sensors.py
[2024-10-02T02:08:16.998+0000] {logging_mixin.py:151} INFO - [2024-10-02T02:08:16.997+0000] {dag.py:2915} INFO - Sync 1 DAGs
[2024-10-02T02:08:17.020+0000] {logging_mixin.py:151} INFO - [2024-10-02T02:08:17.020+0000] {dag.py:3696} INFO - Setting next_dagrun for example_sensors to None, run_after=None
[2024-10-02T02:08:17.062+0000] {processor.py:179} INFO - Processing /home/airflow/.local/lib/python3.8/site-packages/airflow/example_dags/example_sensors.py took 0.261 seconds
[2024-10-02T02:08:47.421+0000] {processor.py:157} INFO - Started process (PID=282) to work on /home/airflow/.local/lib/python3.8/site-packages/airflow/example_dags/example_sensors.py
[2024-10-02T02:08:47.423+0000] {processor.py:829} INFO - Processing file /home/airflow/.local/lib/python3.8/site-packages/airflow/example_dags/example_sensors.py for tasks to queue
[2024-10-02T02:08:47.427+0000] {logging_mixin.py:151} INFO - [2024-10-02T02:08:47.426+0000] {dagbag.py:539} INFO - Filling up the DagBag from /home/airflow/.local/lib/python3.8/site-packages/airflow/example_dags/example_sensors.py
[2024-10-02T02:08:47.441+0000] {processor.py:839} INFO - DAG(s) dict_keys(['example_sensors']) retrieved from /home/airflow/.local/lib/python3.8/site-packages/airflow/example_dags/example_sensors.py
[2024-10-02T02:08:47.477+0000] {logging_mixin.py:151} INFO - [2024-10-02T02:08:47.477+0000] {dag.py:2915} INFO - Sync 1 DAGs
[2024-10-02T02:08:47.495+0000] {logging_mixin.py:151} INFO - [2024-10-02T02:08:47.495+0000] {dag.py:3696} INFO - Setting next_dagrun for example_sensors to None, run_after=None
[2024-10-02T02:08:47.521+0000] {processor.py:179} INFO - Processing /home/airflow/.local/lib/python3.8/site-packages/airflow/example_dags/example_sensors.py took 0.103 seconds
[2024-10-02T02:09:18.128+0000] {processor.py:157} INFO - Started process (PID=330) to work on /home/airflow/.local/lib/python3.8/site-packages/airflow/example_dags/example_sensors.py
[2024-10-02T02:09:18.133+0000] {processor.py:829} INFO - Processing file /home/airflow/.local/lib/python3.8/site-packages/airflow/example_dags/example_sensors.py for tasks to queue
[2024-10-02T02:09:18.137+0000] {logging_mixin.py:151} INFO - [2024-10-02T02:09:18.137+0000] {dagbag.py:539} INFO - Filling up the DagBag from /home/airflow/.local/lib/python3.8/site-packages/airflow/example_dags/example_sensors.py
[2024-10-02T02:09:18.154+0000] {processor.py:839} INFO - DAG(s) dict_keys(['example_sensors']) retrieved from /home/airflow/.local/lib/python3.8/site-packages/airflow/example_dags/example_sensors.py
[2024-10-02T02:09:18.200+0000] {logging_mixin.py:151} INFO - [2024-10-02T02:09:18.199+0000] {dag.py:2915} INFO - Sync 1 DAGs
[2024-10-02T02:09:18.229+0000] {logging_mixin.py:151} INFO - [2024-10-02T02:09:18.226+0000] {dag.py:3696} INFO - Setting next_dagrun for example_sensors to None, run_after=None
[2024-10-02T02:09:18.264+0000] {processor.py:179} INFO - Processing /home/airflow/.local/lib/python3.8/site-packages/airflow/example_dags/example_sensors.py took 0.139 seconds
[2024-10-02T02:09:48.388+0000] {processor.py:157} INFO - Started process (PID=378) to work on /home/airflow/.local/lib/python3.8/site-packages/airflow/example_dags/example_sensors.py
[2024-10-02T02:09:48.392+0000] {processor.py:829} INFO - Processing file /home/airflow/.local/lib/python3.8/site-packages/airflow/example_dags/example_sensors.py for tasks to queue
[2024-10-02T02:09:48.401+0000] {logging_mixin.py:151} INFO - [2024-10-02T02:09:48.399+0000] {dagbag.py:539} INFO - Filling up the DagBag from /home/airflow/.local/lib/python3.8/site-packages/airflow/example_dags/example_sensors.py
[2024-10-02T02:09:48.427+0000] {processor.py:839} INFO - DAG(s) dict_keys(['example_sensors']) retrieved from /home/airflow/.local/lib/python3.8/site-packages/airflow/example_dags/example_sensors.py
[2024-10-02T02:09:48.489+0000] {logging_mixin.py:151} INFO - [2024-10-02T02:09:48.489+0000] {dag.py:2915} INFO - Sync 1 DAGs
[2024-10-02T02:09:48.509+0000] {logging_mixin.py:151} INFO - [2024-10-02T02:09:48.509+0000] {dag.py:3696} INFO - Setting next_dagrun for example_sensors to None, run_after=None
[2024-10-02T02:09:48.543+0000] {processor.py:179} INFO - Processing /home/airflow/.local/lib/python3.8/site-packages/airflow/example_dags/example_sensors.py took 0.159 seconds
[2024-10-02T02:10:18.824+0000] {processor.py:157} INFO - Started process (PID=426) to work on /home/airflow/.local/lib/python3.8/site-packages/airflow/example_dags/example_sensors.py
[2024-10-02T02:10:18.829+0000] {processor.py:829} INFO - Processing file /home/airflow/.local/lib/python3.8/site-packages/airflow/example_dags/example_sensors.py for tasks to queue
[2024-10-02T02:10:18.833+0000] {logging_mixin.py:151} INFO - [2024-10-02T02:10:18.833+0000] {dagbag.py:539} INFO - Filling up the DagBag from /home/airflow/.local/lib/python3.8/site-packages/airflow/example_dags/example_sensors.py
[2024-10-02T02:10:18.854+0000] {processor.py:839} INFO - DAG(s) dict_keys(['example_sensors']) retrieved from /home/airflow/.local/lib/python3.8/site-packages/airflow/example_dags/example_sensors.py
[2024-10-02T02:10:18.896+0000] {logging_mixin.py:151} INFO - [2024-10-02T02:10:18.895+0000] {dag.py:2915} INFO - Sync 1 DAGs
[2024-10-02T02:10:18.914+0000] {logging_mixin.py:151} INFO - [2024-10-02T02:10:18.914+0000] {dag.py:3696} INFO - Setting next_dagrun for example_sensors to None, run_after=None
[2024-10-02T02:10:18.939+0000] {processor.py:179} INFO - Processing /home/airflow/.local/lib/python3.8/site-packages/airflow/example_dags/example_sensors.py took 0.127 seconds
