[2024-10-02T01:32:18.311+0000] {processor.py:157} INFO - Started process (PID=71) to work on /home/airflow/.local/lib/python3.8/site-packages/airflow/example_dags/example_task_group_decorator.py
[2024-10-02T01:32:18.314+0000] {processor.py:829} INFO - Processing file /home/airflow/.local/lib/python3.8/site-packages/airflow/example_dags/example_task_group_decorator.py for tasks to queue
[2024-10-02T01:32:18.317+0000] {logging_mixin.py:151} INFO - [2024-10-02T01:32:18.317+0000] {dagbag.py:539} INFO - Filling up the DagBag from /home/airflow/.local/lib/python3.8/site-packages/airflow/example_dags/example_task_group_decorator.py
[2024-10-02T01:32:18.346+0000] {processor.py:839} INFO - DAG(s) dict_keys(['example_task_group_decorator']) retrieved from /home/airflow/.local/lib/python3.8/site-packages/airflow/example_dags/example_task_group_decorator.py
[2024-10-02T01:32:18.544+0000] {logging_mixin.py:151} INFO - [2024-10-02T01:32:18.543+0000] {manager.py:499} INFO - Created Permission View: %s
[2024-10-02T01:32:18.559+0000] {logging_mixin.py:151} INFO - [2024-10-02T01:32:18.559+0000] {manager.py:499} INFO - Created Permission View: %s
[2024-10-02T01:32:18.566+0000] {logging_mixin.py:151} INFO - [2024-10-02T01:32:18.566+0000] {manager.py:499} INFO - Created Permission View: %s
[2024-10-02T01:32:18.567+0000] {logging_mixin.py:151} INFO - [2024-10-02T01:32:18.567+0000] {security.py:708} INFO - Not syncing DAG-level permissions for DAG 'DAG:example_task_group_decorator' as access control is unset.
[2024-10-02T01:32:18.568+0000] {logging_mixin.py:151} INFO - [2024-10-02T01:32:18.568+0000] {dag.py:2915} INFO - Sync 1 DAGs
[2024-10-02T01:32:18.578+0000] {logging_mixin.py:151} INFO - [2024-10-02T01:32:18.578+0000] {dag.py:2937} INFO - Creating ORM DAG for example_task_group_decorator
[2024-10-02T01:32:18.592+0000] {logging_mixin.py:151} INFO - [2024-10-02T01:32:18.592+0000] {dag.py:3696} INFO - Setting next_dagrun for example_task_group_decorator to 2024-10-01T01:32:18.590460+00:00, run_after=2024-10-02T01:32:18.590460+00:00
[2024-10-02T01:32:18.615+0000] {processor.py:179} INFO - Processing /home/airflow/.local/lib/python3.8/site-packages/airflow/example_dags/example_task_group_decorator.py took 0.308 seconds
[2024-10-02T01:32:49.291+0000] {processor.py:157} INFO - Started process (PID=119) to work on /home/airflow/.local/lib/python3.8/site-packages/airflow/example_dags/example_task_group_decorator.py
[2024-10-02T01:32:49.294+0000] {processor.py:829} INFO - Processing file /home/airflow/.local/lib/python3.8/site-packages/airflow/example_dags/example_task_group_decorator.py for tasks to queue
[2024-10-02T01:32:49.297+0000] {logging_mixin.py:151} INFO - [2024-10-02T01:32:49.296+0000] {dagbag.py:539} INFO - Filling up the DagBag from /home/airflow/.local/lib/python3.8/site-packages/airflow/example_dags/example_task_group_decorator.py
[2024-10-02T01:32:49.316+0000] {processor.py:839} INFO - DAG(s) dict_keys(['example_task_group_decorator']) retrieved from /home/airflow/.local/lib/python3.8/site-packages/airflow/example_dags/example_task_group_decorator.py
[2024-10-02T01:32:49.385+0000] {logging_mixin.py:151} INFO - [2024-10-02T01:32:49.383+0000] {dag.py:2915} INFO - Sync 1 DAGs
[2024-10-02T01:32:49.451+0000] {logging_mixin.py:151} INFO - [2024-10-02T01:32:49.451+0000] {dag.py:3696} INFO - Setting next_dagrun for example_task_group_decorator to 2024-10-01T01:32:49.450127+00:00, run_after=2024-10-02T01:32:49.450127+00:00
[2024-10-02T01:32:49.511+0000] {processor.py:179} INFO - Processing /home/airflow/.local/lib/python3.8/site-packages/airflow/example_dags/example_task_group_decorator.py took 0.223 seconds
[2024-10-02T01:33:19.659+0000] {processor.py:157} INFO - Started process (PID=166) to work on /home/airflow/.local/lib/python3.8/site-packages/airflow/example_dags/example_task_group_decorator.py
[2024-10-02T01:33:19.661+0000] {processor.py:829} INFO - Processing file /home/airflow/.local/lib/python3.8/site-packages/airflow/example_dags/example_task_group_decorator.py for tasks to queue
[2024-10-02T01:33:19.665+0000] {logging_mixin.py:151} INFO - [2024-10-02T01:33:19.665+0000] {dagbag.py:539} INFO - Filling up the DagBag from /home/airflow/.local/lib/python3.8/site-packages/airflow/example_dags/example_task_group_decorator.py
[2024-10-02T01:33:19.690+0000] {processor.py:839} INFO - DAG(s) dict_keys(['example_task_group_decorator']) retrieved from /home/airflow/.local/lib/python3.8/site-packages/airflow/example_dags/example_task_group_decorator.py
[2024-10-02T01:33:19.723+0000] {logging_mixin.py:151} INFO - [2024-10-02T01:33:19.723+0000] {dag.py:2915} INFO - Sync 1 DAGs
[2024-10-02T01:33:19.746+0000] {logging_mixin.py:151} INFO - [2024-10-02T01:33:19.746+0000] {dag.py:3696} INFO - Setting next_dagrun for example_task_group_decorator to 2024-10-01T01:33:19.745478+00:00, run_after=2024-10-02T01:33:19.745478+00:00
[2024-10-02T01:33:19.770+0000] {processor.py:179} INFO - Processing /home/airflow/.local/lib/python3.8/site-packages/airflow/example_dags/example_task_group_decorator.py took 0.114 seconds
[2024-10-02T01:33:50.629+0000] {processor.py:157} INFO - Started process (PID=215) to work on /home/airflow/.local/lib/python3.8/site-packages/airflow/example_dags/example_task_group_decorator.py
[2024-10-02T01:33:50.635+0000] {processor.py:829} INFO - Processing file /home/airflow/.local/lib/python3.8/site-packages/airflow/example_dags/example_task_group_decorator.py for tasks to queue
[2024-10-02T01:33:50.642+0000] {logging_mixin.py:151} INFO - [2024-10-02T01:33:50.641+0000] {dagbag.py:539} INFO - Filling up the DagBag from /home/airflow/.local/lib/python3.8/site-packages/airflow/example_dags/example_task_group_decorator.py
[2024-10-02T01:33:50.668+0000] {processor.py:839} INFO - DAG(s) dict_keys(['example_task_group_decorator']) retrieved from /home/airflow/.local/lib/python3.8/site-packages/airflow/example_dags/example_task_group_decorator.py
[2024-10-02T01:33:50.742+0000] {logging_mixin.py:151} INFO - [2024-10-02T01:33:50.741+0000] {dag.py:2915} INFO - Sync 1 DAGs
[2024-10-02T01:33:50.791+0000] {logging_mixin.py:151} INFO - [2024-10-02T01:33:50.790+0000] {dag.py:3696} INFO - Setting next_dagrun for example_task_group_decorator to 2024-10-01T01:33:50.789758+00:00, run_after=2024-10-02T01:33:50.789758+00:00
[2024-10-02T01:33:50.847+0000] {processor.py:179} INFO - Processing /home/airflow/.local/lib/python3.8/site-packages/airflow/example_dags/example_task_group_decorator.py took 0.223 seconds
[2024-10-02T01:34:21.543+0000] {processor.py:157} INFO - Started process (PID=263) to work on /home/airflow/.local/lib/python3.8/site-packages/airflow/example_dags/example_task_group_decorator.py
[2024-10-02T01:34:21.549+0000] {processor.py:829} INFO - Processing file /home/airflow/.local/lib/python3.8/site-packages/airflow/example_dags/example_task_group_decorator.py for tasks to queue
[2024-10-02T01:34:21.560+0000] {logging_mixin.py:151} INFO - [2024-10-02T01:34:21.559+0000] {dagbag.py:539} INFO - Filling up the DagBag from /home/airflow/.local/lib/python3.8/site-packages/airflow/example_dags/example_task_group_decorator.py
[2024-10-02T01:34:21.619+0000] {processor.py:839} INFO - DAG(s) dict_keys(['example_task_group_decorator']) retrieved from /home/airflow/.local/lib/python3.8/site-packages/airflow/example_dags/example_task_group_decorator.py
[2024-10-02T01:34:21.687+0000] {logging_mixin.py:151} INFO - [2024-10-02T01:34:21.687+0000] {dag.py:2915} INFO - Sync 1 DAGs
[2024-10-02T01:34:21.733+0000] {logging_mixin.py:151} INFO - [2024-10-02T01:34:21.732+0000] {dag.py:3696} INFO - Setting next_dagrun for example_task_group_decorator to 2024-10-01T01:34:21.730992+00:00, run_after=2024-10-02T01:34:21.730992+00:00
[2024-10-02T01:34:21.792+0000] {processor.py:179} INFO - Processing /home/airflow/.local/lib/python3.8/site-packages/airflow/example_dags/example_task_group_decorator.py took 0.257 seconds
[2024-10-02T01:34:52.909+0000] {processor.py:157} INFO - Started process (PID=311) to work on /home/airflow/.local/lib/python3.8/site-packages/airflow/example_dags/example_task_group_decorator.py
[2024-10-02T01:34:52.912+0000] {processor.py:829} INFO - Processing file /home/airflow/.local/lib/python3.8/site-packages/airflow/example_dags/example_task_group_decorator.py for tasks to queue
[2024-10-02T01:34:52.920+0000] {logging_mixin.py:151} INFO - [2024-10-02T01:34:52.919+0000] {dagbag.py:539} INFO - Filling up the DagBag from /home/airflow/.local/lib/python3.8/site-packages/airflow/example_dags/example_task_group_decorator.py
[2024-10-02T01:34:52.962+0000] {processor.py:839} INFO - DAG(s) dict_keys(['example_task_group_decorator']) retrieved from /home/airflow/.local/lib/python3.8/site-packages/airflow/example_dags/example_task_group_decorator.py
[2024-10-02T01:34:53.004+0000] {logging_mixin.py:151} INFO - [2024-10-02T01:34:53.004+0000] {dag.py:2915} INFO - Sync 1 DAGs
[2024-10-02T01:34:53.041+0000] {logging_mixin.py:151} INFO - [2024-10-02T01:34:53.040+0000] {dag.py:3696} INFO - Setting next_dagrun for example_task_group_decorator to 2024-10-01T01:34:53.039659+00:00, run_after=2024-10-02T01:34:53.039659+00:00
[2024-10-02T01:34:53.070+0000] {processor.py:179} INFO - Processing /home/airflow/.local/lib/python3.8/site-packages/airflow/example_dags/example_task_group_decorator.py took 0.167 seconds
[2024-10-02T01:35:23.356+0000] {processor.py:157} INFO - Started process (PID=358) to work on /home/airflow/.local/lib/python3.8/site-packages/airflow/example_dags/example_task_group_decorator.py
[2024-10-02T01:35:23.359+0000] {processor.py:829} INFO - Processing file /home/airflow/.local/lib/python3.8/site-packages/airflow/example_dags/example_task_group_decorator.py for tasks to queue
[2024-10-02T01:35:23.365+0000] {logging_mixin.py:151} INFO - [2024-10-02T01:35:23.364+0000] {dagbag.py:539} INFO - Filling up the DagBag from /home/airflow/.local/lib/python3.8/site-packages/airflow/example_dags/example_task_group_decorator.py
[2024-10-02T01:35:23.410+0000] {processor.py:839} INFO - DAG(s) dict_keys(['example_task_group_decorator']) retrieved from /home/airflow/.local/lib/python3.8/site-packages/airflow/example_dags/example_task_group_decorator.py
[2024-10-02T01:35:23.473+0000] {logging_mixin.py:151} INFO - [2024-10-02T01:35:23.473+0000] {dag.py:2915} INFO - Sync 1 DAGs
[2024-10-02T01:35:23.535+0000] {logging_mixin.py:151} INFO - [2024-10-02T01:35:23.535+0000] {dag.py:3696} INFO - Setting next_dagrun for example_task_group_decorator to 2024-10-01T01:35:23.532888+00:00, run_after=2024-10-02T01:35:23.532888+00:00
[2024-10-02T01:35:23.571+0000] {processor.py:179} INFO - Processing /home/airflow/.local/lib/python3.8/site-packages/airflow/example_dags/example_task_group_decorator.py took 0.223 seconds
[2024-10-02T01:35:54.243+0000] {processor.py:157} INFO - Started process (PID=407) to work on /home/airflow/.local/lib/python3.8/site-packages/airflow/example_dags/example_task_group_decorator.py
[2024-10-02T01:35:54.245+0000] {processor.py:829} INFO - Processing file /home/airflow/.local/lib/python3.8/site-packages/airflow/example_dags/example_task_group_decorator.py for tasks to queue
[2024-10-02T01:35:54.248+0000] {logging_mixin.py:151} INFO - [2024-10-02T01:35:54.248+0000] {dagbag.py:539} INFO - Filling up the DagBag from /home/airflow/.local/lib/python3.8/site-packages/airflow/example_dags/example_task_group_decorator.py
[2024-10-02T01:35:54.274+0000] {processor.py:839} INFO - DAG(s) dict_keys(['example_task_group_decorator']) retrieved from /home/airflow/.local/lib/python3.8/site-packages/airflow/example_dags/example_task_group_decorator.py
[2024-10-02T01:35:54.329+0000] {logging_mixin.py:151} INFO - [2024-10-02T01:35:54.328+0000] {dag.py:2915} INFO - Sync 1 DAGs
[2024-10-02T01:35:54.357+0000] {logging_mixin.py:151} INFO - [2024-10-02T01:35:54.357+0000] {dag.py:3696} INFO - Setting next_dagrun for example_task_group_decorator to 2024-10-01T01:35:54.356670+00:00, run_after=2024-10-02T01:35:54.356670+00:00
[2024-10-02T01:35:54.397+0000] {processor.py:179} INFO - Processing /home/airflow/.local/lib/python3.8/site-packages/airflow/example_dags/example_task_group_decorator.py took 0.157 seconds
[2024-10-02T01:36:25.150+0000] {processor.py:157} INFO - Started process (PID=455) to work on /home/airflow/.local/lib/python3.8/site-packages/airflow/example_dags/example_task_group_decorator.py
[2024-10-02T01:36:25.155+0000] {processor.py:829} INFO - Processing file /home/airflow/.local/lib/python3.8/site-packages/airflow/example_dags/example_task_group_decorator.py for tasks to queue
[2024-10-02T01:36:25.160+0000] {logging_mixin.py:151} INFO - [2024-10-02T01:36:25.159+0000] {dagbag.py:539} INFO - Filling up the DagBag from /home/airflow/.local/lib/python3.8/site-packages/airflow/example_dags/example_task_group_decorator.py
[2024-10-02T01:36:25.189+0000] {processor.py:839} INFO - DAG(s) dict_keys(['example_task_group_decorator']) retrieved from /home/airflow/.local/lib/python3.8/site-packages/airflow/example_dags/example_task_group_decorator.py
[2024-10-02T01:36:25.238+0000] {logging_mixin.py:151} INFO - [2024-10-02T01:36:25.237+0000] {dag.py:2915} INFO - Sync 1 DAGs
[2024-10-02T01:36:25.285+0000] {logging_mixin.py:151} INFO - [2024-10-02T01:36:25.284+0000] {dag.py:3696} INFO - Setting next_dagrun for example_task_group_decorator to 2024-10-01T01:36:25.282650+00:00, run_after=2024-10-02T01:36:25.282650+00:00
[2024-10-02T01:36:25.340+0000] {processor.py:179} INFO - Processing /home/airflow/.local/lib/python3.8/site-packages/airflow/example_dags/example_task_group_decorator.py took 0.202 seconds
[2024-10-02T01:36:56.209+0000] {processor.py:157} INFO - Started process (PID=503) to work on /home/airflow/.local/lib/python3.8/site-packages/airflow/example_dags/example_task_group_decorator.py
[2024-10-02T01:36:56.212+0000] {processor.py:829} INFO - Processing file /home/airflow/.local/lib/python3.8/site-packages/airflow/example_dags/example_task_group_decorator.py for tasks to queue
[2024-10-02T01:36:56.216+0000] {logging_mixin.py:151} INFO - [2024-10-02T01:36:56.216+0000] {dagbag.py:539} INFO - Filling up the DagBag from /home/airflow/.local/lib/python3.8/site-packages/airflow/example_dags/example_task_group_decorator.py
[2024-10-02T01:36:56.256+0000] {processor.py:839} INFO - DAG(s) dict_keys(['example_task_group_decorator']) retrieved from /home/airflow/.local/lib/python3.8/site-packages/airflow/example_dags/example_task_group_decorator.py
[2024-10-02T01:36:56.309+0000] {logging_mixin.py:151} INFO - [2024-10-02T01:36:56.309+0000] {dag.py:2915} INFO - Sync 1 DAGs
[2024-10-02T01:36:56.351+0000] {logging_mixin.py:151} INFO - [2024-10-02T01:36:56.350+0000] {dag.py:3696} INFO - Setting next_dagrun for example_task_group_decorator to 2024-10-01T01:36:56.349547+00:00, run_after=2024-10-02T01:36:56.349547+00:00
[2024-10-02T01:36:56.395+0000] {processor.py:179} INFO - Processing /home/airflow/.local/lib/python3.8/site-packages/airflow/example_dags/example_task_group_decorator.py took 0.192 seconds
[2024-10-02T01:37:26.521+0000] {processor.py:157} INFO - Started process (PID=550) to work on /home/airflow/.local/lib/python3.8/site-packages/airflow/example_dags/example_task_group_decorator.py
[2024-10-02T01:37:26.524+0000] {processor.py:829} INFO - Processing file /home/airflow/.local/lib/python3.8/site-packages/airflow/example_dags/example_task_group_decorator.py for tasks to queue
[2024-10-02T01:37:26.530+0000] {logging_mixin.py:151} INFO - [2024-10-02T01:37:26.529+0000] {dagbag.py:539} INFO - Filling up the DagBag from /home/airflow/.local/lib/python3.8/site-packages/airflow/example_dags/example_task_group_decorator.py
[2024-10-02T01:37:26.565+0000] {processor.py:839} INFO - DAG(s) dict_keys(['example_task_group_decorator']) retrieved from /home/airflow/.local/lib/python3.8/site-packages/airflow/example_dags/example_task_group_decorator.py
[2024-10-02T01:37:26.611+0000] {logging_mixin.py:151} INFO - [2024-10-02T01:37:26.611+0000] {dag.py:2915} INFO - Sync 1 DAGs
[2024-10-02T01:37:26.644+0000] {logging_mixin.py:151} INFO - [2024-10-02T01:37:26.644+0000] {dag.py:3696} INFO - Setting next_dagrun for example_task_group_decorator to 2024-10-01T01:37:26.643072+00:00, run_after=2024-10-02T01:37:26.643072+00:00
[2024-10-02T01:37:26.677+0000] {processor.py:179} INFO - Processing /home/airflow/.local/lib/python3.8/site-packages/airflow/example_dags/example_task_group_decorator.py took 0.161 seconds
[2024-10-02T01:37:57.056+0000] {processor.py:157} INFO - Started process (PID=598) to work on /home/airflow/.local/lib/python3.8/site-packages/airflow/example_dags/example_task_group_decorator.py
[2024-10-02T01:37:57.060+0000] {processor.py:829} INFO - Processing file /home/airflow/.local/lib/python3.8/site-packages/airflow/example_dags/example_task_group_decorator.py for tasks to queue
[2024-10-02T01:37:57.063+0000] {logging_mixin.py:151} INFO - [2024-10-02T01:37:57.062+0000] {dagbag.py:539} INFO - Filling up the DagBag from /home/airflow/.local/lib/python3.8/site-packages/airflow/example_dags/example_task_group_decorator.py
[2024-10-02T01:37:57.085+0000] {processor.py:839} INFO - DAG(s) dict_keys(['example_task_group_decorator']) retrieved from /home/airflow/.local/lib/python3.8/site-packages/airflow/example_dags/example_task_group_decorator.py
[2024-10-02T01:37:57.128+0000] {logging_mixin.py:151} INFO - [2024-10-02T01:37:57.128+0000] {dag.py:2915} INFO - Sync 1 DAGs
[2024-10-02T01:37:57.168+0000] {logging_mixin.py:151} INFO - [2024-10-02T01:37:57.168+0000] {dag.py:3696} INFO - Setting next_dagrun for example_task_group_decorator to 2024-10-01T01:37:57.166815+00:00, run_after=2024-10-02T01:37:57.166815+00:00
[2024-10-02T01:37:57.193+0000] {processor.py:179} INFO - Processing /home/airflow/.local/lib/python3.8/site-packages/airflow/example_dags/example_task_group_decorator.py took 0.145 seconds
[2024-10-02T01:38:27.677+0000] {processor.py:157} INFO - Started process (PID=646) to work on /home/airflow/.local/lib/python3.8/site-packages/airflow/example_dags/example_task_group_decorator.py
[2024-10-02T01:38:27.680+0000] {processor.py:829} INFO - Processing file /home/airflow/.local/lib/python3.8/site-packages/airflow/example_dags/example_task_group_decorator.py for tasks to queue
[2024-10-02T01:38:27.684+0000] {logging_mixin.py:151} INFO - [2024-10-02T01:38:27.683+0000] {dagbag.py:539} INFO - Filling up the DagBag from /home/airflow/.local/lib/python3.8/site-packages/airflow/example_dags/example_task_group_decorator.py
[2024-10-02T01:38:27.709+0000] {processor.py:839} INFO - DAG(s) dict_keys(['example_task_group_decorator']) retrieved from /home/airflow/.local/lib/python3.8/site-packages/airflow/example_dags/example_task_group_decorator.py
[2024-10-02T01:38:27.749+0000] {logging_mixin.py:151} INFO - [2024-10-02T01:38:27.748+0000] {dag.py:2915} INFO - Sync 1 DAGs
[2024-10-02T01:38:27.781+0000] {logging_mixin.py:151} INFO - [2024-10-02T01:38:27.780+0000] {dag.py:3696} INFO - Setting next_dagrun for example_task_group_decorator to 2024-10-01T01:38:27.779702+00:00, run_after=2024-10-02T01:38:27.779702+00:00
[2024-10-02T01:38:27.810+0000] {processor.py:179} INFO - Processing /home/airflow/.local/lib/python3.8/site-packages/airflow/example_dags/example_task_group_decorator.py took 0.137 seconds
[2024-10-02T01:38:58.699+0000] {processor.py:157} INFO - Started process (PID=694) to work on /home/airflow/.local/lib/python3.8/site-packages/airflow/example_dags/example_task_group_decorator.py
[2024-10-02T01:38:58.703+0000] {processor.py:829} INFO - Processing file /home/airflow/.local/lib/python3.8/site-packages/airflow/example_dags/example_task_group_decorator.py for tasks to queue
[2024-10-02T01:38:58.707+0000] {logging_mixin.py:151} INFO - [2024-10-02T01:38:58.707+0000] {dagbag.py:539} INFO - Filling up the DagBag from /home/airflow/.local/lib/python3.8/site-packages/airflow/example_dags/example_task_group_decorator.py
[2024-10-02T01:38:58.739+0000] {processor.py:839} INFO - DAG(s) dict_keys(['example_task_group_decorator']) retrieved from /home/airflow/.local/lib/python3.8/site-packages/airflow/example_dags/example_task_group_decorator.py
[2024-10-02T01:38:58.785+0000] {logging_mixin.py:151} INFO - [2024-10-02T01:38:58.785+0000] {dag.py:2915} INFO - Sync 1 DAGs
[2024-10-02T01:38:58.818+0000] {logging_mixin.py:151} INFO - [2024-10-02T01:38:58.817+0000] {dag.py:3696} INFO - Setting next_dagrun for example_task_group_decorator to 2024-10-01T01:38:58.816943+00:00, run_after=2024-10-02T01:38:58.816943+00:00
[2024-10-02T01:38:58.853+0000] {processor.py:179} INFO - Processing /home/airflow/.local/lib/python3.8/site-packages/airflow/example_dags/example_task_group_decorator.py took 0.158 seconds
[2024-10-02T01:39:29.063+0000] {processor.py:157} INFO - Started process (PID=742) to work on /home/airflow/.local/lib/python3.8/site-packages/airflow/example_dags/example_task_group_decorator.py
[2024-10-02T01:39:29.066+0000] {processor.py:829} INFO - Processing file /home/airflow/.local/lib/python3.8/site-packages/airflow/example_dags/example_task_group_decorator.py for tasks to queue
[2024-10-02T01:39:29.072+0000] {logging_mixin.py:151} INFO - [2024-10-02T01:39:29.071+0000] {dagbag.py:539} INFO - Filling up the DagBag from /home/airflow/.local/lib/python3.8/site-packages/airflow/example_dags/example_task_group_decorator.py
[2024-10-02T01:39:29.109+0000] {processor.py:839} INFO - DAG(s) dict_keys(['example_task_group_decorator']) retrieved from /home/airflow/.local/lib/python3.8/site-packages/airflow/example_dags/example_task_group_decorator.py
[2024-10-02T01:39:29.178+0000] {logging_mixin.py:151} INFO - [2024-10-02T01:39:29.177+0000] {dag.py:2915} INFO - Sync 1 DAGs
[2024-10-02T01:39:29.273+0000] {logging_mixin.py:151} INFO - [2024-10-02T01:39:29.272+0000] {dag.py:3696} INFO - Setting next_dagrun for example_task_group_decorator to 2024-10-01T01:39:29.271807+00:00, run_after=2024-10-02T01:39:29.271807+00:00
[2024-10-02T01:39:29.306+0000] {processor.py:179} INFO - Processing /home/airflow/.local/lib/python3.8/site-packages/airflow/example_dags/example_task_group_decorator.py took 0.248 seconds
[2024-10-02T01:45:40.186+0000] {processor.py:157} INFO - Started process (PID=71) to work on /home/airflow/.local/lib/python3.8/site-packages/airflow/example_dags/example_task_group_decorator.py
[2024-10-02T01:45:40.198+0000] {processor.py:829} INFO - Processing file /home/airflow/.local/lib/python3.8/site-packages/airflow/example_dags/example_task_group_decorator.py for tasks to queue
[2024-10-02T01:45:40.203+0000] {logging_mixin.py:151} INFO - [2024-10-02T01:45:40.203+0000] {dagbag.py:539} INFO - Filling up the DagBag from /home/airflow/.local/lib/python3.8/site-packages/airflow/example_dags/example_task_group_decorator.py
[2024-10-02T01:45:40.238+0000] {processor.py:839} INFO - DAG(s) dict_keys(['example_task_group_decorator']) retrieved from /home/airflow/.local/lib/python3.8/site-packages/airflow/example_dags/example_task_group_decorator.py
[2024-10-02T01:45:40.445+0000] {logging_mixin.py:151} INFO - [2024-10-02T01:45:40.444+0000] {manager.py:499} INFO - Created Permission View: %s
[2024-10-02T01:45:40.464+0000] {logging_mixin.py:151} INFO - [2024-10-02T01:45:40.463+0000] {manager.py:499} INFO - Created Permission View: %s
[2024-10-02T01:45:40.483+0000] {logging_mixin.py:151} INFO - [2024-10-02T01:45:40.483+0000] {manager.py:499} INFO - Created Permission View: %s
[2024-10-02T01:45:40.492+0000] {logging_mixin.py:151} INFO - [2024-10-02T01:45:40.492+0000] {security.py:708} INFO - Not syncing DAG-level permissions for DAG 'DAG:example_task_group_decorator' as access control is unset.
[2024-10-02T01:45:40.498+0000] {logging_mixin.py:151} INFO - [2024-10-02T01:45:40.498+0000] {dag.py:2915} INFO - Sync 1 DAGs
[2024-10-02T01:45:40.524+0000] {logging_mixin.py:151} INFO - [2024-10-02T01:45:40.524+0000] {dag.py:2937} INFO - Creating ORM DAG for example_task_group_decorator
[2024-10-02T01:45:40.545+0000] {logging_mixin.py:151} INFO - [2024-10-02T01:45:40.544+0000] {dag.py:3696} INFO - Setting next_dagrun for example_task_group_decorator to 2024-10-01T01:45:40.542545+00:00, run_after=2024-10-02T01:45:40.542545+00:00
[2024-10-02T01:45:40.580+0000] {processor.py:179} INFO - Processing /home/airflow/.local/lib/python3.8/site-packages/airflow/example_dags/example_task_group_decorator.py took 0.399 seconds
[2024-10-02T01:46:11.254+0000] {processor.py:157} INFO - Started process (PID=119) to work on /home/airflow/.local/lib/python3.8/site-packages/airflow/example_dags/example_task_group_decorator.py
[2024-10-02T01:46:11.275+0000] {processor.py:829} INFO - Processing file /home/airflow/.local/lib/python3.8/site-packages/airflow/example_dags/example_task_group_decorator.py for tasks to queue
[2024-10-02T01:46:11.300+0000] {logging_mixin.py:151} INFO - [2024-10-02T01:46:11.299+0000] {dagbag.py:539} INFO - Filling up the DagBag from /home/airflow/.local/lib/python3.8/site-packages/airflow/example_dags/example_task_group_decorator.py
[2024-10-02T01:46:11.533+0000] {processor.py:839} INFO - DAG(s) dict_keys(['example_task_group_decorator']) retrieved from /home/airflow/.local/lib/python3.8/site-packages/airflow/example_dags/example_task_group_decorator.py
[2024-10-02T01:46:11.802+0000] {logging_mixin.py:151} INFO - [2024-10-02T01:46:11.802+0000] {dag.py:2915} INFO - Sync 1 DAGs
[2024-10-02T01:46:12.067+0000] {logging_mixin.py:151} INFO - [2024-10-02T01:46:12.066+0000] {dag.py:3696} INFO - Setting next_dagrun for example_task_group_decorator to 2024-10-01T01:46:12.051437+00:00, run_after=2024-10-02T01:46:12.051437+00:00
[2024-10-02T01:46:12.222+0000] {processor.py:179} INFO - Processing /home/airflow/.local/lib/python3.8/site-packages/airflow/example_dags/example_task_group_decorator.py took 0.977 seconds
[2024-10-02T01:47:06.329+0000] {processor.py:157} INFO - Started process (PID=71) to work on /home/airflow/.local/lib/python3.8/site-packages/airflow/example_dags/example_task_group_decorator.py
[2024-10-02T01:47:06.333+0000] {processor.py:829} INFO - Processing file /home/airflow/.local/lib/python3.8/site-packages/airflow/example_dags/example_task_group_decorator.py for tasks to queue
[2024-10-02T01:47:06.337+0000] {logging_mixin.py:151} INFO - [2024-10-02T01:47:06.336+0000] {dagbag.py:539} INFO - Filling up the DagBag from /home/airflow/.local/lib/python3.8/site-packages/airflow/example_dags/example_task_group_decorator.py
[2024-10-02T01:47:06.375+0000] {processor.py:839} INFO - DAG(s) dict_keys(['example_task_group_decorator']) retrieved from /home/airflow/.local/lib/python3.8/site-packages/airflow/example_dags/example_task_group_decorator.py
[2024-10-02T01:47:06.418+0000] {logging_mixin.py:151} INFO - [2024-10-02T01:47:06.417+0000] {dag.py:2915} INFO - Sync 1 DAGs
[2024-10-02T01:47:06.479+0000] {logging_mixin.py:151} INFO - [2024-10-02T01:47:06.479+0000] {dag.py:3696} INFO - Setting next_dagrun for example_task_group_decorator to 2024-10-01T01:47:06.478324+00:00, run_after=2024-10-02T01:47:06.478324+00:00
[2024-10-02T01:47:06.544+0000] {processor.py:179} INFO - Processing /home/airflow/.local/lib/python3.8/site-packages/airflow/example_dags/example_task_group_decorator.py took 0.219 seconds
[2024-10-02T01:47:37.411+0000] {processor.py:157} INFO - Started process (PID=119) to work on /home/airflow/.local/lib/python3.8/site-packages/airflow/example_dags/example_task_group_decorator.py
[2024-10-02T01:47:37.414+0000] {processor.py:829} INFO - Processing file /home/airflow/.local/lib/python3.8/site-packages/airflow/example_dags/example_task_group_decorator.py for tasks to queue
[2024-10-02T01:47:37.429+0000] {logging_mixin.py:151} INFO - [2024-10-02T01:47:37.428+0000] {dagbag.py:539} INFO - Filling up the DagBag from /home/airflow/.local/lib/python3.8/site-packages/airflow/example_dags/example_task_group_decorator.py
[2024-10-02T01:47:37.459+0000] {processor.py:839} INFO - DAG(s) dict_keys(['example_task_group_decorator']) retrieved from /home/airflow/.local/lib/python3.8/site-packages/airflow/example_dags/example_task_group_decorator.py
[2024-10-02T01:47:37.502+0000] {logging_mixin.py:151} INFO - [2024-10-02T01:47:37.502+0000] {dag.py:2915} INFO - Sync 1 DAGs
[2024-10-02T01:47:37.533+0000] {logging_mixin.py:151} INFO - [2024-10-02T01:47:37.533+0000] {dag.py:3696} INFO - Setting next_dagrun for example_task_group_decorator to 2024-10-01T01:47:37.531905+00:00, run_after=2024-10-02T01:47:37.531905+00:00
[2024-10-02T01:47:37.559+0000] {processor.py:179} INFO - Processing /home/airflow/.local/lib/python3.8/site-packages/airflow/example_dags/example_task_group_decorator.py took 0.153 seconds
[2024-10-02T01:48:34.785+0000] {processor.py:157} INFO - Started process (PID=71) to work on /home/airflow/.local/lib/python3.8/site-packages/airflow/example_dags/example_task_group_decorator.py
[2024-10-02T01:48:34.790+0000] {processor.py:829} INFO - Processing file /home/airflow/.local/lib/python3.8/site-packages/airflow/example_dags/example_task_group_decorator.py for tasks to queue
[2024-10-02T01:48:34.805+0000] {logging_mixin.py:151} INFO - [2024-10-02T01:48:34.804+0000] {dagbag.py:539} INFO - Filling up the DagBag from /home/airflow/.local/lib/python3.8/site-packages/airflow/example_dags/example_task_group_decorator.py
[2024-10-02T01:48:34.845+0000] {processor.py:839} INFO - DAG(s) dict_keys(['example_task_group_decorator']) retrieved from /home/airflow/.local/lib/python3.8/site-packages/airflow/example_dags/example_task_group_decorator.py
[2024-10-02T01:48:34.868+0000] {logging_mixin.py:151} INFO - [2024-10-02T01:48:34.867+0000] {dag.py:2915} INFO - Sync 1 DAGs
[2024-10-02T01:48:34.922+0000] {logging_mixin.py:151} INFO - [2024-10-02T01:48:34.922+0000] {dag.py:3696} INFO - Setting next_dagrun for example_task_group_decorator to 2024-10-01T01:48:34.919988+00:00, run_after=2024-10-02T01:48:34.919988+00:00
[2024-10-02T01:48:34.971+0000] {processor.py:179} INFO - Processing /home/airflow/.local/lib/python3.8/site-packages/airflow/example_dags/example_task_group_decorator.py took 0.191 seconds
[2024-10-02T01:49:05.374+0000] {processor.py:157} INFO - Started process (PID=119) to work on /home/airflow/.local/lib/python3.8/site-packages/airflow/example_dags/example_task_group_decorator.py
[2024-10-02T01:49:05.377+0000] {processor.py:829} INFO - Processing file /home/airflow/.local/lib/python3.8/site-packages/airflow/example_dags/example_task_group_decorator.py for tasks to queue
[2024-10-02T01:49:05.380+0000] {logging_mixin.py:151} INFO - [2024-10-02T01:49:05.380+0000] {dagbag.py:539} INFO - Filling up the DagBag from /home/airflow/.local/lib/python3.8/site-packages/airflow/example_dags/example_task_group_decorator.py
[2024-10-02T01:49:05.402+0000] {processor.py:839} INFO - DAG(s) dict_keys(['example_task_group_decorator']) retrieved from /home/airflow/.local/lib/python3.8/site-packages/airflow/example_dags/example_task_group_decorator.py
[2024-10-02T01:49:05.439+0000] {logging_mixin.py:151} INFO - [2024-10-02T01:49:05.439+0000] {dag.py:2915} INFO - Sync 1 DAGs
[2024-10-02T01:49:05.465+0000] {logging_mixin.py:151} INFO - [2024-10-02T01:49:05.464+0000] {dag.py:3696} INFO - Setting next_dagrun for example_task_group_decorator to 2024-10-01T01:49:05.463932+00:00, run_after=2024-10-02T01:49:05.463932+00:00
[2024-10-02T01:49:05.507+0000] {processor.py:179} INFO - Processing /home/airflow/.local/lib/python3.8/site-packages/airflow/example_dags/example_task_group_decorator.py took 0.136 seconds
[2024-10-02T01:49:36.128+0000] {processor.py:157} INFO - Started process (PID=167) to work on /home/airflow/.local/lib/python3.8/site-packages/airflow/example_dags/example_task_group_decorator.py
[2024-10-02T01:49:36.138+0000] {processor.py:829} INFO - Processing file /home/airflow/.local/lib/python3.8/site-packages/airflow/example_dags/example_task_group_decorator.py for tasks to queue
[2024-10-02T01:49:36.145+0000] {logging_mixin.py:151} INFO - [2024-10-02T01:49:36.145+0000] {dagbag.py:539} INFO - Filling up the DagBag from /home/airflow/.local/lib/python3.8/site-packages/airflow/example_dags/example_task_group_decorator.py
[2024-10-02T01:49:36.386+0000] {processor.py:839} INFO - DAG(s) dict_keys(['example_task_group_decorator']) retrieved from /home/airflow/.local/lib/python3.8/site-packages/airflow/example_dags/example_task_group_decorator.py
[2024-10-02T01:49:36.472+0000] {logging_mixin.py:151} INFO - [2024-10-02T01:49:36.471+0000] {dag.py:2915} INFO - Sync 1 DAGs
[2024-10-02T01:49:36.523+0000] {logging_mixin.py:151} INFO - [2024-10-02T01:49:36.522+0000] {dag.py:3696} INFO - Setting next_dagrun for example_task_group_decorator to 2024-10-01T01:49:36.520773+00:00, run_after=2024-10-02T01:49:36.520773+00:00
[2024-10-02T01:49:36.561+0000] {processor.py:179} INFO - Processing /home/airflow/.local/lib/python3.8/site-packages/airflow/example_dags/example_task_group_decorator.py took 0.439 seconds
[2024-10-02T01:50:06.770+0000] {processor.py:157} INFO - Started process (PID=214) to work on /home/airflow/.local/lib/python3.8/site-packages/airflow/example_dags/example_task_group_decorator.py
[2024-10-02T01:50:06.772+0000] {processor.py:829} INFO - Processing file /home/airflow/.local/lib/python3.8/site-packages/airflow/example_dags/example_task_group_decorator.py for tasks to queue
[2024-10-02T01:50:06.776+0000] {logging_mixin.py:151} INFO - [2024-10-02T01:50:06.776+0000] {dagbag.py:539} INFO - Filling up the DagBag from /home/airflow/.local/lib/python3.8/site-packages/airflow/example_dags/example_task_group_decorator.py
[2024-10-02T01:50:06.869+0000] {processor.py:839} INFO - DAG(s) dict_keys(['example_task_group_decorator']) retrieved from /home/airflow/.local/lib/python3.8/site-packages/airflow/example_dags/example_task_group_decorator.py
[2024-10-02T01:50:06.910+0000] {logging_mixin.py:151} INFO - [2024-10-02T01:50:06.909+0000] {dag.py:2915} INFO - Sync 1 DAGs
[2024-10-02T01:50:06.941+0000] {logging_mixin.py:151} INFO - [2024-10-02T01:50:06.940+0000] {dag.py:3696} INFO - Setting next_dagrun for example_task_group_decorator to 2024-10-01T01:50:06.939489+00:00, run_after=2024-10-02T01:50:06.939489+00:00
[2024-10-02T01:50:06.976+0000] {processor.py:179} INFO - Processing /home/airflow/.local/lib/python3.8/site-packages/airflow/example_dags/example_task_group_decorator.py took 0.211 seconds
[2024-10-02T01:50:37.738+0000] {processor.py:157} INFO - Started process (PID=263) to work on /home/airflow/.local/lib/python3.8/site-packages/airflow/example_dags/example_task_group_decorator.py
[2024-10-02T01:50:37.741+0000] {processor.py:829} INFO - Processing file /home/airflow/.local/lib/python3.8/site-packages/airflow/example_dags/example_task_group_decorator.py for tasks to queue
[2024-10-02T01:50:37.744+0000] {logging_mixin.py:151} INFO - [2024-10-02T01:50:37.744+0000] {dagbag.py:539} INFO - Filling up the DagBag from /home/airflow/.local/lib/python3.8/site-packages/airflow/example_dags/example_task_group_decorator.py
[2024-10-02T01:50:37.789+0000] {processor.py:839} INFO - DAG(s) dict_keys(['example_task_group_decorator']) retrieved from /home/airflow/.local/lib/python3.8/site-packages/airflow/example_dags/example_task_group_decorator.py
[2024-10-02T01:50:37.903+0000] {logging_mixin.py:151} INFO - [2024-10-02T01:50:37.902+0000] {dag.py:2915} INFO - Sync 1 DAGs
[2024-10-02T01:50:37.958+0000] {logging_mixin.py:151} INFO - [2024-10-02T01:50:37.957+0000] {dag.py:3696} INFO - Setting next_dagrun for example_task_group_decorator to 2024-10-01T01:50:37.955508+00:00, run_after=2024-10-02T01:50:37.955508+00:00
[2024-10-02T01:50:38.014+0000] {processor.py:179} INFO - Processing /home/airflow/.local/lib/python3.8/site-packages/airflow/example_dags/example_task_group_decorator.py took 0.281 seconds
[2024-10-02T01:51:08.397+0000] {processor.py:157} INFO - Started process (PID=310) to work on /home/airflow/.local/lib/python3.8/site-packages/airflow/example_dags/example_task_group_decorator.py
[2024-10-02T01:51:08.400+0000] {processor.py:829} INFO - Processing file /home/airflow/.local/lib/python3.8/site-packages/airflow/example_dags/example_task_group_decorator.py for tasks to queue
[2024-10-02T01:51:08.408+0000] {logging_mixin.py:151} INFO - [2024-10-02T01:51:08.408+0000] {dagbag.py:539} INFO - Filling up the DagBag from /home/airflow/.local/lib/python3.8/site-packages/airflow/example_dags/example_task_group_decorator.py
[2024-10-02T01:51:08.434+0000] {processor.py:839} INFO - DAG(s) dict_keys(['example_task_group_decorator']) retrieved from /home/airflow/.local/lib/python3.8/site-packages/airflow/example_dags/example_task_group_decorator.py
[2024-10-02T01:51:08.476+0000] {logging_mixin.py:151} INFO - [2024-10-02T01:51:08.475+0000] {dag.py:2915} INFO - Sync 1 DAGs
[2024-10-02T01:51:08.513+0000] {logging_mixin.py:151} INFO - [2024-10-02T01:51:08.512+0000] {dag.py:3696} INFO - Setting next_dagrun for example_task_group_decorator to 2024-10-01T01:51:08.510727+00:00, run_after=2024-10-02T01:51:08.510727+00:00
[2024-10-02T01:51:08.560+0000] {processor.py:179} INFO - Processing /home/airflow/.local/lib/python3.8/site-packages/airflow/example_dags/example_task_group_decorator.py took 0.167 seconds
[2024-10-02T01:51:38.771+0000] {processor.py:157} INFO - Started process (PID=358) to work on /home/airflow/.local/lib/python3.8/site-packages/airflow/example_dags/example_task_group_decorator.py
[2024-10-02T01:51:38.774+0000] {processor.py:829} INFO - Processing file /home/airflow/.local/lib/python3.8/site-packages/airflow/example_dags/example_task_group_decorator.py for tasks to queue
[2024-10-02T01:51:38.779+0000] {logging_mixin.py:151} INFO - [2024-10-02T01:51:38.778+0000] {dagbag.py:539} INFO - Filling up the DagBag from /home/airflow/.local/lib/python3.8/site-packages/airflow/example_dags/example_task_group_decorator.py
[2024-10-02T01:51:38.805+0000] {processor.py:839} INFO - DAG(s) dict_keys(['example_task_group_decorator']) retrieved from /home/airflow/.local/lib/python3.8/site-packages/airflow/example_dags/example_task_group_decorator.py
[2024-10-02T01:51:38.847+0000] {logging_mixin.py:151} INFO - [2024-10-02T01:51:38.847+0000] {dag.py:2915} INFO - Sync 1 DAGs
[2024-10-02T01:51:38.875+0000] {logging_mixin.py:151} INFO - [2024-10-02T01:51:38.875+0000] {dag.py:3696} INFO - Setting next_dagrun for example_task_group_decorator to 2024-10-01T01:51:38.874437+00:00, run_after=2024-10-02T01:51:38.874437+00:00
[2024-10-02T01:51:38.901+0000] {processor.py:179} INFO - Processing /home/airflow/.local/lib/python3.8/site-packages/airflow/example_dags/example_task_group_decorator.py took 0.135 seconds
[2024-10-02T01:52:09.008+0000] {processor.py:157} INFO - Started process (PID=406) to work on /home/airflow/.local/lib/python3.8/site-packages/airflow/example_dags/example_task_group_decorator.py
[2024-10-02T01:52:09.011+0000] {processor.py:829} INFO - Processing file /home/airflow/.local/lib/python3.8/site-packages/airflow/example_dags/example_task_group_decorator.py for tasks to queue
[2024-10-02T01:52:09.015+0000] {logging_mixin.py:151} INFO - [2024-10-02T01:52:09.014+0000] {dagbag.py:539} INFO - Filling up the DagBag from /home/airflow/.local/lib/python3.8/site-packages/airflow/example_dags/example_task_group_decorator.py
[2024-10-02T01:52:09.037+0000] {processor.py:839} INFO - DAG(s) dict_keys(['example_task_group_decorator']) retrieved from /home/airflow/.local/lib/python3.8/site-packages/airflow/example_dags/example_task_group_decorator.py
[2024-10-02T01:52:09.078+0000] {logging_mixin.py:151} INFO - [2024-10-02T01:52:09.077+0000] {dag.py:2915} INFO - Sync 1 DAGs
[2024-10-02T01:52:09.109+0000] {logging_mixin.py:151} INFO - [2024-10-02T01:52:09.109+0000] {dag.py:3696} INFO - Setting next_dagrun for example_task_group_decorator to 2024-10-01T01:52:09.108084+00:00, run_after=2024-10-02T01:52:09.108084+00:00
[2024-10-02T01:52:09.207+0000] {processor.py:179} INFO - Processing /home/airflow/.local/lib/python3.8/site-packages/airflow/example_dags/example_task_group_decorator.py took 0.203 seconds
[2024-10-02T01:52:39.781+0000] {processor.py:157} INFO - Started process (PID=454) to work on /home/airflow/.local/lib/python3.8/site-packages/airflow/example_dags/example_task_group_decorator.py
[2024-10-02T01:52:39.783+0000] {processor.py:829} INFO - Processing file /home/airflow/.local/lib/python3.8/site-packages/airflow/example_dags/example_task_group_decorator.py for tasks to queue
[2024-10-02T01:52:39.787+0000] {logging_mixin.py:151} INFO - [2024-10-02T01:52:39.787+0000] {dagbag.py:539} INFO - Filling up the DagBag from /home/airflow/.local/lib/python3.8/site-packages/airflow/example_dags/example_task_group_decorator.py
[2024-10-02T01:52:39.813+0000] {processor.py:839} INFO - DAG(s) dict_keys(['example_task_group_decorator']) retrieved from /home/airflow/.local/lib/python3.8/site-packages/airflow/example_dags/example_task_group_decorator.py
[2024-10-02T01:52:39.850+0000] {logging_mixin.py:151} INFO - [2024-10-02T01:52:39.849+0000] {dag.py:2915} INFO - Sync 1 DAGs
[2024-10-02T01:52:39.880+0000] {logging_mixin.py:151} INFO - [2024-10-02T01:52:39.880+0000] {dag.py:3696} INFO - Setting next_dagrun for example_task_group_decorator to 2024-10-01T01:52:39.879119+00:00, run_after=2024-10-02T01:52:39.879119+00:00
[2024-10-02T01:52:39.906+0000] {processor.py:179} INFO - Processing /home/airflow/.local/lib/python3.8/site-packages/airflow/example_dags/example_task_group_decorator.py took 0.129 seconds
[2024-10-02T01:53:12.070+0000] {processor.py:157} INFO - Started process (PID=503) to work on /home/airflow/.local/lib/python3.8/site-packages/airflow/example_dags/example_task_group_decorator.py
[2024-10-02T01:53:12.073+0000] {processor.py:829} INFO - Processing file /home/airflow/.local/lib/python3.8/site-packages/airflow/example_dags/example_task_group_decorator.py for tasks to queue
[2024-10-02T01:53:12.079+0000] {logging_mixin.py:151} INFO - [2024-10-02T01:53:12.078+0000] {dagbag.py:539} INFO - Filling up the DagBag from /home/airflow/.local/lib/python3.8/site-packages/airflow/example_dags/example_task_group_decorator.py
[2024-10-02T01:53:12.104+0000] {processor.py:839} INFO - DAG(s) dict_keys(['example_task_group_decorator']) retrieved from /home/airflow/.local/lib/python3.8/site-packages/airflow/example_dags/example_task_group_decorator.py
[2024-10-02T01:53:12.143+0000] {logging_mixin.py:151} INFO - [2024-10-02T01:53:12.142+0000] {dag.py:2915} INFO - Sync 1 DAGs
[2024-10-02T01:53:12.174+0000] {logging_mixin.py:151} INFO - [2024-10-02T01:53:12.174+0000] {dag.py:3696} INFO - Setting next_dagrun for example_task_group_decorator to 2024-10-01T01:53:12.173062+00:00, run_after=2024-10-02T01:53:12.173062+00:00
[2024-10-02T01:53:12.205+0000] {processor.py:179} INFO - Processing /home/airflow/.local/lib/python3.8/site-packages/airflow/example_dags/example_task_group_decorator.py took 0.139 seconds
[2024-10-02T01:53:42.413+0000] {processor.py:157} INFO - Started process (PID=551) to work on /home/airflow/.local/lib/python3.8/site-packages/airflow/example_dags/example_task_group_decorator.py
[2024-10-02T01:53:42.415+0000] {processor.py:829} INFO - Processing file /home/airflow/.local/lib/python3.8/site-packages/airflow/example_dags/example_task_group_decorator.py for tasks to queue
[2024-10-02T01:53:42.420+0000] {logging_mixin.py:151} INFO - [2024-10-02T01:53:42.419+0000] {dagbag.py:539} INFO - Filling up the DagBag from /home/airflow/.local/lib/python3.8/site-packages/airflow/example_dags/example_task_group_decorator.py
[2024-10-02T01:53:42.442+0000] {processor.py:839} INFO - DAG(s) dict_keys(['example_task_group_decorator']) retrieved from /home/airflow/.local/lib/python3.8/site-packages/airflow/example_dags/example_task_group_decorator.py
[2024-10-02T01:53:42.481+0000] {logging_mixin.py:151} INFO - [2024-10-02T01:53:42.480+0000] {dag.py:2915} INFO - Sync 1 DAGs
[2024-10-02T01:53:42.518+0000] {logging_mixin.py:151} INFO - [2024-10-02T01:53:42.518+0000] {dag.py:3696} INFO - Setting next_dagrun for example_task_group_decorator to 2024-10-01T01:53:42.517328+00:00, run_after=2024-10-02T01:53:42.517328+00:00
[2024-10-02T01:53:42.546+0000] {processor.py:179} INFO - Processing /home/airflow/.local/lib/python3.8/site-packages/airflow/example_dags/example_task_group_decorator.py took 0.138 seconds
[2024-10-02T01:57:21.613+0000] {processor.py:157} INFO - Started process (PID=631) to work on /home/airflow/.local/lib/python3.8/site-packages/airflow/example_dags/example_task_group_decorator.py
[2024-10-02T01:57:21.616+0000] {processor.py:829} INFO - Processing file /home/airflow/.local/lib/python3.8/site-packages/airflow/example_dags/example_task_group_decorator.py for tasks to queue
[2024-10-02T01:57:21.623+0000] {logging_mixin.py:151} INFO - [2024-10-02T01:57:21.622+0000] {dagbag.py:539} INFO - Filling up the DagBag from /home/airflow/.local/lib/python3.8/site-packages/airflow/example_dags/example_task_group_decorator.py
[2024-10-02T01:57:21.648+0000] {processor.py:839} INFO - DAG(s) dict_keys(['example_task_group_decorator']) retrieved from /home/airflow/.local/lib/python3.8/site-packages/airflow/example_dags/example_task_group_decorator.py
[2024-10-02T01:57:21.699+0000] {logging_mixin.py:151} INFO - [2024-10-02T01:57:21.699+0000] {dag.py:2915} INFO - Sync 1 DAGs
[2024-10-02T01:57:21.728+0000] {logging_mixin.py:151} INFO - [2024-10-02T01:57:21.728+0000] {dag.py:3696} INFO - Setting next_dagrun for example_task_group_decorator to 2024-10-01T01:57:21.727080+00:00, run_after=2024-10-02T01:57:21.727080+00:00
[2024-10-02T01:57:21.755+0000] {processor.py:179} INFO - Processing /home/airflow/.local/lib/python3.8/site-packages/airflow/example_dags/example_task_group_decorator.py took 0.147 seconds
[2024-10-02T01:57:53.873+0000] {processor.py:157} INFO - Started process (PID=679) to work on /home/airflow/.local/lib/python3.8/site-packages/airflow/example_dags/example_task_group_decorator.py
[2024-10-02T01:57:53.878+0000] {processor.py:829} INFO - Processing file /home/airflow/.local/lib/python3.8/site-packages/airflow/example_dags/example_task_group_decorator.py for tasks to queue
[2024-10-02T01:57:53.883+0000] {logging_mixin.py:151} INFO - [2024-10-02T01:57:53.882+0000] {dagbag.py:539} INFO - Filling up the DagBag from /home/airflow/.local/lib/python3.8/site-packages/airflow/example_dags/example_task_group_decorator.py
[2024-10-02T01:57:53.909+0000] {processor.py:839} INFO - DAG(s) dict_keys(['example_task_group_decorator']) retrieved from /home/airflow/.local/lib/python3.8/site-packages/airflow/example_dags/example_task_group_decorator.py
[2024-10-02T01:57:53.954+0000] {logging_mixin.py:151} INFO - [2024-10-02T01:57:53.953+0000] {dag.py:2915} INFO - Sync 1 DAGs
[2024-10-02T01:57:53.986+0000] {logging_mixin.py:151} INFO - [2024-10-02T01:57:53.986+0000] {dag.py:3696} INFO - Setting next_dagrun for example_task_group_decorator to 2024-10-01T01:57:53.984941+00:00, run_after=2024-10-02T01:57:53.984941+00:00
[2024-10-02T01:57:54.073+0000] {processor.py:179} INFO - Processing /home/airflow/.local/lib/python3.8/site-packages/airflow/example_dags/example_task_group_decorator.py took 0.205 seconds
[2024-10-02T01:58:24.189+0000] {processor.py:157} INFO - Started process (PID=727) to work on /home/airflow/.local/lib/python3.8/site-packages/airflow/example_dags/example_task_group_decorator.py
[2024-10-02T01:58:24.194+0000] {processor.py:829} INFO - Processing file /home/airflow/.local/lib/python3.8/site-packages/airflow/example_dags/example_task_group_decorator.py for tasks to queue
[2024-10-02T01:58:24.199+0000] {logging_mixin.py:151} INFO - [2024-10-02T01:58:24.198+0000] {dagbag.py:539} INFO - Filling up the DagBag from /home/airflow/.local/lib/python3.8/site-packages/airflow/example_dags/example_task_group_decorator.py
[2024-10-02T01:58:24.228+0000] {processor.py:839} INFO - DAG(s) dict_keys(['example_task_group_decorator']) retrieved from /home/airflow/.local/lib/python3.8/site-packages/airflow/example_dags/example_task_group_decorator.py
[2024-10-02T01:58:24.274+0000] {logging_mixin.py:151} INFO - [2024-10-02T01:58:24.273+0000] {dag.py:2915} INFO - Sync 1 DAGs
[2024-10-02T01:58:24.314+0000] {logging_mixin.py:151} INFO - [2024-10-02T01:58:24.312+0000] {dag.py:3696} INFO - Setting next_dagrun for example_task_group_decorator to 2024-10-01T01:58:24.310140+00:00, run_after=2024-10-02T01:58:24.310140+00:00
[2024-10-02T01:58:24.361+0000] {processor.py:179} INFO - Processing /home/airflow/.local/lib/python3.8/site-packages/airflow/example_dags/example_task_group_decorator.py took 0.178 seconds
[2024-10-02T01:58:55.359+0000] {processor.py:157} INFO - Started process (PID=775) to work on /home/airflow/.local/lib/python3.8/site-packages/airflow/example_dags/example_task_group_decorator.py
[2024-10-02T01:58:55.361+0000] {processor.py:829} INFO - Processing file /home/airflow/.local/lib/python3.8/site-packages/airflow/example_dags/example_task_group_decorator.py for tasks to queue
[2024-10-02T01:58:55.364+0000] {logging_mixin.py:151} INFO - [2024-10-02T01:58:55.363+0000] {dagbag.py:539} INFO - Filling up the DagBag from /home/airflow/.local/lib/python3.8/site-packages/airflow/example_dags/example_task_group_decorator.py
[2024-10-02T01:58:55.387+0000] {processor.py:839} INFO - DAG(s) dict_keys(['example_task_group_decorator']) retrieved from /home/airflow/.local/lib/python3.8/site-packages/airflow/example_dags/example_task_group_decorator.py
[2024-10-02T01:58:55.437+0000] {logging_mixin.py:151} INFO - [2024-10-02T01:58:55.437+0000] {dag.py:2915} INFO - Sync 1 DAGs
[2024-10-02T01:58:55.483+0000] {logging_mixin.py:151} INFO - [2024-10-02T01:58:55.483+0000] {dag.py:3696} INFO - Setting next_dagrun for example_task_group_decorator to 2024-10-01T01:58:55.482578+00:00, run_after=2024-10-02T01:58:55.482578+00:00
[2024-10-02T01:58:55.544+0000] {processor.py:179} INFO - Processing /home/airflow/.local/lib/python3.8/site-packages/airflow/example_dags/example_task_group_decorator.py took 0.188 seconds
[2024-10-02T01:59:26.376+0000] {processor.py:157} INFO - Started process (PID=823) to work on /home/airflow/.local/lib/python3.8/site-packages/airflow/example_dags/example_task_group_decorator.py
[2024-10-02T01:59:26.385+0000] {processor.py:829} INFO - Processing file /home/airflow/.local/lib/python3.8/site-packages/airflow/example_dags/example_task_group_decorator.py for tasks to queue
[2024-10-02T01:59:26.390+0000] {logging_mixin.py:151} INFO - [2024-10-02T01:59:26.389+0000] {dagbag.py:539} INFO - Filling up the DagBag from /home/airflow/.local/lib/python3.8/site-packages/airflow/example_dags/example_task_group_decorator.py
[2024-10-02T01:59:26.426+0000] {processor.py:839} INFO - DAG(s) dict_keys(['example_task_group_decorator']) retrieved from /home/airflow/.local/lib/python3.8/site-packages/airflow/example_dags/example_task_group_decorator.py
[2024-10-02T01:59:26.489+0000] {logging_mixin.py:151} INFO - [2024-10-02T01:59:26.489+0000] {dag.py:2915} INFO - Sync 1 DAGs
[2024-10-02T01:59:26.601+0000] {logging_mixin.py:151} INFO - [2024-10-02T01:59:26.600+0000] {dag.py:3696} INFO - Setting next_dagrun for example_task_group_decorator to 2024-10-01T01:59:26.596484+00:00, run_after=2024-10-02T01:59:26.596484+00:00
[2024-10-02T01:59:26.666+0000] {processor.py:179} INFO - Processing /home/airflow/.local/lib/python3.8/site-packages/airflow/example_dags/example_task_group_decorator.py took 0.295 seconds
[2024-10-02T01:59:57.071+0000] {processor.py:157} INFO - Started process (PID=870) to work on /home/airflow/.local/lib/python3.8/site-packages/airflow/example_dags/example_task_group_decorator.py
[2024-10-02T01:59:57.076+0000] {processor.py:829} INFO - Processing file /home/airflow/.local/lib/python3.8/site-packages/airflow/example_dags/example_task_group_decorator.py for tasks to queue
[2024-10-02T01:59:57.081+0000] {logging_mixin.py:151} INFO - [2024-10-02T01:59:57.081+0000] {dagbag.py:539} INFO - Filling up the DagBag from /home/airflow/.local/lib/python3.8/site-packages/airflow/example_dags/example_task_group_decorator.py
[2024-10-02T01:59:57.106+0000] {processor.py:839} INFO - DAG(s) dict_keys(['example_task_group_decorator']) retrieved from /home/airflow/.local/lib/python3.8/site-packages/airflow/example_dags/example_task_group_decorator.py
[2024-10-02T01:59:57.145+0000] {logging_mixin.py:151} INFO - [2024-10-02T01:59:57.145+0000] {dag.py:2915} INFO - Sync 1 DAGs
[2024-10-02T01:59:57.181+0000] {logging_mixin.py:151} INFO - [2024-10-02T01:59:57.180+0000] {dag.py:3696} INFO - Setting next_dagrun for example_task_group_decorator to 2024-10-01T01:59:57.179546+00:00, run_after=2024-10-02T01:59:57.179546+00:00
[2024-10-02T01:59:57.211+0000] {processor.py:179} INFO - Processing /home/airflow/.local/lib/python3.8/site-packages/airflow/example_dags/example_task_group_decorator.py took 0.144 seconds
[2024-10-02T02:00:27.889+0000] {processor.py:157} INFO - Started process (PID=918) to work on /home/airflow/.local/lib/python3.8/site-packages/airflow/example_dags/example_task_group_decorator.py
[2024-10-02T02:00:27.893+0000] {processor.py:829} INFO - Processing file /home/airflow/.local/lib/python3.8/site-packages/airflow/example_dags/example_task_group_decorator.py for tasks to queue
[2024-10-02T02:00:27.898+0000] {logging_mixin.py:151} INFO - [2024-10-02T02:00:27.897+0000] {dagbag.py:539} INFO - Filling up the DagBag from /home/airflow/.local/lib/python3.8/site-packages/airflow/example_dags/example_task_group_decorator.py
[2024-10-02T02:00:27.979+0000] {processor.py:839} INFO - DAG(s) dict_keys(['example_task_group_decorator']) retrieved from /home/airflow/.local/lib/python3.8/site-packages/airflow/example_dags/example_task_group_decorator.py
[2024-10-02T02:00:28.019+0000] {logging_mixin.py:151} INFO - [2024-10-02T02:00:28.019+0000] {dag.py:2915} INFO - Sync 1 DAGs
[2024-10-02T02:00:28.050+0000] {logging_mixin.py:151} INFO - [2024-10-02T02:00:28.050+0000] {dag.py:3696} INFO - Setting next_dagrun for example_task_group_decorator to 2024-10-01T02:00:28.049216+00:00, run_after=2024-10-02T02:00:28.049216+00:00
[2024-10-02T02:00:28.123+0000] {processor.py:179} INFO - Processing /home/airflow/.local/lib/python3.8/site-packages/airflow/example_dags/example_task_group_decorator.py took 0.238 seconds
[2024-10-02T02:00:58.573+0000] {processor.py:157} INFO - Started process (PID=966) to work on /home/airflow/.local/lib/python3.8/site-packages/airflow/example_dags/example_task_group_decorator.py
[2024-10-02T02:00:58.579+0000] {processor.py:829} INFO - Processing file /home/airflow/.local/lib/python3.8/site-packages/airflow/example_dags/example_task_group_decorator.py for tasks to queue
[2024-10-02T02:00:58.587+0000] {logging_mixin.py:151} INFO - [2024-10-02T02:00:58.586+0000] {dagbag.py:539} INFO - Filling up the DagBag from /home/airflow/.local/lib/python3.8/site-packages/airflow/example_dags/example_task_group_decorator.py
[2024-10-02T02:00:58.614+0000] {processor.py:839} INFO - DAG(s) dict_keys(['example_task_group_decorator']) retrieved from /home/airflow/.local/lib/python3.8/site-packages/airflow/example_dags/example_task_group_decorator.py
[2024-10-02T02:00:58.668+0000] {logging_mixin.py:151} INFO - [2024-10-02T02:00:58.667+0000] {dag.py:2915} INFO - Sync 1 DAGs
[2024-10-02T02:00:58.702+0000] {logging_mixin.py:151} INFO - [2024-10-02T02:00:58.701+0000] {dag.py:3696} INFO - Setting next_dagrun for example_task_group_decorator to 2024-10-01T02:00:58.700884+00:00, run_after=2024-10-02T02:00:58.700884+00:00
[2024-10-02T02:00:58.734+0000] {processor.py:179} INFO - Processing /home/airflow/.local/lib/python3.8/site-packages/airflow/example_dags/example_task_group_decorator.py took 0.164 seconds
[2024-10-02T02:03:28.567+0000] {processor.py:157} INFO - Started process (PID=71) to work on /home/airflow/.local/lib/python3.8/site-packages/airflow/example_dags/example_task_group_decorator.py
[2024-10-02T02:03:28.571+0000] {processor.py:829} INFO - Processing file /home/airflow/.local/lib/python3.8/site-packages/airflow/example_dags/example_task_group_decorator.py for tasks to queue
[2024-10-02T02:03:28.577+0000] {logging_mixin.py:151} INFO - [2024-10-02T02:03:28.576+0000] {dagbag.py:539} INFO - Filling up the DagBag from /home/airflow/.local/lib/python3.8/site-packages/airflow/example_dags/example_task_group_decorator.py
[2024-10-02T02:03:28.611+0000] {processor.py:839} INFO - DAG(s) dict_keys(['example_task_group_decorator']) retrieved from /home/airflow/.local/lib/python3.8/site-packages/airflow/example_dags/example_task_group_decorator.py
[2024-10-02T02:03:28.736+0000] {logging_mixin.py:151} INFO - [2024-10-02T02:03:28.735+0000] {manager.py:499} INFO - Created Permission View: %s
[2024-10-02T02:03:28.752+0000] {logging_mixin.py:151} INFO - [2024-10-02T02:03:28.751+0000] {manager.py:499} INFO - Created Permission View: %s
[2024-10-02T02:03:28.766+0000] {logging_mixin.py:151} INFO - [2024-10-02T02:03:28.765+0000] {manager.py:499} INFO - Created Permission View: %s
[2024-10-02T02:03:28.768+0000] {logging_mixin.py:151} INFO - [2024-10-02T02:03:28.768+0000] {security.py:708} INFO - Not syncing DAG-level permissions for DAG 'DAG:example_task_group_decorator' as access control is unset.
[2024-10-02T02:03:28.770+0000] {logging_mixin.py:151} INFO - [2024-10-02T02:03:28.770+0000] {dag.py:2915} INFO - Sync 1 DAGs
[2024-10-02T02:03:28.817+0000] {logging_mixin.py:151} INFO - [2024-10-02T02:03:28.817+0000] {dag.py:2937} INFO - Creating ORM DAG for example_task_group_decorator
[2024-10-02T02:03:28.850+0000] {logging_mixin.py:151} INFO - [2024-10-02T02:03:28.849+0000] {dag.py:3696} INFO - Setting next_dagrun for example_task_group_decorator to 2024-10-01T02:03:28.848971+00:00, run_after=2024-10-02T02:03:28.848971+00:00
[2024-10-02T02:03:28.869+0000] {processor.py:179} INFO - Processing /home/airflow/.local/lib/python3.8/site-packages/airflow/example_dags/example_task_group_decorator.py took 0.305 seconds
[2024-10-02T02:06:25.500+0000] {processor.py:157} INFO - Started process (PID=71) to work on /home/airflow/.local/lib/python3.8/site-packages/airflow/example_dags/example_task_group_decorator.py
[2024-10-02T02:06:25.821+0000] {processor.py:829} INFO - Processing file /home/airflow/.local/lib/python3.8/site-packages/airflow/example_dags/example_task_group_decorator.py for tasks to queue
[2024-10-02T02:06:25.843+0000] {logging_mixin.py:151} INFO - [2024-10-02T02:06:25.842+0000] {dagbag.py:539} INFO - Filling up the DagBag from /home/airflow/.local/lib/python3.8/site-packages/airflow/example_dags/example_task_group_decorator.py
[2024-10-02T02:06:25.923+0000] {processor.py:839} INFO - DAG(s) dict_keys(['example_task_group_decorator']) retrieved from /home/airflow/.local/lib/python3.8/site-packages/airflow/example_dags/example_task_group_decorator.py
[2024-10-02T02:06:26.384+0000] {logging_mixin.py:151} INFO - [2024-10-02T02:06:26.384+0000] {manager.py:499} INFO - Created Permission View: %s
[2024-10-02T02:06:26.410+0000] {logging_mixin.py:151} INFO - [2024-10-02T02:06:26.409+0000] {manager.py:499} INFO - Created Permission View: %s
[2024-10-02T02:06:26.430+0000] {logging_mixin.py:151} INFO - [2024-10-02T02:06:26.429+0000] {manager.py:499} INFO - Created Permission View: %s
[2024-10-02T02:06:26.439+0000] {logging_mixin.py:151} INFO - [2024-10-02T02:06:26.438+0000] {security.py:708} INFO - Not syncing DAG-level permissions for DAG 'DAG:example_task_group_decorator' as access control is unset.
[2024-10-02T02:06:26.447+0000] {logging_mixin.py:151} INFO - [2024-10-02T02:06:26.446+0000] {dag.py:2915} INFO - Sync 1 DAGs
[2024-10-02T02:06:26.467+0000] {logging_mixin.py:151} INFO - [2024-10-02T02:06:26.466+0000] {dag.py:2937} INFO - Creating ORM DAG for example_task_group_decorator
[2024-10-02T02:06:26.514+0000] {logging_mixin.py:151} INFO - [2024-10-02T02:06:26.514+0000] {dag.py:3696} INFO - Setting next_dagrun for example_task_group_decorator to 2024-10-01T02:06:26.511356+00:00, run_after=2024-10-02T02:06:26.511356+00:00
[2024-10-02T02:06:26.542+0000] {processor.py:179} INFO - Processing /home/airflow/.local/lib/python3.8/site-packages/airflow/example_dags/example_task_group_decorator.py took 1.047 seconds
[2024-10-02T02:06:56.892+0000] {processor.py:157} INFO - Started process (PID=119) to work on /home/airflow/.local/lib/python3.8/site-packages/airflow/example_dags/example_task_group_decorator.py
[2024-10-02T02:06:56.894+0000] {processor.py:829} INFO - Processing file /home/airflow/.local/lib/python3.8/site-packages/airflow/example_dags/example_task_group_decorator.py for tasks to queue
[2024-10-02T02:06:56.897+0000] {logging_mixin.py:151} INFO - [2024-10-02T02:06:56.897+0000] {dagbag.py:539} INFO - Filling up the DagBag from /home/airflow/.local/lib/python3.8/site-packages/airflow/example_dags/example_task_group_decorator.py
[2024-10-02T02:06:56.919+0000] {processor.py:839} INFO - DAG(s) dict_keys(['example_task_group_decorator']) retrieved from /home/airflow/.local/lib/python3.8/site-packages/airflow/example_dags/example_task_group_decorator.py
[2024-10-02T02:06:56.952+0000] {logging_mixin.py:151} INFO - [2024-10-02T02:06:56.952+0000] {dag.py:2915} INFO - Sync 1 DAGs
[2024-10-02T02:06:56.979+0000] {logging_mixin.py:151} INFO - [2024-10-02T02:06:56.978+0000] {dag.py:3696} INFO - Setting next_dagrun for example_task_group_decorator to 2024-10-01T02:06:56.977449+00:00, run_after=2024-10-02T02:06:56.977449+00:00
[2024-10-02T02:06:57.001+0000] {processor.py:179} INFO - Processing /home/airflow/.local/lib/python3.8/site-packages/airflow/example_dags/example_task_group_decorator.py took 0.113 seconds
[2024-10-02T02:07:27.477+0000] {processor.py:157} INFO - Started process (PID=167) to work on /home/airflow/.local/lib/python3.8/site-packages/airflow/example_dags/example_task_group_decorator.py
[2024-10-02T02:07:27.501+0000] {processor.py:829} INFO - Processing file /home/airflow/.local/lib/python3.8/site-packages/airflow/example_dags/example_task_group_decorator.py for tasks to queue
[2024-10-02T02:07:27.549+0000] {logging_mixin.py:151} INFO - [2024-10-02T02:07:27.539+0000] {dagbag.py:539} INFO - Filling up the DagBag from /home/airflow/.local/lib/python3.8/site-packages/airflow/example_dags/example_task_group_decorator.py
[2024-10-02T02:07:27.610+0000] {processor.py:839} INFO - DAG(s) dict_keys(['example_task_group_decorator']) retrieved from /home/airflow/.local/lib/python3.8/site-packages/airflow/example_dags/example_task_group_decorator.py
[2024-10-02T02:07:27.659+0000] {logging_mixin.py:151} INFO - [2024-10-02T02:07:27.659+0000] {dag.py:2915} INFO - Sync 1 DAGs
[2024-10-02T02:07:27.697+0000] {logging_mixin.py:151} INFO - [2024-10-02T02:07:27.696+0000] {dag.py:3696} INFO - Setting next_dagrun for example_task_group_decorator to 2024-10-01T02:07:27.695559+00:00, run_after=2024-10-02T02:07:27.695559+00:00
[2024-10-02T02:07:27.749+0000] {processor.py:179} INFO - Processing /home/airflow/.local/lib/python3.8/site-packages/airflow/example_dags/example_task_group_decorator.py took 0.281 seconds
[2024-10-02T02:07:58.548+0000] {processor.py:157} INFO - Started process (PID=215) to work on /home/airflow/.local/lib/python3.8/site-packages/airflow/example_dags/example_task_group_decorator.py
[2024-10-02T02:07:58.552+0000] {processor.py:829} INFO - Processing file /home/airflow/.local/lib/python3.8/site-packages/airflow/example_dags/example_task_group_decorator.py for tasks to queue
[2024-10-02T02:07:58.557+0000] {logging_mixin.py:151} INFO - [2024-10-02T02:07:58.556+0000] {dagbag.py:539} INFO - Filling up the DagBag from /home/airflow/.local/lib/python3.8/site-packages/airflow/example_dags/example_task_group_decorator.py
[2024-10-02T02:07:58.589+0000] {processor.py:839} INFO - DAG(s) dict_keys(['example_task_group_decorator']) retrieved from /home/airflow/.local/lib/python3.8/site-packages/airflow/example_dags/example_task_group_decorator.py
[2024-10-02T02:07:58.650+0000] {logging_mixin.py:151} INFO - [2024-10-02T02:07:58.650+0000] {dag.py:2915} INFO - Sync 1 DAGs
[2024-10-02T02:07:58.692+0000] {logging_mixin.py:151} INFO - [2024-10-02T02:07:58.691+0000] {dag.py:3696} INFO - Setting next_dagrun for example_task_group_decorator to 2024-10-01T02:07:58.690530+00:00, run_after=2024-10-02T02:07:58.690530+00:00
[2024-10-02T02:07:58.726+0000] {processor.py:179} INFO - Processing /home/airflow/.local/lib/python3.8/site-packages/airflow/example_dags/example_task_group_decorator.py took 0.184 seconds
[2024-10-02T02:08:28.887+0000] {processor.py:157} INFO - Started process (PID=263) to work on /home/airflow/.local/lib/python3.8/site-packages/airflow/example_dags/example_task_group_decorator.py
[2024-10-02T02:08:28.890+0000] {processor.py:829} INFO - Processing file /home/airflow/.local/lib/python3.8/site-packages/airflow/example_dags/example_task_group_decorator.py for tasks to queue
[2024-10-02T02:08:28.894+0000] {logging_mixin.py:151} INFO - [2024-10-02T02:08:28.893+0000] {dagbag.py:539} INFO - Filling up the DagBag from /home/airflow/.local/lib/python3.8/site-packages/airflow/example_dags/example_task_group_decorator.py
[2024-10-02T02:08:28.916+0000] {processor.py:839} INFO - DAG(s) dict_keys(['example_task_group_decorator']) retrieved from /home/airflow/.local/lib/python3.8/site-packages/airflow/example_dags/example_task_group_decorator.py
[2024-10-02T02:08:28.951+0000] {logging_mixin.py:151} INFO - [2024-10-02T02:08:28.951+0000] {dag.py:2915} INFO - Sync 1 DAGs
[2024-10-02T02:08:28.978+0000] {logging_mixin.py:151} INFO - [2024-10-02T02:08:28.978+0000] {dag.py:3696} INFO - Setting next_dagrun for example_task_group_decorator to 2024-10-01T02:08:28.977282+00:00, run_after=2024-10-02T02:08:28.977282+00:00
[2024-10-02T02:08:29.005+0000] {processor.py:179} INFO - Processing /home/airflow/.local/lib/python3.8/site-packages/airflow/example_dags/example_task_group_decorator.py took 0.122 seconds
[2024-10-02T02:08:59.430+0000] {processor.py:157} INFO - Started process (PID=311) to work on /home/airflow/.local/lib/python3.8/site-packages/airflow/example_dags/example_task_group_decorator.py
[2024-10-02T02:08:59.437+0000] {processor.py:829} INFO - Processing file /home/airflow/.local/lib/python3.8/site-packages/airflow/example_dags/example_task_group_decorator.py for tasks to queue
[2024-10-02T02:08:59.442+0000] {logging_mixin.py:151} INFO - [2024-10-02T02:08:59.441+0000] {dagbag.py:539} INFO - Filling up the DagBag from /home/airflow/.local/lib/python3.8/site-packages/airflow/example_dags/example_task_group_decorator.py
[2024-10-02T02:08:59.467+0000] {processor.py:839} INFO - DAG(s) dict_keys(['example_task_group_decorator']) retrieved from /home/airflow/.local/lib/python3.8/site-packages/airflow/example_dags/example_task_group_decorator.py
[2024-10-02T02:08:59.511+0000] {logging_mixin.py:151} INFO - [2024-10-02T02:08:59.510+0000] {dag.py:2915} INFO - Sync 1 DAGs
[2024-10-02T02:08:59.546+0000] {logging_mixin.py:151} INFO - [2024-10-02T02:08:59.546+0000] {dag.py:3696} INFO - Setting next_dagrun for example_task_group_decorator to 2024-10-01T02:08:59.545098+00:00, run_after=2024-10-02T02:08:59.545098+00:00
[2024-10-02T02:08:59.579+0000] {processor.py:179} INFO - Processing /home/airflow/.local/lib/python3.8/site-packages/airflow/example_dags/example_task_group_decorator.py took 0.153 seconds
[2024-10-02T02:09:30.135+0000] {processor.py:157} INFO - Started process (PID=359) to work on /home/airflow/.local/lib/python3.8/site-packages/airflow/example_dags/example_task_group_decorator.py
[2024-10-02T02:09:30.139+0000] {processor.py:829} INFO - Processing file /home/airflow/.local/lib/python3.8/site-packages/airflow/example_dags/example_task_group_decorator.py for tasks to queue
[2024-10-02T02:09:30.144+0000] {logging_mixin.py:151} INFO - [2024-10-02T02:09:30.143+0000] {dagbag.py:539} INFO - Filling up the DagBag from /home/airflow/.local/lib/python3.8/site-packages/airflow/example_dags/example_task_group_decorator.py
[2024-10-02T02:09:30.165+0000] {processor.py:839} INFO - DAG(s) dict_keys(['example_task_group_decorator']) retrieved from /home/airflow/.local/lib/python3.8/site-packages/airflow/example_dags/example_task_group_decorator.py
[2024-10-02T02:09:30.206+0000] {logging_mixin.py:151} INFO - [2024-10-02T02:09:30.206+0000] {dag.py:2915} INFO - Sync 1 DAGs
[2024-10-02T02:09:30.234+0000] {logging_mixin.py:151} INFO - [2024-10-02T02:09:30.234+0000] {dag.py:3696} INFO - Setting next_dagrun for example_task_group_decorator to 2024-10-01T02:09:30.232772+00:00, run_after=2024-10-02T02:09:30.232772+00:00
[2024-10-02T02:09:30.268+0000] {processor.py:179} INFO - Processing /home/airflow/.local/lib/python3.8/site-packages/airflow/example_dags/example_task_group_decorator.py took 0.138 seconds
[2024-10-02T02:10:01.052+0000] {processor.py:157} INFO - Started process (PID=407) to work on /home/airflow/.local/lib/python3.8/site-packages/airflow/example_dags/example_task_group_decorator.py
[2024-10-02T02:10:01.055+0000] {processor.py:829} INFO - Processing file /home/airflow/.local/lib/python3.8/site-packages/airflow/example_dags/example_task_group_decorator.py for tasks to queue
[2024-10-02T02:10:01.060+0000] {logging_mixin.py:151} INFO - [2024-10-02T02:10:01.059+0000] {dagbag.py:539} INFO - Filling up the DagBag from /home/airflow/.local/lib/python3.8/site-packages/airflow/example_dags/example_task_group_decorator.py
[2024-10-02T02:10:01.079+0000] {processor.py:839} INFO - DAG(s) dict_keys(['example_task_group_decorator']) retrieved from /home/airflow/.local/lib/python3.8/site-packages/airflow/example_dags/example_task_group_decorator.py
[2024-10-02T02:10:01.118+0000] {logging_mixin.py:151} INFO - [2024-10-02T02:10:01.118+0000] {dag.py:2915} INFO - Sync 1 DAGs
[2024-10-02T02:10:01.151+0000] {logging_mixin.py:151} INFO - [2024-10-02T02:10:01.150+0000] {dag.py:3696} INFO - Setting next_dagrun for example_task_group_decorator to 2024-10-01T02:10:01.149848+00:00, run_after=2024-10-02T02:10:01.149848+00:00
[2024-10-02T02:10:01.174+0000] {processor.py:179} INFO - Processing /home/airflow/.local/lib/python3.8/site-packages/airflow/example_dags/example_task_group_decorator.py took 0.126 seconds
