[2024-10-02 01:23:30,950] {scheduler_job.py:182} INFO - Started process (PID=39) to work on /home/airflow/.local/lib/python3.6/site-packages/airflow/example_dags/example_bash_operator.py
[2024-10-02 01:23:30,954] {scheduler_job.py:629} INFO - Processing file /home/airflow/.local/lib/python3.6/site-packages/airflow/example_dags/example_bash_operator.py for tasks to queue
[2024-10-02 01:23:30,957] {logging_mixin.py:104} INFO - [2024-10-02 01:23:30,957] {dagbag.py:451} INFO - Filling up the DagBag from /home/airflow/.local/lib/python3.6/site-packages/airflow/example_dags/example_bash_operator.py
[2024-10-02 01:23:30,979] {scheduler_job.py:639} INFO - DAG(s) dict_keys(['example_bash_operator']) retrieved from /home/airflow/.local/lib/python3.6/site-packages/airflow/example_dags/example_bash_operator.py
[2024-10-02 01:23:31,024] {logging_mixin.py:104} INFO - [2024-10-02 01:23:31,024] {dag.py:1824} INFO - Sync 1 DAGs
[2024-10-02 01:23:31,035] {logging_mixin.py:104} INFO - [2024-10-02 01:23:31,035] {dag.py:1843} INFO - Creating ORM DAG for example_bash_operator
[2024-10-02 01:23:31,049] {logging_mixin.py:104} INFO - [2024-10-02 01:23:31,049] {dag.py:2280} INFO - Setting next_dagrun for example_bash_operator to 2024-09-30 00:00:00+00:00
[2024-10-02 01:23:31,081] {scheduler_job.py:190} INFO - Processing /home/airflow/.local/lib/python3.6/site-packages/airflow/example_dags/example_bash_operator.py took 0.134 seconds
[2024-10-02 01:24:02,337] {scheduler_job.py:182} INFO - Started process (PID=70) to work on /home/airflow/.local/lib/python3.6/site-packages/airflow/example_dags/example_bash_operator.py
[2024-10-02 01:24:02,339] {scheduler_job.py:629} INFO - Processing file /home/airflow/.local/lib/python3.6/site-packages/airflow/example_dags/example_bash_operator.py for tasks to queue
[2024-10-02 01:24:02,341] {logging_mixin.py:104} INFO - [2024-10-02 01:24:02,341] {dagbag.py:451} INFO - Filling up the DagBag from /home/airflow/.local/lib/python3.6/site-packages/airflow/example_dags/example_bash_operator.py
[2024-10-02 01:24:02,359] {scheduler_job.py:639} INFO - DAG(s) dict_keys(['example_bash_operator']) retrieved from /home/airflow/.local/lib/python3.6/site-packages/airflow/example_dags/example_bash_operator.py
[2024-10-02 01:24:02,391] {logging_mixin.py:104} INFO - [2024-10-02 01:24:02,391] {dag.py:1824} INFO - Sync 1 DAGs
[2024-10-02 01:24:02,426] {logging_mixin.py:104} INFO - [2024-10-02 01:24:02,426] {dag.py:2280} INFO - Setting next_dagrun for example_bash_operator to 2024-09-30 00:00:00+00:00
[2024-10-02 01:24:02,444] {scheduler_job.py:190} INFO - Processing /home/airflow/.local/lib/python3.6/site-packages/airflow/example_dags/example_bash_operator.py took 0.111 seconds
[2024-10-02 01:24:32,537] {scheduler_job.py:182} INFO - Started process (PID=95) to work on /home/airflow/.local/lib/python3.6/site-packages/airflow/example_dags/example_bash_operator.py
[2024-10-02 01:24:32,540] {scheduler_job.py:629} INFO - Processing file /home/airflow/.local/lib/python3.6/site-packages/airflow/example_dags/example_bash_operator.py for tasks to queue
[2024-10-02 01:24:32,542] {logging_mixin.py:104} INFO - [2024-10-02 01:24:32,541] {dagbag.py:451} INFO - Filling up the DagBag from /home/airflow/.local/lib/python3.6/site-packages/airflow/example_dags/example_bash_operator.py
[2024-10-02 01:24:32,557] {scheduler_job.py:639} INFO - DAG(s) dict_keys(['example_bash_operator']) retrieved from /home/airflow/.local/lib/python3.6/site-packages/airflow/example_dags/example_bash_operator.py
[2024-10-02 01:24:32,585] {logging_mixin.py:104} INFO - [2024-10-02 01:24:32,584] {dag.py:1824} INFO - Sync 1 DAGs
[2024-10-02 01:24:32,613] {logging_mixin.py:104} INFO - [2024-10-02 01:24:32,613] {dag.py:2280} INFO - Setting next_dagrun for example_bash_operator to 2024-09-30 00:00:00+00:00
[2024-10-02 01:24:32,627] {scheduler_job.py:190} INFO - Processing /home/airflow/.local/lib/python3.6/site-packages/airflow/example_dags/example_bash_operator.py took 0.094 seconds
[2024-10-02 01:25:03,631] {scheduler_job.py:182} INFO - Started process (PID=123) to work on /home/airflow/.local/lib/python3.6/site-packages/airflow/example_dags/example_bash_operator.py
[2024-10-02 01:25:03,636] {scheduler_job.py:629} INFO - Processing file /home/airflow/.local/lib/python3.6/site-packages/airflow/example_dags/example_bash_operator.py for tasks to queue
[2024-10-02 01:25:03,638] {logging_mixin.py:104} INFO - [2024-10-02 01:25:03,638] {dagbag.py:451} INFO - Filling up the DagBag from /home/airflow/.local/lib/python3.6/site-packages/airflow/example_dags/example_bash_operator.py
[2024-10-02 01:25:03,658] {scheduler_job.py:639} INFO - DAG(s) dict_keys(['example_bash_operator']) retrieved from /home/airflow/.local/lib/python3.6/site-packages/airflow/example_dags/example_bash_operator.py
[2024-10-02 01:25:03,697] {logging_mixin.py:104} INFO - [2024-10-02 01:25:03,697] {dag.py:1824} INFO - Sync 1 DAGs
[2024-10-02 01:25:03,727] {logging_mixin.py:104} INFO - [2024-10-02 01:25:03,726] {dag.py:2280} INFO - Setting next_dagrun for example_bash_operator to 2024-09-30 00:00:00+00:00
[2024-10-02 01:25:03,763] {scheduler_job.py:190} INFO - Processing /home/airflow/.local/lib/python3.6/site-packages/airflow/example_dags/example_bash_operator.py took 0.136 seconds
[2024-10-02 01:25:34,099] {scheduler_job.py:182} INFO - Started process (PID=151) to work on /home/airflow/.local/lib/python3.6/site-packages/airflow/example_dags/example_bash_operator.py
[2024-10-02 01:25:34,102] {scheduler_job.py:629} INFO - Processing file /home/airflow/.local/lib/python3.6/site-packages/airflow/example_dags/example_bash_operator.py for tasks to queue
[2024-10-02 01:25:34,103] {logging_mixin.py:104} INFO - [2024-10-02 01:25:34,103] {dagbag.py:451} INFO - Filling up the DagBag from /home/airflow/.local/lib/python3.6/site-packages/airflow/example_dags/example_bash_operator.py
[2024-10-02 01:25:34,117] {scheduler_job.py:639} INFO - DAG(s) dict_keys(['example_bash_operator']) retrieved from /home/airflow/.local/lib/python3.6/site-packages/airflow/example_dags/example_bash_operator.py
[2024-10-02 01:25:34,156] {logging_mixin.py:104} INFO - [2024-10-02 01:25:34,156] {dag.py:1824} INFO - Sync 1 DAGs
[2024-10-02 01:25:34,183] {logging_mixin.py:104} INFO - [2024-10-02 01:25:34,183] {dag.py:2280} INFO - Setting next_dagrun for example_bash_operator to 2024-09-30 00:00:00+00:00
[2024-10-02 01:25:34,196] {scheduler_job.py:190} INFO - Processing /home/airflow/.local/lib/python3.6/site-packages/airflow/example_dags/example_bash_operator.py took 0.101 seconds
[2024-10-02 01:26:05,725] {scheduler_job.py:182} INFO - Started process (PID=183) to work on /home/airflow/.local/lib/python3.6/site-packages/airflow/example_dags/example_bash_operator.py
[2024-10-02 01:26:05,729] {scheduler_job.py:629} INFO - Processing file /home/airflow/.local/lib/python3.6/site-packages/airflow/example_dags/example_bash_operator.py for tasks to queue
[2024-10-02 01:26:05,737] {logging_mixin.py:104} INFO - [2024-10-02 01:26:05,736] {dagbag.py:451} INFO - Filling up the DagBag from /home/airflow/.local/lib/python3.6/site-packages/airflow/example_dags/example_bash_operator.py
[2024-10-02 01:26:05,769] {scheduler_job.py:639} INFO - DAG(s) dict_keys(['example_bash_operator']) retrieved from /home/airflow/.local/lib/python3.6/site-packages/airflow/example_dags/example_bash_operator.py
[2024-10-02 01:26:05,825] {logging_mixin.py:104} INFO - [2024-10-02 01:26:05,825] {dag.py:1824} INFO - Sync 1 DAGs
[2024-10-02 01:26:05,896] {logging_mixin.py:104} INFO - [2024-10-02 01:26:05,896] {dag.py:2280} INFO - Setting next_dagrun for example_bash_operator to 2024-09-30 00:00:00+00:00
[2024-10-02 01:26:05,919] {scheduler_job.py:190} INFO - Processing /home/airflow/.local/lib/python3.6/site-packages/airflow/example_dags/example_bash_operator.py took 0.205 seconds
[2024-10-02 01:26:37,059] {scheduler_job.py:182} INFO - Started process (PID=214) to work on /home/airflow/.local/lib/python3.6/site-packages/airflow/example_dags/example_bash_operator.py
[2024-10-02 01:26:37,060] {scheduler_job.py:629} INFO - Processing file /home/airflow/.local/lib/python3.6/site-packages/airflow/example_dags/example_bash_operator.py for tasks to queue
[2024-10-02 01:26:37,062] {logging_mixin.py:104} INFO - [2024-10-02 01:26:37,061] {dagbag.py:451} INFO - Filling up the DagBag from /home/airflow/.local/lib/python3.6/site-packages/airflow/example_dags/example_bash_operator.py
[2024-10-02 01:26:37,074] {scheduler_job.py:639} INFO - DAG(s) dict_keys(['example_bash_operator']) retrieved from /home/airflow/.local/lib/python3.6/site-packages/airflow/example_dags/example_bash_operator.py
[2024-10-02 01:26:37,097] {logging_mixin.py:104} INFO - [2024-10-02 01:26:37,097] {dag.py:1824} INFO - Sync 1 DAGs
[2024-10-02 01:26:37,118] {logging_mixin.py:104} INFO - [2024-10-02 01:26:37,118] {dag.py:2280} INFO - Setting next_dagrun for example_bash_operator to 2024-09-30 00:00:00+00:00
[2024-10-02 01:26:37,131] {scheduler_job.py:190} INFO - Processing /home/airflow/.local/lib/python3.6/site-packages/airflow/example_dags/example_bash_operator.py took 0.075 seconds
[2024-10-02 01:27:08,219] {scheduler_job.py:182} INFO - Started process (PID=241) to work on /home/airflow/.local/lib/python3.6/site-packages/airflow/example_dags/example_bash_operator.py
[2024-10-02 01:27:08,224] {scheduler_job.py:629} INFO - Processing file /home/airflow/.local/lib/python3.6/site-packages/airflow/example_dags/example_bash_operator.py for tasks to queue
[2024-10-02 01:27:08,228] {logging_mixin.py:104} INFO - [2024-10-02 01:27:08,228] {dagbag.py:451} INFO - Filling up the DagBag from /home/airflow/.local/lib/python3.6/site-packages/airflow/example_dags/example_bash_operator.py
[2024-10-02 01:27:08,255] {scheduler_job.py:639} INFO - DAG(s) dict_keys(['example_bash_operator']) retrieved from /home/airflow/.local/lib/python3.6/site-packages/airflow/example_dags/example_bash_operator.py
[2024-10-02 01:27:08,298] {logging_mixin.py:104} INFO - [2024-10-02 01:27:08,298] {dag.py:1824} INFO - Sync 1 DAGs
[2024-10-02 01:27:08,330] {logging_mixin.py:104} INFO - [2024-10-02 01:27:08,330] {dag.py:2280} INFO - Setting next_dagrun for example_bash_operator to 2024-09-30 00:00:00+00:00
[2024-10-02 01:27:08,343] {scheduler_job.py:190} INFO - Processing /home/airflow/.local/lib/python3.6/site-packages/airflow/example_dags/example_bash_operator.py took 0.128 seconds
[2024-10-02 01:27:39,391] {scheduler_job.py:182} INFO - Started process (PID=268) to work on /home/airflow/.local/lib/python3.6/site-packages/airflow/example_dags/example_bash_operator.py
[2024-10-02 01:27:39,394] {scheduler_job.py:629} INFO - Processing file /home/airflow/.local/lib/python3.6/site-packages/airflow/example_dags/example_bash_operator.py for tasks to queue
[2024-10-02 01:27:39,395] {logging_mixin.py:104} INFO - [2024-10-02 01:27:39,395] {dagbag.py:451} INFO - Filling up the DagBag from /home/airflow/.local/lib/python3.6/site-packages/airflow/example_dags/example_bash_operator.py
[2024-10-02 01:27:39,413] {scheduler_job.py:639} INFO - DAG(s) dict_keys(['example_bash_operator']) retrieved from /home/airflow/.local/lib/python3.6/site-packages/airflow/example_dags/example_bash_operator.py
[2024-10-02 01:27:39,446] {logging_mixin.py:104} INFO - [2024-10-02 01:27:39,446] {dag.py:1824} INFO - Sync 1 DAGs
[2024-10-02 01:27:39,476] {logging_mixin.py:104} INFO - [2024-10-02 01:27:39,475] {dag.py:2280} INFO - Setting next_dagrun for example_bash_operator to 2024-09-30 00:00:00+00:00
[2024-10-02 01:27:39,488] {scheduler_job.py:190} INFO - Processing /home/airflow/.local/lib/python3.6/site-packages/airflow/example_dags/example_bash_operator.py took 0.100 seconds
[2024-10-02 01:28:10,131] {scheduler_job.py:182} INFO - Started process (PID=295) to work on /home/airflow/.local/lib/python3.6/site-packages/airflow/example_dags/example_bash_operator.py
[2024-10-02 01:28:10,133] {scheduler_job.py:629} INFO - Processing file /home/airflow/.local/lib/python3.6/site-packages/airflow/example_dags/example_bash_operator.py for tasks to queue
[2024-10-02 01:28:10,134] {logging_mixin.py:104} INFO - [2024-10-02 01:28:10,134] {dagbag.py:451} INFO - Filling up the DagBag from /home/airflow/.local/lib/python3.6/site-packages/airflow/example_dags/example_bash_operator.py
[2024-10-02 01:28:10,151] {scheduler_job.py:639} INFO - DAG(s) dict_keys(['example_bash_operator']) retrieved from /home/airflow/.local/lib/python3.6/site-packages/airflow/example_dags/example_bash_operator.py
[2024-10-02 01:28:10,179] {logging_mixin.py:104} INFO - [2024-10-02 01:28:10,179] {dag.py:1824} INFO - Sync 1 DAGs
[2024-10-02 01:28:10,199] {logging_mixin.py:104} INFO - [2024-10-02 01:28:10,199] {dag.py:2280} INFO - Setting next_dagrun for example_bash_operator to 2024-09-30 00:00:00+00:00
[2024-10-02 01:28:10,207] {scheduler_job.py:190} INFO - Processing /home/airflow/.local/lib/python3.6/site-packages/airflow/example_dags/example_bash_operator.py took 0.080 seconds
[2024-10-02 01:28:41,047] {scheduler_job.py:182} INFO - Started process (PID=322) to work on /home/airflow/.local/lib/python3.6/site-packages/airflow/example_dags/example_bash_operator.py
[2024-10-02 01:28:41,049] {scheduler_job.py:629} INFO - Processing file /home/airflow/.local/lib/python3.6/site-packages/airflow/example_dags/example_bash_operator.py for tasks to queue
[2024-10-02 01:28:41,051] {logging_mixin.py:104} INFO - [2024-10-02 01:28:41,050] {dagbag.py:451} INFO - Filling up the DagBag from /home/airflow/.local/lib/python3.6/site-packages/airflow/example_dags/example_bash_operator.py
[2024-10-02 01:28:41,067] {scheduler_job.py:639} INFO - DAG(s) dict_keys(['example_bash_operator']) retrieved from /home/airflow/.local/lib/python3.6/site-packages/airflow/example_dags/example_bash_operator.py
[2024-10-02 01:28:41,104] {logging_mixin.py:104} INFO - [2024-10-02 01:28:41,104] {dag.py:1824} INFO - Sync 1 DAGs
[2024-10-02 01:28:41,129] {logging_mixin.py:104} INFO - [2024-10-02 01:28:41,128] {dag.py:2280} INFO - Setting next_dagrun for example_bash_operator to 2024-09-30 00:00:00+00:00
[2024-10-02 01:28:41,139] {scheduler_job.py:190} INFO - Processing /home/airflow/.local/lib/python3.6/site-packages/airflow/example_dags/example_bash_operator.py took 0.095 seconds
[2024-10-02T01:32:13.853+0000] {processor.py:157} INFO - Started process (PID=50) to work on /home/airflow/.local/lib/python3.8/site-packages/airflow/example_dags/example_bash_operator.py
[2024-10-02T01:32:13.857+0000] {processor.py:829} INFO - Processing file /home/airflow/.local/lib/python3.8/site-packages/airflow/example_dags/example_bash_operator.py for tasks to queue
[2024-10-02T01:32:13.862+0000] {logging_mixin.py:151} INFO - [2024-10-02T01:32:13.861+0000] {dagbag.py:539} INFO - Filling up the DagBag from /home/airflow/.local/lib/python3.8/site-packages/airflow/example_dags/example_bash_operator.py
[2024-10-02T01:32:13.889+0000] {processor.py:839} INFO - DAG(s) dict_keys(['example_bash_operator']) retrieved from /home/airflow/.local/lib/python3.8/site-packages/airflow/example_dags/example_bash_operator.py
[2024-10-02T01:32:14.076+0000] {logging_mixin.py:151} INFO - [2024-10-02T01:32:14.075+0000] {manager.py:499} INFO - Created Permission View: %s
[2024-10-02T01:32:14.091+0000] {logging_mixin.py:151} INFO - [2024-10-02T01:32:14.090+0000] {manager.py:499} INFO - Created Permission View: %s
[2024-10-02T01:32:14.103+0000] {logging_mixin.py:151} INFO - [2024-10-02T01:32:14.103+0000] {manager.py:499} INFO - Created Permission View: %s
[2024-10-02T01:32:14.125+0000] {logging_mixin.py:151} INFO - [2024-10-02T01:32:14.124+0000] {security.py:708} INFO - Not syncing DAG-level permissions for DAG 'DAG:example_bash_operator' as access control is unset.
[2024-10-02T01:32:14.139+0000] {logging_mixin.py:151} INFO - [2024-10-02T01:32:14.138+0000] {dag.py:2915} INFO - Sync 1 DAGs
[2024-10-02T01:32:14.203+0000] {logging_mixin.py:151} INFO - [2024-10-02T01:32:14.203+0000] {dag.py:2937} INFO - Creating ORM DAG for example_bash_operator
[2024-10-02T01:32:14.258+0000] {logging_mixin.py:151} INFO - [2024-10-02T01:32:14.254+0000] {dag.py:3696} INFO - Setting next_dagrun for example_bash_operator to 2024-10-01T00:00:00+00:00, run_after=2024-10-02T00:00:00+00:00
[2024-10-02T01:32:14.319+0000] {processor.py:179} INFO - Processing /home/airflow/.local/lib/python3.8/site-packages/airflow/example_dags/example_bash_operator.py took 0.470 seconds
[2024-10-02T01:32:45.265+0000] {processor.py:157} INFO - Started process (PID=98) to work on /home/airflow/.local/lib/python3.8/site-packages/airflow/example_dags/example_bash_operator.py
[2024-10-02T01:32:45.269+0000] {processor.py:829} INFO - Processing file /home/airflow/.local/lib/python3.8/site-packages/airflow/example_dags/example_bash_operator.py for tasks to queue
[2024-10-02T01:32:45.274+0000] {logging_mixin.py:151} INFO - [2024-10-02T01:32:45.273+0000] {dagbag.py:539} INFO - Filling up the DagBag from /home/airflow/.local/lib/python3.8/site-packages/airflow/example_dags/example_bash_operator.py
[2024-10-02T01:32:45.318+0000] {processor.py:839} INFO - DAG(s) dict_keys(['example_bash_operator']) retrieved from /home/airflow/.local/lib/python3.8/site-packages/airflow/example_dags/example_bash_operator.py
[2024-10-02T01:32:45.382+0000] {logging_mixin.py:151} INFO - [2024-10-02T01:32:45.382+0000] {dag.py:2915} INFO - Sync 1 DAGs
[2024-10-02T01:32:45.421+0000] {logging_mixin.py:151} INFO - [2024-10-02T01:32:45.420+0000] {dag.py:3696} INFO - Setting next_dagrun for example_bash_operator to 2024-10-01T00:00:00+00:00, run_after=2024-10-02T00:00:00+00:00
[2024-10-02T01:32:45.476+0000] {processor.py:179} INFO - Processing /home/airflow/.local/lib/python3.8/site-packages/airflow/example_dags/example_bash_operator.py took 0.216 seconds
[2024-10-02T01:33:15.552+0000] {processor.py:157} INFO - Started process (PID=145) to work on /home/airflow/.local/lib/python3.8/site-packages/airflow/example_dags/example_bash_operator.py
[2024-10-02T01:33:15.741+0000] {processor.py:829} INFO - Processing file /home/airflow/.local/lib/python3.8/site-packages/airflow/example_dags/example_bash_operator.py for tasks to queue
[2024-10-02T01:33:15.753+0000] {logging_mixin.py:151} INFO - [2024-10-02T01:33:15.752+0000] {dagbag.py:539} INFO - Filling up the DagBag from /home/airflow/.local/lib/python3.8/site-packages/airflow/example_dags/example_bash_operator.py
[2024-10-02T01:33:15.788+0000] {processor.py:839} INFO - DAG(s) dict_keys(['example_bash_operator']) retrieved from /home/airflow/.local/lib/python3.8/site-packages/airflow/example_dags/example_bash_operator.py
[2024-10-02T01:33:15.872+0000] {logging_mixin.py:151} INFO - [2024-10-02T01:33:15.871+0000] {dag.py:2915} INFO - Sync 1 DAGs
[2024-10-02T01:33:15.951+0000] {logging_mixin.py:151} INFO - [2024-10-02T01:33:15.950+0000] {dag.py:3696} INFO - Setting next_dagrun for example_bash_operator to 2024-10-01T00:00:00+00:00, run_after=2024-10-02T00:00:00+00:00
[2024-10-02T01:33:15.995+0000] {processor.py:179} INFO - Processing /home/airflow/.local/lib/python3.8/site-packages/airflow/example_dags/example_bash_operator.py took 0.451 seconds
[2024-10-02T01:33:46.607+0000] {processor.py:157} INFO - Started process (PID=193) to work on /home/airflow/.local/lib/python3.8/site-packages/airflow/example_dags/example_bash_operator.py
[2024-10-02T01:33:46.609+0000] {processor.py:829} INFO - Processing file /home/airflow/.local/lib/python3.8/site-packages/airflow/example_dags/example_bash_operator.py for tasks to queue
[2024-10-02T01:33:46.614+0000] {logging_mixin.py:151} INFO - [2024-10-02T01:33:46.614+0000] {dagbag.py:539} INFO - Filling up the DagBag from /home/airflow/.local/lib/python3.8/site-packages/airflow/example_dags/example_bash_operator.py
[2024-10-02T01:33:46.640+0000] {processor.py:839} INFO - DAG(s) dict_keys(['example_bash_operator']) retrieved from /home/airflow/.local/lib/python3.8/site-packages/airflow/example_dags/example_bash_operator.py
[2024-10-02T01:33:46.689+0000] {logging_mixin.py:151} INFO - [2024-10-02T01:33:46.689+0000] {dag.py:2915} INFO - Sync 1 DAGs
[2024-10-02T01:33:46.726+0000] {logging_mixin.py:151} INFO - [2024-10-02T01:33:46.726+0000] {dag.py:3696} INFO - Setting next_dagrun for example_bash_operator to 2024-10-01T00:00:00+00:00, run_after=2024-10-02T00:00:00+00:00
[2024-10-02T01:33:46.759+0000] {processor.py:179} INFO - Processing /home/airflow/.local/lib/python3.8/site-packages/airflow/example_dags/example_bash_operator.py took 0.157 seconds
[2024-10-02T01:34:17.325+0000] {processor.py:157} INFO - Started process (PID=241) to work on /home/airflow/.local/lib/python3.8/site-packages/airflow/example_dags/example_bash_operator.py
[2024-10-02T01:34:17.328+0000] {processor.py:829} INFO - Processing file /home/airflow/.local/lib/python3.8/site-packages/airflow/example_dags/example_bash_operator.py for tasks to queue
[2024-10-02T01:34:17.334+0000] {logging_mixin.py:151} INFO - [2024-10-02T01:34:17.334+0000] {dagbag.py:539} INFO - Filling up the DagBag from /home/airflow/.local/lib/python3.8/site-packages/airflow/example_dags/example_bash_operator.py
[2024-10-02T01:34:17.361+0000] {processor.py:839} INFO - DAG(s) dict_keys(['example_bash_operator']) retrieved from /home/airflow/.local/lib/python3.8/site-packages/airflow/example_dags/example_bash_operator.py
[2024-10-02T01:34:17.432+0000] {logging_mixin.py:151} INFO - [2024-10-02T01:34:17.432+0000] {dag.py:2915} INFO - Sync 1 DAGs
[2024-10-02T01:34:17.479+0000] {logging_mixin.py:151} INFO - [2024-10-02T01:34:17.478+0000] {dag.py:3696} INFO - Setting next_dagrun for example_bash_operator to 2024-10-01T00:00:00+00:00, run_after=2024-10-02T00:00:00+00:00
[2024-10-02T01:34:17.525+0000] {processor.py:179} INFO - Processing /home/airflow/.local/lib/python3.8/site-packages/airflow/example_dags/example_bash_operator.py took 0.217 seconds
[2024-10-02T01:34:47.982+0000] {processor.py:157} INFO - Started process (PID=289) to work on /home/airflow/.local/lib/python3.8/site-packages/airflow/example_dags/example_bash_operator.py
[2024-10-02T01:34:47.985+0000] {processor.py:829} INFO - Processing file /home/airflow/.local/lib/python3.8/site-packages/airflow/example_dags/example_bash_operator.py for tasks to queue
[2024-10-02T01:34:47.990+0000] {logging_mixin.py:151} INFO - [2024-10-02T01:34:47.989+0000] {dagbag.py:539} INFO - Filling up the DagBag from /home/airflow/.local/lib/python3.8/site-packages/airflow/example_dags/example_bash_operator.py
[2024-10-02T01:34:48.007+0000] {processor.py:839} INFO - DAG(s) dict_keys(['example_bash_operator']) retrieved from /home/airflow/.local/lib/python3.8/site-packages/airflow/example_dags/example_bash_operator.py
[2024-10-02T01:34:48.057+0000] {logging_mixin.py:151} INFO - [2024-10-02T01:34:48.057+0000] {dag.py:2915} INFO - Sync 1 DAGs
[2024-10-02T01:34:48.096+0000] {logging_mixin.py:151} INFO - [2024-10-02T01:34:48.096+0000] {dag.py:3696} INFO - Setting next_dagrun for example_bash_operator to 2024-10-01T00:00:00+00:00, run_after=2024-10-02T00:00:00+00:00
[2024-10-02T01:34:48.124+0000] {processor.py:179} INFO - Processing /home/airflow/.local/lib/python3.8/site-packages/airflow/example_dags/example_bash_operator.py took 0.146 seconds
[2024-10-02T01:35:18.414+0000] {processor.py:157} INFO - Started process (PID=337) to work on /home/airflow/.local/lib/python3.8/site-packages/airflow/example_dags/example_bash_operator.py
[2024-10-02T01:35:18.417+0000] {processor.py:829} INFO - Processing file /home/airflow/.local/lib/python3.8/site-packages/airflow/example_dags/example_bash_operator.py for tasks to queue
[2024-10-02T01:35:18.430+0000] {logging_mixin.py:151} INFO - [2024-10-02T01:35:18.428+0000] {dagbag.py:539} INFO - Filling up the DagBag from /home/airflow/.local/lib/python3.8/site-packages/airflow/example_dags/example_bash_operator.py
[2024-10-02T01:35:18.456+0000] {processor.py:839} INFO - DAG(s) dict_keys(['example_bash_operator']) retrieved from /home/airflow/.local/lib/python3.8/site-packages/airflow/example_dags/example_bash_operator.py
[2024-10-02T01:35:18.510+0000] {logging_mixin.py:151} INFO - [2024-10-02T01:35:18.509+0000] {dag.py:2915} INFO - Sync 1 DAGs
[2024-10-02T01:35:18.563+0000] {logging_mixin.py:151} INFO - [2024-10-02T01:35:18.562+0000] {dag.py:3696} INFO - Setting next_dagrun for example_bash_operator to 2024-10-01T00:00:00+00:00, run_after=2024-10-02T00:00:00+00:00
[2024-10-02T01:35:18.601+0000] {processor.py:179} INFO - Processing /home/airflow/.local/lib/python3.8/site-packages/airflow/example_dags/example_bash_operator.py took 0.191 seconds
[2024-10-02T01:35:48.914+0000] {processor.py:157} INFO - Started process (PID=385) to work on /home/airflow/.local/lib/python3.8/site-packages/airflow/example_dags/example_bash_operator.py
[2024-10-02T01:35:48.918+0000] {processor.py:829} INFO - Processing file /home/airflow/.local/lib/python3.8/site-packages/airflow/example_dags/example_bash_operator.py for tasks to queue
[2024-10-02T01:35:48.924+0000] {logging_mixin.py:151} INFO - [2024-10-02T01:35:48.923+0000] {dagbag.py:539} INFO - Filling up the DagBag from /home/airflow/.local/lib/python3.8/site-packages/airflow/example_dags/example_bash_operator.py
[2024-10-02T01:35:48.947+0000] {processor.py:839} INFO - DAG(s) dict_keys(['example_bash_operator']) retrieved from /home/airflow/.local/lib/python3.8/site-packages/airflow/example_dags/example_bash_operator.py
[2024-10-02T01:35:49.005+0000] {logging_mixin.py:151} INFO - [2024-10-02T01:35:49.004+0000] {dag.py:2915} INFO - Sync 1 DAGs
[2024-10-02T01:35:49.064+0000] {logging_mixin.py:151} INFO - [2024-10-02T01:35:49.064+0000] {dag.py:3696} INFO - Setting next_dagrun for example_bash_operator to 2024-10-01T00:00:00+00:00, run_after=2024-10-02T00:00:00+00:00
[2024-10-02T01:35:49.105+0000] {processor.py:179} INFO - Processing /home/airflow/.local/lib/python3.8/site-packages/airflow/example_dags/example_bash_operator.py took 0.196 seconds
[2024-10-02T01:36:19.410+0000] {processor.py:157} INFO - Started process (PID=433) to work on /home/airflow/.local/lib/python3.8/site-packages/airflow/example_dags/example_bash_operator.py
[2024-10-02T01:36:19.414+0000] {processor.py:829} INFO - Processing file /home/airflow/.local/lib/python3.8/site-packages/airflow/example_dags/example_bash_operator.py for tasks to queue
[2024-10-02T01:36:19.418+0000] {logging_mixin.py:151} INFO - [2024-10-02T01:36:19.417+0000] {dagbag.py:539} INFO - Filling up the DagBag from /home/airflow/.local/lib/python3.8/site-packages/airflow/example_dags/example_bash_operator.py
[2024-10-02T01:36:19.443+0000] {processor.py:839} INFO - DAG(s) dict_keys(['example_bash_operator']) retrieved from /home/airflow/.local/lib/python3.8/site-packages/airflow/example_dags/example_bash_operator.py
[2024-10-02T01:36:19.503+0000] {logging_mixin.py:151} INFO - [2024-10-02T01:36:19.503+0000] {dag.py:2915} INFO - Sync 1 DAGs
[2024-10-02T01:36:19.547+0000] {logging_mixin.py:151} INFO - [2024-10-02T01:36:19.546+0000] {dag.py:3696} INFO - Setting next_dagrun for example_bash_operator to 2024-10-01T00:00:00+00:00, run_after=2024-10-02T00:00:00+00:00
[2024-10-02T01:36:19.608+0000] {processor.py:179} INFO - Processing /home/airflow/.local/lib/python3.8/site-packages/airflow/example_dags/example_bash_operator.py took 0.198 seconds
[2024-10-02T01:36:49.677+0000] {processor.py:157} INFO - Started process (PID=481) to work on /home/airflow/.local/lib/python3.8/site-packages/airflow/example_dags/example_bash_operator.py
[2024-10-02T01:36:49.681+0000] {processor.py:829} INFO - Processing file /home/airflow/.local/lib/python3.8/site-packages/airflow/example_dags/example_bash_operator.py for tasks to queue
[2024-10-02T01:36:49.690+0000] {logging_mixin.py:151} INFO - [2024-10-02T01:36:49.689+0000] {dagbag.py:539} INFO - Filling up the DagBag from /home/airflow/.local/lib/python3.8/site-packages/airflow/example_dags/example_bash_operator.py
[2024-10-02T01:36:49.711+0000] {processor.py:839} INFO - DAG(s) dict_keys(['example_bash_operator']) retrieved from /home/airflow/.local/lib/python3.8/site-packages/airflow/example_dags/example_bash_operator.py
[2024-10-02T01:36:49.760+0000] {logging_mixin.py:151} INFO - [2024-10-02T01:36:49.760+0000] {dag.py:2915} INFO - Sync 1 DAGs
[2024-10-02T01:36:49.800+0000] {logging_mixin.py:151} INFO - [2024-10-02T01:36:49.800+0000] {dag.py:3696} INFO - Setting next_dagrun for example_bash_operator to 2024-10-01T00:00:00+00:00, run_after=2024-10-02T00:00:00+00:00
[2024-10-02T01:36:49.823+0000] {processor.py:179} INFO - Processing /home/airflow/.local/lib/python3.8/site-packages/airflow/example_dags/example_bash_operator.py took 0.152 seconds
[2024-10-02T01:37:20.054+0000] {processor.py:157} INFO - Started process (PID=529) to work on /home/airflow/.local/lib/python3.8/site-packages/airflow/example_dags/example_bash_operator.py
[2024-10-02T01:37:20.059+0000] {processor.py:829} INFO - Processing file /home/airflow/.local/lib/python3.8/site-packages/airflow/example_dags/example_bash_operator.py for tasks to queue
[2024-10-02T01:37:20.063+0000] {logging_mixin.py:151} INFO - [2024-10-02T01:37:20.062+0000] {dagbag.py:539} INFO - Filling up the DagBag from /home/airflow/.local/lib/python3.8/site-packages/airflow/example_dags/example_bash_operator.py
[2024-10-02T01:37:20.083+0000] {processor.py:839} INFO - DAG(s) dict_keys(['example_bash_operator']) retrieved from /home/airflow/.local/lib/python3.8/site-packages/airflow/example_dags/example_bash_operator.py
[2024-10-02T01:37:20.133+0000] {logging_mixin.py:151} INFO - [2024-10-02T01:37:20.133+0000] {dag.py:2915} INFO - Sync 1 DAGs
[2024-10-02T01:37:20.169+0000] {logging_mixin.py:151} INFO - [2024-10-02T01:37:20.168+0000] {dag.py:3696} INFO - Setting next_dagrun for example_bash_operator to 2024-10-01T00:00:00+00:00, run_after=2024-10-02T00:00:00+00:00
[2024-10-02T01:37:20.198+0000] {processor.py:179} INFO - Processing /home/airflow/.local/lib/python3.8/site-packages/airflow/example_dags/example_bash_operator.py took 0.149 seconds
[2024-10-02T01:37:50.376+0000] {processor.py:157} INFO - Started process (PID=577) to work on /home/airflow/.local/lib/python3.8/site-packages/airflow/example_dags/example_bash_operator.py
[2024-10-02T01:37:50.379+0000] {processor.py:829} INFO - Processing file /home/airflow/.local/lib/python3.8/site-packages/airflow/example_dags/example_bash_operator.py for tasks to queue
[2024-10-02T01:37:50.384+0000] {logging_mixin.py:151} INFO - [2024-10-02T01:37:50.384+0000] {dagbag.py:539} INFO - Filling up the DagBag from /home/airflow/.local/lib/python3.8/site-packages/airflow/example_dags/example_bash_operator.py
[2024-10-02T01:37:50.409+0000] {processor.py:839} INFO - DAG(s) dict_keys(['example_bash_operator']) retrieved from /home/airflow/.local/lib/python3.8/site-packages/airflow/example_dags/example_bash_operator.py
[2024-10-02T01:37:50.457+0000] {logging_mixin.py:151} INFO - [2024-10-02T01:37:50.457+0000] {dag.py:2915} INFO - Sync 1 DAGs
[2024-10-02T01:37:50.489+0000] {logging_mixin.py:151} INFO - [2024-10-02T01:37:50.489+0000] {dag.py:3696} INFO - Setting next_dagrun for example_bash_operator to 2024-10-01T00:00:00+00:00, run_after=2024-10-02T00:00:00+00:00
[2024-10-02T01:37:50.514+0000] {processor.py:179} INFO - Processing /home/airflow/.local/lib/python3.8/site-packages/airflow/example_dags/example_bash_operator.py took 0.142 seconds
[2024-10-02T01:38:20.920+0000] {processor.py:157} INFO - Started process (PID=625) to work on /home/airflow/.local/lib/python3.8/site-packages/airflow/example_dags/example_bash_operator.py
[2024-10-02T01:38:20.931+0000] {processor.py:829} INFO - Processing file /home/airflow/.local/lib/python3.8/site-packages/airflow/example_dags/example_bash_operator.py for tasks to queue
[2024-10-02T01:38:20.936+0000] {logging_mixin.py:151} INFO - [2024-10-02T01:38:20.936+0000] {dagbag.py:539} INFO - Filling up the DagBag from /home/airflow/.local/lib/python3.8/site-packages/airflow/example_dags/example_bash_operator.py
[2024-10-02T01:38:20.963+0000] {processor.py:839} INFO - DAG(s) dict_keys(['example_bash_operator']) retrieved from /home/airflow/.local/lib/python3.8/site-packages/airflow/example_dags/example_bash_operator.py
[2024-10-02T01:38:21.041+0000] {logging_mixin.py:151} INFO - [2024-10-02T01:38:21.040+0000] {dag.py:2915} INFO - Sync 1 DAGs
[2024-10-02T01:38:21.101+0000] {logging_mixin.py:151} INFO - [2024-10-02T01:38:21.101+0000] {dag.py:3696} INFO - Setting next_dagrun for example_bash_operator to 2024-10-01T00:00:00+00:00, run_after=2024-10-02T00:00:00+00:00
[2024-10-02T01:38:21.160+0000] {processor.py:179} INFO - Processing /home/airflow/.local/lib/python3.8/site-packages/airflow/example_dags/example_bash_operator.py took 0.245 seconds
[2024-10-02T01:38:51.285+0000] {processor.py:157} INFO - Started process (PID=673) to work on /home/airflow/.local/lib/python3.8/site-packages/airflow/example_dags/example_bash_operator.py
[2024-10-02T01:38:51.289+0000] {processor.py:829} INFO - Processing file /home/airflow/.local/lib/python3.8/site-packages/airflow/example_dags/example_bash_operator.py for tasks to queue
[2024-10-02T01:38:51.295+0000] {logging_mixin.py:151} INFO - [2024-10-02T01:38:51.294+0000] {dagbag.py:539} INFO - Filling up the DagBag from /home/airflow/.local/lib/python3.8/site-packages/airflow/example_dags/example_bash_operator.py
[2024-10-02T01:38:51.325+0000] {processor.py:839} INFO - DAG(s) dict_keys(['example_bash_operator']) retrieved from /home/airflow/.local/lib/python3.8/site-packages/airflow/example_dags/example_bash_operator.py
[2024-10-02T01:38:51.371+0000] {logging_mixin.py:151} INFO - [2024-10-02T01:38:51.371+0000] {dag.py:2915} INFO - Sync 1 DAGs
[2024-10-02T01:38:51.413+0000] {logging_mixin.py:151} INFO - [2024-10-02T01:38:51.412+0000] {dag.py:3696} INFO - Setting next_dagrun for example_bash_operator to 2024-10-01T00:00:00+00:00, run_after=2024-10-02T00:00:00+00:00
[2024-10-02T01:38:51.453+0000] {processor.py:179} INFO - Processing /home/airflow/.local/lib/python3.8/site-packages/airflow/example_dags/example_bash_operator.py took 0.171 seconds
[2024-10-02T01:39:21.980+0000] {processor.py:157} INFO - Started process (PID=721) to work on /home/airflow/.local/lib/python3.8/site-packages/airflow/example_dags/example_bash_operator.py
[2024-10-02T01:39:21.982+0000] {processor.py:829} INFO - Processing file /home/airflow/.local/lib/python3.8/site-packages/airflow/example_dags/example_bash_operator.py for tasks to queue
[2024-10-02T01:39:21.992+0000] {logging_mixin.py:151} INFO - [2024-10-02T01:39:21.989+0000] {dagbag.py:539} INFO - Filling up the DagBag from /home/airflow/.local/lib/python3.8/site-packages/airflow/example_dags/example_bash_operator.py
[2024-10-02T01:39:22.032+0000] {processor.py:839} INFO - DAG(s) dict_keys(['example_bash_operator']) retrieved from /home/airflow/.local/lib/python3.8/site-packages/airflow/example_dags/example_bash_operator.py
[2024-10-02T01:39:22.088+0000] {logging_mixin.py:151} INFO - [2024-10-02T01:39:22.087+0000] {dag.py:2915} INFO - Sync 1 DAGs
[2024-10-02T01:39:22.130+0000] {logging_mixin.py:151} INFO - [2024-10-02T01:39:22.129+0000] {dag.py:3696} INFO - Setting next_dagrun for example_bash_operator to 2024-10-01T00:00:00+00:00, run_after=2024-10-02T00:00:00+00:00
[2024-10-02T01:39:22.162+0000] {processor.py:179} INFO - Processing /home/airflow/.local/lib/python3.8/site-packages/airflow/example_dags/example_bash_operator.py took 0.190 seconds
[2024-10-02T01:45:33.557+0000] {processor.py:157} INFO - Started process (PID=50) to work on /home/airflow/.local/lib/python3.8/site-packages/airflow/example_dags/example_bash_operator.py
[2024-10-02T01:45:33.567+0000] {processor.py:829} INFO - Processing file /home/airflow/.local/lib/python3.8/site-packages/airflow/example_dags/example_bash_operator.py for tasks to queue
[2024-10-02T01:45:33.584+0000] {logging_mixin.py:151} INFO - [2024-10-02T01:45:33.583+0000] {dagbag.py:539} INFO - Filling up the DagBag from /home/airflow/.local/lib/python3.8/site-packages/airflow/example_dags/example_bash_operator.py
[2024-10-02T01:45:33.677+0000] {processor.py:839} INFO - DAG(s) dict_keys(['example_bash_operator']) retrieved from /home/airflow/.local/lib/python3.8/site-packages/airflow/example_dags/example_bash_operator.py
[2024-10-02T01:45:34.232+0000] {logging_mixin.py:151} INFO - [2024-10-02T01:45:34.232+0000] {manager.py:499} INFO - Created Permission View: %s
[2024-10-02T01:45:34.257+0000] {logging_mixin.py:151} INFO - [2024-10-02T01:45:34.257+0000] {manager.py:499} INFO - Created Permission View: %s
[2024-10-02T01:45:34.276+0000] {logging_mixin.py:151} INFO - [2024-10-02T01:45:34.275+0000] {manager.py:499} INFO - Created Permission View: %s
[2024-10-02T01:45:34.281+0000] {logging_mixin.py:151} INFO - [2024-10-02T01:45:34.281+0000] {security.py:708} INFO - Not syncing DAG-level permissions for DAG 'DAG:example_bash_operator' as access control is unset.
[2024-10-02T01:45:34.285+0000] {logging_mixin.py:151} INFO - [2024-10-02T01:45:34.285+0000] {dag.py:2915} INFO - Sync 1 DAGs
[2024-10-02T01:45:34.308+0000] {logging_mixin.py:151} INFO - [2024-10-02T01:45:34.308+0000] {dag.py:2937} INFO - Creating ORM DAG for example_bash_operator
[2024-10-02T01:45:34.329+0000] {logging_mixin.py:151} INFO - [2024-10-02T01:45:34.329+0000] {dag.py:3696} INFO - Setting next_dagrun for example_bash_operator to 2024-10-01T00:00:00+00:00, run_after=2024-10-02T00:00:00+00:00
[2024-10-02T01:45:34.372+0000] {processor.py:179} INFO - Processing /home/airflow/.local/lib/python3.8/site-packages/airflow/example_dags/example_bash_operator.py took 0.841 seconds
[2024-10-02T01:46:04.814+0000] {processor.py:157} INFO - Started process (PID=98) to work on /home/airflow/.local/lib/python3.8/site-packages/airflow/example_dags/example_bash_operator.py
[2024-10-02T01:46:04.818+0000] {processor.py:829} INFO - Processing file /home/airflow/.local/lib/python3.8/site-packages/airflow/example_dags/example_bash_operator.py for tasks to queue
[2024-10-02T01:46:04.823+0000] {logging_mixin.py:151} INFO - [2024-10-02T01:46:04.823+0000] {dagbag.py:539} INFO - Filling up the DagBag from /home/airflow/.local/lib/python3.8/site-packages/airflow/example_dags/example_bash_operator.py
[2024-10-02T01:46:04.845+0000] {processor.py:839} INFO - DAG(s) dict_keys(['example_bash_operator']) retrieved from /home/airflow/.local/lib/python3.8/site-packages/airflow/example_dags/example_bash_operator.py
[2024-10-02T01:46:04.890+0000] {logging_mixin.py:151} INFO - [2024-10-02T01:46:04.890+0000] {dag.py:2915} INFO - Sync 1 DAGs
[2024-10-02T01:46:04.925+0000] {logging_mixin.py:151} INFO - [2024-10-02T01:46:04.924+0000] {dag.py:3696} INFO - Setting next_dagrun for example_bash_operator to 2024-10-01T00:00:00+00:00, run_after=2024-10-02T00:00:00+00:00
[2024-10-02T01:46:04.948+0000] {processor.py:179} INFO - Processing /home/airflow/.local/lib/python3.8/site-packages/airflow/example_dags/example_bash_operator.py took 0.140 seconds
[2024-10-02T01:47:00.890+0000] {processor.py:157} INFO - Started process (PID=50) to work on /home/airflow/.local/lib/python3.8/site-packages/airflow/example_dags/example_bash_operator.py
[2024-10-02T01:47:00.902+0000] {processor.py:829} INFO - Processing file /home/airflow/.local/lib/python3.8/site-packages/airflow/example_dags/example_bash_operator.py for tasks to queue
[2024-10-02T01:47:00.915+0000] {logging_mixin.py:151} INFO - [2024-10-02T01:47:00.914+0000] {dagbag.py:539} INFO - Filling up the DagBag from /home/airflow/.local/lib/python3.8/site-packages/airflow/example_dags/example_bash_operator.py
[2024-10-02T01:47:01.010+0000] {processor.py:839} INFO - DAG(s) dict_keys(['example_bash_operator']) retrieved from /home/airflow/.local/lib/python3.8/site-packages/airflow/example_dags/example_bash_operator.py
[2024-10-02T01:47:01.088+0000] {logging_mixin.py:151} INFO - [2024-10-02T01:47:01.088+0000] {dag.py:2915} INFO - Sync 1 DAGs
[2024-10-02T01:47:01.197+0000] {logging_mixin.py:151} INFO - [2024-10-02T01:47:01.196+0000] {dag.py:3696} INFO - Setting next_dagrun for example_bash_operator to 2024-10-01T00:00:00+00:00, run_after=2024-10-02T00:00:00+00:00
[2024-10-02T01:47:01.269+0000] {processor.py:179} INFO - Processing /home/airflow/.local/lib/python3.8/site-packages/airflow/example_dags/example_bash_operator.py took 0.411 seconds
[2024-10-02T01:47:32.137+0000] {processor.py:157} INFO - Started process (PID=97) to work on /home/airflow/.local/lib/python3.8/site-packages/airflow/example_dags/example_bash_operator.py
[2024-10-02T01:47:32.142+0000] {processor.py:829} INFO - Processing file /home/airflow/.local/lib/python3.8/site-packages/airflow/example_dags/example_bash_operator.py for tasks to queue
[2024-10-02T01:47:32.148+0000] {logging_mixin.py:151} INFO - [2024-10-02T01:47:32.147+0000] {dagbag.py:539} INFO - Filling up the DagBag from /home/airflow/.local/lib/python3.8/site-packages/airflow/example_dags/example_bash_operator.py
[2024-10-02T01:47:32.173+0000] {processor.py:839} INFO - DAG(s) dict_keys(['example_bash_operator']) retrieved from /home/airflow/.local/lib/python3.8/site-packages/airflow/example_dags/example_bash_operator.py
[2024-10-02T01:47:32.233+0000] {logging_mixin.py:151} INFO - [2024-10-02T01:47:32.232+0000] {dag.py:2915} INFO - Sync 1 DAGs
[2024-10-02T01:47:32.278+0000] {logging_mixin.py:151} INFO - [2024-10-02T01:47:32.277+0000] {dag.py:3696} INFO - Setting next_dagrun for example_bash_operator to 2024-10-01T00:00:00+00:00, run_after=2024-10-02T00:00:00+00:00
[2024-10-02T01:47:32.315+0000] {processor.py:179} INFO - Processing /home/airflow/.local/lib/python3.8/site-packages/airflow/example_dags/example_bash_operator.py took 0.183 seconds
[2024-10-02T01:48:29.868+0000] {processor.py:157} INFO - Started process (PID=50) to work on /home/airflow/.local/lib/python3.8/site-packages/airflow/example_dags/example_bash_operator.py
[2024-10-02T01:48:29.897+0000] {processor.py:829} INFO - Processing file /home/airflow/.local/lib/python3.8/site-packages/airflow/example_dags/example_bash_operator.py for tasks to queue
[2024-10-02T01:48:30.055+0000] {logging_mixin.py:151} INFO - [2024-10-02T01:48:30.053+0000] {dagbag.py:539} INFO - Filling up the DagBag from /home/airflow/.local/lib/python3.8/site-packages/airflow/example_dags/example_bash_operator.py
[2024-10-02T01:48:30.289+0000] {processor.py:839} INFO - DAG(s) dict_keys(['example_bash_operator']) retrieved from /home/airflow/.local/lib/python3.8/site-packages/airflow/example_dags/example_bash_operator.py
[2024-10-02T01:48:30.463+0000] {logging_mixin.py:151} INFO - [2024-10-02T01:48:30.462+0000] {dag.py:2915} INFO - Sync 1 DAGs
[2024-10-02T01:48:30.606+0000] {logging_mixin.py:151} INFO - [2024-10-02T01:48:30.605+0000] {dag.py:3696} INFO - Setting next_dagrun for example_bash_operator to 2024-10-01T00:00:00+00:00, run_after=2024-10-02T00:00:00+00:00
[2024-10-02T01:48:30.657+0000] {processor.py:179} INFO - Processing /home/airflow/.local/lib/python3.8/site-packages/airflow/example_dags/example_bash_operator.py took 0.822 seconds
[2024-10-02T01:49:01.009+0000] {processor.py:157} INFO - Started process (PID=98) to work on /home/airflow/.local/lib/python3.8/site-packages/airflow/example_dags/example_bash_operator.py
[2024-10-02T01:49:01.015+0000] {processor.py:829} INFO - Processing file /home/airflow/.local/lib/python3.8/site-packages/airflow/example_dags/example_bash_operator.py for tasks to queue
[2024-10-02T01:49:01.030+0000] {logging_mixin.py:151} INFO - [2024-10-02T01:49:01.030+0000] {dagbag.py:539} INFO - Filling up the DagBag from /home/airflow/.local/lib/python3.8/site-packages/airflow/example_dags/example_bash_operator.py
[2024-10-02T01:49:01.074+0000] {processor.py:839} INFO - DAG(s) dict_keys(['example_bash_operator']) retrieved from /home/airflow/.local/lib/python3.8/site-packages/airflow/example_dags/example_bash_operator.py
[2024-10-02T01:49:01.117+0000] {logging_mixin.py:151} INFO - [2024-10-02T01:49:01.117+0000] {dag.py:2915} INFO - Sync 1 DAGs
[2024-10-02T01:49:01.217+0000] {logging_mixin.py:151} INFO - [2024-10-02T01:49:01.216+0000] {dag.py:3696} INFO - Setting next_dagrun for example_bash_operator to 2024-10-01T00:00:00+00:00, run_after=2024-10-02T00:00:00+00:00
[2024-10-02T01:49:01.265+0000] {processor.py:179} INFO - Processing /home/airflow/.local/lib/python3.8/site-packages/airflow/example_dags/example_bash_operator.py took 0.259 seconds
[2024-10-02T01:49:31.386+0000] {processor.py:157} INFO - Started process (PID=146) to work on /home/airflow/.local/lib/python3.8/site-packages/airflow/example_dags/example_bash_operator.py
[2024-10-02T01:49:31.391+0000] {processor.py:829} INFO - Processing file /home/airflow/.local/lib/python3.8/site-packages/airflow/example_dags/example_bash_operator.py for tasks to queue
[2024-10-02T01:49:31.396+0000] {logging_mixin.py:151} INFO - [2024-10-02T01:49:31.396+0000] {dagbag.py:539} INFO - Filling up the DagBag from /home/airflow/.local/lib/python3.8/site-packages/airflow/example_dags/example_bash_operator.py
[2024-10-02T01:49:31.417+0000] {processor.py:839} INFO - DAG(s) dict_keys(['example_bash_operator']) retrieved from /home/airflow/.local/lib/python3.8/site-packages/airflow/example_dags/example_bash_operator.py
[2024-10-02T01:49:31.468+0000] {logging_mixin.py:151} INFO - [2024-10-02T01:49:31.467+0000] {dag.py:2915} INFO - Sync 1 DAGs
[2024-10-02T01:49:31.523+0000] {logging_mixin.py:151} INFO - [2024-10-02T01:49:31.523+0000] {dag.py:3696} INFO - Setting next_dagrun for example_bash_operator to 2024-10-01T00:00:00+00:00, run_after=2024-10-02T00:00:00+00:00
[2024-10-02T01:49:31.593+0000] {processor.py:179} INFO - Processing /home/airflow/.local/lib/python3.8/site-packages/airflow/example_dags/example_bash_operator.py took 0.211 seconds
[2024-10-02T01:50:02.185+0000] {processor.py:157} INFO - Started process (PID=194) to work on /home/airflow/.local/lib/python3.8/site-packages/airflow/example_dags/example_bash_operator.py
[2024-10-02T01:50:02.187+0000] {processor.py:829} INFO - Processing file /home/airflow/.local/lib/python3.8/site-packages/airflow/example_dags/example_bash_operator.py for tasks to queue
[2024-10-02T01:50:02.192+0000] {logging_mixin.py:151} INFO - [2024-10-02T01:50:02.191+0000] {dagbag.py:539} INFO - Filling up the DagBag from /home/airflow/.local/lib/python3.8/site-packages/airflow/example_dags/example_bash_operator.py
[2024-10-02T01:50:02.214+0000] {processor.py:839} INFO - DAG(s) dict_keys(['example_bash_operator']) retrieved from /home/airflow/.local/lib/python3.8/site-packages/airflow/example_dags/example_bash_operator.py
[2024-10-02T01:50:02.259+0000] {logging_mixin.py:151} INFO - [2024-10-02T01:50:02.258+0000] {dag.py:2915} INFO - Sync 1 DAGs
[2024-10-02T01:50:02.289+0000] {logging_mixin.py:151} INFO - [2024-10-02T01:50:02.289+0000] {dag.py:3696} INFO - Setting next_dagrun for example_bash_operator to 2024-10-01T00:00:00+00:00, run_after=2024-10-02T00:00:00+00:00
[2024-10-02T01:50:02.314+0000] {processor.py:179} INFO - Processing /home/airflow/.local/lib/python3.8/site-packages/airflow/example_dags/example_bash_operator.py took 0.133 seconds
[2024-10-02T01:50:32.386+0000] {processor.py:157} INFO - Started process (PID=241) to work on /home/airflow/.local/lib/python3.8/site-packages/airflow/example_dags/example_bash_operator.py
[2024-10-02T01:50:32.392+0000] {processor.py:829} INFO - Processing file /home/airflow/.local/lib/python3.8/site-packages/airflow/example_dags/example_bash_operator.py for tasks to queue
[2024-10-02T01:50:32.400+0000] {logging_mixin.py:151} INFO - [2024-10-02T01:50:32.399+0000] {dagbag.py:539} INFO - Filling up the DagBag from /home/airflow/.local/lib/python3.8/site-packages/airflow/example_dags/example_bash_operator.py
[2024-10-02T01:50:32.424+0000] {processor.py:839} INFO - DAG(s) dict_keys(['example_bash_operator']) retrieved from /home/airflow/.local/lib/python3.8/site-packages/airflow/example_dags/example_bash_operator.py
[2024-10-02T01:50:32.528+0000] {logging_mixin.py:151} INFO - [2024-10-02T01:50:32.527+0000] {dag.py:2915} INFO - Sync 1 DAGs
[2024-10-02T01:50:32.559+0000] {logging_mixin.py:151} INFO - [2024-10-02T01:50:32.559+0000] {dag.py:3696} INFO - Setting next_dagrun for example_bash_operator to 2024-10-01T00:00:00+00:00, run_after=2024-10-02T00:00:00+00:00
[2024-10-02T01:50:32.594+0000] {processor.py:179} INFO - Processing /home/airflow/.local/lib/python3.8/site-packages/airflow/example_dags/example_bash_operator.py took 0.215 seconds
[2024-10-02T01:51:02.671+0000] {processor.py:157} INFO - Started process (PID=289) to work on /home/airflow/.local/lib/python3.8/site-packages/airflow/example_dags/example_bash_operator.py
[2024-10-02T01:51:02.674+0000] {processor.py:829} INFO - Processing file /home/airflow/.local/lib/python3.8/site-packages/airflow/example_dags/example_bash_operator.py for tasks to queue
[2024-10-02T01:51:02.677+0000] {logging_mixin.py:151} INFO - [2024-10-02T01:51:02.676+0000] {dagbag.py:539} INFO - Filling up the DagBag from /home/airflow/.local/lib/python3.8/site-packages/airflow/example_dags/example_bash_operator.py
[2024-10-02T01:51:02.698+0000] {processor.py:839} INFO - DAG(s) dict_keys(['example_bash_operator']) retrieved from /home/airflow/.local/lib/python3.8/site-packages/airflow/example_dags/example_bash_operator.py
[2024-10-02T01:51:02.742+0000] {logging_mixin.py:151} INFO - [2024-10-02T01:51:02.742+0000] {dag.py:2915} INFO - Sync 1 DAGs
[2024-10-02T01:51:02.777+0000] {logging_mixin.py:151} INFO - [2024-10-02T01:51:02.776+0000] {dag.py:3696} INFO - Setting next_dagrun for example_bash_operator to 2024-10-01T00:00:00+00:00, run_after=2024-10-02T00:00:00+00:00
[2024-10-02T01:51:02.805+0000] {processor.py:179} INFO - Processing /home/airflow/.local/lib/python3.8/site-packages/airflow/example_dags/example_bash_operator.py took 0.139 seconds
[2024-10-02T01:51:32.961+0000] {processor.py:157} INFO - Started process (PID=337) to work on /home/airflow/.local/lib/python3.8/site-packages/airflow/example_dags/example_bash_operator.py
[2024-10-02T01:51:32.964+0000] {processor.py:829} INFO - Processing file /home/airflow/.local/lib/python3.8/site-packages/airflow/example_dags/example_bash_operator.py for tasks to queue
[2024-10-02T01:51:32.969+0000] {logging_mixin.py:151} INFO - [2024-10-02T01:51:32.968+0000] {dagbag.py:539} INFO - Filling up the DagBag from /home/airflow/.local/lib/python3.8/site-packages/airflow/example_dags/example_bash_operator.py
[2024-10-02T01:51:32.990+0000] {processor.py:839} INFO - DAG(s) dict_keys(['example_bash_operator']) retrieved from /home/airflow/.local/lib/python3.8/site-packages/airflow/example_dags/example_bash_operator.py
[2024-10-02T01:51:33.042+0000] {logging_mixin.py:151} INFO - [2024-10-02T01:51:33.042+0000] {dag.py:2915} INFO - Sync 1 DAGs
[2024-10-02T01:51:33.078+0000] {logging_mixin.py:151} INFO - [2024-10-02T01:51:33.077+0000] {dag.py:3696} INFO - Setting next_dagrun for example_bash_operator to 2024-10-01T00:00:00+00:00, run_after=2024-10-02T00:00:00+00:00
[2024-10-02T01:51:33.101+0000] {processor.py:179} INFO - Processing /home/airflow/.local/lib/python3.8/site-packages/airflow/example_dags/example_bash_operator.py took 0.145 seconds
[2024-10-02T01:52:03.253+0000] {processor.py:157} INFO - Started process (PID=385) to work on /home/airflow/.local/lib/python3.8/site-packages/airflow/example_dags/example_bash_operator.py
[2024-10-02T01:52:03.255+0000] {processor.py:829} INFO - Processing file /home/airflow/.local/lib/python3.8/site-packages/airflow/example_dags/example_bash_operator.py for tasks to queue
[2024-10-02T01:52:03.259+0000] {logging_mixin.py:151} INFO - [2024-10-02T01:52:03.258+0000] {dagbag.py:539} INFO - Filling up the DagBag from /home/airflow/.local/lib/python3.8/site-packages/airflow/example_dags/example_bash_operator.py
[2024-10-02T01:52:03.279+0000] {processor.py:839} INFO - DAG(s) dict_keys(['example_bash_operator']) retrieved from /home/airflow/.local/lib/python3.8/site-packages/airflow/example_dags/example_bash_operator.py
[2024-10-02T01:52:03.319+0000] {logging_mixin.py:151} INFO - [2024-10-02T01:52:03.319+0000] {dag.py:2915} INFO - Sync 1 DAGs
[2024-10-02T01:52:03.349+0000] {logging_mixin.py:151} INFO - [2024-10-02T01:52:03.349+0000] {dag.py:3696} INFO - Setting next_dagrun for example_bash_operator to 2024-10-01T00:00:00+00:00, run_after=2024-10-02T00:00:00+00:00
[2024-10-02T01:52:03.370+0000] {processor.py:179} INFO - Processing /home/airflow/.local/lib/python3.8/site-packages/airflow/example_dags/example_bash_operator.py took 0.122 seconds
[2024-10-02T01:52:33.629+0000] {processor.py:157} INFO - Started process (PID=433) to work on /home/airflow/.local/lib/python3.8/site-packages/airflow/example_dags/example_bash_operator.py
[2024-10-02T01:52:33.631+0000] {processor.py:829} INFO - Processing file /home/airflow/.local/lib/python3.8/site-packages/airflow/example_dags/example_bash_operator.py for tasks to queue
[2024-10-02T01:52:33.636+0000] {logging_mixin.py:151} INFO - [2024-10-02T01:52:33.635+0000] {dagbag.py:539} INFO - Filling up the DagBag from /home/airflow/.local/lib/python3.8/site-packages/airflow/example_dags/example_bash_operator.py
[2024-10-02T01:52:33.657+0000] {processor.py:839} INFO - DAG(s) dict_keys(['example_bash_operator']) retrieved from /home/airflow/.local/lib/python3.8/site-packages/airflow/example_dags/example_bash_operator.py
[2024-10-02T01:52:33.698+0000] {logging_mixin.py:151} INFO - [2024-10-02T01:52:33.697+0000] {dag.py:2915} INFO - Sync 1 DAGs
[2024-10-02T01:52:33.729+0000] {logging_mixin.py:151} INFO - [2024-10-02T01:52:33.728+0000] {dag.py:3696} INFO - Setting next_dagrun for example_bash_operator to 2024-10-01T00:00:00+00:00, run_after=2024-10-02T00:00:00+00:00
[2024-10-02T01:52:33.752+0000] {processor.py:179} INFO - Processing /home/airflow/.local/lib/python3.8/site-packages/airflow/example_dags/example_bash_operator.py took 0.127 seconds
[2024-10-02T01:53:04.720+0000] {processor.py:157} INFO - Started process (PID=481) to work on /home/airflow/.local/lib/python3.8/site-packages/airflow/example_dags/example_bash_operator.py
[2024-10-02T01:53:04.724+0000] {processor.py:829} INFO - Processing file /home/airflow/.local/lib/python3.8/site-packages/airflow/example_dags/example_bash_operator.py for tasks to queue
[2024-10-02T01:53:04.731+0000] {logging_mixin.py:151} INFO - [2024-10-02T01:53:04.729+0000] {dagbag.py:539} INFO - Filling up the DagBag from /home/airflow/.local/lib/python3.8/site-packages/airflow/example_dags/example_bash_operator.py
[2024-10-02T01:53:04.761+0000] {processor.py:839} INFO - DAG(s) dict_keys(['example_bash_operator']) retrieved from /home/airflow/.local/lib/python3.8/site-packages/airflow/example_dags/example_bash_operator.py
[2024-10-02T01:53:04.832+0000] {logging_mixin.py:151} INFO - [2024-10-02T01:53:04.831+0000] {dag.py:2915} INFO - Sync 1 DAGs
[2024-10-02T01:53:04.873+0000] {logging_mixin.py:151} INFO - [2024-10-02T01:53:04.873+0000] {dag.py:3696} INFO - Setting next_dagrun for example_bash_operator to 2024-10-01T00:00:00+00:00, run_after=2024-10-02T00:00:00+00:00
[2024-10-02T01:53:04.900+0000] {processor.py:179} INFO - Processing /home/airflow/.local/lib/python3.8/site-packages/airflow/example_dags/example_bash_operator.py took 0.187 seconds
[2024-10-02T01:53:35.626+0000] {processor.py:157} INFO - Started process (PID=529) to work on /home/airflow/.local/lib/python3.8/site-packages/airflow/example_dags/example_bash_operator.py
[2024-10-02T01:53:35.629+0000] {processor.py:829} INFO - Processing file /home/airflow/.local/lib/python3.8/site-packages/airflow/example_dags/example_bash_operator.py for tasks to queue
[2024-10-02T01:53:35.634+0000] {logging_mixin.py:151} INFO - [2024-10-02T01:53:35.634+0000] {dagbag.py:539} INFO - Filling up the DagBag from /home/airflow/.local/lib/python3.8/site-packages/airflow/example_dags/example_bash_operator.py
[2024-10-02T01:53:35.662+0000] {processor.py:839} INFO - DAG(s) dict_keys(['example_bash_operator']) retrieved from /home/airflow/.local/lib/python3.8/site-packages/airflow/example_dags/example_bash_operator.py
[2024-10-02T01:53:35.735+0000] {logging_mixin.py:151} INFO - [2024-10-02T01:53:35.734+0000] {dag.py:2915} INFO - Sync 1 DAGs
[2024-10-02T01:53:35.766+0000] {logging_mixin.py:151} INFO - [2024-10-02T01:53:35.766+0000] {dag.py:3696} INFO - Setting next_dagrun for example_bash_operator to 2024-10-01T00:00:00+00:00, run_after=2024-10-02T00:00:00+00:00
[2024-10-02T01:53:35.793+0000] {processor.py:179} INFO - Processing /home/airflow/.local/lib/python3.8/site-packages/airflow/example_dags/example_bash_operator.py took 0.173 seconds
[2024-10-02T01:54:06.395+0000] {processor.py:157} INFO - Started process (PID=577) to work on /home/airflow/.local/lib/python3.8/site-packages/airflow/example_dags/example_bash_operator.py
[2024-10-02T01:54:06.398+0000] {processor.py:829} INFO - Processing file /home/airflow/.local/lib/python3.8/site-packages/airflow/example_dags/example_bash_operator.py for tasks to queue
[2024-10-02T01:54:06.403+0000] {logging_mixin.py:151} INFO - [2024-10-02T01:54:06.402+0000] {dagbag.py:539} INFO - Filling up the DagBag from /home/airflow/.local/lib/python3.8/site-packages/airflow/example_dags/example_bash_operator.py
[2024-10-02T01:54:06.423+0000] {processor.py:839} INFO - DAG(s) dict_keys(['example_bash_operator']) retrieved from /home/airflow/.local/lib/python3.8/site-packages/airflow/example_dags/example_bash_operator.py
[2024-10-02T01:54:06.478+0000] {logging_mixin.py:151} INFO - [2024-10-02T01:54:06.478+0000] {dag.py:2915} INFO - Sync 1 DAGs
[2024-10-02T01:54:06.511+0000] {logging_mixin.py:151} INFO - [2024-10-02T01:54:06.511+0000] {dag.py:3696} INFO - Setting next_dagrun for example_bash_operator to 2024-10-01T00:00:00+00:00, run_after=2024-10-02T00:00:00+00:00
[2024-10-02T01:54:06.534+0000] {processor.py:179} INFO - Processing /home/airflow/.local/lib/python3.8/site-packages/airflow/example_dags/example_bash_operator.py took 0.145 seconds
[2024-10-02T01:57:19.131+0000] {processor.py:157} INFO - Started process (PID=611) to work on /home/airflow/.local/lib/python3.8/site-packages/airflow/example_dags/example_bash_operator.py
[2024-10-02T01:57:19.134+0000] {processor.py:829} INFO - Processing file /home/airflow/.local/lib/python3.8/site-packages/airflow/example_dags/example_bash_operator.py for tasks to queue
[2024-10-02T01:57:19.139+0000] {logging_mixin.py:151} INFO - [2024-10-02T01:57:19.138+0000] {dagbag.py:539} INFO - Filling up the DagBag from /home/airflow/.local/lib/python3.8/site-packages/airflow/example_dags/example_bash_operator.py
[2024-10-02T01:57:19.191+0000] {processor.py:839} INFO - DAG(s) dict_keys(['example_bash_operator']) retrieved from /home/airflow/.local/lib/python3.8/site-packages/airflow/example_dags/example_bash_operator.py
[2024-10-02T01:57:19.261+0000] {logging_mixin.py:151} INFO - [2024-10-02T01:57:19.261+0000] {dag.py:2915} INFO - Sync 1 DAGs
[2024-10-02T01:57:19.309+0000] {logging_mixin.py:151} INFO - [2024-10-02T01:57:19.309+0000] {dag.py:3696} INFO - Setting next_dagrun for example_bash_operator to 2024-10-01T00:00:00+00:00, run_after=2024-10-02T00:00:00+00:00
[2024-10-02T01:57:19.334+0000] {processor.py:179} INFO - Processing /home/airflow/.local/lib/python3.8/site-packages/airflow/example_dags/example_bash_operator.py took 0.208 seconds
[2024-10-02T01:57:49.931+0000] {processor.py:157} INFO - Started process (PID=659) to work on /home/airflow/.local/lib/python3.8/site-packages/airflow/example_dags/example_bash_operator.py
[2024-10-02T01:57:49.933+0000] {processor.py:829} INFO - Processing file /home/airflow/.local/lib/python3.8/site-packages/airflow/example_dags/example_bash_operator.py for tasks to queue
[2024-10-02T01:57:49.938+0000] {logging_mixin.py:151} INFO - [2024-10-02T01:57:49.938+0000] {dagbag.py:539} INFO - Filling up the DagBag from /home/airflow/.local/lib/python3.8/site-packages/airflow/example_dags/example_bash_operator.py
[2024-10-02T01:57:49.965+0000] {processor.py:839} INFO - DAG(s) dict_keys(['example_bash_operator']) retrieved from /home/airflow/.local/lib/python3.8/site-packages/airflow/example_dags/example_bash_operator.py
[2024-10-02T01:57:50.030+0000] {logging_mixin.py:151} INFO - [2024-10-02T01:57:50.030+0000] {dag.py:2915} INFO - Sync 1 DAGs
[2024-10-02T01:57:50.063+0000] {logging_mixin.py:151} INFO - [2024-10-02T01:57:50.063+0000] {dag.py:3696} INFO - Setting next_dagrun for example_bash_operator to 2024-10-01T00:00:00+00:00, run_after=2024-10-02T00:00:00+00:00
[2024-10-02T01:57:50.091+0000] {processor.py:179} INFO - Processing /home/airflow/.local/lib/python3.8/site-packages/airflow/example_dags/example_bash_operator.py took 0.164 seconds
[2024-10-02T01:58:20.423+0000] {processor.py:157} INFO - Started process (PID=707) to work on /home/airflow/.local/lib/python3.8/site-packages/airflow/example_dags/example_bash_operator.py
[2024-10-02T01:58:20.426+0000] {processor.py:829} INFO - Processing file /home/airflow/.local/lib/python3.8/site-packages/airflow/example_dags/example_bash_operator.py for tasks to queue
[2024-10-02T01:58:20.430+0000] {logging_mixin.py:151} INFO - [2024-10-02T01:58:20.430+0000] {dagbag.py:539} INFO - Filling up the DagBag from /home/airflow/.local/lib/python3.8/site-packages/airflow/example_dags/example_bash_operator.py
[2024-10-02T01:58:20.452+0000] {processor.py:839} INFO - DAG(s) dict_keys(['example_bash_operator']) retrieved from /home/airflow/.local/lib/python3.8/site-packages/airflow/example_dags/example_bash_operator.py
[2024-10-02T01:58:20.496+0000] {logging_mixin.py:151} INFO - [2024-10-02T01:58:20.496+0000] {dag.py:2915} INFO - Sync 1 DAGs
[2024-10-02T01:58:20.530+0000] {logging_mixin.py:151} INFO - [2024-10-02T01:58:20.530+0000] {dag.py:3696} INFO - Setting next_dagrun for example_bash_operator to 2024-10-01T00:00:00+00:00, run_after=2024-10-02T00:00:00+00:00
[2024-10-02T01:58:20.560+0000] {processor.py:179} INFO - Processing /home/airflow/.local/lib/python3.8/site-packages/airflow/example_dags/example_bash_operator.py took 0.142 seconds
[2024-10-02T01:58:51.399+0000] {processor.py:157} INFO - Started process (PID=755) to work on /home/airflow/.local/lib/python3.8/site-packages/airflow/example_dags/example_bash_operator.py
[2024-10-02T01:58:51.405+0000] {processor.py:829} INFO - Processing file /home/airflow/.local/lib/python3.8/site-packages/airflow/example_dags/example_bash_operator.py for tasks to queue
[2024-10-02T01:58:51.411+0000] {logging_mixin.py:151} INFO - [2024-10-02T01:58:51.411+0000] {dagbag.py:539} INFO - Filling up the DagBag from /home/airflow/.local/lib/python3.8/site-packages/airflow/example_dags/example_bash_operator.py
[2024-10-02T01:58:51.441+0000] {processor.py:839} INFO - DAG(s) dict_keys(['example_bash_operator']) retrieved from /home/airflow/.local/lib/python3.8/site-packages/airflow/example_dags/example_bash_operator.py
[2024-10-02T01:58:51.490+0000] {logging_mixin.py:151} INFO - [2024-10-02T01:58:51.490+0000] {dag.py:2915} INFO - Sync 1 DAGs
[2024-10-02T01:58:51.519+0000] {logging_mixin.py:151} INFO - [2024-10-02T01:58:51.519+0000] {dag.py:3696} INFO - Setting next_dagrun for example_bash_operator to 2024-10-01T00:00:00+00:00, run_after=2024-10-02T00:00:00+00:00
[2024-10-02T01:58:51.543+0000] {processor.py:179} INFO - Processing /home/airflow/.local/lib/python3.8/site-packages/airflow/example_dags/example_bash_operator.py took 0.150 seconds
[2024-10-02T01:59:23.078+0000] {processor.py:157} INFO - Started process (PID=803) to work on /home/airflow/.local/lib/python3.8/site-packages/airflow/example_dags/example_bash_operator.py
[2024-10-02T01:59:23.083+0000] {processor.py:829} INFO - Processing file /home/airflow/.local/lib/python3.8/site-packages/airflow/example_dags/example_bash_operator.py for tasks to queue
[2024-10-02T01:59:23.090+0000] {logging_mixin.py:151} INFO - [2024-10-02T01:59:23.089+0000] {dagbag.py:539} INFO - Filling up the DagBag from /home/airflow/.local/lib/python3.8/site-packages/airflow/example_dags/example_bash_operator.py
[2024-10-02T01:59:23.134+0000] {processor.py:839} INFO - DAG(s) dict_keys(['example_bash_operator']) retrieved from /home/airflow/.local/lib/python3.8/site-packages/airflow/example_dags/example_bash_operator.py
[2024-10-02T01:59:23.215+0000] {logging_mixin.py:151} INFO - [2024-10-02T01:59:23.215+0000] {dag.py:2915} INFO - Sync 1 DAGs
[2024-10-02T01:59:23.276+0000] {logging_mixin.py:151} INFO - [2024-10-02T01:59:23.275+0000] {dag.py:3696} INFO - Setting next_dagrun for example_bash_operator to 2024-10-01T00:00:00+00:00, run_after=2024-10-02T00:00:00+00:00
[2024-10-02T01:59:23.351+0000] {processor.py:179} INFO - Processing /home/airflow/.local/lib/python3.8/site-packages/airflow/example_dags/example_bash_operator.py took 0.279 seconds
[2024-10-02T01:59:53.709+0000] {processor.py:157} INFO - Started process (PID=851) to work on /home/airflow/.local/lib/python3.8/site-packages/airflow/example_dags/example_bash_operator.py
[2024-10-02T01:59:53.713+0000] {processor.py:829} INFO - Processing file /home/airflow/.local/lib/python3.8/site-packages/airflow/example_dags/example_bash_operator.py for tasks to queue
[2024-10-02T01:59:53.717+0000] {logging_mixin.py:151} INFO - [2024-10-02T01:59:53.717+0000] {dagbag.py:539} INFO - Filling up the DagBag from /home/airflow/.local/lib/python3.8/site-packages/airflow/example_dags/example_bash_operator.py
[2024-10-02T01:59:53.746+0000] {processor.py:839} INFO - DAG(s) dict_keys(['example_bash_operator']) retrieved from /home/airflow/.local/lib/python3.8/site-packages/airflow/example_dags/example_bash_operator.py
[2024-10-02T01:59:53.810+0000] {logging_mixin.py:151} INFO - [2024-10-02T01:59:53.810+0000] {dag.py:2915} INFO - Sync 1 DAGs
[2024-10-02T01:59:53.857+0000] {logging_mixin.py:151} INFO - [2024-10-02T01:59:53.854+0000] {dag.py:3696} INFO - Setting next_dagrun for example_bash_operator to 2024-10-01T00:00:00+00:00, run_after=2024-10-02T00:00:00+00:00
[2024-10-02T01:59:53.887+0000] {processor.py:179} INFO - Processing /home/airflow/.local/lib/python3.8/site-packages/airflow/example_dags/example_bash_operator.py took 0.182 seconds
[2024-10-02T02:00:24.863+0000] {processor.py:157} INFO - Started process (PID=899) to work on /home/airflow/.local/lib/python3.8/site-packages/airflow/example_dags/example_bash_operator.py
[2024-10-02T02:00:24.867+0000] {processor.py:829} INFO - Processing file /home/airflow/.local/lib/python3.8/site-packages/airflow/example_dags/example_bash_operator.py for tasks to queue
[2024-10-02T02:00:24.873+0000] {logging_mixin.py:151} INFO - [2024-10-02T02:00:24.872+0000] {dagbag.py:539} INFO - Filling up the DagBag from /home/airflow/.local/lib/python3.8/site-packages/airflow/example_dags/example_bash_operator.py
[2024-10-02T02:00:24.969+0000] {processor.py:839} INFO - DAG(s) dict_keys(['example_bash_operator']) retrieved from /home/airflow/.local/lib/python3.8/site-packages/airflow/example_dags/example_bash_operator.py
[2024-10-02T02:00:25.030+0000] {logging_mixin.py:151} INFO - [2024-10-02T02:00:25.030+0000] {dag.py:2915} INFO - Sync 1 DAGs
[2024-10-02T02:00:25.071+0000] {logging_mixin.py:151} INFO - [2024-10-02T02:00:25.070+0000] {dag.py:3696} INFO - Setting next_dagrun for example_bash_operator to 2024-10-01T00:00:00+00:00, run_after=2024-10-02T00:00:00+00:00
[2024-10-02T02:00:25.099+0000] {processor.py:179} INFO - Processing /home/airflow/.local/lib/python3.8/site-packages/airflow/example_dags/example_bash_operator.py took 0.239 seconds
[2024-10-02T02:00:55.251+0000] {processor.py:157} INFO - Started process (PID=946) to work on /home/airflow/.local/lib/python3.8/site-packages/airflow/example_dags/example_bash_operator.py
[2024-10-02T02:00:55.254+0000] {processor.py:829} INFO - Processing file /home/airflow/.local/lib/python3.8/site-packages/airflow/example_dags/example_bash_operator.py for tasks to queue
[2024-10-02T02:00:55.261+0000] {logging_mixin.py:151} INFO - [2024-10-02T02:00:55.260+0000] {dagbag.py:539} INFO - Filling up the DagBag from /home/airflow/.local/lib/python3.8/site-packages/airflow/example_dags/example_bash_operator.py
[2024-10-02T02:00:55.282+0000] {processor.py:839} INFO - DAG(s) dict_keys(['example_bash_operator']) retrieved from /home/airflow/.local/lib/python3.8/site-packages/airflow/example_dags/example_bash_operator.py
[2024-10-02T02:00:55.328+0000] {logging_mixin.py:151} INFO - [2024-10-02T02:00:55.327+0000] {dag.py:2915} INFO - Sync 1 DAGs
[2024-10-02T02:00:55.366+0000] {logging_mixin.py:151} INFO - [2024-10-02T02:00:55.366+0000] {dag.py:3696} INFO - Setting next_dagrun for example_bash_operator to 2024-10-01T00:00:00+00:00, run_after=2024-10-02T00:00:00+00:00
[2024-10-02T02:00:55.394+0000] {processor.py:179} INFO - Processing /home/airflow/.local/lib/python3.8/site-packages/airflow/example_dags/example_bash_operator.py took 0.147 seconds
[2024-10-02T02:01:25.716+0000] {processor.py:157} INFO - Started process (PID=994) to work on /home/airflow/.local/lib/python3.8/site-packages/airflow/example_dags/example_bash_operator.py
[2024-10-02T02:01:25.737+0000] {processor.py:829} INFO - Processing file /home/airflow/.local/lib/python3.8/site-packages/airflow/example_dags/example_bash_operator.py for tasks to queue
[2024-10-02T02:01:25.769+0000] {logging_mixin.py:151} INFO - [2024-10-02T02:01:25.768+0000] {dagbag.py:539} INFO - Filling up the DagBag from /home/airflow/.local/lib/python3.8/site-packages/airflow/example_dags/example_bash_operator.py
[2024-10-02T02:01:31.130+0000] {logging_mixin.py:151} INFO - [2024-10-02T02:01:31.123+0000] {process_utils.py:259} INFO - Waiting up to 5 seconds for processes to exit...
[2024-10-02T02:03:22.574+0000] {processor.py:157} INFO - Started process (PID=50) to work on /home/airflow/.local/lib/python3.8/site-packages/airflow/example_dags/example_bash_operator.py
[2024-10-02T02:03:22.595+0000] {processor.py:829} INFO - Processing file /home/airflow/.local/lib/python3.8/site-packages/airflow/example_dags/example_bash_operator.py for tasks to queue
[2024-10-02T02:03:22.607+0000] {logging_mixin.py:151} INFO - [2024-10-02T02:03:22.606+0000] {dagbag.py:539} INFO - Filling up the DagBag from /home/airflow/.local/lib/python3.8/site-packages/airflow/example_dags/example_bash_operator.py
[2024-10-02T02:03:22.639+0000] {processor.py:839} INFO - DAG(s) dict_keys(['example_bash_operator']) retrieved from /home/airflow/.local/lib/python3.8/site-packages/airflow/example_dags/example_bash_operator.py
[2024-10-02T02:03:22.774+0000] {logging_mixin.py:151} INFO - [2024-10-02T02:03:22.774+0000] {manager.py:499} INFO - Created Permission View: %s
[2024-10-02T02:03:22.795+0000] {logging_mixin.py:151} INFO - [2024-10-02T02:03:22.794+0000] {manager.py:499} INFO - Created Permission View: %s
[2024-10-02T02:03:22.807+0000] {logging_mixin.py:151} INFO - [2024-10-02T02:03:22.806+0000] {manager.py:499} INFO - Created Permission View: %s
[2024-10-02T02:03:22.808+0000] {logging_mixin.py:151} INFO - [2024-10-02T02:03:22.808+0000] {security.py:708} INFO - Not syncing DAG-level permissions for DAG 'DAG:example_bash_operator' as access control is unset.
[2024-10-02T02:03:22.810+0000] {logging_mixin.py:151} INFO - [2024-10-02T02:03:22.810+0000] {dag.py:2915} INFO - Sync 1 DAGs
[2024-10-02T02:03:22.824+0000] {logging_mixin.py:151} INFO - [2024-10-02T02:03:22.824+0000] {dag.py:2937} INFO - Creating ORM DAG for example_bash_operator
[2024-10-02T02:03:22.841+0000] {logging_mixin.py:151} INFO - [2024-10-02T02:03:22.841+0000] {dag.py:3696} INFO - Setting next_dagrun for example_bash_operator to 2024-10-01T00:00:00+00:00, run_after=2024-10-02T00:00:00+00:00
[2024-10-02T02:03:22.867+0000] {processor.py:179} INFO - Processing /home/airflow/.local/lib/python3.8/site-packages/airflow/example_dags/example_bash_operator.py took 0.301 seconds
[2024-10-02T02:06:19.557+0000] {processor.py:157} INFO - Started process (PID=50) to work on /home/airflow/.local/lib/python3.8/site-packages/airflow/example_dags/example_bash_operator.py
[2024-10-02T02:06:19.560+0000] {processor.py:829} INFO - Processing file /home/airflow/.local/lib/python3.8/site-packages/airflow/example_dags/example_bash_operator.py for tasks to queue
[2024-10-02T02:06:19.566+0000] {logging_mixin.py:151} INFO - [2024-10-02T02:06:19.565+0000] {dagbag.py:539} INFO - Filling up the DagBag from /home/airflow/.local/lib/python3.8/site-packages/airflow/example_dags/example_bash_operator.py
[2024-10-02T02:06:19.599+0000] {processor.py:839} INFO - DAG(s) dict_keys(['example_bash_operator']) retrieved from /home/airflow/.local/lib/python3.8/site-packages/airflow/example_dags/example_bash_operator.py
[2024-10-02T02:06:19.903+0000] {logging_mixin.py:151} INFO - [2024-10-02T02:06:19.903+0000] {manager.py:499} INFO - Created Permission View: %s
[2024-10-02T02:06:19.934+0000] {logging_mixin.py:151} INFO - [2024-10-02T02:06:19.934+0000] {manager.py:499} INFO - Created Permission View: %s
[2024-10-02T02:06:19.948+0000] {logging_mixin.py:151} INFO - [2024-10-02T02:06:19.948+0000] {manager.py:499} INFO - Created Permission View: %s
[2024-10-02T02:06:19.951+0000] {logging_mixin.py:151} INFO - [2024-10-02T02:06:19.951+0000] {security.py:708} INFO - Not syncing DAG-level permissions for DAG 'DAG:example_bash_operator' as access control is unset.
[2024-10-02T02:06:19.953+0000] {logging_mixin.py:151} INFO - [2024-10-02T02:06:19.953+0000] {dag.py:2915} INFO - Sync 1 DAGs
[2024-10-02T02:06:19.988+0000] {logging_mixin.py:151} INFO - [2024-10-02T02:06:19.987+0000] {dag.py:2937} INFO - Creating ORM DAG for example_bash_operator
[2024-10-02T02:06:20.009+0000] {logging_mixin.py:151} INFO - [2024-10-02T02:06:20.008+0000] {dag.py:3696} INFO - Setting next_dagrun for example_bash_operator to 2024-10-01T00:00:00+00:00, run_after=2024-10-02T00:00:00+00:00
[2024-10-02T02:06:20.047+0000] {processor.py:179} INFO - Processing /home/airflow/.local/lib/python3.8/site-packages/airflow/example_dags/example_bash_operator.py took 0.495 seconds
[2024-10-02T02:06:50.653+0000] {processor.py:157} INFO - Started process (PID=98) to work on /home/airflow/.local/lib/python3.8/site-packages/airflow/example_dags/example_bash_operator.py
[2024-10-02T02:06:50.656+0000] {processor.py:829} INFO - Processing file /home/airflow/.local/lib/python3.8/site-packages/airflow/example_dags/example_bash_operator.py for tasks to queue
[2024-10-02T02:06:50.660+0000] {logging_mixin.py:151} INFO - [2024-10-02T02:06:50.660+0000] {dagbag.py:539} INFO - Filling up the DagBag from /home/airflow/.local/lib/python3.8/site-packages/airflow/example_dags/example_bash_operator.py
[2024-10-02T02:06:50.678+0000] {processor.py:839} INFO - DAG(s) dict_keys(['example_bash_operator']) retrieved from /home/airflow/.local/lib/python3.8/site-packages/airflow/example_dags/example_bash_operator.py
[2024-10-02T02:06:50.784+0000] {logging_mixin.py:151} INFO - [2024-10-02T02:06:50.783+0000] {dag.py:2915} INFO - Sync 1 DAGs
[2024-10-02T02:06:50.830+0000] {logging_mixin.py:151} INFO - [2024-10-02T02:06:50.830+0000] {dag.py:3696} INFO - Setting next_dagrun for example_bash_operator to 2024-10-01T00:00:00+00:00, run_after=2024-10-02T00:00:00+00:00
[2024-10-02T02:06:50.862+0000] {processor.py:179} INFO - Processing /home/airflow/.local/lib/python3.8/site-packages/airflow/example_dags/example_bash_operator.py took 0.217 seconds
[2024-10-02T02:07:21.551+0000] {processor.py:157} INFO - Started process (PID=146) to work on /home/airflow/.local/lib/python3.8/site-packages/airflow/example_dags/example_bash_operator.py
[2024-10-02T02:07:21.554+0000] {processor.py:829} INFO - Processing file /home/airflow/.local/lib/python3.8/site-packages/airflow/example_dags/example_bash_operator.py for tasks to queue
[2024-10-02T02:07:21.559+0000] {logging_mixin.py:151} INFO - [2024-10-02T02:07:21.558+0000] {dagbag.py:539} INFO - Filling up the DagBag from /home/airflow/.local/lib/python3.8/site-packages/airflow/example_dags/example_bash_operator.py
[2024-10-02T02:07:21.579+0000] {processor.py:839} INFO - DAG(s) dict_keys(['example_bash_operator']) retrieved from /home/airflow/.local/lib/python3.8/site-packages/airflow/example_dags/example_bash_operator.py
[2024-10-02T02:07:21.899+0000] {logging_mixin.py:151} INFO - [2024-10-02T02:07:21.896+0000] {dag.py:2915} INFO - Sync 1 DAGs
[2024-10-02T02:07:22.003+0000] {logging_mixin.py:151} INFO - [2024-10-02T02:07:22.002+0000] {dag.py:3696} INFO - Setting next_dagrun for example_bash_operator to 2024-10-01T00:00:00+00:00, run_after=2024-10-02T00:00:00+00:00
[2024-10-02T02:07:22.093+0000] {processor.py:179} INFO - Processing /home/airflow/.local/lib/python3.8/site-packages/airflow/example_dags/example_bash_operator.py took 0.547 seconds
[2024-10-02T02:07:52.898+0000] {processor.py:157} INFO - Started process (PID=194) to work on /home/airflow/.local/lib/python3.8/site-packages/airflow/example_dags/example_bash_operator.py
[2024-10-02T02:07:52.902+0000] {processor.py:829} INFO - Processing file /home/airflow/.local/lib/python3.8/site-packages/airflow/example_dags/example_bash_operator.py for tasks to queue
[2024-10-02T02:07:52.907+0000] {logging_mixin.py:151} INFO - [2024-10-02T02:07:52.906+0000] {dagbag.py:539} INFO - Filling up the DagBag from /home/airflow/.local/lib/python3.8/site-packages/airflow/example_dags/example_bash_operator.py
[2024-10-02T02:07:52.932+0000] {processor.py:839} INFO - DAG(s) dict_keys(['example_bash_operator']) retrieved from /home/airflow/.local/lib/python3.8/site-packages/airflow/example_dags/example_bash_operator.py
[2024-10-02T02:07:52.979+0000] {logging_mixin.py:151} INFO - [2024-10-02T02:07:52.978+0000] {dag.py:2915} INFO - Sync 1 DAGs
[2024-10-02T02:07:53.017+0000] {logging_mixin.py:151} INFO - [2024-10-02T02:07:53.016+0000] {dag.py:3696} INFO - Setting next_dagrun for example_bash_operator to 2024-10-01T00:00:00+00:00, run_after=2024-10-02T00:00:00+00:00
[2024-10-02T02:07:53.047+0000] {processor.py:179} INFO - Processing /home/airflow/.local/lib/python3.8/site-packages/airflow/example_dags/example_bash_operator.py took 0.154 seconds
[2024-10-02T02:08:23.319+0000] {processor.py:157} INFO - Started process (PID=241) to work on /home/airflow/.local/lib/python3.8/site-packages/airflow/example_dags/example_bash_operator.py
[2024-10-02T02:08:23.323+0000] {processor.py:829} INFO - Processing file /home/airflow/.local/lib/python3.8/site-packages/airflow/example_dags/example_bash_operator.py for tasks to queue
[2024-10-02T02:08:23.330+0000] {logging_mixin.py:151} INFO - [2024-10-02T02:08:23.329+0000] {dagbag.py:539} INFO - Filling up the DagBag from /home/airflow/.local/lib/python3.8/site-packages/airflow/example_dags/example_bash_operator.py
[2024-10-02T02:08:23.351+0000] {processor.py:839} INFO - DAG(s) dict_keys(['example_bash_operator']) retrieved from /home/airflow/.local/lib/python3.8/site-packages/airflow/example_dags/example_bash_operator.py
[2024-10-02T02:08:23.399+0000] {logging_mixin.py:151} INFO - [2024-10-02T02:08:23.399+0000] {dag.py:2915} INFO - Sync 1 DAGs
[2024-10-02T02:08:23.487+0000] {logging_mixin.py:151} INFO - [2024-10-02T02:08:23.485+0000] {dag.py:3696} INFO - Setting next_dagrun for example_bash_operator to 2024-10-01T00:00:00+00:00, run_after=2024-10-02T00:00:00+00:00
[2024-10-02T02:08:23.548+0000] {processor.py:179} INFO - Processing /home/airflow/.local/lib/python3.8/site-packages/airflow/example_dags/example_bash_operator.py took 0.234 seconds
[2024-10-02T02:08:53.952+0000] {processor.py:157} INFO - Started process (PID=289) to work on /home/airflow/.local/lib/python3.8/site-packages/airflow/example_dags/example_bash_operator.py
[2024-10-02T02:08:53.958+0000] {processor.py:829} INFO - Processing file /home/airflow/.local/lib/python3.8/site-packages/airflow/example_dags/example_bash_operator.py for tasks to queue
[2024-10-02T02:08:53.967+0000] {logging_mixin.py:151} INFO - [2024-10-02T02:08:53.965+0000] {dagbag.py:539} INFO - Filling up the DagBag from /home/airflow/.local/lib/python3.8/site-packages/airflow/example_dags/example_bash_operator.py
[2024-10-02T02:08:54.001+0000] {processor.py:839} INFO - DAG(s) dict_keys(['example_bash_operator']) retrieved from /home/airflow/.local/lib/python3.8/site-packages/airflow/example_dags/example_bash_operator.py
[2024-10-02T02:08:54.105+0000] {logging_mixin.py:151} INFO - [2024-10-02T02:08:54.104+0000] {dag.py:2915} INFO - Sync 1 DAGs
[2024-10-02T02:08:54.153+0000] {logging_mixin.py:151} INFO - [2024-10-02T02:08:54.152+0000] {dag.py:3696} INFO - Setting next_dagrun for example_bash_operator to 2024-10-01T00:00:00+00:00, run_after=2024-10-02T00:00:00+00:00
[2024-10-02T02:08:54.202+0000] {processor.py:179} INFO - Processing /home/airflow/.local/lib/python3.8/site-packages/airflow/example_dags/example_bash_operator.py took 0.257 seconds
[2024-10-02T02:09:25.003+0000] {processor.py:157} INFO - Started process (PID=337) to work on /home/airflow/.local/lib/python3.8/site-packages/airflow/example_dags/example_bash_operator.py
[2024-10-02T02:09:25.007+0000] {processor.py:829} INFO - Processing file /home/airflow/.local/lib/python3.8/site-packages/airflow/example_dags/example_bash_operator.py for tasks to queue
[2024-10-02T02:09:25.014+0000] {logging_mixin.py:151} INFO - [2024-10-02T02:09:25.012+0000] {dagbag.py:539} INFO - Filling up the DagBag from /home/airflow/.local/lib/python3.8/site-packages/airflow/example_dags/example_bash_operator.py
[2024-10-02T02:09:25.046+0000] {processor.py:839} INFO - DAG(s) dict_keys(['example_bash_operator']) retrieved from /home/airflow/.local/lib/python3.8/site-packages/airflow/example_dags/example_bash_operator.py
[2024-10-02T02:09:25.162+0000] {logging_mixin.py:151} INFO - [2024-10-02T02:09:25.162+0000] {dag.py:2915} INFO - Sync 1 DAGs
[2024-10-02T02:09:25.345+0000] {logging_mixin.py:151} INFO - [2024-10-02T02:09:25.345+0000] {dag.py:3696} INFO - Setting next_dagrun for example_bash_operator to 2024-10-01T00:00:00+00:00, run_after=2024-10-02T00:00:00+00:00
[2024-10-02T02:09:25.395+0000] {processor.py:179} INFO - Processing /home/airflow/.local/lib/python3.8/site-packages/airflow/example_dags/example_bash_operator.py took 0.398 seconds
[2024-10-02T02:09:56.205+0000] {processor.py:157} INFO - Started process (PID=385) to work on /home/airflow/.local/lib/python3.8/site-packages/airflow/example_dags/example_bash_operator.py
[2024-10-02T02:09:56.212+0000] {processor.py:829} INFO - Processing file /home/airflow/.local/lib/python3.8/site-packages/airflow/example_dags/example_bash_operator.py for tasks to queue
[2024-10-02T02:09:56.218+0000] {logging_mixin.py:151} INFO - [2024-10-02T02:09:56.217+0000] {dagbag.py:539} INFO - Filling up the DagBag from /home/airflow/.local/lib/python3.8/site-packages/airflow/example_dags/example_bash_operator.py
[2024-10-02T02:09:56.280+0000] {processor.py:839} INFO - DAG(s) dict_keys(['example_bash_operator']) retrieved from /home/airflow/.local/lib/python3.8/site-packages/airflow/example_dags/example_bash_operator.py
[2024-10-02T02:09:56.352+0000] {logging_mixin.py:151} INFO - [2024-10-02T02:09:56.351+0000] {dag.py:2915} INFO - Sync 1 DAGs
[2024-10-02T02:09:56.388+0000] {logging_mixin.py:151} INFO - [2024-10-02T02:09:56.388+0000] {dag.py:3696} INFO - Setting next_dagrun for example_bash_operator to 2024-10-01T00:00:00+00:00, run_after=2024-10-02T00:00:00+00:00
[2024-10-02T02:09:56.438+0000] {processor.py:179} INFO - Processing /home/airflow/.local/lib/python3.8/site-packages/airflow/example_dags/example_bash_operator.py took 0.236 seconds
[2024-10-02T02:10:26.721+0000] {processor.py:157} INFO - Started process (PID=433) to work on /home/airflow/.local/lib/python3.8/site-packages/airflow/example_dags/example_bash_operator.py
[2024-10-02T02:10:26.725+0000] {processor.py:829} INFO - Processing file /home/airflow/.local/lib/python3.8/site-packages/airflow/example_dags/example_bash_operator.py for tasks to queue
[2024-10-02T02:10:26.729+0000] {logging_mixin.py:151} INFO - [2024-10-02T02:10:26.728+0000] {dagbag.py:539} INFO - Filling up the DagBag from /home/airflow/.local/lib/python3.8/site-packages/airflow/example_dags/example_bash_operator.py
[2024-10-02T02:10:26.754+0000] {processor.py:839} INFO - DAG(s) dict_keys(['example_bash_operator']) retrieved from /home/airflow/.local/lib/python3.8/site-packages/airflow/example_dags/example_bash_operator.py
[2024-10-02T02:10:26.801+0000] {logging_mixin.py:151} INFO - [2024-10-02T02:10:26.801+0000] {dag.py:2915} INFO - Sync 1 DAGs
[2024-10-02T02:10:26.864+0000] {logging_mixin.py:151} INFO - [2024-10-02T02:10:26.863+0000] {dag.py:3696} INFO - Setting next_dagrun for example_bash_operator to 2024-10-01T00:00:00+00:00, run_after=2024-10-02T00:00:00+00:00
[2024-10-02T02:10:26.892+0000] {processor.py:179} INFO - Processing /home/airflow/.local/lib/python3.8/site-packages/airflow/example_dags/example_bash_operator.py took 0.175 seconds
