[2024-10-02T01:32:07.409+0000] {processor.py:157} INFO - Started process (PID=35) to work on /home/airflow/.local/lib/python3.8/site-packages/airflow/example_dags/example_branch_day_of_week_operator.py
[2024-10-02T01:32:07.412+0000] {processor.py:829} INFO - Processing file /home/airflow/.local/lib/python3.8/site-packages/airflow/example_dags/example_branch_day_of_week_operator.py for tasks to queue
[2024-10-02T01:32:07.427+0000] {logging_mixin.py:151} INFO - [2024-10-02T01:32:07.425+0000] {dagbag.py:539} INFO - Filling up the DagBag from /home/airflow/.local/lib/python3.8/site-packages/airflow/example_dags/example_branch_day_of_week_operator.py
[2024-10-02T01:32:07.485+0000] {processor.py:839} INFO - DAG(s) dict_keys(['example_weekday_branch_operator']) retrieved from /home/airflow/.local/lib/python3.8/site-packages/airflow/example_dags/example_branch_day_of_week_operator.py
[2024-10-02T01:32:07.688+0000] {logging_mixin.py:151} INFO - [2024-10-02T01:32:07.687+0000] {manager.py:499} INFO - Created Permission View: %s
[2024-10-02T01:32:07.698+0000] {logging_mixin.py:151} INFO - [2024-10-02T01:32:07.698+0000] {manager.py:499} INFO - Created Permission View: %s
[2024-10-02T01:32:07.728+0000] {logging_mixin.py:151} INFO - [2024-10-02T01:32:07.727+0000] {manager.py:499} INFO - Created Permission View: %s
[2024-10-02T01:32:07.742+0000] {logging_mixin.py:151} INFO - [2024-10-02T01:32:07.741+0000] {security.py:708} INFO - Not syncing DAG-level permissions for DAG 'DAG:example_weekday_branch_operator' as access control is unset.
[2024-10-02T01:32:07.744+0000] {logging_mixin.py:151} INFO - [2024-10-02T01:32:07.744+0000] {dag.py:2915} INFO - Sync 1 DAGs
[2024-10-02T01:32:07.794+0000] {logging_mixin.py:151} INFO - [2024-10-02T01:32:07.794+0000] {dag.py:2937} INFO - Creating ORM DAG for example_weekday_branch_operator
[2024-10-02T01:32:07.889+0000] {logging_mixin.py:151} INFO - [2024-10-02T01:32:07.887+0000] {dag.py:3696} INFO - Setting next_dagrun for example_weekday_branch_operator to 2024-10-01T00:00:00+00:00, run_after=2024-10-02T00:00:00+00:00
[2024-10-02T01:32:07.965+0000] {processor.py:179} INFO - Processing /home/airflow/.local/lib/python3.8/site-packages/airflow/example_dags/example_branch_day_of_week_operator.py took 0.566 seconds
[2024-10-02T01:32:38.915+0000] {processor.py:157} INFO - Started process (PID=83) to work on /home/airflow/.local/lib/python3.8/site-packages/airflow/example_dags/example_branch_day_of_week_operator.py
[2024-10-02T01:32:38.918+0000] {processor.py:829} INFO - Processing file /home/airflow/.local/lib/python3.8/site-packages/airflow/example_dags/example_branch_day_of_week_operator.py for tasks to queue
[2024-10-02T01:32:38.924+0000] {logging_mixin.py:151} INFO - [2024-10-02T01:32:38.923+0000] {dagbag.py:539} INFO - Filling up the DagBag from /home/airflow/.local/lib/python3.8/site-packages/airflow/example_dags/example_branch_day_of_week_operator.py
[2024-10-02T01:32:38.957+0000] {processor.py:839} INFO - DAG(s) dict_keys(['example_weekday_branch_operator']) retrieved from /home/airflow/.local/lib/python3.8/site-packages/airflow/example_dags/example_branch_day_of_week_operator.py
[2024-10-02T01:32:38.999+0000] {logging_mixin.py:151} INFO - [2024-10-02T01:32:38.999+0000] {dag.py:2915} INFO - Sync 1 DAGs
[2024-10-02T01:32:39.035+0000] {logging_mixin.py:151} INFO - [2024-10-02T01:32:39.034+0000] {dag.py:3696} INFO - Setting next_dagrun for example_weekday_branch_operator to 2024-10-01T00:00:00+00:00, run_after=2024-10-02T00:00:00+00:00
[2024-10-02T01:32:39.056+0000] {processor.py:179} INFO - Processing /home/airflow/.local/lib/python3.8/site-packages/airflow/example_dags/example_branch_day_of_week_operator.py took 0.147 seconds
[2024-10-02T01:33:09.394+0000] {processor.py:157} INFO - Started process (PID=131) to work on /home/airflow/.local/lib/python3.8/site-packages/airflow/example_dags/example_branch_day_of_week_operator.py
[2024-10-02T01:33:09.396+0000] {processor.py:829} INFO - Processing file /home/airflow/.local/lib/python3.8/site-packages/airflow/example_dags/example_branch_day_of_week_operator.py for tasks to queue
[2024-10-02T01:33:09.401+0000] {logging_mixin.py:151} INFO - [2024-10-02T01:33:09.401+0000] {dagbag.py:539} INFO - Filling up the DagBag from /home/airflow/.local/lib/python3.8/site-packages/airflow/example_dags/example_branch_day_of_week_operator.py
[2024-10-02T01:33:09.422+0000] {processor.py:839} INFO - DAG(s) dict_keys(['example_weekday_branch_operator']) retrieved from /home/airflow/.local/lib/python3.8/site-packages/airflow/example_dags/example_branch_day_of_week_operator.py
[2024-10-02T01:33:09.458+0000] {logging_mixin.py:151} INFO - [2024-10-02T01:33:09.458+0000] {dag.py:2915} INFO - Sync 1 DAGs
[2024-10-02T01:33:09.489+0000] {logging_mixin.py:151} INFO - [2024-10-02T01:33:09.488+0000] {dag.py:3696} INFO - Setting next_dagrun for example_weekday_branch_operator to 2024-10-01T00:00:00+00:00, run_after=2024-10-02T00:00:00+00:00
[2024-10-02T01:33:09.513+0000] {processor.py:179} INFO - Processing /home/airflow/.local/lib/python3.8/site-packages/airflow/example_dags/example_branch_day_of_week_operator.py took 0.125 seconds
[2024-10-02T01:33:39.809+0000] {processor.py:157} INFO - Started process (PID=179) to work on /home/airflow/.local/lib/python3.8/site-packages/airflow/example_dags/example_branch_day_of_week_operator.py
[2024-10-02T01:33:39.819+0000] {processor.py:829} INFO - Processing file /home/airflow/.local/lib/python3.8/site-packages/airflow/example_dags/example_branch_day_of_week_operator.py for tasks to queue
[2024-10-02T01:33:39.848+0000] {logging_mixin.py:151} INFO - [2024-10-02T01:33:39.846+0000] {dagbag.py:539} INFO - Filling up the DagBag from /home/airflow/.local/lib/python3.8/site-packages/airflow/example_dags/example_branch_day_of_week_operator.py
[2024-10-02T01:33:39.878+0000] {processor.py:839} INFO - DAG(s) dict_keys(['example_weekday_branch_operator']) retrieved from /home/airflow/.local/lib/python3.8/site-packages/airflow/example_dags/example_branch_day_of_week_operator.py
[2024-10-02T01:33:39.963+0000] {logging_mixin.py:151} INFO - [2024-10-02T01:33:39.963+0000] {dag.py:2915} INFO - Sync 1 DAGs
[2024-10-02T01:33:40.328+0000] {logging_mixin.py:151} INFO - [2024-10-02T01:33:40.328+0000] {dag.py:3696} INFO - Setting next_dagrun for example_weekday_branch_operator to 2024-10-01T00:00:00+00:00, run_after=2024-10-02T00:00:00+00:00
[2024-10-02T01:33:40.417+0000] {processor.py:179} INFO - Processing /home/airflow/.local/lib/python3.8/site-packages/airflow/example_dags/example_branch_day_of_week_operator.py took 0.616 seconds
[2024-10-02T01:34:11.041+0000] {processor.py:157} INFO - Started process (PID=227) to work on /home/airflow/.local/lib/python3.8/site-packages/airflow/example_dags/example_branch_day_of_week_operator.py
[2024-10-02T01:34:11.045+0000] {processor.py:829} INFO - Processing file /home/airflow/.local/lib/python3.8/site-packages/airflow/example_dags/example_branch_day_of_week_operator.py for tasks to queue
[2024-10-02T01:34:11.051+0000] {logging_mixin.py:151} INFO - [2024-10-02T01:34:11.049+0000] {dagbag.py:539} INFO - Filling up the DagBag from /home/airflow/.local/lib/python3.8/site-packages/airflow/example_dags/example_branch_day_of_week_operator.py
[2024-10-02T01:34:11.068+0000] {processor.py:839} INFO - DAG(s) dict_keys(['example_weekday_branch_operator']) retrieved from /home/airflow/.local/lib/python3.8/site-packages/airflow/example_dags/example_branch_day_of_week_operator.py
[2024-10-02T01:34:11.104+0000] {logging_mixin.py:151} INFO - [2024-10-02T01:34:11.104+0000] {dag.py:2915} INFO - Sync 1 DAGs
[2024-10-02T01:34:11.143+0000] {logging_mixin.py:151} INFO - [2024-10-02T01:34:11.142+0000] {dag.py:3696} INFO - Setting next_dagrun for example_weekday_branch_operator to 2024-10-01T00:00:00+00:00, run_after=2024-10-02T00:00:00+00:00
[2024-10-02T01:34:11.175+0000] {processor.py:179} INFO - Processing /home/airflow/.local/lib/python3.8/site-packages/airflow/example_dags/example_branch_day_of_week_operator.py took 0.137 seconds
[2024-10-02T01:34:41.237+0000] {processor.py:157} INFO - Started process (PID=275) to work on /home/airflow/.local/lib/python3.8/site-packages/airflow/example_dags/example_branch_day_of_week_operator.py
[2024-10-02T01:34:41.241+0000] {processor.py:829} INFO - Processing file /home/airflow/.local/lib/python3.8/site-packages/airflow/example_dags/example_branch_day_of_week_operator.py for tasks to queue
[2024-10-02T01:34:41.246+0000] {logging_mixin.py:151} INFO - [2024-10-02T01:34:41.245+0000] {dagbag.py:539} INFO - Filling up the DagBag from /home/airflow/.local/lib/python3.8/site-packages/airflow/example_dags/example_branch_day_of_week_operator.py
[2024-10-02T01:34:41.265+0000] {processor.py:839} INFO - DAG(s) dict_keys(['example_weekday_branch_operator']) retrieved from /home/airflow/.local/lib/python3.8/site-packages/airflow/example_dags/example_branch_day_of_week_operator.py
[2024-10-02T01:34:41.311+0000] {logging_mixin.py:151} INFO - [2024-10-02T01:34:41.310+0000] {dag.py:2915} INFO - Sync 1 DAGs
[2024-10-02T01:34:41.354+0000] {logging_mixin.py:151} INFO - [2024-10-02T01:34:41.354+0000] {dag.py:3696} INFO - Setting next_dagrun for example_weekday_branch_operator to 2024-10-01T00:00:00+00:00, run_after=2024-10-02T00:00:00+00:00
[2024-10-02T01:34:41.386+0000] {processor.py:179} INFO - Processing /home/airflow/.local/lib/python3.8/site-packages/airflow/example_dags/example_branch_day_of_week_operator.py took 0.154 seconds
[2024-10-02T01:35:11.808+0000] {processor.py:157} INFO - Started process (PID=323) to work on /home/airflow/.local/lib/python3.8/site-packages/airflow/example_dags/example_branch_day_of_week_operator.py
[2024-10-02T01:35:11.812+0000] {processor.py:829} INFO - Processing file /home/airflow/.local/lib/python3.8/site-packages/airflow/example_dags/example_branch_day_of_week_operator.py for tasks to queue
[2024-10-02T01:35:11.818+0000] {logging_mixin.py:151} INFO - [2024-10-02T01:35:11.817+0000] {dagbag.py:539} INFO - Filling up the DagBag from /home/airflow/.local/lib/python3.8/site-packages/airflow/example_dags/example_branch_day_of_week_operator.py
[2024-10-02T01:35:11.840+0000] {processor.py:839} INFO - DAG(s) dict_keys(['example_weekday_branch_operator']) retrieved from /home/airflow/.local/lib/python3.8/site-packages/airflow/example_dags/example_branch_day_of_week_operator.py
[2024-10-02T01:35:11.878+0000] {logging_mixin.py:151} INFO - [2024-10-02T01:35:11.878+0000] {dag.py:2915} INFO - Sync 1 DAGs
[2024-10-02T01:35:11.914+0000] {logging_mixin.py:151} INFO - [2024-10-02T01:35:11.914+0000] {dag.py:3696} INFO - Setting next_dagrun for example_weekday_branch_operator to 2024-10-01T00:00:00+00:00, run_after=2024-10-02T00:00:00+00:00
[2024-10-02T01:35:11.962+0000] {processor.py:179} INFO - Processing /home/airflow/.local/lib/python3.8/site-packages/airflow/example_dags/example_branch_day_of_week_operator.py took 0.160 seconds
[2024-10-02T01:35:42.454+0000] {processor.py:157} INFO - Started process (PID=371) to work on /home/airflow/.local/lib/python3.8/site-packages/airflow/example_dags/example_branch_day_of_week_operator.py
[2024-10-02T01:35:42.458+0000] {processor.py:829} INFO - Processing file /home/airflow/.local/lib/python3.8/site-packages/airflow/example_dags/example_branch_day_of_week_operator.py for tasks to queue
[2024-10-02T01:35:42.464+0000] {logging_mixin.py:151} INFO - [2024-10-02T01:35:42.463+0000] {dagbag.py:539} INFO - Filling up the DagBag from /home/airflow/.local/lib/python3.8/site-packages/airflow/example_dags/example_branch_day_of_week_operator.py
[2024-10-02T01:35:42.486+0000] {processor.py:839} INFO - DAG(s) dict_keys(['example_weekday_branch_operator']) retrieved from /home/airflow/.local/lib/python3.8/site-packages/airflow/example_dags/example_branch_day_of_week_operator.py
[2024-10-02T01:35:42.525+0000] {logging_mixin.py:151} INFO - [2024-10-02T01:35:42.525+0000] {dag.py:2915} INFO - Sync 1 DAGs
[2024-10-02T01:35:42.573+0000] {logging_mixin.py:151} INFO - [2024-10-02T01:35:42.572+0000] {dag.py:3696} INFO - Setting next_dagrun for example_weekday_branch_operator to 2024-10-01T00:00:00+00:00, run_after=2024-10-02T00:00:00+00:00
[2024-10-02T01:35:42.605+0000] {processor.py:179} INFO - Processing /home/airflow/.local/lib/python3.8/site-packages/airflow/example_dags/example_branch_day_of_week_operator.py took 0.155 seconds
[2024-10-02T01:36:12.853+0000] {processor.py:157} INFO - Started process (PID=419) to work on /home/airflow/.local/lib/python3.8/site-packages/airflow/example_dags/example_branch_day_of_week_operator.py
[2024-10-02T01:36:12.857+0000] {processor.py:829} INFO - Processing file /home/airflow/.local/lib/python3.8/site-packages/airflow/example_dags/example_branch_day_of_week_operator.py for tasks to queue
[2024-10-02T01:36:12.862+0000] {logging_mixin.py:151} INFO - [2024-10-02T01:36:12.862+0000] {dagbag.py:539} INFO - Filling up the DagBag from /home/airflow/.local/lib/python3.8/site-packages/airflow/example_dags/example_branch_day_of_week_operator.py
[2024-10-02T01:36:12.884+0000] {processor.py:839} INFO - DAG(s) dict_keys(['example_weekday_branch_operator']) retrieved from /home/airflow/.local/lib/python3.8/site-packages/airflow/example_dags/example_branch_day_of_week_operator.py
[2024-10-02T01:36:12.928+0000] {logging_mixin.py:151} INFO - [2024-10-02T01:36:12.927+0000] {dag.py:2915} INFO - Sync 1 DAGs
[2024-10-02T01:36:12.960+0000] {logging_mixin.py:151} INFO - [2024-10-02T01:36:12.960+0000] {dag.py:3696} INFO - Setting next_dagrun for example_weekday_branch_operator to 2024-10-01T00:00:00+00:00, run_after=2024-10-02T00:00:00+00:00
[2024-10-02T01:36:12.994+0000] {processor.py:179} INFO - Processing /home/airflow/.local/lib/python3.8/site-packages/airflow/example_dags/example_branch_day_of_week_operator.py took 0.145 seconds
[2024-10-02T01:36:43.505+0000] {processor.py:157} INFO - Started process (PID=467) to work on /home/airflow/.local/lib/python3.8/site-packages/airflow/example_dags/example_branch_day_of_week_operator.py
[2024-10-02T01:36:43.508+0000] {processor.py:829} INFO - Processing file /home/airflow/.local/lib/python3.8/site-packages/airflow/example_dags/example_branch_day_of_week_operator.py for tasks to queue
[2024-10-02T01:36:43.515+0000] {logging_mixin.py:151} INFO - [2024-10-02T01:36:43.514+0000] {dagbag.py:539} INFO - Filling up the DagBag from /home/airflow/.local/lib/python3.8/site-packages/airflow/example_dags/example_branch_day_of_week_operator.py
[2024-10-02T01:36:43.530+0000] {processor.py:839} INFO - DAG(s) dict_keys(['example_weekday_branch_operator']) retrieved from /home/airflow/.local/lib/python3.8/site-packages/airflow/example_dags/example_branch_day_of_week_operator.py
[2024-10-02T01:36:43.569+0000] {logging_mixin.py:151} INFO - [2024-10-02T01:36:43.568+0000] {dag.py:2915} INFO - Sync 1 DAGs
[2024-10-02T01:36:43.604+0000] {logging_mixin.py:151} INFO - [2024-10-02T01:36:43.603+0000] {dag.py:3696} INFO - Setting next_dagrun for example_weekday_branch_operator to 2024-10-01T00:00:00+00:00, run_after=2024-10-02T00:00:00+00:00
[2024-10-02T01:36:43.632+0000] {processor.py:179} INFO - Processing /home/airflow/.local/lib/python3.8/site-packages/airflow/example_dags/example_branch_day_of_week_operator.py took 0.131 seconds
[2024-10-02T01:37:14.654+0000] {processor.py:157} INFO - Started process (PID=515) to work on /home/airflow/.local/lib/python3.8/site-packages/airflow/example_dags/example_branch_day_of_week_operator.py
[2024-10-02T01:37:14.656+0000] {processor.py:829} INFO - Processing file /home/airflow/.local/lib/python3.8/site-packages/airflow/example_dags/example_branch_day_of_week_operator.py for tasks to queue
[2024-10-02T01:37:14.660+0000] {logging_mixin.py:151} INFO - [2024-10-02T01:37:14.660+0000] {dagbag.py:539} INFO - Filling up the DagBag from /home/airflow/.local/lib/python3.8/site-packages/airflow/example_dags/example_branch_day_of_week_operator.py
[2024-10-02T01:37:14.676+0000] {processor.py:839} INFO - DAG(s) dict_keys(['example_weekday_branch_operator']) retrieved from /home/airflow/.local/lib/python3.8/site-packages/airflow/example_dags/example_branch_day_of_week_operator.py
[2024-10-02T01:37:14.714+0000] {logging_mixin.py:151} INFO - [2024-10-02T01:37:14.713+0000] {dag.py:2915} INFO - Sync 1 DAGs
[2024-10-02T01:37:14.746+0000] {logging_mixin.py:151} INFO - [2024-10-02T01:37:14.746+0000] {dag.py:3696} INFO - Setting next_dagrun for example_weekday_branch_operator to 2024-10-01T00:00:00+00:00, run_after=2024-10-02T00:00:00+00:00
[2024-10-02T01:37:14.775+0000] {processor.py:179} INFO - Processing /home/airflow/.local/lib/python3.8/site-packages/airflow/example_dags/example_branch_day_of_week_operator.py took 0.125 seconds
[2024-10-02T01:37:45.616+0000] {processor.py:157} INFO - Started process (PID=563) to work on /home/airflow/.local/lib/python3.8/site-packages/airflow/example_dags/example_branch_day_of_week_operator.py
[2024-10-02T01:37:45.620+0000] {processor.py:829} INFO - Processing file /home/airflow/.local/lib/python3.8/site-packages/airflow/example_dags/example_branch_day_of_week_operator.py for tasks to queue
[2024-10-02T01:37:45.627+0000] {logging_mixin.py:151} INFO - [2024-10-02T01:37:45.625+0000] {dagbag.py:539} INFO - Filling up the DagBag from /home/airflow/.local/lib/python3.8/site-packages/airflow/example_dags/example_branch_day_of_week_operator.py
[2024-10-02T01:37:45.645+0000] {processor.py:839} INFO - DAG(s) dict_keys(['example_weekday_branch_operator']) retrieved from /home/airflow/.local/lib/python3.8/site-packages/airflow/example_dags/example_branch_day_of_week_operator.py
[2024-10-02T01:37:45.692+0000] {logging_mixin.py:151} INFO - [2024-10-02T01:37:45.692+0000] {dag.py:2915} INFO - Sync 1 DAGs
[2024-10-02T01:37:45.740+0000] {logging_mixin.py:151} INFO - [2024-10-02T01:37:45.739+0000] {dag.py:3696} INFO - Setting next_dagrun for example_weekday_branch_operator to 2024-10-01T00:00:00+00:00, run_after=2024-10-02T00:00:00+00:00
[2024-10-02T01:37:45.774+0000] {processor.py:179} INFO - Processing /home/airflow/.local/lib/python3.8/site-packages/airflow/example_dags/example_branch_day_of_week_operator.py took 0.162 seconds
[2024-10-02T01:38:16.306+0000] {processor.py:157} INFO - Started process (PID=611) to work on /home/airflow/.local/lib/python3.8/site-packages/airflow/example_dags/example_branch_day_of_week_operator.py
[2024-10-02T01:38:16.308+0000] {processor.py:829} INFO - Processing file /home/airflow/.local/lib/python3.8/site-packages/airflow/example_dags/example_branch_day_of_week_operator.py for tasks to queue
[2024-10-02T01:38:16.313+0000] {logging_mixin.py:151} INFO - [2024-10-02T01:38:16.312+0000] {dagbag.py:539} INFO - Filling up the DagBag from /home/airflow/.local/lib/python3.8/site-packages/airflow/example_dags/example_branch_day_of_week_operator.py
[2024-10-02T01:38:16.330+0000] {processor.py:839} INFO - DAG(s) dict_keys(['example_weekday_branch_operator']) retrieved from /home/airflow/.local/lib/python3.8/site-packages/airflow/example_dags/example_branch_day_of_week_operator.py
[2024-10-02T01:38:16.367+0000] {logging_mixin.py:151} INFO - [2024-10-02T01:38:16.366+0000] {dag.py:2915} INFO - Sync 1 DAGs
[2024-10-02T01:38:16.397+0000] {logging_mixin.py:151} INFO - [2024-10-02T01:38:16.396+0000] {dag.py:3696} INFO - Setting next_dagrun for example_weekday_branch_operator to 2024-10-01T00:00:00+00:00, run_after=2024-10-02T00:00:00+00:00
[2024-10-02T01:38:16.421+0000] {processor.py:179} INFO - Processing /home/airflow/.local/lib/python3.8/site-packages/airflow/example_dags/example_branch_day_of_week_operator.py took 0.119 seconds
[2024-10-02T01:38:46.752+0000] {processor.py:157} INFO - Started process (PID=659) to work on /home/airflow/.local/lib/python3.8/site-packages/airflow/example_dags/example_branch_day_of_week_operator.py
[2024-10-02T01:38:46.757+0000] {processor.py:829} INFO - Processing file /home/airflow/.local/lib/python3.8/site-packages/airflow/example_dags/example_branch_day_of_week_operator.py for tasks to queue
[2024-10-02T01:38:46.765+0000] {logging_mixin.py:151} INFO - [2024-10-02T01:38:46.764+0000] {dagbag.py:539} INFO - Filling up the DagBag from /home/airflow/.local/lib/python3.8/site-packages/airflow/example_dags/example_branch_day_of_week_operator.py
[2024-10-02T01:38:46.785+0000] {processor.py:839} INFO - DAG(s) dict_keys(['example_weekday_branch_operator']) retrieved from /home/airflow/.local/lib/python3.8/site-packages/airflow/example_dags/example_branch_day_of_week_operator.py
[2024-10-02T01:38:46.823+0000] {logging_mixin.py:151} INFO - [2024-10-02T01:38:46.823+0000] {dag.py:2915} INFO - Sync 1 DAGs
[2024-10-02T01:38:46.859+0000] {logging_mixin.py:151} INFO - [2024-10-02T01:38:46.858+0000] {dag.py:3696} INFO - Setting next_dagrun for example_weekday_branch_operator to 2024-10-01T00:00:00+00:00, run_after=2024-10-02T00:00:00+00:00
[2024-10-02T01:38:46.900+0000] {processor.py:179} INFO - Processing /home/airflow/.local/lib/python3.8/site-packages/airflow/example_dags/example_branch_day_of_week_operator.py took 0.154 seconds
[2024-10-02T01:39:17.085+0000] {processor.py:157} INFO - Started process (PID=707) to work on /home/airflow/.local/lib/python3.8/site-packages/airflow/example_dags/example_branch_day_of_week_operator.py
[2024-10-02T01:39:17.090+0000] {processor.py:829} INFO - Processing file /home/airflow/.local/lib/python3.8/site-packages/airflow/example_dags/example_branch_day_of_week_operator.py for tasks to queue
[2024-10-02T01:39:17.098+0000] {logging_mixin.py:151} INFO - [2024-10-02T01:39:17.097+0000] {dagbag.py:539} INFO - Filling up the DagBag from /home/airflow/.local/lib/python3.8/site-packages/airflow/example_dags/example_branch_day_of_week_operator.py
[2024-10-02T01:39:17.136+0000] {processor.py:839} INFO - DAG(s) dict_keys(['example_weekday_branch_operator']) retrieved from /home/airflow/.local/lib/python3.8/site-packages/airflow/example_dags/example_branch_day_of_week_operator.py
[2024-10-02T01:39:17.197+0000] {logging_mixin.py:151} INFO - [2024-10-02T01:39:17.196+0000] {dag.py:2915} INFO - Sync 1 DAGs
[2024-10-02T01:39:17.270+0000] {logging_mixin.py:151} INFO - [2024-10-02T01:39:17.269+0000] {dag.py:3696} INFO - Setting next_dagrun for example_weekday_branch_operator to 2024-10-01T00:00:00+00:00, run_after=2024-10-02T00:00:00+00:00
[2024-10-02T01:39:17.303+0000] {processor.py:179} INFO - Processing /home/airflow/.local/lib/python3.8/site-packages/airflow/example_dags/example_branch_day_of_week_operator.py took 0.222 seconds
[2024-10-02T01:45:24.631+0000] {processor.py:157} INFO - Started process (PID=35) to work on /home/airflow/.local/lib/python3.8/site-packages/airflow/example_dags/example_branch_day_of_week_operator.py
[2024-10-02T01:45:24.638+0000] {processor.py:829} INFO - Processing file /home/airflow/.local/lib/python3.8/site-packages/airflow/example_dags/example_branch_day_of_week_operator.py for tasks to queue
[2024-10-02T01:45:24.648+0000] {logging_mixin.py:151} INFO - [2024-10-02T01:45:24.645+0000] {dagbag.py:539} INFO - Filling up the DagBag from /home/airflow/.local/lib/python3.8/site-packages/airflow/example_dags/example_branch_day_of_week_operator.py
[2024-10-02T01:45:24.774+0000] {processor.py:839} INFO - DAG(s) dict_keys(['example_weekday_branch_operator']) retrieved from /home/airflow/.local/lib/python3.8/site-packages/airflow/example_dags/example_branch_day_of_week_operator.py
[2024-10-02T01:45:25.125+0000] {logging_mixin.py:151} INFO - [2024-10-02T01:45:25.124+0000] {manager.py:499} INFO - Created Permission View: %s
[2024-10-02T01:45:25.178+0000] {logging_mixin.py:151} INFO - [2024-10-02T01:45:25.177+0000] {manager.py:499} INFO - Created Permission View: %s
[2024-10-02T01:45:25.220+0000] {logging_mixin.py:151} INFO - [2024-10-02T01:45:25.219+0000] {manager.py:499} INFO - Created Permission View: %s
[2024-10-02T01:45:25.222+0000] {logging_mixin.py:151} INFO - [2024-10-02T01:45:25.222+0000] {security.py:708} INFO - Not syncing DAG-level permissions for DAG 'DAG:example_weekday_branch_operator' as access control is unset.
[2024-10-02T01:45:25.223+0000] {logging_mixin.py:151} INFO - [2024-10-02T01:45:25.222+0000] {dag.py:2915} INFO - Sync 1 DAGs
[2024-10-02T01:45:25.274+0000] {logging_mixin.py:151} INFO - [2024-10-02T01:45:25.274+0000] {dag.py:2937} INFO - Creating ORM DAG for example_weekday_branch_operator
[2024-10-02T01:45:25.310+0000] {logging_mixin.py:151} INFO - [2024-10-02T01:45:25.310+0000] {dag.py:3696} INFO - Setting next_dagrun for example_weekday_branch_operator to 2024-10-01T00:00:00+00:00, run_after=2024-10-02T00:00:00+00:00
[2024-10-02T01:45:25.388+0000] {processor.py:179} INFO - Processing /home/airflow/.local/lib/python3.8/site-packages/airflow/example_dags/example_branch_day_of_week_operator.py took 0.774 seconds
[2024-10-02T01:45:55.815+0000] {processor.py:157} INFO - Started process (PID=83) to work on /home/airflow/.local/lib/python3.8/site-packages/airflow/example_dags/example_branch_day_of_week_operator.py
[2024-10-02T01:45:55.820+0000] {processor.py:829} INFO - Processing file /home/airflow/.local/lib/python3.8/site-packages/airflow/example_dags/example_branch_day_of_week_operator.py for tasks to queue
[2024-10-02T01:45:55.826+0000] {logging_mixin.py:151} INFO - [2024-10-02T01:45:55.826+0000] {dagbag.py:539} INFO - Filling up the DagBag from /home/airflow/.local/lib/python3.8/site-packages/airflow/example_dags/example_branch_day_of_week_operator.py
[2024-10-02T01:45:55.845+0000] {processor.py:839} INFO - DAG(s) dict_keys(['example_weekday_branch_operator']) retrieved from /home/airflow/.local/lib/python3.8/site-packages/airflow/example_dags/example_branch_day_of_week_operator.py
[2024-10-02T01:45:55.880+0000] {logging_mixin.py:151} INFO - [2024-10-02T01:45:55.879+0000] {dag.py:2915} INFO - Sync 1 DAGs
[2024-10-02T01:45:55.908+0000] {logging_mixin.py:151} INFO - [2024-10-02T01:45:55.908+0000] {dag.py:3696} INFO - Setting next_dagrun for example_weekday_branch_operator to 2024-10-01T00:00:00+00:00, run_after=2024-10-02T00:00:00+00:00
[2024-10-02T01:45:55.933+0000] {processor.py:179} INFO - Processing /home/airflow/.local/lib/python3.8/site-packages/airflow/example_dags/example_branch_day_of_week_operator.py took 0.123 seconds
[2024-10-02T01:46:54.759+0000] {processor.py:157} INFO - Started process (PID=35) to work on /home/airflow/.local/lib/python3.8/site-packages/airflow/example_dags/example_branch_day_of_week_operator.py
[2024-10-02T01:46:54.780+0000] {processor.py:829} INFO - Processing file /home/airflow/.local/lib/python3.8/site-packages/airflow/example_dags/example_branch_day_of_week_operator.py for tasks to queue
[2024-10-02T01:46:54.794+0000] {logging_mixin.py:151} INFO - [2024-10-02T01:46:54.793+0000] {dagbag.py:539} INFO - Filling up the DagBag from /home/airflow/.local/lib/python3.8/site-packages/airflow/example_dags/example_branch_day_of_week_operator.py
[2024-10-02T01:46:54.858+0000] {processor.py:839} INFO - DAG(s) dict_keys(['example_weekday_branch_operator']) retrieved from /home/airflow/.local/lib/python3.8/site-packages/airflow/example_dags/example_branch_day_of_week_operator.py
[2024-10-02T01:46:54.926+0000] {logging_mixin.py:151} INFO - [2024-10-02T01:46:54.924+0000] {dag.py:2915} INFO - Sync 1 DAGs
[2024-10-02T01:46:54.978+0000] {logging_mixin.py:151} INFO - [2024-10-02T01:46:54.978+0000] {dag.py:3696} INFO - Setting next_dagrun for example_weekday_branch_operator to 2024-10-01T00:00:00+00:00, run_after=2024-10-02T00:00:00+00:00
[2024-10-02T01:46:55.188+0000] {processor.py:179} INFO - Processing /home/airflow/.local/lib/python3.8/site-packages/airflow/example_dags/example_branch_day_of_week_operator.py took 0.433 seconds
[2024-10-02T01:47:25.384+0000] {processor.py:157} INFO - Started process (PID=83) to work on /home/airflow/.local/lib/python3.8/site-packages/airflow/example_dags/example_branch_day_of_week_operator.py
[2024-10-02T01:47:25.389+0000] {processor.py:829} INFO - Processing file /home/airflow/.local/lib/python3.8/site-packages/airflow/example_dags/example_branch_day_of_week_operator.py for tasks to queue
[2024-10-02T01:47:25.395+0000] {logging_mixin.py:151} INFO - [2024-10-02T01:47:25.393+0000] {dagbag.py:539} INFO - Filling up the DagBag from /home/airflow/.local/lib/python3.8/site-packages/airflow/example_dags/example_branch_day_of_week_operator.py
[2024-10-02T01:47:25.412+0000] {processor.py:839} INFO - DAG(s) dict_keys(['example_weekday_branch_operator']) retrieved from /home/airflow/.local/lib/python3.8/site-packages/airflow/example_dags/example_branch_day_of_week_operator.py
[2024-10-02T01:47:25.453+0000] {logging_mixin.py:151} INFO - [2024-10-02T01:47:25.452+0000] {dag.py:2915} INFO - Sync 1 DAGs
[2024-10-02T01:47:25.485+0000] {logging_mixin.py:151} INFO - [2024-10-02T01:47:25.484+0000] {dag.py:3696} INFO - Setting next_dagrun for example_weekday_branch_operator to 2024-10-01T00:00:00+00:00, run_after=2024-10-02T00:00:00+00:00
[2024-10-02T01:47:25.526+0000] {processor.py:179} INFO - Processing /home/airflow/.local/lib/python3.8/site-packages/airflow/example_dags/example_branch_day_of_week_operator.py took 0.147 seconds
[2024-10-02T01:48:22.769+0000] {processor.py:157} INFO - Started process (PID=35) to work on /home/airflow/.local/lib/python3.8/site-packages/airflow/example_dags/example_branch_day_of_week_operator.py
[2024-10-02T01:48:22.783+0000] {processor.py:829} INFO - Processing file /home/airflow/.local/lib/python3.8/site-packages/airflow/example_dags/example_branch_day_of_week_operator.py for tasks to queue
[2024-10-02T01:48:22.817+0000] {logging_mixin.py:151} INFO - [2024-10-02T01:48:22.816+0000] {dagbag.py:539} INFO - Filling up the DagBag from /home/airflow/.local/lib/python3.8/site-packages/airflow/example_dags/example_branch_day_of_week_operator.py
[2024-10-02T01:48:22.900+0000] {processor.py:839} INFO - DAG(s) dict_keys(['example_weekday_branch_operator']) retrieved from /home/airflow/.local/lib/python3.8/site-packages/airflow/example_dags/example_branch_day_of_week_operator.py
[2024-10-02T01:48:22.961+0000] {logging_mixin.py:151} INFO - [2024-10-02T01:48:22.961+0000] {dag.py:2915} INFO - Sync 1 DAGs
[2024-10-02T01:48:23.009+0000] {logging_mixin.py:151} INFO - [2024-10-02T01:48:23.008+0000] {dag.py:3696} INFO - Setting next_dagrun for example_weekday_branch_operator to 2024-10-01T00:00:00+00:00, run_after=2024-10-02T00:00:00+00:00
[2024-10-02T01:48:23.129+0000] {processor.py:179} INFO - Processing /home/airflow/.local/lib/python3.8/site-packages/airflow/example_dags/example_branch_day_of_week_operator.py took 0.364 seconds
[2024-10-02T01:48:54.100+0000] {processor.py:157} INFO - Started process (PID=83) to work on /home/airflow/.local/lib/python3.8/site-packages/airflow/example_dags/example_branch_day_of_week_operator.py
[2024-10-02T01:48:54.103+0000] {processor.py:829} INFO - Processing file /home/airflow/.local/lib/python3.8/site-packages/airflow/example_dags/example_branch_day_of_week_operator.py for tasks to queue
[2024-10-02T01:48:54.106+0000] {logging_mixin.py:151} INFO - [2024-10-02T01:48:54.106+0000] {dagbag.py:539} INFO - Filling up the DagBag from /home/airflow/.local/lib/python3.8/site-packages/airflow/example_dags/example_branch_day_of_week_operator.py
[2024-10-02T01:48:54.120+0000] {processor.py:839} INFO - DAG(s) dict_keys(['example_weekday_branch_operator']) retrieved from /home/airflow/.local/lib/python3.8/site-packages/airflow/example_dags/example_branch_day_of_week_operator.py
[2024-10-02T01:48:54.152+0000] {logging_mixin.py:151} INFO - [2024-10-02T01:48:54.152+0000] {dag.py:2915} INFO - Sync 1 DAGs
[2024-10-02T01:48:54.182+0000] {logging_mixin.py:151} INFO - [2024-10-02T01:48:54.182+0000] {dag.py:3696} INFO - Setting next_dagrun for example_weekday_branch_operator to 2024-10-01T00:00:00+00:00, run_after=2024-10-02T00:00:00+00:00
[2024-10-02T01:48:54.204+0000] {processor.py:179} INFO - Processing /home/airflow/.local/lib/python3.8/site-packages/airflow/example_dags/example_branch_day_of_week_operator.py took 0.108 seconds
[2024-10-02T01:49:24.267+0000] {processor.py:157} INFO - Started process (PID=131) to work on /home/airflow/.local/lib/python3.8/site-packages/airflow/example_dags/example_branch_day_of_week_operator.py
[2024-10-02T01:49:24.270+0000] {processor.py:829} INFO - Processing file /home/airflow/.local/lib/python3.8/site-packages/airflow/example_dags/example_branch_day_of_week_operator.py for tasks to queue
[2024-10-02T01:49:24.273+0000] {logging_mixin.py:151} INFO - [2024-10-02T01:49:24.273+0000] {dagbag.py:539} INFO - Filling up the DagBag from /home/airflow/.local/lib/python3.8/site-packages/airflow/example_dags/example_branch_day_of_week_operator.py
[2024-10-02T01:49:24.290+0000] {processor.py:839} INFO - DAG(s) dict_keys(['example_weekday_branch_operator']) retrieved from /home/airflow/.local/lib/python3.8/site-packages/airflow/example_dags/example_branch_day_of_week_operator.py
[2024-10-02T01:49:24.322+0000] {logging_mixin.py:151} INFO - [2024-10-02T01:49:24.322+0000] {dag.py:2915} INFO - Sync 1 DAGs
[2024-10-02T01:49:24.357+0000] {logging_mixin.py:151} INFO - [2024-10-02T01:49:24.356+0000] {dag.py:3696} INFO - Setting next_dagrun for example_weekday_branch_operator to 2024-10-01T00:00:00+00:00, run_after=2024-10-02T00:00:00+00:00
[2024-10-02T01:49:24.381+0000] {processor.py:179} INFO - Processing /home/airflow/.local/lib/python3.8/site-packages/airflow/example_dags/example_branch_day_of_week_operator.py took 0.118 seconds
[2024-10-02T01:49:54.749+0000] {processor.py:157} INFO - Started process (PID=179) to work on /home/airflow/.local/lib/python3.8/site-packages/airflow/example_dags/example_branch_day_of_week_operator.py
[2024-10-02T01:49:54.752+0000] {processor.py:829} INFO - Processing file /home/airflow/.local/lib/python3.8/site-packages/airflow/example_dags/example_branch_day_of_week_operator.py for tasks to queue
[2024-10-02T01:49:54.758+0000] {logging_mixin.py:151} INFO - [2024-10-02T01:49:54.757+0000] {dagbag.py:539} INFO - Filling up the DagBag from /home/airflow/.local/lib/python3.8/site-packages/airflow/example_dags/example_branch_day_of_week_operator.py
[2024-10-02T01:49:54.786+0000] {processor.py:839} INFO - DAG(s) dict_keys(['example_weekday_branch_operator']) retrieved from /home/airflow/.local/lib/python3.8/site-packages/airflow/example_dags/example_branch_day_of_week_operator.py
[2024-10-02T01:49:54.891+0000] {logging_mixin.py:151} INFO - [2024-10-02T01:49:54.891+0000] {dag.py:2915} INFO - Sync 1 DAGs
[2024-10-02T01:49:54.923+0000] {logging_mixin.py:151} INFO - [2024-10-02T01:49:54.923+0000] {dag.py:3696} INFO - Setting next_dagrun for example_weekday_branch_operator to 2024-10-01T00:00:00+00:00, run_after=2024-10-02T00:00:00+00:00
[2024-10-02T01:49:54.980+0000] {processor.py:179} INFO - Processing /home/airflow/.local/lib/python3.8/site-packages/airflow/example_dags/example_branch_day_of_week_operator.py took 0.235 seconds
[2024-10-02T01:50:25.946+0000] {processor.py:157} INFO - Started process (PID=227) to work on /home/airflow/.local/lib/python3.8/site-packages/airflow/example_dags/example_branch_day_of_week_operator.py
[2024-10-02T01:50:25.949+0000] {processor.py:829} INFO - Processing file /home/airflow/.local/lib/python3.8/site-packages/airflow/example_dags/example_branch_day_of_week_operator.py for tasks to queue
[2024-10-02T01:50:25.953+0000] {logging_mixin.py:151} INFO - [2024-10-02T01:50:25.952+0000] {dagbag.py:539} INFO - Filling up the DagBag from /home/airflow/.local/lib/python3.8/site-packages/airflow/example_dags/example_branch_day_of_week_operator.py
[2024-10-02T01:50:25.969+0000] {processor.py:839} INFO - DAG(s) dict_keys(['example_weekday_branch_operator']) retrieved from /home/airflow/.local/lib/python3.8/site-packages/airflow/example_dags/example_branch_day_of_week_operator.py
[2024-10-02T01:50:25.999+0000] {logging_mixin.py:151} INFO - [2024-10-02T01:50:25.998+0000] {dag.py:2915} INFO - Sync 1 DAGs
[2024-10-02T01:50:26.027+0000] {logging_mixin.py:151} INFO - [2024-10-02T01:50:26.027+0000] {dag.py:3696} INFO - Setting next_dagrun for example_weekday_branch_operator to 2024-10-01T00:00:00+00:00, run_after=2024-10-02T00:00:00+00:00
[2024-10-02T01:50:26.051+0000] {processor.py:179} INFO - Processing /home/airflow/.local/lib/python3.8/site-packages/airflow/example_dags/example_branch_day_of_week_operator.py took 0.110 seconds
[2024-10-02T01:50:56.222+0000] {processor.py:157} INFO - Started process (PID=275) to work on /home/airflow/.local/lib/python3.8/site-packages/airflow/example_dags/example_branch_day_of_week_operator.py
[2024-10-02T01:50:56.225+0000] {processor.py:829} INFO - Processing file /home/airflow/.local/lib/python3.8/site-packages/airflow/example_dags/example_branch_day_of_week_operator.py for tasks to queue
[2024-10-02T01:50:56.229+0000] {logging_mixin.py:151} INFO - [2024-10-02T01:50:56.229+0000] {dagbag.py:539} INFO - Filling up the DagBag from /home/airflow/.local/lib/python3.8/site-packages/airflow/example_dags/example_branch_day_of_week_operator.py
[2024-10-02T01:50:56.248+0000] {processor.py:839} INFO - DAG(s) dict_keys(['example_weekday_branch_operator']) retrieved from /home/airflow/.local/lib/python3.8/site-packages/airflow/example_dags/example_branch_day_of_week_operator.py
[2024-10-02T01:50:56.287+0000] {logging_mixin.py:151} INFO - [2024-10-02T01:50:56.287+0000] {dag.py:2915} INFO - Sync 1 DAGs
[2024-10-02T01:50:56.313+0000] {logging_mixin.py:151} INFO - [2024-10-02T01:50:56.313+0000] {dag.py:3696} INFO - Setting next_dagrun for example_weekday_branch_operator to 2024-10-01T00:00:00+00:00, run_after=2024-10-02T00:00:00+00:00
[2024-10-02T01:50:56.334+0000] {processor.py:179} INFO - Processing /home/airflow/.local/lib/python3.8/site-packages/airflow/example_dags/example_branch_day_of_week_operator.py took 0.117 seconds
[2024-10-02T01:51:26.720+0000] {processor.py:157} INFO - Started process (PID=323) to work on /home/airflow/.local/lib/python3.8/site-packages/airflow/example_dags/example_branch_day_of_week_operator.py
[2024-10-02T01:51:26.723+0000] {processor.py:829} INFO - Processing file /home/airflow/.local/lib/python3.8/site-packages/airflow/example_dags/example_branch_day_of_week_operator.py for tasks to queue
[2024-10-02T01:51:26.727+0000] {logging_mixin.py:151} INFO - [2024-10-02T01:51:26.727+0000] {dagbag.py:539} INFO - Filling up the DagBag from /home/airflow/.local/lib/python3.8/site-packages/airflow/example_dags/example_branch_day_of_week_operator.py
[2024-10-02T01:51:26.745+0000] {processor.py:839} INFO - DAG(s) dict_keys(['example_weekday_branch_operator']) retrieved from /home/airflow/.local/lib/python3.8/site-packages/airflow/example_dags/example_branch_day_of_week_operator.py
[2024-10-02T01:51:26.778+0000] {logging_mixin.py:151} INFO - [2024-10-02T01:51:26.777+0000] {dag.py:2915} INFO - Sync 1 DAGs
[2024-10-02T01:51:26.809+0000] {logging_mixin.py:151} INFO - [2024-10-02T01:51:26.808+0000] {dag.py:3696} INFO - Setting next_dagrun for example_weekday_branch_operator to 2024-10-01T00:00:00+00:00, run_after=2024-10-02T00:00:00+00:00
[2024-10-02T01:51:26.832+0000] {processor.py:179} INFO - Processing /home/airflow/.local/lib/python3.8/site-packages/airflow/example_dags/example_branch_day_of_week_operator.py took 0.117 seconds
[2024-10-02T01:51:56.969+0000] {processor.py:157} INFO - Started process (PID=371) to work on /home/airflow/.local/lib/python3.8/site-packages/airflow/example_dags/example_branch_day_of_week_operator.py
[2024-10-02T01:51:56.971+0000] {processor.py:829} INFO - Processing file /home/airflow/.local/lib/python3.8/site-packages/airflow/example_dags/example_branch_day_of_week_operator.py for tasks to queue
[2024-10-02T01:51:56.976+0000] {logging_mixin.py:151} INFO - [2024-10-02T01:51:56.975+0000] {dagbag.py:539} INFO - Filling up the DagBag from /home/airflow/.local/lib/python3.8/site-packages/airflow/example_dags/example_branch_day_of_week_operator.py
[2024-10-02T01:51:56.992+0000] {processor.py:839} INFO - DAG(s) dict_keys(['example_weekday_branch_operator']) retrieved from /home/airflow/.local/lib/python3.8/site-packages/airflow/example_dags/example_branch_day_of_week_operator.py
[2024-10-02T01:51:57.023+0000] {logging_mixin.py:151} INFO - [2024-10-02T01:51:57.023+0000] {dag.py:2915} INFO - Sync 1 DAGs
[2024-10-02T01:51:57.052+0000] {logging_mixin.py:151} INFO - [2024-10-02T01:51:57.051+0000] {dag.py:3696} INFO - Setting next_dagrun for example_weekday_branch_operator to 2024-10-01T00:00:00+00:00, run_after=2024-10-02T00:00:00+00:00
[2024-10-02T01:51:57.084+0000] {processor.py:179} INFO - Processing /home/airflow/.local/lib/python3.8/site-packages/airflow/example_dags/example_branch_day_of_week_operator.py took 0.120 seconds
[2024-10-02T01:52:27.141+0000] {processor.py:157} INFO - Started process (PID=419) to work on /home/airflow/.local/lib/python3.8/site-packages/airflow/example_dags/example_branch_day_of_week_operator.py
[2024-10-02T01:52:27.146+0000] {processor.py:829} INFO - Processing file /home/airflow/.local/lib/python3.8/site-packages/airflow/example_dags/example_branch_day_of_week_operator.py for tasks to queue
[2024-10-02T01:52:27.153+0000] {logging_mixin.py:151} INFO - [2024-10-02T01:52:27.152+0000] {dagbag.py:539} INFO - Filling up the DagBag from /home/airflow/.local/lib/python3.8/site-packages/airflow/example_dags/example_branch_day_of_week_operator.py
[2024-10-02T01:52:27.171+0000] {processor.py:839} INFO - DAG(s) dict_keys(['example_weekday_branch_operator']) retrieved from /home/airflow/.local/lib/python3.8/site-packages/airflow/example_dags/example_branch_day_of_week_operator.py
[2024-10-02T01:52:27.214+0000] {logging_mixin.py:151} INFO - [2024-10-02T01:52:27.213+0000] {dag.py:2915} INFO - Sync 1 DAGs
[2024-10-02T01:52:27.246+0000] {logging_mixin.py:151} INFO - [2024-10-02T01:52:27.246+0000] {dag.py:3696} INFO - Setting next_dagrun for example_weekday_branch_operator to 2024-10-01T00:00:00+00:00, run_after=2024-10-02T00:00:00+00:00
[2024-10-02T01:52:27.271+0000] {processor.py:179} INFO - Processing /home/airflow/.local/lib/python3.8/site-packages/airflow/example_dags/example_branch_day_of_week_operator.py took 0.135 seconds
[2024-10-02T01:52:57.378+0000] {processor.py:157} INFO - Started process (PID=467) to work on /home/airflow/.local/lib/python3.8/site-packages/airflow/example_dags/example_branch_day_of_week_operator.py
[2024-10-02T01:52:57.387+0000] {processor.py:829} INFO - Processing file /home/airflow/.local/lib/python3.8/site-packages/airflow/example_dags/example_branch_day_of_week_operator.py for tasks to queue
[2024-10-02T01:52:57.394+0000] {logging_mixin.py:151} INFO - [2024-10-02T01:52:57.394+0000] {dagbag.py:539} INFO - Filling up the DagBag from /home/airflow/.local/lib/python3.8/site-packages/airflow/example_dags/example_branch_day_of_week_operator.py
[2024-10-02T01:52:57.428+0000] {processor.py:839} INFO - DAG(s) dict_keys(['example_weekday_branch_operator']) retrieved from /home/airflow/.local/lib/python3.8/site-packages/airflow/example_dags/example_branch_day_of_week_operator.py
[2024-10-02T01:52:57.513+0000] {logging_mixin.py:151} INFO - [2024-10-02T01:52:57.512+0000] {dag.py:2915} INFO - Sync 1 DAGs
[2024-10-02T01:52:57.651+0000] {logging_mixin.py:151} INFO - [2024-10-02T01:52:57.651+0000] {dag.py:3696} INFO - Setting next_dagrun for example_weekday_branch_operator to 2024-10-01T00:00:00+00:00, run_after=2024-10-02T00:00:00+00:00
[2024-10-02T01:52:57.694+0000] {processor.py:179} INFO - Processing /home/airflow/.local/lib/python3.8/site-packages/airflow/example_dags/example_branch_day_of_week_operator.py took 0.322 seconds
[2024-10-02T01:53:28.128+0000] {processor.py:157} INFO - Started process (PID=515) to work on /home/airflow/.local/lib/python3.8/site-packages/airflow/example_dags/example_branch_day_of_week_operator.py
[2024-10-02T01:53:28.140+0000] {processor.py:829} INFO - Processing file /home/airflow/.local/lib/python3.8/site-packages/airflow/example_dags/example_branch_day_of_week_operator.py for tasks to queue
[2024-10-02T01:53:28.151+0000] {logging_mixin.py:151} INFO - [2024-10-02T01:53:28.151+0000] {dagbag.py:539} INFO - Filling up the DagBag from /home/airflow/.local/lib/python3.8/site-packages/airflow/example_dags/example_branch_day_of_week_operator.py
[2024-10-02T01:53:28.295+0000] {processor.py:839} INFO - DAG(s) dict_keys(['example_weekday_branch_operator']) retrieved from /home/airflow/.local/lib/python3.8/site-packages/airflow/example_dags/example_branch_day_of_week_operator.py
[2024-10-02T01:53:28.339+0000] {logging_mixin.py:151} INFO - [2024-10-02T01:53:28.338+0000] {dag.py:2915} INFO - Sync 1 DAGs
[2024-10-02T01:53:28.377+0000] {logging_mixin.py:151} INFO - [2024-10-02T01:53:28.377+0000] {dag.py:3696} INFO - Setting next_dagrun for example_weekday_branch_operator to 2024-10-01T00:00:00+00:00, run_after=2024-10-02T00:00:00+00:00
[2024-10-02T01:53:28.412+0000] {processor.py:179} INFO - Processing /home/airflow/.local/lib/python3.8/site-packages/airflow/example_dags/example_branch_day_of_week_operator.py took 0.293 seconds
[2024-10-02T01:53:59.146+0000] {processor.py:157} INFO - Started process (PID=563) to work on /home/airflow/.local/lib/python3.8/site-packages/airflow/example_dags/example_branch_day_of_week_operator.py
[2024-10-02T01:53:59.150+0000] {processor.py:829} INFO - Processing file /home/airflow/.local/lib/python3.8/site-packages/airflow/example_dags/example_branch_day_of_week_operator.py for tasks to queue
[2024-10-02T01:53:59.153+0000] {logging_mixin.py:151} INFO - [2024-10-02T01:53:59.153+0000] {dagbag.py:539} INFO - Filling up the DagBag from /home/airflow/.local/lib/python3.8/site-packages/airflow/example_dags/example_branch_day_of_week_operator.py
[2024-10-02T01:53:59.171+0000] {processor.py:839} INFO - DAG(s) dict_keys(['example_weekday_branch_operator']) retrieved from /home/airflow/.local/lib/python3.8/site-packages/airflow/example_dags/example_branch_day_of_week_operator.py
[2024-10-02T01:53:59.217+0000] {logging_mixin.py:151} INFO - [2024-10-02T01:53:59.215+0000] {dag.py:2915} INFO - Sync 1 DAGs
[2024-10-02T01:53:59.369+0000] {logging_mixin.py:151} INFO - [2024-10-02T01:53:59.368+0000] {dag.py:3696} INFO - Setting next_dagrun for example_weekday_branch_operator to 2024-10-01T00:00:00+00:00, run_after=2024-10-02T00:00:00+00:00
[2024-10-02T01:53:59.394+0000] {processor.py:179} INFO - Processing /home/airflow/.local/lib/python3.8/site-packages/airflow/example_dags/example_branch_day_of_week_operator.py took 0.252 seconds
[2024-10-02T01:57:16.338+0000] {processor.py:157} INFO - Started process (PID=596) to work on /home/airflow/.local/lib/python3.8/site-packages/airflow/example_dags/example_branch_day_of_week_operator.py
[2024-10-02T01:57:16.342+0000] {processor.py:829} INFO - Processing file /home/airflow/.local/lib/python3.8/site-packages/airflow/example_dags/example_branch_day_of_week_operator.py for tasks to queue
[2024-10-02T01:57:16.377+0000] {logging_mixin.py:151} INFO - [2024-10-02T01:57:16.376+0000] {dagbag.py:539} INFO - Filling up the DagBag from /home/airflow/.local/lib/python3.8/site-packages/airflow/example_dags/example_branch_day_of_week_operator.py
[2024-10-02T01:57:16.395+0000] {processor.py:839} INFO - DAG(s) dict_keys(['example_weekday_branch_operator']) retrieved from /home/airflow/.local/lib/python3.8/site-packages/airflow/example_dags/example_branch_day_of_week_operator.py
[2024-10-02T01:57:16.473+0000] {logging_mixin.py:151} INFO - [2024-10-02T01:57:16.473+0000] {dag.py:2915} INFO - Sync 1 DAGs
[2024-10-02T01:57:16.507+0000] {logging_mixin.py:151} INFO - [2024-10-02T01:57:16.507+0000] {dag.py:3696} INFO - Setting next_dagrun for example_weekday_branch_operator to 2024-10-01T00:00:00+00:00, run_after=2024-10-02T00:00:00+00:00
[2024-10-02T01:57:16.536+0000] {processor.py:179} INFO - Processing /home/airflow/.local/lib/python3.8/site-packages/airflow/example_dags/example_branch_day_of_week_operator.py took 0.201 seconds
[2024-10-02T01:57:47.573+0000] {processor.py:157} INFO - Started process (PID=644) to work on /home/airflow/.local/lib/python3.8/site-packages/airflow/example_dags/example_branch_day_of_week_operator.py
[2024-10-02T01:57:47.576+0000] {processor.py:829} INFO - Processing file /home/airflow/.local/lib/python3.8/site-packages/airflow/example_dags/example_branch_day_of_week_operator.py for tasks to queue
[2024-10-02T01:57:47.580+0000] {logging_mixin.py:151} INFO - [2024-10-02T01:57:47.579+0000] {dagbag.py:539} INFO - Filling up the DagBag from /home/airflow/.local/lib/python3.8/site-packages/airflow/example_dags/example_branch_day_of_week_operator.py
[2024-10-02T01:57:47.600+0000] {processor.py:839} INFO - DAG(s) dict_keys(['example_weekday_branch_operator']) retrieved from /home/airflow/.local/lib/python3.8/site-packages/airflow/example_dags/example_branch_day_of_week_operator.py
[2024-10-02T01:57:47.655+0000] {logging_mixin.py:151} INFO - [2024-10-02T01:57:47.651+0000] {dag.py:2915} INFO - Sync 1 DAGs
[2024-10-02T01:57:47.727+0000] {logging_mixin.py:151} INFO - [2024-10-02T01:57:47.726+0000] {dag.py:3696} INFO - Setting next_dagrun for example_weekday_branch_operator to 2024-10-01T00:00:00+00:00, run_after=2024-10-02T00:00:00+00:00
[2024-10-02T01:57:47.758+0000] {processor.py:179} INFO - Processing /home/airflow/.local/lib/python3.8/site-packages/airflow/example_dags/example_branch_day_of_week_operator.py took 0.191 seconds
[2024-10-02T01:58:18.401+0000] {processor.py:157} INFO - Started process (PID=692) to work on /home/airflow/.local/lib/python3.8/site-packages/airflow/example_dags/example_branch_day_of_week_operator.py
[2024-10-02T01:58:18.404+0000] {processor.py:829} INFO - Processing file /home/airflow/.local/lib/python3.8/site-packages/airflow/example_dags/example_branch_day_of_week_operator.py for tasks to queue
[2024-10-02T01:58:18.412+0000] {logging_mixin.py:151} INFO - [2024-10-02T01:58:18.411+0000] {dagbag.py:539} INFO - Filling up the DagBag from /home/airflow/.local/lib/python3.8/site-packages/airflow/example_dags/example_branch_day_of_week_operator.py
[2024-10-02T01:58:18.433+0000] {processor.py:839} INFO - DAG(s) dict_keys(['example_weekday_branch_operator']) retrieved from /home/airflow/.local/lib/python3.8/site-packages/airflow/example_dags/example_branch_day_of_week_operator.py
[2024-10-02T01:58:18.479+0000] {logging_mixin.py:151} INFO - [2024-10-02T01:58:18.479+0000] {dag.py:2915} INFO - Sync 1 DAGs
[2024-10-02T01:58:18.520+0000] {logging_mixin.py:151} INFO - [2024-10-02T01:58:18.519+0000] {dag.py:3696} INFO - Setting next_dagrun for example_weekday_branch_operator to 2024-10-01T00:00:00+00:00, run_after=2024-10-02T00:00:00+00:00
[2024-10-02T01:58:18.563+0000] {processor.py:179} INFO - Processing /home/airflow/.local/lib/python3.8/site-packages/airflow/example_dags/example_branch_day_of_week_operator.py took 0.166 seconds
[2024-10-02T01:58:49.354+0000] {processor.py:157} INFO - Started process (PID=740) to work on /home/airflow/.local/lib/python3.8/site-packages/airflow/example_dags/example_branch_day_of_week_operator.py
[2024-10-02T01:58:49.357+0000] {processor.py:829} INFO - Processing file /home/airflow/.local/lib/python3.8/site-packages/airflow/example_dags/example_branch_day_of_week_operator.py for tasks to queue
[2024-10-02T01:58:49.362+0000] {logging_mixin.py:151} INFO - [2024-10-02T01:58:49.361+0000] {dagbag.py:539} INFO - Filling up the DagBag from /home/airflow/.local/lib/python3.8/site-packages/airflow/example_dags/example_branch_day_of_week_operator.py
[2024-10-02T01:58:49.382+0000] {processor.py:839} INFO - DAG(s) dict_keys(['example_weekday_branch_operator']) retrieved from /home/airflow/.local/lib/python3.8/site-packages/airflow/example_dags/example_branch_day_of_week_operator.py
[2024-10-02T01:58:49.417+0000] {logging_mixin.py:151} INFO - [2024-10-02T01:58:49.417+0000] {dag.py:2915} INFO - Sync 1 DAGs
[2024-10-02T01:58:49.448+0000] {logging_mixin.py:151} INFO - [2024-10-02T01:58:49.448+0000] {dag.py:3696} INFO - Setting next_dagrun for example_weekday_branch_operator to 2024-10-01T00:00:00+00:00, run_after=2024-10-02T00:00:00+00:00
[2024-10-02T01:58:49.477+0000] {processor.py:179} INFO - Processing /home/airflow/.local/lib/python3.8/site-packages/airflow/example_dags/example_branch_day_of_week_operator.py took 0.128 seconds
[2024-10-02T01:59:20.187+0000] {processor.py:157} INFO - Started process (PID=788) to work on /home/airflow/.local/lib/python3.8/site-packages/airflow/example_dags/example_branch_day_of_week_operator.py
[2024-10-02T01:59:20.189+0000] {processor.py:829} INFO - Processing file /home/airflow/.local/lib/python3.8/site-packages/airflow/example_dags/example_branch_day_of_week_operator.py for tasks to queue
[2024-10-02T01:59:20.195+0000] {logging_mixin.py:151} INFO - [2024-10-02T01:59:20.194+0000] {dagbag.py:539} INFO - Filling up the DagBag from /home/airflow/.local/lib/python3.8/site-packages/airflow/example_dags/example_branch_day_of_week_operator.py
[2024-10-02T01:59:20.215+0000] {processor.py:839} INFO - DAG(s) dict_keys(['example_weekday_branch_operator']) retrieved from /home/airflow/.local/lib/python3.8/site-packages/airflow/example_dags/example_branch_day_of_week_operator.py
[2024-10-02T01:59:20.254+0000] {logging_mixin.py:151} INFO - [2024-10-02T01:59:20.254+0000] {dag.py:2915} INFO - Sync 1 DAGs
[2024-10-02T01:59:20.291+0000] {logging_mixin.py:151} INFO - [2024-10-02T01:59:20.291+0000] {dag.py:3696} INFO - Setting next_dagrun for example_weekday_branch_operator to 2024-10-01T00:00:00+00:00, run_after=2024-10-02T00:00:00+00:00
[2024-10-02T01:59:20.323+0000] {processor.py:179} INFO - Processing /home/airflow/.local/lib/python3.8/site-packages/airflow/example_dags/example_branch_day_of_week_operator.py took 0.146 seconds
[2024-10-02T01:59:51.122+0000] {processor.py:157} INFO - Started process (PID=836) to work on /home/airflow/.local/lib/python3.8/site-packages/airflow/example_dags/example_branch_day_of_week_operator.py
[2024-10-02T01:59:51.125+0000] {processor.py:829} INFO - Processing file /home/airflow/.local/lib/python3.8/site-packages/airflow/example_dags/example_branch_day_of_week_operator.py for tasks to queue
[2024-10-02T01:59:51.129+0000] {logging_mixin.py:151} INFO - [2024-10-02T01:59:51.129+0000] {dagbag.py:539} INFO - Filling up the DagBag from /home/airflow/.local/lib/python3.8/site-packages/airflow/example_dags/example_branch_day_of_week_operator.py
[2024-10-02T01:59:51.149+0000] {processor.py:839} INFO - DAG(s) dict_keys(['example_weekday_branch_operator']) retrieved from /home/airflow/.local/lib/python3.8/site-packages/airflow/example_dags/example_branch_day_of_week_operator.py
[2024-10-02T01:59:51.185+0000] {logging_mixin.py:151} INFO - [2024-10-02T01:59:51.184+0000] {dag.py:2915} INFO - Sync 1 DAGs
[2024-10-02T01:59:51.217+0000] {logging_mixin.py:151} INFO - [2024-10-02T01:59:51.217+0000] {dag.py:3696} INFO - Setting next_dagrun for example_weekday_branch_operator to 2024-10-01T00:00:00+00:00, run_after=2024-10-02T00:00:00+00:00
[2024-10-02T01:59:51.241+0000] {processor.py:179} INFO - Processing /home/airflow/.local/lib/python3.8/site-packages/airflow/example_dags/example_branch_day_of_week_operator.py took 0.124 seconds
[2024-10-02T02:00:21.770+0000] {processor.py:157} INFO - Started process (PID=884) to work on /home/airflow/.local/lib/python3.8/site-packages/airflow/example_dags/example_branch_day_of_week_operator.py
[2024-10-02T02:00:21.774+0000] {processor.py:829} INFO - Processing file /home/airflow/.local/lib/python3.8/site-packages/airflow/example_dags/example_branch_day_of_week_operator.py for tasks to queue
[2024-10-02T02:00:21.780+0000] {logging_mixin.py:151} INFO - [2024-10-02T02:00:21.779+0000] {dagbag.py:539} INFO - Filling up the DagBag from /home/airflow/.local/lib/python3.8/site-packages/airflow/example_dags/example_branch_day_of_week_operator.py
[2024-10-02T02:00:21.799+0000] {processor.py:839} INFO - DAG(s) dict_keys(['example_weekday_branch_operator']) retrieved from /home/airflow/.local/lib/python3.8/site-packages/airflow/example_dags/example_branch_day_of_week_operator.py
[2024-10-02T02:00:21.836+0000] {logging_mixin.py:151} INFO - [2024-10-02T02:00:21.836+0000] {dag.py:2915} INFO - Sync 1 DAGs
[2024-10-02T02:00:21.868+0000] {logging_mixin.py:151} INFO - [2024-10-02T02:00:21.866+0000] {dag.py:3696} INFO - Setting next_dagrun for example_weekday_branch_operator to 2024-10-01T00:00:00+00:00, run_after=2024-10-02T00:00:00+00:00
[2024-10-02T02:00:21.902+0000] {processor.py:179} INFO - Processing /home/airflow/.local/lib/python3.8/site-packages/airflow/example_dags/example_branch_day_of_week_operator.py took 0.135 seconds
[2024-10-02T02:00:52.309+0000] {processor.py:157} INFO - Started process (PID=932) to work on /home/airflow/.local/lib/python3.8/site-packages/airflow/example_dags/example_branch_day_of_week_operator.py
[2024-10-02T02:00:52.312+0000] {processor.py:829} INFO - Processing file /home/airflow/.local/lib/python3.8/site-packages/airflow/example_dags/example_branch_day_of_week_operator.py for tasks to queue
[2024-10-02T02:00:52.316+0000] {logging_mixin.py:151} INFO - [2024-10-02T02:00:52.315+0000] {dagbag.py:539} INFO - Filling up the DagBag from /home/airflow/.local/lib/python3.8/site-packages/airflow/example_dags/example_branch_day_of_week_operator.py
[2024-10-02T02:00:52.332+0000] {processor.py:839} INFO - DAG(s) dict_keys(['example_weekday_branch_operator']) retrieved from /home/airflow/.local/lib/python3.8/site-packages/airflow/example_dags/example_branch_day_of_week_operator.py
[2024-10-02T02:00:52.367+0000] {logging_mixin.py:151} INFO - [2024-10-02T02:00:52.367+0000] {dag.py:2915} INFO - Sync 1 DAGs
[2024-10-02T02:00:52.397+0000] {logging_mixin.py:151} INFO - [2024-10-02T02:00:52.396+0000] {dag.py:3696} INFO - Setting next_dagrun for example_weekday_branch_operator to 2024-10-01T00:00:00+00:00, run_after=2024-10-02T00:00:00+00:00
[2024-10-02T02:00:52.432+0000] {processor.py:179} INFO - Processing /home/airflow/.local/lib/python3.8/site-packages/airflow/example_dags/example_branch_day_of_week_operator.py took 0.127 seconds
[2024-10-02T02:01:22.959+0000] {processor.py:157} INFO - Started process (PID=980) to work on /home/airflow/.local/lib/python3.8/site-packages/airflow/example_dags/example_branch_day_of_week_operator.py
[2024-10-02T02:01:22.963+0000] {processor.py:829} INFO - Processing file /home/airflow/.local/lib/python3.8/site-packages/airflow/example_dags/example_branch_day_of_week_operator.py for tasks to queue
[2024-10-02T02:01:22.966+0000] {logging_mixin.py:151} INFO - [2024-10-02T02:01:22.966+0000] {dagbag.py:539} INFO - Filling up the DagBag from /home/airflow/.local/lib/python3.8/site-packages/airflow/example_dags/example_branch_day_of_week_operator.py
[2024-10-02T02:01:22.992+0000] {processor.py:839} INFO - DAG(s) dict_keys(['example_weekday_branch_operator']) retrieved from /home/airflow/.local/lib/python3.8/site-packages/airflow/example_dags/example_branch_day_of_week_operator.py
[2024-10-02T02:01:23.034+0000] {logging_mixin.py:151} INFO - [2024-10-02T02:01:23.034+0000] {dag.py:2915} INFO - Sync 1 DAGs
[2024-10-02T02:01:23.073+0000] {logging_mixin.py:151} INFO - [2024-10-02T02:01:23.073+0000] {dag.py:3696} INFO - Setting next_dagrun for example_weekday_branch_operator to 2024-10-01T00:00:00+00:00, run_after=2024-10-02T00:00:00+00:00
[2024-10-02T02:01:23.121+0000] {processor.py:179} INFO - Processing /home/airflow/.local/lib/python3.8/site-packages/airflow/example_dags/example_branch_day_of_week_operator.py took 0.166 seconds
[2024-10-02T02:03:12.768+0000] {processor.py:157} INFO - Started process (PID=35) to work on /home/airflow/.local/lib/python3.8/site-packages/airflow/example_dags/example_branch_day_of_week_operator.py
[2024-10-02T02:03:12.775+0000] {processor.py:829} INFO - Processing file /home/airflow/.local/lib/python3.8/site-packages/airflow/example_dags/example_branch_day_of_week_operator.py for tasks to queue
[2024-10-02T02:03:12.784+0000] {logging_mixin.py:151} INFO - [2024-10-02T02:03:12.783+0000] {dagbag.py:539} INFO - Filling up the DagBag from /home/airflow/.local/lib/python3.8/site-packages/airflow/example_dags/example_branch_day_of_week_operator.py
[2024-10-02T02:03:12.872+0000] {processor.py:839} INFO - DAG(s) dict_keys(['example_weekday_branch_operator']) retrieved from /home/airflow/.local/lib/python3.8/site-packages/airflow/example_dags/example_branch_day_of_week_operator.py
[2024-10-02T02:03:13.324+0000] {logging_mixin.py:151} INFO - [2024-10-02T02:03:13.323+0000] {manager.py:499} INFO - Created Permission View: %s
[2024-10-02T02:03:13.386+0000] {logging_mixin.py:151} INFO - [2024-10-02T02:03:13.386+0000] {manager.py:499} INFO - Created Permission View: %s
[2024-10-02T02:03:13.447+0000] {logging_mixin.py:151} INFO - [2024-10-02T02:03:13.446+0000] {manager.py:499} INFO - Created Permission View: %s
[2024-10-02T02:03:13.457+0000] {logging_mixin.py:151} INFO - [2024-10-02T02:03:13.456+0000] {security.py:708} INFO - Not syncing DAG-level permissions for DAG 'DAG:example_weekday_branch_operator' as access control is unset.
[2024-10-02T02:03:13.466+0000] {logging_mixin.py:151} INFO - [2024-10-02T02:03:13.465+0000] {dag.py:2915} INFO - Sync 1 DAGs
[2024-10-02T02:03:13.581+0000] {logging_mixin.py:151} INFO - [2024-10-02T02:03:13.578+0000] {dag.py:2937} INFO - Creating ORM DAG for example_weekday_branch_operator
[2024-10-02T02:03:13.632+0000] {logging_mixin.py:151} INFO - [2024-10-02T02:03:13.632+0000] {dag.py:3696} INFO - Setting next_dagrun for example_weekday_branch_operator to 2024-10-01T00:00:00+00:00, run_after=2024-10-02T00:00:00+00:00
[2024-10-02T02:03:13.850+0000] {processor.py:179} INFO - Processing /home/airflow/.local/lib/python3.8/site-packages/airflow/example_dags/example_branch_day_of_week_operator.py took 1.095 seconds
[2024-10-02T02:06:09.103+0000] {processor.py:157} INFO - Started process (PID=35) to work on /home/airflow/.local/lib/python3.8/site-packages/airflow/example_dags/example_branch_day_of_week_operator.py
[2024-10-02T02:06:09.110+0000] {processor.py:829} INFO - Processing file /home/airflow/.local/lib/python3.8/site-packages/airflow/example_dags/example_branch_day_of_week_operator.py for tasks to queue
[2024-10-02T02:06:09.120+0000] {logging_mixin.py:151} INFO - [2024-10-02T02:06:09.119+0000] {dagbag.py:539} INFO - Filling up the DagBag from /home/airflow/.local/lib/python3.8/site-packages/airflow/example_dags/example_branch_day_of_week_operator.py
[2024-10-02T02:06:09.197+0000] {processor.py:839} INFO - DAG(s) dict_keys(['example_weekday_branch_operator']) retrieved from /home/airflow/.local/lib/python3.8/site-packages/airflow/example_dags/example_branch_day_of_week_operator.py
[2024-10-02T02:06:09.585+0000] {logging_mixin.py:151} INFO - [2024-10-02T02:06:09.585+0000] {manager.py:499} INFO - Created Permission View: %s
[2024-10-02T02:06:09.630+0000] {logging_mixin.py:151} INFO - [2024-10-02T02:06:09.628+0000] {manager.py:499} INFO - Created Permission View: %s
[2024-10-02T02:06:09.678+0000] {logging_mixin.py:151} INFO - [2024-10-02T02:06:09.677+0000] {manager.py:499} INFO - Created Permission View: %s
[2024-10-02T02:06:09.689+0000] {logging_mixin.py:151} INFO - [2024-10-02T02:06:09.689+0000] {security.py:708} INFO - Not syncing DAG-level permissions for DAG 'DAG:example_weekday_branch_operator' as access control is unset.
[2024-10-02T02:06:09.697+0000] {logging_mixin.py:151} INFO - [2024-10-02T02:06:09.697+0000] {dag.py:2915} INFO - Sync 1 DAGs
[2024-10-02T02:06:09.758+0000] {logging_mixin.py:151} INFO - [2024-10-02T02:06:09.758+0000] {dag.py:2937} INFO - Creating ORM DAG for example_weekday_branch_operator
[2024-10-02T02:06:09.808+0000] {logging_mixin.py:151} INFO - [2024-10-02T02:06:09.808+0000] {dag.py:3696} INFO - Setting next_dagrun for example_weekday_branch_operator to 2024-10-01T00:00:00+00:00, run_after=2024-10-02T00:00:00+00:00
[2024-10-02T02:06:09.926+0000] {processor.py:179} INFO - Processing /home/airflow/.local/lib/python3.8/site-packages/airflow/example_dags/example_branch_day_of_week_operator.py took 0.846 seconds
[2024-10-02T02:06:40.699+0000] {processor.py:157} INFO - Started process (PID=83) to work on /home/airflow/.local/lib/python3.8/site-packages/airflow/example_dags/example_branch_day_of_week_operator.py
[2024-10-02T02:06:40.702+0000] {processor.py:829} INFO - Processing file /home/airflow/.local/lib/python3.8/site-packages/airflow/example_dags/example_branch_day_of_week_operator.py for tasks to queue
[2024-10-02T02:06:40.709+0000] {logging_mixin.py:151} INFO - [2024-10-02T02:06:40.709+0000] {dagbag.py:539} INFO - Filling up the DagBag from /home/airflow/.local/lib/python3.8/site-packages/airflow/example_dags/example_branch_day_of_week_operator.py
[2024-10-02T02:06:40.724+0000] {processor.py:839} INFO - DAG(s) dict_keys(['example_weekday_branch_operator']) retrieved from /home/airflow/.local/lib/python3.8/site-packages/airflow/example_dags/example_branch_day_of_week_operator.py
[2024-10-02T02:06:40.752+0000] {logging_mixin.py:151} INFO - [2024-10-02T02:06:40.752+0000] {dag.py:2915} INFO - Sync 1 DAGs
[2024-10-02T02:06:40.780+0000] {logging_mixin.py:151} INFO - [2024-10-02T02:06:40.779+0000] {dag.py:3696} INFO - Setting next_dagrun for example_weekday_branch_operator to 2024-10-01T00:00:00+00:00, run_after=2024-10-02T00:00:00+00:00
[2024-10-02T02:06:40.800+0000] {processor.py:179} INFO - Processing /home/airflow/.local/lib/python3.8/site-packages/airflow/example_dags/example_branch_day_of_week_operator.py took 0.105 seconds
[2024-10-02T02:07:11.196+0000] {processor.py:157} INFO - Started process (PID=131) to work on /home/airflow/.local/lib/python3.8/site-packages/airflow/example_dags/example_branch_day_of_week_operator.py
[2024-10-02T02:07:11.201+0000] {processor.py:829} INFO - Processing file /home/airflow/.local/lib/python3.8/site-packages/airflow/example_dags/example_branch_day_of_week_operator.py for tasks to queue
[2024-10-02T02:07:11.207+0000] {logging_mixin.py:151} INFO - [2024-10-02T02:07:11.206+0000] {dagbag.py:539} INFO - Filling up the DagBag from /home/airflow/.local/lib/python3.8/site-packages/airflow/example_dags/example_branch_day_of_week_operator.py
[2024-10-02T02:07:11.227+0000] {processor.py:839} INFO - DAG(s) dict_keys(['example_weekday_branch_operator']) retrieved from /home/airflow/.local/lib/python3.8/site-packages/airflow/example_dags/example_branch_day_of_week_operator.py
[2024-10-02T02:07:11.267+0000] {logging_mixin.py:151} INFO - [2024-10-02T02:07:11.267+0000] {dag.py:2915} INFO - Sync 1 DAGs
[2024-10-02T02:07:11.295+0000] {logging_mixin.py:151} INFO - [2024-10-02T02:07:11.295+0000] {dag.py:3696} INFO - Setting next_dagrun for example_weekday_branch_operator to 2024-10-01T00:00:00+00:00, run_after=2024-10-02T00:00:00+00:00
[2024-10-02T02:07:11.324+0000] {processor.py:179} INFO - Processing /home/airflow/.local/lib/python3.8/site-packages/airflow/example_dags/example_branch_day_of_week_operator.py took 0.132 seconds
[2024-10-02T02:07:41.574+0000] {processor.py:157} INFO - Started process (PID=179) to work on /home/airflow/.local/lib/python3.8/site-packages/airflow/example_dags/example_branch_day_of_week_operator.py
[2024-10-02T02:07:41.577+0000] {processor.py:829} INFO - Processing file /home/airflow/.local/lib/python3.8/site-packages/airflow/example_dags/example_branch_day_of_week_operator.py for tasks to queue
[2024-10-02T02:07:41.581+0000] {logging_mixin.py:151} INFO - [2024-10-02T02:07:41.580+0000] {dagbag.py:539} INFO - Filling up the DagBag from /home/airflow/.local/lib/python3.8/site-packages/airflow/example_dags/example_branch_day_of_week_operator.py
[2024-10-02T02:07:41.596+0000] {processor.py:839} INFO - DAG(s) dict_keys(['example_weekday_branch_operator']) retrieved from /home/airflow/.local/lib/python3.8/site-packages/airflow/example_dags/example_branch_day_of_week_operator.py
[2024-10-02T02:07:41.631+0000] {logging_mixin.py:151} INFO - [2024-10-02T02:07:41.630+0000] {dag.py:2915} INFO - Sync 1 DAGs
[2024-10-02T02:07:41.662+0000] {logging_mixin.py:151} INFO - [2024-10-02T02:07:41.662+0000] {dag.py:3696} INFO - Setting next_dagrun for example_weekday_branch_operator to 2024-10-01T00:00:00+00:00, run_after=2024-10-02T00:00:00+00:00
[2024-10-02T02:07:41.684+0000] {processor.py:179} INFO - Processing /home/airflow/.local/lib/python3.8/site-packages/airflow/example_dags/example_branch_day_of_week_operator.py took 0.115 seconds
[2024-10-02T02:08:11.816+0000] {processor.py:157} INFO - Started process (PID=227) to work on /home/airflow/.local/lib/python3.8/site-packages/airflow/example_dags/example_branch_day_of_week_operator.py
[2024-10-02T02:08:11.819+0000] {processor.py:829} INFO - Processing file /home/airflow/.local/lib/python3.8/site-packages/airflow/example_dags/example_branch_day_of_week_operator.py for tasks to queue
[2024-10-02T02:08:11.823+0000] {logging_mixin.py:151} INFO - [2024-10-02T02:08:11.822+0000] {dagbag.py:539} INFO - Filling up the DagBag from /home/airflow/.local/lib/python3.8/site-packages/airflow/example_dags/example_branch_day_of_week_operator.py
[2024-10-02T02:08:11.848+0000] {processor.py:839} INFO - DAG(s) dict_keys(['example_weekday_branch_operator']) retrieved from /home/airflow/.local/lib/python3.8/site-packages/airflow/example_dags/example_branch_day_of_week_operator.py
[2024-10-02T02:08:11.883+0000] {logging_mixin.py:151} INFO - [2024-10-02T02:08:11.882+0000] {dag.py:2915} INFO - Sync 1 DAGs
[2024-10-02T02:08:11.916+0000] {logging_mixin.py:151} INFO - [2024-10-02T02:08:11.916+0000] {dag.py:3696} INFO - Setting next_dagrun for example_weekday_branch_operator to 2024-10-01T00:00:00+00:00, run_after=2024-10-02T00:00:00+00:00
[2024-10-02T02:08:11.943+0000] {processor.py:179} INFO - Processing /home/airflow/.local/lib/python3.8/site-packages/airflow/example_dags/example_branch_day_of_week_operator.py took 0.132 seconds
[2024-10-02T02:08:42.689+0000] {processor.py:157} INFO - Started process (PID=275) to work on /home/airflow/.local/lib/python3.8/site-packages/airflow/example_dags/example_branch_day_of_week_operator.py
[2024-10-02T02:08:42.693+0000] {processor.py:829} INFO - Processing file /home/airflow/.local/lib/python3.8/site-packages/airflow/example_dags/example_branch_day_of_week_operator.py for tasks to queue
[2024-10-02T02:08:42.700+0000] {logging_mixin.py:151} INFO - [2024-10-02T02:08:42.700+0000] {dagbag.py:539} INFO - Filling up the DagBag from /home/airflow/.local/lib/python3.8/site-packages/airflow/example_dags/example_branch_day_of_week_operator.py
[2024-10-02T02:08:42.724+0000] {processor.py:839} INFO - DAG(s) dict_keys(['example_weekday_branch_operator']) retrieved from /home/airflow/.local/lib/python3.8/site-packages/airflow/example_dags/example_branch_day_of_week_operator.py
[2024-10-02T02:08:42.807+0000] {logging_mixin.py:151} INFO - [2024-10-02T02:08:42.807+0000] {dag.py:2915} INFO - Sync 1 DAGs
[2024-10-02T02:08:42.881+0000] {logging_mixin.py:151} INFO - [2024-10-02T02:08:42.881+0000] {dag.py:3696} INFO - Setting next_dagrun for example_weekday_branch_operator to 2024-10-01T00:00:00+00:00, run_after=2024-10-02T00:00:00+00:00
[2024-10-02T02:08:42.914+0000] {processor.py:179} INFO - Processing /home/airflow/.local/lib/python3.8/site-packages/airflow/example_dags/example_branch_day_of_week_operator.py took 0.235 seconds
[2024-10-02T02:09:13.592+0000] {processor.py:157} INFO - Started process (PID=323) to work on /home/airflow/.local/lib/python3.8/site-packages/airflow/example_dags/example_branch_day_of_week_operator.py
[2024-10-02T02:09:13.595+0000] {processor.py:829} INFO - Processing file /home/airflow/.local/lib/python3.8/site-packages/airflow/example_dags/example_branch_day_of_week_operator.py for tasks to queue
[2024-10-02T02:09:13.600+0000] {logging_mixin.py:151} INFO - [2024-10-02T02:09:13.599+0000] {dagbag.py:539} INFO - Filling up the DagBag from /home/airflow/.local/lib/python3.8/site-packages/airflow/example_dags/example_branch_day_of_week_operator.py
[2024-10-02T02:09:13.615+0000] {processor.py:839} INFO - DAG(s) dict_keys(['example_weekday_branch_operator']) retrieved from /home/airflow/.local/lib/python3.8/site-packages/airflow/example_dags/example_branch_day_of_week_operator.py
[2024-10-02T02:09:13.646+0000] {logging_mixin.py:151} INFO - [2024-10-02T02:09:13.645+0000] {dag.py:2915} INFO - Sync 1 DAGs
[2024-10-02T02:09:13.675+0000] {logging_mixin.py:151} INFO - [2024-10-02T02:09:13.675+0000] {dag.py:3696} INFO - Setting next_dagrun for example_weekday_branch_operator to 2024-10-01T00:00:00+00:00, run_after=2024-10-02T00:00:00+00:00
[2024-10-02T02:09:13.698+0000] {processor.py:179} INFO - Processing /home/airflow/.local/lib/python3.8/site-packages/airflow/example_dags/example_branch_day_of_week_operator.py took 0.110 seconds
[2024-10-02T02:09:44.549+0000] {processor.py:157} INFO - Started process (PID=371) to work on /home/airflow/.local/lib/python3.8/site-packages/airflow/example_dags/example_branch_day_of_week_operator.py
[2024-10-02T02:09:44.552+0000] {processor.py:829} INFO - Processing file /home/airflow/.local/lib/python3.8/site-packages/airflow/example_dags/example_branch_day_of_week_operator.py for tasks to queue
[2024-10-02T02:09:44.558+0000] {logging_mixin.py:151} INFO - [2024-10-02T02:09:44.557+0000] {dagbag.py:539} INFO - Filling up the DagBag from /home/airflow/.local/lib/python3.8/site-packages/airflow/example_dags/example_branch_day_of_week_operator.py
[2024-10-02T02:09:44.581+0000] {processor.py:839} INFO - DAG(s) dict_keys(['example_weekday_branch_operator']) retrieved from /home/airflow/.local/lib/python3.8/site-packages/airflow/example_dags/example_branch_day_of_week_operator.py
[2024-10-02T02:09:44.660+0000] {logging_mixin.py:151} INFO - [2024-10-02T02:09:44.660+0000] {dag.py:2915} INFO - Sync 1 DAGs
[2024-10-02T02:09:44.779+0000] {logging_mixin.py:151} INFO - [2024-10-02T02:09:44.773+0000] {dag.py:3696} INFO - Setting next_dagrun for example_weekday_branch_operator to 2024-10-01T00:00:00+00:00, run_after=2024-10-02T00:00:00+00:00
[2024-10-02T02:09:44.819+0000] {processor.py:179} INFO - Processing /home/airflow/.local/lib/python3.8/site-packages/airflow/example_dags/example_branch_day_of_week_operator.py took 0.272 seconds
[2024-10-02T02:10:15.389+0000] {processor.py:157} INFO - Started process (PID=419) to work on /home/airflow/.local/lib/python3.8/site-packages/airflow/example_dags/example_branch_day_of_week_operator.py
[2024-10-02T02:10:15.391+0000] {processor.py:829} INFO - Processing file /home/airflow/.local/lib/python3.8/site-packages/airflow/example_dags/example_branch_day_of_week_operator.py for tasks to queue
[2024-10-02T02:10:15.397+0000] {logging_mixin.py:151} INFO - [2024-10-02T02:10:15.397+0000] {dagbag.py:539} INFO - Filling up the DagBag from /home/airflow/.local/lib/python3.8/site-packages/airflow/example_dags/example_branch_day_of_week_operator.py
[2024-10-02T02:10:15.412+0000] {processor.py:839} INFO - DAG(s) dict_keys(['example_weekday_branch_operator']) retrieved from /home/airflow/.local/lib/python3.8/site-packages/airflow/example_dags/example_branch_day_of_week_operator.py
[2024-10-02T02:10:15.444+0000] {logging_mixin.py:151} INFO - [2024-10-02T02:10:15.444+0000] {dag.py:2915} INFO - Sync 1 DAGs
[2024-10-02T02:10:15.472+0000] {logging_mixin.py:151} INFO - [2024-10-02T02:10:15.472+0000] {dag.py:3696} INFO - Setting next_dagrun for example_weekday_branch_operator to 2024-10-01T00:00:00+00:00, run_after=2024-10-02T00:00:00+00:00
[2024-10-02T02:10:15.496+0000] {processor.py:179} INFO - Processing /home/airflow/.local/lib/python3.8/site-packages/airflow/example_dags/example_branch_day_of_week_operator.py took 0.112 seconds
