[2024-10-02 01:23:31,590] {scheduler_job.py:182} INFO - Started process (PID=47) to work on /home/airflow/.local/lib/python3.6/site-packages/airflow/example_dags/example_trigger_controller_dag.py
[2024-10-02 01:23:31,593] {scheduler_job.py:629} INFO - Processing file /home/airflow/.local/lib/python3.6/site-packages/airflow/example_dags/example_trigger_controller_dag.py for tasks to queue
[2024-10-02 01:23:31,594] {logging_mixin.py:104} INFO - [2024-10-02 01:23:31,594] {dagbag.py:451} INFO - Filling up the DagBag from /home/airflow/.local/lib/python3.6/site-packages/airflow/example_dags/example_trigger_controller_dag.py
[2024-10-02 01:23:31,609] {scheduler_job.py:639} INFO - DAG(s) dict_keys(['example_trigger_controller_dag']) retrieved from /home/airflow/.local/lib/python3.6/site-packages/airflow/example_dags/example_trigger_controller_dag.py
[2024-10-02 01:23:31,641] {logging_mixin.py:104} INFO - [2024-10-02 01:23:31,641] {dag.py:1824} INFO - Sync 1 DAGs
[2024-10-02 01:23:31,652] {logging_mixin.py:104} INFO - [2024-10-02 01:23:31,652] {dag.py:1843} INFO - Creating ORM DAG for example_trigger_controller_dag
[2024-10-02 01:23:31,660] {logging_mixin.py:104} INFO - [2024-10-02 01:23:31,660] {dag.py:2280} INFO - Setting next_dagrun for example_trigger_controller_dag to 2024-09-30 00:00:00+00:00
[2024-10-02 01:23:31,680] {scheduler_job.py:190} INFO - Processing /home/airflow/.local/lib/python3.6/site-packages/airflow/example_dags/example_trigger_controller_dag.py took 0.094 seconds
[2024-10-02 01:24:02,441] {scheduler_job.py:182} INFO - Started process (PID=71) to work on /home/airflow/.local/lib/python3.6/site-packages/airflow/example_dags/example_trigger_controller_dag.py
[2024-10-02 01:24:02,445] {scheduler_job.py:629} INFO - Processing file /home/airflow/.local/lib/python3.6/site-packages/airflow/example_dags/example_trigger_controller_dag.py for tasks to queue
[2024-10-02 01:24:02,447] {logging_mixin.py:104} INFO - [2024-10-02 01:24:02,446] {dagbag.py:451} INFO - Filling up the DagBag from /home/airflow/.local/lib/python3.6/site-packages/airflow/example_dags/example_trigger_controller_dag.py
[2024-10-02 01:24:02,478] {scheduler_job.py:639} INFO - DAG(s) dict_keys(['example_trigger_controller_dag']) retrieved from /home/airflow/.local/lib/python3.6/site-packages/airflow/example_dags/example_trigger_controller_dag.py
[2024-10-02 01:24:02,511] {logging_mixin.py:104} INFO - [2024-10-02 01:24:02,511] {dag.py:1824} INFO - Sync 1 DAGs
[2024-10-02 01:24:02,539] {logging_mixin.py:104} INFO - [2024-10-02 01:24:02,539] {dag.py:2280} INFO - Setting next_dagrun for example_trigger_controller_dag to 2024-09-30 00:00:00+00:00
[2024-10-02 01:24:02,552] {scheduler_job.py:190} INFO - Processing /home/airflow/.local/lib/python3.6/site-packages/airflow/example_dags/example_trigger_controller_dag.py took 0.116 seconds
[2024-10-02 01:24:32,948] {scheduler_job.py:182} INFO - Started process (PID=101) to work on /home/airflow/.local/lib/python3.6/site-packages/airflow/example_dags/example_trigger_controller_dag.py
[2024-10-02 01:24:32,952] {scheduler_job.py:629} INFO - Processing file /home/airflow/.local/lib/python3.6/site-packages/airflow/example_dags/example_trigger_controller_dag.py for tasks to queue
[2024-10-02 01:24:32,956] {logging_mixin.py:104} INFO - [2024-10-02 01:24:32,956] {dagbag.py:451} INFO - Filling up the DagBag from /home/airflow/.local/lib/python3.6/site-packages/airflow/example_dags/example_trigger_controller_dag.py
[2024-10-02 01:24:32,975] {scheduler_job.py:639} INFO - DAG(s) dict_keys(['example_trigger_controller_dag']) retrieved from /home/airflow/.local/lib/python3.6/site-packages/airflow/example_dags/example_trigger_controller_dag.py
[2024-10-02 01:24:33,000] {logging_mixin.py:104} INFO - [2024-10-02 01:24:33,000] {dag.py:1824} INFO - Sync 1 DAGs
[2024-10-02 01:24:33,020] {logging_mixin.py:104} INFO - [2024-10-02 01:24:33,020] {dag.py:2280} INFO - Setting next_dagrun for example_trigger_controller_dag to 2024-09-30 00:00:00+00:00
[2024-10-02 01:24:33,030] {scheduler_job.py:190} INFO - Processing /home/airflow/.local/lib/python3.6/site-packages/airflow/example_dags/example_trigger_controller_dag.py took 0.088 seconds
[2024-10-02 01:25:04,722] {scheduler_job.py:182} INFO - Started process (PID=133) to work on /home/airflow/.local/lib/python3.6/site-packages/airflow/example_dags/example_trigger_controller_dag.py
[2024-10-02 01:25:04,731] {scheduler_job.py:629} INFO - Processing file /home/airflow/.local/lib/python3.6/site-packages/airflow/example_dags/example_trigger_controller_dag.py for tasks to queue
[2024-10-02 01:25:04,739] {logging_mixin.py:104} INFO - [2024-10-02 01:25:04,739] {dagbag.py:451} INFO - Filling up the DagBag from /home/airflow/.local/lib/python3.6/site-packages/airflow/example_dags/example_trigger_controller_dag.py
[2024-10-02 01:25:04,790] {scheduler_job.py:639} INFO - DAG(s) dict_keys(['example_trigger_controller_dag']) retrieved from /home/airflow/.local/lib/python3.6/site-packages/airflow/example_dags/example_trigger_controller_dag.py
[2024-10-02 01:25:04,863] {logging_mixin.py:104} INFO - [2024-10-02 01:25:04,863] {dag.py:1824} INFO - Sync 1 DAGs
[2024-10-02 01:25:04,921] {logging_mixin.py:104} INFO - [2024-10-02 01:25:04,920] {dag.py:2280} INFO - Setting next_dagrun for example_trigger_controller_dag to 2024-09-30 00:00:00+00:00
[2024-10-02 01:25:04,937] {scheduler_job.py:190} INFO - Processing /home/airflow/.local/lib/python3.6/site-packages/airflow/example_dags/example_trigger_controller_dag.py took 0.219 seconds
[2024-10-02 01:25:35,726] {scheduler_job.py:182} INFO - Started process (PID=160) to work on /home/airflow/.local/lib/python3.6/site-packages/airflow/example_dags/example_trigger_controller_dag.py
[2024-10-02 01:25:35,728] {scheduler_job.py:629} INFO - Processing file /home/airflow/.local/lib/python3.6/site-packages/airflow/example_dags/example_trigger_controller_dag.py for tasks to queue
[2024-10-02 01:25:35,729] {logging_mixin.py:104} INFO - [2024-10-02 01:25:35,729] {dagbag.py:451} INFO - Filling up the DagBag from /home/airflow/.local/lib/python3.6/site-packages/airflow/example_dags/example_trigger_controller_dag.py
[2024-10-02 01:25:35,740] {scheduler_job.py:639} INFO - DAG(s) dict_keys(['example_trigger_controller_dag']) retrieved from /home/airflow/.local/lib/python3.6/site-packages/airflow/example_dags/example_trigger_controller_dag.py
[2024-10-02 01:25:35,766] {logging_mixin.py:104} INFO - [2024-10-02 01:25:35,766] {dag.py:1824} INFO - Sync 1 DAGs
[2024-10-02 01:25:35,780] {logging_mixin.py:104} INFO - [2024-10-02 01:25:35,780] {dag.py:2280} INFO - Setting next_dagrun for example_trigger_controller_dag to 2024-09-30 00:00:00+00:00
[2024-10-02 01:25:35,791] {scheduler_job.py:190} INFO - Processing /home/airflow/.local/lib/python3.6/site-packages/airflow/example_dags/example_trigger_controller_dag.py took 0.069 seconds
[2024-10-02 01:26:06,316] {scheduler_job.py:182} INFO - Started process (PID=187) to work on /home/airflow/.local/lib/python3.6/site-packages/airflow/example_dags/example_trigger_controller_dag.py
[2024-10-02 01:26:06,319] {scheduler_job.py:629} INFO - Processing file /home/airflow/.local/lib/python3.6/site-packages/airflow/example_dags/example_trigger_controller_dag.py for tasks to queue
[2024-10-02 01:26:06,328] {logging_mixin.py:104} INFO - [2024-10-02 01:26:06,327] {dagbag.py:451} INFO - Filling up the DagBag from /home/airflow/.local/lib/python3.6/site-packages/airflow/example_dags/example_trigger_controller_dag.py
[2024-10-02 01:26:06,350] {scheduler_job.py:639} INFO - DAG(s) dict_keys(['example_trigger_controller_dag']) retrieved from /home/airflow/.local/lib/python3.6/site-packages/airflow/example_dags/example_trigger_controller_dag.py
[2024-10-02 01:26:06,389] {logging_mixin.py:104} INFO - [2024-10-02 01:26:06,389] {dag.py:1824} INFO - Sync 1 DAGs
[2024-10-02 01:26:06,409] {logging_mixin.py:104} INFO - [2024-10-02 01:26:06,409] {dag.py:2280} INFO - Setting next_dagrun for example_trigger_controller_dag to 2024-09-30 00:00:00+00:00
[2024-10-02 01:26:06,429] {scheduler_job.py:190} INFO - Processing /home/airflow/.local/lib/python3.6/site-packages/airflow/example_dags/example_trigger_controller_dag.py took 0.118 seconds
[2024-10-02 01:26:36,846] {scheduler_job.py:182} INFO - Started process (PID=210) to work on /home/airflow/.local/lib/python3.6/site-packages/airflow/example_dags/example_trigger_controller_dag.py
[2024-10-02 01:26:36,849] {scheduler_job.py:629} INFO - Processing file /home/airflow/.local/lib/python3.6/site-packages/airflow/example_dags/example_trigger_controller_dag.py for tasks to queue
[2024-10-02 01:26:36,851] {logging_mixin.py:104} INFO - [2024-10-02 01:26:36,851] {dagbag.py:451} INFO - Filling up the DagBag from /home/airflow/.local/lib/python3.6/site-packages/airflow/example_dags/example_trigger_controller_dag.py
[2024-10-02 01:26:36,863] {scheduler_job.py:639} INFO - DAG(s) dict_keys(['example_trigger_controller_dag']) retrieved from /home/airflow/.local/lib/python3.6/site-packages/airflow/example_dags/example_trigger_controller_dag.py
[2024-10-02 01:26:36,894] {logging_mixin.py:104} INFO - [2024-10-02 01:26:36,893] {dag.py:1824} INFO - Sync 1 DAGs
[2024-10-02 01:26:36,912] {logging_mixin.py:104} INFO - [2024-10-02 01:26:36,912] {dag.py:2280} INFO - Setting next_dagrun for example_trigger_controller_dag to 2024-09-30 00:00:00+00:00
[2024-10-02 01:26:36,927] {scheduler_job.py:190} INFO - Processing /home/airflow/.local/lib/python3.6/site-packages/airflow/example_dags/example_trigger_controller_dag.py took 0.085 seconds
[2024-10-02 01:27:07,897] {scheduler_job.py:182} INFO - Started process (PID=237) to work on /home/airflow/.local/lib/python3.6/site-packages/airflow/example_dags/example_trigger_controller_dag.py
[2024-10-02 01:27:07,900] {scheduler_job.py:629} INFO - Processing file /home/airflow/.local/lib/python3.6/site-packages/airflow/example_dags/example_trigger_controller_dag.py for tasks to queue
[2024-10-02 01:27:07,903] {logging_mixin.py:104} INFO - [2024-10-02 01:27:07,903] {dagbag.py:451} INFO - Filling up the DagBag from /home/airflow/.local/lib/python3.6/site-packages/airflow/example_dags/example_trigger_controller_dag.py
[2024-10-02 01:27:07,917] {scheduler_job.py:639} INFO - DAG(s) dict_keys(['example_trigger_controller_dag']) retrieved from /home/airflow/.local/lib/python3.6/site-packages/airflow/example_dags/example_trigger_controller_dag.py
[2024-10-02 01:27:07,967] {logging_mixin.py:104} INFO - [2024-10-02 01:27:07,967] {dag.py:1824} INFO - Sync 1 DAGs
[2024-10-02 01:27:07,986] {logging_mixin.py:104} INFO - [2024-10-02 01:27:07,986] {dag.py:2280} INFO - Setting next_dagrun for example_trigger_controller_dag to 2024-09-30 00:00:00+00:00
[2024-10-02 01:27:08,002] {scheduler_job.py:190} INFO - Processing /home/airflow/.local/lib/python3.6/site-packages/airflow/example_dags/example_trigger_controller_dag.py took 0.117 seconds
[2024-10-02 01:27:39,199] {scheduler_job.py:182} INFO - Started process (PID=266) to work on /home/airflow/.local/lib/python3.6/site-packages/airflow/example_dags/example_trigger_controller_dag.py
[2024-10-02 01:27:39,204] {scheduler_job.py:629} INFO - Processing file /home/airflow/.local/lib/python3.6/site-packages/airflow/example_dags/example_trigger_controller_dag.py for tasks to queue
[2024-10-02 01:27:39,206] {logging_mixin.py:104} INFO - [2024-10-02 01:27:39,206] {dagbag.py:451} INFO - Filling up the DagBag from /home/airflow/.local/lib/python3.6/site-packages/airflow/example_dags/example_trigger_controller_dag.py
[2024-10-02 01:27:39,226] {scheduler_job.py:639} INFO - DAG(s) dict_keys(['example_trigger_controller_dag']) retrieved from /home/airflow/.local/lib/python3.6/site-packages/airflow/example_dags/example_trigger_controller_dag.py
[2024-10-02 01:27:39,281] {logging_mixin.py:104} INFO - [2024-10-02 01:27:39,281] {dag.py:1824} INFO - Sync 1 DAGs
[2024-10-02 01:27:39,307] {logging_mixin.py:104} INFO - [2024-10-02 01:27:39,307] {dag.py:2280} INFO - Setting next_dagrun for example_trigger_controller_dag to 2024-09-30 00:00:00+00:00
[2024-10-02 01:27:39,332] {scheduler_job.py:190} INFO - Processing /home/airflow/.local/lib/python3.6/site-packages/airflow/example_dags/example_trigger_controller_dag.py took 0.137 seconds
[2024-10-02 01:28:09,564] {scheduler_job.py:182} INFO - Started process (PID=286) to work on /home/airflow/.local/lib/python3.6/site-packages/airflow/example_dags/example_trigger_controller_dag.py
[2024-10-02 01:28:09,568] {scheduler_job.py:629} INFO - Processing file /home/airflow/.local/lib/python3.6/site-packages/airflow/example_dags/example_trigger_controller_dag.py for tasks to queue
[2024-10-02 01:28:09,569] {logging_mixin.py:104} INFO - [2024-10-02 01:28:09,569] {dagbag.py:451} INFO - Filling up the DagBag from /home/airflow/.local/lib/python3.6/site-packages/airflow/example_dags/example_trigger_controller_dag.py
[2024-10-02 01:28:09,582] {scheduler_job.py:639} INFO - DAG(s) dict_keys(['example_trigger_controller_dag']) retrieved from /home/airflow/.local/lib/python3.6/site-packages/airflow/example_dags/example_trigger_controller_dag.py
[2024-10-02 01:28:09,605] {logging_mixin.py:104} INFO - [2024-10-02 01:28:09,605] {dag.py:1824} INFO - Sync 1 DAGs
[2024-10-02 01:28:09,632] {logging_mixin.py:104} INFO - [2024-10-02 01:28:09,632] {dag.py:2280} INFO - Setting next_dagrun for example_trigger_controller_dag to 2024-09-30 00:00:00+00:00
[2024-10-02 01:28:09,646] {scheduler_job.py:190} INFO - Processing /home/airflow/.local/lib/python3.6/site-packages/airflow/example_dags/example_trigger_controller_dag.py took 0.085 seconds
[2024-10-02 01:28:40,528] {scheduler_job.py:182} INFO - Started process (PID=313) to work on /home/airflow/.local/lib/python3.6/site-packages/airflow/example_dags/example_trigger_controller_dag.py
[2024-10-02 01:28:40,531] {scheduler_job.py:629} INFO - Processing file /home/airflow/.local/lib/python3.6/site-packages/airflow/example_dags/example_trigger_controller_dag.py for tasks to queue
[2024-10-02 01:28:40,532] {logging_mixin.py:104} INFO - [2024-10-02 01:28:40,532] {dagbag.py:451} INFO - Filling up the DagBag from /home/airflow/.local/lib/python3.6/site-packages/airflow/example_dags/example_trigger_controller_dag.py
[2024-10-02 01:28:40,543] {scheduler_job.py:639} INFO - DAG(s) dict_keys(['example_trigger_controller_dag']) retrieved from /home/airflow/.local/lib/python3.6/site-packages/airflow/example_dags/example_trigger_controller_dag.py
[2024-10-02 01:28:40,570] {logging_mixin.py:104} INFO - [2024-10-02 01:28:40,570] {dag.py:1824} INFO - Sync 1 DAGs
[2024-10-02 01:28:40,590] {logging_mixin.py:104} INFO - [2024-10-02 01:28:40,590] {dag.py:2280} INFO - Setting next_dagrun for example_trigger_controller_dag to 2024-09-30 00:00:00+00:00
[2024-10-02 01:28:40,604] {scheduler_job.py:190} INFO - Processing /home/airflow/.local/lib/python3.6/site-packages/airflow/example_dags/example_trigger_controller_dag.py took 0.079 seconds
[2024-10-02T01:32:09.557+0000] {processor.py:157} INFO - Started process (PID=41) to work on /home/airflow/.local/lib/python3.8/site-packages/airflow/example_dags/example_trigger_controller_dag.py
[2024-10-02T01:32:09.562+0000] {processor.py:829} INFO - Processing file /home/airflow/.local/lib/python3.8/site-packages/airflow/example_dags/example_trigger_controller_dag.py for tasks to queue
[2024-10-02T01:32:09.567+0000] {logging_mixin.py:151} INFO - [2024-10-02T01:32:09.566+0000] {dagbag.py:539} INFO - Filling up the DagBag from /home/airflow/.local/lib/python3.8/site-packages/airflow/example_dags/example_trigger_controller_dag.py
[2024-10-02T01:32:09.608+0000] {processor.py:839} INFO - DAG(s) dict_keys(['example_trigger_controller_dag']) retrieved from /home/airflow/.local/lib/python3.8/site-packages/airflow/example_dags/example_trigger_controller_dag.py
[2024-10-02T01:32:09.998+0000] {logging_mixin.py:151} INFO - [2024-10-02T01:32:09.997+0000] {manager.py:499} INFO - Created Permission View: %s
[2024-10-02T01:32:10.051+0000] {logging_mixin.py:151} INFO - [2024-10-02T01:32:10.050+0000] {manager.py:499} INFO - Created Permission View: %s
[2024-10-02T01:32:10.083+0000] {logging_mixin.py:151} INFO - [2024-10-02T01:32:10.082+0000] {manager.py:499} INFO - Created Permission View: %s
[2024-10-02T01:32:10.085+0000] {logging_mixin.py:151} INFO - [2024-10-02T01:32:10.085+0000] {security.py:708} INFO - Not syncing DAG-level permissions for DAG 'DAG:example_trigger_controller_dag' as access control is unset.
[2024-10-02T01:32:10.089+0000] {logging_mixin.py:151} INFO - [2024-10-02T01:32:10.088+0000] {dag.py:2915} INFO - Sync 1 DAGs
[2024-10-02T01:32:10.117+0000] {logging_mixin.py:151} INFO - [2024-10-02T01:32:10.117+0000] {dag.py:2937} INFO - Creating ORM DAG for example_trigger_controller_dag
[2024-10-02T01:32:10.139+0000] {logging_mixin.py:151} INFO - [2024-10-02T01:32:10.138+0000] {dag.py:3696} INFO - Setting next_dagrun for example_trigger_controller_dag to 2021-01-01T00:00:00+00:00, run_after=2021-01-01T00:00:00+00:00
[2024-10-02T01:32:10.185+0000] {processor.py:179} INFO - Processing /home/airflow/.local/lib/python3.8/site-packages/airflow/example_dags/example_trigger_controller_dag.py took 0.635 seconds
[2024-10-02T01:32:40.445+0000] {processor.py:157} INFO - Started process (PID=89) to work on /home/airflow/.local/lib/python3.8/site-packages/airflow/example_dags/example_trigger_controller_dag.py
[2024-10-02T01:32:40.447+0000] {processor.py:829} INFO - Processing file /home/airflow/.local/lib/python3.8/site-packages/airflow/example_dags/example_trigger_controller_dag.py for tasks to queue
[2024-10-02T01:32:40.450+0000] {logging_mixin.py:151} INFO - [2024-10-02T01:32:40.449+0000] {dagbag.py:539} INFO - Filling up the DagBag from /home/airflow/.local/lib/python3.8/site-packages/airflow/example_dags/example_trigger_controller_dag.py
[2024-10-02T01:32:40.459+0000] {processor.py:839} INFO - DAG(s) dict_keys(['example_trigger_controller_dag']) retrieved from /home/airflow/.local/lib/python3.8/site-packages/airflow/example_dags/example_trigger_controller_dag.py
[2024-10-02T01:32:40.504+0000] {logging_mixin.py:151} INFO - [2024-10-02T01:32:40.503+0000] {dag.py:2915} INFO - Sync 1 DAGs
[2024-10-02T01:32:40.551+0000] {logging_mixin.py:151} INFO - [2024-10-02T01:32:40.550+0000] {dag.py:3696} INFO - Setting next_dagrun for example_trigger_controller_dag to 2021-01-01T00:00:00+00:00, run_after=2021-01-01T00:00:00+00:00
[2024-10-02T01:32:40.581+0000] {processor.py:179} INFO - Processing /home/airflow/.local/lib/python3.8/site-packages/airflow/example_dags/example_trigger_controller_dag.py took 0.140 seconds
[2024-10-02T01:33:11.208+0000] {processor.py:157} INFO - Started process (PID=137) to work on /home/airflow/.local/lib/python3.8/site-packages/airflow/example_dags/example_trigger_controller_dag.py
[2024-10-02T01:33:11.210+0000] {processor.py:829} INFO - Processing file /home/airflow/.local/lib/python3.8/site-packages/airflow/example_dags/example_trigger_controller_dag.py for tasks to queue
[2024-10-02T01:33:11.213+0000] {logging_mixin.py:151} INFO - [2024-10-02T01:33:11.213+0000] {dagbag.py:539} INFO - Filling up the DagBag from /home/airflow/.local/lib/python3.8/site-packages/airflow/example_dags/example_trigger_controller_dag.py
[2024-10-02T01:33:11.231+0000] {processor.py:839} INFO - DAG(s) dict_keys(['example_trigger_controller_dag']) retrieved from /home/airflow/.local/lib/python3.8/site-packages/airflow/example_dags/example_trigger_controller_dag.py
[2024-10-02T01:33:11.276+0000] {logging_mixin.py:151} INFO - [2024-10-02T01:33:11.276+0000] {dag.py:2915} INFO - Sync 1 DAGs
[2024-10-02T01:33:11.310+0000] {logging_mixin.py:151} INFO - [2024-10-02T01:33:11.309+0000] {dag.py:3696} INFO - Setting next_dagrun for example_trigger_controller_dag to 2021-01-01T00:00:00+00:00, run_after=2021-01-01T00:00:00+00:00
[2024-10-02T01:33:11.350+0000] {processor.py:179} INFO - Processing /home/airflow/.local/lib/python3.8/site-packages/airflow/example_dags/example_trigger_controller_dag.py took 0.145 seconds
[2024-10-02T01:33:41.766+0000] {processor.py:157} INFO - Started process (PID=185) to work on /home/airflow/.local/lib/python3.8/site-packages/airflow/example_dags/example_trigger_controller_dag.py
[2024-10-02T01:33:41.773+0000] {processor.py:829} INFO - Processing file /home/airflow/.local/lib/python3.8/site-packages/airflow/example_dags/example_trigger_controller_dag.py for tasks to queue
[2024-10-02T01:33:41.778+0000] {logging_mixin.py:151} INFO - [2024-10-02T01:33:41.777+0000] {dagbag.py:539} INFO - Filling up the DagBag from /home/airflow/.local/lib/python3.8/site-packages/airflow/example_dags/example_trigger_controller_dag.py
[2024-10-02T01:33:41.792+0000] {processor.py:839} INFO - DAG(s) dict_keys(['example_trigger_controller_dag']) retrieved from /home/airflow/.local/lib/python3.8/site-packages/airflow/example_dags/example_trigger_controller_dag.py
[2024-10-02T01:33:41.829+0000] {logging_mixin.py:151} INFO - [2024-10-02T01:33:41.828+0000] {dag.py:2915} INFO - Sync 1 DAGs
[2024-10-02T01:33:41.865+0000] {logging_mixin.py:151} INFO - [2024-10-02T01:33:41.864+0000] {dag.py:3696} INFO - Setting next_dagrun for example_trigger_controller_dag to 2021-01-01T00:00:00+00:00, run_after=2021-01-01T00:00:00+00:00
[2024-10-02T01:33:41.896+0000] {processor.py:179} INFO - Processing /home/airflow/.local/lib/python3.8/site-packages/airflow/example_dags/example_trigger_controller_dag.py took 0.134 seconds
[2024-10-02T01:34:12.494+0000] {processor.py:157} INFO - Started process (PID=233) to work on /home/airflow/.local/lib/python3.8/site-packages/airflow/example_dags/example_trigger_controller_dag.py
[2024-10-02T01:34:12.497+0000] {processor.py:829} INFO - Processing file /home/airflow/.local/lib/python3.8/site-packages/airflow/example_dags/example_trigger_controller_dag.py for tasks to queue
[2024-10-02T01:34:12.503+0000] {logging_mixin.py:151} INFO - [2024-10-02T01:34:12.503+0000] {dagbag.py:539} INFO - Filling up the DagBag from /home/airflow/.local/lib/python3.8/site-packages/airflow/example_dags/example_trigger_controller_dag.py
[2024-10-02T01:34:12.516+0000] {processor.py:839} INFO - DAG(s) dict_keys(['example_trigger_controller_dag']) retrieved from /home/airflow/.local/lib/python3.8/site-packages/airflow/example_dags/example_trigger_controller_dag.py
[2024-10-02T01:34:12.557+0000] {logging_mixin.py:151} INFO - [2024-10-02T01:34:12.556+0000] {dag.py:2915} INFO - Sync 1 DAGs
[2024-10-02T01:34:12.600+0000] {logging_mixin.py:151} INFO - [2024-10-02T01:34:12.599+0000] {dag.py:3696} INFO - Setting next_dagrun for example_trigger_controller_dag to 2021-01-01T00:00:00+00:00, run_after=2021-01-01T00:00:00+00:00
[2024-10-02T01:34:12.634+0000] {processor.py:179} INFO - Processing /home/airflow/.local/lib/python3.8/site-packages/airflow/example_dags/example_trigger_controller_dag.py took 0.147 seconds
[2024-10-02T01:34:43.192+0000] {processor.py:157} INFO - Started process (PID=281) to work on /home/airflow/.local/lib/python3.8/site-packages/airflow/example_dags/example_trigger_controller_dag.py
[2024-10-02T01:34:43.195+0000] {processor.py:829} INFO - Processing file /home/airflow/.local/lib/python3.8/site-packages/airflow/example_dags/example_trigger_controller_dag.py for tasks to queue
[2024-10-02T01:34:43.198+0000] {logging_mixin.py:151} INFO - [2024-10-02T01:34:43.198+0000] {dagbag.py:539} INFO - Filling up the DagBag from /home/airflow/.local/lib/python3.8/site-packages/airflow/example_dags/example_trigger_controller_dag.py
[2024-10-02T01:34:43.212+0000] {processor.py:839} INFO - DAG(s) dict_keys(['example_trigger_controller_dag']) retrieved from /home/airflow/.local/lib/python3.8/site-packages/airflow/example_dags/example_trigger_controller_dag.py
[2024-10-02T01:34:43.263+0000] {logging_mixin.py:151} INFO - [2024-10-02T01:34:43.263+0000] {dag.py:2915} INFO - Sync 1 DAGs
[2024-10-02T01:34:43.322+0000] {logging_mixin.py:151} INFO - [2024-10-02T01:34:43.321+0000] {dag.py:3696} INFO - Setting next_dagrun for example_trigger_controller_dag to 2021-01-01T00:00:00+00:00, run_after=2021-01-01T00:00:00+00:00
[2024-10-02T01:34:43.361+0000] {processor.py:179} INFO - Processing /home/airflow/.local/lib/python3.8/site-packages/airflow/example_dags/example_trigger_controller_dag.py took 0.173 seconds
[2024-10-02T01:35:13.550+0000] {processor.py:157} INFO - Started process (PID=329) to work on /home/airflow/.local/lib/python3.8/site-packages/airflow/example_dags/example_trigger_controller_dag.py
[2024-10-02T01:35:13.554+0000] {processor.py:829} INFO - Processing file /home/airflow/.local/lib/python3.8/site-packages/airflow/example_dags/example_trigger_controller_dag.py for tasks to queue
[2024-10-02T01:35:13.559+0000] {logging_mixin.py:151} INFO - [2024-10-02T01:35:13.558+0000] {dagbag.py:539} INFO - Filling up the DagBag from /home/airflow/.local/lib/python3.8/site-packages/airflow/example_dags/example_trigger_controller_dag.py
[2024-10-02T01:35:13.576+0000] {processor.py:839} INFO - DAG(s) dict_keys(['example_trigger_controller_dag']) retrieved from /home/airflow/.local/lib/python3.8/site-packages/airflow/example_dags/example_trigger_controller_dag.py
[2024-10-02T01:35:13.610+0000] {logging_mixin.py:151} INFO - [2024-10-02T01:35:13.610+0000] {dag.py:2915} INFO - Sync 1 DAGs
[2024-10-02T01:35:13.643+0000] {logging_mixin.py:151} INFO - [2024-10-02T01:35:13.642+0000] {dag.py:3696} INFO - Setting next_dagrun for example_trigger_controller_dag to 2021-01-01T00:00:00+00:00, run_after=2021-01-01T00:00:00+00:00
[2024-10-02T01:35:13.687+0000] {processor.py:179} INFO - Processing /home/airflow/.local/lib/python3.8/site-packages/airflow/example_dags/example_trigger_controller_dag.py took 0.142 seconds
[2024-10-02T01:35:44.119+0000] {processor.py:157} INFO - Started process (PID=377) to work on /home/airflow/.local/lib/python3.8/site-packages/airflow/example_dags/example_trigger_controller_dag.py
[2024-10-02T01:35:44.123+0000] {processor.py:829} INFO - Processing file /home/airflow/.local/lib/python3.8/site-packages/airflow/example_dags/example_trigger_controller_dag.py for tasks to queue
[2024-10-02T01:35:44.130+0000] {logging_mixin.py:151} INFO - [2024-10-02T01:35:44.129+0000] {dagbag.py:539} INFO - Filling up the DagBag from /home/airflow/.local/lib/python3.8/site-packages/airflow/example_dags/example_trigger_controller_dag.py
[2024-10-02T01:35:44.146+0000] {processor.py:839} INFO - DAG(s) dict_keys(['example_trigger_controller_dag']) retrieved from /home/airflow/.local/lib/python3.8/site-packages/airflow/example_dags/example_trigger_controller_dag.py
[2024-10-02T01:35:44.190+0000] {logging_mixin.py:151} INFO - [2024-10-02T01:35:44.190+0000] {dag.py:2915} INFO - Sync 1 DAGs
[2024-10-02T01:35:44.226+0000] {logging_mixin.py:151} INFO - [2024-10-02T01:35:44.225+0000] {dag.py:3696} INFO - Setting next_dagrun for example_trigger_controller_dag to 2021-01-01T00:00:00+00:00, run_after=2021-01-01T00:00:00+00:00
[2024-10-02T01:35:44.257+0000] {processor.py:179} INFO - Processing /home/airflow/.local/lib/python3.8/site-packages/airflow/example_dags/example_trigger_controller_dag.py took 0.145 seconds
[2024-10-02T01:36:14.507+0000] {processor.py:157} INFO - Started process (PID=425) to work on /home/airflow/.local/lib/python3.8/site-packages/airflow/example_dags/example_trigger_controller_dag.py
[2024-10-02T01:36:14.512+0000] {processor.py:829} INFO - Processing file /home/airflow/.local/lib/python3.8/site-packages/airflow/example_dags/example_trigger_controller_dag.py for tasks to queue
[2024-10-02T01:36:14.518+0000] {logging_mixin.py:151} INFO - [2024-10-02T01:36:14.517+0000] {dagbag.py:539} INFO - Filling up the DagBag from /home/airflow/.local/lib/python3.8/site-packages/airflow/example_dags/example_trigger_controller_dag.py
[2024-10-02T01:36:14.529+0000] {processor.py:839} INFO - DAG(s) dict_keys(['example_trigger_controller_dag']) retrieved from /home/airflow/.local/lib/python3.8/site-packages/airflow/example_dags/example_trigger_controller_dag.py
[2024-10-02T01:36:14.578+0000] {logging_mixin.py:151} INFO - [2024-10-02T01:36:14.578+0000] {dag.py:2915} INFO - Sync 1 DAGs
[2024-10-02T01:36:14.613+0000] {logging_mixin.py:151} INFO - [2024-10-02T01:36:14.613+0000] {dag.py:3696} INFO - Setting next_dagrun for example_trigger_controller_dag to 2021-01-01T00:00:00+00:00, run_after=2021-01-01T00:00:00+00:00
[2024-10-02T01:36:14.646+0000] {processor.py:179} INFO - Processing /home/airflow/.local/lib/python3.8/site-packages/airflow/example_dags/example_trigger_controller_dag.py took 0.146 seconds
[2024-10-02T01:36:44.946+0000] {processor.py:157} INFO - Started process (PID=473) to work on /home/airflow/.local/lib/python3.8/site-packages/airflow/example_dags/example_trigger_controller_dag.py
[2024-10-02T01:36:44.951+0000] {processor.py:829} INFO - Processing file /home/airflow/.local/lib/python3.8/site-packages/airflow/example_dags/example_trigger_controller_dag.py for tasks to queue
[2024-10-02T01:36:44.956+0000] {logging_mixin.py:151} INFO - [2024-10-02T01:36:44.955+0000] {dagbag.py:539} INFO - Filling up the DagBag from /home/airflow/.local/lib/python3.8/site-packages/airflow/example_dags/example_trigger_controller_dag.py
[2024-10-02T01:36:44.969+0000] {processor.py:839} INFO - DAG(s) dict_keys(['example_trigger_controller_dag']) retrieved from /home/airflow/.local/lib/python3.8/site-packages/airflow/example_dags/example_trigger_controller_dag.py
[2024-10-02T01:36:45.008+0000] {logging_mixin.py:151} INFO - [2024-10-02T01:36:45.008+0000] {dag.py:2915} INFO - Sync 1 DAGs
[2024-10-02T01:36:45.044+0000] {logging_mixin.py:151} INFO - [2024-10-02T01:36:45.043+0000] {dag.py:3696} INFO - Setting next_dagrun for example_trigger_controller_dag to 2021-01-01T00:00:00+00:00, run_after=2021-01-01T00:00:00+00:00
[2024-10-02T01:36:45.073+0000] {processor.py:179} INFO - Processing /home/airflow/.local/lib/python3.8/site-packages/airflow/example_dags/example_trigger_controller_dag.py took 0.130 seconds
[2024-10-02T01:37:15.247+0000] {processor.py:157} INFO - Started process (PID=521) to work on /home/airflow/.local/lib/python3.8/site-packages/airflow/example_dags/example_trigger_controller_dag.py
[2024-10-02T01:37:15.251+0000] {processor.py:829} INFO - Processing file /home/airflow/.local/lib/python3.8/site-packages/airflow/example_dags/example_trigger_controller_dag.py for tasks to queue
[2024-10-02T01:37:15.259+0000] {logging_mixin.py:151} INFO - [2024-10-02T01:37:15.259+0000] {dagbag.py:539} INFO - Filling up the DagBag from /home/airflow/.local/lib/python3.8/site-packages/airflow/example_dags/example_trigger_controller_dag.py
[2024-10-02T01:37:15.272+0000] {processor.py:839} INFO - DAG(s) dict_keys(['example_trigger_controller_dag']) retrieved from /home/airflow/.local/lib/python3.8/site-packages/airflow/example_dags/example_trigger_controller_dag.py
[2024-10-02T01:37:15.311+0000] {logging_mixin.py:151} INFO - [2024-10-02T01:37:15.311+0000] {dag.py:2915} INFO - Sync 1 DAGs
[2024-10-02T01:37:15.345+0000] {logging_mixin.py:151} INFO - [2024-10-02T01:37:15.344+0000] {dag.py:3696} INFO - Setting next_dagrun for example_trigger_controller_dag to 2021-01-01T00:00:00+00:00, run_after=2021-01-01T00:00:00+00:00
[2024-10-02T01:37:15.377+0000] {processor.py:179} INFO - Processing /home/airflow/.local/lib/python3.8/site-packages/airflow/example_dags/example_trigger_controller_dag.py took 0.136 seconds
[2024-10-02T01:37:46.422+0000] {processor.py:157} INFO - Started process (PID=569) to work on /home/airflow/.local/lib/python3.8/site-packages/airflow/example_dags/example_trigger_controller_dag.py
[2024-10-02T01:37:46.426+0000] {processor.py:829} INFO - Processing file /home/airflow/.local/lib/python3.8/site-packages/airflow/example_dags/example_trigger_controller_dag.py for tasks to queue
[2024-10-02T01:37:46.431+0000] {logging_mixin.py:151} INFO - [2024-10-02T01:37:46.430+0000] {dagbag.py:539} INFO - Filling up the DagBag from /home/airflow/.local/lib/python3.8/site-packages/airflow/example_dags/example_trigger_controller_dag.py
[2024-10-02T01:37:46.442+0000] {processor.py:839} INFO - DAG(s) dict_keys(['example_trigger_controller_dag']) retrieved from /home/airflow/.local/lib/python3.8/site-packages/airflow/example_dags/example_trigger_controller_dag.py
[2024-10-02T01:37:46.554+0000] {logging_mixin.py:151} INFO - [2024-10-02T01:37:46.553+0000] {dag.py:2915} INFO - Sync 1 DAGs
[2024-10-02T01:37:46.607+0000] {logging_mixin.py:151} INFO - [2024-10-02T01:37:46.605+0000] {dag.py:3696} INFO - Setting next_dagrun for example_trigger_controller_dag to 2021-01-01T00:00:00+00:00, run_after=2021-01-01T00:00:00+00:00
[2024-10-02T01:37:46.665+0000] {processor.py:179} INFO - Processing /home/airflow/.local/lib/python3.8/site-packages/airflow/example_dags/example_trigger_controller_dag.py took 0.250 seconds
[2024-10-02T01:38:16.990+0000] {processor.py:157} INFO - Started process (PID=617) to work on /home/airflow/.local/lib/python3.8/site-packages/airflow/example_dags/example_trigger_controller_dag.py
[2024-10-02T01:38:16.994+0000] {processor.py:829} INFO - Processing file /home/airflow/.local/lib/python3.8/site-packages/airflow/example_dags/example_trigger_controller_dag.py for tasks to queue
[2024-10-02T01:38:16.998+0000] {logging_mixin.py:151} INFO - [2024-10-02T01:38:16.998+0000] {dagbag.py:539} INFO - Filling up the DagBag from /home/airflow/.local/lib/python3.8/site-packages/airflow/example_dags/example_trigger_controller_dag.py
[2024-10-02T01:38:17.014+0000] {processor.py:839} INFO - DAG(s) dict_keys(['example_trigger_controller_dag']) retrieved from /home/airflow/.local/lib/python3.8/site-packages/airflow/example_dags/example_trigger_controller_dag.py
[2024-10-02T01:38:17.072+0000] {logging_mixin.py:151} INFO - [2024-10-02T01:38:17.072+0000] {dag.py:2915} INFO - Sync 1 DAGs
[2024-10-02T01:38:17.113+0000] {logging_mixin.py:151} INFO - [2024-10-02T01:38:17.113+0000] {dag.py:3696} INFO - Setting next_dagrun for example_trigger_controller_dag to 2021-01-01T00:00:00+00:00, run_after=2021-01-01T00:00:00+00:00
[2024-10-02T01:38:17.153+0000] {processor.py:179} INFO - Processing /home/airflow/.local/lib/python3.8/site-packages/airflow/example_dags/example_trigger_controller_dag.py took 0.169 seconds
[2024-10-02T01:38:47.494+0000] {processor.py:157} INFO - Started process (PID=665) to work on /home/airflow/.local/lib/python3.8/site-packages/airflow/example_dags/example_trigger_controller_dag.py
[2024-10-02T01:38:47.498+0000] {processor.py:829} INFO - Processing file /home/airflow/.local/lib/python3.8/site-packages/airflow/example_dags/example_trigger_controller_dag.py for tasks to queue
[2024-10-02T01:38:47.505+0000] {logging_mixin.py:151} INFO - [2024-10-02T01:38:47.505+0000] {dagbag.py:539} INFO - Filling up the DagBag from /home/airflow/.local/lib/python3.8/site-packages/airflow/example_dags/example_trigger_controller_dag.py
[2024-10-02T01:38:47.519+0000] {processor.py:839} INFO - DAG(s) dict_keys(['example_trigger_controller_dag']) retrieved from /home/airflow/.local/lib/python3.8/site-packages/airflow/example_dags/example_trigger_controller_dag.py
[2024-10-02T01:38:47.558+0000] {logging_mixin.py:151} INFO - [2024-10-02T01:38:47.557+0000] {dag.py:2915} INFO - Sync 1 DAGs
[2024-10-02T01:38:47.607+0000] {logging_mixin.py:151} INFO - [2024-10-02T01:38:47.606+0000] {dag.py:3696} INFO - Setting next_dagrun for example_trigger_controller_dag to 2021-01-01T00:00:00+00:00, run_after=2021-01-01T00:00:00+00:00
[2024-10-02T01:38:47.636+0000] {processor.py:179} INFO - Processing /home/airflow/.local/lib/python3.8/site-packages/airflow/example_dags/example_trigger_controller_dag.py took 0.148 seconds
[2024-10-02T01:39:17.912+0000] {processor.py:157} INFO - Started process (PID=713) to work on /home/airflow/.local/lib/python3.8/site-packages/airflow/example_dags/example_trigger_controller_dag.py
[2024-10-02T01:39:17.920+0000] {processor.py:829} INFO - Processing file /home/airflow/.local/lib/python3.8/site-packages/airflow/example_dags/example_trigger_controller_dag.py for tasks to queue
[2024-10-02T01:39:17.929+0000] {logging_mixin.py:151} INFO - [2024-10-02T01:39:17.929+0000] {dagbag.py:539} INFO - Filling up the DagBag from /home/airflow/.local/lib/python3.8/site-packages/airflow/example_dags/example_trigger_controller_dag.py
[2024-10-02T01:39:17.941+0000] {processor.py:839} INFO - DAG(s) dict_keys(['example_trigger_controller_dag']) retrieved from /home/airflow/.local/lib/python3.8/site-packages/airflow/example_dags/example_trigger_controller_dag.py
[2024-10-02T01:39:17.989+0000] {logging_mixin.py:151} INFO - [2024-10-02T01:39:17.989+0000] {dag.py:2915} INFO - Sync 1 DAGs
[2024-10-02T01:39:18.022+0000] {logging_mixin.py:151} INFO - [2024-10-02T01:39:18.022+0000] {dag.py:3696} INFO - Setting next_dagrun for example_trigger_controller_dag to 2021-01-01T00:00:00+00:00, run_after=2021-01-01T00:00:00+00:00
[2024-10-02T01:39:18.056+0000] {processor.py:179} INFO - Processing /home/airflow/.local/lib/python3.8/site-packages/airflow/example_dags/example_trigger_controller_dag.py took 0.148 seconds
[2024-10-02T01:45:27.407+0000] {processor.py:157} INFO - Started process (PID=41) to work on /home/airflow/.local/lib/python3.8/site-packages/airflow/example_dags/example_trigger_controller_dag.py
[2024-10-02T01:45:27.417+0000] {processor.py:829} INFO - Processing file /home/airflow/.local/lib/python3.8/site-packages/airflow/example_dags/example_trigger_controller_dag.py for tasks to queue
[2024-10-02T01:45:27.426+0000] {logging_mixin.py:151} INFO - [2024-10-02T01:45:27.425+0000] {dagbag.py:539} INFO - Filling up the DagBag from /home/airflow/.local/lib/python3.8/site-packages/airflow/example_dags/example_trigger_controller_dag.py
[2024-10-02T01:45:27.474+0000] {processor.py:839} INFO - DAG(s) dict_keys(['example_trigger_controller_dag']) retrieved from /home/airflow/.local/lib/python3.8/site-packages/airflow/example_dags/example_trigger_controller_dag.py
[2024-10-02T01:45:27.930+0000] {logging_mixin.py:151} INFO - [2024-10-02T01:45:27.930+0000] {manager.py:499} INFO - Created Permission View: %s
[2024-10-02T01:45:28.004+0000] {logging_mixin.py:151} INFO - [2024-10-02T01:45:28.003+0000] {manager.py:499} INFO - Created Permission View: %s
[2024-10-02T01:45:28.037+0000] {logging_mixin.py:151} INFO - [2024-10-02T01:45:28.037+0000] {manager.py:499} INFO - Created Permission View: %s
[2024-10-02T01:45:28.047+0000] {logging_mixin.py:151} INFO - [2024-10-02T01:45:28.047+0000] {security.py:708} INFO - Not syncing DAG-level permissions for DAG 'DAG:example_trigger_controller_dag' as access control is unset.
[2024-10-02T01:45:28.058+0000] {logging_mixin.py:151} INFO - [2024-10-02T01:45:28.058+0000] {dag.py:2915} INFO - Sync 1 DAGs
[2024-10-02T01:45:28.136+0000] {logging_mixin.py:151} INFO - [2024-10-02T01:45:28.132+0000] {dag.py:2937} INFO - Creating ORM DAG for example_trigger_controller_dag
[2024-10-02T01:45:28.191+0000] {logging_mixin.py:151} INFO - [2024-10-02T01:45:28.190+0000] {dag.py:3696} INFO - Setting next_dagrun for example_trigger_controller_dag to 2021-01-01T00:00:00+00:00, run_after=2021-01-01T00:00:00+00:00
[2024-10-02T01:45:28.246+0000] {processor.py:179} INFO - Processing /home/airflow/.local/lib/python3.8/site-packages/airflow/example_dags/example_trigger_controller_dag.py took 0.844 seconds
[2024-10-02T01:45:59.207+0000] {processor.py:157} INFO - Started process (PID=89) to work on /home/airflow/.local/lib/python3.8/site-packages/airflow/example_dags/example_trigger_controller_dag.py
[2024-10-02T01:45:59.211+0000] {processor.py:829} INFO - Processing file /home/airflow/.local/lib/python3.8/site-packages/airflow/example_dags/example_trigger_controller_dag.py for tasks to queue
[2024-10-02T01:45:59.217+0000] {logging_mixin.py:151} INFO - [2024-10-02T01:45:59.216+0000] {dagbag.py:539} INFO - Filling up the DagBag from /home/airflow/.local/lib/python3.8/site-packages/airflow/example_dags/example_trigger_controller_dag.py
[2024-10-02T01:45:59.234+0000] {processor.py:839} INFO - DAG(s) dict_keys(['example_trigger_controller_dag']) retrieved from /home/airflow/.local/lib/python3.8/site-packages/airflow/example_dags/example_trigger_controller_dag.py
[2024-10-02T01:45:59.332+0000] {logging_mixin.py:151} INFO - [2024-10-02T01:45:59.331+0000] {dag.py:2915} INFO - Sync 1 DAGs
[2024-10-02T01:45:59.361+0000] {logging_mixin.py:151} INFO - [2024-10-02T01:45:59.361+0000] {dag.py:3696} INFO - Setting next_dagrun for example_trigger_controller_dag to 2021-01-01T00:00:00+00:00, run_after=2021-01-01T00:00:00+00:00
[2024-10-02T01:45:59.394+0000] {processor.py:179} INFO - Processing /home/airflow/.local/lib/python3.8/site-packages/airflow/example_dags/example_trigger_controller_dag.py took 0.193 seconds
[2024-10-02T01:46:57.016+0000] {processor.py:157} INFO - Started process (PID=41) to work on /home/airflow/.local/lib/python3.8/site-packages/airflow/example_dags/example_trigger_controller_dag.py
[2024-10-02T01:46:57.027+0000] {processor.py:829} INFO - Processing file /home/airflow/.local/lib/python3.8/site-packages/airflow/example_dags/example_trigger_controller_dag.py for tasks to queue
[2024-10-02T01:46:57.044+0000] {logging_mixin.py:151} INFO - [2024-10-02T01:46:57.043+0000] {dagbag.py:539} INFO - Filling up the DagBag from /home/airflow/.local/lib/python3.8/site-packages/airflow/example_dags/example_trigger_controller_dag.py
[2024-10-02T01:46:57.078+0000] {processor.py:839} INFO - DAG(s) dict_keys(['example_trigger_controller_dag']) retrieved from /home/airflow/.local/lib/python3.8/site-packages/airflow/example_dags/example_trigger_controller_dag.py
[2024-10-02T01:46:57.120+0000] {logging_mixin.py:151} INFO - [2024-10-02T01:46:57.119+0000] {dag.py:2915} INFO - Sync 1 DAGs
[2024-10-02T01:46:57.164+0000] {logging_mixin.py:151} INFO - [2024-10-02T01:46:57.163+0000] {dag.py:3696} INFO - Setting next_dagrun for example_trigger_controller_dag to 2021-01-01T00:00:00+00:00, run_after=2021-01-01T00:00:00+00:00
[2024-10-02T01:46:57.241+0000] {processor.py:179} INFO - Processing /home/airflow/.local/lib/python3.8/site-packages/airflow/example_dags/example_trigger_controller_dag.py took 0.229 seconds
[2024-10-02T01:47:27.414+0000] {processor.py:157} INFO - Started process (PID=89) to work on /home/airflow/.local/lib/python3.8/site-packages/airflow/example_dags/example_trigger_controller_dag.py
[2024-10-02T01:47:27.418+0000] {processor.py:829} INFO - Processing file /home/airflow/.local/lib/python3.8/site-packages/airflow/example_dags/example_trigger_controller_dag.py for tasks to queue
[2024-10-02T01:47:27.422+0000] {logging_mixin.py:151} INFO - [2024-10-02T01:47:27.422+0000] {dagbag.py:539} INFO - Filling up the DagBag from /home/airflow/.local/lib/python3.8/site-packages/airflow/example_dags/example_trigger_controller_dag.py
[2024-10-02T01:47:27.434+0000] {processor.py:839} INFO - DAG(s) dict_keys(['example_trigger_controller_dag']) retrieved from /home/airflow/.local/lib/python3.8/site-packages/airflow/example_dags/example_trigger_controller_dag.py
[2024-10-02T01:47:27.469+0000] {logging_mixin.py:151} INFO - [2024-10-02T01:47:27.468+0000] {dag.py:2915} INFO - Sync 1 DAGs
[2024-10-02T01:47:27.498+0000] {logging_mixin.py:151} INFO - [2024-10-02T01:47:27.498+0000] {dag.py:3696} INFO - Setting next_dagrun for example_trigger_controller_dag to 2021-01-01T00:00:00+00:00, run_after=2021-01-01T00:00:00+00:00
[2024-10-02T01:47:27.540+0000] {processor.py:179} INFO - Processing /home/airflow/.local/lib/python3.8/site-packages/airflow/example_dags/example_trigger_controller_dag.py took 0.131 seconds
[2024-10-02T01:48:24.520+0000] {processor.py:157} INFO - Started process (PID=41) to work on /home/airflow/.local/lib/python3.8/site-packages/airflow/example_dags/example_trigger_controller_dag.py
[2024-10-02T01:48:24.533+0000] {processor.py:829} INFO - Processing file /home/airflow/.local/lib/python3.8/site-packages/airflow/example_dags/example_trigger_controller_dag.py for tasks to queue
[2024-10-02T01:48:24.547+0000] {logging_mixin.py:151} INFO - [2024-10-02T01:48:24.545+0000] {dagbag.py:539} INFO - Filling up the DagBag from /home/airflow/.local/lib/python3.8/site-packages/airflow/example_dags/example_trigger_controller_dag.py
[2024-10-02T01:48:24.584+0000] {processor.py:839} INFO - DAG(s) dict_keys(['example_trigger_controller_dag']) retrieved from /home/airflow/.local/lib/python3.8/site-packages/airflow/example_dags/example_trigger_controller_dag.py
[2024-10-02T01:48:24.637+0000] {logging_mixin.py:151} INFO - [2024-10-02T01:48:24.636+0000] {dag.py:2915} INFO - Sync 1 DAGs
[2024-10-02T01:48:24.732+0000] {logging_mixin.py:151} INFO - [2024-10-02T01:48:24.732+0000] {dag.py:3696} INFO - Setting next_dagrun for example_trigger_controller_dag to 2021-01-01T00:00:00+00:00, run_after=2021-01-01T00:00:00+00:00
[2024-10-02T01:48:24.818+0000] {processor.py:179} INFO - Processing /home/airflow/.local/lib/python3.8/site-packages/airflow/example_dags/example_trigger_controller_dag.py took 0.304 seconds
[2024-10-02T01:48:55.533+0000] {processor.py:157} INFO - Started process (PID=89) to work on /home/airflow/.local/lib/python3.8/site-packages/airflow/example_dags/example_trigger_controller_dag.py
[2024-10-02T01:48:55.537+0000] {processor.py:829} INFO - Processing file /home/airflow/.local/lib/python3.8/site-packages/airflow/example_dags/example_trigger_controller_dag.py for tasks to queue
[2024-10-02T01:48:55.541+0000] {logging_mixin.py:151} INFO - [2024-10-02T01:48:55.540+0000] {dagbag.py:539} INFO - Filling up the DagBag from /home/airflow/.local/lib/python3.8/site-packages/airflow/example_dags/example_trigger_controller_dag.py
[2024-10-02T01:48:55.552+0000] {processor.py:839} INFO - DAG(s) dict_keys(['example_trigger_controller_dag']) retrieved from /home/airflow/.local/lib/python3.8/site-packages/airflow/example_dags/example_trigger_controller_dag.py
[2024-10-02T01:48:55.584+0000] {logging_mixin.py:151} INFO - [2024-10-02T01:48:55.584+0000] {dag.py:2915} INFO - Sync 1 DAGs
[2024-10-02T01:48:55.611+0000] {logging_mixin.py:151} INFO - [2024-10-02T01:48:55.611+0000] {dag.py:3696} INFO - Setting next_dagrun for example_trigger_controller_dag to 2021-01-01T00:00:00+00:00, run_after=2021-01-01T00:00:00+00:00
[2024-10-02T01:48:55.635+0000] {processor.py:179} INFO - Processing /home/airflow/.local/lib/python3.8/site-packages/airflow/example_dags/example_trigger_controller_dag.py took 0.108 seconds
[2024-10-02T01:49:25.705+0000] {processor.py:157} INFO - Started process (PID=137) to work on /home/airflow/.local/lib/python3.8/site-packages/airflow/example_dags/example_trigger_controller_dag.py
[2024-10-02T01:49:25.707+0000] {processor.py:829} INFO - Processing file /home/airflow/.local/lib/python3.8/site-packages/airflow/example_dags/example_trigger_controller_dag.py for tasks to queue
[2024-10-02T01:49:25.711+0000] {logging_mixin.py:151} INFO - [2024-10-02T01:49:25.710+0000] {dagbag.py:539} INFO - Filling up the DagBag from /home/airflow/.local/lib/python3.8/site-packages/airflow/example_dags/example_trigger_controller_dag.py
[2024-10-02T01:49:25.721+0000] {processor.py:839} INFO - DAG(s) dict_keys(['example_trigger_controller_dag']) retrieved from /home/airflow/.local/lib/python3.8/site-packages/airflow/example_dags/example_trigger_controller_dag.py
[2024-10-02T01:49:25.751+0000] {logging_mixin.py:151} INFO - [2024-10-02T01:49:25.751+0000] {dag.py:2915} INFO - Sync 1 DAGs
[2024-10-02T01:49:25.778+0000] {logging_mixin.py:151} INFO - [2024-10-02T01:49:25.778+0000] {dag.py:3696} INFO - Setting next_dagrun for example_trigger_controller_dag to 2021-01-01T00:00:00+00:00, run_after=2021-01-01T00:00:00+00:00
[2024-10-02T01:49:25.802+0000] {processor.py:179} INFO - Processing /home/airflow/.local/lib/python3.8/site-packages/airflow/example_dags/example_trigger_controller_dag.py took 0.101 seconds
[2024-10-02T01:49:56.480+0000] {processor.py:157} INFO - Started process (PID=185) to work on /home/airflow/.local/lib/python3.8/site-packages/airflow/example_dags/example_trigger_controller_dag.py
[2024-10-02T01:49:56.486+0000] {processor.py:829} INFO - Processing file /home/airflow/.local/lib/python3.8/site-packages/airflow/example_dags/example_trigger_controller_dag.py for tasks to queue
[2024-10-02T01:49:56.489+0000] {logging_mixin.py:151} INFO - [2024-10-02T01:49:56.489+0000] {dagbag.py:539} INFO - Filling up the DagBag from /home/airflow/.local/lib/python3.8/site-packages/airflow/example_dags/example_trigger_controller_dag.py
[2024-10-02T01:49:56.510+0000] {processor.py:839} INFO - DAG(s) dict_keys(['example_trigger_controller_dag']) retrieved from /home/airflow/.local/lib/python3.8/site-packages/airflow/example_dags/example_trigger_controller_dag.py
[2024-10-02T01:49:56.552+0000] {logging_mixin.py:151} INFO - [2024-10-02T01:49:56.552+0000] {dag.py:2915} INFO - Sync 1 DAGs
[2024-10-02T01:49:56.587+0000] {logging_mixin.py:151} INFO - [2024-10-02T01:49:56.585+0000] {dag.py:3696} INFO - Setting next_dagrun for example_trigger_controller_dag to 2021-01-01T00:00:00+00:00, run_after=2021-01-01T00:00:00+00:00
[2024-10-02T01:49:56.631+0000] {processor.py:179} INFO - Processing /home/airflow/.local/lib/python3.8/site-packages/airflow/example_dags/example_trigger_controller_dag.py took 0.155 seconds
[2024-10-02T01:50:26.719+0000] {processor.py:157} INFO - Started process (PID=233) to work on /home/airflow/.local/lib/python3.8/site-packages/airflow/example_dags/example_trigger_controller_dag.py
[2024-10-02T01:50:26.722+0000] {processor.py:829} INFO - Processing file /home/airflow/.local/lib/python3.8/site-packages/airflow/example_dags/example_trigger_controller_dag.py for tasks to queue
[2024-10-02T01:50:26.728+0000] {logging_mixin.py:151} INFO - [2024-10-02T01:50:26.727+0000] {dagbag.py:539} INFO - Filling up the DagBag from /home/airflow/.local/lib/python3.8/site-packages/airflow/example_dags/example_trigger_controller_dag.py
[2024-10-02T01:50:26.742+0000] {processor.py:839} INFO - DAG(s) dict_keys(['example_trigger_controller_dag']) retrieved from /home/airflow/.local/lib/python3.8/site-packages/airflow/example_dags/example_trigger_controller_dag.py
[2024-10-02T01:50:26.776+0000] {logging_mixin.py:151} INFO - [2024-10-02T01:50:26.775+0000] {dag.py:2915} INFO - Sync 1 DAGs
[2024-10-02T01:50:26.804+0000] {logging_mixin.py:151} INFO - [2024-10-02T01:50:26.804+0000] {dag.py:3696} INFO - Setting next_dagrun for example_trigger_controller_dag to 2021-01-01T00:00:00+00:00, run_after=2021-01-01T00:00:00+00:00
[2024-10-02T01:50:26.831+0000] {processor.py:179} INFO - Processing /home/airflow/.local/lib/python3.8/site-packages/airflow/example_dags/example_trigger_controller_dag.py took 0.117 seconds
[2024-10-02T01:50:56.990+0000] {processor.py:157} INFO - Started process (PID=281) to work on /home/airflow/.local/lib/python3.8/site-packages/airflow/example_dags/example_trigger_controller_dag.py
[2024-10-02T01:50:56.993+0000] {processor.py:829} INFO - Processing file /home/airflow/.local/lib/python3.8/site-packages/airflow/example_dags/example_trigger_controller_dag.py for tasks to queue
[2024-10-02T01:50:56.997+0000] {logging_mixin.py:151} INFO - [2024-10-02T01:50:56.997+0000] {dagbag.py:539} INFO - Filling up the DagBag from /home/airflow/.local/lib/python3.8/site-packages/airflow/example_dags/example_trigger_controller_dag.py
[2024-10-02T01:50:57.011+0000] {processor.py:839} INFO - DAG(s) dict_keys(['example_trigger_controller_dag']) retrieved from /home/airflow/.local/lib/python3.8/site-packages/airflow/example_dags/example_trigger_controller_dag.py
[2024-10-02T01:50:57.048+0000] {logging_mixin.py:151} INFO - [2024-10-02T01:50:57.047+0000] {dag.py:2915} INFO - Sync 1 DAGs
[2024-10-02T01:50:57.076+0000] {logging_mixin.py:151} INFO - [2024-10-02T01:50:57.076+0000] {dag.py:3696} INFO - Setting next_dagrun for example_trigger_controller_dag to 2021-01-01T00:00:00+00:00, run_after=2021-01-01T00:00:00+00:00
[2024-10-02T01:50:57.102+0000] {processor.py:179} INFO - Processing /home/airflow/.local/lib/python3.8/site-packages/airflow/example_dags/example_trigger_controller_dag.py took 0.117 seconds
[2024-10-02T01:51:27.360+0000] {processor.py:157} INFO - Started process (PID=329) to work on /home/airflow/.local/lib/python3.8/site-packages/airflow/example_dags/example_trigger_controller_dag.py
[2024-10-02T01:51:27.363+0000] {processor.py:829} INFO - Processing file /home/airflow/.local/lib/python3.8/site-packages/airflow/example_dags/example_trigger_controller_dag.py for tasks to queue
[2024-10-02T01:51:27.367+0000] {logging_mixin.py:151} INFO - [2024-10-02T01:51:27.367+0000] {dagbag.py:539} INFO - Filling up the DagBag from /home/airflow/.local/lib/python3.8/site-packages/airflow/example_dags/example_trigger_controller_dag.py
[2024-10-02T01:51:27.378+0000] {processor.py:839} INFO - DAG(s) dict_keys(['example_trigger_controller_dag']) retrieved from /home/airflow/.local/lib/python3.8/site-packages/airflow/example_dags/example_trigger_controller_dag.py
[2024-10-02T01:51:27.410+0000] {logging_mixin.py:151} INFO - [2024-10-02T01:51:27.410+0000] {dag.py:2915} INFO - Sync 1 DAGs
[2024-10-02T01:51:27.438+0000] {logging_mixin.py:151} INFO - [2024-10-02T01:51:27.437+0000] {dag.py:3696} INFO - Setting next_dagrun for example_trigger_controller_dag to 2021-01-01T00:00:00+00:00, run_after=2021-01-01T00:00:00+00:00
[2024-10-02T01:51:27.462+0000] {processor.py:179} INFO - Processing /home/airflow/.local/lib/python3.8/site-packages/airflow/example_dags/example_trigger_controller_dag.py took 0.107 seconds
[2024-10-02T01:51:57.636+0000] {processor.py:157} INFO - Started process (PID=377) to work on /home/airflow/.local/lib/python3.8/site-packages/airflow/example_dags/example_trigger_controller_dag.py
[2024-10-02T01:51:57.639+0000] {processor.py:829} INFO - Processing file /home/airflow/.local/lib/python3.8/site-packages/airflow/example_dags/example_trigger_controller_dag.py for tasks to queue
[2024-10-02T01:51:57.646+0000] {logging_mixin.py:151} INFO - [2024-10-02T01:51:57.645+0000] {dagbag.py:539} INFO - Filling up the DagBag from /home/airflow/.local/lib/python3.8/site-packages/airflow/example_dags/example_trigger_controller_dag.py
[2024-10-02T01:51:57.656+0000] {processor.py:839} INFO - DAG(s) dict_keys(['example_trigger_controller_dag']) retrieved from /home/airflow/.local/lib/python3.8/site-packages/airflow/example_dags/example_trigger_controller_dag.py
[2024-10-02T01:51:57.695+0000] {logging_mixin.py:151} INFO - [2024-10-02T01:51:57.694+0000] {dag.py:2915} INFO - Sync 1 DAGs
[2024-10-02T01:51:57.718+0000] {logging_mixin.py:151} INFO - [2024-10-02T01:51:57.718+0000] {dag.py:3696} INFO - Setting next_dagrun for example_trigger_controller_dag to 2021-01-01T00:00:00+00:00, run_after=2021-01-01T00:00:00+00:00
[2024-10-02T01:51:57.739+0000] {processor.py:179} INFO - Processing /home/airflow/.local/lib/python3.8/site-packages/airflow/example_dags/example_trigger_controller_dag.py took 0.107 seconds
[2024-10-02T01:52:27.938+0000] {processor.py:157} INFO - Started process (PID=425) to work on /home/airflow/.local/lib/python3.8/site-packages/airflow/example_dags/example_trigger_controller_dag.py
[2024-10-02T01:52:27.942+0000] {processor.py:829} INFO - Processing file /home/airflow/.local/lib/python3.8/site-packages/airflow/example_dags/example_trigger_controller_dag.py for tasks to queue
[2024-10-02T01:52:27.947+0000] {logging_mixin.py:151} INFO - [2024-10-02T01:52:27.947+0000] {dagbag.py:539} INFO - Filling up the DagBag from /home/airflow/.local/lib/python3.8/site-packages/airflow/example_dags/example_trigger_controller_dag.py
[2024-10-02T01:52:27.961+0000] {processor.py:839} INFO - DAG(s) dict_keys(['example_trigger_controller_dag']) retrieved from /home/airflow/.local/lib/python3.8/site-packages/airflow/example_dags/example_trigger_controller_dag.py
[2024-10-02T01:52:28.028+0000] {logging_mixin.py:151} INFO - [2024-10-02T01:52:28.028+0000] {dag.py:2915} INFO - Sync 1 DAGs
[2024-10-02T01:52:28.067+0000] {logging_mixin.py:151} INFO - [2024-10-02T01:52:28.066+0000] {dag.py:3696} INFO - Setting next_dagrun for example_trigger_controller_dag to 2021-01-01T00:00:00+00:00, run_after=2021-01-01T00:00:00+00:00
[2024-10-02T01:52:28.107+0000] {processor.py:179} INFO - Processing /home/airflow/.local/lib/python3.8/site-packages/airflow/example_dags/example_trigger_controller_dag.py took 0.174 seconds
[2024-10-02T01:52:58.771+0000] {processor.py:157} INFO - Started process (PID=473) to work on /home/airflow/.local/lib/python3.8/site-packages/airflow/example_dags/example_trigger_controller_dag.py
[2024-10-02T01:52:58.774+0000] {processor.py:829} INFO - Processing file /home/airflow/.local/lib/python3.8/site-packages/airflow/example_dags/example_trigger_controller_dag.py for tasks to queue
[2024-10-02T01:52:58.778+0000] {logging_mixin.py:151} INFO - [2024-10-02T01:52:58.778+0000] {dagbag.py:539} INFO - Filling up the DagBag from /home/airflow/.local/lib/python3.8/site-packages/airflow/example_dags/example_trigger_controller_dag.py
[2024-10-02T01:52:58.792+0000] {processor.py:839} INFO - DAG(s) dict_keys(['example_trigger_controller_dag']) retrieved from /home/airflow/.local/lib/python3.8/site-packages/airflow/example_dags/example_trigger_controller_dag.py
[2024-10-02T01:52:58.828+0000] {logging_mixin.py:151} INFO - [2024-10-02T01:52:58.828+0000] {dag.py:2915} INFO - Sync 1 DAGs
[2024-10-02T01:52:58.855+0000] {logging_mixin.py:151} INFO - [2024-10-02T01:52:58.854+0000] {dag.py:3696} INFO - Setting next_dagrun for example_trigger_controller_dag to 2021-01-01T00:00:00+00:00, run_after=2021-01-01T00:00:00+00:00
[2024-10-02T01:52:58.881+0000] {processor.py:179} INFO - Processing /home/airflow/.local/lib/python3.8/site-packages/airflow/example_dags/example_trigger_controller_dag.py took 0.114 seconds
[2024-10-02T01:53:29.057+0000] {processor.py:157} INFO - Started process (PID=521) to work on /home/airflow/.local/lib/python3.8/site-packages/airflow/example_dags/example_trigger_controller_dag.py
[2024-10-02T01:53:29.059+0000] {processor.py:829} INFO - Processing file /home/airflow/.local/lib/python3.8/site-packages/airflow/example_dags/example_trigger_controller_dag.py for tasks to queue
[2024-10-02T01:53:29.064+0000] {logging_mixin.py:151} INFO - [2024-10-02T01:53:29.064+0000] {dagbag.py:539} INFO - Filling up the DagBag from /home/airflow/.local/lib/python3.8/site-packages/airflow/example_dags/example_trigger_controller_dag.py
[2024-10-02T01:53:29.075+0000] {processor.py:839} INFO - DAG(s) dict_keys(['example_trigger_controller_dag']) retrieved from /home/airflow/.local/lib/python3.8/site-packages/airflow/example_dags/example_trigger_controller_dag.py
[2024-10-02T01:53:29.108+0000] {logging_mixin.py:151} INFO - [2024-10-02T01:53:29.107+0000] {dag.py:2915} INFO - Sync 1 DAGs
[2024-10-02T01:53:29.135+0000] {logging_mixin.py:151} INFO - [2024-10-02T01:53:29.134+0000] {dag.py:3696} INFO - Setting next_dagrun for example_trigger_controller_dag to 2021-01-01T00:00:00+00:00, run_after=2021-01-01T00:00:00+00:00
[2024-10-02T01:53:29.158+0000] {processor.py:179} INFO - Processing /home/airflow/.local/lib/python3.8/site-packages/airflow/example_dags/example_trigger_controller_dag.py took 0.105 seconds
[2024-10-02T01:53:59.749+0000] {processor.py:157} INFO - Started process (PID=569) to work on /home/airflow/.local/lib/python3.8/site-packages/airflow/example_dags/example_trigger_controller_dag.py
[2024-10-02T01:53:59.753+0000] {processor.py:829} INFO - Processing file /home/airflow/.local/lib/python3.8/site-packages/airflow/example_dags/example_trigger_controller_dag.py for tasks to queue
[2024-10-02T01:53:59.757+0000] {logging_mixin.py:151} INFO - [2024-10-02T01:53:59.756+0000] {dagbag.py:539} INFO - Filling up the DagBag from /home/airflow/.local/lib/python3.8/site-packages/airflow/example_dags/example_trigger_controller_dag.py
[2024-10-02T01:53:59.768+0000] {processor.py:839} INFO - DAG(s) dict_keys(['example_trigger_controller_dag']) retrieved from /home/airflow/.local/lib/python3.8/site-packages/airflow/example_dags/example_trigger_controller_dag.py
[2024-10-02T01:53:59.832+0000] {logging_mixin.py:151} INFO - [2024-10-02T01:53:59.832+0000] {dag.py:2915} INFO - Sync 1 DAGs
[2024-10-02T01:53:59.885+0000] {logging_mixin.py:151} INFO - [2024-10-02T01:53:59.884+0000] {dag.py:3696} INFO - Setting next_dagrun for example_trigger_controller_dag to 2021-01-01T00:00:00+00:00, run_after=2021-01-01T00:00:00+00:00
[2024-10-02T01:53:59.916+0000] {processor.py:179} INFO - Processing /home/airflow/.local/lib/python3.8/site-packages/airflow/example_dags/example_trigger_controller_dag.py took 0.171 seconds
[2024-10-02T01:57:17.562+0000] {processor.py:157} INFO - Started process (PID=602) to work on /home/airflow/.local/lib/python3.8/site-packages/airflow/example_dags/example_trigger_controller_dag.py
[2024-10-02T01:57:17.566+0000] {processor.py:829} INFO - Processing file /home/airflow/.local/lib/python3.8/site-packages/airflow/example_dags/example_trigger_controller_dag.py for tasks to queue
[2024-10-02T01:57:17.573+0000] {logging_mixin.py:151} INFO - [2024-10-02T01:57:17.572+0000] {dagbag.py:539} INFO - Filling up the DagBag from /home/airflow/.local/lib/python3.8/site-packages/airflow/example_dags/example_trigger_controller_dag.py
[2024-10-02T01:57:17.583+0000] {processor.py:839} INFO - DAG(s) dict_keys(['example_trigger_controller_dag']) retrieved from /home/airflow/.local/lib/python3.8/site-packages/airflow/example_dags/example_trigger_controller_dag.py
[2024-10-02T01:57:17.629+0000] {logging_mixin.py:151} INFO - [2024-10-02T01:57:17.629+0000] {dag.py:2915} INFO - Sync 1 DAGs
[2024-10-02T01:57:17.661+0000] {logging_mixin.py:151} INFO - [2024-10-02T01:57:17.661+0000] {dag.py:3696} INFO - Setting next_dagrun for example_trigger_controller_dag to 2021-01-01T00:00:00+00:00, run_after=2021-01-01T00:00:00+00:00
[2024-10-02T01:57:17.690+0000] {processor.py:179} INFO - Processing /home/airflow/.local/lib/python3.8/site-packages/airflow/example_dags/example_trigger_controller_dag.py took 0.132 seconds
[2024-10-02T01:57:48.317+0000] {processor.py:157} INFO - Started process (PID=650) to work on /home/airflow/.local/lib/python3.8/site-packages/airflow/example_dags/example_trigger_controller_dag.py
[2024-10-02T01:57:48.322+0000] {processor.py:829} INFO - Processing file /home/airflow/.local/lib/python3.8/site-packages/airflow/example_dags/example_trigger_controller_dag.py for tasks to queue
[2024-10-02T01:57:48.326+0000] {logging_mixin.py:151} INFO - [2024-10-02T01:57:48.325+0000] {dagbag.py:539} INFO - Filling up the DagBag from /home/airflow/.local/lib/python3.8/site-packages/airflow/example_dags/example_trigger_controller_dag.py
[2024-10-02T01:57:48.337+0000] {processor.py:839} INFO - DAG(s) dict_keys(['example_trigger_controller_dag']) retrieved from /home/airflow/.local/lib/python3.8/site-packages/airflow/example_dags/example_trigger_controller_dag.py
[2024-10-02T01:57:48.377+0000] {logging_mixin.py:151} INFO - [2024-10-02T01:57:48.377+0000] {dag.py:2915} INFO - Sync 1 DAGs
[2024-10-02T01:57:48.409+0000] {logging_mixin.py:151} INFO - [2024-10-02T01:57:48.408+0000] {dag.py:3696} INFO - Setting next_dagrun for example_trigger_controller_dag to 2021-01-01T00:00:00+00:00, run_after=2021-01-01T00:00:00+00:00
[2024-10-02T01:57:48.452+0000] {processor.py:179} INFO - Processing /home/airflow/.local/lib/python3.8/site-packages/airflow/example_dags/example_trigger_controller_dag.py took 0.139 seconds
[2024-10-02T01:58:19.188+0000] {processor.py:157} INFO - Started process (PID=698) to work on /home/airflow/.local/lib/python3.8/site-packages/airflow/example_dags/example_trigger_controller_dag.py
[2024-10-02T01:58:19.193+0000] {processor.py:829} INFO - Processing file /home/airflow/.local/lib/python3.8/site-packages/airflow/example_dags/example_trigger_controller_dag.py for tasks to queue
[2024-10-02T01:58:19.198+0000] {logging_mixin.py:151} INFO - [2024-10-02T01:58:19.198+0000] {dagbag.py:539} INFO - Filling up the DagBag from /home/airflow/.local/lib/python3.8/site-packages/airflow/example_dags/example_trigger_controller_dag.py
[2024-10-02T01:58:19.212+0000] {processor.py:839} INFO - DAG(s) dict_keys(['example_trigger_controller_dag']) retrieved from /home/airflow/.local/lib/python3.8/site-packages/airflow/example_dags/example_trigger_controller_dag.py
[2024-10-02T01:58:19.265+0000] {logging_mixin.py:151} INFO - [2024-10-02T01:58:19.265+0000] {dag.py:2915} INFO - Sync 1 DAGs
[2024-10-02T01:58:19.295+0000] {logging_mixin.py:151} INFO - [2024-10-02T01:58:19.295+0000] {dag.py:3696} INFO - Setting next_dagrun for example_trigger_controller_dag to 2021-01-01T00:00:00+00:00, run_after=2021-01-01T00:00:00+00:00
[2024-10-02T01:58:19.323+0000] {processor.py:179} INFO - Processing /home/airflow/.local/lib/python3.8/site-packages/airflow/example_dags/example_trigger_controller_dag.py took 0.141 seconds
[2024-10-02T01:58:50.035+0000] {processor.py:157} INFO - Started process (PID=746) to work on /home/airflow/.local/lib/python3.8/site-packages/airflow/example_dags/example_trigger_controller_dag.py
[2024-10-02T01:58:50.039+0000] {processor.py:829} INFO - Processing file /home/airflow/.local/lib/python3.8/site-packages/airflow/example_dags/example_trigger_controller_dag.py for tasks to queue
[2024-10-02T01:58:50.046+0000] {logging_mixin.py:151} INFO - [2024-10-02T01:58:50.045+0000] {dagbag.py:539} INFO - Filling up the DagBag from /home/airflow/.local/lib/python3.8/site-packages/airflow/example_dags/example_trigger_controller_dag.py
[2024-10-02T01:58:50.058+0000] {processor.py:839} INFO - DAG(s) dict_keys(['example_trigger_controller_dag']) retrieved from /home/airflow/.local/lib/python3.8/site-packages/airflow/example_dags/example_trigger_controller_dag.py
[2024-10-02T01:58:50.115+0000] {logging_mixin.py:151} INFO - [2024-10-02T01:58:50.115+0000] {dag.py:2915} INFO - Sync 1 DAGs
[2024-10-02T01:58:50.147+0000] {logging_mixin.py:151} INFO - [2024-10-02T01:58:50.147+0000] {dag.py:3696} INFO - Setting next_dagrun for example_trigger_controller_dag to 2021-01-01T00:00:00+00:00, run_after=2021-01-01T00:00:00+00:00
[2024-10-02T01:58:50.183+0000] {processor.py:179} INFO - Processing /home/airflow/.local/lib/python3.8/site-packages/airflow/example_dags/example_trigger_controller_dag.py took 0.153 seconds
[2024-10-02T01:59:20.860+0000] {processor.py:157} INFO - Started process (PID=794) to work on /home/airflow/.local/lib/python3.8/site-packages/airflow/example_dags/example_trigger_controller_dag.py
[2024-10-02T01:59:20.871+0000] {processor.py:829} INFO - Processing file /home/airflow/.local/lib/python3.8/site-packages/airflow/example_dags/example_trigger_controller_dag.py for tasks to queue
[2024-10-02T01:59:20.876+0000] {logging_mixin.py:151} INFO - [2024-10-02T01:59:20.876+0000] {dagbag.py:539} INFO - Filling up the DagBag from /home/airflow/.local/lib/python3.8/site-packages/airflow/example_dags/example_trigger_controller_dag.py
[2024-10-02T01:59:20.895+0000] {processor.py:839} INFO - DAG(s) dict_keys(['example_trigger_controller_dag']) retrieved from /home/airflow/.local/lib/python3.8/site-packages/airflow/example_dags/example_trigger_controller_dag.py
[2024-10-02T01:59:20.941+0000] {logging_mixin.py:151} INFO - [2024-10-02T01:59:20.940+0000] {dag.py:2915} INFO - Sync 1 DAGs
[2024-10-02T01:59:21.013+0000] {logging_mixin.py:151} INFO - [2024-10-02T01:59:21.012+0000] {dag.py:3696} INFO - Setting next_dagrun for example_trigger_controller_dag to 2021-01-01T00:00:00+00:00, run_after=2021-01-01T00:00:00+00:00
[2024-10-02T01:59:21.091+0000] {processor.py:179} INFO - Processing /home/airflow/.local/lib/python3.8/site-packages/airflow/example_dags/example_trigger_controller_dag.py took 0.237 seconds
[2024-10-02T01:59:51.826+0000] {processor.py:157} INFO - Started process (PID=842) to work on /home/airflow/.local/lib/python3.8/site-packages/airflow/example_dags/example_trigger_controller_dag.py
[2024-10-02T01:59:51.831+0000] {processor.py:829} INFO - Processing file /home/airflow/.local/lib/python3.8/site-packages/airflow/example_dags/example_trigger_controller_dag.py for tasks to queue
[2024-10-02T01:59:51.835+0000] {logging_mixin.py:151} INFO - [2024-10-02T01:59:51.834+0000] {dagbag.py:539} INFO - Filling up the DagBag from /home/airflow/.local/lib/python3.8/site-packages/airflow/example_dags/example_trigger_controller_dag.py
[2024-10-02T01:59:51.848+0000] {processor.py:839} INFO - DAG(s) dict_keys(['example_trigger_controller_dag']) retrieved from /home/airflow/.local/lib/python3.8/site-packages/airflow/example_dags/example_trigger_controller_dag.py
[2024-10-02T01:59:51.880+0000] {logging_mixin.py:151} INFO - [2024-10-02T01:59:51.880+0000] {dag.py:2915} INFO - Sync 1 DAGs
[2024-10-02T01:59:51.904+0000] {logging_mixin.py:151} INFO - [2024-10-02T01:59:51.904+0000] {dag.py:3696} INFO - Setting next_dagrun for example_trigger_controller_dag to 2021-01-01T00:00:00+00:00, run_after=2021-01-01T00:00:00+00:00
[2024-10-02T01:59:51.924+0000] {processor.py:179} INFO - Processing /home/airflow/.local/lib/python3.8/site-packages/airflow/example_dags/example_trigger_controller_dag.py took 0.103 seconds
[2024-10-02T02:00:22.808+0000] {processor.py:157} INFO - Started process (PID=890) to work on /home/airflow/.local/lib/python3.8/site-packages/airflow/example_dags/example_trigger_controller_dag.py
[2024-10-02T02:00:22.812+0000] {processor.py:829} INFO - Processing file /home/airflow/.local/lib/python3.8/site-packages/airflow/example_dags/example_trigger_controller_dag.py for tasks to queue
[2024-10-02T02:00:22.818+0000] {logging_mixin.py:151} INFO - [2024-10-02T02:00:22.817+0000] {dagbag.py:539} INFO - Filling up the DagBag from /home/airflow/.local/lib/python3.8/site-packages/airflow/example_dags/example_trigger_controller_dag.py
[2024-10-02T02:00:22.834+0000] {processor.py:839} INFO - DAG(s) dict_keys(['example_trigger_controller_dag']) retrieved from /home/airflow/.local/lib/python3.8/site-packages/airflow/example_dags/example_trigger_controller_dag.py
[2024-10-02T02:00:22.871+0000] {logging_mixin.py:151} INFO - [2024-10-02T02:00:22.870+0000] {dag.py:2915} INFO - Sync 1 DAGs
[2024-10-02T02:00:22.902+0000] {logging_mixin.py:151} INFO - [2024-10-02T02:00:22.902+0000] {dag.py:3696} INFO - Setting next_dagrun for example_trigger_controller_dag to 2021-01-01T00:00:00+00:00, run_after=2021-01-01T00:00:00+00:00
[2024-10-02T02:00:22.933+0000] {processor.py:179} INFO - Processing /home/airflow/.local/lib/python3.8/site-packages/airflow/example_dags/example_trigger_controller_dag.py took 0.144 seconds
[2024-10-02T02:00:53.190+0000] {processor.py:157} INFO - Started process (PID=938) to work on /home/airflow/.local/lib/python3.8/site-packages/airflow/example_dags/example_trigger_controller_dag.py
[2024-10-02T02:00:53.195+0000] {processor.py:829} INFO - Processing file /home/airflow/.local/lib/python3.8/site-packages/airflow/example_dags/example_trigger_controller_dag.py for tasks to queue
[2024-10-02T02:00:53.202+0000] {logging_mixin.py:151} INFO - [2024-10-02T02:00:53.201+0000] {dagbag.py:539} INFO - Filling up the DagBag from /home/airflow/.local/lib/python3.8/site-packages/airflow/example_dags/example_trigger_controller_dag.py
[2024-10-02T02:00:53.213+0000] {processor.py:839} INFO - DAG(s) dict_keys(['example_trigger_controller_dag']) retrieved from /home/airflow/.local/lib/python3.8/site-packages/airflow/example_dags/example_trigger_controller_dag.py
[2024-10-02T02:00:53.254+0000] {logging_mixin.py:151} INFO - [2024-10-02T02:00:53.253+0000] {dag.py:2915} INFO - Sync 1 DAGs
[2024-10-02T02:00:53.285+0000] {logging_mixin.py:151} INFO - [2024-10-02T02:00:53.284+0000] {dag.py:3696} INFO - Setting next_dagrun for example_trigger_controller_dag to 2021-01-01T00:00:00+00:00, run_after=2021-01-01T00:00:00+00:00
[2024-10-02T02:00:53.313+0000] {processor.py:179} INFO - Processing /home/airflow/.local/lib/python3.8/site-packages/airflow/example_dags/example_trigger_controller_dag.py took 0.128 seconds
[2024-10-02T02:01:23.737+0000] {processor.py:157} INFO - Started process (PID=986) to work on /home/airflow/.local/lib/python3.8/site-packages/airflow/example_dags/example_trigger_controller_dag.py
[2024-10-02T02:01:23.741+0000] {processor.py:829} INFO - Processing file /home/airflow/.local/lib/python3.8/site-packages/airflow/example_dags/example_trigger_controller_dag.py for tasks to queue
[2024-10-02T02:01:23.748+0000] {logging_mixin.py:151} INFO - [2024-10-02T02:01:23.747+0000] {dagbag.py:539} INFO - Filling up the DagBag from /home/airflow/.local/lib/python3.8/site-packages/airflow/example_dags/example_trigger_controller_dag.py
[2024-10-02T02:01:23.760+0000] {processor.py:839} INFO - DAG(s) dict_keys(['example_trigger_controller_dag']) retrieved from /home/airflow/.local/lib/python3.8/site-packages/airflow/example_dags/example_trigger_controller_dag.py
[2024-10-02T02:01:23.797+0000] {logging_mixin.py:151} INFO - [2024-10-02T02:01:23.797+0000] {dag.py:2915} INFO - Sync 1 DAGs
[2024-10-02T02:01:23.826+0000] {logging_mixin.py:151} INFO - [2024-10-02T02:01:23.826+0000] {dag.py:3696} INFO - Setting next_dagrun for example_trigger_controller_dag to 2021-01-01T00:00:00+00:00, run_after=2021-01-01T00:00:00+00:00
[2024-10-02T02:01:23.853+0000] {processor.py:179} INFO - Processing /home/airflow/.local/lib/python3.8/site-packages/airflow/example_dags/example_trigger_controller_dag.py took 0.124 seconds
[2024-10-02T02:03:16.389+0000] {processor.py:157} INFO - Started process (PID=41) to work on /home/airflow/.local/lib/python3.8/site-packages/airflow/example_dags/example_trigger_controller_dag.py
[2024-10-02T02:03:16.396+0000] {processor.py:829} INFO - Processing file /home/airflow/.local/lib/python3.8/site-packages/airflow/example_dags/example_trigger_controller_dag.py for tasks to queue
[2024-10-02T02:03:16.413+0000] {logging_mixin.py:151} INFO - [2024-10-02T02:03:16.412+0000] {dagbag.py:539} INFO - Filling up the DagBag from /home/airflow/.local/lib/python3.8/site-packages/airflow/example_dags/example_trigger_controller_dag.py
[2024-10-02T02:03:16.508+0000] {processor.py:839} INFO - DAG(s) dict_keys(['example_trigger_controller_dag']) retrieved from /home/airflow/.local/lib/python3.8/site-packages/airflow/example_dags/example_trigger_controller_dag.py
[2024-10-02T02:03:16.895+0000] {logging_mixin.py:151} INFO - [2024-10-02T02:03:16.894+0000] {manager.py:499} INFO - Created Permission View: %s
[2024-10-02T02:03:16.953+0000] {logging_mixin.py:151} INFO - [2024-10-02T02:03:16.953+0000] {manager.py:499} INFO - Created Permission View: %s
[2024-10-02T02:03:16.975+0000] {logging_mixin.py:151} INFO - [2024-10-02T02:03:16.975+0000] {manager.py:499} INFO - Created Permission View: %s
[2024-10-02T02:03:16.979+0000] {logging_mixin.py:151} INFO - [2024-10-02T02:03:16.978+0000] {security.py:708} INFO - Not syncing DAG-level permissions for DAG 'DAG:example_trigger_controller_dag' as access control is unset.
[2024-10-02T02:03:16.984+0000] {logging_mixin.py:151} INFO - [2024-10-02T02:03:16.984+0000] {dag.py:2915} INFO - Sync 1 DAGs
[2024-10-02T02:03:17.014+0000] {logging_mixin.py:151} INFO - [2024-10-02T02:03:17.014+0000] {dag.py:2937} INFO - Creating ORM DAG for example_trigger_controller_dag
[2024-10-02T02:03:17.031+0000] {logging_mixin.py:151} INFO - [2024-10-02T02:03:17.030+0000] {dag.py:3696} INFO - Setting next_dagrun for example_trigger_controller_dag to 2021-01-01T00:00:00+00:00, run_after=2021-01-01T00:00:00+00:00
[2024-10-02T02:03:17.070+0000] {processor.py:179} INFO - Processing /home/airflow/.local/lib/python3.8/site-packages/airflow/example_dags/example_trigger_controller_dag.py took 0.695 seconds
[2024-10-02T02:06:13.044+0000] {processor.py:157} INFO - Started process (PID=41) to work on /home/airflow/.local/lib/python3.8/site-packages/airflow/example_dags/example_trigger_controller_dag.py
[2024-10-02T02:06:13.062+0000] {processor.py:829} INFO - Processing file /home/airflow/.local/lib/python3.8/site-packages/airflow/example_dags/example_trigger_controller_dag.py for tasks to queue
[2024-10-02T02:06:13.168+0000] {logging_mixin.py:151} INFO - [2024-10-02T02:06:13.167+0000] {dagbag.py:539} INFO - Filling up the DagBag from /home/airflow/.local/lib/python3.8/site-packages/airflow/example_dags/example_trigger_controller_dag.py
[2024-10-02T02:06:13.214+0000] {processor.py:839} INFO - DAG(s) dict_keys(['example_trigger_controller_dag']) retrieved from /home/airflow/.local/lib/python3.8/site-packages/airflow/example_dags/example_trigger_controller_dag.py
[2024-10-02T02:06:14.531+0000] {logging_mixin.py:151} INFO - [2024-10-02T02:06:14.531+0000] {manager.py:499} INFO - Created Permission View: %s
[2024-10-02T02:06:14.803+0000] {logging_mixin.py:151} INFO - [2024-10-02T02:06:14.803+0000] {manager.py:499} INFO - Created Permission View: %s
[2024-10-02T02:06:14.891+0000] {logging_mixin.py:151} INFO - [2024-10-02T02:06:14.890+0000] {manager.py:499} INFO - Created Permission View: %s
[2024-10-02T02:06:14.917+0000] {logging_mixin.py:151} INFO - [2024-10-02T02:06:14.916+0000] {security.py:708} INFO - Not syncing DAG-level permissions for DAG 'DAG:example_trigger_controller_dag' as access control is unset.
[2024-10-02T02:06:14.942+0000] {logging_mixin.py:151} INFO - [2024-10-02T02:06:14.940+0000] {dag.py:2915} INFO - Sync 1 DAGs
[2024-10-02T02:06:15.035+0000] {logging_mixin.py:151} INFO - [2024-10-02T02:06:15.035+0000] {dag.py:2937} INFO - Creating ORM DAG for example_trigger_controller_dag
[2024-10-02T02:06:15.084+0000] {logging_mixin.py:151} INFO - [2024-10-02T02:06:15.083+0000] {dag.py:3696} INFO - Setting next_dagrun for example_trigger_controller_dag to 2021-01-01T00:00:00+00:00, run_after=2021-01-01T00:00:00+00:00
[2024-10-02T02:06:15.154+0000] {processor.py:179} INFO - Processing /home/airflow/.local/lib/python3.8/site-packages/airflow/example_dags/example_trigger_controller_dag.py took 2.113 seconds
[2024-10-02T02:06:45.273+0000] {processor.py:157} INFO - Started process (PID=89) to work on /home/airflow/.local/lib/python3.8/site-packages/airflow/example_dags/example_trigger_controller_dag.py
[2024-10-02T02:06:45.275+0000] {processor.py:829} INFO - Processing file /home/airflow/.local/lib/python3.8/site-packages/airflow/example_dags/example_trigger_controller_dag.py for tasks to queue
[2024-10-02T02:06:45.278+0000] {logging_mixin.py:151} INFO - [2024-10-02T02:06:45.278+0000] {dagbag.py:539} INFO - Filling up the DagBag from /home/airflow/.local/lib/python3.8/site-packages/airflow/example_dags/example_trigger_controller_dag.py
[2024-10-02T02:06:45.288+0000] {processor.py:839} INFO - DAG(s) dict_keys(['example_trigger_controller_dag']) retrieved from /home/airflow/.local/lib/python3.8/site-packages/airflow/example_dags/example_trigger_controller_dag.py
[2024-10-02T02:06:45.318+0000] {logging_mixin.py:151} INFO - [2024-10-02T02:06:45.318+0000] {dag.py:2915} INFO - Sync 1 DAGs
[2024-10-02T02:06:45.347+0000] {logging_mixin.py:151} INFO - [2024-10-02T02:06:45.347+0000] {dag.py:3696} INFO - Setting next_dagrun for example_trigger_controller_dag to 2021-01-01T00:00:00+00:00, run_after=2021-01-01T00:00:00+00:00
[2024-10-02T02:06:45.370+0000] {processor.py:179} INFO - Processing /home/airflow/.local/lib/python3.8/site-packages/airflow/example_dags/example_trigger_controller_dag.py took 0.101 seconds
[2024-10-02T02:07:15.858+0000] {processor.py:157} INFO - Started process (PID=137) to work on /home/airflow/.local/lib/python3.8/site-packages/airflow/example_dags/example_trigger_controller_dag.py
[2024-10-02T02:07:15.872+0000] {processor.py:829} INFO - Processing file /home/airflow/.local/lib/python3.8/site-packages/airflow/example_dags/example_trigger_controller_dag.py for tasks to queue
[2024-10-02T02:07:15.878+0000] {logging_mixin.py:151} INFO - [2024-10-02T02:07:15.877+0000] {dagbag.py:539} INFO - Filling up the DagBag from /home/airflow/.local/lib/python3.8/site-packages/airflow/example_dags/example_trigger_controller_dag.py
[2024-10-02T02:07:15.898+0000] {processor.py:839} INFO - DAG(s) dict_keys(['example_trigger_controller_dag']) retrieved from /home/airflow/.local/lib/python3.8/site-packages/airflow/example_dags/example_trigger_controller_dag.py
[2024-10-02T02:07:15.945+0000] {logging_mixin.py:151} INFO - [2024-10-02T02:07:15.945+0000] {dag.py:2915} INFO - Sync 1 DAGs
[2024-10-02T02:07:15.976+0000] {logging_mixin.py:151} INFO - [2024-10-02T02:07:15.975+0000] {dag.py:3696} INFO - Setting next_dagrun for example_trigger_controller_dag to 2021-01-01T00:00:00+00:00, run_after=2021-01-01T00:00:00+00:00
[2024-10-02T02:07:16.022+0000] {processor.py:179} INFO - Processing /home/airflow/.local/lib/python3.8/site-packages/airflow/example_dags/example_trigger_controller_dag.py took 0.169 seconds
[2024-10-02T02:07:46.090+0000] {processor.py:157} INFO - Started process (PID=185) to work on /home/airflow/.local/lib/python3.8/site-packages/airflow/example_dags/example_trigger_controller_dag.py
[2024-10-02T02:07:46.095+0000] {processor.py:829} INFO - Processing file /home/airflow/.local/lib/python3.8/site-packages/airflow/example_dags/example_trigger_controller_dag.py for tasks to queue
[2024-10-02T02:07:46.103+0000] {logging_mixin.py:151} INFO - [2024-10-02T02:07:46.101+0000] {dagbag.py:539} INFO - Filling up the DagBag from /home/airflow/.local/lib/python3.8/site-packages/airflow/example_dags/example_trigger_controller_dag.py
[2024-10-02T02:07:46.114+0000] {processor.py:839} INFO - DAG(s) dict_keys(['example_trigger_controller_dag']) retrieved from /home/airflow/.local/lib/python3.8/site-packages/airflow/example_dags/example_trigger_controller_dag.py
[2024-10-02T02:07:46.155+0000] {logging_mixin.py:151} INFO - [2024-10-02T02:07:46.155+0000] {dag.py:2915} INFO - Sync 1 DAGs
[2024-10-02T02:07:46.188+0000] {logging_mixin.py:151} INFO - [2024-10-02T02:07:46.187+0000] {dag.py:3696} INFO - Setting next_dagrun for example_trigger_controller_dag to 2021-01-01T00:00:00+00:00, run_after=2021-01-01T00:00:00+00:00
[2024-10-02T02:07:46.226+0000] {processor.py:179} INFO - Processing /home/airflow/.local/lib/python3.8/site-packages/airflow/example_dags/example_trigger_controller_dag.py took 0.141 seconds
[2024-10-02T02:08:16.801+0000] {processor.py:157} INFO - Started process (PID=233) to work on /home/airflow/.local/lib/python3.8/site-packages/airflow/example_dags/example_trigger_controller_dag.py
[2024-10-02T02:08:16.818+0000] {processor.py:829} INFO - Processing file /home/airflow/.local/lib/python3.8/site-packages/airflow/example_dags/example_trigger_controller_dag.py for tasks to queue
[2024-10-02T02:08:16.829+0000] {logging_mixin.py:151} INFO - [2024-10-02T02:08:16.828+0000] {dagbag.py:539} INFO - Filling up the DagBag from /home/airflow/.local/lib/python3.8/site-packages/airflow/example_dags/example_trigger_controller_dag.py
[2024-10-02T02:08:16.878+0000] {processor.py:839} INFO - DAG(s) dict_keys(['example_trigger_controller_dag']) retrieved from /home/airflow/.local/lib/python3.8/site-packages/airflow/example_dags/example_trigger_controller_dag.py
[2024-10-02T02:08:16.988+0000] {logging_mixin.py:151} INFO - [2024-10-02T02:08:16.988+0000] {dag.py:2915} INFO - Sync 1 DAGs
[2024-10-02T02:08:17.024+0000] {logging_mixin.py:151} INFO - [2024-10-02T02:08:17.024+0000] {dag.py:3696} INFO - Setting next_dagrun for example_trigger_controller_dag to 2021-01-01T00:00:00+00:00, run_after=2021-01-01T00:00:00+00:00
[2024-10-02T02:08:17.061+0000] {processor.py:179} INFO - Processing /home/airflow/.local/lib/python3.8/site-packages/airflow/example_dags/example_trigger_controller_dag.py took 0.265 seconds
[2024-10-02T02:08:47.415+0000] {processor.py:157} INFO - Started process (PID=281) to work on /home/airflow/.local/lib/python3.8/site-packages/airflow/example_dags/example_trigger_controller_dag.py
[2024-10-02T02:08:47.418+0000] {processor.py:829} INFO - Processing file /home/airflow/.local/lib/python3.8/site-packages/airflow/example_dags/example_trigger_controller_dag.py for tasks to queue
[2024-10-02T02:08:47.422+0000] {logging_mixin.py:151} INFO - [2024-10-02T02:08:47.421+0000] {dagbag.py:539} INFO - Filling up the DagBag from /home/airflow/.local/lib/python3.8/site-packages/airflow/example_dags/example_trigger_controller_dag.py
[2024-10-02T02:08:47.431+0000] {processor.py:839} INFO - DAG(s) dict_keys(['example_trigger_controller_dag']) retrieved from /home/airflow/.local/lib/python3.8/site-packages/airflow/example_dags/example_trigger_controller_dag.py
[2024-10-02T02:08:47.460+0000] {logging_mixin.py:151} INFO - [2024-10-02T02:08:47.459+0000] {dag.py:2915} INFO - Sync 1 DAGs
[2024-10-02T02:08:47.498+0000] {logging_mixin.py:151} INFO - [2024-10-02T02:08:47.497+0000] {dag.py:3696} INFO - Setting next_dagrun for example_trigger_controller_dag to 2021-01-01T00:00:00+00:00, run_after=2021-01-01T00:00:00+00:00
[2024-10-02T02:08:47.521+0000] {processor.py:179} INFO - Processing /home/airflow/.local/lib/python3.8/site-packages/airflow/example_dags/example_trigger_controller_dag.py took 0.110 seconds
[2024-10-02T02:09:18.115+0000] {processor.py:157} INFO - Started process (PID=329) to work on /home/airflow/.local/lib/python3.8/site-packages/airflow/example_dags/example_trigger_controller_dag.py
[2024-10-02T02:09:18.119+0000] {processor.py:829} INFO - Processing file /home/airflow/.local/lib/python3.8/site-packages/airflow/example_dags/example_trigger_controller_dag.py for tasks to queue
[2024-10-02T02:09:18.123+0000] {logging_mixin.py:151} INFO - [2024-10-02T02:09:18.122+0000] {dagbag.py:539} INFO - Filling up the DagBag from /home/airflow/.local/lib/python3.8/site-packages/airflow/example_dags/example_trigger_controller_dag.py
[2024-10-02T02:09:18.132+0000] {processor.py:839} INFO - DAG(s) dict_keys(['example_trigger_controller_dag']) retrieved from /home/airflow/.local/lib/python3.8/site-packages/airflow/example_dags/example_trigger_controller_dag.py
[2024-10-02T02:09:18.165+0000] {logging_mixin.py:151} INFO - [2024-10-02T02:09:18.164+0000] {dag.py:2915} INFO - Sync 1 DAGs
[2024-10-02T02:09:18.188+0000] {logging_mixin.py:151} INFO - [2024-10-02T02:09:18.187+0000] {dag.py:3696} INFO - Setting next_dagrun for example_trigger_controller_dag to 2021-01-01T00:00:00+00:00, run_after=2021-01-01T00:00:00+00:00
[2024-10-02T02:09:18.226+0000] {processor.py:179} INFO - Processing /home/airflow/.local/lib/python3.8/site-packages/airflow/example_dags/example_trigger_controller_dag.py took 0.114 seconds
[2024-10-02T02:09:48.371+0000] {processor.py:157} INFO - Started process (PID=377) to work on /home/airflow/.local/lib/python3.8/site-packages/airflow/example_dags/example_trigger_controller_dag.py
[2024-10-02T02:09:48.376+0000] {processor.py:829} INFO - Processing file /home/airflow/.local/lib/python3.8/site-packages/airflow/example_dags/example_trigger_controller_dag.py for tasks to queue
[2024-10-02T02:09:48.382+0000] {logging_mixin.py:151} INFO - [2024-10-02T02:09:48.381+0000] {dagbag.py:539} INFO - Filling up the DagBag from /home/airflow/.local/lib/python3.8/site-packages/airflow/example_dags/example_trigger_controller_dag.py
[2024-10-02T02:09:48.394+0000] {processor.py:839} INFO - DAG(s) dict_keys(['example_trigger_controller_dag']) retrieved from /home/airflow/.local/lib/python3.8/site-packages/airflow/example_dags/example_trigger_controller_dag.py
[2024-10-02T02:09:48.456+0000] {logging_mixin.py:151} INFO - [2024-10-02T02:09:48.456+0000] {dag.py:2915} INFO - Sync 1 DAGs
[2024-10-02T02:09:48.501+0000] {logging_mixin.py:151} INFO - [2024-10-02T02:09:48.501+0000] {dag.py:3696} INFO - Setting next_dagrun for example_trigger_controller_dag to 2021-01-01T00:00:00+00:00, run_after=2021-01-01T00:00:00+00:00
[2024-10-02T02:09:48.532+0000] {processor.py:179} INFO - Processing /home/airflow/.local/lib/python3.8/site-packages/airflow/example_dags/example_trigger_controller_dag.py took 0.168 seconds
[2024-10-02T02:10:18.793+0000] {processor.py:157} INFO - Started process (PID=425) to work on /home/airflow/.local/lib/python3.8/site-packages/airflow/example_dags/example_trigger_controller_dag.py
[2024-10-02T02:10:18.797+0000] {processor.py:829} INFO - Processing file /home/airflow/.local/lib/python3.8/site-packages/airflow/example_dags/example_trigger_controller_dag.py for tasks to queue
[2024-10-02T02:10:18.814+0000] {logging_mixin.py:151} INFO - [2024-10-02T02:10:18.811+0000] {dagbag.py:539} INFO - Filling up the DagBag from /home/airflow/.local/lib/python3.8/site-packages/airflow/example_dags/example_trigger_controller_dag.py
[2024-10-02T02:10:18.834+0000] {processor.py:839} INFO - DAG(s) dict_keys(['example_trigger_controller_dag']) retrieved from /home/airflow/.local/lib/python3.8/site-packages/airflow/example_dags/example_trigger_controller_dag.py
[2024-10-02T02:10:18.879+0000] {logging_mixin.py:151} INFO - [2024-10-02T02:10:18.878+0000] {dag.py:2915} INFO - Sync 1 DAGs
[2024-10-02T02:10:18.910+0000] {logging_mixin.py:151} INFO - [2024-10-02T02:10:18.910+0000] {dag.py:3696} INFO - Setting next_dagrun for example_trigger_controller_dag to 2021-01-01T00:00:00+00:00, run_after=2021-01-01T00:00:00+00:00
[2024-10-02T02:10:18.936+0000] {processor.py:179} INFO - Processing /home/airflow/.local/lib/python3.8/site-packages/airflow/example_dags/example_trigger_controller_dag.py took 0.151 seconds
