[2024-10-02T01:32:17.255+0000] {processor.py:157} INFO - Started process (PID=65) to work on /home/airflow/.local/lib/python3.8/site-packages/airflow/example_dags/example_sla_dag.py
[2024-10-02T01:32:17.258+0000] {processor.py:829} INFO - Processing file /home/airflow/.local/lib/python3.8/site-packages/airflow/example_dags/example_sla_dag.py for tasks to queue
[2024-10-02T01:32:17.263+0000] {logging_mixin.py:151} INFO - [2024-10-02T01:32:17.263+0000] {dagbag.py:539} INFO - Filling up the DagBag from /home/airflow/.local/lib/python3.8/site-packages/airflow/example_dags/example_sla_dag.py
[2024-10-02T01:32:17.280+0000] {processor.py:839} INFO - DAG(s) dict_keys(['example_sla_dag']) retrieved from /home/airflow/.local/lib/python3.8/site-packages/airflow/example_dags/example_sla_dag.py
[2024-10-02T01:32:17.415+0000] {logging_mixin.py:151} INFO - [2024-10-02T01:32:17.414+0000] {manager.py:499} INFO - Created Permission View: %s
[2024-10-02T01:32:17.429+0000] {logging_mixin.py:151} INFO - [2024-10-02T01:32:17.429+0000] {manager.py:499} INFO - Created Permission View: %s
[2024-10-02T01:32:17.440+0000] {logging_mixin.py:151} INFO - [2024-10-02T01:32:17.439+0000] {manager.py:499} INFO - Created Permission View: %s
[2024-10-02T01:32:17.440+0000] {logging_mixin.py:151} INFO - [2024-10-02T01:32:17.440+0000] {security.py:708} INFO - Not syncing DAG-level permissions for DAG 'DAG:example_sla_dag' as access control is unset.
[2024-10-02T01:32:17.441+0000] {logging_mixin.py:151} INFO - [2024-10-02T01:32:17.441+0000] {dag.py:2915} INFO - Sync 1 DAGs
[2024-10-02T01:32:17.451+0000] {logging_mixin.py:151} INFO - [2024-10-02T01:32:17.451+0000] {dag.py:2937} INFO - Creating ORM DAG for example_sla_dag
[2024-10-02T01:32:17.473+0000] {logging_mixin.py:151} INFO - [2024-10-02T01:32:17.473+0000] {dag.py:3696} INFO - Setting next_dagrun for example_sla_dag to 2024-10-02T01:30:00+00:00, run_after=2024-10-02T01:32:00+00:00
[2024-10-02T01:32:17.495+0000] {processor.py:179} INFO - Processing /home/airflow/.local/lib/python3.8/site-packages/airflow/example_dags/example_sla_dag.py took 0.244 seconds
[2024-10-02T01:32:47.568+0000] {processor.py:157} INFO - Started process (PID=113) to work on /home/airflow/.local/lib/python3.8/site-packages/airflow/example_dags/example_sla_dag.py
[2024-10-02T01:32:47.569+0000] {processor.py:829} INFO - Processing file /home/airflow/.local/lib/python3.8/site-packages/airflow/example_dags/example_sla_dag.py for tasks to queue
[2024-10-02T01:32:47.572+0000] {logging_mixin.py:151} INFO - [2024-10-02T01:32:47.572+0000] {dagbag.py:539} INFO - Filling up the DagBag from /home/airflow/.local/lib/python3.8/site-packages/airflow/example_dags/example_sla_dag.py
[2024-10-02T01:32:47.586+0000] {processor.py:839} INFO - DAG(s) dict_keys(['example_sla_dag']) retrieved from /home/airflow/.local/lib/python3.8/site-packages/airflow/example_dags/example_sla_dag.py
[2024-10-02T01:32:47.616+0000] {logging_mixin.py:151} INFO - [2024-10-02T01:32:47.616+0000] {dag.py:2915} INFO - Sync 1 DAGs
[2024-10-02T01:32:47.653+0000] {logging_mixin.py:151} INFO - [2024-10-02T01:32:47.652+0000] {dag.py:3696} INFO - Setting next_dagrun for example_sla_dag to 2024-10-02T01:30:00+00:00, run_after=2024-10-02T01:32:00+00:00
[2024-10-02T01:32:47.672+0000] {processor.py:179} INFO - Processing /home/airflow/.local/lib/python3.8/site-packages/airflow/example_dags/example_sla_dag.py took 0.109 seconds
[2024-10-02T01:33:18.263+0000] {processor.py:157} INFO - Started process (PID=161) to work on /home/airflow/.local/lib/python3.8/site-packages/airflow/example_dags/example_sla_dag.py
[2024-10-02T01:33:18.266+0000] {processor.py:829} INFO - Processing file /home/airflow/.local/lib/python3.8/site-packages/airflow/example_dags/example_sla_dag.py for tasks to queue
[2024-10-02T01:33:18.270+0000] {logging_mixin.py:151} INFO - [2024-10-02T01:33:18.269+0000] {dagbag.py:539} INFO - Filling up the DagBag from /home/airflow/.local/lib/python3.8/site-packages/airflow/example_dags/example_sla_dag.py
[2024-10-02T01:33:18.284+0000] {processor.py:839} INFO - DAG(s) dict_keys(['example_sla_dag']) retrieved from /home/airflow/.local/lib/python3.8/site-packages/airflow/example_dags/example_sla_dag.py
[2024-10-02T01:33:18.312+0000] {logging_mixin.py:151} INFO - [2024-10-02T01:33:18.312+0000] {dag.py:2915} INFO - Sync 1 DAGs
[2024-10-02T01:33:18.341+0000] {logging_mixin.py:151} INFO - [2024-10-02T01:33:18.341+0000] {dag.py:3696} INFO - Setting next_dagrun for example_sla_dag to 2024-10-02T01:30:00+00:00, run_after=2024-10-02T01:32:00+00:00
[2024-10-02T01:33:18.365+0000] {processor.py:179} INFO - Processing /home/airflow/.local/lib/python3.8/site-packages/airflow/example_dags/example_sla_dag.py took 0.106 seconds
[2024-10-02T01:33:48.889+0000] {processor.py:157} INFO - Started process (PID=209) to work on /home/airflow/.local/lib/python3.8/site-packages/airflow/example_dags/example_sla_dag.py
[2024-10-02T01:33:48.892+0000] {processor.py:829} INFO - Processing file /home/airflow/.local/lib/python3.8/site-packages/airflow/example_dags/example_sla_dag.py for tasks to queue
[2024-10-02T01:33:48.897+0000] {logging_mixin.py:151} INFO - [2024-10-02T01:33:48.896+0000] {dagbag.py:539} INFO - Filling up the DagBag from /home/airflow/.local/lib/python3.8/site-packages/airflow/example_dags/example_sla_dag.py
[2024-10-02T01:33:48.914+0000] {processor.py:839} INFO - DAG(s) dict_keys(['example_sla_dag']) retrieved from /home/airflow/.local/lib/python3.8/site-packages/airflow/example_dags/example_sla_dag.py
[2024-10-02T01:33:48.950+0000] {logging_mixin.py:151} INFO - [2024-10-02T01:33:48.949+0000] {dag.py:2915} INFO - Sync 1 DAGs
[2024-10-02T01:33:48.998+0000] {logging_mixin.py:151} INFO - [2024-10-02T01:33:48.998+0000] {dag.py:3696} INFO - Setting next_dagrun for example_sla_dag to 2024-10-02T01:30:00+00:00, run_after=2024-10-02T01:32:00+00:00
[2024-10-02T01:33:49.031+0000] {processor.py:179} INFO - Processing /home/airflow/.local/lib/python3.8/site-packages/airflow/example_dags/example_sla_dag.py took 0.147 seconds
[2024-10-02T01:34:19.860+0000] {processor.py:157} INFO - Started process (PID=257) to work on /home/airflow/.local/lib/python3.8/site-packages/airflow/example_dags/example_sla_dag.py
[2024-10-02T01:34:19.863+0000] {processor.py:829} INFO - Processing file /home/airflow/.local/lib/python3.8/site-packages/airflow/example_dags/example_sla_dag.py for tasks to queue
[2024-10-02T01:34:19.872+0000] {logging_mixin.py:151} INFO - [2024-10-02T01:34:19.870+0000] {dagbag.py:539} INFO - Filling up the DagBag from /home/airflow/.local/lib/python3.8/site-packages/airflow/example_dags/example_sla_dag.py
[2024-10-02T01:34:19.888+0000] {processor.py:839} INFO - DAG(s) dict_keys(['example_sla_dag']) retrieved from /home/airflow/.local/lib/python3.8/site-packages/airflow/example_dags/example_sla_dag.py
[2024-10-02T01:34:19.919+0000] {logging_mixin.py:151} INFO - [2024-10-02T01:34:19.919+0000] {dag.py:2915} INFO - Sync 1 DAGs
[2024-10-02T01:34:19.950+0000] {logging_mixin.py:151} INFO - [2024-10-02T01:34:19.950+0000] {dag.py:3696} INFO - Setting next_dagrun for example_sla_dag to 2024-10-02T01:32:00+00:00, run_after=2024-10-02T01:34:00+00:00
[2024-10-02T01:34:19.981+0000] {processor.py:179} INFO - Processing /home/airflow/.local/lib/python3.8/site-packages/airflow/example_dags/example_sla_dag.py took 0.128 seconds
[2024-10-02T01:34:50.363+0000] {processor.py:157} INFO - Started process (PID=305) to work on /home/airflow/.local/lib/python3.8/site-packages/airflow/example_dags/example_sla_dag.py
[2024-10-02T01:34:50.366+0000] {processor.py:829} INFO - Processing file /home/airflow/.local/lib/python3.8/site-packages/airflow/example_dags/example_sla_dag.py for tasks to queue
[2024-10-02T01:34:50.371+0000] {logging_mixin.py:151} INFO - [2024-10-02T01:34:50.370+0000] {dagbag.py:539} INFO - Filling up the DagBag from /home/airflow/.local/lib/python3.8/site-packages/airflow/example_dags/example_sla_dag.py
[2024-10-02T01:34:50.395+0000] {processor.py:839} INFO - DAG(s) dict_keys(['example_sla_dag']) retrieved from /home/airflow/.local/lib/python3.8/site-packages/airflow/example_dags/example_sla_dag.py
[2024-10-02T01:34:50.442+0000] {logging_mixin.py:151} INFO - [2024-10-02T01:34:50.441+0000] {dag.py:2915} INFO - Sync 1 DAGs
[2024-10-02T01:34:50.487+0000] {logging_mixin.py:151} INFO - [2024-10-02T01:34:50.486+0000] {dag.py:3696} INFO - Setting next_dagrun for example_sla_dag to 2024-10-02T01:32:00+00:00, run_after=2024-10-02T01:34:00+00:00
[2024-10-02T01:34:50.521+0000] {processor.py:179} INFO - Processing /home/airflow/.local/lib/python3.8/site-packages/airflow/example_dags/example_sla_dag.py took 0.163 seconds
[2024-10-02T01:35:20.787+0000] {processor.py:157} INFO - Started process (PID=353) to work on /home/airflow/.local/lib/python3.8/site-packages/airflow/example_dags/example_sla_dag.py
[2024-10-02T01:35:20.790+0000] {processor.py:829} INFO - Processing file /home/airflow/.local/lib/python3.8/site-packages/airflow/example_dags/example_sla_dag.py for tasks to queue
[2024-10-02T01:35:20.794+0000] {logging_mixin.py:151} INFO - [2024-10-02T01:35:20.794+0000] {dagbag.py:539} INFO - Filling up the DagBag from /home/airflow/.local/lib/python3.8/site-packages/airflow/example_dags/example_sla_dag.py
[2024-10-02T01:35:20.811+0000] {processor.py:839} INFO - DAG(s) dict_keys(['example_sla_dag']) retrieved from /home/airflow/.local/lib/python3.8/site-packages/airflow/example_dags/example_sla_dag.py
[2024-10-02T01:35:20.853+0000] {logging_mixin.py:151} INFO - [2024-10-02T01:35:20.853+0000] {dag.py:2915} INFO - Sync 1 DAGs
[2024-10-02T01:35:20.887+0000] {logging_mixin.py:151} INFO - [2024-10-02T01:35:20.886+0000] {dag.py:3696} INFO - Setting next_dagrun for example_sla_dag to 2024-10-02T01:32:00+00:00, run_after=2024-10-02T01:34:00+00:00
[2024-10-02T01:35:20.912+0000] {processor.py:179} INFO - Processing /home/airflow/.local/lib/python3.8/site-packages/airflow/example_dags/example_sla_dag.py took 0.130 seconds
[2024-10-02T01:35:51.766+0000] {processor.py:157} INFO - Started process (PID=401) to work on /home/airflow/.local/lib/python3.8/site-packages/airflow/example_dags/example_sla_dag.py
[2024-10-02T01:35:51.770+0000] {processor.py:829} INFO - Processing file /home/airflow/.local/lib/python3.8/site-packages/airflow/example_dags/example_sla_dag.py for tasks to queue
[2024-10-02T01:35:51.776+0000] {logging_mixin.py:151} INFO - [2024-10-02T01:35:51.775+0000] {dagbag.py:539} INFO - Filling up the DagBag from /home/airflow/.local/lib/python3.8/site-packages/airflow/example_dags/example_sla_dag.py
[2024-10-02T01:35:51.796+0000] {processor.py:839} INFO - DAG(s) dict_keys(['example_sla_dag']) retrieved from /home/airflow/.local/lib/python3.8/site-packages/airflow/example_dags/example_sla_dag.py
[2024-10-02T01:35:51.839+0000] {logging_mixin.py:151} INFO - [2024-10-02T01:35:51.838+0000] {dag.py:2915} INFO - Sync 1 DAGs
[2024-10-02T01:35:51.889+0000] {logging_mixin.py:151} INFO - [2024-10-02T01:35:51.888+0000] {dag.py:3696} INFO - Setting next_dagrun for example_sla_dag to 2024-10-02T01:32:00+00:00, run_after=2024-10-02T01:34:00+00:00
[2024-10-02T01:35:51.921+0000] {processor.py:179} INFO - Processing /home/airflow/.local/lib/python3.8/site-packages/airflow/example_dags/example_sla_dag.py took 0.160 seconds
[2024-10-02T01:36:22.653+0000] {processor.py:157} INFO - Started process (PID=449) to work on /home/airflow/.local/lib/python3.8/site-packages/airflow/example_dags/example_sla_dag.py
[2024-10-02T01:36:22.656+0000] {processor.py:829} INFO - Processing file /home/airflow/.local/lib/python3.8/site-packages/airflow/example_dags/example_sla_dag.py for tasks to queue
[2024-10-02T01:36:22.663+0000] {logging_mixin.py:151} INFO - [2024-10-02T01:36:22.662+0000] {dagbag.py:539} INFO - Filling up the DagBag from /home/airflow/.local/lib/python3.8/site-packages/airflow/example_dags/example_sla_dag.py
[2024-10-02T01:36:22.684+0000] {processor.py:839} INFO - DAG(s) dict_keys(['example_sla_dag']) retrieved from /home/airflow/.local/lib/python3.8/site-packages/airflow/example_dags/example_sla_dag.py
[2024-10-02T01:36:22.722+0000] {logging_mixin.py:151} INFO - [2024-10-02T01:36:22.722+0000] {dag.py:2915} INFO - Sync 1 DAGs
[2024-10-02T01:36:22.756+0000] {logging_mixin.py:151} INFO - [2024-10-02T01:36:22.756+0000] {dag.py:3696} INFO - Setting next_dagrun for example_sla_dag to 2024-10-02T01:34:00+00:00, run_after=2024-10-02T01:36:00+00:00
[2024-10-02T01:36:22.788+0000] {processor.py:179} INFO - Processing /home/airflow/.local/lib/python3.8/site-packages/airflow/example_dags/example_sla_dag.py took 0.140 seconds
[2024-10-02T01:36:53.538+0000] {processor.py:157} INFO - Started process (PID=497) to work on /home/airflow/.local/lib/python3.8/site-packages/airflow/example_dags/example_sla_dag.py
[2024-10-02T01:36:53.542+0000] {processor.py:829} INFO - Processing file /home/airflow/.local/lib/python3.8/site-packages/airflow/example_dags/example_sla_dag.py for tasks to queue
[2024-10-02T01:36:53.556+0000] {logging_mixin.py:151} INFO - [2024-10-02T01:36:53.555+0000] {dagbag.py:539} INFO - Filling up the DagBag from /home/airflow/.local/lib/python3.8/site-packages/airflow/example_dags/example_sla_dag.py
[2024-10-02T01:36:53.581+0000] {processor.py:839} INFO - DAG(s) dict_keys(['example_sla_dag']) retrieved from /home/airflow/.local/lib/python3.8/site-packages/airflow/example_dags/example_sla_dag.py
[2024-10-02T01:36:53.638+0000] {logging_mixin.py:151} INFO - [2024-10-02T01:36:53.638+0000] {dag.py:2915} INFO - Sync 1 DAGs
[2024-10-02T01:36:53.677+0000] {logging_mixin.py:151} INFO - [2024-10-02T01:36:53.677+0000] {dag.py:3696} INFO - Setting next_dagrun for example_sla_dag to 2024-10-02T01:34:00+00:00, run_after=2024-10-02T01:36:00+00:00
[2024-10-02T01:36:53.724+0000] {processor.py:179} INFO - Processing /home/airflow/.local/lib/python3.8/site-packages/airflow/example_dags/example_sla_dag.py took 0.192 seconds
[2024-10-02T01:37:24.786+0000] {processor.py:157} INFO - Started process (PID=545) to work on /home/airflow/.local/lib/python3.8/site-packages/airflow/example_dags/example_sla_dag.py
[2024-10-02T01:37:24.789+0000] {processor.py:829} INFO - Processing file /home/airflow/.local/lib/python3.8/site-packages/airflow/example_dags/example_sla_dag.py for tasks to queue
[2024-10-02T01:37:24.796+0000] {logging_mixin.py:151} INFO - [2024-10-02T01:37:24.795+0000] {dagbag.py:539} INFO - Filling up the DagBag from /home/airflow/.local/lib/python3.8/site-packages/airflow/example_dags/example_sla_dag.py
[2024-10-02T01:37:24.813+0000] {processor.py:839} INFO - DAG(s) dict_keys(['example_sla_dag']) retrieved from /home/airflow/.local/lib/python3.8/site-packages/airflow/example_dags/example_sla_dag.py
[2024-10-02T01:37:24.862+0000] {logging_mixin.py:151} INFO - [2024-10-02T01:37:24.862+0000] {dag.py:2915} INFO - Sync 1 DAGs
[2024-10-02T01:37:24.905+0000] {logging_mixin.py:151} INFO - [2024-10-02T01:37:24.905+0000] {dag.py:3696} INFO - Setting next_dagrun for example_sla_dag to 2024-10-02T01:34:00+00:00, run_after=2024-10-02T01:36:00+00:00
[2024-10-02T01:37:24.937+0000] {processor.py:179} INFO - Processing /home/airflow/.local/lib/python3.8/site-packages/airflow/example_dags/example_sla_dag.py took 0.155 seconds
[2024-10-02T01:37:55.467+0000] {processor.py:157} INFO - Started process (PID=593) to work on /home/airflow/.local/lib/python3.8/site-packages/airflow/example_dags/example_sla_dag.py
[2024-10-02T01:37:55.471+0000] {processor.py:829} INFO - Processing file /home/airflow/.local/lib/python3.8/site-packages/airflow/example_dags/example_sla_dag.py for tasks to queue
[2024-10-02T01:37:55.477+0000] {logging_mixin.py:151} INFO - [2024-10-02T01:37:55.476+0000] {dagbag.py:539} INFO - Filling up the DagBag from /home/airflow/.local/lib/python3.8/site-packages/airflow/example_dags/example_sla_dag.py
[2024-10-02T01:37:55.495+0000] {processor.py:839} INFO - DAG(s) dict_keys(['example_sla_dag']) retrieved from /home/airflow/.local/lib/python3.8/site-packages/airflow/example_dags/example_sla_dag.py
[2024-10-02T01:37:55.537+0000] {logging_mixin.py:151} INFO - [2024-10-02T01:37:55.536+0000] {dag.py:2915} INFO - Sync 1 DAGs
[2024-10-02T01:37:55.575+0000] {logging_mixin.py:151} INFO - [2024-10-02T01:37:55.575+0000] {dag.py:3696} INFO - Setting next_dagrun for example_sla_dag to 2024-10-02T01:34:00+00:00, run_after=2024-10-02T01:36:00+00:00
[2024-10-02T01:37:55.610+0000] {processor.py:179} INFO - Processing /home/airflow/.local/lib/python3.8/site-packages/airflow/example_dags/example_sla_dag.py took 0.146 seconds
[2024-10-02T01:38:26.032+0000] {processor.py:157} INFO - Started process (PID=641) to work on /home/airflow/.local/lib/python3.8/site-packages/airflow/example_dags/example_sla_dag.py
[2024-10-02T01:38:26.036+0000] {processor.py:829} INFO - Processing file /home/airflow/.local/lib/python3.8/site-packages/airflow/example_dags/example_sla_dag.py for tasks to queue
[2024-10-02T01:38:26.041+0000] {logging_mixin.py:151} INFO - [2024-10-02T01:38:26.040+0000] {dagbag.py:539} INFO - Filling up the DagBag from /home/airflow/.local/lib/python3.8/site-packages/airflow/example_dags/example_sla_dag.py
[2024-10-02T01:38:26.061+0000] {processor.py:839} INFO - DAG(s) dict_keys(['example_sla_dag']) retrieved from /home/airflow/.local/lib/python3.8/site-packages/airflow/example_dags/example_sla_dag.py
[2024-10-02T01:38:26.114+0000] {logging_mixin.py:151} INFO - [2024-10-02T01:38:26.114+0000] {dag.py:2915} INFO - Sync 1 DAGs
[2024-10-02T01:38:26.174+0000] {logging_mixin.py:151} INFO - [2024-10-02T01:38:26.173+0000] {dag.py:3696} INFO - Setting next_dagrun for example_sla_dag to 2024-10-02T01:36:00+00:00, run_after=2024-10-02T01:38:00+00:00
[2024-10-02T01:38:26.211+0000] {processor.py:179} INFO - Processing /home/airflow/.local/lib/python3.8/site-packages/airflow/example_dags/example_sla_dag.py took 0.183 seconds
[2024-10-02T01:38:57.066+0000] {processor.py:157} INFO - Started process (PID=689) to work on /home/airflow/.local/lib/python3.8/site-packages/airflow/example_dags/example_sla_dag.py
[2024-10-02T01:38:57.071+0000] {processor.py:829} INFO - Processing file /home/airflow/.local/lib/python3.8/site-packages/airflow/example_dags/example_sla_dag.py for tasks to queue
[2024-10-02T01:38:57.079+0000] {logging_mixin.py:151} INFO - [2024-10-02T01:38:57.079+0000] {dagbag.py:539} INFO - Filling up the DagBag from /home/airflow/.local/lib/python3.8/site-packages/airflow/example_dags/example_sla_dag.py
[2024-10-02T01:38:57.101+0000] {processor.py:839} INFO - DAG(s) dict_keys(['example_sla_dag']) retrieved from /home/airflow/.local/lib/python3.8/site-packages/airflow/example_dags/example_sla_dag.py
[2024-10-02T01:38:57.139+0000] {logging_mixin.py:151} INFO - [2024-10-02T01:38:57.138+0000] {dag.py:2915} INFO - Sync 1 DAGs
[2024-10-02T01:38:57.176+0000] {logging_mixin.py:151} INFO - [2024-10-02T01:38:57.175+0000] {dag.py:3696} INFO - Setting next_dagrun for example_sla_dag to 2024-10-02T01:36:00+00:00, run_after=2024-10-02T01:38:00+00:00
[2024-10-02T01:38:57.208+0000] {processor.py:179} INFO - Processing /home/airflow/.local/lib/python3.8/site-packages/airflow/example_dags/example_sla_dag.py took 0.148 seconds
[2024-10-02T01:39:27.945+0000] {processor.py:157} INFO - Started process (PID=737) to work on /home/airflow/.local/lib/python3.8/site-packages/airflow/example_dags/example_sla_dag.py
[2024-10-02T01:39:27.971+0000] {processor.py:829} INFO - Processing file /home/airflow/.local/lib/python3.8/site-packages/airflow/example_dags/example_sla_dag.py for tasks to queue
[2024-10-02T01:39:27.999+0000] {logging_mixin.py:151} INFO - [2024-10-02T01:39:27.996+0000] {dagbag.py:539} INFO - Filling up the DagBag from /home/airflow/.local/lib/python3.8/site-packages/airflow/example_dags/example_sla_dag.py
[2024-10-02T01:39:28.036+0000] {processor.py:839} INFO - DAG(s) dict_keys(['example_sla_dag']) retrieved from /home/airflow/.local/lib/python3.8/site-packages/airflow/example_dags/example_sla_dag.py
[2024-10-02T01:39:28.113+0000] {logging_mixin.py:151} INFO - [2024-10-02T01:39:28.113+0000] {dag.py:2915} INFO - Sync 1 DAGs
[2024-10-02T01:39:28.191+0000] {logging_mixin.py:151} INFO - [2024-10-02T01:39:28.190+0000] {dag.py:3696} INFO - Setting next_dagrun for example_sla_dag to 2024-10-02T01:36:00+00:00, run_after=2024-10-02T01:38:00+00:00
[2024-10-02T01:39:28.312+0000] {processor.py:179} INFO - Processing /home/airflow/.local/lib/python3.8/site-packages/airflow/example_dags/example_sla_dag.py took 0.377 seconds
[2024-10-02T01:45:38.052+0000] {processor.py:157} INFO - Started process (PID=65) to work on /home/airflow/.local/lib/python3.8/site-packages/airflow/example_dags/example_sla_dag.py
[2024-10-02T01:45:38.058+0000] {processor.py:829} INFO - Processing file /home/airflow/.local/lib/python3.8/site-packages/airflow/example_dags/example_sla_dag.py for tasks to queue
[2024-10-02T01:45:38.065+0000] {logging_mixin.py:151} INFO - [2024-10-02T01:45:38.065+0000] {dagbag.py:539} INFO - Filling up the DagBag from /home/airflow/.local/lib/python3.8/site-packages/airflow/example_dags/example_sla_dag.py
[2024-10-02T01:45:38.094+0000] {processor.py:839} INFO - DAG(s) dict_keys(['example_sla_dag']) retrieved from /home/airflow/.local/lib/python3.8/site-packages/airflow/example_dags/example_sla_dag.py
[2024-10-02T01:45:38.283+0000] {logging_mixin.py:151} INFO - [2024-10-02T01:45:38.283+0000] {manager.py:499} INFO - Created Permission View: %s
[2024-10-02T01:45:38.303+0000] {logging_mixin.py:151} INFO - [2024-10-02T01:45:38.302+0000] {manager.py:499} INFO - Created Permission View: %s
[2024-10-02T01:45:38.321+0000] {logging_mixin.py:151} INFO - [2024-10-02T01:45:38.321+0000] {manager.py:499} INFO - Created Permission View: %s
[2024-10-02T01:45:38.325+0000] {logging_mixin.py:151} INFO - [2024-10-02T01:45:38.325+0000] {security.py:708} INFO - Not syncing DAG-level permissions for DAG 'DAG:example_sla_dag' as access control is unset.
[2024-10-02T01:45:38.329+0000] {logging_mixin.py:151} INFO - [2024-10-02T01:45:38.329+0000] {dag.py:2915} INFO - Sync 1 DAGs
[2024-10-02T01:45:38.348+0000] {logging_mixin.py:151} INFO - [2024-10-02T01:45:38.347+0000] {dag.py:2937} INFO - Creating ORM DAG for example_sla_dag
[2024-10-02T01:45:38.374+0000] {logging_mixin.py:151} INFO - [2024-10-02T01:45:38.374+0000] {dag.py:3696} INFO - Setting next_dagrun for example_sla_dag to 2024-10-02T01:42:00+00:00, run_after=2024-10-02T01:44:00+00:00
[2024-10-02T01:45:38.457+0000] {processor.py:179} INFO - Processing /home/airflow/.local/lib/python3.8/site-packages/airflow/example_dags/example_sla_dag.py took 0.409 seconds
[2024-10-02T01:46:09.094+0000] {processor.py:157} INFO - Started process (PID=113) to work on /home/airflow/.local/lib/python3.8/site-packages/airflow/example_dags/example_sla_dag.py
[2024-10-02T01:46:09.099+0000] {processor.py:829} INFO - Processing file /home/airflow/.local/lib/python3.8/site-packages/airflow/example_dags/example_sla_dag.py for tasks to queue
[2024-10-02T01:46:09.106+0000] {logging_mixin.py:151} INFO - [2024-10-02T01:46:09.105+0000] {dagbag.py:539} INFO - Filling up the DagBag from /home/airflow/.local/lib/python3.8/site-packages/airflow/example_dags/example_sla_dag.py
[2024-10-02T01:46:09.135+0000] {processor.py:839} INFO - DAG(s) dict_keys(['example_sla_dag']) retrieved from /home/airflow/.local/lib/python3.8/site-packages/airflow/example_dags/example_sla_dag.py
[2024-10-02T01:46:09.190+0000] {logging_mixin.py:151} INFO - [2024-10-02T01:46:09.190+0000] {dag.py:2915} INFO - Sync 1 DAGs
[2024-10-02T01:46:09.236+0000] {logging_mixin.py:151} INFO - [2024-10-02T01:46:09.235+0000] {dag.py:3696} INFO - Setting next_dagrun for example_sla_dag to 2024-10-02T01:44:00+00:00, run_after=2024-10-02T01:46:00+00:00
[2024-10-02T01:46:09.278+0000] {processor.py:179} INFO - Processing /home/airflow/.local/lib/python3.8/site-packages/airflow/example_dags/example_sla_dag.py took 0.189 seconds
[2024-10-02T01:47:05.302+0000] {processor.py:157} INFO - Started process (PID=65) to work on /home/airflow/.local/lib/python3.8/site-packages/airflow/example_dags/example_sla_dag.py
[2024-10-02T01:47:05.308+0000] {processor.py:829} INFO - Processing file /home/airflow/.local/lib/python3.8/site-packages/airflow/example_dags/example_sla_dag.py for tasks to queue
[2024-10-02T01:47:05.320+0000] {logging_mixin.py:151} INFO - [2024-10-02T01:47:05.319+0000] {dagbag.py:539} INFO - Filling up the DagBag from /home/airflow/.local/lib/python3.8/site-packages/airflow/example_dags/example_sla_dag.py
[2024-10-02T01:47:05.338+0000] {processor.py:839} INFO - DAG(s) dict_keys(['example_sla_dag']) retrieved from /home/airflow/.local/lib/python3.8/site-packages/airflow/example_dags/example_sla_dag.py
[2024-10-02T01:47:05.375+0000] {logging_mixin.py:151} INFO - [2024-10-02T01:47:05.375+0000] {dag.py:2915} INFO - Sync 1 DAGs
[2024-10-02T01:47:05.419+0000] {logging_mixin.py:151} INFO - [2024-10-02T01:47:05.419+0000] {dag.py:3696} INFO - Setting next_dagrun for example_sla_dag to 2024-10-02T01:44:00+00:00, run_after=2024-10-02T01:46:00+00:00
[2024-10-02T01:47:05.457+0000] {processor.py:179} INFO - Processing /home/airflow/.local/lib/python3.8/site-packages/airflow/example_dags/example_sla_dag.py took 0.159 seconds
[2024-10-02T01:47:35.784+0000] {processor.py:157} INFO - Started process (PID=113) to work on /home/airflow/.local/lib/python3.8/site-packages/airflow/example_dags/example_sla_dag.py
[2024-10-02T01:47:35.802+0000] {processor.py:829} INFO - Processing file /home/airflow/.local/lib/python3.8/site-packages/airflow/example_dags/example_sla_dag.py for tasks to queue
[2024-10-02T01:47:35.807+0000] {logging_mixin.py:151} INFO - [2024-10-02T01:47:35.807+0000] {dagbag.py:539} INFO - Filling up the DagBag from /home/airflow/.local/lib/python3.8/site-packages/airflow/example_dags/example_sla_dag.py
[2024-10-02T01:47:35.839+0000] {processor.py:839} INFO - DAG(s) dict_keys(['example_sla_dag']) retrieved from /home/airflow/.local/lib/python3.8/site-packages/airflow/example_dags/example_sla_dag.py
[2024-10-02T01:47:35.887+0000] {logging_mixin.py:151} INFO - [2024-10-02T01:47:35.887+0000] {dag.py:2915} INFO - Sync 1 DAGs
[2024-10-02T01:47:35.938+0000] {logging_mixin.py:151} INFO - [2024-10-02T01:47:35.937+0000] {dag.py:3696} INFO - Setting next_dagrun for example_sla_dag to 2024-10-02T01:44:00+00:00, run_after=2024-10-02T01:46:00+00:00
[2024-10-02T01:47:36.021+0000] {processor.py:179} INFO - Processing /home/airflow/.local/lib/python3.8/site-packages/airflow/example_dags/example_sla_dag.py took 0.347 seconds
[2024-10-02T01:48:33.234+0000] {processor.py:157} INFO - Started process (PID=65) to work on /home/airflow/.local/lib/python3.8/site-packages/airflow/example_dags/example_sla_dag.py
[2024-10-02T01:48:33.238+0000] {processor.py:829} INFO - Processing file /home/airflow/.local/lib/python3.8/site-packages/airflow/example_dags/example_sla_dag.py for tasks to queue
[2024-10-02T01:48:33.242+0000] {logging_mixin.py:151} INFO - [2024-10-02T01:48:33.242+0000] {dagbag.py:539} INFO - Filling up the DagBag from /home/airflow/.local/lib/python3.8/site-packages/airflow/example_dags/example_sla_dag.py
[2024-10-02T01:48:33.307+0000] {processor.py:839} INFO - DAG(s) dict_keys(['example_sla_dag']) retrieved from /home/airflow/.local/lib/python3.8/site-packages/airflow/example_dags/example_sla_dag.py
[2024-10-02T01:48:33.357+0000] {logging_mixin.py:151} INFO - [2024-10-02T01:48:33.356+0000] {dag.py:2915} INFO - Sync 1 DAGs
[2024-10-02T01:48:33.413+0000] {logging_mixin.py:151} INFO - [2024-10-02T01:48:33.413+0000] {dag.py:3696} INFO - Setting next_dagrun for example_sla_dag to 2024-10-02T01:46:00+00:00, run_after=2024-10-02T01:48:00+00:00
[2024-10-02T01:48:33.467+0000] {processor.py:179} INFO - Processing /home/airflow/.local/lib/python3.8/site-packages/airflow/example_dags/example_sla_dag.py took 0.245 seconds
[2024-10-02T01:49:03.844+0000] {processor.py:157} INFO - Started process (PID=113) to work on /home/airflow/.local/lib/python3.8/site-packages/airflow/example_dags/example_sla_dag.py
[2024-10-02T01:49:03.847+0000] {processor.py:829} INFO - Processing file /home/airflow/.local/lib/python3.8/site-packages/airflow/example_dags/example_sla_dag.py for tasks to queue
[2024-10-02T01:49:03.851+0000] {logging_mixin.py:151} INFO - [2024-10-02T01:49:03.851+0000] {dagbag.py:539} INFO - Filling up the DagBag from /home/airflow/.local/lib/python3.8/site-packages/airflow/example_dags/example_sla_dag.py
[2024-10-02T01:49:03.869+0000] {processor.py:839} INFO - DAG(s) dict_keys(['example_sla_dag']) retrieved from /home/airflow/.local/lib/python3.8/site-packages/airflow/example_dags/example_sla_dag.py
[2024-10-02T01:49:03.902+0000] {logging_mixin.py:151} INFO - [2024-10-02T01:49:03.902+0000] {dag.py:2915} INFO - Sync 1 DAGs
[2024-10-02T01:49:03.935+0000] {logging_mixin.py:151} INFO - [2024-10-02T01:49:03.935+0000] {dag.py:3696} INFO - Setting next_dagrun for example_sla_dag to 2024-10-02T01:46:00+00:00, run_after=2024-10-02T01:48:00+00:00
[2024-10-02T01:49:03.959+0000] {processor.py:179} INFO - Processing /home/airflow/.local/lib/python3.8/site-packages/airflow/example_dags/example_sla_dag.py took 0.119 seconds
[2024-10-02T01:49:34.549+0000] {processor.py:157} INFO - Started process (PID=161) to work on /home/airflow/.local/lib/python3.8/site-packages/airflow/example_dags/example_sla_dag.py
[2024-10-02T01:49:34.553+0000] {processor.py:829} INFO - Processing file /home/airflow/.local/lib/python3.8/site-packages/airflow/example_dags/example_sla_dag.py for tasks to queue
[2024-10-02T01:49:34.556+0000] {logging_mixin.py:151} INFO - [2024-10-02T01:49:34.556+0000] {dagbag.py:539} INFO - Filling up the DagBag from /home/airflow/.local/lib/python3.8/site-packages/airflow/example_dags/example_sla_dag.py
[2024-10-02T01:49:34.571+0000] {processor.py:839} INFO - DAG(s) dict_keys(['example_sla_dag']) retrieved from /home/airflow/.local/lib/python3.8/site-packages/airflow/example_dags/example_sla_dag.py
[2024-10-02T01:49:34.602+0000] {logging_mixin.py:151} INFO - [2024-10-02T01:49:34.602+0000] {dag.py:2915} INFO - Sync 1 DAGs
[2024-10-02T01:49:34.629+0000] {logging_mixin.py:151} INFO - [2024-10-02T01:49:34.629+0000] {dag.py:3696} INFO - Setting next_dagrun for example_sla_dag to 2024-10-02T01:46:00+00:00, run_after=2024-10-02T01:48:00+00:00
[2024-10-02T01:49:34.653+0000] {processor.py:179} INFO - Processing /home/airflow/.local/lib/python3.8/site-packages/airflow/example_dags/example_sla_dag.py took 0.108 seconds
[2024-10-02T01:50:05.349+0000] {processor.py:157} INFO - Started process (PID=209) to work on /home/airflow/.local/lib/python3.8/site-packages/airflow/example_dags/example_sla_dag.py
[2024-10-02T01:50:05.352+0000] {processor.py:829} INFO - Processing file /home/airflow/.local/lib/python3.8/site-packages/airflow/example_dags/example_sla_dag.py for tasks to queue
[2024-10-02T01:50:05.356+0000] {logging_mixin.py:151} INFO - [2024-10-02T01:50:05.356+0000] {dagbag.py:539} INFO - Filling up the DagBag from /home/airflow/.local/lib/python3.8/site-packages/airflow/example_dags/example_sla_dag.py
[2024-10-02T01:50:05.374+0000] {processor.py:839} INFO - DAG(s) dict_keys(['example_sla_dag']) retrieved from /home/airflow/.local/lib/python3.8/site-packages/airflow/example_dags/example_sla_dag.py
[2024-10-02T01:50:05.446+0000] {logging_mixin.py:151} INFO - [2024-10-02T01:50:05.446+0000] {dag.py:2915} INFO - Sync 1 DAGs
[2024-10-02T01:50:05.534+0000] {logging_mixin.py:151} INFO - [2024-10-02T01:50:05.533+0000] {dag.py:3696} INFO - Setting next_dagrun for example_sla_dag to 2024-10-02T01:48:00+00:00, run_after=2024-10-02T01:50:00+00:00
[2024-10-02T01:50:05.595+0000] {processor.py:179} INFO - Processing /home/airflow/.local/lib/python3.8/site-packages/airflow/example_dags/example_sla_dag.py took 0.250 seconds
[2024-10-02T01:50:36.239+0000] {processor.py:157} INFO - Started process (PID=257) to work on /home/airflow/.local/lib/python3.8/site-packages/airflow/example_dags/example_sla_dag.py
[2024-10-02T01:50:36.242+0000] {processor.py:829} INFO - Processing file /home/airflow/.local/lib/python3.8/site-packages/airflow/example_dags/example_sla_dag.py for tasks to queue
[2024-10-02T01:50:36.247+0000] {logging_mixin.py:151} INFO - [2024-10-02T01:50:36.246+0000] {dagbag.py:539} INFO - Filling up the DagBag from /home/airflow/.local/lib/python3.8/site-packages/airflow/example_dags/example_sla_dag.py
[2024-10-02T01:50:36.263+0000] {processor.py:839} INFO - DAG(s) dict_keys(['example_sla_dag']) retrieved from /home/airflow/.local/lib/python3.8/site-packages/airflow/example_dags/example_sla_dag.py
[2024-10-02T01:50:36.294+0000] {logging_mixin.py:151} INFO - [2024-10-02T01:50:36.293+0000] {dag.py:2915} INFO - Sync 1 DAGs
[2024-10-02T01:50:36.327+0000] {logging_mixin.py:151} INFO - [2024-10-02T01:50:36.326+0000] {dag.py:3696} INFO - Setting next_dagrun for example_sla_dag to 2024-10-02T01:48:00+00:00, run_after=2024-10-02T01:50:00+00:00
[2024-10-02T01:50:36.352+0000] {processor.py:179} INFO - Processing /home/airflow/.local/lib/python3.8/site-packages/airflow/example_dags/example_sla_dag.py took 0.116 seconds
[2024-10-02T01:51:06.912+0000] {processor.py:157} INFO - Started process (PID=305) to work on /home/airflow/.local/lib/python3.8/site-packages/airflow/example_dags/example_sla_dag.py
[2024-10-02T01:51:06.914+0000] {processor.py:829} INFO - Processing file /home/airflow/.local/lib/python3.8/site-packages/airflow/example_dags/example_sla_dag.py for tasks to queue
[2024-10-02T01:51:06.918+0000] {logging_mixin.py:151} INFO - [2024-10-02T01:51:06.918+0000] {dagbag.py:539} INFO - Filling up the DagBag from /home/airflow/.local/lib/python3.8/site-packages/airflow/example_dags/example_sla_dag.py
[2024-10-02T01:51:06.949+0000] {processor.py:839} INFO - DAG(s) dict_keys(['example_sla_dag']) retrieved from /home/airflow/.local/lib/python3.8/site-packages/airflow/example_dags/example_sla_dag.py
[2024-10-02T01:51:07.037+0000] {logging_mixin.py:151} INFO - [2024-10-02T01:51:07.037+0000] {dag.py:2915} INFO - Sync 1 DAGs
[2024-10-02T01:51:07.081+0000] {logging_mixin.py:151} INFO - [2024-10-02T01:51:07.080+0000] {dag.py:3696} INFO - Setting next_dagrun for example_sla_dag to 2024-10-02T01:48:00+00:00, run_after=2024-10-02T01:50:00+00:00
[2024-10-02T01:51:07.112+0000] {processor.py:179} INFO - Processing /home/airflow/.local/lib/python3.8/site-packages/airflow/example_dags/example_sla_dag.py took 0.205 seconds
[2024-10-02T01:51:38.082+0000] {processor.py:157} INFO - Started process (PID=353) to work on /home/airflow/.local/lib/python3.8/site-packages/airflow/example_dags/example_sla_dag.py
[2024-10-02T01:51:38.087+0000] {processor.py:829} INFO - Processing file /home/airflow/.local/lib/python3.8/site-packages/airflow/example_dags/example_sla_dag.py for tasks to queue
[2024-10-02T01:51:38.092+0000] {logging_mixin.py:151} INFO - [2024-10-02T01:51:38.091+0000] {dagbag.py:539} INFO - Filling up the DagBag from /home/airflow/.local/lib/python3.8/site-packages/airflow/example_dags/example_sla_dag.py
[2024-10-02T01:51:38.113+0000] {processor.py:839} INFO - DAG(s) dict_keys(['example_sla_dag']) retrieved from /home/airflow/.local/lib/python3.8/site-packages/airflow/example_dags/example_sla_dag.py
[2024-10-02T01:51:38.148+0000] {logging_mixin.py:151} INFO - [2024-10-02T01:51:38.148+0000] {dag.py:2915} INFO - Sync 1 DAGs
[2024-10-02T01:51:38.186+0000] {logging_mixin.py:151} INFO - [2024-10-02T01:51:38.186+0000] {dag.py:3696} INFO - Setting next_dagrun for example_sla_dag to 2024-10-02T01:48:00+00:00, run_after=2024-10-02T01:50:00+00:00
[2024-10-02T01:51:38.217+0000] {processor.py:179} INFO - Processing /home/airflow/.local/lib/python3.8/site-packages/airflow/example_dags/example_sla_dag.py took 0.140 seconds
[2024-10-02T01:52:08.312+0000] {processor.py:157} INFO - Started process (PID=401) to work on /home/airflow/.local/lib/python3.8/site-packages/airflow/example_dags/example_sla_dag.py
[2024-10-02T01:52:08.315+0000] {processor.py:829} INFO - Processing file /home/airflow/.local/lib/python3.8/site-packages/airflow/example_dags/example_sla_dag.py for tasks to queue
[2024-10-02T01:52:08.320+0000] {logging_mixin.py:151} INFO - [2024-10-02T01:52:08.319+0000] {dagbag.py:539} INFO - Filling up the DagBag from /home/airflow/.local/lib/python3.8/site-packages/airflow/example_dags/example_sla_dag.py
[2024-10-02T01:52:08.339+0000] {processor.py:839} INFO - DAG(s) dict_keys(['example_sla_dag']) retrieved from /home/airflow/.local/lib/python3.8/site-packages/airflow/example_dags/example_sla_dag.py
[2024-10-02T01:52:08.373+0000] {logging_mixin.py:151} INFO - [2024-10-02T01:52:08.372+0000] {dag.py:2915} INFO - Sync 1 DAGs
[2024-10-02T01:52:08.406+0000] {logging_mixin.py:151} INFO - [2024-10-02T01:52:08.406+0000] {dag.py:3696} INFO - Setting next_dagrun for example_sla_dag to 2024-10-02T01:50:00+00:00, run_after=2024-10-02T01:52:00+00:00
[2024-10-02T01:52:08.437+0000] {processor.py:179} INFO - Processing /home/airflow/.local/lib/python3.8/site-packages/airflow/example_dags/example_sla_dag.py took 0.129 seconds
[2024-10-02T01:52:39.312+0000] {processor.py:157} INFO - Started process (PID=449) to work on /home/airflow/.local/lib/python3.8/site-packages/airflow/example_dags/example_sla_dag.py
[2024-10-02T01:52:39.316+0000] {processor.py:829} INFO - Processing file /home/airflow/.local/lib/python3.8/site-packages/airflow/example_dags/example_sla_dag.py for tasks to queue
[2024-10-02T01:52:39.320+0000] {logging_mixin.py:151} INFO - [2024-10-02T01:52:39.320+0000] {dagbag.py:539} INFO - Filling up the DagBag from /home/airflow/.local/lib/python3.8/site-packages/airflow/example_dags/example_sla_dag.py
[2024-10-02T01:52:39.339+0000] {processor.py:839} INFO - DAG(s) dict_keys(['example_sla_dag']) retrieved from /home/airflow/.local/lib/python3.8/site-packages/airflow/example_dags/example_sla_dag.py
[2024-10-02T01:52:39.371+0000] {logging_mixin.py:151} INFO - [2024-10-02T01:52:39.371+0000] {dag.py:2915} INFO - Sync 1 DAGs
[2024-10-02T01:52:39.402+0000] {logging_mixin.py:151} INFO - [2024-10-02T01:52:39.401+0000] {dag.py:3696} INFO - Setting next_dagrun for example_sla_dag to 2024-10-02T01:50:00+00:00, run_after=2024-10-02T01:52:00+00:00
[2024-10-02T01:52:39.430+0000] {processor.py:179} INFO - Processing /home/airflow/.local/lib/python3.8/site-packages/airflow/example_dags/example_sla_dag.py took 0.122 seconds
[2024-10-02T01:53:11.097+0000] {processor.py:157} INFO - Started process (PID=497) to work on /home/airflow/.local/lib/python3.8/site-packages/airflow/example_dags/example_sla_dag.py
[2024-10-02T01:53:11.100+0000] {processor.py:829} INFO - Processing file /home/airflow/.local/lib/python3.8/site-packages/airflow/example_dags/example_sla_dag.py for tasks to queue
[2024-10-02T01:53:11.105+0000] {logging_mixin.py:151} INFO - [2024-10-02T01:53:11.104+0000] {dagbag.py:539} INFO - Filling up the DagBag from /home/airflow/.local/lib/python3.8/site-packages/airflow/example_dags/example_sla_dag.py
[2024-10-02T01:53:11.121+0000] {processor.py:839} INFO - DAG(s) dict_keys(['example_sla_dag']) retrieved from /home/airflow/.local/lib/python3.8/site-packages/airflow/example_dags/example_sla_dag.py
[2024-10-02T01:53:11.152+0000] {logging_mixin.py:151} INFO - [2024-10-02T01:53:11.151+0000] {dag.py:2915} INFO - Sync 1 DAGs
[2024-10-02T01:53:11.295+0000] {logging_mixin.py:151} INFO - [2024-10-02T01:53:11.295+0000] {dag.py:3696} INFO - Setting next_dagrun for example_sla_dag to 2024-10-02T01:50:00+00:00, run_after=2024-10-02T01:52:00+00:00
[2024-10-02T01:53:11.350+0000] {processor.py:179} INFO - Processing /home/airflow/.local/lib/python3.8/site-packages/airflow/example_dags/example_sla_dag.py took 0.258 seconds
[2024-10-02T01:53:41.707+0000] {processor.py:157} INFO - Started process (PID=545) to work on /home/airflow/.local/lib/python3.8/site-packages/airflow/example_dags/example_sla_dag.py
[2024-10-02T01:53:41.709+0000] {processor.py:829} INFO - Processing file /home/airflow/.local/lib/python3.8/site-packages/airflow/example_dags/example_sla_dag.py for tasks to queue
[2024-10-02T01:53:41.712+0000] {logging_mixin.py:151} INFO - [2024-10-02T01:53:41.712+0000] {dagbag.py:539} INFO - Filling up the DagBag from /home/airflow/.local/lib/python3.8/site-packages/airflow/example_dags/example_sla_dag.py
[2024-10-02T01:53:41.733+0000] {processor.py:839} INFO - DAG(s) dict_keys(['example_sla_dag']) retrieved from /home/airflow/.local/lib/python3.8/site-packages/airflow/example_dags/example_sla_dag.py
[2024-10-02T01:53:41.773+0000] {logging_mixin.py:151} INFO - [2024-10-02T01:53:41.773+0000] {dag.py:2915} INFO - Sync 1 DAGs
[2024-10-02T01:53:41.806+0000] {logging_mixin.py:151} INFO - [2024-10-02T01:53:41.806+0000] {dag.py:3696} INFO - Setting next_dagrun for example_sla_dag to 2024-10-02T01:50:00+00:00, run_after=2024-10-02T01:52:00+00:00
[2024-10-02T01:53:41.827+0000] {processor.py:179} INFO - Processing /home/airflow/.local/lib/python3.8/site-packages/airflow/example_dags/example_sla_dag.py took 0.124 seconds
[2024-10-02T01:57:20.773+0000] {processor.py:157} INFO - Started process (PID=625) to work on /home/airflow/.local/lib/python3.8/site-packages/airflow/example_dags/example_sla_dag.py
[2024-10-02T01:57:20.776+0000] {processor.py:829} INFO - Processing file /home/airflow/.local/lib/python3.8/site-packages/airflow/example_dags/example_sla_dag.py for tasks to queue
[2024-10-02T01:57:20.780+0000] {logging_mixin.py:151} INFO - [2024-10-02T01:57:20.780+0000] {dagbag.py:539} INFO - Filling up the DagBag from /home/airflow/.local/lib/python3.8/site-packages/airflow/example_dags/example_sla_dag.py
[2024-10-02T01:57:20.796+0000] {processor.py:839} INFO - DAG(s) dict_keys(['example_sla_dag']) retrieved from /home/airflow/.local/lib/python3.8/site-packages/airflow/example_dags/example_sla_dag.py
[2024-10-02T01:57:20.837+0000] {logging_mixin.py:151} INFO - [2024-10-02T01:57:20.837+0000] {dag.py:2915} INFO - Sync 1 DAGs
[2024-10-02T01:57:20.890+0000] {logging_mixin.py:151} INFO - [2024-10-02T01:57:20.890+0000] {dag.py:3696} INFO - Setting next_dagrun for example_sla_dag to 2024-10-02T01:54:00+00:00, run_after=2024-10-02T01:56:00+00:00
[2024-10-02T01:57:20.920+0000] {processor.py:179} INFO - Processing /home/airflow/.local/lib/python3.8/site-packages/airflow/example_dags/example_sla_dag.py took 0.153 seconds
[2024-10-02T01:57:52.100+0000] {processor.py:157} INFO - Started process (PID=673) to work on /home/airflow/.local/lib/python3.8/site-packages/airflow/example_dags/example_sla_dag.py
[2024-10-02T01:57:52.103+0000] {processor.py:829} INFO - Processing file /home/airflow/.local/lib/python3.8/site-packages/airflow/example_dags/example_sla_dag.py for tasks to queue
[2024-10-02T01:57:52.107+0000] {logging_mixin.py:151} INFO - [2024-10-02T01:57:52.106+0000] {dagbag.py:539} INFO - Filling up the DagBag from /home/airflow/.local/lib/python3.8/site-packages/airflow/example_dags/example_sla_dag.py
[2024-10-02T01:57:52.125+0000] {processor.py:839} INFO - DAG(s) dict_keys(['example_sla_dag']) retrieved from /home/airflow/.local/lib/python3.8/site-packages/airflow/example_dags/example_sla_dag.py
[2024-10-02T01:57:52.531+0000] {logging_mixin.py:151} INFO - [2024-10-02T01:57:52.492+0000] {dag.py:2915} INFO - Sync 1 DAGs
[2024-10-02T01:57:52.872+0000] {logging_mixin.py:151} INFO - [2024-10-02T01:57:52.870+0000] {dag.py:3696} INFO - Setting next_dagrun for example_sla_dag to 2024-10-02T01:54:00+00:00, run_after=2024-10-02T01:56:00+00:00
[2024-10-02T01:57:52.970+0000] {processor.py:179} INFO - Processing /home/airflow/.local/lib/python3.8/site-packages/airflow/example_dags/example_sla_dag.py took 0.875 seconds
[2024-10-02T01:58:23.165+0000] {processor.py:157} INFO - Started process (PID=721) to work on /home/airflow/.local/lib/python3.8/site-packages/airflow/example_dags/example_sla_dag.py
[2024-10-02T01:58:23.170+0000] {processor.py:829} INFO - Processing file /home/airflow/.local/lib/python3.8/site-packages/airflow/example_dags/example_sla_dag.py for tasks to queue
[2024-10-02T01:58:23.175+0000] {logging_mixin.py:151} INFO - [2024-10-02T01:58:23.174+0000] {dagbag.py:539} INFO - Filling up the DagBag from /home/airflow/.local/lib/python3.8/site-packages/airflow/example_dags/example_sla_dag.py
[2024-10-02T01:58:23.233+0000] {processor.py:839} INFO - DAG(s) dict_keys(['example_sla_dag']) retrieved from /home/airflow/.local/lib/python3.8/site-packages/airflow/example_dags/example_sla_dag.py
[2024-10-02T01:58:23.277+0000] {logging_mixin.py:151} INFO - [2024-10-02T01:58:23.276+0000] {dag.py:2915} INFO - Sync 1 DAGs
[2024-10-02T01:58:23.321+0000] {logging_mixin.py:151} INFO - [2024-10-02T01:58:23.321+0000] {dag.py:3696} INFO - Setting next_dagrun for example_sla_dag to 2024-10-02T01:56:00+00:00, run_after=2024-10-02T01:58:00+00:00
[2024-10-02T01:58:23.359+0000] {processor.py:179} INFO - Processing /home/airflow/.local/lib/python3.8/site-packages/airflow/example_dags/example_sla_dag.py took 0.199 seconds
[2024-10-02T01:58:53.618+0000] {processor.py:157} INFO - Started process (PID=769) to work on /home/airflow/.local/lib/python3.8/site-packages/airflow/example_dags/example_sla_dag.py
[2024-10-02T01:58:53.630+0000] {processor.py:829} INFO - Processing file /home/airflow/.local/lib/python3.8/site-packages/airflow/example_dags/example_sla_dag.py for tasks to queue
[2024-10-02T01:58:53.637+0000] {logging_mixin.py:151} INFO - [2024-10-02T01:58:53.637+0000] {dagbag.py:539} INFO - Filling up the DagBag from /home/airflow/.local/lib/python3.8/site-packages/airflow/example_dags/example_sla_dag.py
[2024-10-02T01:58:53.662+0000] {processor.py:839} INFO - DAG(s) dict_keys(['example_sla_dag']) retrieved from /home/airflow/.local/lib/python3.8/site-packages/airflow/example_dags/example_sla_dag.py
[2024-10-02T01:58:53.706+0000] {logging_mixin.py:151} INFO - [2024-10-02T01:58:53.706+0000] {dag.py:2915} INFO - Sync 1 DAGs
[2024-10-02T01:58:53.761+0000] {logging_mixin.py:151} INFO - [2024-10-02T01:58:53.761+0000] {dag.py:3696} INFO - Setting next_dagrun for example_sla_dag to 2024-10-02T01:56:00+00:00, run_after=2024-10-02T01:58:00+00:00
[2024-10-02T01:58:53.795+0000] {processor.py:179} INFO - Processing /home/airflow/.local/lib/python3.8/site-packages/airflow/example_dags/example_sla_dag.py took 0.181 seconds
[2024-10-02T01:59:25.205+0000] {processor.py:157} INFO - Started process (PID=817) to work on /home/airflow/.local/lib/python3.8/site-packages/airflow/example_dags/example_sla_dag.py
[2024-10-02T01:59:25.210+0000] {processor.py:829} INFO - Processing file /home/airflow/.local/lib/python3.8/site-packages/airflow/example_dags/example_sla_dag.py for tasks to queue
[2024-10-02T01:59:25.217+0000] {logging_mixin.py:151} INFO - [2024-10-02T01:59:25.217+0000] {dagbag.py:539} INFO - Filling up the DagBag from /home/airflow/.local/lib/python3.8/site-packages/airflow/example_dags/example_sla_dag.py
[2024-10-02T01:59:25.241+0000] {processor.py:839} INFO - DAG(s) dict_keys(['example_sla_dag']) retrieved from /home/airflow/.local/lib/python3.8/site-packages/airflow/example_dags/example_sla_dag.py
[2024-10-02T01:59:25.297+0000] {logging_mixin.py:151} INFO - [2024-10-02T01:59:25.295+0000] {dag.py:2915} INFO - Sync 1 DAGs
[2024-10-02T01:59:25.348+0000] {logging_mixin.py:151} INFO - [2024-10-02T01:59:25.348+0000] {dag.py:3696} INFO - Setting next_dagrun for example_sla_dag to 2024-10-02T01:56:00+00:00, run_after=2024-10-02T01:58:00+00:00
[2024-10-02T01:59:25.415+0000] {processor.py:179} INFO - Processing /home/airflow/.local/lib/python3.8/site-packages/airflow/example_dags/example_sla_dag.py took 0.215 seconds
[2024-10-02T01:59:56.370+0000] {processor.py:157} INFO - Started process (PID=865) to work on /home/airflow/.local/lib/python3.8/site-packages/airflow/example_dags/example_sla_dag.py
[2024-10-02T01:59:56.372+0000] {processor.py:829} INFO - Processing file /home/airflow/.local/lib/python3.8/site-packages/airflow/example_dags/example_sla_dag.py for tasks to queue
[2024-10-02T01:59:56.376+0000] {logging_mixin.py:151} INFO - [2024-10-02T01:59:56.375+0000] {dagbag.py:539} INFO - Filling up the DagBag from /home/airflow/.local/lib/python3.8/site-packages/airflow/example_dags/example_sla_dag.py
[2024-10-02T01:59:56.413+0000] {processor.py:839} INFO - DAG(s) dict_keys(['example_sla_dag']) retrieved from /home/airflow/.local/lib/python3.8/site-packages/airflow/example_dags/example_sla_dag.py
[2024-10-02T01:59:56.443+0000] {logging_mixin.py:151} INFO - [2024-10-02T01:59:56.443+0000] {dag.py:2915} INFO - Sync 1 DAGs
[2024-10-02T01:59:56.478+0000] {logging_mixin.py:151} INFO - [2024-10-02T01:59:56.477+0000] {dag.py:3696} INFO - Setting next_dagrun for example_sla_dag to 2024-10-02T01:56:00+00:00, run_after=2024-10-02T01:58:00+00:00
[2024-10-02T01:59:56.506+0000] {processor.py:179} INFO - Processing /home/airflow/.local/lib/python3.8/site-packages/airflow/example_dags/example_sla_dag.py took 0.139 seconds
[2024-10-02T02:00:26.990+0000] {processor.py:157} INFO - Started process (PID=913) to work on /home/airflow/.local/lib/python3.8/site-packages/airflow/example_dags/example_sla_dag.py
[2024-10-02T02:00:26.994+0000] {processor.py:829} INFO - Processing file /home/airflow/.local/lib/python3.8/site-packages/airflow/example_dags/example_sla_dag.py for tasks to queue
[2024-10-02T02:00:27.003+0000] {logging_mixin.py:151} INFO - [2024-10-02T02:00:27.002+0000] {dagbag.py:539} INFO - Filling up the DagBag from /home/airflow/.local/lib/python3.8/site-packages/airflow/example_dags/example_sla_dag.py
[2024-10-02T02:00:27.020+0000] {processor.py:839} INFO - DAG(s) dict_keys(['example_sla_dag']) retrieved from /home/airflow/.local/lib/python3.8/site-packages/airflow/example_dags/example_sla_dag.py
[2024-10-02T02:00:27.059+0000] {logging_mixin.py:151} INFO - [2024-10-02T02:00:27.059+0000] {dag.py:2915} INFO - Sync 1 DAGs
[2024-10-02T02:00:27.096+0000] {logging_mixin.py:151} INFO - [2024-10-02T02:00:27.096+0000] {dag.py:3696} INFO - Setting next_dagrun for example_sla_dag to 2024-10-02T01:58:00+00:00, run_after=2024-10-02T02:00:00+00:00
[2024-10-02T02:00:27.124+0000] {processor.py:179} INFO - Processing /home/airflow/.local/lib/python3.8/site-packages/airflow/example_dags/example_sla_dag.py took 0.139 seconds
[2024-10-02T02:00:57.243+0000] {processor.py:157} INFO - Started process (PID=960) to work on /home/airflow/.local/lib/python3.8/site-packages/airflow/example_dags/example_sla_dag.py
[2024-10-02T02:00:57.246+0000] {processor.py:829} INFO - Processing file /home/airflow/.local/lib/python3.8/site-packages/airflow/example_dags/example_sla_dag.py for tasks to queue
[2024-10-02T02:00:57.251+0000] {logging_mixin.py:151} INFO - [2024-10-02T02:00:57.250+0000] {dagbag.py:539} INFO - Filling up the DagBag from /home/airflow/.local/lib/python3.8/site-packages/airflow/example_dags/example_sla_dag.py
[2024-10-02T02:00:57.267+0000] {processor.py:839} INFO - DAG(s) dict_keys(['example_sla_dag']) retrieved from /home/airflow/.local/lib/python3.8/site-packages/airflow/example_dags/example_sla_dag.py
[2024-10-02T02:00:57.302+0000] {logging_mixin.py:151} INFO - [2024-10-02T02:00:57.302+0000] {dag.py:2915} INFO - Sync 1 DAGs
[2024-10-02T02:00:57.334+0000] {logging_mixin.py:151} INFO - [2024-10-02T02:00:57.334+0000] {dag.py:3696} INFO - Setting next_dagrun for example_sla_dag to 2024-10-02T01:58:00+00:00, run_after=2024-10-02T02:00:00+00:00
[2024-10-02T02:00:57.360+0000] {processor.py:179} INFO - Processing /home/airflow/.local/lib/python3.8/site-packages/airflow/example_dags/example_sla_dag.py took 0.122 seconds
[2024-10-02T02:03:26.656+0000] {processor.py:157} INFO - Started process (PID=65) to work on /home/airflow/.local/lib/python3.8/site-packages/airflow/example_dags/example_sla_dag.py
[2024-10-02T02:03:26.660+0000] {processor.py:829} INFO - Processing file /home/airflow/.local/lib/python3.8/site-packages/airflow/example_dags/example_sla_dag.py for tasks to queue
[2024-10-02T02:03:26.665+0000] {logging_mixin.py:151} INFO - [2024-10-02T02:03:26.665+0000] {dagbag.py:539} INFO - Filling up the DagBag from /home/airflow/.local/lib/python3.8/site-packages/airflow/example_dags/example_sla_dag.py
[2024-10-02T02:03:26.682+0000] {processor.py:839} INFO - DAG(s) dict_keys(['example_sla_dag']) retrieved from /home/airflow/.local/lib/python3.8/site-packages/airflow/example_dags/example_sla_dag.py
[2024-10-02T02:03:26.834+0000] {logging_mixin.py:151} INFO - [2024-10-02T02:03:26.833+0000] {manager.py:499} INFO - Created Permission View: %s
[2024-10-02T02:03:26.858+0000] {logging_mixin.py:151} INFO - [2024-10-02T02:03:26.857+0000] {manager.py:499} INFO - Created Permission View: %s
[2024-10-02T02:03:26.878+0000] {logging_mixin.py:151} INFO - [2024-10-02T02:03:26.877+0000] {manager.py:499} INFO - Created Permission View: %s
[2024-10-02T02:03:26.893+0000] {logging_mixin.py:151} INFO - [2024-10-02T02:03:26.893+0000] {security.py:708} INFO - Not syncing DAG-level permissions for DAG 'DAG:example_sla_dag' as access control is unset.
[2024-10-02T02:03:26.907+0000] {logging_mixin.py:151} INFO - [2024-10-02T02:03:26.903+0000] {dag.py:2915} INFO - Sync 1 DAGs
[2024-10-02T02:03:26.936+0000] {logging_mixin.py:151} INFO - [2024-10-02T02:03:26.936+0000] {dag.py:2937} INFO - Creating ORM DAG for example_sla_dag
[2024-10-02T02:03:26.966+0000] {logging_mixin.py:151} INFO - [2024-10-02T02:03:26.963+0000] {dag.py:3696} INFO - Setting next_dagrun for example_sla_dag to 2024-10-02T02:00:00+00:00, run_after=2024-10-02T02:02:00+00:00
[2024-10-02T02:03:26.995+0000] {processor.py:179} INFO - Processing /home/airflow/.local/lib/python3.8/site-packages/airflow/example_dags/example_sla_dag.py took 0.344 seconds
[2024-10-02T02:06:23.939+0000] {processor.py:157} INFO - Started process (PID=65) to work on /home/airflow/.local/lib/python3.8/site-packages/airflow/example_dags/example_sla_dag.py
[2024-10-02T02:06:23.944+0000] {processor.py:829} INFO - Processing file /home/airflow/.local/lib/python3.8/site-packages/airflow/example_dags/example_sla_dag.py for tasks to queue
[2024-10-02T02:06:23.949+0000] {logging_mixin.py:151} INFO - [2024-10-02T02:06:23.947+0000] {dagbag.py:539} INFO - Filling up the DagBag from /home/airflow/.local/lib/python3.8/site-packages/airflow/example_dags/example_sla_dag.py
[2024-10-02T02:06:23.966+0000] {processor.py:839} INFO - DAG(s) dict_keys(['example_sla_dag']) retrieved from /home/airflow/.local/lib/python3.8/site-packages/airflow/example_dags/example_sla_dag.py
[2024-10-02T02:06:24.180+0000] {logging_mixin.py:151} INFO - [2024-10-02T02:06:24.179+0000] {manager.py:499} INFO - Created Permission View: %s
[2024-10-02T02:06:24.195+0000] {logging_mixin.py:151} INFO - [2024-10-02T02:06:24.194+0000] {manager.py:499} INFO - Created Permission View: %s
[2024-10-02T02:06:24.207+0000] {logging_mixin.py:151} INFO - [2024-10-02T02:06:24.207+0000] {manager.py:499} INFO - Created Permission View: %s
[2024-10-02T02:06:24.210+0000] {logging_mixin.py:151} INFO - [2024-10-02T02:06:24.210+0000] {security.py:708} INFO - Not syncing DAG-level permissions for DAG 'DAG:example_sla_dag' as access control is unset.
[2024-10-02T02:06:24.212+0000] {logging_mixin.py:151} INFO - [2024-10-02T02:06:24.212+0000] {dag.py:2915} INFO - Sync 1 DAGs
[2024-10-02T02:06:24.229+0000] {logging_mixin.py:151} INFO - [2024-10-02T02:06:24.228+0000] {dag.py:2937} INFO - Creating ORM DAG for example_sla_dag
[2024-10-02T02:06:24.251+0000] {logging_mixin.py:151} INFO - [2024-10-02T02:06:24.248+0000] {dag.py:3696} INFO - Setting next_dagrun for example_sla_dag to 2024-10-02T02:04:00+00:00, run_after=2024-10-02T02:06:00+00:00
[2024-10-02T02:06:24.280+0000] {processor.py:179} INFO - Processing /home/airflow/.local/lib/python3.8/site-packages/airflow/example_dags/example_sla_dag.py took 0.346 seconds
[2024-10-02T02:06:54.390+0000] {processor.py:157} INFO - Started process (PID=113) to work on /home/airflow/.local/lib/python3.8/site-packages/airflow/example_dags/example_sla_dag.py
[2024-10-02T02:06:54.393+0000] {processor.py:829} INFO - Processing file /home/airflow/.local/lib/python3.8/site-packages/airflow/example_dags/example_sla_dag.py for tasks to queue
[2024-10-02T02:06:54.398+0000] {logging_mixin.py:151} INFO - [2024-10-02T02:06:54.397+0000] {dagbag.py:539} INFO - Filling up the DagBag from /home/airflow/.local/lib/python3.8/site-packages/airflow/example_dags/example_sla_dag.py
[2024-10-02T02:06:54.414+0000] {processor.py:839} INFO - DAG(s) dict_keys(['example_sla_dag']) retrieved from /home/airflow/.local/lib/python3.8/site-packages/airflow/example_dags/example_sla_dag.py
[2024-10-02T02:06:54.451+0000] {logging_mixin.py:151} INFO - [2024-10-02T02:06:54.451+0000] {dag.py:2915} INFO - Sync 1 DAGs
[2024-10-02T02:06:54.491+0000] {logging_mixin.py:151} INFO - [2024-10-02T02:06:54.491+0000] {dag.py:3696} INFO - Setting next_dagrun for example_sla_dag to 2024-10-02T02:04:00+00:00, run_after=2024-10-02T02:06:00+00:00
[2024-10-02T02:06:54.516+0000] {processor.py:179} INFO - Processing /home/airflow/.local/lib/python3.8/site-packages/airflow/example_dags/example_sla_dag.py took 0.131 seconds
[2024-10-02T02:07:24.908+0000] {processor.py:157} INFO - Started process (PID=161) to work on /home/airflow/.local/lib/python3.8/site-packages/airflow/example_dags/example_sla_dag.py
[2024-10-02T02:07:24.911+0000] {processor.py:829} INFO - Processing file /home/airflow/.local/lib/python3.8/site-packages/airflow/example_dags/example_sla_dag.py for tasks to queue
[2024-10-02T02:07:24.916+0000] {logging_mixin.py:151} INFO - [2024-10-02T02:07:24.915+0000] {dagbag.py:539} INFO - Filling up the DagBag from /home/airflow/.local/lib/python3.8/site-packages/airflow/example_dags/example_sla_dag.py
[2024-10-02T02:07:24.933+0000] {processor.py:839} INFO - DAG(s) dict_keys(['example_sla_dag']) retrieved from /home/airflow/.local/lib/python3.8/site-packages/airflow/example_dags/example_sla_dag.py
[2024-10-02T02:07:24.977+0000] {logging_mixin.py:151} INFO - [2024-10-02T02:07:24.977+0000] {dag.py:2915} INFO - Sync 1 DAGs
[2024-10-02T02:07:25.010+0000] {logging_mixin.py:151} INFO - [2024-10-02T02:07:25.010+0000] {dag.py:3696} INFO - Setting next_dagrun for example_sla_dag to 2024-10-02T02:04:00+00:00, run_after=2024-10-02T02:06:00+00:00
[2024-10-02T02:07:25.066+0000] {processor.py:179} INFO - Processing /home/airflow/.local/lib/python3.8/site-packages/airflow/example_dags/example_sla_dag.py took 0.162 seconds
[2024-10-02T02:07:55.762+0000] {processor.py:157} INFO - Started process (PID=209) to work on /home/airflow/.local/lib/python3.8/site-packages/airflow/example_dags/example_sla_dag.py
[2024-10-02T02:07:55.765+0000] {processor.py:829} INFO - Processing file /home/airflow/.local/lib/python3.8/site-packages/airflow/example_dags/example_sla_dag.py for tasks to queue
[2024-10-02T02:07:55.769+0000] {logging_mixin.py:151} INFO - [2024-10-02T02:07:55.768+0000] {dagbag.py:539} INFO - Filling up the DagBag from /home/airflow/.local/lib/python3.8/site-packages/airflow/example_dags/example_sla_dag.py
[2024-10-02T02:07:55.786+0000] {processor.py:839} INFO - DAG(s) dict_keys(['example_sla_dag']) retrieved from /home/airflow/.local/lib/python3.8/site-packages/airflow/example_dags/example_sla_dag.py
[2024-10-02T02:07:55.817+0000] {logging_mixin.py:151} INFO - [2024-10-02T02:07:55.816+0000] {dag.py:2915} INFO - Sync 1 DAGs
[2024-10-02T02:07:55.849+0000] {logging_mixin.py:151} INFO - [2024-10-02T02:07:55.849+0000] {dag.py:3696} INFO - Setting next_dagrun for example_sla_dag to 2024-10-02T02:04:00+00:00, run_after=2024-10-02T02:06:00+00:00
[2024-10-02T02:07:55.881+0000] {processor.py:179} INFO - Processing /home/airflow/.local/lib/python3.8/site-packages/airflow/example_dags/example_sla_dag.py took 0.124 seconds
[2024-10-02T02:08:26.728+0000] {processor.py:157} INFO - Started process (PID=257) to work on /home/airflow/.local/lib/python3.8/site-packages/airflow/example_dags/example_sla_dag.py
[2024-10-02T02:08:26.730+0000] {processor.py:829} INFO - Processing file /home/airflow/.local/lib/python3.8/site-packages/airflow/example_dags/example_sla_dag.py for tasks to queue
[2024-10-02T02:08:26.734+0000] {logging_mixin.py:151} INFO - [2024-10-02T02:08:26.734+0000] {dagbag.py:539} INFO - Filling up the DagBag from /home/airflow/.local/lib/python3.8/site-packages/airflow/example_dags/example_sla_dag.py
[2024-10-02T02:08:26.751+0000] {processor.py:839} INFO - DAG(s) dict_keys(['example_sla_dag']) retrieved from /home/airflow/.local/lib/python3.8/site-packages/airflow/example_dags/example_sla_dag.py
[2024-10-02T02:08:26.789+0000] {logging_mixin.py:151} INFO - [2024-10-02T02:08:26.789+0000] {dag.py:2915} INFO - Sync 1 DAGs
[2024-10-02T02:08:26.844+0000] {logging_mixin.py:151} INFO - [2024-10-02T02:08:26.844+0000] {dag.py:3696} INFO - Setting next_dagrun for example_sla_dag to 2024-10-02T02:06:00+00:00, run_after=2024-10-02T02:08:00+00:00
[2024-10-02T02:08:26.875+0000] {processor.py:179} INFO - Processing /home/airflow/.local/lib/python3.8/site-packages/airflow/example_dags/example_sla_dag.py took 0.152 seconds
[2024-10-02T02:08:57.010+0000] {processor.py:157} INFO - Started process (PID=305) to work on /home/airflow/.local/lib/python3.8/site-packages/airflow/example_dags/example_sla_dag.py
[2024-10-02T02:08:57.014+0000] {processor.py:829} INFO - Processing file /home/airflow/.local/lib/python3.8/site-packages/airflow/example_dags/example_sla_dag.py for tasks to queue
[2024-10-02T02:08:57.018+0000] {logging_mixin.py:151} INFO - [2024-10-02T02:08:57.017+0000] {dagbag.py:539} INFO - Filling up the DagBag from /home/airflow/.local/lib/python3.8/site-packages/airflow/example_dags/example_sla_dag.py
[2024-10-02T02:08:57.037+0000] {processor.py:839} INFO - DAG(s) dict_keys(['example_sla_dag']) retrieved from /home/airflow/.local/lib/python3.8/site-packages/airflow/example_dags/example_sla_dag.py
[2024-10-02T02:08:57.084+0000] {logging_mixin.py:151} INFO - [2024-10-02T02:08:57.084+0000] {dag.py:2915} INFO - Sync 1 DAGs
[2024-10-02T02:08:57.116+0000] {logging_mixin.py:151} INFO - [2024-10-02T02:08:57.116+0000] {dag.py:3696} INFO - Setting next_dagrun for example_sla_dag to 2024-10-02T02:06:00+00:00, run_after=2024-10-02T02:08:00+00:00
[2024-10-02T02:08:57.142+0000] {processor.py:179} INFO - Processing /home/airflow/.local/lib/python3.8/site-packages/airflow/example_dags/example_sla_dag.py took 0.136 seconds
[2024-10-02T02:09:28.396+0000] {processor.py:157} INFO - Started process (PID=353) to work on /home/airflow/.local/lib/python3.8/site-packages/airflow/example_dags/example_sla_dag.py
[2024-10-02T02:09:28.400+0000] {processor.py:829} INFO - Processing file /home/airflow/.local/lib/python3.8/site-packages/airflow/example_dags/example_sla_dag.py for tasks to queue
[2024-10-02T02:09:28.404+0000] {logging_mixin.py:151} INFO - [2024-10-02T02:09:28.403+0000] {dagbag.py:539} INFO - Filling up the DagBag from /home/airflow/.local/lib/python3.8/site-packages/airflow/example_dags/example_sla_dag.py
[2024-10-02T02:09:28.423+0000] {processor.py:839} INFO - DAG(s) dict_keys(['example_sla_dag']) retrieved from /home/airflow/.local/lib/python3.8/site-packages/airflow/example_dags/example_sla_dag.py
[2024-10-02T02:09:28.462+0000] {logging_mixin.py:151} INFO - [2024-10-02T02:09:28.461+0000] {dag.py:2915} INFO - Sync 1 DAGs
[2024-10-02T02:09:28.513+0000] {logging_mixin.py:151} INFO - [2024-10-02T02:09:28.513+0000] {dag.py:3696} INFO - Setting next_dagrun for example_sla_dag to 2024-10-02T02:06:00+00:00, run_after=2024-10-02T02:08:00+00:00
[2024-10-02T02:09:28.554+0000] {processor.py:179} INFO - Processing /home/airflow/.local/lib/python3.8/site-packages/airflow/example_dags/example_sla_dag.py took 0.162 seconds
[2024-10-02T02:09:59.423+0000] {processor.py:157} INFO - Started process (PID=401) to work on /home/airflow/.local/lib/python3.8/site-packages/airflow/example_dags/example_sla_dag.py
[2024-10-02T02:09:59.427+0000] {processor.py:829} INFO - Processing file /home/airflow/.local/lib/python3.8/site-packages/airflow/example_dags/example_sla_dag.py for tasks to queue
[2024-10-02T02:09:59.431+0000] {logging_mixin.py:151} INFO - [2024-10-02T02:09:59.430+0000] {dagbag.py:539} INFO - Filling up the DagBag from /home/airflow/.local/lib/python3.8/site-packages/airflow/example_dags/example_sla_dag.py
[2024-10-02T02:09:59.452+0000] {processor.py:839} INFO - DAG(s) dict_keys(['example_sla_dag']) retrieved from /home/airflow/.local/lib/python3.8/site-packages/airflow/example_dags/example_sla_dag.py
[2024-10-02T02:09:59.494+0000] {logging_mixin.py:151} INFO - [2024-10-02T02:09:59.493+0000] {dag.py:2915} INFO - Sync 1 DAGs
[2024-10-02T02:09:59.543+0000] {logging_mixin.py:151} INFO - [2024-10-02T02:09:59.542+0000] {dag.py:3696} INFO - Setting next_dagrun for example_sla_dag to 2024-10-02T02:06:00+00:00, run_after=2024-10-02T02:08:00+00:00
[2024-10-02T02:09:59.581+0000] {processor.py:179} INFO - Processing /home/airflow/.local/lib/python3.8/site-packages/airflow/example_dags/example_sla_dag.py took 0.166 seconds
[2024-10-02T02:10:29.987+0000] {processor.py:157} INFO - Started process (PID=449) to work on /home/airflow/.local/lib/python3.8/site-packages/airflow/example_dags/example_sla_dag.py
[2024-10-02T02:10:30.005+0000] {processor.py:829} INFO - Processing file /home/airflow/.local/lib/python3.8/site-packages/airflow/example_dags/example_sla_dag.py for tasks to queue
[2024-10-02T02:10:30.017+0000] {logging_mixin.py:151} INFO - [2024-10-02T02:10:30.015+0000] {dagbag.py:539} INFO - Filling up the DagBag from /home/airflow/.local/lib/python3.8/site-packages/airflow/example_dags/example_sla_dag.py
[2024-10-02T02:10:30.088+0000] {processor.py:839} INFO - DAG(s) dict_keys(['example_sla_dag']) retrieved from /home/airflow/.local/lib/python3.8/site-packages/airflow/example_dags/example_sla_dag.py
[2024-10-02T02:10:30.486+0000] {logging_mixin.py:151} INFO - [2024-10-02T02:10:30.485+0000] {dag.py:2915} INFO - Sync 1 DAGs
[2024-10-02T02:10:30.788+0000] {logging_mixin.py:151} INFO - [2024-10-02T02:10:30.779+0000] {dag.py:3696} INFO - Setting next_dagrun for example_sla_dag to 2024-10-02T02:08:00+00:00, run_after=2024-10-02T02:10:00+00:00
[2024-10-02T02:10:31.144+0000] {processor.py:179} INFO - Processing /home/airflow/.local/lib/python3.8/site-packages/airflow/example_dags/example_sla_dag.py took 1.174 seconds
