[2024-10-02 01:23:31,517] {scheduler_job.py:182} INFO - Started process (PID=46) to work on /home/airflow/.local/lib/python3.6/site-packages/airflow/example_dags/example_branch_operator.py
[2024-10-02 01:23:31,519] {scheduler_job.py:629} INFO - Processing file /home/airflow/.local/lib/python3.6/site-packages/airflow/example_dags/example_branch_operator.py for tasks to queue
[2024-10-02 01:23:31,520] {logging_mixin.py:104} INFO - [2024-10-02 01:23:31,520] {dagbag.py:451} INFO - Filling up the DagBag from /home/airflow/.local/lib/python3.6/site-packages/airflow/example_dags/example_branch_operator.py
[2024-10-02 01:23:31,538] {scheduler_job.py:639} INFO - DAG(s) dict_keys(['example_branch_operator']) retrieved from /home/airflow/.local/lib/python3.6/site-packages/airflow/example_dags/example_branch_operator.py
[2024-10-02 01:23:31,585] {logging_mixin.py:104} INFO - [2024-10-02 01:23:31,585] {dag.py:1824} INFO - Sync 1 DAGs
[2024-10-02 01:23:31,594] {logging_mixin.py:104} INFO - [2024-10-02 01:23:31,594] {dag.py:1843} INFO - Creating ORM DAG for example_branch_operator
[2024-10-02 01:23:31,608] {logging_mixin.py:104} INFO - [2024-10-02 01:23:31,607] {dag.py:2280} INFO - Setting next_dagrun for example_branch_operator to 2024-09-30 00:00:00+00:00
[2024-10-02 01:23:31,621] {scheduler_job.py:190} INFO - Processing /home/airflow/.local/lib/python3.6/site-packages/airflow/example_dags/example_branch_operator.py took 0.108 seconds
[2024-10-02 01:24:02,748] {scheduler_job.py:182} INFO - Started process (PID=76) to work on /home/airflow/.local/lib/python3.6/site-packages/airflow/example_dags/example_branch_operator.py
[2024-10-02 01:24:02,752] {scheduler_job.py:629} INFO - Processing file /home/airflow/.local/lib/python3.6/site-packages/airflow/example_dags/example_branch_operator.py for tasks to queue
[2024-10-02 01:24:02,754] {logging_mixin.py:104} INFO - [2024-10-02 01:24:02,754] {dagbag.py:451} INFO - Filling up the DagBag from /home/airflow/.local/lib/python3.6/site-packages/airflow/example_dags/example_branch_operator.py
[2024-10-02 01:24:02,777] {scheduler_job.py:639} INFO - DAG(s) dict_keys(['example_branch_operator']) retrieved from /home/airflow/.local/lib/python3.6/site-packages/airflow/example_dags/example_branch_operator.py
[2024-10-02 01:24:02,817] {logging_mixin.py:104} INFO - [2024-10-02 01:24:02,817] {dag.py:1824} INFO - Sync 1 DAGs
[2024-10-02 01:24:02,846] {logging_mixin.py:104} INFO - [2024-10-02 01:24:02,845] {dag.py:2280} INFO - Setting next_dagrun for example_branch_operator to 2024-09-30 00:00:00+00:00
[2024-10-02 01:24:02,864] {scheduler_job.py:190} INFO - Processing /home/airflow/.local/lib/python3.6/site-packages/airflow/example_dags/example_branch_operator.py took 0.120 seconds
[2024-10-02 01:24:33,159] {scheduler_job.py:182} INFO - Started process (PID=104) to work on /home/airflow/.local/lib/python3.6/site-packages/airflow/example_dags/example_branch_operator.py
[2024-10-02 01:24:33,162] {scheduler_job.py:629} INFO - Processing file /home/airflow/.local/lib/python3.6/site-packages/airflow/example_dags/example_branch_operator.py for tasks to queue
[2024-10-02 01:24:33,163] {logging_mixin.py:104} INFO - [2024-10-02 01:24:33,163] {dagbag.py:451} INFO - Filling up the DagBag from /home/airflow/.local/lib/python3.6/site-packages/airflow/example_dags/example_branch_operator.py
[2024-10-02 01:24:33,180] {scheduler_job.py:639} INFO - DAG(s) dict_keys(['example_branch_operator']) retrieved from /home/airflow/.local/lib/python3.6/site-packages/airflow/example_dags/example_branch_operator.py
[2024-10-02 01:24:33,204] {logging_mixin.py:104} INFO - [2024-10-02 01:24:33,204] {dag.py:1824} INFO - Sync 1 DAGs
[2024-10-02 01:24:33,232] {logging_mixin.py:104} INFO - [2024-10-02 01:24:33,231] {dag.py:2280} INFO - Setting next_dagrun for example_branch_operator to 2024-09-30 00:00:00+00:00
[2024-10-02 01:24:33,243] {scheduler_job.py:190} INFO - Processing /home/airflow/.local/lib/python3.6/site-packages/airflow/example_dags/example_branch_operator.py took 0.086 seconds
[2024-10-02 01:25:03,818] {scheduler_job.py:182} INFO - Started process (PID=125) to work on /home/airflow/.local/lib/python3.6/site-packages/airflow/example_dags/example_branch_operator.py
[2024-10-02 01:25:03,829] {scheduler_job.py:629} INFO - Processing file /home/airflow/.local/lib/python3.6/site-packages/airflow/example_dags/example_branch_operator.py for tasks to queue
[2024-10-02 01:25:03,832] {logging_mixin.py:104} INFO - [2024-10-02 01:25:03,832] {dagbag.py:451} INFO - Filling up the DagBag from /home/airflow/.local/lib/python3.6/site-packages/airflow/example_dags/example_branch_operator.py
[2024-10-02 01:25:03,863] {scheduler_job.py:639} INFO - DAG(s) dict_keys(['example_branch_operator']) retrieved from /home/airflow/.local/lib/python3.6/site-packages/airflow/example_dags/example_branch_operator.py
[2024-10-02 01:25:03,938] {logging_mixin.py:104} INFO - [2024-10-02 01:25:03,937] {dag.py:1824} INFO - Sync 1 DAGs
[2024-10-02 01:25:04,005] {logging_mixin.py:104} INFO - [2024-10-02 01:25:04,005] {dag.py:2280} INFO - Setting next_dagrun for example_branch_operator to 2024-09-30 00:00:00+00:00
[2024-10-02 01:25:04,029] {scheduler_job.py:190} INFO - Processing /home/airflow/.local/lib/python3.6/site-packages/airflow/example_dags/example_branch_operator.py took 0.215 seconds
[2024-10-02 01:25:34,209] {scheduler_job.py:182} INFO - Started process (PID=152) to work on /home/airflow/.local/lib/python3.6/site-packages/airflow/example_dags/example_branch_operator.py
[2024-10-02 01:25:34,213] {scheduler_job.py:629} INFO - Processing file /home/airflow/.local/lib/python3.6/site-packages/airflow/example_dags/example_branch_operator.py for tasks to queue
[2024-10-02 01:25:34,215] {logging_mixin.py:104} INFO - [2024-10-02 01:25:34,215] {dagbag.py:451} INFO - Filling up the DagBag from /home/airflow/.local/lib/python3.6/site-packages/airflow/example_dags/example_branch_operator.py
[2024-10-02 01:25:34,241] {scheduler_job.py:639} INFO - DAG(s) dict_keys(['example_branch_operator']) retrieved from /home/airflow/.local/lib/python3.6/site-packages/airflow/example_dags/example_branch_operator.py
[2024-10-02 01:25:34,269] {logging_mixin.py:104} INFO - [2024-10-02 01:25:34,269] {dag.py:1824} INFO - Sync 1 DAGs
[2024-10-02 01:25:34,290] {logging_mixin.py:104} INFO - [2024-10-02 01:25:34,290] {dag.py:2280} INFO - Setting next_dagrun for example_branch_operator to 2024-09-30 00:00:00+00:00
[2024-10-02 01:25:34,300] {scheduler_job.py:190} INFO - Processing /home/airflow/.local/lib/python3.6/site-packages/airflow/example_dags/example_branch_operator.py took 0.097 seconds
[2024-10-02 01:26:05,061] {scheduler_job.py:182} INFO - Started process (PID=176) to work on /home/airflow/.local/lib/python3.6/site-packages/airflow/example_dags/example_branch_operator.py
[2024-10-02 01:26:05,065] {scheduler_job.py:629} INFO - Processing file /home/airflow/.local/lib/python3.6/site-packages/airflow/example_dags/example_branch_operator.py for tasks to queue
[2024-10-02 01:26:05,068] {logging_mixin.py:104} INFO - [2024-10-02 01:26:05,067] {dagbag.py:451} INFO - Filling up the DagBag from /home/airflow/.local/lib/python3.6/site-packages/airflow/example_dags/example_branch_operator.py
[2024-10-02 01:26:05,095] {scheduler_job.py:639} INFO - DAG(s) dict_keys(['example_branch_operator']) retrieved from /home/airflow/.local/lib/python3.6/site-packages/airflow/example_dags/example_branch_operator.py
[2024-10-02 01:26:05,145] {logging_mixin.py:104} INFO - [2024-10-02 01:26:05,145] {dag.py:1824} INFO - Sync 1 DAGs
[2024-10-02 01:26:05,193] {logging_mixin.py:104} INFO - [2024-10-02 01:26:05,193] {dag.py:2280} INFO - Setting next_dagrun for example_branch_operator to 2024-09-30 00:00:00+00:00
[2024-10-02 01:26:05,213] {scheduler_job.py:190} INFO - Processing /home/airflow/.local/lib/python3.6/site-packages/airflow/example_dags/example_branch_operator.py took 0.157 seconds
[2024-10-02 01:26:35,442] {scheduler_job.py:182} INFO - Started process (PID=203) to work on /home/airflow/.local/lib/python3.6/site-packages/airflow/example_dags/example_branch_operator.py
[2024-10-02 01:26:35,444] {scheduler_job.py:629} INFO - Processing file /home/airflow/.local/lib/python3.6/site-packages/airflow/example_dags/example_branch_operator.py for tasks to queue
[2024-10-02 01:26:35,445] {logging_mixin.py:104} INFO - [2024-10-02 01:26:35,445] {dagbag.py:451} INFO - Filling up the DagBag from /home/airflow/.local/lib/python3.6/site-packages/airflow/example_dags/example_branch_operator.py
[2024-10-02 01:26:35,465] {scheduler_job.py:639} INFO - DAG(s) dict_keys(['example_branch_operator']) retrieved from /home/airflow/.local/lib/python3.6/site-packages/airflow/example_dags/example_branch_operator.py
[2024-10-02 01:26:35,493] {logging_mixin.py:104} INFO - [2024-10-02 01:26:35,493] {dag.py:1824} INFO - Sync 1 DAGs
[2024-10-02 01:26:35,514] {logging_mixin.py:104} INFO - [2024-10-02 01:26:35,514] {dag.py:2280} INFO - Setting next_dagrun for example_branch_operator to 2024-09-30 00:00:00+00:00
[2024-10-02 01:26:35,524] {scheduler_job.py:190} INFO - Processing /home/airflow/.local/lib/python3.6/site-packages/airflow/example_dags/example_branch_operator.py took 0.085 seconds
[2024-10-02 01:27:06,164] {scheduler_job.py:182} INFO - Started process (PID=230) to work on /home/airflow/.local/lib/python3.6/site-packages/airflow/example_dags/example_branch_operator.py
[2024-10-02 01:27:06,166] {scheduler_job.py:629} INFO - Processing file /home/airflow/.local/lib/python3.6/site-packages/airflow/example_dags/example_branch_operator.py for tasks to queue
[2024-10-02 01:27:06,167] {logging_mixin.py:104} INFO - [2024-10-02 01:27:06,167] {dagbag.py:451} INFO - Filling up the DagBag from /home/airflow/.local/lib/python3.6/site-packages/airflow/example_dags/example_branch_operator.py
[2024-10-02 01:27:06,192] {scheduler_job.py:639} INFO - DAG(s) dict_keys(['example_branch_operator']) retrieved from /home/airflow/.local/lib/python3.6/site-packages/airflow/example_dags/example_branch_operator.py
[2024-10-02 01:27:06,235] {logging_mixin.py:104} INFO - [2024-10-02 01:27:06,235] {dag.py:1824} INFO - Sync 1 DAGs
[2024-10-02 01:27:06,263] {logging_mixin.py:104} INFO - [2024-10-02 01:27:06,263] {dag.py:2280} INFO - Setting next_dagrun for example_branch_operator to 2024-09-30 00:00:00+00:00
[2024-10-02 01:27:06,291] {scheduler_job.py:190} INFO - Processing /home/airflow/.local/lib/python3.6/site-packages/airflow/example_dags/example_branch_operator.py took 0.130 seconds
[2024-10-02 01:27:37,186] {scheduler_job.py:182} INFO - Started process (PID=252) to work on /home/airflow/.local/lib/python3.6/site-packages/airflow/example_dags/example_branch_operator.py
[2024-10-02 01:27:37,188] {scheduler_job.py:629} INFO - Processing file /home/airflow/.local/lib/python3.6/site-packages/airflow/example_dags/example_branch_operator.py for tasks to queue
[2024-10-02 01:27:37,192] {logging_mixin.py:104} INFO - [2024-10-02 01:27:37,191] {dagbag.py:451} INFO - Filling up the DagBag from /home/airflow/.local/lib/python3.6/site-packages/airflow/example_dags/example_branch_operator.py
[2024-10-02 01:27:37,219] {scheduler_job.py:639} INFO - DAG(s) dict_keys(['example_branch_operator']) retrieved from /home/airflow/.local/lib/python3.6/site-packages/airflow/example_dags/example_branch_operator.py
[2024-10-02 01:27:37,283] {logging_mixin.py:104} INFO - [2024-10-02 01:27:37,283] {dag.py:1824} INFO - Sync 1 DAGs
[2024-10-02 01:27:37,316] {logging_mixin.py:104} INFO - [2024-10-02 01:27:37,316] {dag.py:2280} INFO - Setting next_dagrun for example_branch_operator to 2024-09-30 00:00:00+00:00
[2024-10-02 01:27:37,365] {scheduler_job.py:190} INFO - Processing /home/airflow/.local/lib/python3.6/site-packages/airflow/example_dags/example_branch_operator.py took 0.183 seconds
[2024-10-02 01:28:08,268] {scheduler_job.py:182} INFO - Started process (PID=280) to work on /home/airflow/.local/lib/python3.6/site-packages/airflow/example_dags/example_branch_operator.py
[2024-10-02 01:28:08,270] {scheduler_job.py:629} INFO - Processing file /home/airflow/.local/lib/python3.6/site-packages/airflow/example_dags/example_branch_operator.py for tasks to queue
[2024-10-02 01:28:08,271] {logging_mixin.py:104} INFO - [2024-10-02 01:28:08,271] {dagbag.py:451} INFO - Filling up the DagBag from /home/airflow/.local/lib/python3.6/site-packages/airflow/example_dags/example_branch_operator.py
[2024-10-02 01:28:08,286] {scheduler_job.py:639} INFO - DAG(s) dict_keys(['example_branch_operator']) retrieved from /home/airflow/.local/lib/python3.6/site-packages/airflow/example_dags/example_branch_operator.py
[2024-10-02 01:28:08,311] {logging_mixin.py:104} INFO - [2024-10-02 01:28:08,311] {dag.py:1824} INFO - Sync 1 DAGs
[2024-10-02 01:28:08,331] {logging_mixin.py:104} INFO - [2024-10-02 01:28:08,331] {dag.py:2280} INFO - Setting next_dagrun for example_branch_operator to 2024-09-30 00:00:00+00:00
[2024-10-02 01:28:08,342] {scheduler_job.py:190} INFO - Processing /home/airflow/.local/lib/python3.6/site-packages/airflow/example_dags/example_branch_operator.py took 0.077 seconds
[2024-10-02 01:28:39,011] {scheduler_job.py:182} INFO - Started process (PID=306) to work on /home/airflow/.local/lib/python3.6/site-packages/airflow/example_dags/example_branch_operator.py
[2024-10-02 01:28:39,013] {scheduler_job.py:629} INFO - Processing file /home/airflow/.local/lib/python3.6/site-packages/airflow/example_dags/example_branch_operator.py for tasks to queue
[2024-10-02 01:28:39,015] {logging_mixin.py:104} INFO - [2024-10-02 01:28:39,015] {dagbag.py:451} INFO - Filling up the DagBag from /home/airflow/.local/lib/python3.6/site-packages/airflow/example_dags/example_branch_operator.py
[2024-10-02 01:28:39,032] {scheduler_job.py:639} INFO - DAG(s) dict_keys(['example_branch_operator']) retrieved from /home/airflow/.local/lib/python3.6/site-packages/airflow/example_dags/example_branch_operator.py
[2024-10-02 01:28:39,063] {logging_mixin.py:104} INFO - [2024-10-02 01:28:39,063] {dag.py:1824} INFO - Sync 1 DAGs
[2024-10-02 01:28:39,088] {logging_mixin.py:104} INFO - [2024-10-02 01:28:39,088] {dag.py:2280} INFO - Setting next_dagrun for example_branch_operator to 2024-09-30 00:00:00+00:00
[2024-10-02 01:28:39,102] {scheduler_job.py:190} INFO - Processing /home/airflow/.local/lib/python3.6/site-packages/airflow/example_dags/example_branch_operator.py took 0.094 seconds
[2024-10-02T01:32:16.565+0000] {processor.py:157} INFO - Started process (PID=61) to work on /home/airflow/.local/lib/python3.8/site-packages/airflow/example_dags/example_branch_operator.py
[2024-10-02T01:32:16.567+0000] {processor.py:829} INFO - Processing file /home/airflow/.local/lib/python3.8/site-packages/airflow/example_dags/example_branch_operator.py for tasks to queue
[2024-10-02T01:32:16.571+0000] {logging_mixin.py:151} INFO - [2024-10-02T01:32:16.570+0000] {dagbag.py:539} INFO - Filling up the DagBag from /home/airflow/.local/lib/python3.8/site-packages/airflow/example_dags/example_branch_operator.py
[2024-10-02T01:32:16.590+0000] {processor.py:839} INFO - DAG(s) dict_keys(['example_branch_operator']) retrieved from /home/airflow/.local/lib/python3.8/site-packages/airflow/example_dags/example_branch_operator.py
[2024-10-02T01:32:16.733+0000] {logging_mixin.py:151} INFO - [2024-10-02T01:32:16.733+0000] {manager.py:499} INFO - Created Permission View: %s
[2024-10-02T01:32:16.769+0000] {logging_mixin.py:151} INFO - [2024-10-02T01:32:16.768+0000] {manager.py:499} INFO - Created Permission View: %s
[2024-10-02T01:32:16.784+0000] {logging_mixin.py:151} INFO - [2024-10-02T01:32:16.783+0000] {manager.py:499} INFO - Created Permission View: %s
[2024-10-02T01:32:16.797+0000] {logging_mixin.py:151} INFO - [2024-10-02T01:32:16.797+0000] {security.py:708} INFO - Not syncing DAG-level permissions for DAG 'DAG:example_branch_operator' as access control is unset.
[2024-10-02T01:32:16.802+0000] {logging_mixin.py:151} INFO - [2024-10-02T01:32:16.801+0000] {dag.py:2915} INFO - Sync 1 DAGs
[2024-10-02T01:32:16.824+0000] {logging_mixin.py:151} INFO - [2024-10-02T01:32:16.824+0000] {dag.py:2937} INFO - Creating ORM DAG for example_branch_operator
[2024-10-02T01:32:16.840+0000] {logging_mixin.py:151} INFO - [2024-10-02T01:32:16.840+0000] {dag.py:3696} INFO - Setting next_dagrun for example_branch_operator to 2024-10-01T00:00:00+00:00, run_after=2024-10-02T00:00:00+00:00
[2024-10-02T01:32:16.864+0000] {processor.py:179} INFO - Processing /home/airflow/.local/lib/python3.8/site-packages/airflow/example_dags/example_branch_operator.py took 0.302 seconds
[2024-10-02T01:32:47.025+0000] {processor.py:157} INFO - Started process (PID=109) to work on /home/airflow/.local/lib/python3.8/site-packages/airflow/example_dags/example_branch_operator.py
[2024-10-02T01:32:47.030+0000] {processor.py:829} INFO - Processing file /home/airflow/.local/lib/python3.8/site-packages/airflow/example_dags/example_branch_operator.py for tasks to queue
[2024-10-02T01:32:47.035+0000] {logging_mixin.py:151} INFO - [2024-10-02T01:32:47.034+0000] {dagbag.py:539} INFO - Filling up the DagBag from /home/airflow/.local/lib/python3.8/site-packages/airflow/example_dags/example_branch_operator.py
[2024-10-02T01:32:47.057+0000] {processor.py:839} INFO - DAG(s) dict_keys(['example_branch_operator']) retrieved from /home/airflow/.local/lib/python3.8/site-packages/airflow/example_dags/example_branch_operator.py
[2024-10-02T01:32:47.095+0000] {logging_mixin.py:151} INFO - [2024-10-02T01:32:47.094+0000] {dag.py:2915} INFO - Sync 1 DAGs
[2024-10-02T01:32:47.129+0000] {logging_mixin.py:151} INFO - [2024-10-02T01:32:47.128+0000] {dag.py:3696} INFO - Setting next_dagrun for example_branch_operator to 2024-10-01T00:00:00+00:00, run_after=2024-10-02T00:00:00+00:00
[2024-10-02T01:32:47.155+0000] {processor.py:179} INFO - Processing /home/airflow/.local/lib/python3.8/site-packages/airflow/example_dags/example_branch_operator.py took 0.138 seconds
[2024-10-02T01:33:17.912+0000] {processor.py:157} INFO - Started process (PID=157) to work on /home/airflow/.local/lib/python3.8/site-packages/airflow/example_dags/example_branch_operator.py
[2024-10-02T01:33:17.913+0000] {processor.py:829} INFO - Processing file /home/airflow/.local/lib/python3.8/site-packages/airflow/example_dags/example_branch_operator.py for tasks to queue
[2024-10-02T01:33:17.917+0000] {logging_mixin.py:151} INFO - [2024-10-02T01:33:17.916+0000] {dagbag.py:539} INFO - Filling up the DagBag from /home/airflow/.local/lib/python3.8/site-packages/airflow/example_dags/example_branch_operator.py
[2024-10-02T01:33:17.940+0000] {processor.py:839} INFO - DAG(s) dict_keys(['example_branch_operator']) retrieved from /home/airflow/.local/lib/python3.8/site-packages/airflow/example_dags/example_branch_operator.py
[2024-10-02T01:33:17.985+0000] {logging_mixin.py:151} INFO - [2024-10-02T01:33:17.984+0000] {dag.py:2915} INFO - Sync 1 DAGs
[2024-10-02T01:33:18.011+0000] {logging_mixin.py:151} INFO - [2024-10-02T01:33:18.011+0000] {dag.py:3696} INFO - Setting next_dagrun for example_branch_operator to 2024-10-01T00:00:00+00:00, run_after=2024-10-02T00:00:00+00:00
[2024-10-02T01:33:18.032+0000] {processor.py:179} INFO - Processing /home/airflow/.local/lib/python3.8/site-packages/airflow/example_dags/example_branch_operator.py took 0.124 seconds
[2024-10-02T01:33:48.339+0000] {processor.py:157} INFO - Started process (PID=204) to work on /home/airflow/.local/lib/python3.8/site-packages/airflow/example_dags/example_branch_operator.py
[2024-10-02T01:33:48.342+0000] {processor.py:829} INFO - Processing file /home/airflow/.local/lib/python3.8/site-packages/airflow/example_dags/example_branch_operator.py for tasks to queue
[2024-10-02T01:33:48.348+0000] {logging_mixin.py:151} INFO - [2024-10-02T01:33:48.347+0000] {dagbag.py:539} INFO - Filling up the DagBag from /home/airflow/.local/lib/python3.8/site-packages/airflow/example_dags/example_branch_operator.py
[2024-10-02T01:33:48.366+0000] {processor.py:839} INFO - DAG(s) dict_keys(['example_branch_operator']) retrieved from /home/airflow/.local/lib/python3.8/site-packages/airflow/example_dags/example_branch_operator.py
[2024-10-02T01:33:48.406+0000] {logging_mixin.py:151} INFO - [2024-10-02T01:33:48.406+0000] {dag.py:2915} INFO - Sync 1 DAGs
[2024-10-02T01:33:48.438+0000] {logging_mixin.py:151} INFO - [2024-10-02T01:33:48.437+0000] {dag.py:3696} INFO - Setting next_dagrun for example_branch_operator to 2024-10-01T00:00:00+00:00, run_after=2024-10-02T00:00:00+00:00
[2024-10-02T01:33:48.471+0000] {processor.py:179} INFO - Processing /home/airflow/.local/lib/python3.8/site-packages/airflow/example_dags/example_branch_operator.py took 0.137 seconds
[2024-10-02T01:34:19.068+0000] {processor.py:157} INFO - Started process (PID=252) to work on /home/airflow/.local/lib/python3.8/site-packages/airflow/example_dags/example_branch_operator.py
[2024-10-02T01:34:19.071+0000] {processor.py:829} INFO - Processing file /home/airflow/.local/lib/python3.8/site-packages/airflow/example_dags/example_branch_operator.py for tasks to queue
[2024-10-02T01:34:19.076+0000] {logging_mixin.py:151} INFO - [2024-10-02T01:34:19.075+0000] {dagbag.py:539} INFO - Filling up the DagBag from /home/airflow/.local/lib/python3.8/site-packages/airflow/example_dags/example_branch_operator.py
[2024-10-02T01:34:19.093+0000] {processor.py:839} INFO - DAG(s) dict_keys(['example_branch_operator']) retrieved from /home/airflow/.local/lib/python3.8/site-packages/airflow/example_dags/example_branch_operator.py
[2024-10-02T01:34:19.134+0000] {logging_mixin.py:151} INFO - [2024-10-02T01:34:19.134+0000] {dag.py:2915} INFO - Sync 1 DAGs
[2024-10-02T01:34:19.176+0000] {logging_mixin.py:151} INFO - [2024-10-02T01:34:19.176+0000] {dag.py:3696} INFO - Setting next_dagrun for example_branch_operator to 2024-10-01T00:00:00+00:00, run_after=2024-10-02T00:00:00+00:00
[2024-10-02T01:34:19.201+0000] {processor.py:179} INFO - Processing /home/airflow/.local/lib/python3.8/site-packages/airflow/example_dags/example_branch_operator.py took 0.136 seconds
[2024-10-02T01:34:49.755+0000] {processor.py:157} INFO - Started process (PID=300) to work on /home/airflow/.local/lib/python3.8/site-packages/airflow/example_dags/example_branch_operator.py
[2024-10-02T01:34:49.758+0000] {processor.py:829} INFO - Processing file /home/airflow/.local/lib/python3.8/site-packages/airflow/example_dags/example_branch_operator.py for tasks to queue
[2024-10-02T01:34:49.765+0000] {logging_mixin.py:151} INFO - [2024-10-02T01:34:49.764+0000] {dagbag.py:539} INFO - Filling up the DagBag from /home/airflow/.local/lib/python3.8/site-packages/airflow/example_dags/example_branch_operator.py
[2024-10-02T01:34:49.789+0000] {processor.py:839} INFO - DAG(s) dict_keys(['example_branch_operator']) retrieved from /home/airflow/.local/lib/python3.8/site-packages/airflow/example_dags/example_branch_operator.py
[2024-10-02T01:34:49.828+0000] {logging_mixin.py:151} INFO - [2024-10-02T01:34:49.828+0000] {dag.py:2915} INFO - Sync 1 DAGs
[2024-10-02T01:34:49.862+0000] {logging_mixin.py:151} INFO - [2024-10-02T01:34:49.861+0000] {dag.py:3696} INFO - Setting next_dagrun for example_branch_operator to 2024-10-01T00:00:00+00:00, run_after=2024-10-02T00:00:00+00:00
[2024-10-02T01:34:49.899+0000] {processor.py:179} INFO - Processing /home/airflow/.local/lib/python3.8/site-packages/airflow/example_dags/example_branch_operator.py took 0.149 seconds
[2024-10-02T01:35:20.099+0000] {processor.py:157} INFO - Started process (PID=348) to work on /home/airflow/.local/lib/python3.8/site-packages/airflow/example_dags/example_branch_operator.py
[2024-10-02T01:35:20.102+0000] {processor.py:829} INFO - Processing file /home/airflow/.local/lib/python3.8/site-packages/airflow/example_dags/example_branch_operator.py for tasks to queue
[2024-10-02T01:35:20.106+0000] {logging_mixin.py:151} INFO - [2024-10-02T01:35:20.105+0000] {dagbag.py:539} INFO - Filling up the DagBag from /home/airflow/.local/lib/python3.8/site-packages/airflow/example_dags/example_branch_operator.py
[2024-10-02T01:35:20.136+0000] {processor.py:839} INFO - DAG(s) dict_keys(['example_branch_operator']) retrieved from /home/airflow/.local/lib/python3.8/site-packages/airflow/example_dags/example_branch_operator.py
[2024-10-02T01:35:20.178+0000] {logging_mixin.py:151} INFO - [2024-10-02T01:35:20.178+0000] {dag.py:2915} INFO - Sync 1 DAGs
[2024-10-02T01:35:20.208+0000] {logging_mixin.py:151} INFO - [2024-10-02T01:35:20.207+0000] {dag.py:3696} INFO - Setting next_dagrun for example_branch_operator to 2024-10-01T00:00:00+00:00, run_after=2024-10-02T00:00:00+00:00
[2024-10-02T01:35:20.241+0000] {processor.py:179} INFO - Processing /home/airflow/.local/lib/python3.8/site-packages/airflow/example_dags/example_branch_operator.py took 0.147 seconds
[2024-10-02T01:35:51.155+0000] {processor.py:157} INFO - Started process (PID=397) to work on /home/airflow/.local/lib/python3.8/site-packages/airflow/example_dags/example_branch_operator.py
[2024-10-02T01:35:51.158+0000] {processor.py:829} INFO - Processing file /home/airflow/.local/lib/python3.8/site-packages/airflow/example_dags/example_branch_operator.py for tasks to queue
[2024-10-02T01:35:51.163+0000] {logging_mixin.py:151} INFO - [2024-10-02T01:35:51.162+0000] {dagbag.py:539} INFO - Filling up the DagBag from /home/airflow/.local/lib/python3.8/site-packages/airflow/example_dags/example_branch_operator.py
[2024-10-02T01:35:51.186+0000] {processor.py:839} INFO - DAG(s) dict_keys(['example_branch_operator']) retrieved from /home/airflow/.local/lib/python3.8/site-packages/airflow/example_dags/example_branch_operator.py
[2024-10-02T01:35:51.233+0000] {logging_mixin.py:151} INFO - [2024-10-02T01:35:51.233+0000] {dag.py:2915} INFO - Sync 1 DAGs
[2024-10-02T01:35:51.281+0000] {logging_mixin.py:151} INFO - [2024-10-02T01:35:51.281+0000] {dag.py:3696} INFO - Setting next_dagrun for example_branch_operator to 2024-10-01T00:00:00+00:00, run_after=2024-10-02T00:00:00+00:00
[2024-10-02T01:35:51.310+0000] {processor.py:179} INFO - Processing /home/airflow/.local/lib/python3.8/site-packages/airflow/example_dags/example_branch_operator.py took 0.166 seconds
[2024-10-02T01:36:22.175+0000] {processor.py:157} INFO - Started process (PID=445) to work on /home/airflow/.local/lib/python3.8/site-packages/airflow/example_dags/example_branch_operator.py
[2024-10-02T01:36:22.179+0000] {processor.py:829} INFO - Processing file /home/airflow/.local/lib/python3.8/site-packages/airflow/example_dags/example_branch_operator.py for tasks to queue
[2024-10-02T01:36:22.185+0000] {logging_mixin.py:151} INFO - [2024-10-02T01:36:22.185+0000] {dagbag.py:539} INFO - Filling up the DagBag from /home/airflow/.local/lib/python3.8/site-packages/airflow/example_dags/example_branch_operator.py
[2024-10-02T01:36:22.215+0000] {processor.py:839} INFO - DAG(s) dict_keys(['example_branch_operator']) retrieved from /home/airflow/.local/lib/python3.8/site-packages/airflow/example_dags/example_branch_operator.py
[2024-10-02T01:36:22.271+0000] {logging_mixin.py:151} INFO - [2024-10-02T01:36:22.271+0000] {dag.py:2915} INFO - Sync 1 DAGs
[2024-10-02T01:36:22.308+0000] {logging_mixin.py:151} INFO - [2024-10-02T01:36:22.307+0000] {dag.py:3696} INFO - Setting next_dagrun for example_branch_operator to 2024-10-01T00:00:00+00:00, run_after=2024-10-02T00:00:00+00:00
[2024-10-02T01:36:22.343+0000] {processor.py:179} INFO - Processing /home/airflow/.local/lib/python3.8/site-packages/airflow/example_dags/example_branch_operator.py took 0.172 seconds
[2024-10-02T01:36:52.863+0000] {processor.py:157} INFO - Started process (PID=493) to work on /home/airflow/.local/lib/python3.8/site-packages/airflow/example_dags/example_branch_operator.py
[2024-10-02T01:36:52.865+0000] {processor.py:829} INFO - Processing file /home/airflow/.local/lib/python3.8/site-packages/airflow/example_dags/example_branch_operator.py for tasks to queue
[2024-10-02T01:36:52.869+0000] {logging_mixin.py:151} INFO - [2024-10-02T01:36:52.869+0000] {dagbag.py:539} INFO - Filling up the DagBag from /home/airflow/.local/lib/python3.8/site-packages/airflow/example_dags/example_branch_operator.py
[2024-10-02T01:36:52.891+0000] {processor.py:839} INFO - DAG(s) dict_keys(['example_branch_operator']) retrieved from /home/airflow/.local/lib/python3.8/site-packages/airflow/example_dags/example_branch_operator.py
[2024-10-02T01:36:52.943+0000] {logging_mixin.py:151} INFO - [2024-10-02T01:36:52.942+0000] {dag.py:2915} INFO - Sync 1 DAGs
[2024-10-02T01:36:52.982+0000] {logging_mixin.py:151} INFO - [2024-10-02T01:36:52.981+0000] {dag.py:3696} INFO - Setting next_dagrun for example_branch_operator to 2024-10-01T00:00:00+00:00, run_after=2024-10-02T00:00:00+00:00
[2024-10-02T01:36:53.024+0000] {processor.py:179} INFO - Processing /home/airflow/.local/lib/python3.8/site-packages/airflow/example_dags/example_branch_operator.py took 0.166 seconds
[2024-10-02T01:37:23.358+0000] {processor.py:157} INFO - Started process (PID=540) to work on /home/airflow/.local/lib/python3.8/site-packages/airflow/example_dags/example_branch_operator.py
[2024-10-02T01:37:23.362+0000] {processor.py:829} INFO - Processing file /home/airflow/.local/lib/python3.8/site-packages/airflow/example_dags/example_branch_operator.py for tasks to queue
[2024-10-02T01:37:23.368+0000] {logging_mixin.py:151} INFO - [2024-10-02T01:37:23.367+0000] {dagbag.py:539} INFO - Filling up the DagBag from /home/airflow/.local/lib/python3.8/site-packages/airflow/example_dags/example_branch_operator.py
[2024-10-02T01:37:23.407+0000] {processor.py:839} INFO - DAG(s) dict_keys(['example_branch_operator']) retrieved from /home/airflow/.local/lib/python3.8/site-packages/airflow/example_dags/example_branch_operator.py
[2024-10-02T01:37:23.523+0000] {logging_mixin.py:151} INFO - [2024-10-02T01:37:23.522+0000] {dag.py:2915} INFO - Sync 1 DAGs
[2024-10-02T01:37:23.669+0000] {logging_mixin.py:151} INFO - [2024-10-02T01:37:23.669+0000] {dag.py:3696} INFO - Setting next_dagrun for example_branch_operator to 2024-10-01T00:00:00+00:00, run_after=2024-10-02T00:00:00+00:00
[2024-10-02T01:37:23.809+0000] {processor.py:179} INFO - Processing /home/airflow/.local/lib/python3.8/site-packages/airflow/example_dags/example_branch_operator.py took 0.461 seconds
[2024-10-02T01:37:54.507+0000] {processor.py:157} INFO - Started process (PID=588) to work on /home/airflow/.local/lib/python3.8/site-packages/airflow/example_dags/example_branch_operator.py
[2024-10-02T01:37:54.511+0000] {processor.py:829} INFO - Processing file /home/airflow/.local/lib/python3.8/site-packages/airflow/example_dags/example_branch_operator.py for tasks to queue
[2024-10-02T01:37:54.516+0000] {logging_mixin.py:151} INFO - [2024-10-02T01:37:54.515+0000] {dagbag.py:539} INFO - Filling up the DagBag from /home/airflow/.local/lib/python3.8/site-packages/airflow/example_dags/example_branch_operator.py
[2024-10-02T01:37:54.535+0000] {processor.py:839} INFO - DAG(s) dict_keys(['example_branch_operator']) retrieved from /home/airflow/.local/lib/python3.8/site-packages/airflow/example_dags/example_branch_operator.py
[2024-10-02T01:37:54.572+0000] {logging_mixin.py:151} INFO - [2024-10-02T01:37:54.572+0000] {dag.py:2915} INFO - Sync 1 DAGs
[2024-10-02T01:37:54.618+0000] {logging_mixin.py:151} INFO - [2024-10-02T01:37:54.618+0000] {dag.py:3696} INFO - Setting next_dagrun for example_branch_operator to 2024-10-01T00:00:00+00:00, run_after=2024-10-02T00:00:00+00:00
[2024-10-02T01:37:54.666+0000] {processor.py:179} INFO - Processing /home/airflow/.local/lib/python3.8/site-packages/airflow/example_dags/example_branch_operator.py took 0.164 seconds
[2024-10-02T01:38:25.140+0000] {processor.py:157} INFO - Started process (PID=636) to work on /home/airflow/.local/lib/python3.8/site-packages/airflow/example_dags/example_branch_operator.py
[2024-10-02T01:38:25.143+0000] {processor.py:829} INFO - Processing file /home/airflow/.local/lib/python3.8/site-packages/airflow/example_dags/example_branch_operator.py for tasks to queue
[2024-10-02T01:38:25.147+0000] {logging_mixin.py:151} INFO - [2024-10-02T01:38:25.146+0000] {dagbag.py:539} INFO - Filling up the DagBag from /home/airflow/.local/lib/python3.8/site-packages/airflow/example_dags/example_branch_operator.py
[2024-10-02T01:38:25.167+0000] {processor.py:839} INFO - DAG(s) dict_keys(['example_branch_operator']) retrieved from /home/airflow/.local/lib/python3.8/site-packages/airflow/example_dags/example_branch_operator.py
[2024-10-02T01:38:25.212+0000] {logging_mixin.py:151} INFO - [2024-10-02T01:38:25.212+0000] {dag.py:2915} INFO - Sync 1 DAGs
[2024-10-02T01:38:25.246+0000] {logging_mixin.py:151} INFO - [2024-10-02T01:38:25.246+0000] {dag.py:3696} INFO - Setting next_dagrun for example_branch_operator to 2024-10-01T00:00:00+00:00, run_after=2024-10-02T00:00:00+00:00
[2024-10-02T01:38:25.279+0000] {processor.py:179} INFO - Processing /home/airflow/.local/lib/python3.8/site-packages/airflow/example_dags/example_branch_operator.py took 0.144 seconds
[2024-10-02T01:38:55.400+0000] {processor.py:157} INFO - Started process (PID=683) to work on /home/airflow/.local/lib/python3.8/site-packages/airflow/example_dags/example_branch_operator.py
[2024-10-02T01:38:55.404+0000] {processor.py:829} INFO - Processing file /home/airflow/.local/lib/python3.8/site-packages/airflow/example_dags/example_branch_operator.py for tasks to queue
[2024-10-02T01:38:55.408+0000] {logging_mixin.py:151} INFO - [2024-10-02T01:38:55.408+0000] {dagbag.py:539} INFO - Filling up the DagBag from /home/airflow/.local/lib/python3.8/site-packages/airflow/example_dags/example_branch_operator.py
[2024-10-02T01:38:55.424+0000] {processor.py:839} INFO - DAG(s) dict_keys(['example_branch_operator']) retrieved from /home/airflow/.local/lib/python3.8/site-packages/airflow/example_dags/example_branch_operator.py
[2024-10-02T01:38:55.469+0000] {logging_mixin.py:151} INFO - [2024-10-02T01:38:55.469+0000] {dag.py:2915} INFO - Sync 1 DAGs
[2024-10-02T01:38:55.510+0000] {logging_mixin.py:151} INFO - [2024-10-02T01:38:55.509+0000] {dag.py:3696} INFO - Setting next_dagrun for example_branch_operator to 2024-10-01T00:00:00+00:00, run_after=2024-10-02T00:00:00+00:00
[2024-10-02T01:38:55.536+0000] {processor.py:179} INFO - Processing /home/airflow/.local/lib/python3.8/site-packages/airflow/example_dags/example_branch_operator.py took 0.142 seconds
[2024-10-02T01:39:26.196+0000] {processor.py:157} INFO - Started process (PID=732) to work on /home/airflow/.local/lib/python3.8/site-packages/airflow/example_dags/example_branch_operator.py
[2024-10-02T01:39:26.198+0000] {processor.py:829} INFO - Processing file /home/airflow/.local/lib/python3.8/site-packages/airflow/example_dags/example_branch_operator.py for tasks to queue
[2024-10-02T01:39:26.206+0000] {logging_mixin.py:151} INFO - [2024-10-02T01:39:26.205+0000] {dagbag.py:539} INFO - Filling up the DagBag from /home/airflow/.local/lib/python3.8/site-packages/airflow/example_dags/example_branch_operator.py
[2024-10-02T01:39:26.233+0000] {processor.py:839} INFO - DAG(s) dict_keys(['example_branch_operator']) retrieved from /home/airflow/.local/lib/python3.8/site-packages/airflow/example_dags/example_branch_operator.py
[2024-10-02T01:39:26.297+0000] {logging_mixin.py:151} INFO - [2024-10-02T01:39:26.296+0000] {dag.py:2915} INFO - Sync 1 DAGs
[2024-10-02T01:39:26.349+0000] {logging_mixin.py:151} INFO - [2024-10-02T01:39:26.349+0000] {dag.py:3696} INFO - Setting next_dagrun for example_branch_operator to 2024-10-01T00:00:00+00:00, run_after=2024-10-02T00:00:00+00:00
[2024-10-02T01:39:26.389+0000] {processor.py:179} INFO - Processing /home/airflow/.local/lib/python3.8/site-packages/airflow/example_dags/example_branch_operator.py took 0.197 seconds
[2024-10-02T01:45:37.013+0000] {processor.py:157} INFO - Started process (PID=61) to work on /home/airflow/.local/lib/python3.8/site-packages/airflow/example_dags/example_branch_operator.py
[2024-10-02T01:45:37.017+0000] {processor.py:829} INFO - Processing file /home/airflow/.local/lib/python3.8/site-packages/airflow/example_dags/example_branch_operator.py for tasks to queue
[2024-10-02T01:45:37.023+0000] {logging_mixin.py:151} INFO - [2024-10-02T01:45:37.023+0000] {dagbag.py:539} INFO - Filling up the DagBag from /home/airflow/.local/lib/python3.8/site-packages/airflow/example_dags/example_branch_operator.py
[2024-10-02T01:45:37.046+0000] {processor.py:839} INFO - DAG(s) dict_keys(['example_branch_operator']) retrieved from /home/airflow/.local/lib/python3.8/site-packages/airflow/example_dags/example_branch_operator.py
[2024-10-02T01:45:37.258+0000] {logging_mixin.py:151} INFO - [2024-10-02T01:45:37.258+0000] {manager.py:499} INFO - Created Permission View: %s
[2024-10-02T01:45:37.279+0000] {logging_mixin.py:151} INFO - [2024-10-02T01:45:37.279+0000] {manager.py:499} INFO - Created Permission View: %s
[2024-10-02T01:45:37.301+0000] {logging_mixin.py:151} INFO - [2024-10-02T01:45:37.300+0000] {manager.py:499} INFO - Created Permission View: %s
[2024-10-02T01:45:37.307+0000] {logging_mixin.py:151} INFO - [2024-10-02T01:45:37.306+0000] {security.py:708} INFO - Not syncing DAG-level permissions for DAG 'DAG:example_branch_operator' as access control is unset.
[2024-10-02T01:45:37.313+0000] {logging_mixin.py:151} INFO - [2024-10-02T01:45:37.313+0000] {dag.py:2915} INFO - Sync 1 DAGs
[2024-10-02T01:45:37.334+0000] {logging_mixin.py:151} INFO - [2024-10-02T01:45:37.334+0000] {dag.py:2937} INFO - Creating ORM DAG for example_branch_operator
[2024-10-02T01:45:37.353+0000] {logging_mixin.py:151} INFO - [2024-10-02T01:45:37.353+0000] {dag.py:3696} INFO - Setting next_dagrun for example_branch_operator to 2024-10-01T00:00:00+00:00, run_after=2024-10-02T00:00:00+00:00
[2024-10-02T01:45:37.390+0000] {processor.py:179} INFO - Processing /home/airflow/.local/lib/python3.8/site-packages/airflow/example_dags/example_branch_operator.py took 0.383 seconds
[2024-10-02T01:46:08.291+0000] {processor.py:157} INFO - Started process (PID=109) to work on /home/airflow/.local/lib/python3.8/site-packages/airflow/example_dags/example_branch_operator.py
[2024-10-02T01:46:08.294+0000] {processor.py:829} INFO - Processing file /home/airflow/.local/lib/python3.8/site-packages/airflow/example_dags/example_branch_operator.py for tasks to queue
[2024-10-02T01:46:08.298+0000] {logging_mixin.py:151} INFO - [2024-10-02T01:46:08.298+0000] {dagbag.py:539} INFO - Filling up the DagBag from /home/airflow/.local/lib/python3.8/site-packages/airflow/example_dags/example_branch_operator.py
[2024-10-02T01:46:08.322+0000] {processor.py:839} INFO - DAG(s) dict_keys(['example_branch_operator']) retrieved from /home/airflow/.local/lib/python3.8/site-packages/airflow/example_dags/example_branch_operator.py
[2024-10-02T01:46:08.368+0000] {logging_mixin.py:151} INFO - [2024-10-02T01:46:08.367+0000] {dag.py:2915} INFO - Sync 1 DAGs
[2024-10-02T01:46:08.425+0000] {logging_mixin.py:151} INFO - [2024-10-02T01:46:08.425+0000] {dag.py:3696} INFO - Setting next_dagrun for example_branch_operator to 2024-10-01T00:00:00+00:00, run_after=2024-10-02T00:00:00+00:00
[2024-10-02T01:46:08.511+0000] {processor.py:179} INFO - Processing /home/airflow/.local/lib/python3.8/site-packages/airflow/example_dags/example_branch_operator.py took 0.224 seconds
[2024-10-02T01:47:04.362+0000] {processor.py:157} INFO - Started process (PID=61) to work on /home/airflow/.local/lib/python3.8/site-packages/airflow/example_dags/example_branch_operator.py
[2024-10-02T01:47:04.366+0000] {processor.py:829} INFO - Processing file /home/airflow/.local/lib/python3.8/site-packages/airflow/example_dags/example_branch_operator.py for tasks to queue
[2024-10-02T01:47:04.370+0000] {logging_mixin.py:151} INFO - [2024-10-02T01:47:04.370+0000] {dagbag.py:539} INFO - Filling up the DagBag from /home/airflow/.local/lib/python3.8/site-packages/airflow/example_dags/example_branch_operator.py
[2024-10-02T01:47:04.392+0000] {processor.py:839} INFO - DAG(s) dict_keys(['example_branch_operator']) retrieved from /home/airflow/.local/lib/python3.8/site-packages/airflow/example_dags/example_branch_operator.py
[2024-10-02T01:47:04.424+0000] {logging_mixin.py:151} INFO - [2024-10-02T01:47:04.423+0000] {dag.py:2915} INFO - Sync 1 DAGs
[2024-10-02T01:47:04.467+0000] {logging_mixin.py:151} INFO - [2024-10-02T01:47:04.467+0000] {dag.py:3696} INFO - Setting next_dagrun for example_branch_operator to 2024-10-01T00:00:00+00:00, run_after=2024-10-02T00:00:00+00:00
[2024-10-02T01:47:04.531+0000] {processor.py:179} INFO - Processing /home/airflow/.local/lib/python3.8/site-packages/airflow/example_dags/example_branch_operator.py took 0.175 seconds
[2024-10-02T01:47:34.686+0000] {processor.py:157} INFO - Started process (PID=108) to work on /home/airflow/.local/lib/python3.8/site-packages/airflow/example_dags/example_branch_operator.py
[2024-10-02T01:47:34.693+0000] {processor.py:829} INFO - Processing file /home/airflow/.local/lib/python3.8/site-packages/airflow/example_dags/example_branch_operator.py for tasks to queue
[2024-10-02T01:47:34.709+0000] {logging_mixin.py:151} INFO - [2024-10-02T01:47:34.709+0000] {dagbag.py:539} INFO - Filling up the DagBag from /home/airflow/.local/lib/python3.8/site-packages/airflow/example_dags/example_branch_operator.py
[2024-10-02T01:47:34.729+0000] {processor.py:839} INFO - DAG(s) dict_keys(['example_branch_operator']) retrieved from /home/airflow/.local/lib/python3.8/site-packages/airflow/example_dags/example_branch_operator.py
[2024-10-02T01:47:34.767+0000] {logging_mixin.py:151} INFO - [2024-10-02T01:47:34.766+0000] {dag.py:2915} INFO - Sync 1 DAGs
[2024-10-02T01:47:34.804+0000] {logging_mixin.py:151} INFO - [2024-10-02T01:47:34.804+0000] {dag.py:3696} INFO - Setting next_dagrun for example_branch_operator to 2024-10-01T00:00:00+00:00, run_after=2024-10-02T00:00:00+00:00
[2024-10-02T01:47:34.834+0000] {processor.py:179} INFO - Processing /home/airflow/.local/lib/python3.8/site-packages/airflow/example_dags/example_branch_operator.py took 0.155 seconds
[2024-10-02T01:48:32.656+0000] {processor.py:157} INFO - Started process (PID=61) to work on /home/airflow/.local/lib/python3.8/site-packages/airflow/example_dags/example_branch_operator.py
[2024-10-02T01:48:32.662+0000] {processor.py:829} INFO - Processing file /home/airflow/.local/lib/python3.8/site-packages/airflow/example_dags/example_branch_operator.py for tasks to queue
[2024-10-02T01:48:32.666+0000] {logging_mixin.py:151} INFO - [2024-10-02T01:48:32.665+0000] {dagbag.py:539} INFO - Filling up the DagBag from /home/airflow/.local/lib/python3.8/site-packages/airflow/example_dags/example_branch_operator.py
[2024-10-02T01:48:32.684+0000] {processor.py:839} INFO - DAG(s) dict_keys(['example_branch_operator']) retrieved from /home/airflow/.local/lib/python3.8/site-packages/airflow/example_dags/example_branch_operator.py
[2024-10-02T01:48:32.728+0000] {logging_mixin.py:151} INFO - [2024-10-02T01:48:32.728+0000] {dag.py:2915} INFO - Sync 1 DAGs
[2024-10-02T01:48:32.762+0000] {logging_mixin.py:151} INFO - [2024-10-02T01:48:32.761+0000] {dag.py:3696} INFO - Setting next_dagrun for example_branch_operator to 2024-10-01T00:00:00+00:00, run_after=2024-10-02T00:00:00+00:00
[2024-10-02T01:48:32.814+0000] {processor.py:179} INFO - Processing /home/airflow/.local/lib/python3.8/site-packages/airflow/example_dags/example_branch_operator.py took 0.169 seconds
[2024-10-02T01:49:03.361+0000] {processor.py:157} INFO - Started process (PID=109) to work on /home/airflow/.local/lib/python3.8/site-packages/airflow/example_dags/example_branch_operator.py
[2024-10-02T01:49:03.364+0000] {processor.py:829} INFO - Processing file /home/airflow/.local/lib/python3.8/site-packages/airflow/example_dags/example_branch_operator.py for tasks to queue
[2024-10-02T01:49:03.367+0000] {logging_mixin.py:151} INFO - [2024-10-02T01:49:03.367+0000] {dagbag.py:539} INFO - Filling up the DagBag from /home/airflow/.local/lib/python3.8/site-packages/airflow/example_dags/example_branch_operator.py
[2024-10-02T01:49:03.384+0000] {processor.py:839} INFO - DAG(s) dict_keys(['example_branch_operator']) retrieved from /home/airflow/.local/lib/python3.8/site-packages/airflow/example_dags/example_branch_operator.py
[2024-10-02T01:49:03.420+0000] {logging_mixin.py:151} INFO - [2024-10-02T01:49:03.420+0000] {dag.py:2915} INFO - Sync 1 DAGs
[2024-10-02T01:49:03.449+0000] {logging_mixin.py:151} INFO - [2024-10-02T01:49:03.448+0000] {dag.py:3696} INFO - Setting next_dagrun for example_branch_operator to 2024-10-01T00:00:00+00:00, run_after=2024-10-02T00:00:00+00:00
[2024-10-02T01:49:03.482+0000] {processor.py:179} INFO - Processing /home/airflow/.local/lib/python3.8/site-packages/airflow/example_dags/example_branch_operator.py took 0.125 seconds
[2024-10-02T01:49:33.837+0000] {processor.py:157} INFO - Started process (PID=156) to work on /home/airflow/.local/lib/python3.8/site-packages/airflow/example_dags/example_branch_operator.py
[2024-10-02T01:49:33.841+0000] {processor.py:829} INFO - Processing file /home/airflow/.local/lib/python3.8/site-packages/airflow/example_dags/example_branch_operator.py for tasks to queue
[2024-10-02T01:49:33.849+0000] {logging_mixin.py:151} INFO - [2024-10-02T01:49:33.848+0000] {dagbag.py:539} INFO - Filling up the DagBag from /home/airflow/.local/lib/python3.8/site-packages/airflow/example_dags/example_branch_operator.py
[2024-10-02T01:49:33.871+0000] {processor.py:839} INFO - DAG(s) dict_keys(['example_branch_operator']) retrieved from /home/airflow/.local/lib/python3.8/site-packages/airflow/example_dags/example_branch_operator.py
[2024-10-02T01:49:33.911+0000] {logging_mixin.py:151} INFO - [2024-10-02T01:49:33.911+0000] {dag.py:2915} INFO - Sync 1 DAGs
[2024-10-02T01:49:33.937+0000] {logging_mixin.py:151} INFO - [2024-10-02T01:49:33.937+0000] {dag.py:3696} INFO - Setting next_dagrun for example_branch_operator to 2024-10-01T00:00:00+00:00, run_after=2024-10-02T00:00:00+00:00
[2024-10-02T01:49:33.967+0000] {processor.py:179} INFO - Processing /home/airflow/.local/lib/python3.8/site-packages/airflow/example_dags/example_branch_operator.py took 0.134 seconds
[2024-10-02T01:50:04.852+0000] {processor.py:157} INFO - Started process (PID=205) to work on /home/airflow/.local/lib/python3.8/site-packages/airflow/example_dags/example_branch_operator.py
[2024-10-02T01:50:04.854+0000] {processor.py:829} INFO - Processing file /home/airflow/.local/lib/python3.8/site-packages/airflow/example_dags/example_branch_operator.py for tasks to queue
[2024-10-02T01:50:04.857+0000] {logging_mixin.py:151} INFO - [2024-10-02T01:50:04.857+0000] {dagbag.py:539} INFO - Filling up the DagBag from /home/airflow/.local/lib/python3.8/site-packages/airflow/example_dags/example_branch_operator.py
[2024-10-02T01:50:04.874+0000] {processor.py:839} INFO - DAG(s) dict_keys(['example_branch_operator']) retrieved from /home/airflow/.local/lib/python3.8/site-packages/airflow/example_dags/example_branch_operator.py
[2024-10-02T01:50:04.906+0000] {logging_mixin.py:151} INFO - [2024-10-02T01:50:04.906+0000] {dag.py:2915} INFO - Sync 1 DAGs
[2024-10-02T01:50:04.939+0000] {logging_mixin.py:151} INFO - [2024-10-02T01:50:04.939+0000] {dag.py:3696} INFO - Setting next_dagrun for example_branch_operator to 2024-10-01T00:00:00+00:00, run_after=2024-10-02T00:00:00+00:00
[2024-10-02T01:50:04.978+0000] {processor.py:179} INFO - Processing /home/airflow/.local/lib/python3.8/site-packages/airflow/example_dags/example_branch_operator.py took 0.130 seconds
[2024-10-02T01:50:35.746+0000] {processor.py:157} INFO - Started process (PID=253) to work on /home/airflow/.local/lib/python3.8/site-packages/airflow/example_dags/example_branch_operator.py
[2024-10-02T01:50:35.749+0000] {processor.py:829} INFO - Processing file /home/airflow/.local/lib/python3.8/site-packages/airflow/example_dags/example_branch_operator.py for tasks to queue
[2024-10-02T01:50:35.752+0000] {logging_mixin.py:151} INFO - [2024-10-02T01:50:35.752+0000] {dagbag.py:539} INFO - Filling up the DagBag from /home/airflow/.local/lib/python3.8/site-packages/airflow/example_dags/example_branch_operator.py
[2024-10-02T01:50:35.769+0000] {processor.py:839} INFO - DAG(s) dict_keys(['example_branch_operator']) retrieved from /home/airflow/.local/lib/python3.8/site-packages/airflow/example_dags/example_branch_operator.py
[2024-10-02T01:50:35.808+0000] {logging_mixin.py:151} INFO - [2024-10-02T01:50:35.808+0000] {dag.py:2915} INFO - Sync 1 DAGs
[2024-10-02T01:50:35.845+0000] {logging_mixin.py:151} INFO - [2024-10-02T01:50:35.845+0000] {dag.py:3696} INFO - Setting next_dagrun for example_branch_operator to 2024-10-01T00:00:00+00:00, run_after=2024-10-02T00:00:00+00:00
[2024-10-02T01:50:35.875+0000] {processor.py:179} INFO - Processing /home/airflow/.local/lib/python3.8/site-packages/airflow/example_dags/example_branch_operator.py took 0.133 seconds
[2024-10-02T01:51:06.427+0000] {processor.py:157} INFO - Started process (PID=301) to work on /home/airflow/.local/lib/python3.8/site-packages/airflow/example_dags/example_branch_operator.py
[2024-10-02T01:51:06.432+0000] {processor.py:829} INFO - Processing file /home/airflow/.local/lib/python3.8/site-packages/airflow/example_dags/example_branch_operator.py for tasks to queue
[2024-10-02T01:51:06.438+0000] {logging_mixin.py:151} INFO - [2024-10-02T01:51:06.438+0000] {dagbag.py:539} INFO - Filling up the DagBag from /home/airflow/.local/lib/python3.8/site-packages/airflow/example_dags/example_branch_operator.py
[2024-10-02T01:51:06.457+0000] {processor.py:839} INFO - DAG(s) dict_keys(['example_branch_operator']) retrieved from /home/airflow/.local/lib/python3.8/site-packages/airflow/example_dags/example_branch_operator.py
[2024-10-02T01:51:06.494+0000] {logging_mixin.py:151} INFO - [2024-10-02T01:51:06.494+0000] {dag.py:2915} INFO - Sync 1 DAGs
[2024-10-02T01:51:06.522+0000] {logging_mixin.py:151} INFO - [2024-10-02T01:51:06.522+0000] {dag.py:3696} INFO - Setting next_dagrun for example_branch_operator to 2024-10-01T00:00:00+00:00, run_after=2024-10-02T00:00:00+00:00
[2024-10-02T01:51:06.552+0000] {processor.py:179} INFO - Processing /home/airflow/.local/lib/python3.8/site-packages/airflow/example_dags/example_branch_operator.py took 0.129 seconds
[2024-10-02T01:51:37.502+0000] {processor.py:157} INFO - Started process (PID=349) to work on /home/airflow/.local/lib/python3.8/site-packages/airflow/example_dags/example_branch_operator.py
[2024-10-02T01:51:37.505+0000] {processor.py:829} INFO - Processing file /home/airflow/.local/lib/python3.8/site-packages/airflow/example_dags/example_branch_operator.py for tasks to queue
[2024-10-02T01:51:37.511+0000] {logging_mixin.py:151} INFO - [2024-10-02T01:51:37.511+0000] {dagbag.py:539} INFO - Filling up the DagBag from /home/airflow/.local/lib/python3.8/site-packages/airflow/example_dags/example_branch_operator.py
[2024-10-02T01:51:37.530+0000] {processor.py:839} INFO - DAG(s) dict_keys(['example_branch_operator']) retrieved from /home/airflow/.local/lib/python3.8/site-packages/airflow/example_dags/example_branch_operator.py
[2024-10-02T01:51:37.563+0000] {logging_mixin.py:151} INFO - [2024-10-02T01:51:37.562+0000] {dag.py:2915} INFO - Sync 1 DAGs
[2024-10-02T01:51:37.597+0000] {logging_mixin.py:151} INFO - [2024-10-02T01:51:37.596+0000] {dag.py:3696} INFO - Setting next_dagrun for example_branch_operator to 2024-10-01T00:00:00+00:00, run_after=2024-10-02T00:00:00+00:00
[2024-10-02T01:51:37.621+0000] {processor.py:179} INFO - Processing /home/airflow/.local/lib/python3.8/site-packages/airflow/example_dags/example_branch_operator.py took 0.123 seconds
[2024-10-02T01:52:07.785+0000] {processor.py:157} INFO - Started process (PID=397) to work on /home/airflow/.local/lib/python3.8/site-packages/airflow/example_dags/example_branch_operator.py
[2024-10-02T01:52:07.790+0000] {processor.py:829} INFO - Processing file /home/airflow/.local/lib/python3.8/site-packages/airflow/example_dags/example_branch_operator.py for tasks to queue
[2024-10-02T01:52:07.796+0000] {logging_mixin.py:151} INFO - [2024-10-02T01:52:07.796+0000] {dagbag.py:539} INFO - Filling up the DagBag from /home/airflow/.local/lib/python3.8/site-packages/airflow/example_dags/example_branch_operator.py
[2024-10-02T01:52:07.821+0000] {processor.py:839} INFO - DAG(s) dict_keys(['example_branch_operator']) retrieved from /home/airflow/.local/lib/python3.8/site-packages/airflow/example_dags/example_branch_operator.py
[2024-10-02T01:52:07.869+0000] {logging_mixin.py:151} INFO - [2024-10-02T01:52:07.869+0000] {dag.py:2915} INFO - Sync 1 DAGs
[2024-10-02T01:52:07.904+0000] {logging_mixin.py:151} INFO - [2024-10-02T01:52:07.904+0000] {dag.py:3696} INFO - Setting next_dagrun for example_branch_operator to 2024-10-01T00:00:00+00:00, run_after=2024-10-02T00:00:00+00:00
[2024-10-02T01:52:07.935+0000] {processor.py:179} INFO - Processing /home/airflow/.local/lib/python3.8/site-packages/airflow/example_dags/example_branch_operator.py took 0.154 seconds
[2024-10-02T01:52:38.845+0000] {processor.py:157} INFO - Started process (PID=445) to work on /home/airflow/.local/lib/python3.8/site-packages/airflow/example_dags/example_branch_operator.py
[2024-10-02T01:52:38.848+0000] {processor.py:829} INFO - Processing file /home/airflow/.local/lib/python3.8/site-packages/airflow/example_dags/example_branch_operator.py for tasks to queue
[2024-10-02T01:52:38.855+0000] {logging_mixin.py:151} INFO - [2024-10-02T01:52:38.854+0000] {dagbag.py:539} INFO - Filling up the DagBag from /home/airflow/.local/lib/python3.8/site-packages/airflow/example_dags/example_branch_operator.py
[2024-10-02T01:52:38.872+0000] {processor.py:839} INFO - DAG(s) dict_keys(['example_branch_operator']) retrieved from /home/airflow/.local/lib/python3.8/site-packages/airflow/example_dags/example_branch_operator.py
[2024-10-02T01:52:38.909+0000] {logging_mixin.py:151} INFO - [2024-10-02T01:52:38.909+0000] {dag.py:2915} INFO - Sync 1 DAGs
[2024-10-02T01:52:38.940+0000] {logging_mixin.py:151} INFO - [2024-10-02T01:52:38.939+0000] {dag.py:3696} INFO - Setting next_dagrun for example_branch_operator to 2024-10-01T00:00:00+00:00, run_after=2024-10-02T00:00:00+00:00
[2024-10-02T01:52:38.967+0000] {processor.py:179} INFO - Processing /home/airflow/.local/lib/python3.8/site-packages/airflow/example_dags/example_branch_operator.py took 0.126 seconds
[2024-10-02T01:53:10.167+0000] {processor.py:157} INFO - Started process (PID=493) to work on /home/airflow/.local/lib/python3.8/site-packages/airflow/example_dags/example_branch_operator.py
[2024-10-02T01:53:10.193+0000] {processor.py:829} INFO - Processing file /home/airflow/.local/lib/python3.8/site-packages/airflow/example_dags/example_branch_operator.py for tasks to queue
[2024-10-02T01:53:10.278+0000] {logging_mixin.py:151} INFO - [2024-10-02T01:53:10.277+0000] {dagbag.py:539} INFO - Filling up the DagBag from /home/airflow/.local/lib/python3.8/site-packages/airflow/example_dags/example_branch_operator.py
[2024-10-02T01:53:10.415+0000] {processor.py:839} INFO - DAG(s) dict_keys(['example_branch_operator']) retrieved from /home/airflow/.local/lib/python3.8/site-packages/airflow/example_dags/example_branch_operator.py
[2024-10-02T01:53:10.587+0000] {logging_mixin.py:151} INFO - [2024-10-02T01:53:10.587+0000] {dag.py:2915} INFO - Sync 1 DAGs
[2024-10-02T01:53:10.636+0000] {logging_mixin.py:151} INFO - [2024-10-02T01:53:10.635+0000] {dag.py:3696} INFO - Setting next_dagrun for example_branch_operator to 2024-10-01T00:00:00+00:00, run_after=2024-10-02T00:00:00+00:00
[2024-10-02T01:53:10.676+0000] {processor.py:179} INFO - Processing /home/airflow/.local/lib/python3.8/site-packages/airflow/example_dags/example_branch_operator.py took 0.533 seconds
[2024-10-02T01:53:40.778+0000] {processor.py:157} INFO - Started process (PID=540) to work on /home/airflow/.local/lib/python3.8/site-packages/airflow/example_dags/example_branch_operator.py
[2024-10-02T01:53:40.781+0000] {processor.py:829} INFO - Processing file /home/airflow/.local/lib/python3.8/site-packages/airflow/example_dags/example_branch_operator.py for tasks to queue
[2024-10-02T01:53:40.785+0000] {logging_mixin.py:151} INFO - [2024-10-02T01:53:40.785+0000] {dagbag.py:539} INFO - Filling up the DagBag from /home/airflow/.local/lib/python3.8/site-packages/airflow/example_dags/example_branch_operator.py
[2024-10-02T01:53:40.802+0000] {processor.py:839} INFO - DAG(s) dict_keys(['example_branch_operator']) retrieved from /home/airflow/.local/lib/python3.8/site-packages/airflow/example_dags/example_branch_operator.py
[2024-10-02T01:53:40.849+0000] {logging_mixin.py:151} INFO - [2024-10-02T01:53:40.849+0000] {dag.py:2915} INFO - Sync 1 DAGs
[2024-10-02T01:53:40.894+0000] {logging_mixin.py:151} INFO - [2024-10-02T01:53:40.893+0000] {dag.py:3696} INFO - Setting next_dagrun for example_branch_operator to 2024-10-01T00:00:00+00:00, run_after=2024-10-02T00:00:00+00:00
[2024-10-02T01:53:40.919+0000] {processor.py:179} INFO - Processing /home/airflow/.local/lib/python3.8/site-packages/airflow/example_dags/example_branch_operator.py took 0.146 seconds
[2024-10-02T01:54:13.702+0000] {processor.py:157} INFO - Started process (PID=589) to work on /home/airflow/.local/lib/python3.8/site-packages/airflow/example_dags/example_branch_operator.py
[2024-10-02T01:54:13.706+0000] {processor.py:829} INFO - Processing file /home/airflow/.local/lib/python3.8/site-packages/airflow/example_dags/example_branch_operator.py for tasks to queue
[2024-10-02T01:54:13.716+0000] {logging_mixin.py:151} INFO - [2024-10-02T01:54:13.716+0000] {dagbag.py:539} INFO - Filling up the DagBag from /home/airflow/.local/lib/python3.8/site-packages/airflow/example_dags/example_branch_operator.py
[2024-10-02T01:54:13.739+0000] {processor.py:839} INFO - DAG(s) dict_keys(['example_branch_operator']) retrieved from /home/airflow/.local/lib/python3.8/site-packages/airflow/example_dags/example_branch_operator.py
[2024-10-02T01:54:13.809+0000] {logging_mixin.py:151} INFO - [2024-10-02T01:54:13.809+0000] {dag.py:2915} INFO - Sync 1 DAGs
[2024-10-02T01:54:13.859+0000] {logging_mixin.py:151} INFO - [2024-10-02T01:54:13.859+0000] {dag.py:3696} INFO - Setting next_dagrun for example_branch_operator to 2024-10-01T00:00:00+00:00, run_after=2024-10-02T00:00:00+00:00
[2024-10-02T01:54:13.951+0000] {processor.py:179} INFO - Processing /home/airflow/.local/lib/python3.8/site-packages/airflow/example_dags/example_branch_operator.py took 0.252 seconds
[2024-10-02T01:57:20.423+0000] {processor.py:157} INFO - Started process (PID=622) to work on /home/airflow/.local/lib/python3.8/site-packages/airflow/example_dags/example_branch_operator.py
[2024-10-02T01:57:20.428+0000] {processor.py:829} INFO - Processing file /home/airflow/.local/lib/python3.8/site-packages/airflow/example_dags/example_branch_operator.py for tasks to queue
[2024-10-02T01:57:20.432+0000] {logging_mixin.py:151} INFO - [2024-10-02T01:57:20.431+0000] {dagbag.py:539} INFO - Filling up the DagBag from /home/airflow/.local/lib/python3.8/site-packages/airflow/example_dags/example_branch_operator.py
[2024-10-02T01:57:20.448+0000] {processor.py:839} INFO - DAG(s) dict_keys(['example_branch_operator']) retrieved from /home/airflow/.local/lib/python3.8/site-packages/airflow/example_dags/example_branch_operator.py
[2024-10-02T01:57:20.487+0000] {logging_mixin.py:151} INFO - [2024-10-02T01:57:20.486+0000] {dag.py:2915} INFO - Sync 1 DAGs
[2024-10-02T01:57:20.523+0000] {logging_mixin.py:151} INFO - [2024-10-02T01:57:20.522+0000] {dag.py:3696} INFO - Setting next_dagrun for example_branch_operator to 2024-10-01T00:00:00+00:00, run_after=2024-10-02T00:00:00+00:00
[2024-10-02T01:57:20.549+0000] {processor.py:179} INFO - Processing /home/airflow/.local/lib/python3.8/site-packages/airflow/example_dags/example_branch_operator.py took 0.131 seconds
[2024-10-02T01:57:51.565+0000] {processor.py:157} INFO - Started process (PID=670) to work on /home/airflow/.local/lib/python3.8/site-packages/airflow/example_dags/example_branch_operator.py
[2024-10-02T01:57:51.568+0000] {processor.py:829} INFO - Processing file /home/airflow/.local/lib/python3.8/site-packages/airflow/example_dags/example_branch_operator.py for tasks to queue
[2024-10-02T01:57:51.575+0000] {logging_mixin.py:151} INFO - [2024-10-02T01:57:51.574+0000] {dagbag.py:539} INFO - Filling up the DagBag from /home/airflow/.local/lib/python3.8/site-packages/airflow/example_dags/example_branch_operator.py
[2024-10-02T01:57:51.600+0000] {processor.py:839} INFO - DAG(s) dict_keys(['example_branch_operator']) retrieved from /home/airflow/.local/lib/python3.8/site-packages/airflow/example_dags/example_branch_operator.py
[2024-10-02T01:57:51.702+0000] {logging_mixin.py:151} INFO - [2024-10-02T01:57:51.702+0000] {dag.py:2915} INFO - Sync 1 DAGs
[2024-10-02T01:57:51.737+0000] {logging_mixin.py:151} INFO - [2024-10-02T01:57:51.737+0000] {dag.py:3696} INFO - Setting next_dagrun for example_branch_operator to 2024-10-01T00:00:00+00:00, run_after=2024-10-02T00:00:00+00:00
[2024-10-02T01:57:51.768+0000] {processor.py:179} INFO - Processing /home/airflow/.local/lib/python3.8/site-packages/airflow/example_dags/example_branch_operator.py took 0.207 seconds
[2024-10-02T01:58:22.656+0000] {processor.py:157} INFO - Started process (PID=718) to work on /home/airflow/.local/lib/python3.8/site-packages/airflow/example_dags/example_branch_operator.py
[2024-10-02T01:58:22.661+0000] {processor.py:829} INFO - Processing file /home/airflow/.local/lib/python3.8/site-packages/airflow/example_dags/example_branch_operator.py for tasks to queue
[2024-10-02T01:58:22.665+0000] {logging_mixin.py:151} INFO - [2024-10-02T01:58:22.664+0000] {dagbag.py:539} INFO - Filling up the DagBag from /home/airflow/.local/lib/python3.8/site-packages/airflow/example_dags/example_branch_operator.py
[2024-10-02T01:58:22.685+0000] {processor.py:839} INFO - DAG(s) dict_keys(['example_branch_operator']) retrieved from /home/airflow/.local/lib/python3.8/site-packages/airflow/example_dags/example_branch_operator.py
[2024-10-02T01:58:22.726+0000] {logging_mixin.py:151} INFO - [2024-10-02T01:58:22.726+0000] {dag.py:2915} INFO - Sync 1 DAGs
[2024-10-02T01:58:22.762+0000] {logging_mixin.py:151} INFO - [2024-10-02T01:58:22.761+0000] {dag.py:3696} INFO - Setting next_dagrun for example_branch_operator to 2024-10-01T00:00:00+00:00, run_after=2024-10-02T00:00:00+00:00
[2024-10-02T01:58:22.791+0000] {processor.py:179} INFO - Processing /home/airflow/.local/lib/python3.8/site-packages/airflow/example_dags/example_branch_operator.py took 0.139 seconds
[2024-10-02T01:58:53.166+0000] {processor.py:157} INFO - Started process (PID=765) to work on /home/airflow/.local/lib/python3.8/site-packages/airflow/example_dags/example_branch_operator.py
[2024-10-02T01:58:53.169+0000] {processor.py:829} INFO - Processing file /home/airflow/.local/lib/python3.8/site-packages/airflow/example_dags/example_branch_operator.py for tasks to queue
[2024-10-02T01:58:53.173+0000] {logging_mixin.py:151} INFO - [2024-10-02T01:58:53.173+0000] {dagbag.py:539} INFO - Filling up the DagBag from /home/airflow/.local/lib/python3.8/site-packages/airflow/example_dags/example_branch_operator.py
[2024-10-02T01:58:53.192+0000] {processor.py:839} INFO - DAG(s) dict_keys(['example_branch_operator']) retrieved from /home/airflow/.local/lib/python3.8/site-packages/airflow/example_dags/example_branch_operator.py
[2024-10-02T01:58:53.253+0000] {logging_mixin.py:151} INFO - [2024-10-02T01:58:53.253+0000] {dag.py:2915} INFO - Sync 1 DAGs
[2024-10-02T01:58:53.284+0000] {logging_mixin.py:151} INFO - [2024-10-02T01:58:53.283+0000] {dag.py:3696} INFO - Setting next_dagrun for example_branch_operator to 2024-10-01T00:00:00+00:00, run_after=2024-10-02T00:00:00+00:00
[2024-10-02T01:58:53.312+0000] {processor.py:179} INFO - Processing /home/airflow/.local/lib/python3.8/site-packages/airflow/example_dags/example_branch_operator.py took 0.150 seconds
[2024-10-02T01:59:24.664+0000] {processor.py:157} INFO - Started process (PID=813) to work on /home/airflow/.local/lib/python3.8/site-packages/airflow/example_dags/example_branch_operator.py
[2024-10-02T01:59:24.672+0000] {processor.py:829} INFO - Processing file /home/airflow/.local/lib/python3.8/site-packages/airflow/example_dags/example_branch_operator.py for tasks to queue
[2024-10-02T01:59:24.678+0000] {logging_mixin.py:151} INFO - [2024-10-02T01:59:24.677+0000] {dagbag.py:539} INFO - Filling up the DagBag from /home/airflow/.local/lib/python3.8/site-packages/airflow/example_dags/example_branch_operator.py
[2024-10-02T01:59:24.755+0000] {processor.py:839} INFO - DAG(s) dict_keys(['example_branch_operator']) retrieved from /home/airflow/.local/lib/python3.8/site-packages/airflow/example_dags/example_branch_operator.py
[2024-10-02T01:59:24.803+0000] {logging_mixin.py:151} INFO - [2024-10-02T01:59:24.803+0000] {dag.py:2915} INFO - Sync 1 DAGs
[2024-10-02T01:59:24.841+0000] {logging_mixin.py:151} INFO - [2024-10-02T01:59:24.840+0000] {dag.py:3696} INFO - Setting next_dagrun for example_branch_operator to 2024-10-01T00:00:00+00:00, run_after=2024-10-02T00:00:00+00:00
[2024-10-02T01:59:24.874+0000] {processor.py:179} INFO - Processing /home/airflow/.local/lib/python3.8/site-packages/airflow/example_dags/example_branch_operator.py took 0.215 seconds
[2024-10-02T01:59:55.077+0000] {processor.py:157} INFO - Started process (PID=861) to work on /home/airflow/.local/lib/python3.8/site-packages/airflow/example_dags/example_branch_operator.py
[2024-10-02T01:59:55.083+0000] {processor.py:829} INFO - Processing file /home/airflow/.local/lib/python3.8/site-packages/airflow/example_dags/example_branch_operator.py for tasks to queue
[2024-10-02T01:59:55.087+0000] {logging_mixin.py:151} INFO - [2024-10-02T01:59:55.086+0000] {dagbag.py:539} INFO - Filling up the DagBag from /home/airflow/.local/lib/python3.8/site-packages/airflow/example_dags/example_branch_operator.py
[2024-10-02T01:59:55.109+0000] {processor.py:839} INFO - DAG(s) dict_keys(['example_branch_operator']) retrieved from /home/airflow/.local/lib/python3.8/site-packages/airflow/example_dags/example_branch_operator.py
[2024-10-02T01:59:55.150+0000] {logging_mixin.py:151} INFO - [2024-10-02T01:59:55.150+0000] {dag.py:2915} INFO - Sync 1 DAGs
[2024-10-02T01:59:55.200+0000] {logging_mixin.py:151} INFO - [2024-10-02T01:59:55.199+0000] {dag.py:3696} INFO - Setting next_dagrun for example_branch_operator to 2024-10-01T00:00:00+00:00, run_after=2024-10-02T00:00:00+00:00
[2024-10-02T01:59:55.245+0000] {processor.py:179} INFO - Processing /home/airflow/.local/lib/python3.8/site-packages/airflow/example_dags/example_branch_operator.py took 0.173 seconds
[2024-10-02T02:00:26.313+0000] {processor.py:157} INFO - Started process (PID=909) to work on /home/airflow/.local/lib/python3.8/site-packages/airflow/example_dags/example_branch_operator.py
[2024-10-02T02:00:26.318+0000] {processor.py:829} INFO - Processing file /home/airflow/.local/lib/python3.8/site-packages/airflow/example_dags/example_branch_operator.py for tasks to queue
[2024-10-02T02:00:26.325+0000] {logging_mixin.py:151} INFO - [2024-10-02T02:00:26.324+0000] {dagbag.py:539} INFO - Filling up the DagBag from /home/airflow/.local/lib/python3.8/site-packages/airflow/example_dags/example_branch_operator.py
[2024-10-02T02:00:26.345+0000] {processor.py:839} INFO - DAG(s) dict_keys(['example_branch_operator']) retrieved from /home/airflow/.local/lib/python3.8/site-packages/airflow/example_dags/example_branch_operator.py
[2024-10-02T02:00:26.398+0000] {logging_mixin.py:151} INFO - [2024-10-02T02:00:26.398+0000] {dag.py:2915} INFO - Sync 1 DAGs
[2024-10-02T02:00:26.450+0000] {logging_mixin.py:151} INFO - [2024-10-02T02:00:26.449+0000] {dag.py:3696} INFO - Setting next_dagrun for example_branch_operator to 2024-10-01T00:00:00+00:00, run_after=2024-10-02T00:00:00+00:00
[2024-10-02T02:00:26.508+0000] {processor.py:179} INFO - Processing /home/airflow/.local/lib/python3.8/site-packages/airflow/example_dags/example_branch_operator.py took 0.200 seconds
[2024-10-02T02:00:56.756+0000] {processor.py:157} INFO - Started process (PID=957) to work on /home/airflow/.local/lib/python3.8/site-packages/airflow/example_dags/example_branch_operator.py
[2024-10-02T02:00:56.759+0000] {processor.py:829} INFO - Processing file /home/airflow/.local/lib/python3.8/site-packages/airflow/example_dags/example_branch_operator.py for tasks to queue
[2024-10-02T02:00:56.763+0000] {logging_mixin.py:151} INFO - [2024-10-02T02:00:56.762+0000] {dagbag.py:539} INFO - Filling up the DagBag from /home/airflow/.local/lib/python3.8/site-packages/airflow/example_dags/example_branch_operator.py
[2024-10-02T02:00:56.782+0000] {processor.py:839} INFO - DAG(s) dict_keys(['example_branch_operator']) retrieved from /home/airflow/.local/lib/python3.8/site-packages/airflow/example_dags/example_branch_operator.py
[2024-10-02T02:00:56.816+0000] {logging_mixin.py:151} INFO - [2024-10-02T02:00:56.816+0000] {dag.py:2915} INFO - Sync 1 DAGs
[2024-10-02T02:00:56.855+0000] {logging_mixin.py:151} INFO - [2024-10-02T02:00:56.855+0000] {dag.py:3696} INFO - Setting next_dagrun for example_branch_operator to 2024-10-01T00:00:00+00:00, run_after=2024-10-02T00:00:00+00:00
[2024-10-02T02:00:56.892+0000] {processor.py:179} INFO - Processing /home/airflow/.local/lib/python3.8/site-packages/airflow/example_dags/example_branch_operator.py took 0.137 seconds
[2024-10-02T02:03:25.889+0000] {processor.py:157} INFO - Started process (PID=61) to work on /home/airflow/.local/lib/python3.8/site-packages/airflow/example_dags/example_branch_operator.py
[2024-10-02T02:03:25.899+0000] {processor.py:829} INFO - Processing file /home/airflow/.local/lib/python3.8/site-packages/airflow/example_dags/example_branch_operator.py for tasks to queue
[2024-10-02T02:03:25.904+0000] {logging_mixin.py:151} INFO - [2024-10-02T02:03:25.903+0000] {dagbag.py:539} INFO - Filling up the DagBag from /home/airflow/.local/lib/python3.8/site-packages/airflow/example_dags/example_branch_operator.py
[2024-10-02T02:03:25.925+0000] {processor.py:839} INFO - DAG(s) dict_keys(['example_branch_operator']) retrieved from /home/airflow/.local/lib/python3.8/site-packages/airflow/example_dags/example_branch_operator.py
[2024-10-02T02:03:26.172+0000] {logging_mixin.py:151} INFO - [2024-10-02T02:03:26.172+0000] {manager.py:499} INFO - Created Permission View: %s
[2024-10-02T02:03:26.191+0000] {logging_mixin.py:151} INFO - [2024-10-02T02:03:26.190+0000] {manager.py:499} INFO - Created Permission View: %s
[2024-10-02T02:03:26.210+0000] {logging_mixin.py:151} INFO - [2024-10-02T02:03:26.210+0000] {manager.py:499} INFO - Created Permission View: %s
[2024-10-02T02:03:26.213+0000] {logging_mixin.py:151} INFO - [2024-10-02T02:03:26.213+0000] {security.py:708} INFO - Not syncing DAG-level permissions for DAG 'DAG:example_branch_operator' as access control is unset.
[2024-10-02T02:03:26.217+0000] {logging_mixin.py:151} INFO - [2024-10-02T02:03:26.216+0000] {dag.py:2915} INFO - Sync 1 DAGs
[2024-10-02T02:03:26.233+0000] {logging_mixin.py:151} INFO - [2024-10-02T02:03:26.232+0000] {dag.py:2937} INFO - Creating ORM DAG for example_branch_operator
[2024-10-02T02:03:26.254+0000] {logging_mixin.py:151} INFO - [2024-10-02T02:03:26.253+0000] {dag.py:3696} INFO - Setting next_dagrun for example_branch_operator to 2024-10-01T00:00:00+00:00, run_after=2024-10-02T00:00:00+00:00
[2024-10-02T02:03:26.290+0000] {processor.py:179} INFO - Processing /home/airflow/.local/lib/python3.8/site-packages/airflow/example_dags/example_branch_operator.py took 0.414 seconds
[2024-10-02T02:06:23.200+0000] {processor.py:157} INFO - Started process (PID=61) to work on /home/airflow/.local/lib/python3.8/site-packages/airflow/example_dags/example_branch_operator.py
[2024-10-02T02:06:23.213+0000] {processor.py:829} INFO - Processing file /home/airflow/.local/lib/python3.8/site-packages/airflow/example_dags/example_branch_operator.py for tasks to queue
[2024-10-02T02:06:23.221+0000] {logging_mixin.py:151} INFO - [2024-10-02T02:06:23.221+0000] {dagbag.py:539} INFO - Filling up the DagBag from /home/airflow/.local/lib/python3.8/site-packages/airflow/example_dags/example_branch_operator.py
[2024-10-02T02:06:23.283+0000] {processor.py:839} INFO - DAG(s) dict_keys(['example_branch_operator']) retrieved from /home/airflow/.local/lib/python3.8/site-packages/airflow/example_dags/example_branch_operator.py
[2024-10-02T02:06:23.448+0000] {logging_mixin.py:151} INFO - [2024-10-02T02:06:23.447+0000] {manager.py:499} INFO - Created Permission View: %s
[2024-10-02T02:06:23.460+0000] {logging_mixin.py:151} INFO - [2024-10-02T02:06:23.460+0000] {manager.py:499} INFO - Created Permission View: %s
[2024-10-02T02:06:23.476+0000] {logging_mixin.py:151} INFO - [2024-10-02T02:06:23.475+0000] {manager.py:499} INFO - Created Permission View: %s
[2024-10-02T02:06:23.483+0000] {logging_mixin.py:151} INFO - [2024-10-02T02:06:23.483+0000] {security.py:708} INFO - Not syncing DAG-level permissions for DAG 'DAG:example_branch_operator' as access control is unset.
[2024-10-02T02:06:23.491+0000] {logging_mixin.py:151} INFO - [2024-10-02T02:06:23.490+0000] {dag.py:2915} INFO - Sync 1 DAGs
[2024-10-02T02:06:23.509+0000] {logging_mixin.py:151} INFO - [2024-10-02T02:06:23.509+0000] {dag.py:2937} INFO - Creating ORM DAG for example_branch_operator
[2024-10-02T02:06:23.528+0000] {logging_mixin.py:151} INFO - [2024-10-02T02:06:23.528+0000] {dag.py:3696} INFO - Setting next_dagrun for example_branch_operator to 2024-10-01T00:00:00+00:00, run_after=2024-10-02T00:00:00+00:00
[2024-10-02T02:06:23.561+0000] {processor.py:179} INFO - Processing /home/airflow/.local/lib/python3.8/site-packages/airflow/example_dags/example_branch_operator.py took 0.366 seconds
[2024-10-02T02:06:53.971+0000] {processor.py:157} INFO - Started process (PID=109) to work on /home/airflow/.local/lib/python3.8/site-packages/airflow/example_dags/example_branch_operator.py
[2024-10-02T02:06:53.975+0000] {processor.py:829} INFO - Processing file /home/airflow/.local/lib/python3.8/site-packages/airflow/example_dags/example_branch_operator.py for tasks to queue
[2024-10-02T02:06:53.979+0000] {logging_mixin.py:151} INFO - [2024-10-02T02:06:53.978+0000] {dagbag.py:539} INFO - Filling up the DagBag from /home/airflow/.local/lib/python3.8/site-packages/airflow/example_dags/example_branch_operator.py
[2024-10-02T02:06:53.997+0000] {processor.py:839} INFO - DAG(s) dict_keys(['example_branch_operator']) retrieved from /home/airflow/.local/lib/python3.8/site-packages/airflow/example_dags/example_branch_operator.py
[2024-10-02T02:06:54.030+0000] {logging_mixin.py:151} INFO - [2024-10-02T02:06:54.029+0000] {dag.py:2915} INFO - Sync 1 DAGs
[2024-10-02T02:06:54.061+0000] {logging_mixin.py:151} INFO - [2024-10-02T02:06:54.060+0000] {dag.py:3696} INFO - Setting next_dagrun for example_branch_operator to 2024-10-01T00:00:00+00:00, run_after=2024-10-02T00:00:00+00:00
[2024-10-02T02:06:54.089+0000] {processor.py:179} INFO - Processing /home/airflow/.local/lib/python3.8/site-packages/airflow/example_dags/example_branch_operator.py took 0.121 seconds
[2024-10-02T02:07:24.593+0000] {processor.py:157} INFO - Started process (PID=157) to work on /home/airflow/.local/lib/python3.8/site-packages/airflow/example_dags/example_branch_operator.py
[2024-10-02T02:07:24.596+0000] {processor.py:829} INFO - Processing file /home/airflow/.local/lib/python3.8/site-packages/airflow/example_dags/example_branch_operator.py for tasks to queue
[2024-10-02T02:07:24.601+0000] {logging_mixin.py:151} INFO - [2024-10-02T02:07:24.600+0000] {dagbag.py:539} INFO - Filling up the DagBag from /home/airflow/.local/lib/python3.8/site-packages/airflow/example_dags/example_branch_operator.py
[2024-10-02T02:07:24.618+0000] {processor.py:839} INFO - DAG(s) dict_keys(['example_branch_operator']) retrieved from /home/airflow/.local/lib/python3.8/site-packages/airflow/example_dags/example_branch_operator.py
[2024-10-02T02:07:24.649+0000] {logging_mixin.py:151} INFO - [2024-10-02T02:07:24.649+0000] {dag.py:2915} INFO - Sync 1 DAGs
[2024-10-02T02:07:24.676+0000] {logging_mixin.py:151} INFO - [2024-10-02T02:07:24.676+0000] {dag.py:3696} INFO - Setting next_dagrun for example_branch_operator to 2024-10-01T00:00:00+00:00, run_after=2024-10-02T00:00:00+00:00
[2024-10-02T02:07:24.698+0000] {processor.py:179} INFO - Processing /home/airflow/.local/lib/python3.8/site-packages/airflow/example_dags/example_branch_operator.py took 0.109 seconds
[2024-10-02T02:07:55.251+0000] {processor.py:157} INFO - Started process (PID=205) to work on /home/airflow/.local/lib/python3.8/site-packages/airflow/example_dags/example_branch_operator.py
[2024-10-02T02:07:55.254+0000] {processor.py:829} INFO - Processing file /home/airflow/.local/lib/python3.8/site-packages/airflow/example_dags/example_branch_operator.py for tasks to queue
[2024-10-02T02:07:55.260+0000] {logging_mixin.py:151} INFO - [2024-10-02T02:07:55.258+0000] {dagbag.py:539} INFO - Filling up the DagBag from /home/airflow/.local/lib/python3.8/site-packages/airflow/example_dags/example_branch_operator.py
[2024-10-02T02:07:55.279+0000] {processor.py:839} INFO - DAG(s) dict_keys(['example_branch_operator']) retrieved from /home/airflow/.local/lib/python3.8/site-packages/airflow/example_dags/example_branch_operator.py
[2024-10-02T02:07:55.315+0000] {logging_mixin.py:151} INFO - [2024-10-02T02:07:55.314+0000] {dag.py:2915} INFO - Sync 1 DAGs
[2024-10-02T02:07:55.343+0000] {logging_mixin.py:151} INFO - [2024-10-02T02:07:55.343+0000] {dag.py:3696} INFO - Setting next_dagrun for example_branch_operator to 2024-10-01T00:00:00+00:00, run_after=2024-10-02T00:00:00+00:00
[2024-10-02T02:07:55.366+0000] {processor.py:179} INFO - Processing /home/airflow/.local/lib/python3.8/site-packages/airflow/example_dags/example_branch_operator.py took 0.119 seconds
[2024-10-02T02:08:26.189+0000] {processor.py:157} INFO - Started process (PID=253) to work on /home/airflow/.local/lib/python3.8/site-packages/airflow/example_dags/example_branch_operator.py
[2024-10-02T02:08:26.203+0000] {processor.py:829} INFO - Processing file /home/airflow/.local/lib/python3.8/site-packages/airflow/example_dags/example_branch_operator.py for tasks to queue
[2024-10-02T02:08:26.209+0000] {logging_mixin.py:151} INFO - [2024-10-02T02:08:26.208+0000] {dagbag.py:539} INFO - Filling up the DagBag from /home/airflow/.local/lib/python3.8/site-packages/airflow/example_dags/example_branch_operator.py
[2024-10-02T02:08:26.233+0000] {processor.py:839} INFO - DAG(s) dict_keys(['example_branch_operator']) retrieved from /home/airflow/.local/lib/python3.8/site-packages/airflow/example_dags/example_branch_operator.py
[2024-10-02T02:08:26.270+0000] {logging_mixin.py:151} INFO - [2024-10-02T02:08:26.270+0000] {dag.py:2915} INFO - Sync 1 DAGs
[2024-10-02T02:08:26.305+0000] {logging_mixin.py:151} INFO - [2024-10-02T02:08:26.304+0000] {dag.py:3696} INFO - Setting next_dagrun for example_branch_operator to 2024-10-01T00:00:00+00:00, run_after=2024-10-02T00:00:00+00:00
[2024-10-02T02:08:26.332+0000] {processor.py:179} INFO - Processing /home/airflow/.local/lib/python3.8/site-packages/airflow/example_dags/example_branch_operator.py took 0.148 seconds
[2024-10-02T02:08:56.634+0000] {processor.py:157} INFO - Started process (PID=301) to work on /home/airflow/.local/lib/python3.8/site-packages/airflow/example_dags/example_branch_operator.py
[2024-10-02T02:08:56.637+0000] {processor.py:829} INFO - Processing file /home/airflow/.local/lib/python3.8/site-packages/airflow/example_dags/example_branch_operator.py for tasks to queue
[2024-10-02T02:08:56.642+0000] {logging_mixin.py:151} INFO - [2024-10-02T02:08:56.642+0000] {dagbag.py:539} INFO - Filling up the DagBag from /home/airflow/.local/lib/python3.8/site-packages/airflow/example_dags/example_branch_operator.py
[2024-10-02T02:08:56.660+0000] {processor.py:839} INFO - DAG(s) dict_keys(['example_branch_operator']) retrieved from /home/airflow/.local/lib/python3.8/site-packages/airflow/example_dags/example_branch_operator.py
[2024-10-02T02:08:56.696+0000] {logging_mixin.py:151} INFO - [2024-10-02T02:08:56.696+0000] {dag.py:2915} INFO - Sync 1 DAGs
[2024-10-02T02:08:56.725+0000] {logging_mixin.py:151} INFO - [2024-10-02T02:08:56.725+0000] {dag.py:3696} INFO - Setting next_dagrun for example_branch_operator to 2024-10-01T00:00:00+00:00, run_after=2024-10-02T00:00:00+00:00
[2024-10-02T02:08:56.748+0000] {processor.py:179} INFO - Processing /home/airflow/.local/lib/python3.8/site-packages/airflow/example_dags/example_branch_operator.py took 0.119 seconds
[2024-10-02T02:09:27.603+0000] {processor.py:157} INFO - Started process (PID=349) to work on /home/airflow/.local/lib/python3.8/site-packages/airflow/example_dags/example_branch_operator.py
[2024-10-02T02:09:27.607+0000] {processor.py:829} INFO - Processing file /home/airflow/.local/lib/python3.8/site-packages/airflow/example_dags/example_branch_operator.py for tasks to queue
[2024-10-02T02:09:27.617+0000] {logging_mixin.py:151} INFO - [2024-10-02T02:09:27.616+0000] {dagbag.py:539} INFO - Filling up the DagBag from /home/airflow/.local/lib/python3.8/site-packages/airflow/example_dags/example_branch_operator.py
[2024-10-02T02:09:27.648+0000] {processor.py:839} INFO - DAG(s) dict_keys(['example_branch_operator']) retrieved from /home/airflow/.local/lib/python3.8/site-packages/airflow/example_dags/example_branch_operator.py
[2024-10-02T02:09:27.692+0000] {logging_mixin.py:151} INFO - [2024-10-02T02:09:27.691+0000] {dag.py:2915} INFO - Sync 1 DAGs
[2024-10-02T02:09:27.721+0000] {logging_mixin.py:151} INFO - [2024-10-02T02:09:27.721+0000] {dag.py:3696} INFO - Setting next_dagrun for example_branch_operator to 2024-10-01T00:00:00+00:00, run_after=2024-10-02T00:00:00+00:00
[2024-10-02T02:09:27.746+0000] {processor.py:179} INFO - Processing /home/airflow/.local/lib/python3.8/site-packages/airflow/example_dags/example_branch_operator.py took 0.148 seconds
[2024-10-02T02:09:58.897+0000] {processor.py:157} INFO - Started process (PID=397) to work on /home/airflow/.local/lib/python3.8/site-packages/airflow/example_dags/example_branch_operator.py
[2024-10-02T02:09:58.900+0000] {processor.py:829} INFO - Processing file /home/airflow/.local/lib/python3.8/site-packages/airflow/example_dags/example_branch_operator.py for tasks to queue
[2024-10-02T02:09:58.904+0000] {logging_mixin.py:151} INFO - [2024-10-02T02:09:58.904+0000] {dagbag.py:539} INFO - Filling up the DagBag from /home/airflow/.local/lib/python3.8/site-packages/airflow/example_dags/example_branch_operator.py
[2024-10-02T02:09:58.924+0000] {processor.py:839} INFO - DAG(s) dict_keys(['example_branch_operator']) retrieved from /home/airflow/.local/lib/python3.8/site-packages/airflow/example_dags/example_branch_operator.py
[2024-10-02T02:09:58.964+0000] {logging_mixin.py:151} INFO - [2024-10-02T02:09:58.963+0000] {dag.py:2915} INFO - Sync 1 DAGs
[2024-10-02T02:09:58.994+0000] {logging_mixin.py:151} INFO - [2024-10-02T02:09:58.994+0000] {dag.py:3696} INFO - Setting next_dagrun for example_branch_operator to 2024-10-01T00:00:00+00:00, run_after=2024-10-02T00:00:00+00:00
[2024-10-02T02:09:59.018+0000] {processor.py:179} INFO - Processing /home/airflow/.local/lib/python3.8/site-packages/airflow/example_dags/example_branch_operator.py took 0.126 seconds
[2024-10-02T02:10:29.297+0000] {processor.py:157} INFO - Started process (PID=445) to work on /home/airflow/.local/lib/python3.8/site-packages/airflow/example_dags/example_branch_operator.py
[2024-10-02T02:10:29.299+0000] {processor.py:829} INFO - Processing file /home/airflow/.local/lib/python3.8/site-packages/airflow/example_dags/example_branch_operator.py for tasks to queue
[2024-10-02T02:10:29.303+0000] {logging_mixin.py:151} INFO - [2024-10-02T02:10:29.302+0000] {dagbag.py:539} INFO - Filling up the DagBag from /home/airflow/.local/lib/python3.8/site-packages/airflow/example_dags/example_branch_operator.py
[2024-10-02T02:10:29.319+0000] {processor.py:839} INFO - DAG(s) dict_keys(['example_branch_operator']) retrieved from /home/airflow/.local/lib/python3.8/site-packages/airflow/example_dags/example_branch_operator.py
[2024-10-02T02:10:29.353+0000] {logging_mixin.py:151} INFO - [2024-10-02T02:10:29.352+0000] {dag.py:2915} INFO - Sync 1 DAGs
[2024-10-02T02:10:29.392+0000] {logging_mixin.py:151} INFO - [2024-10-02T02:10:29.392+0000] {dag.py:3696} INFO - Setting next_dagrun for example_branch_operator to 2024-10-01T00:00:00+00:00, run_after=2024-10-02T00:00:00+00:00
[2024-10-02T02:10:29.443+0000] {processor.py:179} INFO - Processing /home/airflow/.local/lib/python3.8/site-packages/airflow/example_dags/example_branch_operator.py took 0.150 seconds
