[2024-10-02 01:23:32,450] {scheduler_job.py:182} INFO - Started process (PID=52) to work on /home/airflow/.local/lib/python3.6/site-packages/airflow/example_dags/example_branch_python_dop_operator_3.py
[2024-10-02 01:23:32,452] {scheduler_job.py:629} INFO - Processing file /home/airflow/.local/lib/python3.6/site-packages/airflow/example_dags/example_branch_python_dop_operator_3.py for tasks to queue
[2024-10-02 01:23:32,453] {logging_mixin.py:104} INFO - [2024-10-02 01:23:32,453] {dagbag.py:451} INFO - Filling up the DagBag from /home/airflow/.local/lib/python3.6/site-packages/airflow/example_dags/example_branch_python_dop_operator_3.py
[2024-10-02 01:23:32,478] {scheduler_job.py:639} INFO - DAG(s) dict_keys(['example_branch_dop_operator_v3']) retrieved from /home/airflow/.local/lib/python3.6/site-packages/airflow/example_dags/example_branch_python_dop_operator_3.py
[2024-10-02 01:23:32,578] {logging_mixin.py:104} INFO - [2024-10-02 01:23:32,578] {dag.py:1824} INFO - Sync 1 DAGs
[2024-10-02 01:23:32,594] {logging_mixin.py:104} INFO - [2024-10-02 01:23:32,594] {dag.py:1843} INFO - Creating ORM DAG for example_branch_dop_operator_v3
[2024-10-02 01:23:32,624] {logging_mixin.py:104} INFO - [2024-10-02 01:23:32,623] {dag.py:2280} INFO - Setting next_dagrun for example_branch_dop_operator_v3 to 2024-09-30 00:00:00+00:00
[2024-10-02 01:23:32,642] {scheduler_job.py:190} INFO - Processing /home/airflow/.local/lib/python3.6/site-packages/airflow/example_dags/example_branch_python_dop_operator_3.py took 0.195 seconds
[2024-10-02 01:24:03,054] {scheduler_job.py:182} INFO - Started process (PID=79) to work on /home/airflow/.local/lib/python3.6/site-packages/airflow/example_dags/example_branch_python_dop_operator_3.py
[2024-10-02 01:24:03,058] {scheduler_job.py:629} INFO - Processing file /home/airflow/.local/lib/python3.6/site-packages/airflow/example_dags/example_branch_python_dop_operator_3.py for tasks to queue
[2024-10-02 01:24:03,059] {logging_mixin.py:104} INFO - [2024-10-02 01:24:03,059] {dagbag.py:451} INFO - Filling up the DagBag from /home/airflow/.local/lib/python3.6/site-packages/airflow/example_dags/example_branch_python_dop_operator_3.py
[2024-10-02 01:24:03,085] {scheduler_job.py:639} INFO - DAG(s) dict_keys(['example_branch_dop_operator_v3']) retrieved from /home/airflow/.local/lib/python3.6/site-packages/airflow/example_dags/example_branch_python_dop_operator_3.py
[2024-10-02 01:24:03,118] {logging_mixin.py:104} INFO - [2024-10-02 01:24:03,118] {dag.py:1824} INFO - Sync 1 DAGs
[2024-10-02 01:24:03,160] {logging_mixin.py:104} INFO - [2024-10-02 01:24:03,160] {dag.py:2280} INFO - Setting next_dagrun for example_branch_dop_operator_v3 to 2024-09-30 00:00:00+00:00
[2024-10-02 01:24:03,172] {scheduler_job.py:190} INFO - Processing /home/airflow/.local/lib/python3.6/site-packages/airflow/example_dags/example_branch_python_dop_operator_3.py took 0.122 seconds
[2024-10-02 01:24:33,262] {scheduler_job.py:182} INFO - Started process (PID=106) to work on /home/airflow/.local/lib/python3.6/site-packages/airflow/example_dags/example_branch_python_dop_operator_3.py
[2024-10-02 01:24:33,264] {scheduler_job.py:629} INFO - Processing file /home/airflow/.local/lib/python3.6/site-packages/airflow/example_dags/example_branch_python_dop_operator_3.py for tasks to queue
[2024-10-02 01:24:33,265] {logging_mixin.py:104} INFO - [2024-10-02 01:24:33,265] {dagbag.py:451} INFO - Filling up the DagBag from /home/airflow/.local/lib/python3.6/site-packages/airflow/example_dags/example_branch_python_dop_operator_3.py
[2024-10-02 01:24:33,281] {scheduler_job.py:639} INFO - DAG(s) dict_keys(['example_branch_dop_operator_v3']) retrieved from /home/airflow/.local/lib/python3.6/site-packages/airflow/example_dags/example_branch_python_dop_operator_3.py
[2024-10-02 01:24:33,307] {logging_mixin.py:104} INFO - [2024-10-02 01:24:33,306] {dag.py:1824} INFO - Sync 1 DAGs
[2024-10-02 01:24:33,337] {logging_mixin.py:104} INFO - [2024-10-02 01:24:33,336] {dag.py:2280} INFO - Setting next_dagrun for example_branch_dop_operator_v3 to 2024-09-30 00:00:00+00:00
[2024-10-02 01:24:33,347] {scheduler_job.py:190} INFO - Processing /home/airflow/.local/lib/python3.6/site-packages/airflow/example_dags/example_branch_python_dop_operator_3.py took 0.089 seconds
[2024-10-02 01:25:04,301] {scheduler_job.py:182} INFO - Started process (PID=129) to work on /home/airflow/.local/lib/python3.6/site-packages/airflow/example_dags/example_branch_python_dop_operator_3.py
[2024-10-02 01:25:04,303] {scheduler_job.py:629} INFO - Processing file /home/airflow/.local/lib/python3.6/site-packages/airflow/example_dags/example_branch_python_dop_operator_3.py for tasks to queue
[2024-10-02 01:25:04,305] {logging_mixin.py:104} INFO - [2024-10-02 01:25:04,305] {dagbag.py:451} INFO - Filling up the DagBag from /home/airflow/.local/lib/python3.6/site-packages/airflow/example_dags/example_branch_python_dop_operator_3.py
[2024-10-02 01:25:04,330] {scheduler_job.py:639} INFO - DAG(s) dict_keys(['example_branch_dop_operator_v3']) retrieved from /home/airflow/.local/lib/python3.6/site-packages/airflow/example_dags/example_branch_python_dop_operator_3.py
[2024-10-02 01:25:04,373] {logging_mixin.py:104} INFO - [2024-10-02 01:25:04,373] {dag.py:1824} INFO - Sync 1 DAGs
[2024-10-02 01:25:04,428] {logging_mixin.py:104} INFO - [2024-10-02 01:25:04,428] {dag.py:2280} INFO - Setting next_dagrun for example_branch_dop_operator_v3 to 2024-09-30 00:00:00+00:00
[2024-10-02 01:25:04,447] {scheduler_job.py:190} INFO - Processing /home/airflow/.local/lib/python3.6/site-packages/airflow/example_dags/example_branch_python_dop_operator_3.py took 0.149 seconds
[2024-10-02 01:25:34,521] {scheduler_job.py:182} INFO - Started process (PID=156) to work on /home/airflow/.local/lib/python3.6/site-packages/airflow/example_dags/example_branch_python_dop_operator_3.py
[2024-10-02 01:25:34,524] {scheduler_job.py:629} INFO - Processing file /home/airflow/.local/lib/python3.6/site-packages/airflow/example_dags/example_branch_python_dop_operator_3.py for tasks to queue
[2024-10-02 01:25:34,525] {logging_mixin.py:104} INFO - [2024-10-02 01:25:34,525] {dagbag.py:451} INFO - Filling up the DagBag from /home/airflow/.local/lib/python3.6/site-packages/airflow/example_dags/example_branch_python_dop_operator_3.py
[2024-10-02 01:25:34,541] {scheduler_job.py:639} INFO - DAG(s) dict_keys(['example_branch_dop_operator_v3']) retrieved from /home/airflow/.local/lib/python3.6/site-packages/airflow/example_dags/example_branch_python_dop_operator_3.py
[2024-10-02 01:25:34,566] {logging_mixin.py:104} INFO - [2024-10-02 01:25:34,566] {dag.py:1824} INFO - Sync 1 DAGs
[2024-10-02 01:25:34,594] {logging_mixin.py:104} INFO - [2024-10-02 01:25:34,594] {dag.py:2280} INFO - Setting next_dagrun for example_branch_dop_operator_v3 to 2024-09-30 00:00:00+00:00
[2024-10-02 01:25:34,606] {scheduler_job.py:190} INFO - Processing /home/airflow/.local/lib/python3.6/site-packages/airflow/example_dags/example_branch_python_dop_operator_3.py took 0.088 seconds
[2024-10-02 01:26:05,408] {scheduler_job.py:182} INFO - Started process (PID=179) to work on /home/airflow/.local/lib/python3.6/site-packages/airflow/example_dags/example_branch_python_dop_operator_3.py
[2024-10-02 01:26:05,410] {scheduler_job.py:629} INFO - Processing file /home/airflow/.local/lib/python3.6/site-packages/airflow/example_dags/example_branch_python_dop_operator_3.py for tasks to queue
[2024-10-02 01:26:05,411] {logging_mixin.py:104} INFO - [2024-10-02 01:26:05,411] {dagbag.py:451} INFO - Filling up the DagBag from /home/airflow/.local/lib/python3.6/site-packages/airflow/example_dags/example_branch_python_dop_operator_3.py
[2024-10-02 01:26:05,456] {scheduler_job.py:639} INFO - DAG(s) dict_keys(['example_branch_dop_operator_v3']) retrieved from /home/airflow/.local/lib/python3.6/site-packages/airflow/example_dags/example_branch_python_dop_operator_3.py
[2024-10-02 01:26:05,501] {logging_mixin.py:104} INFO - [2024-10-02 01:26:05,500] {dag.py:1824} INFO - Sync 1 DAGs
[2024-10-02 01:26:05,550] {logging_mixin.py:104} INFO - [2024-10-02 01:26:05,549] {dag.py:2280} INFO - Setting next_dagrun for example_branch_dop_operator_v3 to 2024-09-30 00:00:00+00:00
[2024-10-02 01:26:05,567] {scheduler_job.py:190} INFO - Processing /home/airflow/.local/lib/python3.6/site-packages/airflow/example_dags/example_branch_python_dop_operator_3.py took 0.162 seconds
[2024-10-02 01:26:35,643] {scheduler_job.py:182} INFO - Started process (PID=206) to work on /home/airflow/.local/lib/python3.6/site-packages/airflow/example_dags/example_branch_python_dop_operator_3.py
[2024-10-02 01:26:35,645] {scheduler_job.py:629} INFO - Processing file /home/airflow/.local/lib/python3.6/site-packages/airflow/example_dags/example_branch_python_dop_operator_3.py for tasks to queue
[2024-10-02 01:26:35,646] {logging_mixin.py:104} INFO - [2024-10-02 01:26:35,646] {dagbag.py:451} INFO - Filling up the DagBag from /home/airflow/.local/lib/python3.6/site-packages/airflow/example_dags/example_branch_python_dop_operator_3.py
[2024-10-02 01:26:35,665] {scheduler_job.py:639} INFO - DAG(s) dict_keys(['example_branch_dop_operator_v3']) retrieved from /home/airflow/.local/lib/python3.6/site-packages/airflow/example_dags/example_branch_python_dop_operator_3.py
[2024-10-02 01:26:35,691] {logging_mixin.py:104} INFO - [2024-10-02 01:26:35,691] {dag.py:1824} INFO - Sync 1 DAGs
[2024-10-02 01:26:35,720] {logging_mixin.py:104} INFO - [2024-10-02 01:26:35,720] {dag.py:2280} INFO - Setting next_dagrun for example_branch_dop_operator_v3 to 2024-09-30 00:00:00+00:00
[2024-10-02 01:26:35,732] {scheduler_job.py:190} INFO - Processing /home/airflow/.local/lib/python3.6/site-packages/airflow/example_dags/example_branch_python_dop_operator_3.py took 0.093 seconds
[2024-10-02 01:27:06,349] {scheduler_job.py:182} INFO - Started process (PID=232) to work on /home/airflow/.local/lib/python3.6/site-packages/airflow/example_dags/example_branch_python_dop_operator_3.py
[2024-10-02 01:27:06,355] {scheduler_job.py:629} INFO - Processing file /home/airflow/.local/lib/python3.6/site-packages/airflow/example_dags/example_branch_python_dop_operator_3.py for tasks to queue
[2024-10-02 01:27:06,359] {logging_mixin.py:104} INFO - [2024-10-02 01:27:06,359] {dagbag.py:451} INFO - Filling up the DagBag from /home/airflow/.local/lib/python3.6/site-packages/airflow/example_dags/example_branch_python_dop_operator_3.py
[2024-10-02 01:27:06,381] {scheduler_job.py:639} INFO - DAG(s) dict_keys(['example_branch_dop_operator_v3']) retrieved from /home/airflow/.local/lib/python3.6/site-packages/airflow/example_dags/example_branch_python_dop_operator_3.py
[2024-10-02 01:27:06,429] {logging_mixin.py:104} INFO - [2024-10-02 01:27:06,429] {dag.py:1824} INFO - Sync 1 DAGs
[2024-10-02 01:27:06,482] {logging_mixin.py:104} INFO - [2024-10-02 01:27:06,482] {dag.py:2280} INFO - Setting next_dagrun for example_branch_dop_operator_v3 to 2024-09-30 00:00:00+00:00
[2024-10-02 01:27:06,495] {scheduler_job.py:190} INFO - Processing /home/airflow/.local/lib/python3.6/site-packages/airflow/example_dags/example_branch_python_dop_operator_3.py took 0.152 seconds
[2024-10-02 01:27:38,429] {scheduler_job.py:182} INFO - Started process (PID=260) to work on /home/airflow/.local/lib/python3.6/site-packages/airflow/example_dags/example_branch_python_dop_operator_3.py
[2024-10-02 01:27:38,442] {scheduler_job.py:629} INFO - Processing file /home/airflow/.local/lib/python3.6/site-packages/airflow/example_dags/example_branch_python_dop_operator_3.py for tasks to queue
[2024-10-02 01:27:38,454] {logging_mixin.py:104} INFO - [2024-10-02 01:27:38,453] {dagbag.py:451} INFO - Filling up the DagBag from /home/airflow/.local/lib/python3.6/site-packages/airflow/example_dags/example_branch_python_dop_operator_3.py
[2024-10-02 01:27:38,479] {scheduler_job.py:639} INFO - DAG(s) dict_keys(['example_branch_dop_operator_v3']) retrieved from /home/airflow/.local/lib/python3.6/site-packages/airflow/example_dags/example_branch_python_dop_operator_3.py
[2024-10-02 01:27:38,533] {logging_mixin.py:104} INFO - [2024-10-02 01:27:38,533] {dag.py:1824} INFO - Sync 1 DAGs
[2024-10-02 01:27:38,582] {logging_mixin.py:104} INFO - [2024-10-02 01:27:38,581] {dag.py:2280} INFO - Setting next_dagrun for example_branch_dop_operator_v3 to 2024-09-30 00:00:00+00:00
[2024-10-02 01:27:38,593] {scheduler_job.py:190} INFO - Processing /home/airflow/.local/lib/python3.6/site-packages/airflow/example_dags/example_branch_python_dop_operator_3.py took 0.170 seconds
[2024-10-02 01:28:09,682] {scheduler_job.py:182} INFO - Started process (PID=288) to work on /home/airflow/.local/lib/python3.6/site-packages/airflow/example_dags/example_branch_python_dop_operator_3.py
[2024-10-02 01:28:09,684] {scheduler_job.py:629} INFO - Processing file /home/airflow/.local/lib/python3.6/site-packages/airflow/example_dags/example_branch_python_dop_operator_3.py for tasks to queue
[2024-10-02 01:28:09,686] {logging_mixin.py:104} INFO - [2024-10-02 01:28:09,686] {dagbag.py:451} INFO - Filling up the DagBag from /home/airflow/.local/lib/python3.6/site-packages/airflow/example_dags/example_branch_python_dop_operator_3.py
[2024-10-02 01:28:09,704] {scheduler_job.py:639} INFO - DAG(s) dict_keys(['example_branch_dop_operator_v3']) retrieved from /home/airflow/.local/lib/python3.6/site-packages/airflow/example_dags/example_branch_python_dop_operator_3.py
[2024-10-02 01:28:09,745] {logging_mixin.py:104} INFO - [2024-10-02 01:28:09,745] {dag.py:1824} INFO - Sync 1 DAGs
[2024-10-02 01:28:09,798] {logging_mixin.py:104} INFO - [2024-10-02 01:28:09,798] {dag.py:2280} INFO - Setting next_dagrun for example_branch_dop_operator_v3 to 2024-09-30 00:00:00+00:00
[2024-10-02 01:28:09,811] {scheduler_job.py:190} INFO - Processing /home/airflow/.local/lib/python3.6/site-packages/airflow/example_dags/example_branch_python_dop_operator_3.py took 0.133 seconds
[2024-10-02 01:28:40,634] {scheduler_job.py:182} INFO - Started process (PID=315) to work on /home/airflow/.local/lib/python3.6/site-packages/airflow/example_dags/example_branch_python_dop_operator_3.py
[2024-10-02 01:28:40,636] {scheduler_job.py:629} INFO - Processing file /home/airflow/.local/lib/python3.6/site-packages/airflow/example_dags/example_branch_python_dop_operator_3.py for tasks to queue
[2024-10-02 01:28:40,637] {logging_mixin.py:104} INFO - [2024-10-02 01:28:40,637] {dagbag.py:451} INFO - Filling up the DagBag from /home/airflow/.local/lib/python3.6/site-packages/airflow/example_dags/example_branch_python_dop_operator_3.py
[2024-10-02 01:28:40,653] {scheduler_job.py:639} INFO - DAG(s) dict_keys(['example_branch_dop_operator_v3']) retrieved from /home/airflow/.local/lib/python3.6/site-packages/airflow/example_dags/example_branch_python_dop_operator_3.py
[2024-10-02 01:28:40,685] {logging_mixin.py:104} INFO - [2024-10-02 01:28:40,685] {dag.py:1824} INFO - Sync 1 DAGs
[2024-10-02 01:28:40,718] {logging_mixin.py:104} INFO - [2024-10-02 01:28:40,718] {dag.py:2280} INFO - Setting next_dagrun for example_branch_dop_operator_v3 to 2024-09-30 00:00:00+00:00
[2024-10-02 01:28:40,737] {scheduler_job.py:190} INFO - Processing /home/airflow/.local/lib/python3.6/site-packages/airflow/example_dags/example_branch_python_dop_operator_3.py took 0.106 seconds
[2024-10-02T01:32:12.045+0000] {processor.py:157} INFO - Started process (PID=47) to work on /home/airflow/.local/lib/python3.8/site-packages/airflow/example_dags/example_branch_python_dop_operator_3.py
[2024-10-02T01:32:12.048+0000] {processor.py:829} INFO - Processing file /home/airflow/.local/lib/python3.8/site-packages/airflow/example_dags/example_branch_python_dop_operator_3.py for tasks to queue
[2024-10-02T01:32:12.053+0000] {logging_mixin.py:151} INFO - [2024-10-02T01:32:12.052+0000] {dagbag.py:539} INFO - Filling up the DagBag from /home/airflow/.local/lib/python3.8/site-packages/airflow/example_dags/example_branch_python_dop_operator_3.py
[2024-10-02T01:32:12.109+0000] {processor.py:839} INFO - DAG(s) dict_keys(['example_branch_dop_operator_v3']) retrieved from /home/airflow/.local/lib/python3.8/site-packages/airflow/example_dags/example_branch_python_dop_operator_3.py
[2024-10-02T01:32:12.438+0000] {logging_mixin.py:151} INFO - [2024-10-02T01:32:12.438+0000] {manager.py:499} INFO - Created Permission View: %s
[2024-10-02T01:32:12.464+0000] {logging_mixin.py:151} INFO - [2024-10-02T01:32:12.464+0000] {manager.py:499} INFO - Created Permission View: %s
[2024-10-02T01:32:12.482+0000] {logging_mixin.py:151} INFO - [2024-10-02T01:32:12.481+0000] {manager.py:499} INFO - Created Permission View: %s
[2024-10-02T01:32:12.484+0000] {logging_mixin.py:151} INFO - [2024-10-02T01:32:12.483+0000] {security.py:708} INFO - Not syncing DAG-level permissions for DAG 'DAG:example_branch_dop_operator_v3' as access control is unset.
[2024-10-02T01:32:12.486+0000] {logging_mixin.py:151} INFO - [2024-10-02T01:32:12.485+0000] {dag.py:2915} INFO - Sync 1 DAGs
[2024-10-02T01:32:12.509+0000] {logging_mixin.py:151} INFO - [2024-10-02T01:32:12.508+0000] {dag.py:2937} INFO - Creating ORM DAG for example_branch_dop_operator_v3
[2024-10-02T01:32:12.559+0000] {logging_mixin.py:151} INFO - [2024-10-02T01:32:12.558+0000] {dag.py:3696} INFO - Setting next_dagrun for example_branch_dop_operator_v3 to 2024-10-02T01:31:00+00:00, run_after=2024-10-02T01:32:00+00:00
[2024-10-02T01:32:12.602+0000] {processor.py:179} INFO - Processing /home/airflow/.local/lib/python3.8/site-packages/airflow/example_dags/example_branch_python_dop_operator_3.py took 0.567 seconds
[2024-10-02T01:32:42.846+0000] {processor.py:157} INFO - Started process (PID=94) to work on /home/airflow/.local/lib/python3.8/site-packages/airflow/example_dags/example_branch_python_dop_operator_3.py
[2024-10-02T01:32:42.849+0000] {processor.py:829} INFO - Processing file /home/airflow/.local/lib/python3.8/site-packages/airflow/example_dags/example_branch_python_dop_operator_3.py for tasks to queue
[2024-10-02T01:32:42.854+0000] {logging_mixin.py:151} INFO - [2024-10-02T01:32:42.853+0000] {dagbag.py:539} INFO - Filling up the DagBag from /home/airflow/.local/lib/python3.8/site-packages/airflow/example_dags/example_branch_python_dop_operator_3.py
[2024-10-02T01:32:42.870+0000] {processor.py:839} INFO - DAG(s) dict_keys(['example_branch_dop_operator_v3']) retrieved from /home/airflow/.local/lib/python3.8/site-packages/airflow/example_dags/example_branch_python_dop_operator_3.py
[2024-10-02T01:32:42.895+0000] {logging_mixin.py:151} INFO - [2024-10-02T01:32:42.895+0000] {dag.py:2915} INFO - Sync 1 DAGs
[2024-10-02T01:32:42.926+0000] {logging_mixin.py:151} INFO - [2024-10-02T01:32:42.925+0000] {dag.py:3696} INFO - Setting next_dagrun for example_branch_dop_operator_v3 to 2024-10-02T01:31:00+00:00, run_after=2024-10-02T01:32:00+00:00
[2024-10-02T01:32:42.948+0000] {processor.py:179} INFO - Processing /home/airflow/.local/lib/python3.8/site-packages/airflow/example_dags/example_branch_python_dop_operator_3.py took 0.106 seconds
[2024-10-02T01:33:13.877+0000] {processor.py:157} INFO - Started process (PID=142) to work on /home/airflow/.local/lib/python3.8/site-packages/airflow/example_dags/example_branch_python_dop_operator_3.py
[2024-10-02T01:33:13.879+0000] {processor.py:829} INFO - Processing file /home/airflow/.local/lib/python3.8/site-packages/airflow/example_dags/example_branch_python_dop_operator_3.py for tasks to queue
[2024-10-02T01:33:13.893+0000] {logging_mixin.py:151} INFO - [2024-10-02T01:33:13.892+0000] {dagbag.py:539} INFO - Filling up the DagBag from /home/airflow/.local/lib/python3.8/site-packages/airflow/example_dags/example_branch_python_dop_operator_3.py
[2024-10-02T01:33:13.922+0000] {processor.py:839} INFO - DAG(s) dict_keys(['example_branch_dop_operator_v3']) retrieved from /home/airflow/.local/lib/python3.8/site-packages/airflow/example_dags/example_branch_python_dop_operator_3.py
[2024-10-02T01:33:13.957+0000] {logging_mixin.py:151} INFO - [2024-10-02T01:33:13.956+0000] {dag.py:2915} INFO - Sync 1 DAGs
[2024-10-02T01:33:13.990+0000] {logging_mixin.py:151} INFO - [2024-10-02T01:33:13.990+0000] {dag.py:3696} INFO - Setting next_dagrun for example_branch_dop_operator_v3 to 2024-10-02T01:32:00+00:00, run_after=2024-10-02T01:33:00+00:00
[2024-10-02T01:33:14.021+0000] {processor.py:179} INFO - Processing /home/airflow/.local/lib/python3.8/site-packages/airflow/example_dags/example_branch_python_dop_operator_3.py took 0.149 seconds
[2024-10-02T01:33:44.204+0000] {processor.py:157} INFO - Started process (PID=190) to work on /home/airflow/.local/lib/python3.8/site-packages/airflow/example_dags/example_branch_python_dop_operator_3.py
[2024-10-02T01:33:44.209+0000] {processor.py:829} INFO - Processing file /home/airflow/.local/lib/python3.8/site-packages/airflow/example_dags/example_branch_python_dop_operator_3.py for tasks to queue
[2024-10-02T01:33:44.216+0000] {logging_mixin.py:151} INFO - [2024-10-02T01:33:44.215+0000] {dagbag.py:539} INFO - Filling up the DagBag from /home/airflow/.local/lib/python3.8/site-packages/airflow/example_dags/example_branch_python_dop_operator_3.py
[2024-10-02T01:33:44.235+0000] {processor.py:839} INFO - DAG(s) dict_keys(['example_branch_dop_operator_v3']) retrieved from /home/airflow/.local/lib/python3.8/site-packages/airflow/example_dags/example_branch_python_dop_operator_3.py
[2024-10-02T01:33:44.269+0000] {logging_mixin.py:151} INFO - [2024-10-02T01:33:44.268+0000] {dag.py:2915} INFO - Sync 1 DAGs
[2024-10-02T01:33:44.326+0000] {logging_mixin.py:151} INFO - [2024-10-02T01:33:44.325+0000] {dag.py:3696} INFO - Setting next_dagrun for example_branch_dop_operator_v3 to 2024-10-02T01:32:00+00:00, run_after=2024-10-02T01:33:00+00:00
[2024-10-02T01:33:44.359+0000] {processor.py:179} INFO - Processing /home/airflow/.local/lib/python3.8/site-packages/airflow/example_dags/example_branch_python_dop_operator_3.py took 0.164 seconds
[2024-10-02T01:34:14.894+0000] {processor.py:157} INFO - Started process (PID=238) to work on /home/airflow/.local/lib/python3.8/site-packages/airflow/example_dags/example_branch_python_dop_operator_3.py
[2024-10-02T01:34:14.896+0000] {processor.py:829} INFO - Processing file /home/airflow/.local/lib/python3.8/site-packages/airflow/example_dags/example_branch_python_dop_operator_3.py for tasks to queue
[2024-10-02T01:34:14.900+0000] {logging_mixin.py:151} INFO - [2024-10-02T01:34:14.899+0000] {dagbag.py:539} INFO - Filling up the DagBag from /home/airflow/.local/lib/python3.8/site-packages/airflow/example_dags/example_branch_python_dop_operator_3.py
[2024-10-02T01:34:14.922+0000] {processor.py:839} INFO - DAG(s) dict_keys(['example_branch_dop_operator_v3']) retrieved from /home/airflow/.local/lib/python3.8/site-packages/airflow/example_dags/example_branch_python_dop_operator_3.py
[2024-10-02T01:34:14.955+0000] {logging_mixin.py:151} INFO - [2024-10-02T01:34:14.954+0000] {dag.py:2915} INFO - Sync 1 DAGs
[2024-10-02T01:34:14.994+0000] {logging_mixin.py:151} INFO - [2024-10-02T01:34:14.994+0000] {dag.py:3696} INFO - Setting next_dagrun for example_branch_dop_operator_v3 to 2024-10-02T01:33:00+00:00, run_after=2024-10-02T01:34:00+00:00
[2024-10-02T01:34:15.020+0000] {processor.py:179} INFO - Processing /home/airflow/.local/lib/python3.8/site-packages/airflow/example_dags/example_branch_python_dop_operator_3.py took 0.130 seconds
[2024-10-02T01:34:45.610+0000] {processor.py:157} INFO - Started process (PID=286) to work on /home/airflow/.local/lib/python3.8/site-packages/airflow/example_dags/example_branch_python_dop_operator_3.py
[2024-10-02T01:34:45.612+0000] {processor.py:829} INFO - Processing file /home/airflow/.local/lib/python3.8/site-packages/airflow/example_dags/example_branch_python_dop_operator_3.py for tasks to queue
[2024-10-02T01:34:45.616+0000] {logging_mixin.py:151} INFO - [2024-10-02T01:34:45.616+0000] {dagbag.py:539} INFO - Filling up the DagBag from /home/airflow/.local/lib/python3.8/site-packages/airflow/example_dags/example_branch_python_dop_operator_3.py
[2024-10-02T01:34:45.641+0000] {processor.py:839} INFO - DAG(s) dict_keys(['example_branch_dop_operator_v3']) retrieved from /home/airflow/.local/lib/python3.8/site-packages/airflow/example_dags/example_branch_python_dop_operator_3.py
[2024-10-02T01:34:45.675+0000] {logging_mixin.py:151} INFO - [2024-10-02T01:34:45.675+0000] {dag.py:2915} INFO - Sync 1 DAGs
[2024-10-02T01:34:45.717+0000] {logging_mixin.py:151} INFO - [2024-10-02T01:34:45.716+0000] {dag.py:3696} INFO - Setting next_dagrun for example_branch_dop_operator_v3 to 2024-10-02T01:33:00+00:00, run_after=2024-10-02T01:34:00+00:00
[2024-10-02T01:34:45.754+0000] {processor.py:179} INFO - Processing /home/airflow/.local/lib/python3.8/site-packages/airflow/example_dags/example_branch_python_dop_operator_3.py took 0.147 seconds
[2024-10-02T01:35:15.990+0000] {processor.py:157} INFO - Started process (PID=334) to work on /home/airflow/.local/lib/python3.8/site-packages/airflow/example_dags/example_branch_python_dop_operator_3.py
[2024-10-02T01:35:15.992+0000] {processor.py:829} INFO - Processing file /home/airflow/.local/lib/python3.8/site-packages/airflow/example_dags/example_branch_python_dop_operator_3.py for tasks to queue
[2024-10-02T01:35:15.997+0000] {logging_mixin.py:151} INFO - [2024-10-02T01:35:15.996+0000] {dagbag.py:539} INFO - Filling up the DagBag from /home/airflow/.local/lib/python3.8/site-packages/airflow/example_dags/example_branch_python_dop_operator_3.py
[2024-10-02T01:35:16.022+0000] {processor.py:839} INFO - DAG(s) dict_keys(['example_branch_dop_operator_v3']) retrieved from /home/airflow/.local/lib/python3.8/site-packages/airflow/example_dags/example_branch_python_dop_operator_3.py
[2024-10-02T01:35:16.059+0000] {logging_mixin.py:151} INFO - [2024-10-02T01:35:16.058+0000] {dag.py:2915} INFO - Sync 1 DAGs
[2024-10-02T01:35:16.103+0000] {logging_mixin.py:151} INFO - [2024-10-02T01:35:16.102+0000] {dag.py:3696} INFO - Setting next_dagrun for example_branch_dop_operator_v3 to 2024-10-02T01:34:00+00:00, run_after=2024-10-02T01:35:00+00:00
[2024-10-02T01:35:16.140+0000] {processor.py:179} INFO - Processing /home/airflow/.local/lib/python3.8/site-packages/airflow/example_dags/example_branch_python_dop_operator_3.py took 0.154 seconds
[2024-10-02T01:35:46.539+0000] {processor.py:157} INFO - Started process (PID=382) to work on /home/airflow/.local/lib/python3.8/site-packages/airflow/example_dags/example_branch_python_dop_operator_3.py
[2024-10-02T01:35:46.542+0000] {processor.py:829} INFO - Processing file /home/airflow/.local/lib/python3.8/site-packages/airflow/example_dags/example_branch_python_dop_operator_3.py for tasks to queue
[2024-10-02T01:35:46.547+0000] {logging_mixin.py:151} INFO - [2024-10-02T01:35:46.546+0000] {dagbag.py:539} INFO - Filling up the DagBag from /home/airflow/.local/lib/python3.8/site-packages/airflow/example_dags/example_branch_python_dop_operator_3.py
[2024-10-02T01:35:46.569+0000] {processor.py:839} INFO - DAG(s) dict_keys(['example_branch_dop_operator_v3']) retrieved from /home/airflow/.local/lib/python3.8/site-packages/airflow/example_dags/example_branch_python_dop_operator_3.py
[2024-10-02T01:35:46.603+0000] {logging_mixin.py:151} INFO - [2024-10-02T01:35:46.603+0000] {dag.py:2915} INFO - Sync 1 DAGs
[2024-10-02T01:35:46.640+0000] {logging_mixin.py:151} INFO - [2024-10-02T01:35:46.640+0000] {dag.py:3696} INFO - Setting next_dagrun for example_branch_dop_operator_v3 to 2024-10-02T01:34:00+00:00, run_after=2024-10-02T01:35:00+00:00
[2024-10-02T01:35:46.666+0000] {processor.py:179} INFO - Processing /home/airflow/.local/lib/python3.8/site-packages/airflow/example_dags/example_branch_python_dop_operator_3.py took 0.132 seconds
[2024-10-02T01:36:16.923+0000] {processor.py:157} INFO - Started process (PID=430) to work on /home/airflow/.local/lib/python3.8/site-packages/airflow/example_dags/example_branch_python_dop_operator_3.py
[2024-10-02T01:36:16.926+0000] {processor.py:829} INFO - Processing file /home/airflow/.local/lib/python3.8/site-packages/airflow/example_dags/example_branch_python_dop_operator_3.py for tasks to queue
[2024-10-02T01:36:16.933+0000] {logging_mixin.py:151} INFO - [2024-10-02T01:36:16.932+0000] {dagbag.py:539} INFO - Filling up the DagBag from /home/airflow/.local/lib/python3.8/site-packages/airflow/example_dags/example_branch_python_dop_operator_3.py
[2024-10-02T01:36:16.964+0000] {processor.py:839} INFO - DAG(s) dict_keys(['example_branch_dop_operator_v3']) retrieved from /home/airflow/.local/lib/python3.8/site-packages/airflow/example_dags/example_branch_python_dop_operator_3.py
[2024-10-02T01:36:17.006+0000] {logging_mixin.py:151} INFO - [2024-10-02T01:36:17.006+0000] {dag.py:2915} INFO - Sync 1 DAGs
[2024-10-02T01:36:17.057+0000] {logging_mixin.py:151} INFO - [2024-10-02T01:36:17.056+0000] {dag.py:3696} INFO - Setting next_dagrun for example_branch_dop_operator_v3 to 2024-10-02T01:35:00+00:00, run_after=2024-10-02T01:36:00+00:00
[2024-10-02T01:36:17.104+0000] {processor.py:179} INFO - Processing /home/airflow/.local/lib/python3.8/site-packages/airflow/example_dags/example_branch_python_dop_operator_3.py took 0.187 seconds
[2024-10-02T01:36:47.303+0000] {processor.py:157} INFO - Started process (PID=478) to work on /home/airflow/.local/lib/python3.8/site-packages/airflow/example_dags/example_branch_python_dop_operator_3.py
[2024-10-02T01:36:47.306+0000] {processor.py:829} INFO - Processing file /home/airflow/.local/lib/python3.8/site-packages/airflow/example_dags/example_branch_python_dop_operator_3.py for tasks to queue
[2024-10-02T01:36:47.310+0000] {logging_mixin.py:151} INFO - [2024-10-02T01:36:47.309+0000] {dagbag.py:539} INFO - Filling up the DagBag from /home/airflow/.local/lib/python3.8/site-packages/airflow/example_dags/example_branch_python_dop_operator_3.py
[2024-10-02T01:36:47.326+0000] {processor.py:839} INFO - DAG(s) dict_keys(['example_branch_dop_operator_v3']) retrieved from /home/airflow/.local/lib/python3.8/site-packages/airflow/example_dags/example_branch_python_dop_operator_3.py
[2024-10-02T01:36:47.364+0000] {logging_mixin.py:151} INFO - [2024-10-02T01:36:47.363+0000] {dag.py:2915} INFO - Sync 1 DAGs
[2024-10-02T01:36:47.408+0000] {logging_mixin.py:151} INFO - [2024-10-02T01:36:47.408+0000] {dag.py:3696} INFO - Setting next_dagrun for example_branch_dop_operator_v3 to 2024-10-02T01:35:00+00:00, run_after=2024-10-02T01:36:00+00:00
[2024-10-02T01:36:47.436+0000] {processor.py:179} INFO - Processing /home/airflow/.local/lib/python3.8/site-packages/airflow/example_dags/example_branch_python_dop_operator_3.py took 0.138 seconds
[2024-10-02T01:37:17.643+0000] {processor.py:157} INFO - Started process (PID=526) to work on /home/airflow/.local/lib/python3.8/site-packages/airflow/example_dags/example_branch_python_dop_operator_3.py
[2024-10-02T01:37:17.645+0000] {processor.py:829} INFO - Processing file /home/airflow/.local/lib/python3.8/site-packages/airflow/example_dags/example_branch_python_dop_operator_3.py for tasks to queue
[2024-10-02T01:37:17.649+0000] {logging_mixin.py:151} INFO - [2024-10-02T01:37:17.648+0000] {dagbag.py:539} INFO - Filling up the DagBag from /home/airflow/.local/lib/python3.8/site-packages/airflow/example_dags/example_branch_python_dop_operator_3.py
[2024-10-02T01:37:17.671+0000] {processor.py:839} INFO - DAG(s) dict_keys(['example_branch_dop_operator_v3']) retrieved from /home/airflow/.local/lib/python3.8/site-packages/airflow/example_dags/example_branch_python_dop_operator_3.py
[2024-10-02T01:37:17.702+0000] {logging_mixin.py:151} INFO - [2024-10-02T01:37:17.702+0000] {dag.py:2915} INFO - Sync 1 DAGs
[2024-10-02T01:37:17.748+0000] {logging_mixin.py:151} INFO - [2024-10-02T01:37:17.748+0000] {dag.py:3696} INFO - Setting next_dagrun for example_branch_dop_operator_v3 to 2024-10-02T01:36:00+00:00, run_after=2024-10-02T01:37:00+00:00
[2024-10-02T01:37:17.776+0000] {processor.py:179} INFO - Processing /home/airflow/.local/lib/python3.8/site-packages/airflow/example_dags/example_branch_python_dop_operator_3.py took 0.137 seconds
[2024-10-02T01:37:47.975+0000] {processor.py:157} INFO - Started process (PID=574) to work on /home/airflow/.local/lib/python3.8/site-packages/airflow/example_dags/example_branch_python_dop_operator_3.py
[2024-10-02T01:37:47.978+0000] {processor.py:829} INFO - Processing file /home/airflow/.local/lib/python3.8/site-packages/airflow/example_dags/example_branch_python_dop_operator_3.py for tasks to queue
[2024-10-02T01:37:47.982+0000] {logging_mixin.py:151} INFO - [2024-10-02T01:37:47.981+0000] {dagbag.py:539} INFO - Filling up the DagBag from /home/airflow/.local/lib/python3.8/site-packages/airflow/example_dags/example_branch_python_dop_operator_3.py
[2024-10-02T01:37:48.002+0000] {processor.py:839} INFO - DAG(s) dict_keys(['example_branch_dop_operator_v3']) retrieved from /home/airflow/.local/lib/python3.8/site-packages/airflow/example_dags/example_branch_python_dop_operator_3.py
[2024-10-02T01:37:48.038+0000] {logging_mixin.py:151} INFO - [2024-10-02T01:37:48.038+0000] {dag.py:2915} INFO - Sync 1 DAGs
[2024-10-02T01:37:48.075+0000] {logging_mixin.py:151} INFO - [2024-10-02T01:37:48.075+0000] {dag.py:3696} INFO - Setting next_dagrun for example_branch_dop_operator_v3 to 2024-10-02T01:36:00+00:00, run_after=2024-10-02T01:37:00+00:00
[2024-10-02T01:37:48.118+0000] {processor.py:179} INFO - Processing /home/airflow/.local/lib/python3.8/site-packages/airflow/example_dags/example_branch_python_dop_operator_3.py took 0.147 seconds
[2024-10-02T01:38:18.464+0000] {processor.py:157} INFO - Started process (PID=622) to work on /home/airflow/.local/lib/python3.8/site-packages/airflow/example_dags/example_branch_python_dop_operator_3.py
[2024-10-02T01:38:18.467+0000] {processor.py:829} INFO - Processing file /home/airflow/.local/lib/python3.8/site-packages/airflow/example_dags/example_branch_python_dop_operator_3.py for tasks to queue
[2024-10-02T01:38:18.472+0000] {logging_mixin.py:151} INFO - [2024-10-02T01:38:18.471+0000] {dagbag.py:539} INFO - Filling up the DagBag from /home/airflow/.local/lib/python3.8/site-packages/airflow/example_dags/example_branch_python_dop_operator_3.py
[2024-10-02T01:38:18.493+0000] {processor.py:839} INFO - DAG(s) dict_keys(['example_branch_dop_operator_v3']) retrieved from /home/airflow/.local/lib/python3.8/site-packages/airflow/example_dags/example_branch_python_dop_operator_3.py
[2024-10-02T01:38:18.530+0000] {logging_mixin.py:151} INFO - [2024-10-02T01:38:18.529+0000] {dag.py:2915} INFO - Sync 1 DAGs
[2024-10-02T01:38:18.566+0000] {logging_mixin.py:151} INFO - [2024-10-02T01:38:18.566+0000] {dag.py:3696} INFO - Setting next_dagrun for example_branch_dop_operator_v3 to 2024-10-02T01:37:00+00:00, run_after=2024-10-02T01:38:00+00:00
[2024-10-02T01:38:18.599+0000] {processor.py:179} INFO - Processing /home/airflow/.local/lib/python3.8/site-packages/airflow/example_dags/example_branch_python_dop_operator_3.py took 0.142 seconds
[2024-10-02T01:38:48.892+0000] {processor.py:157} INFO - Started process (PID=670) to work on /home/airflow/.local/lib/python3.8/site-packages/airflow/example_dags/example_branch_python_dop_operator_3.py
[2024-10-02T01:38:48.895+0000] {processor.py:829} INFO - Processing file /home/airflow/.local/lib/python3.8/site-packages/airflow/example_dags/example_branch_python_dop_operator_3.py for tasks to queue
[2024-10-02T01:38:48.901+0000] {logging_mixin.py:151} INFO - [2024-10-02T01:38:48.899+0000] {dagbag.py:539} INFO - Filling up the DagBag from /home/airflow/.local/lib/python3.8/site-packages/airflow/example_dags/example_branch_python_dop_operator_3.py
[2024-10-02T01:38:48.924+0000] {processor.py:839} INFO - DAG(s) dict_keys(['example_branch_dop_operator_v3']) retrieved from /home/airflow/.local/lib/python3.8/site-packages/airflow/example_dags/example_branch_python_dop_operator_3.py
[2024-10-02T01:38:48.959+0000] {logging_mixin.py:151} INFO - [2024-10-02T01:38:48.959+0000] {dag.py:2915} INFO - Sync 1 DAGs
[2024-10-02T01:38:49.004+0000] {logging_mixin.py:151} INFO - [2024-10-02T01:38:49.003+0000] {dag.py:3696} INFO - Setting next_dagrun for example_branch_dop_operator_v3 to 2024-10-02T01:37:00+00:00, run_after=2024-10-02T01:38:00+00:00
[2024-10-02T01:38:49.036+0000] {processor.py:179} INFO - Processing /home/airflow/.local/lib/python3.8/site-packages/airflow/example_dags/example_branch_python_dop_operator_3.py took 0.149 seconds
[2024-10-02T01:39:19.417+0000] {processor.py:157} INFO - Started process (PID=718) to work on /home/airflow/.local/lib/python3.8/site-packages/airflow/example_dags/example_branch_python_dop_operator_3.py
[2024-10-02T01:39:19.419+0000] {processor.py:829} INFO - Processing file /home/airflow/.local/lib/python3.8/site-packages/airflow/example_dags/example_branch_python_dop_operator_3.py for tasks to queue
[2024-10-02T01:39:19.424+0000] {logging_mixin.py:151} INFO - [2024-10-02T01:39:19.423+0000] {dagbag.py:539} INFO - Filling up the DagBag from /home/airflow/.local/lib/python3.8/site-packages/airflow/example_dags/example_branch_python_dop_operator_3.py
[2024-10-02T01:39:19.449+0000] {processor.py:839} INFO - DAG(s) dict_keys(['example_branch_dop_operator_v3']) retrieved from /home/airflow/.local/lib/python3.8/site-packages/airflow/example_dags/example_branch_python_dop_operator_3.py
[2024-10-02T01:39:19.490+0000] {logging_mixin.py:151} INFO - [2024-10-02T01:39:19.489+0000] {dag.py:2915} INFO - Sync 1 DAGs
[2024-10-02T01:39:19.532+0000] {logging_mixin.py:151} INFO - [2024-10-02T01:39:19.532+0000] {dag.py:3696} INFO - Setting next_dagrun for example_branch_dop_operator_v3 to 2024-10-02T01:38:00+00:00, run_after=2024-10-02T01:39:00+00:00
[2024-10-02T01:39:19.561+0000] {processor.py:179} INFO - Processing /home/airflow/.local/lib/python3.8/site-packages/airflow/example_dags/example_branch_python_dop_operator_3.py took 0.149 seconds
[2024-10-02T01:45:31.097+0000] {processor.py:157} INFO - Started process (PID=47) to work on /home/airflow/.local/lib/python3.8/site-packages/airflow/example_dags/example_branch_python_dop_operator_3.py
[2024-10-02T01:45:31.101+0000] {processor.py:829} INFO - Processing file /home/airflow/.local/lib/python3.8/site-packages/airflow/example_dags/example_branch_python_dop_operator_3.py for tasks to queue
[2024-10-02T01:45:31.106+0000] {logging_mixin.py:151} INFO - [2024-10-02T01:45:31.106+0000] {dagbag.py:539} INFO - Filling up the DagBag from /home/airflow/.local/lib/python3.8/site-packages/airflow/example_dags/example_branch_python_dop_operator_3.py
[2024-10-02T01:45:31.135+0000] {processor.py:839} INFO - DAG(s) dict_keys(['example_branch_dop_operator_v3']) retrieved from /home/airflow/.local/lib/python3.8/site-packages/airflow/example_dags/example_branch_python_dop_operator_3.py
[2024-10-02T01:45:31.408+0000] {logging_mixin.py:151} INFO - [2024-10-02T01:45:31.407+0000] {manager.py:499} INFO - Created Permission View: %s
[2024-10-02T01:45:31.431+0000] {logging_mixin.py:151} INFO - [2024-10-02T01:45:31.430+0000] {manager.py:499} INFO - Created Permission View: %s
[2024-10-02T01:45:31.449+0000] {logging_mixin.py:151} INFO - [2024-10-02T01:45:31.448+0000] {manager.py:499} INFO - Created Permission View: %s
[2024-10-02T01:45:31.454+0000] {logging_mixin.py:151} INFO - [2024-10-02T01:45:31.454+0000] {security.py:708} INFO - Not syncing DAG-level permissions for DAG 'DAG:example_branch_dop_operator_v3' as access control is unset.
[2024-10-02T01:45:31.457+0000] {logging_mixin.py:151} INFO - [2024-10-02T01:45:31.457+0000] {dag.py:2915} INFO - Sync 1 DAGs
[2024-10-02T01:45:31.483+0000] {logging_mixin.py:151} INFO - [2024-10-02T01:45:31.483+0000] {dag.py:2937} INFO - Creating ORM DAG for example_branch_dop_operator_v3
[2024-10-02T01:45:31.526+0000] {logging_mixin.py:151} INFO - [2024-10-02T01:45:31.525+0000] {dag.py:3696} INFO - Setting next_dagrun for example_branch_dop_operator_v3 to 2024-10-02T01:44:00+00:00, run_after=2024-10-02T01:45:00+00:00
[2024-10-02T01:45:31.579+0000] {processor.py:179} INFO - Processing /home/airflow/.local/lib/python3.8/site-packages/airflow/example_dags/example_branch_python_dop_operator_3.py took 0.486 seconds
[2024-10-02T01:46:01.745+0000] {processor.py:157} INFO - Started process (PID=94) to work on /home/airflow/.local/lib/python3.8/site-packages/airflow/example_dags/example_branch_python_dop_operator_3.py
[2024-10-02T01:46:01.749+0000] {processor.py:829} INFO - Processing file /home/airflow/.local/lib/python3.8/site-packages/airflow/example_dags/example_branch_python_dop_operator_3.py for tasks to queue
[2024-10-02T01:46:01.753+0000] {logging_mixin.py:151} INFO - [2024-10-02T01:46:01.752+0000] {dagbag.py:539} INFO - Filling up the DagBag from /home/airflow/.local/lib/python3.8/site-packages/airflow/example_dags/example_branch_python_dop_operator_3.py
[2024-10-02T01:46:01.803+0000] {processor.py:839} INFO - DAG(s) dict_keys(['example_branch_dop_operator_v3']) retrieved from /home/airflow/.local/lib/python3.8/site-packages/airflow/example_dags/example_branch_python_dop_operator_3.py
[2024-10-02T01:46:01.874+0000] {logging_mixin.py:151} INFO - [2024-10-02T01:46:01.873+0000] {dag.py:2915} INFO - Sync 1 DAGs
[2024-10-02T01:46:01.943+0000] {logging_mixin.py:151} INFO - [2024-10-02T01:46:01.941+0000] {dag.py:3696} INFO - Setting next_dagrun for example_branch_dop_operator_v3 to 2024-10-02T01:45:00+00:00, run_after=2024-10-02T01:46:00+00:00
[2024-10-02T01:46:02.002+0000] {processor.py:179} INFO - Processing /home/airflow/.local/lib/python3.8/site-packages/airflow/example_dags/example_branch_python_dop_operator_3.py took 0.262 seconds
[2024-10-02T01:46:58.643+0000] {processor.py:157} INFO - Started process (PID=47) to work on /home/airflow/.local/lib/python3.8/site-packages/airflow/example_dags/example_branch_python_dop_operator_3.py
[2024-10-02T01:46:58.674+0000] {processor.py:829} INFO - Processing file /home/airflow/.local/lib/python3.8/site-packages/airflow/example_dags/example_branch_python_dop_operator_3.py for tasks to queue
[2024-10-02T01:46:58.689+0000] {logging_mixin.py:151} INFO - [2024-10-02T01:46:58.689+0000] {dagbag.py:539} INFO - Filling up the DagBag from /home/airflow/.local/lib/python3.8/site-packages/airflow/example_dags/example_branch_python_dop_operator_3.py
[2024-10-02T01:46:58.762+0000] {processor.py:839} INFO - DAG(s) dict_keys(['example_branch_dop_operator_v3']) retrieved from /home/airflow/.local/lib/python3.8/site-packages/airflow/example_dags/example_branch_python_dop_operator_3.py
[2024-10-02T01:46:58.818+0000] {logging_mixin.py:151} INFO - [2024-10-02T01:46:58.817+0000] {dag.py:2915} INFO - Sync 1 DAGs
[2024-10-02T01:46:58.904+0000] {logging_mixin.py:151} INFO - [2024-10-02T01:46:58.904+0000] {dag.py:3696} INFO - Setting next_dagrun for example_branch_dop_operator_v3 to 2024-10-02T01:45:00+00:00, run_after=2024-10-02T01:46:00+00:00
[2024-10-02T01:46:58.982+0000] {processor.py:179} INFO - Processing /home/airflow/.local/lib/python3.8/site-packages/airflow/example_dags/example_branch_python_dop_operator_3.py took 0.354 seconds
[2024-10-02T01:47:29.929+0000] {processor.py:157} INFO - Started process (PID=94) to work on /home/airflow/.local/lib/python3.8/site-packages/airflow/example_dags/example_branch_python_dop_operator_3.py
[2024-10-02T01:47:29.932+0000] {processor.py:829} INFO - Processing file /home/airflow/.local/lib/python3.8/site-packages/airflow/example_dags/example_branch_python_dop_operator_3.py for tasks to queue
[2024-10-02T01:47:29.936+0000] {logging_mixin.py:151} INFO - [2024-10-02T01:47:29.935+0000] {dagbag.py:539} INFO - Filling up the DagBag from /home/airflow/.local/lib/python3.8/site-packages/airflow/example_dags/example_branch_python_dop_operator_3.py
[2024-10-02T01:47:29.952+0000] {processor.py:839} INFO - DAG(s) dict_keys(['example_branch_dop_operator_v3']) retrieved from /home/airflow/.local/lib/python3.8/site-packages/airflow/example_dags/example_branch_python_dop_operator_3.py
[2024-10-02T01:47:29.987+0000] {logging_mixin.py:151} INFO - [2024-10-02T01:47:29.987+0000] {dag.py:2915} INFO - Sync 1 DAGs
[2024-10-02T01:47:30.021+0000] {logging_mixin.py:151} INFO - [2024-10-02T01:47:30.020+0000] {dag.py:3696} INFO - Setting next_dagrun for example_branch_dop_operator_v3 to 2024-10-02T01:46:00+00:00, run_after=2024-10-02T01:47:00+00:00
[2024-10-02T01:47:30.047+0000] {processor.py:179} INFO - Processing /home/airflow/.local/lib/python3.8/site-packages/airflow/example_dags/example_branch_python_dop_operator_3.py took 0.123 seconds
[2024-10-02T01:48:26.749+0000] {processor.py:157} INFO - Started process (PID=47) to work on /home/airflow/.local/lib/python3.8/site-packages/airflow/example_dags/example_branch_python_dop_operator_3.py
[2024-10-02T01:48:26.782+0000] {processor.py:829} INFO - Processing file /home/airflow/.local/lib/python3.8/site-packages/airflow/example_dags/example_branch_python_dop_operator_3.py for tasks to queue
[2024-10-02T01:48:26.805+0000] {logging_mixin.py:151} INFO - [2024-10-02T01:48:26.804+0000] {dagbag.py:539} INFO - Filling up the DagBag from /home/airflow/.local/lib/python3.8/site-packages/airflow/example_dags/example_branch_python_dop_operator_3.py
[2024-10-02T01:48:26.927+0000] {processor.py:839} INFO - DAG(s) dict_keys(['example_branch_dop_operator_v3']) retrieved from /home/airflow/.local/lib/python3.8/site-packages/airflow/example_dags/example_branch_python_dop_operator_3.py
[2024-10-02T01:48:26.984+0000] {logging_mixin.py:151} INFO - [2024-10-02T01:48:26.984+0000] {dag.py:2915} INFO - Sync 1 DAGs
[2024-10-02T01:48:27.082+0000] {logging_mixin.py:151} INFO - [2024-10-02T01:48:27.081+0000] {dag.py:3696} INFO - Setting next_dagrun for example_branch_dop_operator_v3 to 2024-10-02T01:47:00+00:00, run_after=2024-10-02T01:48:00+00:00
[2024-10-02T01:48:27.144+0000] {processor.py:179} INFO - Processing /home/airflow/.local/lib/python3.8/site-packages/airflow/example_dags/example_branch_python_dop_operator_3.py took 0.408 seconds
[2024-10-02T01:48:58.244+0000] {processor.py:157} INFO - Started process (PID=94) to work on /home/airflow/.local/lib/python3.8/site-packages/airflow/example_dags/example_branch_python_dop_operator_3.py
[2024-10-02T01:48:58.247+0000] {processor.py:829} INFO - Processing file /home/airflow/.local/lib/python3.8/site-packages/airflow/example_dags/example_branch_python_dop_operator_3.py for tasks to queue
[2024-10-02T01:48:58.250+0000] {logging_mixin.py:151} INFO - [2024-10-02T01:48:58.250+0000] {dagbag.py:539} INFO - Filling up the DagBag from /home/airflow/.local/lib/python3.8/site-packages/airflow/example_dags/example_branch_python_dop_operator_3.py
[2024-10-02T01:48:58.267+0000] {processor.py:839} INFO - DAG(s) dict_keys(['example_branch_dop_operator_v3']) retrieved from /home/airflow/.local/lib/python3.8/site-packages/airflow/example_dags/example_branch_python_dop_operator_3.py
[2024-10-02T01:48:58.301+0000] {logging_mixin.py:151} INFO - [2024-10-02T01:48:58.300+0000] {dag.py:2915} INFO - Sync 1 DAGs
[2024-10-02T01:48:58.342+0000] {logging_mixin.py:151} INFO - [2024-10-02T01:48:58.341+0000] {dag.py:3696} INFO - Setting next_dagrun for example_branch_dop_operator_v3 to 2024-10-02T01:47:00+00:00, run_after=2024-10-02T01:48:00+00:00
[2024-10-02T01:48:58.365+0000] {processor.py:179} INFO - Processing /home/airflow/.local/lib/python3.8/site-packages/airflow/example_dags/example_branch_python_dop_operator_3.py took 0.128 seconds
[2024-10-02T01:49:29.063+0000] {processor.py:157} INFO - Started process (PID=142) to work on /home/airflow/.local/lib/python3.8/site-packages/airflow/example_dags/example_branch_python_dop_operator_3.py
[2024-10-02T01:49:29.066+0000] {processor.py:829} INFO - Processing file /home/airflow/.local/lib/python3.8/site-packages/airflow/example_dags/example_branch_python_dop_operator_3.py for tasks to queue
[2024-10-02T01:49:29.072+0000] {logging_mixin.py:151} INFO - [2024-10-02T01:49:29.071+0000] {dagbag.py:539} INFO - Filling up the DagBag from /home/airflow/.local/lib/python3.8/site-packages/airflow/example_dags/example_branch_python_dop_operator_3.py
[2024-10-02T01:49:29.097+0000] {processor.py:839} INFO - DAG(s) dict_keys(['example_branch_dop_operator_v3']) retrieved from /home/airflow/.local/lib/python3.8/site-packages/airflow/example_dags/example_branch_python_dop_operator_3.py
[2024-10-02T01:49:29.131+0000] {logging_mixin.py:151} INFO - [2024-10-02T01:49:29.131+0000] {dag.py:2915} INFO - Sync 1 DAGs
[2024-10-02T01:49:29.169+0000] {logging_mixin.py:151} INFO - [2024-10-02T01:49:29.168+0000] {dag.py:3696} INFO - Setting next_dagrun for example_branch_dop_operator_v3 to 2024-10-02T01:48:00+00:00, run_after=2024-10-02T01:49:00+00:00
[2024-10-02T01:49:29.191+0000] {processor.py:179} INFO - Processing /home/airflow/.local/lib/python3.8/site-packages/airflow/example_dags/example_branch_python_dop_operator_3.py took 0.133 seconds
[2024-10-02T01:49:59.949+0000] {processor.py:157} INFO - Started process (PID=190) to work on /home/airflow/.local/lib/python3.8/site-packages/airflow/example_dags/example_branch_python_dop_operator_3.py
[2024-10-02T01:49:59.952+0000] {processor.py:829} INFO - Processing file /home/airflow/.local/lib/python3.8/site-packages/airflow/example_dags/example_branch_python_dop_operator_3.py for tasks to queue
[2024-10-02T01:49:59.957+0000] {logging_mixin.py:151} INFO - [2024-10-02T01:49:59.956+0000] {dagbag.py:539} INFO - Filling up the DagBag from /home/airflow/.local/lib/python3.8/site-packages/airflow/example_dags/example_branch_python_dop_operator_3.py
[2024-10-02T01:49:59.972+0000] {processor.py:839} INFO - DAG(s) dict_keys(['example_branch_dop_operator_v3']) retrieved from /home/airflow/.local/lib/python3.8/site-packages/airflow/example_dags/example_branch_python_dop_operator_3.py
[2024-10-02T01:50:00.006+0000] {logging_mixin.py:151} INFO - [2024-10-02T01:50:00.006+0000] {dag.py:2915} INFO - Sync 1 DAGs
[2024-10-02T01:50:00.085+0000] {logging_mixin.py:151} INFO - [2024-10-02T01:50:00.084+0000] {dag.py:3696} INFO - Setting next_dagrun for example_branch_dop_operator_v3 to 2024-10-02T01:49:00+00:00, run_after=2024-10-02T01:50:00+00:00
[2024-10-02T01:50:00.113+0000] {processor.py:179} INFO - Processing /home/airflow/.local/lib/python3.8/site-packages/airflow/example_dags/example_branch_python_dop_operator_3.py took 0.169 seconds
[2024-10-02T01:50:30.190+0000] {processor.py:157} INFO - Started process (PID=238) to work on /home/airflow/.local/lib/python3.8/site-packages/airflow/example_dags/example_branch_python_dop_operator_3.py
[2024-10-02T01:50:30.193+0000] {processor.py:829} INFO - Processing file /home/airflow/.local/lib/python3.8/site-packages/airflow/example_dags/example_branch_python_dop_operator_3.py for tasks to queue
[2024-10-02T01:50:30.198+0000] {logging_mixin.py:151} INFO - [2024-10-02T01:50:30.197+0000] {dagbag.py:539} INFO - Filling up the DagBag from /home/airflow/.local/lib/python3.8/site-packages/airflow/example_dags/example_branch_python_dop_operator_3.py
[2024-10-02T01:50:30.214+0000] {processor.py:839} INFO - DAG(s) dict_keys(['example_branch_dop_operator_v3']) retrieved from /home/airflow/.local/lib/python3.8/site-packages/airflow/example_dags/example_branch_python_dop_operator_3.py
[2024-10-02T01:50:30.249+0000] {logging_mixin.py:151} INFO - [2024-10-02T01:50:30.249+0000] {dag.py:2915} INFO - Sync 1 DAGs
[2024-10-02T01:50:30.283+0000] {logging_mixin.py:151} INFO - [2024-10-02T01:50:30.282+0000] {dag.py:3696} INFO - Setting next_dagrun for example_branch_dop_operator_v3 to 2024-10-02T01:49:00+00:00, run_after=2024-10-02T01:50:00+00:00
[2024-10-02T01:50:30.309+0000] {processor.py:179} INFO - Processing /home/airflow/.local/lib/python3.8/site-packages/airflow/example_dags/example_branch_python_dop_operator_3.py took 0.124 seconds
[2024-10-02T01:51:00.364+0000] {processor.py:157} INFO - Started process (PID=286) to work on /home/airflow/.local/lib/python3.8/site-packages/airflow/example_dags/example_branch_python_dop_operator_3.py
[2024-10-02T01:51:00.367+0000] {processor.py:829} INFO - Processing file /home/airflow/.local/lib/python3.8/site-packages/airflow/example_dags/example_branch_python_dop_operator_3.py for tasks to queue
[2024-10-02T01:51:00.373+0000] {logging_mixin.py:151} INFO - [2024-10-02T01:51:00.372+0000] {dagbag.py:539} INFO - Filling up the DagBag from /home/airflow/.local/lib/python3.8/site-packages/airflow/example_dags/example_branch_python_dop_operator_3.py
[2024-10-02T01:51:00.394+0000] {processor.py:839} INFO - DAG(s) dict_keys(['example_branch_dop_operator_v3']) retrieved from /home/airflow/.local/lib/python3.8/site-packages/airflow/example_dags/example_branch_python_dop_operator_3.py
[2024-10-02T01:51:00.430+0000] {logging_mixin.py:151} INFO - [2024-10-02T01:51:00.430+0000] {dag.py:2915} INFO - Sync 1 DAGs
[2024-10-02T01:51:00.471+0000] {logging_mixin.py:151} INFO - [2024-10-02T01:51:00.470+0000] {dag.py:3696} INFO - Setting next_dagrun for example_branch_dop_operator_v3 to 2024-10-02T01:50:00+00:00, run_after=2024-10-02T01:51:00+00:00
[2024-10-02T01:51:00.502+0000] {processor.py:179} INFO - Processing /home/airflow/.local/lib/python3.8/site-packages/airflow/example_dags/example_branch_python_dop_operator_3.py took 0.143 seconds
[2024-10-02T01:51:30.737+0000] {processor.py:157} INFO - Started process (PID=334) to work on /home/airflow/.local/lib/python3.8/site-packages/airflow/example_dags/example_branch_python_dop_operator_3.py
[2024-10-02T01:51:30.741+0000] {processor.py:829} INFO - Processing file /home/airflow/.local/lib/python3.8/site-packages/airflow/example_dags/example_branch_python_dop_operator_3.py for tasks to queue
[2024-10-02T01:51:30.747+0000] {logging_mixin.py:151} INFO - [2024-10-02T01:51:30.747+0000] {dagbag.py:539} INFO - Filling up the DagBag from /home/airflow/.local/lib/python3.8/site-packages/airflow/example_dags/example_branch_python_dop_operator_3.py
[2024-10-02T01:51:30.764+0000] {processor.py:839} INFO - DAG(s) dict_keys(['example_branch_dop_operator_v3']) retrieved from /home/airflow/.local/lib/python3.8/site-packages/airflow/example_dags/example_branch_python_dop_operator_3.py
[2024-10-02T01:51:30.798+0000] {logging_mixin.py:151} INFO - [2024-10-02T01:51:30.798+0000] {dag.py:2915} INFO - Sync 1 DAGs
[2024-10-02T01:51:30.838+0000] {logging_mixin.py:151} INFO - [2024-10-02T01:51:30.838+0000] {dag.py:3696} INFO - Setting next_dagrun for example_branch_dop_operator_v3 to 2024-10-02T01:50:00+00:00, run_after=2024-10-02T01:51:00+00:00
[2024-10-02T01:51:30.866+0000] {processor.py:179} INFO - Processing /home/airflow/.local/lib/python3.8/site-packages/airflow/example_dags/example_branch_python_dop_operator_3.py took 0.133 seconds
[2024-10-02T01:52:00.987+0000] {processor.py:157} INFO - Started process (PID=382) to work on /home/airflow/.local/lib/python3.8/site-packages/airflow/example_dags/example_branch_python_dop_operator_3.py
[2024-10-02T01:52:00.990+0000] {processor.py:829} INFO - Processing file /home/airflow/.local/lib/python3.8/site-packages/airflow/example_dags/example_branch_python_dop_operator_3.py for tasks to queue
[2024-10-02T01:52:00.996+0000] {logging_mixin.py:151} INFO - [2024-10-02T01:52:00.996+0000] {dagbag.py:539} INFO - Filling up the DagBag from /home/airflow/.local/lib/python3.8/site-packages/airflow/example_dags/example_branch_python_dop_operator_3.py
[2024-10-02T01:52:01.014+0000] {processor.py:839} INFO - DAG(s) dict_keys(['example_branch_dop_operator_v3']) retrieved from /home/airflow/.local/lib/python3.8/site-packages/airflow/example_dags/example_branch_python_dop_operator_3.py
[2024-10-02T01:52:01.087+0000] {logging_mixin.py:151} INFO - [2024-10-02T01:52:01.086+0000] {dag.py:2915} INFO - Sync 1 DAGs
[2024-10-02T01:52:01.125+0000] {logging_mixin.py:151} INFO - [2024-10-02T01:52:01.124+0000] {dag.py:3696} INFO - Setting next_dagrun for example_branch_dop_operator_v3 to 2024-10-02T01:51:00+00:00, run_after=2024-10-02T01:52:00+00:00
[2024-10-02T01:52:01.148+0000] {processor.py:179} INFO - Processing /home/airflow/.local/lib/python3.8/site-packages/airflow/example_dags/example_branch_python_dop_operator_3.py took 0.165 seconds
[2024-10-02T01:52:31.406+0000] {processor.py:157} INFO - Started process (PID=430) to work on /home/airflow/.local/lib/python3.8/site-packages/airflow/example_dags/example_branch_python_dop_operator_3.py
[2024-10-02T01:52:31.409+0000] {processor.py:829} INFO - Processing file /home/airflow/.local/lib/python3.8/site-packages/airflow/example_dags/example_branch_python_dop_operator_3.py for tasks to queue
[2024-10-02T01:52:31.415+0000] {logging_mixin.py:151} INFO - [2024-10-02T01:52:31.414+0000] {dagbag.py:539} INFO - Filling up the DagBag from /home/airflow/.local/lib/python3.8/site-packages/airflow/example_dags/example_branch_python_dop_operator_3.py
[2024-10-02T01:52:31.435+0000] {processor.py:839} INFO - DAG(s) dict_keys(['example_branch_dop_operator_v3']) retrieved from /home/airflow/.local/lib/python3.8/site-packages/airflow/example_dags/example_branch_python_dop_operator_3.py
[2024-10-02T01:52:31.476+0000] {logging_mixin.py:151} INFO - [2024-10-02T01:52:31.475+0000] {dag.py:2915} INFO - Sync 1 DAGs
[2024-10-02T01:52:31.519+0000] {logging_mixin.py:151} INFO - [2024-10-02T01:52:31.518+0000] {dag.py:3696} INFO - Setting next_dagrun for example_branch_dop_operator_v3 to 2024-10-02T01:51:00+00:00, run_after=2024-10-02T01:52:00+00:00
[2024-10-02T01:52:31.550+0000] {processor.py:179} INFO - Processing /home/airflow/.local/lib/python3.8/site-packages/airflow/example_dags/example_branch_python_dop_operator_3.py took 0.150 seconds
[2024-10-02T01:53:02.414+0000] {processor.py:157} INFO - Started process (PID=478) to work on /home/airflow/.local/lib/python3.8/site-packages/airflow/example_dags/example_branch_python_dop_operator_3.py
[2024-10-02T01:53:02.417+0000] {processor.py:829} INFO - Processing file /home/airflow/.local/lib/python3.8/site-packages/airflow/example_dags/example_branch_python_dop_operator_3.py for tasks to queue
[2024-10-02T01:53:02.443+0000] {logging_mixin.py:151} INFO - [2024-10-02T01:53:02.442+0000] {dagbag.py:539} INFO - Filling up the DagBag from /home/airflow/.local/lib/python3.8/site-packages/airflow/example_dags/example_branch_python_dop_operator_3.py
[2024-10-02T01:53:02.466+0000] {processor.py:839} INFO - DAG(s) dict_keys(['example_branch_dop_operator_v3']) retrieved from /home/airflow/.local/lib/python3.8/site-packages/airflow/example_dags/example_branch_python_dop_operator_3.py
[2024-10-02T01:53:02.507+0000] {logging_mixin.py:151} INFO - [2024-10-02T01:53:02.507+0000] {dag.py:2915} INFO - Sync 1 DAGs
[2024-10-02T01:53:02.561+0000] {logging_mixin.py:151} INFO - [2024-10-02T01:53:02.561+0000] {dag.py:3696} INFO - Setting next_dagrun for example_branch_dop_operator_v3 to 2024-10-02T01:52:00+00:00, run_after=2024-10-02T01:53:00+00:00
[2024-10-02T01:53:02.612+0000] {processor.py:179} INFO - Processing /home/airflow/.local/lib/python3.8/site-packages/airflow/example_dags/example_branch_python_dop_operator_3.py took 0.206 seconds
[2024-10-02T01:53:33.409+0000] {processor.py:157} INFO - Started process (PID=526) to work on /home/airflow/.local/lib/python3.8/site-packages/airflow/example_dags/example_branch_python_dop_operator_3.py
[2024-10-02T01:53:33.412+0000] {processor.py:829} INFO - Processing file /home/airflow/.local/lib/python3.8/site-packages/airflow/example_dags/example_branch_python_dop_operator_3.py for tasks to queue
[2024-10-02T01:53:33.417+0000] {logging_mixin.py:151} INFO - [2024-10-02T01:53:33.417+0000] {dagbag.py:539} INFO - Filling up the DagBag from /home/airflow/.local/lib/python3.8/site-packages/airflow/example_dags/example_branch_python_dop_operator_3.py
[2024-10-02T01:53:33.434+0000] {processor.py:839} INFO - DAG(s) dict_keys(['example_branch_dop_operator_v3']) retrieved from /home/airflow/.local/lib/python3.8/site-packages/airflow/example_dags/example_branch_python_dop_operator_3.py
[2024-10-02T01:53:33.466+0000] {logging_mixin.py:151} INFO - [2024-10-02T01:53:33.465+0000] {dag.py:2915} INFO - Sync 1 DAGs
[2024-10-02T01:53:33.500+0000] {logging_mixin.py:151} INFO - [2024-10-02T01:53:33.500+0000] {dag.py:3696} INFO - Setting next_dagrun for example_branch_dop_operator_v3 to 2024-10-02T01:52:00+00:00, run_after=2024-10-02T01:53:00+00:00
[2024-10-02T01:53:33.526+0000] {processor.py:179} INFO - Processing /home/airflow/.local/lib/python3.8/site-packages/airflow/example_dags/example_branch_python_dop_operator_3.py took 0.122 seconds
[2024-10-02T01:54:04.196+0000] {processor.py:157} INFO - Started process (PID=574) to work on /home/airflow/.local/lib/python3.8/site-packages/airflow/example_dags/example_branch_python_dop_operator_3.py
[2024-10-02T01:54:04.198+0000] {processor.py:829} INFO - Processing file /home/airflow/.local/lib/python3.8/site-packages/airflow/example_dags/example_branch_python_dop_operator_3.py for tasks to queue
[2024-10-02T01:54:04.203+0000] {logging_mixin.py:151} INFO - [2024-10-02T01:54:04.203+0000] {dagbag.py:539} INFO - Filling up the DagBag from /home/airflow/.local/lib/python3.8/site-packages/airflow/example_dags/example_branch_python_dop_operator_3.py
[2024-10-02T01:54:04.220+0000] {processor.py:839} INFO - DAG(s) dict_keys(['example_branch_dop_operator_v3']) retrieved from /home/airflow/.local/lib/python3.8/site-packages/airflow/example_dags/example_branch_python_dop_operator_3.py
[2024-10-02T01:54:04.251+0000] {logging_mixin.py:151} INFO - [2024-10-02T01:54:04.251+0000] {dag.py:2915} INFO - Sync 1 DAGs
[2024-10-02T01:54:04.284+0000] {logging_mixin.py:151} INFO - [2024-10-02T01:54:04.283+0000] {dag.py:3696} INFO - Setting next_dagrun for example_branch_dop_operator_v3 to 2024-10-02T01:53:00+00:00, run_after=2024-10-02T01:54:00+00:00
[2024-10-02T01:54:04.309+0000] {processor.py:179} INFO - Processing /home/airflow/.local/lib/python3.8/site-packages/airflow/example_dags/example_branch_python_dop_operator_3.py took 0.118 seconds
[2024-10-02T01:57:18.140+0000] {processor.py:157} INFO - Started process (PID=608) to work on /home/airflow/.local/lib/python3.8/site-packages/airflow/example_dags/example_branch_python_dop_operator_3.py
[2024-10-02T01:57:18.149+0000] {processor.py:829} INFO - Processing file /home/airflow/.local/lib/python3.8/site-packages/airflow/example_dags/example_branch_python_dop_operator_3.py for tasks to queue
[2024-10-02T01:57:18.158+0000] {logging_mixin.py:151} INFO - [2024-10-02T01:57:18.157+0000] {dagbag.py:539} INFO - Filling up the DagBag from /home/airflow/.local/lib/python3.8/site-packages/airflow/example_dags/example_branch_python_dop_operator_3.py
[2024-10-02T01:57:18.310+0000] {processor.py:839} INFO - DAG(s) dict_keys(['example_branch_dop_operator_v3']) retrieved from /home/airflow/.local/lib/python3.8/site-packages/airflow/example_dags/example_branch_python_dop_operator_3.py
[2024-10-02T01:57:18.462+0000] {logging_mixin.py:151} INFO - [2024-10-02T01:57:18.462+0000] {dag.py:2915} INFO - Sync 1 DAGs
[2024-10-02T01:57:18.733+0000] {logging_mixin.py:151} INFO - [2024-10-02T01:57:18.732+0000] {dag.py:3696} INFO - Setting next_dagrun for example_branch_dop_operator_v3 to 2024-10-02T01:56:00+00:00, run_after=2024-10-02T01:57:00+00:00
[2024-10-02T01:57:18.809+0000] {processor.py:179} INFO - Processing /home/airflow/.local/lib/python3.8/site-packages/airflow/example_dags/example_branch_python_dop_operator_3.py took 0.677 seconds
[2024-10-02T01:57:48.892+0000] {processor.py:157} INFO - Started process (PID=655) to work on /home/airflow/.local/lib/python3.8/site-packages/airflow/example_dags/example_branch_python_dop_operator_3.py
[2024-10-02T01:57:48.895+0000] {processor.py:829} INFO - Processing file /home/airflow/.local/lib/python3.8/site-packages/airflow/example_dags/example_branch_python_dop_operator_3.py for tasks to queue
[2024-10-02T01:57:48.900+0000] {logging_mixin.py:151} INFO - [2024-10-02T01:57:48.899+0000] {dagbag.py:539} INFO - Filling up the DagBag from /home/airflow/.local/lib/python3.8/site-packages/airflow/example_dags/example_branch_python_dop_operator_3.py
[2024-10-02T01:57:48.920+0000] {processor.py:839} INFO - DAG(s) dict_keys(['example_branch_dop_operator_v3']) retrieved from /home/airflow/.local/lib/python3.8/site-packages/airflow/example_dags/example_branch_python_dop_operator_3.py
[2024-10-02T01:57:48.955+0000] {logging_mixin.py:151} INFO - [2024-10-02T01:57:48.955+0000] {dag.py:2915} INFO - Sync 1 DAGs
[2024-10-02T01:57:48.991+0000] {logging_mixin.py:151} INFO - [2024-10-02T01:57:48.991+0000] {dag.py:3696} INFO - Setting next_dagrun for example_branch_dop_operator_v3 to 2024-10-02T01:56:00+00:00, run_after=2024-10-02T01:57:00+00:00
[2024-10-02T01:57:49.018+0000] {processor.py:179} INFO - Processing /home/airflow/.local/lib/python3.8/site-packages/airflow/example_dags/example_branch_python_dop_operator_3.py took 0.130 seconds
[2024-10-02T01:58:19.591+0000] {processor.py:157} INFO - Started process (PID=703) to work on /home/airflow/.local/lib/python3.8/site-packages/airflow/example_dags/example_branch_python_dop_operator_3.py
[2024-10-02T01:58:19.593+0000] {processor.py:829} INFO - Processing file /home/airflow/.local/lib/python3.8/site-packages/airflow/example_dags/example_branch_python_dop_operator_3.py for tasks to queue
[2024-10-02T01:58:19.597+0000] {logging_mixin.py:151} INFO - [2024-10-02T01:58:19.596+0000] {dagbag.py:539} INFO - Filling up the DagBag from /home/airflow/.local/lib/python3.8/site-packages/airflow/example_dags/example_branch_python_dop_operator_3.py
[2024-10-02T01:58:19.614+0000] {processor.py:839} INFO - DAG(s) dict_keys(['example_branch_dop_operator_v3']) retrieved from /home/airflow/.local/lib/python3.8/site-packages/airflow/example_dags/example_branch_python_dop_operator_3.py
[2024-10-02T01:58:19.649+0000] {logging_mixin.py:151} INFO - [2024-10-02T01:58:19.648+0000] {dag.py:2915} INFO - Sync 1 DAGs
[2024-10-02T01:58:19.684+0000] {logging_mixin.py:151} INFO - [2024-10-02T01:58:19.684+0000] {dag.py:3696} INFO - Setting next_dagrun for example_branch_dop_operator_v3 to 2024-10-02T01:57:00+00:00, run_after=2024-10-02T01:58:00+00:00
[2024-10-02T01:58:19.713+0000] {processor.py:179} INFO - Processing /home/airflow/.local/lib/python3.8/site-packages/airflow/example_dags/example_branch_python_dop_operator_3.py took 0.126 seconds
[2024-10-02T01:58:50.556+0000] {processor.py:157} INFO - Started process (PID=751) to work on /home/airflow/.local/lib/python3.8/site-packages/airflow/example_dags/example_branch_python_dop_operator_3.py
[2024-10-02T01:58:50.559+0000] {processor.py:829} INFO - Processing file /home/airflow/.local/lib/python3.8/site-packages/airflow/example_dags/example_branch_python_dop_operator_3.py for tasks to queue
[2024-10-02T01:58:50.564+0000] {logging_mixin.py:151} INFO - [2024-10-02T01:58:50.564+0000] {dagbag.py:539} INFO - Filling up the DagBag from /home/airflow/.local/lib/python3.8/site-packages/airflow/example_dags/example_branch_python_dop_operator_3.py
[2024-10-02T01:58:50.583+0000] {processor.py:839} INFO - DAG(s) dict_keys(['example_branch_dop_operator_v3']) retrieved from /home/airflow/.local/lib/python3.8/site-packages/airflow/example_dags/example_branch_python_dop_operator_3.py
[2024-10-02T01:58:50.627+0000] {logging_mixin.py:151} INFO - [2024-10-02T01:58:50.627+0000] {dag.py:2915} INFO - Sync 1 DAGs
[2024-10-02T01:58:50.673+0000] {logging_mixin.py:151} INFO - [2024-10-02T01:58:50.672+0000] {dag.py:3696} INFO - Setting next_dagrun for example_branch_dop_operator_v3 to 2024-10-02T01:57:00+00:00, run_after=2024-10-02T01:58:00+00:00
[2024-10-02T01:58:50.697+0000] {processor.py:179} INFO - Processing /home/airflow/.local/lib/python3.8/site-packages/airflow/example_dags/example_branch_python_dop_operator_3.py took 0.145 seconds
[2024-10-02T01:59:22.027+0000] {processor.py:157} INFO - Started process (PID=799) to work on /home/airflow/.local/lib/python3.8/site-packages/airflow/example_dags/example_branch_python_dop_operator_3.py
[2024-10-02T01:59:22.032+0000] {processor.py:829} INFO - Processing file /home/airflow/.local/lib/python3.8/site-packages/airflow/example_dags/example_branch_python_dop_operator_3.py for tasks to queue
[2024-10-02T01:59:22.039+0000] {logging_mixin.py:151} INFO - [2024-10-02T01:59:22.039+0000] {dagbag.py:539} INFO - Filling up the DagBag from /home/airflow/.local/lib/python3.8/site-packages/airflow/example_dags/example_branch_python_dop_operator_3.py
[2024-10-02T01:59:22.064+0000] {processor.py:839} INFO - DAG(s) dict_keys(['example_branch_dop_operator_v3']) retrieved from /home/airflow/.local/lib/python3.8/site-packages/airflow/example_dags/example_branch_python_dop_operator_3.py
[2024-10-02T01:59:22.121+0000] {logging_mixin.py:151} INFO - [2024-10-02T01:59:22.121+0000] {dag.py:2915} INFO - Sync 1 DAGs
[2024-10-02T01:59:22.162+0000] {logging_mixin.py:151} INFO - [2024-10-02T01:59:22.161+0000] {dag.py:3696} INFO - Setting next_dagrun for example_branch_dop_operator_v3 to 2024-10-02T01:58:00+00:00, run_after=2024-10-02T01:59:00+00:00
[2024-10-02T01:59:22.200+0000] {processor.py:179} INFO - Processing /home/airflow/.local/lib/python3.8/site-packages/airflow/example_dags/example_branch_python_dop_operator_3.py took 0.177 seconds
[2024-10-02T01:59:52.324+0000] {processor.py:157} INFO - Started process (PID=847) to work on /home/airflow/.local/lib/python3.8/site-packages/airflow/example_dags/example_branch_python_dop_operator_3.py
[2024-10-02T01:59:52.326+0000] {processor.py:829} INFO - Processing file /home/airflow/.local/lib/python3.8/site-packages/airflow/example_dags/example_branch_python_dop_operator_3.py for tasks to queue
[2024-10-02T01:59:52.330+0000] {logging_mixin.py:151} INFO - [2024-10-02T01:59:52.329+0000] {dagbag.py:539} INFO - Filling up the DagBag from /home/airflow/.local/lib/python3.8/site-packages/airflow/example_dags/example_branch_python_dop_operator_3.py
[2024-10-02T01:59:52.349+0000] {processor.py:839} INFO - DAG(s) dict_keys(['example_branch_dop_operator_v3']) retrieved from /home/airflow/.local/lib/python3.8/site-packages/airflow/example_dags/example_branch_python_dop_operator_3.py
[2024-10-02T01:59:52.381+0000] {logging_mixin.py:151} INFO - [2024-10-02T01:59:52.380+0000] {dag.py:2915} INFO - Sync 1 DAGs
[2024-10-02T01:59:52.417+0000] {logging_mixin.py:151} INFO - [2024-10-02T01:59:52.417+0000] {dag.py:3696} INFO - Setting next_dagrun for example_branch_dop_operator_v3 to 2024-10-02T01:58:00+00:00, run_after=2024-10-02T01:59:00+00:00
[2024-10-02T01:59:52.440+0000] {processor.py:179} INFO - Processing /home/airflow/.local/lib/python3.8/site-packages/airflow/example_dags/example_branch_python_dop_operator_3.py took 0.122 seconds
[2024-10-02T02:00:23.456+0000] {processor.py:157} INFO - Started process (PID=895) to work on /home/airflow/.local/lib/python3.8/site-packages/airflow/example_dags/example_branch_python_dop_operator_3.py
[2024-10-02T02:00:23.465+0000] {processor.py:829} INFO - Processing file /home/airflow/.local/lib/python3.8/site-packages/airflow/example_dags/example_branch_python_dop_operator_3.py for tasks to queue
[2024-10-02T02:00:23.481+0000] {logging_mixin.py:151} INFO - [2024-10-02T02:00:23.480+0000] {dagbag.py:539} INFO - Filling up the DagBag from /home/airflow/.local/lib/python3.8/site-packages/airflow/example_dags/example_branch_python_dop_operator_3.py
[2024-10-02T02:00:23.501+0000] {processor.py:839} INFO - DAG(s) dict_keys(['example_branch_dop_operator_v3']) retrieved from /home/airflow/.local/lib/python3.8/site-packages/airflow/example_dags/example_branch_python_dop_operator_3.py
[2024-10-02T02:00:23.543+0000] {logging_mixin.py:151} INFO - [2024-10-02T02:00:23.542+0000] {dag.py:2915} INFO - Sync 1 DAGs
[2024-10-02T02:00:23.581+0000] {logging_mixin.py:151} INFO - [2024-10-02T02:00:23.581+0000] {dag.py:3696} INFO - Setting next_dagrun for example_branch_dop_operator_v3 to 2024-10-02T01:59:00+00:00, run_after=2024-10-02T02:00:00+00:00
[2024-10-02T02:00:23.611+0000] {processor.py:179} INFO - Processing /home/airflow/.local/lib/python3.8/site-packages/airflow/example_dags/example_branch_python_dop_operator_3.py took 0.161 seconds
[2024-10-02T02:00:53.815+0000] {processor.py:157} INFO - Started process (PID=943) to work on /home/airflow/.local/lib/python3.8/site-packages/airflow/example_dags/example_branch_python_dop_operator_3.py
[2024-10-02T02:00:53.817+0000] {processor.py:829} INFO - Processing file /home/airflow/.local/lib/python3.8/site-packages/airflow/example_dags/example_branch_python_dop_operator_3.py for tasks to queue
[2024-10-02T02:00:53.822+0000] {logging_mixin.py:151} INFO - [2024-10-02T02:00:53.822+0000] {dagbag.py:539} INFO - Filling up the DagBag from /home/airflow/.local/lib/python3.8/site-packages/airflow/example_dags/example_branch_python_dop_operator_3.py
[2024-10-02T02:00:53.862+0000] {processor.py:839} INFO - DAG(s) dict_keys(['example_branch_dop_operator_v3']) retrieved from /home/airflow/.local/lib/python3.8/site-packages/airflow/example_dags/example_branch_python_dop_operator_3.py
[2024-10-02T02:00:53.902+0000] {logging_mixin.py:151} INFO - [2024-10-02T02:00:53.901+0000] {dag.py:2915} INFO - Sync 1 DAGs
[2024-10-02T02:00:53.952+0000] {logging_mixin.py:151} INFO - [2024-10-02T02:00:53.951+0000] {dag.py:3696} INFO - Setting next_dagrun for example_branch_dop_operator_v3 to 2024-10-02T01:59:00+00:00, run_after=2024-10-02T02:00:00+00:00
[2024-10-02T02:00:54.007+0000] {processor.py:179} INFO - Processing /home/airflow/.local/lib/python3.8/site-packages/airflow/example_dags/example_branch_python_dop_operator_3.py took 0.197 seconds
[2024-10-02T02:01:24.199+0000] {processor.py:157} INFO - Started process (PID=991) to work on /home/airflow/.local/lib/python3.8/site-packages/airflow/example_dags/example_branch_python_dop_operator_3.py
[2024-10-02T02:01:24.202+0000] {processor.py:829} INFO - Processing file /home/airflow/.local/lib/python3.8/site-packages/airflow/example_dags/example_branch_python_dop_operator_3.py for tasks to queue
[2024-10-02T02:01:24.209+0000] {logging_mixin.py:151} INFO - [2024-10-02T02:01:24.208+0000] {dagbag.py:539} INFO - Filling up the DagBag from /home/airflow/.local/lib/python3.8/site-packages/airflow/example_dags/example_branch_python_dop_operator_3.py
[2024-10-02T02:01:24.235+0000] {processor.py:839} INFO - DAG(s) dict_keys(['example_branch_dop_operator_v3']) retrieved from /home/airflow/.local/lib/python3.8/site-packages/airflow/example_dags/example_branch_python_dop_operator_3.py
[2024-10-02T02:01:24.292+0000] {logging_mixin.py:151} INFO - [2024-10-02T02:01:24.291+0000] {dag.py:2915} INFO - Sync 1 DAGs
[2024-10-02T02:01:24.341+0000] {logging_mixin.py:151} INFO - [2024-10-02T02:01:24.340+0000] {dag.py:3696} INFO - Setting next_dagrun for example_branch_dop_operator_v3 to 2024-10-02T02:00:00+00:00, run_after=2024-10-02T02:01:00+00:00
[2024-10-02T02:01:24.386+0000] {processor.py:179} INFO - Processing /home/airflow/.local/lib/python3.8/site-packages/airflow/example_dags/example_branch_python_dop_operator_3.py took 0.191 seconds
[2024-10-02T02:03:20.322+0000] {processor.py:157} INFO - Started process (PID=47) to work on /home/airflow/.local/lib/python3.8/site-packages/airflow/example_dags/example_branch_python_dop_operator_3.py
[2024-10-02T02:03:20.361+0000] {processor.py:829} INFO - Processing file /home/airflow/.local/lib/python3.8/site-packages/airflow/example_dags/example_branch_python_dop_operator_3.py for tasks to queue
[2024-10-02T02:03:20.414+0000] {logging_mixin.py:151} INFO - [2024-10-02T02:03:20.404+0000] {dagbag.py:539} INFO - Filling up the DagBag from /home/airflow/.local/lib/python3.8/site-packages/airflow/example_dags/example_branch_python_dop_operator_3.py
[2024-10-02T02:03:20.551+0000] {processor.py:839} INFO - DAG(s) dict_keys(['example_branch_dop_operator_v3']) retrieved from /home/airflow/.local/lib/python3.8/site-packages/airflow/example_dags/example_branch_python_dop_operator_3.py
[2024-10-02T02:03:21.018+0000] {logging_mixin.py:151} INFO - [2024-10-02T02:03:21.018+0000] {manager.py:499} INFO - Created Permission View: %s
[2024-10-02T02:03:21.044+0000] {logging_mixin.py:151} INFO - [2024-10-02T02:03:21.044+0000] {manager.py:499} INFO - Created Permission View: %s
[2024-10-02T02:03:21.070+0000] {logging_mixin.py:151} INFO - [2024-10-02T02:03:21.070+0000] {manager.py:499} INFO - Created Permission View: %s
[2024-10-02T02:03:21.074+0000] {logging_mixin.py:151} INFO - [2024-10-02T02:03:21.074+0000] {security.py:708} INFO - Not syncing DAG-level permissions for DAG 'DAG:example_branch_dop_operator_v3' as access control is unset.
[2024-10-02T02:03:21.077+0000] {logging_mixin.py:151} INFO - [2024-10-02T02:03:21.077+0000] {dag.py:2915} INFO - Sync 1 DAGs
[2024-10-02T02:03:21.129+0000] {logging_mixin.py:151} INFO - [2024-10-02T02:03:21.129+0000] {dag.py:2937} INFO - Creating ORM DAG for example_branch_dop_operator_v3
[2024-10-02T02:03:21.199+0000] {logging_mixin.py:151} INFO - [2024-10-02T02:03:21.199+0000] {dag.py:3696} INFO - Setting next_dagrun for example_branch_dop_operator_v3 to 2024-10-02T02:02:00+00:00, run_after=2024-10-02T02:03:00+00:00
[2024-10-02T02:03:21.372+0000] {processor.py:179} INFO - Processing /home/airflow/.local/lib/python3.8/site-packages/airflow/example_dags/example_branch_python_dop_operator_3.py took 1.194 seconds
[2024-10-02T02:06:17.349+0000] {processor.py:157} INFO - Started process (PID=47) to work on /home/airflow/.local/lib/python3.8/site-packages/airflow/example_dags/example_branch_python_dop_operator_3.py
[2024-10-02T02:06:17.358+0000] {processor.py:829} INFO - Processing file /home/airflow/.local/lib/python3.8/site-packages/airflow/example_dags/example_branch_python_dop_operator_3.py for tasks to queue
[2024-10-02T02:06:17.371+0000] {logging_mixin.py:151} INFO - [2024-10-02T02:06:17.371+0000] {dagbag.py:539} INFO - Filling up the DagBag from /home/airflow/.local/lib/python3.8/site-packages/airflow/example_dags/example_branch_python_dop_operator_3.py
[2024-10-02T02:06:17.396+0000] {processor.py:839} INFO - DAG(s) dict_keys(['example_branch_dop_operator_v3']) retrieved from /home/airflow/.local/lib/python3.8/site-packages/airflow/example_dags/example_branch_python_dop_operator_3.py
[2024-10-02T02:06:17.561+0000] {logging_mixin.py:151} INFO - [2024-10-02T02:06:17.561+0000] {manager.py:499} INFO - Created Permission View: %s
[2024-10-02T02:06:17.579+0000] {logging_mixin.py:151} INFO - [2024-10-02T02:06:17.578+0000] {manager.py:499} INFO - Created Permission View: %s
[2024-10-02T02:06:17.592+0000] {logging_mixin.py:151} INFO - [2024-10-02T02:06:17.591+0000] {manager.py:499} INFO - Created Permission View: %s
[2024-10-02T02:06:17.594+0000] {logging_mixin.py:151} INFO - [2024-10-02T02:06:17.594+0000] {security.py:708} INFO - Not syncing DAG-level permissions for DAG 'DAG:example_branch_dop_operator_v3' as access control is unset.
[2024-10-02T02:06:17.596+0000] {logging_mixin.py:151} INFO - [2024-10-02T02:06:17.596+0000] {dag.py:2915} INFO - Sync 1 DAGs
[2024-10-02T02:06:17.613+0000] {logging_mixin.py:151} INFO - [2024-10-02T02:06:17.612+0000] {dag.py:2937} INFO - Creating ORM DAG for example_branch_dop_operator_v3
[2024-10-02T02:06:17.635+0000] {logging_mixin.py:151} INFO - [2024-10-02T02:06:17.635+0000] {dag.py:3696} INFO - Setting next_dagrun for example_branch_dop_operator_v3 to 2024-10-02T02:05:00+00:00, run_after=2024-10-02T02:06:00+00:00
[2024-10-02T02:06:17.661+0000] {processor.py:179} INFO - Processing /home/airflow/.local/lib/python3.8/site-packages/airflow/example_dags/example_branch_python_dop_operator_3.py took 0.316 seconds
[2024-10-02T02:06:47.715+0000] {processor.py:157} INFO - Started process (PID=94) to work on /home/airflow/.local/lib/python3.8/site-packages/airflow/example_dags/example_branch_python_dop_operator_3.py
[2024-10-02T02:06:47.718+0000] {processor.py:829} INFO - Processing file /home/airflow/.local/lib/python3.8/site-packages/airflow/example_dags/example_branch_python_dop_operator_3.py for tasks to queue
[2024-10-02T02:06:47.723+0000] {logging_mixin.py:151} INFO - [2024-10-02T02:06:47.722+0000] {dagbag.py:539} INFO - Filling up the DagBag from /home/airflow/.local/lib/python3.8/site-packages/airflow/example_dags/example_branch_python_dop_operator_3.py
[2024-10-02T02:06:47.746+0000] {processor.py:839} INFO - DAG(s) dict_keys(['example_branch_dop_operator_v3']) retrieved from /home/airflow/.local/lib/python3.8/site-packages/airflow/example_dags/example_branch_python_dop_operator_3.py
[2024-10-02T02:06:47.782+0000] {logging_mixin.py:151} INFO - [2024-10-02T02:06:47.782+0000] {dag.py:2915} INFO - Sync 1 DAGs
[2024-10-02T02:06:47.819+0000] {logging_mixin.py:151} INFO - [2024-10-02T02:06:47.818+0000] {dag.py:3696} INFO - Setting next_dagrun for example_branch_dop_operator_v3 to 2024-10-02T02:05:00+00:00, run_after=2024-10-02T02:06:00+00:00
[2024-10-02T02:06:47.839+0000] {processor.py:179} INFO - Processing /home/airflow/.local/lib/python3.8/site-packages/airflow/example_dags/example_branch_python_dop_operator_3.py took 0.128 seconds
[2024-10-02T02:07:18.196+0000] {processor.py:157} INFO - Started process (PID=142) to work on /home/airflow/.local/lib/python3.8/site-packages/airflow/example_dags/example_branch_python_dop_operator_3.py
[2024-10-02T02:07:18.199+0000] {processor.py:829} INFO - Processing file /home/airflow/.local/lib/python3.8/site-packages/airflow/example_dags/example_branch_python_dop_operator_3.py for tasks to queue
[2024-10-02T02:07:18.203+0000] {logging_mixin.py:151} INFO - [2024-10-02T02:07:18.202+0000] {dagbag.py:539} INFO - Filling up the DagBag from /home/airflow/.local/lib/python3.8/site-packages/airflow/example_dags/example_branch_python_dop_operator_3.py
[2024-10-02T02:07:18.221+0000] {processor.py:839} INFO - DAG(s) dict_keys(['example_branch_dop_operator_v3']) retrieved from /home/airflow/.local/lib/python3.8/site-packages/airflow/example_dags/example_branch_python_dop_operator_3.py
[2024-10-02T02:07:18.256+0000] {logging_mixin.py:151} INFO - [2024-10-02T02:07:18.256+0000] {dag.py:2915} INFO - Sync 1 DAGs
[2024-10-02T02:07:18.295+0000] {logging_mixin.py:151} INFO - [2024-10-02T02:07:18.295+0000] {dag.py:3696} INFO - Setting next_dagrun for example_branch_dop_operator_v3 to 2024-10-02T02:06:00+00:00, run_after=2024-10-02T02:07:00+00:00
[2024-10-02T02:07:18.319+0000] {processor.py:179} INFO - Processing /home/airflow/.local/lib/python3.8/site-packages/airflow/example_dags/example_branch_python_dop_operator_3.py took 0.127 seconds
[2024-10-02T02:07:48.494+0000] {processor.py:157} INFO - Started process (PID=190) to work on /home/airflow/.local/lib/python3.8/site-packages/airflow/example_dags/example_branch_python_dop_operator_3.py
[2024-10-02T02:07:48.498+0000] {processor.py:829} INFO - Processing file /home/airflow/.local/lib/python3.8/site-packages/airflow/example_dags/example_branch_python_dop_operator_3.py for tasks to queue
[2024-10-02T02:07:48.502+0000] {logging_mixin.py:151} INFO - [2024-10-02T02:07:48.501+0000] {dagbag.py:539} INFO - Filling up the DagBag from /home/airflow/.local/lib/python3.8/site-packages/airflow/example_dags/example_branch_python_dop_operator_3.py
[2024-10-02T02:07:48.521+0000] {processor.py:839} INFO - DAG(s) dict_keys(['example_branch_dop_operator_v3']) retrieved from /home/airflow/.local/lib/python3.8/site-packages/airflow/example_dags/example_branch_python_dop_operator_3.py
[2024-10-02T02:07:48.560+0000] {logging_mixin.py:151} INFO - [2024-10-02T02:07:48.560+0000] {dag.py:2915} INFO - Sync 1 DAGs
[2024-10-02T02:07:48.601+0000] {logging_mixin.py:151} INFO - [2024-10-02T02:07:48.601+0000] {dag.py:3696} INFO - Setting next_dagrun for example_branch_dop_operator_v3 to 2024-10-02T02:06:00+00:00, run_after=2024-10-02T02:07:00+00:00
[2024-10-02T02:07:48.630+0000] {processor.py:179} INFO - Processing /home/airflow/.local/lib/python3.8/site-packages/airflow/example_dags/example_branch_python_dop_operator_3.py took 0.140 seconds
[2024-10-02T02:08:19.229+0000] {processor.py:157} INFO - Started process (PID=238) to work on /home/airflow/.local/lib/python3.8/site-packages/airflow/example_dags/example_branch_python_dop_operator_3.py
[2024-10-02T02:08:19.233+0000] {processor.py:829} INFO - Processing file /home/airflow/.local/lib/python3.8/site-packages/airflow/example_dags/example_branch_python_dop_operator_3.py for tasks to queue
[2024-10-02T02:08:19.244+0000] {logging_mixin.py:151} INFO - [2024-10-02T02:08:19.243+0000] {dagbag.py:539} INFO - Filling up the DagBag from /home/airflow/.local/lib/python3.8/site-packages/airflow/example_dags/example_branch_python_dop_operator_3.py
[2024-10-02T02:08:19.273+0000] {processor.py:839} INFO - DAG(s) dict_keys(['example_branch_dop_operator_v3']) retrieved from /home/airflow/.local/lib/python3.8/site-packages/airflow/example_dags/example_branch_python_dop_operator_3.py
[2024-10-02T02:08:19.334+0000] {logging_mixin.py:151} INFO - [2024-10-02T02:08:19.332+0000] {dag.py:2915} INFO - Sync 1 DAGs
[2024-10-02T02:08:19.378+0000] {logging_mixin.py:151} INFO - [2024-10-02T02:08:19.377+0000] {dag.py:3696} INFO - Setting next_dagrun for example_branch_dop_operator_v3 to 2024-10-02T02:07:00+00:00, run_after=2024-10-02T02:08:00+00:00
[2024-10-02T02:08:19.411+0000] {processor.py:179} INFO - Processing /home/airflow/.local/lib/python3.8/site-packages/airflow/example_dags/example_branch_python_dop_operator_3.py took 0.191 seconds
[2024-10-02T02:08:49.617+0000] {processor.py:157} INFO - Started process (PID=286) to work on /home/airflow/.local/lib/python3.8/site-packages/airflow/example_dags/example_branch_python_dop_operator_3.py
[2024-10-02T02:08:49.620+0000] {processor.py:829} INFO - Processing file /home/airflow/.local/lib/python3.8/site-packages/airflow/example_dags/example_branch_python_dop_operator_3.py for tasks to queue
[2024-10-02T02:08:49.625+0000] {logging_mixin.py:151} INFO - [2024-10-02T02:08:49.625+0000] {dagbag.py:539} INFO - Filling up the DagBag from /home/airflow/.local/lib/python3.8/site-packages/airflow/example_dags/example_branch_python_dop_operator_3.py
[2024-10-02T02:08:49.652+0000] {processor.py:839} INFO - DAG(s) dict_keys(['example_branch_dop_operator_v3']) retrieved from /home/airflow/.local/lib/python3.8/site-packages/airflow/example_dags/example_branch_python_dop_operator_3.py
[2024-10-02T02:08:49.693+0000] {logging_mixin.py:151} INFO - [2024-10-02T02:08:49.692+0000] {dag.py:2915} INFO - Sync 1 DAGs
[2024-10-02T02:08:49.742+0000] {logging_mixin.py:151} INFO - [2024-10-02T02:08:49.742+0000] {dag.py:3696} INFO - Setting next_dagrun for example_branch_dop_operator_v3 to 2024-10-02T02:07:00+00:00, run_after=2024-10-02T02:08:00+00:00
[2024-10-02T02:08:49.781+0000] {processor.py:179} INFO - Processing /home/airflow/.local/lib/python3.8/site-packages/airflow/example_dags/example_branch_python_dop_operator_3.py took 0.167 seconds
[2024-10-02T02:09:20.459+0000] {processor.py:157} INFO - Started process (PID=334) to work on /home/airflow/.local/lib/python3.8/site-packages/airflow/example_dags/example_branch_python_dop_operator_3.py
[2024-10-02T02:09:20.464+0000] {processor.py:829} INFO - Processing file /home/airflow/.local/lib/python3.8/site-packages/airflow/example_dags/example_branch_python_dop_operator_3.py for tasks to queue
[2024-10-02T02:09:20.470+0000] {logging_mixin.py:151} INFO - [2024-10-02T02:09:20.469+0000] {dagbag.py:539} INFO - Filling up the DagBag from /home/airflow/.local/lib/python3.8/site-packages/airflow/example_dags/example_branch_python_dop_operator_3.py
[2024-10-02T02:09:20.492+0000] {processor.py:839} INFO - DAG(s) dict_keys(['example_branch_dop_operator_v3']) retrieved from /home/airflow/.local/lib/python3.8/site-packages/airflow/example_dags/example_branch_python_dop_operator_3.py
[2024-10-02T02:09:20.532+0000] {logging_mixin.py:151} INFO - [2024-10-02T02:09:20.531+0000] {dag.py:2915} INFO - Sync 1 DAGs
[2024-10-02T02:09:20.567+0000] {logging_mixin.py:151} INFO - [2024-10-02T02:09:20.567+0000] {dag.py:3696} INFO - Setting next_dagrun for example_branch_dop_operator_v3 to 2024-10-02T02:08:00+00:00, run_after=2024-10-02T02:09:00+00:00
[2024-10-02T02:09:20.593+0000] {processor.py:179} INFO - Processing /home/airflow/.local/lib/python3.8/site-packages/airflow/example_dags/example_branch_python_dop_operator_3.py took 0.138 seconds
[2024-10-02T02:09:50.878+0000] {processor.py:157} INFO - Started process (PID=382) to work on /home/airflow/.local/lib/python3.8/site-packages/airflow/example_dags/example_branch_python_dop_operator_3.py
[2024-10-02T02:09:50.880+0000] {processor.py:829} INFO - Processing file /home/airflow/.local/lib/python3.8/site-packages/airflow/example_dags/example_branch_python_dop_operator_3.py for tasks to queue
[2024-10-02T02:09:50.885+0000] {logging_mixin.py:151} INFO - [2024-10-02T02:09:50.884+0000] {dagbag.py:539} INFO - Filling up the DagBag from /home/airflow/.local/lib/python3.8/site-packages/airflow/example_dags/example_branch_python_dop_operator_3.py
[2024-10-02T02:09:50.909+0000] {processor.py:839} INFO - DAG(s) dict_keys(['example_branch_dop_operator_v3']) retrieved from /home/airflow/.local/lib/python3.8/site-packages/airflow/example_dags/example_branch_python_dop_operator_3.py
[2024-10-02T02:09:50.949+0000] {logging_mixin.py:151} INFO - [2024-10-02T02:09:50.949+0000] {dag.py:2915} INFO - Sync 1 DAGs
[2024-10-02T02:09:50.997+0000] {logging_mixin.py:151} INFO - [2024-10-02T02:09:50.996+0000] {dag.py:3696} INFO - Setting next_dagrun for example_branch_dop_operator_v3 to 2024-10-02T02:08:00+00:00, run_after=2024-10-02T02:09:00+00:00
[2024-10-02T02:09:51.032+0000] {processor.py:179} INFO - Processing /home/airflow/.local/lib/python3.8/site-packages/airflow/example_dags/example_branch_python_dop_operator_3.py took 0.160 seconds
[2024-10-02T02:10:21.157+0000] {processor.py:157} INFO - Started process (PID=430) to work on /home/airflow/.local/lib/python3.8/site-packages/airflow/example_dags/example_branch_python_dop_operator_3.py
[2024-10-02T02:10:21.165+0000] {processor.py:829} INFO - Processing file /home/airflow/.local/lib/python3.8/site-packages/airflow/example_dags/example_branch_python_dop_operator_3.py for tasks to queue
[2024-10-02T02:10:21.172+0000] {logging_mixin.py:151} INFO - [2024-10-02T02:10:21.170+0000] {dagbag.py:539} INFO - Filling up the DagBag from /home/airflow/.local/lib/python3.8/site-packages/airflow/example_dags/example_branch_python_dop_operator_3.py
[2024-10-02T02:10:21.210+0000] {processor.py:839} INFO - DAG(s) dict_keys(['example_branch_dop_operator_v3']) retrieved from /home/airflow/.local/lib/python3.8/site-packages/airflow/example_dags/example_branch_python_dop_operator_3.py
[2024-10-02T02:10:21.261+0000] {logging_mixin.py:151} INFO - [2024-10-02T02:10:21.260+0000] {dag.py:2915} INFO - Sync 1 DAGs
[2024-10-02T02:10:21.386+0000] {logging_mixin.py:151} INFO - [2024-10-02T02:10:21.386+0000] {dag.py:3696} INFO - Setting next_dagrun for example_branch_dop_operator_v3 to 2024-10-02T02:09:00+00:00, run_after=2024-10-02T02:10:00+00:00
[2024-10-02T02:10:21.540+0000] {processor.py:179} INFO - Processing /home/airflow/.local/lib/python3.8/site-packages/airflow/example_dags/example_branch_python_dop_operator_3.py took 0.386 seconds
