[2024-10-02 01:23:31,427] {scheduler_job.py:182} INFO - Started process (PID=45) to work on /home/airflow/.local/lib/python3.6/site-packages/airflow/example_dags/example_task_group.py
[2024-10-02 01:23:31,428] {scheduler_job.py:629} INFO - Processing file /home/airflow/.local/lib/python3.6/site-packages/airflow/example_dags/example_task_group.py for tasks to queue
[2024-10-02 01:23:31,430] {logging_mixin.py:104} INFO - [2024-10-02 01:23:31,430] {dagbag.py:451} INFO - Filling up the DagBag from /home/airflow/.local/lib/python3.6/site-packages/airflow/example_dags/example_task_group.py
[2024-10-02 01:23:31,465] {scheduler_job.py:639} INFO - DAG(s) dict_keys(['example_task_group']) retrieved from /home/airflow/.local/lib/python3.6/site-packages/airflow/example_dags/example_task_group.py
[2024-10-02 01:23:31,513] {logging_mixin.py:104} INFO - [2024-10-02 01:23:31,513] {dag.py:1824} INFO - Sync 1 DAGs
[2024-10-02 01:23:31,524] {logging_mixin.py:104} INFO - [2024-10-02 01:23:31,523] {dag.py:1843} INFO - Creating ORM DAG for example_task_group
[2024-10-02 01:23:31,529] {logging_mixin.py:104} INFO - [2024-10-02 01:23:31,529] {dag.py:2280} INFO - Setting next_dagrun for example_task_group to 2024-09-30 00:00:00+00:00
[2024-10-02 01:23:31,549] {scheduler_job.py:190} INFO - Processing /home/airflow/.local/lib/python3.6/site-packages/airflow/example_dags/example_task_group.py took 0.126 seconds
[2024-10-02 01:24:02,727] {scheduler_job.py:182} INFO - Started process (PID=75) to work on /home/airflow/.local/lib/python3.6/site-packages/airflow/example_dags/example_task_group.py
[2024-10-02 01:24:02,730] {scheduler_job.py:629} INFO - Processing file /home/airflow/.local/lib/python3.6/site-packages/airflow/example_dags/example_task_group.py for tasks to queue
[2024-10-02 01:24:02,732] {logging_mixin.py:104} INFO - [2024-10-02 01:24:02,731] {dagbag.py:451} INFO - Filling up the DagBag from /home/airflow/.local/lib/python3.6/site-packages/airflow/example_dags/example_task_group.py
[2024-10-02 01:24:02,755] {scheduler_job.py:639} INFO - DAG(s) dict_keys(['example_task_group']) retrieved from /home/airflow/.local/lib/python3.6/site-packages/airflow/example_dags/example_task_group.py
[2024-10-02 01:24:02,789] {logging_mixin.py:104} INFO - [2024-10-02 01:24:02,789] {dag.py:1824} INFO - Sync 1 DAGs
[2024-10-02 01:24:02,813] {logging_mixin.py:104} INFO - [2024-10-02 01:24:02,813] {dag.py:2280} INFO - Setting next_dagrun for example_task_group to 2024-09-30 00:00:00+00:00
[2024-10-02 01:24:02,831] {scheduler_job.py:190} INFO - Processing /home/airflow/.local/lib/python3.6/site-packages/airflow/example_dags/example_task_group.py took 0.108 seconds
[2024-10-02 01:24:33,068] {scheduler_job.py:182} INFO - Started process (PID=103) to work on /home/airflow/.local/lib/python3.6/site-packages/airflow/example_dags/example_task_group.py
[2024-10-02 01:24:33,071] {scheduler_job.py:629} INFO - Processing file /home/airflow/.local/lib/python3.6/site-packages/airflow/example_dags/example_task_group.py for tasks to queue
[2024-10-02 01:24:33,073] {logging_mixin.py:104} INFO - [2024-10-02 01:24:33,072] {dagbag.py:451} INFO - Filling up the DagBag from /home/airflow/.local/lib/python3.6/site-packages/airflow/example_dags/example_task_group.py
[2024-10-02 01:24:33,084] {scheduler_job.py:639} INFO - DAG(s) dict_keys(['example_task_group']) retrieved from /home/airflow/.local/lib/python3.6/site-packages/airflow/example_dags/example_task_group.py
[2024-10-02 01:24:33,108] {logging_mixin.py:104} INFO - [2024-10-02 01:24:33,107] {dag.py:1824} INFO - Sync 1 DAGs
[2024-10-02 01:24:33,127] {logging_mixin.py:104} INFO - [2024-10-02 01:24:33,127] {dag.py:2280} INFO - Setting next_dagrun for example_task_group to 2024-09-30 00:00:00+00:00
[2024-10-02 01:24:33,140] {scheduler_job.py:190} INFO - Processing /home/airflow/.local/lib/python3.6/site-packages/airflow/example_dags/example_task_group.py took 0.076 seconds
[2024-10-02 01:25:03,963] {scheduler_job.py:182} INFO - Started process (PID=126) to work on /home/airflow/.local/lib/python3.6/site-packages/airflow/example_dags/example_task_group.py
[2024-10-02 01:25:03,972] {scheduler_job.py:629} INFO - Processing file /home/airflow/.local/lib/python3.6/site-packages/airflow/example_dags/example_task_group.py for tasks to queue
[2024-10-02 01:25:03,973] {logging_mixin.py:104} INFO - [2024-10-02 01:25:03,973] {dagbag.py:451} INFO - Filling up the DagBag from /home/airflow/.local/lib/python3.6/site-packages/airflow/example_dags/example_task_group.py
[2024-10-02 01:25:04,016] {scheduler_job.py:639} INFO - DAG(s) dict_keys(['example_task_group']) retrieved from /home/airflow/.local/lib/python3.6/site-packages/airflow/example_dags/example_task_group.py
[2024-10-02 01:25:04,090] {logging_mixin.py:104} INFO - [2024-10-02 01:25:04,090] {dag.py:1824} INFO - Sync 1 DAGs
[2024-10-02 01:25:04,114] {logging_mixin.py:104} INFO - [2024-10-02 01:25:04,114] {dag.py:2280} INFO - Setting next_dagrun for example_task_group to 2024-09-30 00:00:00+00:00
[2024-10-02 01:25:04,159] {scheduler_job.py:190} INFO - Processing /home/airflow/.local/lib/python3.6/site-packages/airflow/example_dags/example_task_group.py took 0.215 seconds
[2024-10-02 01:25:34,238] {scheduler_job.py:182} INFO - Started process (PID=153) to work on /home/airflow/.local/lib/python3.6/site-packages/airflow/example_dags/example_task_group.py
[2024-10-02 01:25:34,240] {scheduler_job.py:629} INFO - Processing file /home/airflow/.local/lib/python3.6/site-packages/airflow/example_dags/example_task_group.py for tasks to queue
[2024-10-02 01:25:34,243] {logging_mixin.py:104} INFO - [2024-10-02 01:25:34,243] {dagbag.py:451} INFO - Filling up the DagBag from /home/airflow/.local/lib/python3.6/site-packages/airflow/example_dags/example_task_group.py
[2024-10-02 01:25:34,256] {scheduler_job.py:639} INFO - DAG(s) dict_keys(['example_task_group']) retrieved from /home/airflow/.local/lib/python3.6/site-packages/airflow/example_dags/example_task_group.py
[2024-10-02 01:25:34,285] {logging_mixin.py:104} INFO - [2024-10-02 01:25:34,285] {dag.py:1824} INFO - Sync 1 DAGs
[2024-10-02 01:25:34,300] {logging_mixin.py:104} INFO - [2024-10-02 01:25:34,299] {dag.py:2280} INFO - Setting next_dagrun for example_task_group to 2024-09-30 00:00:00+00:00
[2024-10-02 01:25:34,310] {scheduler_job.py:190} INFO - Processing /home/airflow/.local/lib/python3.6/site-packages/airflow/example_dags/example_task_group.py took 0.076 seconds
[2024-10-02 01:26:05,055] {scheduler_job.py:182} INFO - Started process (PID=175) to work on /home/airflow/.local/lib/python3.6/site-packages/airflow/example_dags/example_task_group.py
[2024-10-02 01:26:05,059] {scheduler_job.py:629} INFO - Processing file /home/airflow/.local/lib/python3.6/site-packages/airflow/example_dags/example_task_group.py for tasks to queue
[2024-10-02 01:26:05,061] {logging_mixin.py:104} INFO - [2024-10-02 01:26:05,061] {dagbag.py:451} INFO - Filling up the DagBag from /home/airflow/.local/lib/python3.6/site-packages/airflow/example_dags/example_task_group.py
[2024-10-02 01:26:05,078] {scheduler_job.py:639} INFO - DAG(s) dict_keys(['example_task_group']) retrieved from /home/airflow/.local/lib/python3.6/site-packages/airflow/example_dags/example_task_group.py
[2024-10-02 01:26:05,123] {logging_mixin.py:104} INFO - [2024-10-02 01:26:05,123] {dag.py:1824} INFO - Sync 1 DAGs
[2024-10-02 01:26:05,153] {logging_mixin.py:104} INFO - [2024-10-02 01:26:05,153] {dag.py:2280} INFO - Setting next_dagrun for example_task_group to 2024-09-30 00:00:00+00:00
[2024-10-02 01:26:05,179] {scheduler_job.py:190} INFO - Processing /home/airflow/.local/lib/python3.6/site-packages/airflow/example_dags/example_task_group.py took 0.127 seconds
[2024-10-02 01:26:35,340] {scheduler_job.py:182} INFO - Started process (PID=202) to work on /home/airflow/.local/lib/python3.6/site-packages/airflow/example_dags/example_task_group.py
[2024-10-02 01:26:35,341] {scheduler_job.py:629} INFO - Processing file /home/airflow/.local/lib/python3.6/site-packages/airflow/example_dags/example_task_group.py for tasks to queue
[2024-10-02 01:26:35,342] {logging_mixin.py:104} INFO - [2024-10-02 01:26:35,342] {dagbag.py:451} INFO - Filling up the DagBag from /home/airflow/.local/lib/python3.6/site-packages/airflow/example_dags/example_task_group.py
[2024-10-02 01:26:35,356] {scheduler_job.py:639} INFO - DAG(s) dict_keys(['example_task_group']) retrieved from /home/airflow/.local/lib/python3.6/site-packages/airflow/example_dags/example_task_group.py
[2024-10-02 01:26:35,399] {logging_mixin.py:104} INFO - [2024-10-02 01:26:35,399] {dag.py:1824} INFO - Sync 1 DAGs
[2024-10-02 01:26:35,431] {logging_mixin.py:104} INFO - [2024-10-02 01:26:35,431] {dag.py:2280} INFO - Setting next_dagrun for example_task_group to 2024-09-30 00:00:00+00:00
[2024-10-02 01:26:35,441] {scheduler_job.py:190} INFO - Processing /home/airflow/.local/lib/python3.6/site-packages/airflow/example_dags/example_task_group.py took 0.104 seconds
[2024-10-02 01:27:06,157] {scheduler_job.py:182} INFO - Started process (PID=229) to work on /home/airflow/.local/lib/python3.6/site-packages/airflow/example_dags/example_task_group.py
[2024-10-02 01:27:06,159] {scheduler_job.py:629} INFO - Processing file /home/airflow/.local/lib/python3.6/site-packages/airflow/example_dags/example_task_group.py for tasks to queue
[2024-10-02 01:27:06,160] {logging_mixin.py:104} INFO - [2024-10-02 01:27:06,160] {dagbag.py:451} INFO - Filling up the DagBag from /home/airflow/.local/lib/python3.6/site-packages/airflow/example_dags/example_task_group.py
[2024-10-02 01:27:06,175] {scheduler_job.py:639} INFO - DAG(s) dict_keys(['example_task_group']) retrieved from /home/airflow/.local/lib/python3.6/site-packages/airflow/example_dags/example_task_group.py
[2024-10-02 01:27:06,219] {logging_mixin.py:104} INFO - [2024-10-02 01:27:06,219] {dag.py:1824} INFO - Sync 1 DAGs
[2024-10-02 01:27:06,242] {logging_mixin.py:104} INFO - [2024-10-02 01:27:06,242] {dag.py:2280} INFO - Setting next_dagrun for example_task_group to 2024-09-30 00:00:00+00:00
[2024-10-02 01:27:06,259] {scheduler_job.py:190} INFO - Processing /home/airflow/.local/lib/python3.6/site-packages/airflow/example_dags/example_task_group.py took 0.106 seconds
[2024-10-02 01:27:36,980] {scheduler_job.py:182} INFO - Started process (PID=251) to work on /home/airflow/.local/lib/python3.6/site-packages/airflow/example_dags/example_task_group.py
[2024-10-02 01:27:37,004] {scheduler_job.py:629} INFO - Processing file /home/airflow/.local/lib/python3.6/site-packages/airflow/example_dags/example_task_group.py for tasks to queue
[2024-10-02 01:27:37,026] {logging_mixin.py:104} INFO - [2024-10-02 01:27:37,026] {dagbag.py:451} INFO - Filling up the DagBag from /home/airflow/.local/lib/python3.6/site-packages/airflow/example_dags/example_task_group.py
[2024-10-02 01:27:37,048] {scheduler_job.py:639} INFO - DAG(s) dict_keys(['example_task_group']) retrieved from /home/airflow/.local/lib/python3.6/site-packages/airflow/example_dags/example_task_group.py
[2024-10-02 01:27:37,078] {logging_mixin.py:104} INFO - [2024-10-02 01:27:37,078] {dag.py:1824} INFO - Sync 1 DAGs
[2024-10-02 01:27:37,108] {logging_mixin.py:104} INFO - [2024-10-02 01:27:37,108] {dag.py:2280} INFO - Setting next_dagrun for example_task_group to 2024-09-30 00:00:00+00:00
[2024-10-02 01:27:37,134] {scheduler_job.py:190} INFO - Processing /home/airflow/.local/lib/python3.6/site-packages/airflow/example_dags/example_task_group.py took 0.166 seconds
[2024-10-02 01:28:08,362] {scheduler_job.py:182} INFO - Started process (PID=282) to work on /home/airflow/.local/lib/python3.6/site-packages/airflow/example_dags/example_task_group.py
[2024-10-02 01:28:08,363] {scheduler_job.py:629} INFO - Processing file /home/airflow/.local/lib/python3.6/site-packages/airflow/example_dags/example_task_group.py for tasks to queue
[2024-10-02 01:28:08,364] {logging_mixin.py:104} INFO - [2024-10-02 01:28:08,364] {dagbag.py:451} INFO - Filling up the DagBag from /home/airflow/.local/lib/python3.6/site-packages/airflow/example_dags/example_task_group.py
[2024-10-02 01:28:08,376] {scheduler_job.py:639} INFO - DAG(s) dict_keys(['example_task_group']) retrieved from /home/airflow/.local/lib/python3.6/site-packages/airflow/example_dags/example_task_group.py
[2024-10-02 01:28:08,402] {logging_mixin.py:104} INFO - [2024-10-02 01:28:08,402] {dag.py:1824} INFO - Sync 1 DAGs
[2024-10-02 01:28:08,420] {logging_mixin.py:104} INFO - [2024-10-02 01:28:08,420] {dag.py:2280} INFO - Setting next_dagrun for example_task_group to 2024-09-30 00:00:00+00:00
[2024-10-02 01:28:08,429] {scheduler_job.py:190} INFO - Processing /home/airflow/.local/lib/python3.6/site-packages/airflow/example_dags/example_task_group.py took 0.071 seconds
[2024-10-02 01:28:38,895] {scheduler_job.py:182} INFO - Started process (PID=305) to work on /home/airflow/.local/lib/python3.6/site-packages/airflow/example_dags/example_task_group.py
[2024-10-02 01:28:38,897] {scheduler_job.py:629} INFO - Processing file /home/airflow/.local/lib/python3.6/site-packages/airflow/example_dags/example_task_group.py for tasks to queue
[2024-10-02 01:28:38,898] {logging_mixin.py:104} INFO - [2024-10-02 01:28:38,898] {dagbag.py:451} INFO - Filling up the DagBag from /home/airflow/.local/lib/python3.6/site-packages/airflow/example_dags/example_task_group.py
[2024-10-02 01:28:38,910] {scheduler_job.py:639} INFO - DAG(s) dict_keys(['example_task_group']) retrieved from /home/airflow/.local/lib/python3.6/site-packages/airflow/example_dags/example_task_group.py
[2024-10-02 01:28:38,943] {logging_mixin.py:104} INFO - [2024-10-02 01:28:38,943] {dag.py:1824} INFO - Sync 1 DAGs
[2024-10-02 01:28:38,965] {logging_mixin.py:104} INFO - [2024-10-02 01:28:38,965] {dag.py:2280} INFO - Setting next_dagrun for example_task_group to 2024-09-30 00:00:00+00:00
[2024-10-02 01:28:38,977] {scheduler_job.py:190} INFO - Processing /home/airflow/.local/lib/python3.6/site-packages/airflow/example_dags/example_task_group.py took 0.086 seconds
[2024-10-02T01:32:15.454+0000] {processor.py:157} INFO - Started process (PID=56) to work on /home/airflow/.local/lib/python3.8/site-packages/airflow/example_dags/example_task_group.py
[2024-10-02T01:32:15.457+0000] {processor.py:829} INFO - Processing file /home/airflow/.local/lib/python3.8/site-packages/airflow/example_dags/example_task_group.py for tasks to queue
[2024-10-02T01:32:15.462+0000] {logging_mixin.py:151} INFO - [2024-10-02T01:32:15.461+0000] {dagbag.py:539} INFO - Filling up the DagBag from /home/airflow/.local/lib/python3.8/site-packages/airflow/example_dags/example_task_group.py
[2024-10-02T01:32:15.476+0000] {processor.py:839} INFO - DAG(s) dict_keys(['example_task_group']) retrieved from /home/airflow/.local/lib/python3.8/site-packages/airflow/example_dags/example_task_group.py
[2024-10-02T01:32:15.620+0000] {logging_mixin.py:151} INFO - [2024-10-02T01:32:15.619+0000] {manager.py:499} INFO - Created Permission View: %s
[2024-10-02T01:32:15.630+0000] {logging_mixin.py:151} INFO - [2024-10-02T01:32:15.630+0000] {manager.py:499} INFO - Created Permission View: %s
[2024-10-02T01:32:15.640+0000] {logging_mixin.py:151} INFO - [2024-10-02T01:32:15.640+0000] {manager.py:499} INFO - Created Permission View: %s
[2024-10-02T01:32:15.642+0000] {logging_mixin.py:151} INFO - [2024-10-02T01:32:15.642+0000] {security.py:708} INFO - Not syncing DAG-level permissions for DAG 'DAG:example_task_group' as access control is unset.
[2024-10-02T01:32:15.643+0000] {logging_mixin.py:151} INFO - [2024-10-02T01:32:15.643+0000] {dag.py:2915} INFO - Sync 1 DAGs
[2024-10-02T01:32:15.655+0000] {logging_mixin.py:151} INFO - [2024-10-02T01:32:15.655+0000] {dag.py:2937} INFO - Creating ORM DAG for example_task_group
[2024-10-02T01:32:15.671+0000] {logging_mixin.py:151} INFO - [2024-10-02T01:32:15.671+0000] {dag.py:3696} INFO - Setting next_dagrun for example_task_group to 2024-10-01T01:32:15.670162+00:00, run_after=2024-10-02T01:32:15.670162+00:00
[2024-10-02T01:32:15.693+0000] {processor.py:179} INFO - Processing /home/airflow/.local/lib/python3.8/site-packages/airflow/example_dags/example_task_group.py took 0.243 seconds
[2024-10-02T01:32:46.210+0000] {processor.py:157} INFO - Started process (PID=104) to work on /home/airflow/.local/lib/python3.8/site-packages/airflow/example_dags/example_task_group.py
[2024-10-02T01:32:46.213+0000] {processor.py:829} INFO - Processing file /home/airflow/.local/lib/python3.8/site-packages/airflow/example_dags/example_task_group.py for tasks to queue
[2024-10-02T01:32:46.219+0000] {logging_mixin.py:151} INFO - [2024-10-02T01:32:46.218+0000] {dagbag.py:539} INFO - Filling up the DagBag from /home/airflow/.local/lib/python3.8/site-packages/airflow/example_dags/example_task_group.py
[2024-10-02T01:32:46.236+0000] {processor.py:839} INFO - DAG(s) dict_keys(['example_task_group']) retrieved from /home/airflow/.local/lib/python3.8/site-packages/airflow/example_dags/example_task_group.py
[2024-10-02T01:32:46.269+0000] {logging_mixin.py:151} INFO - [2024-10-02T01:32:46.269+0000] {dag.py:2915} INFO - Sync 1 DAGs
[2024-10-02T01:32:46.342+0000] {logging_mixin.py:151} INFO - [2024-10-02T01:32:46.341+0000] {dag.py:3696} INFO - Setting next_dagrun for example_task_group to 2024-10-01T01:32:46.339803+00:00, run_after=2024-10-02T01:32:46.339803+00:00
[2024-10-02T01:32:46.370+0000] {processor.py:179} INFO - Processing /home/airflow/.local/lib/python3.8/site-packages/airflow/example_dags/example_task_group.py took 0.163 seconds
[2024-10-02T01:33:17.388+0000] {processor.py:157} INFO - Started process (PID=152) to work on /home/airflow/.local/lib/python3.8/site-packages/airflow/example_dags/example_task_group.py
[2024-10-02T01:33:17.390+0000] {processor.py:829} INFO - Processing file /home/airflow/.local/lib/python3.8/site-packages/airflow/example_dags/example_task_group.py for tasks to queue
[2024-10-02T01:33:17.393+0000] {logging_mixin.py:151} INFO - [2024-10-02T01:33:17.392+0000] {dagbag.py:539} INFO - Filling up the DagBag from /home/airflow/.local/lib/python3.8/site-packages/airflow/example_dags/example_task_group.py
[2024-10-02T01:33:17.407+0000] {processor.py:839} INFO - DAG(s) dict_keys(['example_task_group']) retrieved from /home/airflow/.local/lib/python3.8/site-packages/airflow/example_dags/example_task_group.py
[2024-10-02T01:33:17.449+0000] {logging_mixin.py:151} INFO - [2024-10-02T01:33:17.448+0000] {dag.py:2915} INFO - Sync 1 DAGs
[2024-10-02T01:33:17.481+0000] {logging_mixin.py:151} INFO - [2024-10-02T01:33:17.481+0000] {dag.py:3696} INFO - Setting next_dagrun for example_task_group to 2024-10-01T01:33:17.480503+00:00, run_after=2024-10-02T01:33:17.480503+00:00
[2024-10-02T01:33:17.506+0000] {processor.py:179} INFO - Processing /home/airflow/.local/lib/python3.8/site-packages/airflow/example_dags/example_task_group.py took 0.121 seconds
[2024-10-02T01:33:47.970+0000] {processor.py:157} INFO - Started process (PID=200) to work on /home/airflow/.local/lib/python3.8/site-packages/airflow/example_dags/example_task_group.py
[2024-10-02T01:33:47.972+0000] {processor.py:829} INFO - Processing file /home/airflow/.local/lib/python3.8/site-packages/airflow/example_dags/example_task_group.py for tasks to queue
[2024-10-02T01:33:47.977+0000] {logging_mixin.py:151} INFO - [2024-10-02T01:33:47.976+0000] {dagbag.py:539} INFO - Filling up the DagBag from /home/airflow/.local/lib/python3.8/site-packages/airflow/example_dags/example_task_group.py
[2024-10-02T01:33:47.992+0000] {processor.py:839} INFO - DAG(s) dict_keys(['example_task_group']) retrieved from /home/airflow/.local/lib/python3.8/site-packages/airflow/example_dags/example_task_group.py
[2024-10-02T01:33:48.031+0000] {logging_mixin.py:151} INFO - [2024-10-02T01:33:48.031+0000] {dag.py:2915} INFO - Sync 1 DAGs
[2024-10-02T01:33:48.067+0000] {logging_mixin.py:151} INFO - [2024-10-02T01:33:48.067+0000] {dag.py:3696} INFO - Setting next_dagrun for example_task_group to 2024-10-01T01:33:48.065531+00:00, run_after=2024-10-02T01:33:48.065531+00:00
[2024-10-02T01:33:48.104+0000] {processor.py:179} INFO - Processing /home/airflow/.local/lib/python3.8/site-packages/airflow/example_dags/example_task_group.py took 0.139 seconds
[2024-10-02T01:34:18.637+0000] {processor.py:157} INFO - Started process (PID=248) to work on /home/airflow/.local/lib/python3.8/site-packages/airflow/example_dags/example_task_group.py
[2024-10-02T01:34:18.640+0000] {processor.py:829} INFO - Processing file /home/airflow/.local/lib/python3.8/site-packages/airflow/example_dags/example_task_group.py for tasks to queue
[2024-10-02T01:34:18.650+0000] {logging_mixin.py:151} INFO - [2024-10-02T01:34:18.648+0000] {dagbag.py:539} INFO - Filling up the DagBag from /home/airflow/.local/lib/python3.8/site-packages/airflow/example_dags/example_task_group.py
[2024-10-02T01:34:18.667+0000] {processor.py:839} INFO - DAG(s) dict_keys(['example_task_group']) retrieved from /home/airflow/.local/lib/python3.8/site-packages/airflow/example_dags/example_task_group.py
[2024-10-02T01:34:18.704+0000] {logging_mixin.py:151} INFO - [2024-10-02T01:34:18.704+0000] {dag.py:2915} INFO - Sync 1 DAGs
[2024-10-02T01:34:18.742+0000] {logging_mixin.py:151} INFO - [2024-10-02T01:34:18.741+0000] {dag.py:3696} INFO - Setting next_dagrun for example_task_group to 2024-10-01T01:34:18.740331+00:00, run_after=2024-10-02T01:34:18.740331+00:00
[2024-10-02T01:34:18.775+0000] {processor.py:179} INFO - Processing /home/airflow/.local/lib/python3.8/site-packages/airflow/example_dags/example_task_group.py took 0.144 seconds
[2024-10-02T01:34:49.143+0000] {processor.py:157} INFO - Started process (PID=296) to work on /home/airflow/.local/lib/python3.8/site-packages/airflow/example_dags/example_task_group.py
[2024-10-02T01:34:49.147+0000] {processor.py:829} INFO - Processing file /home/airflow/.local/lib/python3.8/site-packages/airflow/example_dags/example_task_group.py for tasks to queue
[2024-10-02T01:34:49.152+0000] {logging_mixin.py:151} INFO - [2024-10-02T01:34:49.151+0000] {dagbag.py:539} INFO - Filling up the DagBag from /home/airflow/.local/lib/python3.8/site-packages/airflow/example_dags/example_task_group.py
[2024-10-02T01:34:49.170+0000] {processor.py:839} INFO - DAG(s) dict_keys(['example_task_group']) retrieved from /home/airflow/.local/lib/python3.8/site-packages/airflow/example_dags/example_task_group.py
[2024-10-02T01:34:49.226+0000] {logging_mixin.py:151} INFO - [2024-10-02T01:34:49.225+0000] {dag.py:2915} INFO - Sync 1 DAGs
[2024-10-02T01:34:49.263+0000] {logging_mixin.py:151} INFO - [2024-10-02T01:34:49.263+0000] {dag.py:3696} INFO - Setting next_dagrun for example_task_group to 2024-10-01T01:34:49.261233+00:00, run_after=2024-10-02T01:34:49.261233+00:00
[2024-10-02T01:34:49.301+0000] {processor.py:179} INFO - Processing /home/airflow/.local/lib/python3.8/site-packages/airflow/example_dags/example_task_group.py took 0.164 seconds
[2024-10-02T01:35:19.455+0000] {processor.py:157} INFO - Started process (PID=344) to work on /home/airflow/.local/lib/python3.8/site-packages/airflow/example_dags/example_task_group.py
[2024-10-02T01:35:19.458+0000] {processor.py:829} INFO - Processing file /home/airflow/.local/lib/python3.8/site-packages/airflow/example_dags/example_task_group.py for tasks to queue
[2024-10-02T01:35:19.462+0000] {logging_mixin.py:151} INFO - [2024-10-02T01:35:19.461+0000] {dagbag.py:539} INFO - Filling up the DagBag from /home/airflow/.local/lib/python3.8/site-packages/airflow/example_dags/example_task_group.py
[2024-10-02T01:35:19.476+0000] {processor.py:839} INFO - DAG(s) dict_keys(['example_task_group']) retrieved from /home/airflow/.local/lib/python3.8/site-packages/airflow/example_dags/example_task_group.py
[2024-10-02T01:35:19.518+0000] {logging_mixin.py:151} INFO - [2024-10-02T01:35:19.517+0000] {dag.py:2915} INFO - Sync 1 DAGs
[2024-10-02T01:35:19.553+0000] {logging_mixin.py:151} INFO - [2024-10-02T01:35:19.553+0000] {dag.py:3696} INFO - Setting next_dagrun for example_task_group to 2024-10-01T01:35:19.552497+00:00, run_after=2024-10-02T01:35:19.552497+00:00
[2024-10-02T01:35:19.582+0000] {processor.py:179} INFO - Processing /home/airflow/.local/lib/python3.8/site-packages/airflow/example_dags/example_task_group.py took 0.133 seconds
[2024-10-02T01:35:49.861+0000] {processor.py:157} INFO - Started process (PID=391) to work on /home/airflow/.local/lib/python3.8/site-packages/airflow/example_dags/example_task_group.py
[2024-10-02T01:35:49.864+0000] {processor.py:829} INFO - Processing file /home/airflow/.local/lib/python3.8/site-packages/airflow/example_dags/example_task_group.py for tasks to queue
[2024-10-02T01:35:49.871+0000] {logging_mixin.py:151} INFO - [2024-10-02T01:35:49.870+0000] {dagbag.py:539} INFO - Filling up the DagBag from /home/airflow/.local/lib/python3.8/site-packages/airflow/example_dags/example_task_group.py
[2024-10-02T01:35:49.884+0000] {processor.py:839} INFO - DAG(s) dict_keys(['example_task_group']) retrieved from /home/airflow/.local/lib/python3.8/site-packages/airflow/example_dags/example_task_group.py
[2024-10-02T01:35:49.926+0000] {logging_mixin.py:151} INFO - [2024-10-02T01:35:49.926+0000] {dag.py:2915} INFO - Sync 1 DAGs
[2024-10-02T01:35:49.970+0000] {logging_mixin.py:151} INFO - [2024-10-02T01:35:49.969+0000] {dag.py:3696} INFO - Setting next_dagrun for example_task_group to 2024-10-01T01:35:49.968287+00:00, run_after=2024-10-02T01:35:49.968287+00:00
[2024-10-02T01:35:50.010+0000] {processor.py:179} INFO - Processing /home/airflow/.local/lib/python3.8/site-packages/airflow/example_dags/example_task_group.py took 0.154 seconds
[2024-10-02T01:36:20.225+0000] {processor.py:157} INFO - Started process (PID=439) to work on /home/airflow/.local/lib/python3.8/site-packages/airflow/example_dags/example_task_group.py
[2024-10-02T01:36:20.228+0000] {processor.py:829} INFO - Processing file /home/airflow/.local/lib/python3.8/site-packages/airflow/example_dags/example_task_group.py for tasks to queue
[2024-10-02T01:36:20.233+0000] {logging_mixin.py:151} INFO - [2024-10-02T01:36:20.232+0000] {dagbag.py:539} INFO - Filling up the DagBag from /home/airflow/.local/lib/python3.8/site-packages/airflow/example_dags/example_task_group.py
[2024-10-02T01:36:20.247+0000] {processor.py:839} INFO - DAG(s) dict_keys(['example_task_group']) retrieved from /home/airflow/.local/lib/python3.8/site-packages/airflow/example_dags/example_task_group.py
[2024-10-02T01:36:20.285+0000] {logging_mixin.py:151} INFO - [2024-10-02T01:36:20.285+0000] {dag.py:2915} INFO - Sync 1 DAGs
[2024-10-02T01:36:20.324+0000] {logging_mixin.py:151} INFO - [2024-10-02T01:36:20.323+0000] {dag.py:3696} INFO - Setting next_dagrun for example_task_group to 2024-10-01T01:36:20.322641+00:00, run_after=2024-10-02T01:36:20.322641+00:00
[2024-10-02T01:36:20.362+0000] {processor.py:179} INFO - Processing /home/airflow/.local/lib/python3.8/site-packages/airflow/example_dags/example_task_group.py took 0.141 seconds
[2024-10-02T01:36:50.644+0000] {processor.py:157} INFO - Started process (PID=487) to work on /home/airflow/.local/lib/python3.8/site-packages/airflow/example_dags/example_task_group.py
[2024-10-02T01:36:50.649+0000] {processor.py:829} INFO - Processing file /home/airflow/.local/lib/python3.8/site-packages/airflow/example_dags/example_task_group.py for tasks to queue
[2024-10-02T01:36:50.655+0000] {logging_mixin.py:151} INFO - [2024-10-02T01:36:50.654+0000] {dagbag.py:539} INFO - Filling up the DagBag from /home/airflow/.local/lib/python3.8/site-packages/airflow/example_dags/example_task_group.py
[2024-10-02T01:36:50.674+0000] {processor.py:839} INFO - DAG(s) dict_keys(['example_task_group']) retrieved from /home/airflow/.local/lib/python3.8/site-packages/airflow/example_dags/example_task_group.py
[2024-10-02T01:36:50.722+0000] {logging_mixin.py:151} INFO - [2024-10-02T01:36:50.722+0000] {dag.py:2915} INFO - Sync 1 DAGs
[2024-10-02T01:36:50.760+0000] {logging_mixin.py:151} INFO - [2024-10-02T01:36:50.759+0000] {dag.py:3696} INFO - Setting next_dagrun for example_task_group to 2024-10-01T01:36:50.757853+00:00, run_after=2024-10-02T01:36:50.757853+00:00
[2024-10-02T01:36:50.800+0000] {processor.py:179} INFO - Processing /home/airflow/.local/lib/python3.8/site-packages/airflow/example_dags/example_task_group.py took 0.161 seconds
[2024-10-02T01:37:21.767+0000] {processor.py:157} INFO - Started process (PID=535) to work on /home/airflow/.local/lib/python3.8/site-packages/airflow/example_dags/example_task_group.py
[2024-10-02T01:37:21.772+0000] {processor.py:829} INFO - Processing file /home/airflow/.local/lib/python3.8/site-packages/airflow/example_dags/example_task_group.py for tasks to queue
[2024-10-02T01:37:21.781+0000] {logging_mixin.py:151} INFO - [2024-10-02T01:37:21.781+0000] {dagbag.py:539} INFO - Filling up the DagBag from /home/airflow/.local/lib/python3.8/site-packages/airflow/example_dags/example_task_group.py
[2024-10-02T01:37:21.805+0000] {processor.py:839} INFO - DAG(s) dict_keys(['example_task_group']) retrieved from /home/airflow/.local/lib/python3.8/site-packages/airflow/example_dags/example_task_group.py
[2024-10-02T01:37:21.851+0000] {logging_mixin.py:151} INFO - [2024-10-02T01:37:21.851+0000] {dag.py:2915} INFO - Sync 1 DAGs
[2024-10-02T01:37:21.890+0000] {logging_mixin.py:151} INFO - [2024-10-02T01:37:21.890+0000] {dag.py:3696} INFO - Setting next_dagrun for example_task_group to 2024-10-01T01:37:21.888689+00:00, run_after=2024-10-02T01:37:21.888689+00:00
[2024-10-02T01:37:21.916+0000] {processor.py:179} INFO - Processing /home/airflow/.local/lib/python3.8/site-packages/airflow/example_dags/example_task_group.py took 0.155 seconds
[2024-10-02T01:37:52.003+0000] {processor.py:157} INFO - Started process (PID=583) to work on /home/airflow/.local/lib/python3.8/site-packages/airflow/example_dags/example_task_group.py
[2024-10-02T01:37:52.005+0000] {processor.py:829} INFO - Processing file /home/airflow/.local/lib/python3.8/site-packages/airflow/example_dags/example_task_group.py for tasks to queue
[2024-10-02T01:37:52.009+0000] {logging_mixin.py:151} INFO - [2024-10-02T01:37:52.009+0000] {dagbag.py:539} INFO - Filling up the DagBag from /home/airflow/.local/lib/python3.8/site-packages/airflow/example_dags/example_task_group.py
[2024-10-02T01:37:52.025+0000] {processor.py:839} INFO - DAG(s) dict_keys(['example_task_group']) retrieved from /home/airflow/.local/lib/python3.8/site-packages/airflow/example_dags/example_task_group.py
[2024-10-02T01:37:52.071+0000] {logging_mixin.py:151} INFO - [2024-10-02T01:37:52.071+0000] {dag.py:2915} INFO - Sync 1 DAGs
[2024-10-02T01:37:52.121+0000] {logging_mixin.py:151} INFO - [2024-10-02T01:37:52.120+0000] {dag.py:3696} INFO - Setting next_dagrun for example_task_group to 2024-10-01T01:37:52.119084+00:00, run_after=2024-10-02T01:37:52.119084+00:00
[2024-10-02T01:37:52.154+0000] {processor.py:179} INFO - Processing /home/airflow/.local/lib/python3.8/site-packages/airflow/example_dags/example_task_group.py took 0.155 seconds
[2024-10-02T01:38:22.686+0000] {processor.py:157} INFO - Started process (PID=631) to work on /home/airflow/.local/lib/python3.8/site-packages/airflow/example_dags/example_task_group.py
[2024-10-02T01:38:22.690+0000] {processor.py:829} INFO - Processing file /home/airflow/.local/lib/python3.8/site-packages/airflow/example_dags/example_task_group.py for tasks to queue
[2024-10-02T01:38:22.695+0000] {logging_mixin.py:151} INFO - [2024-10-02T01:38:22.694+0000] {dagbag.py:539} INFO - Filling up the DagBag from /home/airflow/.local/lib/python3.8/site-packages/airflow/example_dags/example_task_group.py
[2024-10-02T01:38:22.711+0000] {processor.py:839} INFO - DAG(s) dict_keys(['example_task_group']) retrieved from /home/airflow/.local/lib/python3.8/site-packages/airflow/example_dags/example_task_group.py
[2024-10-02T01:38:22.753+0000] {logging_mixin.py:151} INFO - [2024-10-02T01:38:22.753+0000] {dag.py:2915} INFO - Sync 1 DAGs
[2024-10-02T01:38:22.792+0000] {logging_mixin.py:151} INFO - [2024-10-02T01:38:22.791+0000] {dag.py:3696} INFO - Setting next_dagrun for example_task_group to 2024-10-01T01:38:22.790702+00:00, run_after=2024-10-02T01:38:22.790702+00:00
[2024-10-02T01:38:22.825+0000] {processor.py:179} INFO - Processing /home/airflow/.local/lib/python3.8/site-packages/airflow/example_dags/example_task_group.py took 0.144 seconds
[2024-10-02T01:38:53.009+0000] {processor.py:157} INFO - Started process (PID=679) to work on /home/airflow/.local/lib/python3.8/site-packages/airflow/example_dags/example_task_group.py
[2024-10-02T01:38:53.011+0000] {processor.py:829} INFO - Processing file /home/airflow/.local/lib/python3.8/site-packages/airflow/example_dags/example_task_group.py for tasks to queue
[2024-10-02T01:38:53.016+0000] {logging_mixin.py:151} INFO - [2024-10-02T01:38:53.016+0000] {dagbag.py:539} INFO - Filling up the DagBag from /home/airflow/.local/lib/python3.8/site-packages/airflow/example_dags/example_task_group.py
[2024-10-02T01:38:53.038+0000] {processor.py:839} INFO - DAG(s) dict_keys(['example_task_group']) retrieved from /home/airflow/.local/lib/python3.8/site-packages/airflow/example_dags/example_task_group.py
[2024-10-02T01:38:53.078+0000] {logging_mixin.py:151} INFO - [2024-10-02T01:38:53.077+0000] {dag.py:2915} INFO - Sync 1 DAGs
[2024-10-02T01:38:53.115+0000] {logging_mixin.py:151} INFO - [2024-10-02T01:38:53.115+0000] {dag.py:3696} INFO - Setting next_dagrun for example_task_group to 2024-10-01T01:38:53.113384+00:00, run_after=2024-10-02T01:38:53.113384+00:00
[2024-10-02T01:38:53.147+0000] {processor.py:179} INFO - Processing /home/airflow/.local/lib/python3.8/site-packages/airflow/example_dags/example_task_group.py took 0.143 seconds
[2024-10-02T01:39:23.720+0000] {processor.py:157} INFO - Started process (PID=727) to work on /home/airflow/.local/lib/python3.8/site-packages/airflow/example_dags/example_task_group.py
[2024-10-02T01:39:23.723+0000] {processor.py:829} INFO - Processing file /home/airflow/.local/lib/python3.8/site-packages/airflow/example_dags/example_task_group.py for tasks to queue
[2024-10-02T01:39:23.728+0000] {logging_mixin.py:151} INFO - [2024-10-02T01:39:23.727+0000] {dagbag.py:539} INFO - Filling up the DagBag from /home/airflow/.local/lib/python3.8/site-packages/airflow/example_dags/example_task_group.py
[2024-10-02T01:39:23.742+0000] {processor.py:839} INFO - DAG(s) dict_keys(['example_task_group']) retrieved from /home/airflow/.local/lib/python3.8/site-packages/airflow/example_dags/example_task_group.py
[2024-10-02T01:39:23.780+0000] {logging_mixin.py:151} INFO - [2024-10-02T01:39:23.780+0000] {dag.py:2915} INFO - Sync 1 DAGs
[2024-10-02T01:39:23.832+0000] {logging_mixin.py:151} INFO - [2024-10-02T01:39:23.830+0000] {dag.py:3696} INFO - Setting next_dagrun for example_task_group to 2024-10-01T01:39:23.827814+00:00, run_after=2024-10-02T01:39:23.827814+00:00
[2024-10-02T01:39:23.871+0000] {processor.py:179} INFO - Processing /home/airflow/.local/lib/python3.8/site-packages/airflow/example_dags/example_task_group.py took 0.157 seconds
[2024-10-02T01:45:35.577+0000] {processor.py:157} INFO - Started process (PID=56) to work on /home/airflow/.local/lib/python3.8/site-packages/airflow/example_dags/example_task_group.py
[2024-10-02T01:45:35.583+0000] {processor.py:829} INFO - Processing file /home/airflow/.local/lib/python3.8/site-packages/airflow/example_dags/example_task_group.py for tasks to queue
[2024-10-02T01:45:35.592+0000] {logging_mixin.py:151} INFO - [2024-10-02T01:45:35.591+0000] {dagbag.py:539} INFO - Filling up the DagBag from /home/airflow/.local/lib/python3.8/site-packages/airflow/example_dags/example_task_group.py
[2024-10-02T01:45:35.620+0000] {processor.py:839} INFO - DAG(s) dict_keys(['example_task_group']) retrieved from /home/airflow/.local/lib/python3.8/site-packages/airflow/example_dags/example_task_group.py
[2024-10-02T01:45:35.944+0000] {logging_mixin.py:151} INFO - [2024-10-02T01:45:35.944+0000] {manager.py:499} INFO - Created Permission View: %s
[2024-10-02T01:45:35.977+0000] {logging_mixin.py:151} INFO - [2024-10-02T01:45:35.976+0000] {manager.py:499} INFO - Created Permission View: %s
[2024-10-02T01:45:35.985+0000] {logging_mixin.py:151} INFO - [2024-10-02T01:45:35.985+0000] {manager.py:499} INFO - Created Permission View: %s
[2024-10-02T01:45:35.987+0000] {logging_mixin.py:151} INFO - [2024-10-02T01:45:35.986+0000] {security.py:708} INFO - Not syncing DAG-level permissions for DAG 'DAG:example_task_group' as access control is unset.
[2024-10-02T01:45:35.988+0000] {logging_mixin.py:151} INFO - [2024-10-02T01:45:35.988+0000] {dag.py:2915} INFO - Sync 1 DAGs
[2024-10-02T01:45:36.004+0000] {logging_mixin.py:151} INFO - [2024-10-02T01:45:36.004+0000] {dag.py:2937} INFO - Creating ORM DAG for example_task_group
[2024-10-02T01:45:36.019+0000] {logging_mixin.py:151} INFO - [2024-10-02T01:45:36.019+0000] {dag.py:3696} INFO - Setting next_dagrun for example_task_group to 2024-10-01T01:45:36.018175+00:00, run_after=2024-10-02T01:45:36.018175+00:00
[2024-10-02T01:45:36.059+0000] {processor.py:179} INFO - Processing /home/airflow/.local/lib/python3.8/site-packages/airflow/example_dags/example_task_group.py took 0.488 seconds
[2024-10-02T01:46:06.506+0000] {processor.py:157} INFO - Started process (PID=104) to work on /home/airflow/.local/lib/python3.8/site-packages/airflow/example_dags/example_task_group.py
[2024-10-02T01:46:06.510+0000] {processor.py:829} INFO - Processing file /home/airflow/.local/lib/python3.8/site-packages/airflow/example_dags/example_task_group.py for tasks to queue
[2024-10-02T01:46:06.517+0000] {logging_mixin.py:151} INFO - [2024-10-02T01:46:06.516+0000] {dagbag.py:539} INFO - Filling up the DagBag from /home/airflow/.local/lib/python3.8/site-packages/airflow/example_dags/example_task_group.py
[2024-10-02T01:46:06.538+0000] {processor.py:839} INFO - DAG(s) dict_keys(['example_task_group']) retrieved from /home/airflow/.local/lib/python3.8/site-packages/airflow/example_dags/example_task_group.py
[2024-10-02T01:46:06.597+0000] {logging_mixin.py:151} INFO - [2024-10-02T01:46:06.596+0000] {dag.py:2915} INFO - Sync 1 DAGs
[2024-10-02T01:46:06.661+0000] {logging_mixin.py:151} INFO - [2024-10-02T01:46:06.660+0000] {dag.py:3696} INFO - Setting next_dagrun for example_task_group to 2024-10-01T01:46:06.659143+00:00, run_after=2024-10-02T01:46:06.659143+00:00
[2024-10-02T01:46:06.710+0000] {processor.py:179} INFO - Processing /home/airflow/.local/lib/python3.8/site-packages/airflow/example_dags/example_task_group.py took 0.210 seconds
[2024-10-02T01:47:03.494+0000] {processor.py:157} INFO - Started process (PID=56) to work on /home/airflow/.local/lib/python3.8/site-packages/airflow/example_dags/example_task_group.py
[2024-10-02T01:47:03.501+0000] {processor.py:829} INFO - Processing file /home/airflow/.local/lib/python3.8/site-packages/airflow/example_dags/example_task_group.py for tasks to queue
[2024-10-02T01:47:03.516+0000] {logging_mixin.py:151} INFO - [2024-10-02T01:47:03.515+0000] {dagbag.py:539} INFO - Filling up the DagBag from /home/airflow/.local/lib/python3.8/site-packages/airflow/example_dags/example_task_group.py
[2024-10-02T01:47:03.542+0000] {processor.py:839} INFO - DAG(s) dict_keys(['example_task_group']) retrieved from /home/airflow/.local/lib/python3.8/site-packages/airflow/example_dags/example_task_group.py
[2024-10-02T01:47:03.632+0000] {logging_mixin.py:151} INFO - [2024-10-02T01:47:03.632+0000] {dag.py:2915} INFO - Sync 1 DAGs
[2024-10-02T01:47:03.708+0000] {logging_mixin.py:151} INFO - [2024-10-02T01:47:03.707+0000] {dag.py:3696} INFO - Setting next_dagrun for example_task_group to 2024-10-01T01:47:03.705030+00:00, run_after=2024-10-02T01:47:03.705030+00:00
[2024-10-02T01:47:03.811+0000] {processor.py:179} INFO - Processing /home/airflow/.local/lib/python3.8/site-packages/airflow/example_dags/example_task_group.py took 0.326 seconds
[2024-10-02T01:47:34.076+0000] {processor.py:157} INFO - Started process (PID=104) to work on /home/airflow/.local/lib/python3.8/site-packages/airflow/example_dags/example_task_group.py
[2024-10-02T01:47:34.079+0000] {processor.py:829} INFO - Processing file /home/airflow/.local/lib/python3.8/site-packages/airflow/example_dags/example_task_group.py for tasks to queue
[2024-10-02T01:47:34.084+0000] {logging_mixin.py:151} INFO - [2024-10-02T01:47:34.083+0000] {dagbag.py:539} INFO - Filling up the DagBag from /home/airflow/.local/lib/python3.8/site-packages/airflow/example_dags/example_task_group.py
[2024-10-02T01:47:34.100+0000] {processor.py:839} INFO - DAG(s) dict_keys(['example_task_group']) retrieved from /home/airflow/.local/lib/python3.8/site-packages/airflow/example_dags/example_task_group.py
[2024-10-02T01:47:34.140+0000] {logging_mixin.py:151} INFO - [2024-10-02T01:47:34.140+0000] {dag.py:2915} INFO - Sync 1 DAGs
[2024-10-02T01:47:34.171+0000] {logging_mixin.py:151} INFO - [2024-10-02T01:47:34.171+0000] {dag.py:3696} INFO - Setting next_dagrun for example_task_group to 2024-10-01T01:47:34.169959+00:00, run_after=2024-10-02T01:47:34.169959+00:00
[2024-10-02T01:47:34.207+0000] {processor.py:179} INFO - Processing /home/airflow/.local/lib/python3.8/site-packages/airflow/example_dags/example_task_group.py took 0.136 seconds
[2024-10-02T01:48:31.380+0000] {processor.py:157} INFO - Started process (PID=56) to work on /home/airflow/.local/lib/python3.8/site-packages/airflow/example_dags/example_task_group.py
[2024-10-02T01:48:31.385+0000] {processor.py:829} INFO - Processing file /home/airflow/.local/lib/python3.8/site-packages/airflow/example_dags/example_task_group.py for tasks to queue
[2024-10-02T01:48:31.394+0000] {logging_mixin.py:151} INFO - [2024-10-02T01:48:31.393+0000] {dagbag.py:539} INFO - Filling up the DagBag from /home/airflow/.local/lib/python3.8/site-packages/airflow/example_dags/example_task_group.py
[2024-10-02T01:48:31.436+0000] {processor.py:839} INFO - DAG(s) dict_keys(['example_task_group']) retrieved from /home/airflow/.local/lib/python3.8/site-packages/airflow/example_dags/example_task_group.py
[2024-10-02T01:48:31.476+0000] {logging_mixin.py:151} INFO - [2024-10-02T01:48:31.475+0000] {dag.py:2915} INFO - Sync 1 DAGs
[2024-10-02T01:48:31.548+0000] {logging_mixin.py:151} INFO - [2024-10-02T01:48:31.548+0000] {dag.py:3696} INFO - Setting next_dagrun for example_task_group to 2024-10-01T01:48:31.544469+00:00, run_after=2024-10-02T01:48:31.544469+00:00
[2024-10-02T01:48:31.631+0000] {processor.py:179} INFO - Processing /home/airflow/.local/lib/python3.8/site-packages/airflow/example_dags/example_task_group.py took 0.255 seconds
[2024-10-02T01:49:01.805+0000] {processor.py:157} INFO - Started process (PID=104) to work on /home/airflow/.local/lib/python3.8/site-packages/airflow/example_dags/example_task_group.py
[2024-10-02T01:49:01.808+0000] {processor.py:829} INFO - Processing file /home/airflow/.local/lib/python3.8/site-packages/airflow/example_dags/example_task_group.py for tasks to queue
[2024-10-02T01:49:01.814+0000] {logging_mixin.py:151} INFO - [2024-10-02T01:49:01.814+0000] {dagbag.py:539} INFO - Filling up the DagBag from /home/airflow/.local/lib/python3.8/site-packages/airflow/example_dags/example_task_group.py
[2024-10-02T01:49:01.830+0000] {processor.py:839} INFO - DAG(s) dict_keys(['example_task_group']) retrieved from /home/airflow/.local/lib/python3.8/site-packages/airflow/example_dags/example_task_group.py
[2024-10-02T01:49:01.861+0000] {logging_mixin.py:151} INFO - [2024-10-02T01:49:01.860+0000] {dag.py:2915} INFO - Sync 1 DAGs
[2024-10-02T01:49:01.890+0000] {logging_mixin.py:151} INFO - [2024-10-02T01:49:01.890+0000] {dag.py:3696} INFO - Setting next_dagrun for example_task_group to 2024-10-01T01:49:01.889583+00:00, run_after=2024-10-02T01:49:01.889583+00:00
[2024-10-02T01:49:01.917+0000] {processor.py:179} INFO - Processing /home/airflow/.local/lib/python3.8/site-packages/airflow/example_dags/example_task_group.py took 0.117 seconds
[2024-10-02T01:49:32.484+0000] {processor.py:157} INFO - Started process (PID=152) to work on /home/airflow/.local/lib/python3.8/site-packages/airflow/example_dags/example_task_group.py
[2024-10-02T01:49:32.489+0000] {processor.py:829} INFO - Processing file /home/airflow/.local/lib/python3.8/site-packages/airflow/example_dags/example_task_group.py for tasks to queue
[2024-10-02T01:49:32.493+0000] {logging_mixin.py:151} INFO - [2024-10-02T01:49:32.493+0000] {dagbag.py:539} INFO - Filling up the DagBag from /home/airflow/.local/lib/python3.8/site-packages/airflow/example_dags/example_task_group.py
[2024-10-02T01:49:32.507+0000] {processor.py:839} INFO - DAG(s) dict_keys(['example_task_group']) retrieved from /home/airflow/.local/lib/python3.8/site-packages/airflow/example_dags/example_task_group.py
[2024-10-02T01:49:32.542+0000] {logging_mixin.py:151} INFO - [2024-10-02T01:49:32.542+0000] {dag.py:2915} INFO - Sync 1 DAGs
[2024-10-02T01:49:32.569+0000] {logging_mixin.py:151} INFO - [2024-10-02T01:49:32.569+0000] {dag.py:3696} INFO - Setting next_dagrun for example_task_group to 2024-10-01T01:49:32.568403+00:00, run_after=2024-10-02T01:49:32.568403+00:00
[2024-10-02T01:49:32.590+0000] {processor.py:179} INFO - Processing /home/airflow/.local/lib/python3.8/site-packages/airflow/example_dags/example_task_group.py took 0.111 seconds
[2024-10-02T01:50:03.386+0000] {processor.py:157} INFO - Started process (PID=200) to work on /home/airflow/.local/lib/python3.8/site-packages/airflow/example_dags/example_task_group.py
[2024-10-02T01:50:03.389+0000] {processor.py:829} INFO - Processing file /home/airflow/.local/lib/python3.8/site-packages/airflow/example_dags/example_task_group.py for tasks to queue
[2024-10-02T01:50:03.397+0000] {logging_mixin.py:151} INFO - [2024-10-02T01:50:03.396+0000] {dagbag.py:539} INFO - Filling up the DagBag from /home/airflow/.local/lib/python3.8/site-packages/airflow/example_dags/example_task_group.py
[2024-10-02T01:50:03.417+0000] {processor.py:839} INFO - DAG(s) dict_keys(['example_task_group']) retrieved from /home/airflow/.local/lib/python3.8/site-packages/airflow/example_dags/example_task_group.py
[2024-10-02T01:50:03.482+0000] {logging_mixin.py:151} INFO - [2024-10-02T01:50:03.482+0000] {dag.py:2915} INFO - Sync 1 DAGs
[2024-10-02T01:50:03.525+0000] {logging_mixin.py:151} INFO - [2024-10-02T01:50:03.524+0000] {dag.py:3696} INFO - Setting next_dagrun for example_task_group to 2024-10-01T01:50:03.523002+00:00, run_after=2024-10-02T01:50:03.523002+00:00
[2024-10-02T01:50:03.556+0000] {processor.py:179} INFO - Processing /home/airflow/.local/lib/python3.8/site-packages/airflow/example_dags/example_task_group.py took 0.173 seconds
[2024-10-02T01:50:34.230+0000] {processor.py:157} INFO - Started process (PID=248) to work on /home/airflow/.local/lib/python3.8/site-packages/airflow/example_dags/example_task_group.py
[2024-10-02T01:50:34.234+0000] {processor.py:829} INFO - Processing file /home/airflow/.local/lib/python3.8/site-packages/airflow/example_dags/example_task_group.py for tasks to queue
[2024-10-02T01:50:34.238+0000] {logging_mixin.py:151} INFO - [2024-10-02T01:50:34.237+0000] {dagbag.py:539} INFO - Filling up the DagBag from /home/airflow/.local/lib/python3.8/site-packages/airflow/example_dags/example_task_group.py
[2024-10-02T01:50:34.254+0000] {processor.py:839} INFO - DAG(s) dict_keys(['example_task_group']) retrieved from /home/airflow/.local/lib/python3.8/site-packages/airflow/example_dags/example_task_group.py
[2024-10-02T01:50:34.290+0000] {logging_mixin.py:151} INFO - [2024-10-02T01:50:34.289+0000] {dag.py:2915} INFO - Sync 1 DAGs
[2024-10-02T01:50:34.321+0000] {logging_mixin.py:151} INFO - [2024-10-02T01:50:34.321+0000] {dag.py:3696} INFO - Setting next_dagrun for example_task_group to 2024-10-01T01:50:34.320544+00:00, run_after=2024-10-02T01:50:34.320544+00:00
[2024-10-02T01:50:34.349+0000] {processor.py:179} INFO - Processing /home/airflow/.local/lib/python3.8/site-packages/airflow/example_dags/example_task_group.py took 0.123 seconds
[2024-10-02T01:51:04.758+0000] {processor.py:157} INFO - Started process (PID=296) to work on /home/airflow/.local/lib/python3.8/site-packages/airflow/example_dags/example_task_group.py
[2024-10-02T01:51:04.762+0000] {processor.py:829} INFO - Processing file /home/airflow/.local/lib/python3.8/site-packages/airflow/example_dags/example_task_group.py for tasks to queue
[2024-10-02T01:51:04.770+0000] {logging_mixin.py:151} INFO - [2024-10-02T01:51:04.770+0000] {dagbag.py:539} INFO - Filling up the DagBag from /home/airflow/.local/lib/python3.8/site-packages/airflow/example_dags/example_task_group.py
[2024-10-02T01:51:04.788+0000] {processor.py:839} INFO - DAG(s) dict_keys(['example_task_group']) retrieved from /home/airflow/.local/lib/python3.8/site-packages/airflow/example_dags/example_task_group.py
[2024-10-02T01:51:04.847+0000] {logging_mixin.py:151} INFO - [2024-10-02T01:51:04.846+0000] {dag.py:2915} INFO - Sync 1 DAGs
[2024-10-02T01:51:04.880+0000] {logging_mixin.py:151} INFO - [2024-10-02T01:51:04.880+0000] {dag.py:3696} INFO - Setting next_dagrun for example_task_group to 2024-10-01T01:51:04.878825+00:00, run_after=2024-10-02T01:51:04.878825+00:00
[2024-10-02T01:51:04.906+0000] {processor.py:179} INFO - Processing /home/airflow/.local/lib/python3.8/site-packages/airflow/example_dags/example_task_group.py took 0.152 seconds
[2024-10-02T01:51:35.856+0000] {processor.py:157} INFO - Started process (PID=344) to work on /home/airflow/.local/lib/python3.8/site-packages/airflow/example_dags/example_task_group.py
[2024-10-02T01:51:35.858+0000] {processor.py:829} INFO - Processing file /home/airflow/.local/lib/python3.8/site-packages/airflow/example_dags/example_task_group.py for tasks to queue
[2024-10-02T01:51:35.863+0000] {logging_mixin.py:151} INFO - [2024-10-02T01:51:35.863+0000] {dagbag.py:539} INFO - Filling up the DagBag from /home/airflow/.local/lib/python3.8/site-packages/airflow/example_dags/example_task_group.py
[2024-10-02T01:51:35.879+0000] {processor.py:839} INFO - DAG(s) dict_keys(['example_task_group']) retrieved from /home/airflow/.local/lib/python3.8/site-packages/airflow/example_dags/example_task_group.py
[2024-10-02T01:51:35.927+0000] {logging_mixin.py:151} INFO - [2024-10-02T01:51:35.927+0000] {dag.py:2915} INFO - Sync 1 DAGs
[2024-10-02T01:51:35.974+0000] {logging_mixin.py:151} INFO - [2024-10-02T01:51:35.974+0000] {dag.py:3696} INFO - Setting next_dagrun for example_task_group to 2024-10-01T01:51:35.972829+00:00, run_after=2024-10-02T01:51:35.972829+00:00
[2024-10-02T01:51:36.032+0000] {processor.py:179} INFO - Processing /home/airflow/.local/lib/python3.8/site-packages/airflow/example_dags/example_task_group.py took 0.182 seconds
[2024-10-02T01:52:06.965+0000] {processor.py:157} INFO - Started process (PID=392) to work on /home/airflow/.local/lib/python3.8/site-packages/airflow/example_dags/example_task_group.py
[2024-10-02T01:52:06.968+0000] {processor.py:829} INFO - Processing file /home/airflow/.local/lib/python3.8/site-packages/airflow/example_dags/example_task_group.py for tasks to queue
[2024-10-02T01:52:06.972+0000] {logging_mixin.py:151} INFO - [2024-10-02T01:52:06.972+0000] {dagbag.py:539} INFO - Filling up the DagBag from /home/airflow/.local/lib/python3.8/site-packages/airflow/example_dags/example_task_group.py
[2024-10-02T01:52:06.989+0000] {processor.py:839} INFO - DAG(s) dict_keys(['example_task_group']) retrieved from /home/airflow/.local/lib/python3.8/site-packages/airflow/example_dags/example_task_group.py
[2024-10-02T01:52:07.024+0000] {logging_mixin.py:151} INFO - [2024-10-02T01:52:07.023+0000] {dag.py:2915} INFO - Sync 1 DAGs
[2024-10-02T01:52:07.053+0000] {logging_mixin.py:151} INFO - [2024-10-02T01:52:07.052+0000] {dag.py:3696} INFO - Setting next_dagrun for example_task_group to 2024-10-01T01:52:07.051331+00:00, run_after=2024-10-02T01:52:07.051331+00:00
[2024-10-02T01:52:07.076+0000] {processor.py:179} INFO - Processing /home/airflow/.local/lib/python3.8/site-packages/airflow/example_dags/example_task_group.py took 0.115 seconds
[2024-10-02T01:52:37.173+0000] {processor.py:157} INFO - Started process (PID=439) to work on /home/airflow/.local/lib/python3.8/site-packages/airflow/example_dags/example_task_group.py
[2024-10-02T01:52:37.176+0000] {processor.py:829} INFO - Processing file /home/airflow/.local/lib/python3.8/site-packages/airflow/example_dags/example_task_group.py for tasks to queue
[2024-10-02T01:52:37.180+0000] {logging_mixin.py:151} INFO - [2024-10-02T01:52:37.179+0000] {dagbag.py:539} INFO - Filling up the DagBag from /home/airflow/.local/lib/python3.8/site-packages/airflow/example_dags/example_task_group.py
[2024-10-02T01:52:37.195+0000] {processor.py:839} INFO - DAG(s) dict_keys(['example_task_group']) retrieved from /home/airflow/.local/lib/python3.8/site-packages/airflow/example_dags/example_task_group.py
[2024-10-02T01:52:37.225+0000] {logging_mixin.py:151} INFO - [2024-10-02T01:52:37.225+0000] {dag.py:2915} INFO - Sync 1 DAGs
[2024-10-02T01:52:37.254+0000] {logging_mixin.py:151} INFO - [2024-10-02T01:52:37.253+0000] {dag.py:3696} INFO - Setting next_dagrun for example_task_group to 2024-10-01T01:52:37.252487+00:00, run_after=2024-10-02T01:52:37.252487+00:00
[2024-10-02T01:52:37.282+0000] {processor.py:179} INFO - Processing /home/airflow/.local/lib/python3.8/site-packages/airflow/example_dags/example_task_group.py took 0.113 seconds
[2024-10-02T01:53:07.832+0000] {processor.py:157} INFO - Started process (PID=487) to work on /home/airflow/.local/lib/python3.8/site-packages/airflow/example_dags/example_task_group.py
[2024-10-02T01:53:07.846+0000] {processor.py:829} INFO - Processing file /home/airflow/.local/lib/python3.8/site-packages/airflow/example_dags/example_task_group.py for tasks to queue
[2024-10-02T01:53:07.853+0000] {logging_mixin.py:151} INFO - [2024-10-02T01:53:07.852+0000] {dagbag.py:539} INFO - Filling up the DagBag from /home/airflow/.local/lib/python3.8/site-packages/airflow/example_dags/example_task_group.py
[2024-10-02T01:53:07.874+0000] {processor.py:839} INFO - DAG(s) dict_keys(['example_task_group']) retrieved from /home/airflow/.local/lib/python3.8/site-packages/airflow/example_dags/example_task_group.py
[2024-10-02T01:53:08.001+0000] {logging_mixin.py:151} INFO - [2024-10-02T01:53:07.993+0000] {dag.py:2915} INFO - Sync 1 DAGs
[2024-10-02T01:53:08.045+0000] {logging_mixin.py:151} INFO - [2024-10-02T01:53:08.045+0000] {dag.py:3696} INFO - Setting next_dagrun for example_task_group to 2024-10-01T01:53:08.044330+00:00, run_after=2024-10-02T01:53:08.044330+00:00
[2024-10-02T01:53:08.073+0000] {processor.py:179} INFO - Processing /home/airflow/.local/lib/python3.8/site-packages/airflow/example_dags/example_task_group.py took 0.247 seconds
[2024-10-02T01:53:38.221+0000] {processor.py:157} INFO - Started process (PID=535) to work on /home/airflow/.local/lib/python3.8/site-packages/airflow/example_dags/example_task_group.py
[2024-10-02T01:53:38.223+0000] {processor.py:829} INFO - Processing file /home/airflow/.local/lib/python3.8/site-packages/airflow/example_dags/example_task_group.py for tasks to queue
[2024-10-02T01:53:38.227+0000] {logging_mixin.py:151} INFO - [2024-10-02T01:53:38.226+0000] {dagbag.py:539} INFO - Filling up the DagBag from /home/airflow/.local/lib/python3.8/site-packages/airflow/example_dags/example_task_group.py
[2024-10-02T01:53:38.241+0000] {processor.py:839} INFO - DAG(s) dict_keys(['example_task_group']) retrieved from /home/airflow/.local/lib/python3.8/site-packages/airflow/example_dags/example_task_group.py
[2024-10-02T01:53:38.279+0000] {logging_mixin.py:151} INFO - [2024-10-02T01:53:38.279+0000] {dag.py:2915} INFO - Sync 1 DAGs
[2024-10-02T01:53:38.308+0000] {logging_mixin.py:151} INFO - [2024-10-02T01:53:38.308+0000] {dag.py:3696} INFO - Setting next_dagrun for example_task_group to 2024-10-01T01:53:38.306740+00:00, run_after=2024-10-02T01:53:38.306740+00:00
[2024-10-02T01:53:38.330+0000] {processor.py:179} INFO - Processing /home/airflow/.local/lib/python3.8/site-packages/airflow/example_dags/example_task_group.py took 0.114 seconds
[2024-10-02T01:54:10.066+0000] {processor.py:157} INFO - Started process (PID=583) to work on /home/airflow/.local/lib/python3.8/site-packages/airflow/example_dags/example_task_group.py
[2024-10-02T01:54:10.109+0000] {processor.py:829} INFO - Processing file /home/airflow/.local/lib/python3.8/site-packages/airflow/example_dags/example_task_group.py for tasks to queue
[2024-10-02T01:54:10.156+0000] {logging_mixin.py:151} INFO - [2024-10-02T01:54:10.154+0000] {dagbag.py:539} INFO - Filling up the DagBag from /home/airflow/.local/lib/python3.8/site-packages/airflow/example_dags/example_task_group.py
[2024-10-02T01:54:10.213+0000] {processor.py:839} INFO - DAG(s) dict_keys(['example_task_group']) retrieved from /home/airflow/.local/lib/python3.8/site-packages/airflow/example_dags/example_task_group.py
[2024-10-02T01:54:10.327+0000] {logging_mixin.py:151} INFO - [2024-10-02T01:54:10.326+0000] {dag.py:2915} INFO - Sync 1 DAGs
[2024-10-02T01:54:10.370+0000] {logging_mixin.py:151} INFO - [2024-10-02T01:54:10.370+0000] {dag.py:3696} INFO - Setting next_dagrun for example_task_group to 2024-10-01T01:54:10.367780+00:00, run_after=2024-10-02T01:54:10.367780+00:00
[2024-10-02T01:54:10.420+0000] {processor.py:179} INFO - Processing /home/airflow/.local/lib/python3.8/site-packages/airflow/example_dags/example_task_group.py took 0.366 seconds
[2024-10-02T01:57:19.982+0000] {processor.py:157} INFO - Started process (PID=617) to work on /home/airflow/.local/lib/python3.8/site-packages/airflow/example_dags/example_task_group.py
[2024-10-02T01:57:19.985+0000] {processor.py:829} INFO - Processing file /home/airflow/.local/lib/python3.8/site-packages/airflow/example_dags/example_task_group.py for tasks to queue
[2024-10-02T01:57:19.989+0000] {logging_mixin.py:151} INFO - [2024-10-02T01:57:19.989+0000] {dagbag.py:539} INFO - Filling up the DagBag from /home/airflow/.local/lib/python3.8/site-packages/airflow/example_dags/example_task_group.py
[2024-10-02T01:57:20.003+0000] {processor.py:839} INFO - DAG(s) dict_keys(['example_task_group']) retrieved from /home/airflow/.local/lib/python3.8/site-packages/airflow/example_dags/example_task_group.py
[2024-10-02T01:57:20.034+0000] {logging_mixin.py:151} INFO - [2024-10-02T01:57:20.034+0000] {dag.py:2915} INFO - Sync 1 DAGs
[2024-10-02T01:57:20.063+0000] {logging_mixin.py:151} INFO - [2024-10-02T01:57:20.063+0000] {dag.py:3696} INFO - Setting next_dagrun for example_task_group to 2024-10-01T01:57:20.062095+00:00, run_after=2024-10-02T01:57:20.062095+00:00
[2024-10-02T01:57:20.090+0000] {processor.py:179} INFO - Processing /home/airflow/.local/lib/python3.8/site-packages/airflow/example_dags/example_task_group.py took 0.112 seconds
[2024-10-02T01:57:50.788+0000] {processor.py:157} INFO - Started process (PID=665) to work on /home/airflow/.local/lib/python3.8/site-packages/airflow/example_dags/example_task_group.py
[2024-10-02T01:57:50.793+0000] {processor.py:829} INFO - Processing file /home/airflow/.local/lib/python3.8/site-packages/airflow/example_dags/example_task_group.py for tasks to queue
[2024-10-02T01:57:50.802+0000] {logging_mixin.py:151} INFO - [2024-10-02T01:57:50.802+0000] {dagbag.py:539} INFO - Filling up the DagBag from /home/airflow/.local/lib/python3.8/site-packages/airflow/example_dags/example_task_group.py
[2024-10-02T01:57:50.826+0000] {processor.py:839} INFO - DAG(s) dict_keys(['example_task_group']) retrieved from /home/airflow/.local/lib/python3.8/site-packages/airflow/example_dags/example_task_group.py
[2024-10-02T01:57:50.869+0000] {logging_mixin.py:151} INFO - [2024-10-02T01:57:50.869+0000] {dag.py:2915} INFO - Sync 1 DAGs
[2024-10-02T01:57:50.905+0000] {logging_mixin.py:151} INFO - [2024-10-02T01:57:50.905+0000] {dag.py:3696} INFO - Setting next_dagrun for example_task_group to 2024-10-01T01:57:50.903872+00:00, run_after=2024-10-02T01:57:50.903872+00:00
[2024-10-02T01:57:50.940+0000] {processor.py:179} INFO - Processing /home/airflow/.local/lib/python3.8/site-packages/airflow/example_dags/example_task_group.py took 0.157 seconds
[2024-10-02T01:58:21.140+0000] {processor.py:157} INFO - Started process (PID=713) to work on /home/airflow/.local/lib/python3.8/site-packages/airflow/example_dags/example_task_group.py
[2024-10-02T01:58:21.144+0000] {processor.py:829} INFO - Processing file /home/airflow/.local/lib/python3.8/site-packages/airflow/example_dags/example_task_group.py for tasks to queue
[2024-10-02T01:58:21.150+0000] {logging_mixin.py:151} INFO - [2024-10-02T01:58:21.149+0000] {dagbag.py:539} INFO - Filling up the DagBag from /home/airflow/.local/lib/python3.8/site-packages/airflow/example_dags/example_task_group.py
[2024-10-02T01:58:21.166+0000] {processor.py:839} INFO - DAG(s) dict_keys(['example_task_group']) retrieved from /home/airflow/.local/lib/python3.8/site-packages/airflow/example_dags/example_task_group.py
[2024-10-02T01:58:21.204+0000] {logging_mixin.py:151} INFO - [2024-10-02T01:58:21.203+0000] {dag.py:2915} INFO - Sync 1 DAGs
[2024-10-02T01:58:21.236+0000] {logging_mixin.py:151} INFO - [2024-10-02T01:58:21.235+0000] {dag.py:3696} INFO - Setting next_dagrun for example_task_group to 2024-10-01T01:58:21.234294+00:00, run_after=2024-10-02T01:58:21.234294+00:00
[2024-10-02T01:58:21.263+0000] {processor.py:179} INFO - Processing /home/airflow/.local/lib/python3.8/site-packages/airflow/example_dags/example_task_group.py took 0.126 seconds
[2024-10-02T01:58:52.335+0000] {processor.py:157} INFO - Started process (PID=761) to work on /home/airflow/.local/lib/python3.8/site-packages/airflow/example_dags/example_task_group.py
[2024-10-02T01:58:52.340+0000] {processor.py:829} INFO - Processing file /home/airflow/.local/lib/python3.8/site-packages/airflow/example_dags/example_task_group.py for tasks to queue
[2024-10-02T01:58:52.347+0000] {logging_mixin.py:151} INFO - [2024-10-02T01:58:52.347+0000] {dagbag.py:539} INFO - Filling up the DagBag from /home/airflow/.local/lib/python3.8/site-packages/airflow/example_dags/example_task_group.py
[2024-10-02T01:58:52.367+0000] {processor.py:839} INFO - DAG(s) dict_keys(['example_task_group']) retrieved from /home/airflow/.local/lib/python3.8/site-packages/airflow/example_dags/example_task_group.py
[2024-10-02T01:58:52.413+0000] {logging_mixin.py:151} INFO - [2024-10-02T01:58:52.413+0000] {dag.py:2915} INFO - Sync 1 DAGs
[2024-10-02T01:58:52.444+0000] {logging_mixin.py:151} INFO - [2024-10-02T01:58:52.443+0000] {dag.py:3696} INFO - Setting next_dagrun for example_task_group to 2024-10-01T01:58:52.442480+00:00, run_after=2024-10-02T01:58:52.442480+00:00
[2024-10-02T01:58:52.474+0000] {processor.py:179} INFO - Processing /home/airflow/.local/lib/python3.8/site-packages/airflow/example_dags/example_task_group.py took 0.148 seconds
[2024-10-02T01:59:24.102+0000] {processor.py:157} INFO - Started process (PID=809) to work on /home/airflow/.local/lib/python3.8/site-packages/airflow/example_dags/example_task_group.py
[2024-10-02T01:59:24.108+0000] {processor.py:829} INFO - Processing file /home/airflow/.local/lib/python3.8/site-packages/airflow/example_dags/example_task_group.py for tasks to queue
[2024-10-02T01:59:24.114+0000] {logging_mixin.py:151} INFO - [2024-10-02T01:59:24.114+0000] {dagbag.py:539} INFO - Filling up the DagBag from /home/airflow/.local/lib/python3.8/site-packages/airflow/example_dags/example_task_group.py
[2024-10-02T01:59:24.132+0000] {processor.py:839} INFO - DAG(s) dict_keys(['example_task_group']) retrieved from /home/airflow/.local/lib/python3.8/site-packages/airflow/example_dags/example_task_group.py
[2024-10-02T01:59:24.183+0000] {logging_mixin.py:151} INFO - [2024-10-02T01:59:24.183+0000] {dag.py:2915} INFO - Sync 1 DAGs
[2024-10-02T01:59:24.224+0000] {logging_mixin.py:151} INFO - [2024-10-02T01:59:24.223+0000] {dag.py:3696} INFO - Setting next_dagrun for example_task_group to 2024-10-01T01:59:24.222789+00:00, run_after=2024-10-02T01:59:24.222789+00:00
[2024-10-02T01:59:24.270+0000] {processor.py:179} INFO - Processing /home/airflow/.local/lib/python3.8/site-packages/airflow/example_dags/example_task_group.py took 0.172 seconds
[2024-10-02T01:59:54.458+0000] {processor.py:157} INFO - Started process (PID=857) to work on /home/airflow/.local/lib/python3.8/site-packages/airflow/example_dags/example_task_group.py
[2024-10-02T01:59:54.462+0000] {processor.py:829} INFO - Processing file /home/airflow/.local/lib/python3.8/site-packages/airflow/example_dags/example_task_group.py for tasks to queue
[2024-10-02T01:59:54.467+0000] {logging_mixin.py:151} INFO - [2024-10-02T01:59:54.466+0000] {dagbag.py:539} INFO - Filling up the DagBag from /home/airflow/.local/lib/python3.8/site-packages/airflow/example_dags/example_task_group.py
[2024-10-02T01:59:54.485+0000] {processor.py:839} INFO - DAG(s) dict_keys(['example_task_group']) retrieved from /home/airflow/.local/lib/python3.8/site-packages/airflow/example_dags/example_task_group.py
[2024-10-02T01:59:54.751+0000] {logging_mixin.py:151} INFO - [2024-10-02T01:59:54.750+0000] {dag.py:2915} INFO - Sync 1 DAGs
[2024-10-02T01:59:54.777+0000] {logging_mixin.py:151} INFO - [2024-10-02T01:59:54.776+0000] {dag.py:3696} INFO - Setting next_dagrun for example_task_group to 2024-10-01T01:59:54.775721+00:00, run_after=2024-10-02T01:59:54.775721+00:00
[2024-10-02T01:59:54.856+0000] {processor.py:179} INFO - Processing /home/airflow/.local/lib/python3.8/site-packages/airflow/example_dags/example_task_group.py took 0.403 seconds
[2024-10-02T02:00:25.937+0000] {processor.py:157} INFO - Started process (PID=905) to work on /home/airflow/.local/lib/python3.8/site-packages/airflow/example_dags/example_task_group.py
[2024-10-02T02:00:25.941+0000] {processor.py:829} INFO - Processing file /home/airflow/.local/lib/python3.8/site-packages/airflow/example_dags/example_task_group.py for tasks to queue
[2024-10-02T02:00:25.948+0000] {logging_mixin.py:151} INFO - [2024-10-02T02:00:25.947+0000] {dagbag.py:539} INFO - Filling up the DagBag from /home/airflow/.local/lib/python3.8/site-packages/airflow/example_dags/example_task_group.py
[2024-10-02T02:00:25.963+0000] {processor.py:839} INFO - DAG(s) dict_keys(['example_task_group']) retrieved from /home/airflow/.local/lib/python3.8/site-packages/airflow/example_dags/example_task_group.py
[2024-10-02T02:00:26.003+0000] {logging_mixin.py:151} INFO - [2024-10-02T02:00:26.003+0000] {dag.py:2915} INFO - Sync 1 DAGs
[2024-10-02T02:00:26.035+0000] {logging_mixin.py:151} INFO - [2024-10-02T02:00:26.034+0000] {dag.py:3696} INFO - Setting next_dagrun for example_task_group to 2024-10-01T02:00:26.033350+00:00, run_after=2024-10-02T02:00:26.033350+00:00
[2024-10-02T02:00:26.063+0000] {processor.py:179} INFO - Processing /home/airflow/.local/lib/python3.8/site-packages/airflow/example_dags/example_task_group.py took 0.131 seconds
[2024-10-02T02:00:56.313+0000] {processor.py:157} INFO - Started process (PID=953) to work on /home/airflow/.local/lib/python3.8/site-packages/airflow/example_dags/example_task_group.py
[2024-10-02T02:00:56.318+0000] {processor.py:829} INFO - Processing file /home/airflow/.local/lib/python3.8/site-packages/airflow/example_dags/example_task_group.py for tasks to queue
[2024-10-02T02:00:56.323+0000] {logging_mixin.py:151} INFO - [2024-10-02T02:00:56.322+0000] {dagbag.py:539} INFO - Filling up the DagBag from /home/airflow/.local/lib/python3.8/site-packages/airflow/example_dags/example_task_group.py
[2024-10-02T02:00:56.339+0000] {processor.py:839} INFO - DAG(s) dict_keys(['example_task_group']) retrieved from /home/airflow/.local/lib/python3.8/site-packages/airflow/example_dags/example_task_group.py
[2024-10-02T02:00:56.376+0000] {logging_mixin.py:151} INFO - [2024-10-02T02:00:56.375+0000] {dag.py:2915} INFO - Sync 1 DAGs
[2024-10-02T02:00:56.409+0000] {logging_mixin.py:151} INFO - [2024-10-02T02:00:56.408+0000] {dag.py:3696} INFO - Setting next_dagrun for example_task_group to 2024-10-01T02:00:56.407677+00:00, run_after=2024-10-02T02:00:56.407677+00:00
[2024-10-02T02:00:56.441+0000] {processor.py:179} INFO - Processing /home/airflow/.local/lib/python3.8/site-packages/airflow/example_dags/example_task_group.py took 0.132 seconds
[2024-10-02T02:03:24.337+0000] {processor.py:157} INFO - Started process (PID=56) to work on /home/airflow/.local/lib/python3.8/site-packages/airflow/example_dags/example_task_group.py
[2024-10-02T02:03:24.341+0000] {processor.py:829} INFO - Processing file /home/airflow/.local/lib/python3.8/site-packages/airflow/example_dags/example_task_group.py for tasks to queue
[2024-10-02T02:03:24.350+0000] {logging_mixin.py:151} INFO - [2024-10-02T02:03:24.347+0000] {dagbag.py:539} INFO - Filling up the DagBag from /home/airflow/.local/lib/python3.8/site-packages/airflow/example_dags/example_task_group.py
[2024-10-02T02:03:24.366+0000] {processor.py:839} INFO - DAG(s) dict_keys(['example_task_group']) retrieved from /home/airflow/.local/lib/python3.8/site-packages/airflow/example_dags/example_task_group.py
[2024-10-02T02:03:24.532+0000] {logging_mixin.py:151} INFO - [2024-10-02T02:03:24.531+0000] {manager.py:499} INFO - Created Permission View: %s
[2024-10-02T02:03:24.559+0000] {logging_mixin.py:151} INFO - [2024-10-02T02:03:24.558+0000] {manager.py:499} INFO - Created Permission View: %s
[2024-10-02T02:03:24.573+0000] {logging_mixin.py:151} INFO - [2024-10-02T02:03:24.573+0000] {manager.py:499} INFO - Created Permission View: %s
[2024-10-02T02:03:24.577+0000] {logging_mixin.py:151} INFO - [2024-10-02T02:03:24.577+0000] {security.py:708} INFO - Not syncing DAG-level permissions for DAG 'DAG:example_task_group' as access control is unset.
[2024-10-02T02:03:24.584+0000] {logging_mixin.py:151} INFO - [2024-10-02T02:03:24.583+0000] {dag.py:2915} INFO - Sync 1 DAGs
[2024-10-02T02:03:24.605+0000] {logging_mixin.py:151} INFO - [2024-10-02T02:03:24.605+0000] {dag.py:2937} INFO - Creating ORM DAG for example_task_group
[2024-10-02T02:03:24.628+0000] {logging_mixin.py:151} INFO - [2024-10-02T02:03:24.628+0000] {dag.py:3696} INFO - Setting next_dagrun for example_task_group to 2024-10-01T02:03:24.626650+00:00, run_after=2024-10-02T02:03:24.626650+00:00
[2024-10-02T02:03:24.701+0000] {processor.py:179} INFO - Processing /home/airflow/.local/lib/python3.8/site-packages/airflow/example_dags/example_task_group.py took 0.367 seconds
[2024-10-02T02:06:21.831+0000] {processor.py:157} INFO - Started process (PID=56) to work on /home/airflow/.local/lib/python3.8/site-packages/airflow/example_dags/example_task_group.py
[2024-10-02T02:06:21.836+0000] {processor.py:829} INFO - Processing file /home/airflow/.local/lib/python3.8/site-packages/airflow/example_dags/example_task_group.py for tasks to queue
[2024-10-02T02:06:21.843+0000] {logging_mixin.py:151} INFO - [2024-10-02T02:06:21.842+0000] {dagbag.py:539} INFO - Filling up the DagBag from /home/airflow/.local/lib/python3.8/site-packages/airflow/example_dags/example_task_group.py
[2024-10-02T02:06:21.863+0000] {processor.py:839} INFO - DAG(s) dict_keys(['example_task_group']) retrieved from /home/airflow/.local/lib/python3.8/site-packages/airflow/example_dags/example_task_group.py
[2024-10-02T02:06:22.086+0000] {logging_mixin.py:151} INFO - [2024-10-02T02:06:22.086+0000] {manager.py:499} INFO - Created Permission View: %s
[2024-10-02T02:06:22.118+0000] {logging_mixin.py:151} INFO - [2024-10-02T02:06:22.117+0000] {manager.py:499} INFO - Created Permission View: %s
[2024-10-02T02:06:22.141+0000] {logging_mixin.py:151} INFO - [2024-10-02T02:06:22.140+0000] {manager.py:499} INFO - Created Permission View: %s
[2024-10-02T02:06:22.148+0000] {logging_mixin.py:151} INFO - [2024-10-02T02:06:22.148+0000] {security.py:708} INFO - Not syncing DAG-level permissions for DAG 'DAG:example_task_group' as access control is unset.
[2024-10-02T02:06:22.154+0000] {logging_mixin.py:151} INFO - [2024-10-02T02:06:22.154+0000] {dag.py:2915} INFO - Sync 1 DAGs
[2024-10-02T02:06:22.181+0000] {logging_mixin.py:151} INFO - [2024-10-02T02:06:22.180+0000] {dag.py:2937} INFO - Creating ORM DAG for example_task_group
[2024-10-02T02:06:22.204+0000] {logging_mixin.py:151} INFO - [2024-10-02T02:06:22.204+0000] {dag.py:3696} INFO - Setting next_dagrun for example_task_group to 2024-10-01T02:06:22.203407+00:00, run_after=2024-10-02T02:06:22.203407+00:00
[2024-10-02T02:06:22.285+0000] {processor.py:179} INFO - Processing /home/airflow/.local/lib/python3.8/site-packages/airflow/example_dags/example_task_group.py took 0.461 seconds
[2024-10-02T02:06:52.332+0000] {processor.py:157} INFO - Started process (PID=104) to work on /home/airflow/.local/lib/python3.8/site-packages/airflow/example_dags/example_task_group.py
[2024-10-02T02:06:52.335+0000] {processor.py:829} INFO - Processing file /home/airflow/.local/lib/python3.8/site-packages/airflow/example_dags/example_task_group.py for tasks to queue
[2024-10-02T02:06:52.338+0000] {logging_mixin.py:151} INFO - [2024-10-02T02:06:52.337+0000] {dagbag.py:539} INFO - Filling up the DagBag from /home/airflow/.local/lib/python3.8/site-packages/airflow/example_dags/example_task_group.py
[2024-10-02T02:06:52.351+0000] {processor.py:839} INFO - DAG(s) dict_keys(['example_task_group']) retrieved from /home/airflow/.local/lib/python3.8/site-packages/airflow/example_dags/example_task_group.py
[2024-10-02T02:06:52.389+0000] {logging_mixin.py:151} INFO - [2024-10-02T02:06:52.389+0000] {dag.py:2915} INFO - Sync 1 DAGs
[2024-10-02T02:06:52.427+0000] {logging_mixin.py:151} INFO - [2024-10-02T02:06:52.427+0000] {dag.py:3696} INFO - Setting next_dagrun for example_task_group to 2024-10-01T02:06:52.425262+00:00, run_after=2024-10-02T02:06:52.425262+00:00
[2024-10-02T02:06:52.449+0000] {processor.py:179} INFO - Processing /home/airflow/.local/lib/python3.8/site-packages/airflow/example_dags/example_task_group.py took 0.120 seconds
[2024-10-02T02:07:23.104+0000] {processor.py:157} INFO - Started process (PID=152) to work on /home/airflow/.local/lib/python3.8/site-packages/airflow/example_dags/example_task_group.py
[2024-10-02T02:07:23.110+0000] {processor.py:829} INFO - Processing file /home/airflow/.local/lib/python3.8/site-packages/airflow/example_dags/example_task_group.py for tasks to queue
[2024-10-02T02:07:23.119+0000] {logging_mixin.py:151} INFO - [2024-10-02T02:07:23.119+0000] {dagbag.py:539} INFO - Filling up the DagBag from /home/airflow/.local/lib/python3.8/site-packages/airflow/example_dags/example_task_group.py
[2024-10-02T02:07:23.136+0000] {processor.py:839} INFO - DAG(s) dict_keys(['example_task_group']) retrieved from /home/airflow/.local/lib/python3.8/site-packages/airflow/example_dags/example_task_group.py
[2024-10-02T02:07:23.192+0000] {logging_mixin.py:151} INFO - [2024-10-02T02:07:23.192+0000] {dag.py:2915} INFO - Sync 1 DAGs
[2024-10-02T02:07:23.228+0000] {logging_mixin.py:151} INFO - [2024-10-02T02:07:23.228+0000] {dag.py:3696} INFO - Setting next_dagrun for example_task_group to 2024-10-01T02:07:23.226986+00:00, run_after=2024-10-02T02:07:23.226986+00:00
[2024-10-02T02:07:23.264+0000] {processor.py:179} INFO - Processing /home/airflow/.local/lib/python3.8/site-packages/airflow/example_dags/example_task_group.py took 0.168 seconds
[2024-10-02T02:07:53.797+0000] {processor.py:157} INFO - Started process (PID=200) to work on /home/airflow/.local/lib/python3.8/site-packages/airflow/example_dags/example_task_group.py
[2024-10-02T02:07:53.799+0000] {processor.py:829} INFO - Processing file /home/airflow/.local/lib/python3.8/site-packages/airflow/example_dags/example_task_group.py for tasks to queue
[2024-10-02T02:07:53.803+0000] {logging_mixin.py:151} INFO - [2024-10-02T02:07:53.802+0000] {dagbag.py:539} INFO - Filling up the DagBag from /home/airflow/.local/lib/python3.8/site-packages/airflow/example_dags/example_task_group.py
[2024-10-02T02:07:53.816+0000] {processor.py:839} INFO - DAG(s) dict_keys(['example_task_group']) retrieved from /home/airflow/.local/lib/python3.8/site-packages/airflow/example_dags/example_task_group.py
[2024-10-02T02:07:53.847+0000] {logging_mixin.py:151} INFO - [2024-10-02T02:07:53.846+0000] {dag.py:2915} INFO - Sync 1 DAGs
[2024-10-02T02:07:53.874+0000] {logging_mixin.py:151} INFO - [2024-10-02T02:07:53.874+0000] {dag.py:3696} INFO - Setting next_dagrun for example_task_group to 2024-10-01T02:07:53.872692+00:00, run_after=2024-10-02T02:07:53.872692+00:00
[2024-10-02T02:07:53.895+0000] {processor.py:179} INFO - Processing /home/airflow/.local/lib/python3.8/site-packages/airflow/example_dags/example_task_group.py took 0.103 seconds
[2024-10-02T02:08:24.434+0000] {processor.py:157} INFO - Started process (PID=248) to work on /home/airflow/.local/lib/python3.8/site-packages/airflow/example_dags/example_task_group.py
[2024-10-02T02:08:24.437+0000] {processor.py:829} INFO - Processing file /home/airflow/.local/lib/python3.8/site-packages/airflow/example_dags/example_task_group.py for tasks to queue
[2024-10-02T02:08:24.447+0000] {logging_mixin.py:151} INFO - [2024-10-02T02:08:24.446+0000] {dagbag.py:539} INFO - Filling up the DagBag from /home/airflow/.local/lib/python3.8/site-packages/airflow/example_dags/example_task_group.py
[2024-10-02T02:08:24.504+0000] {processor.py:839} INFO - DAG(s) dict_keys(['example_task_group']) retrieved from /home/airflow/.local/lib/python3.8/site-packages/airflow/example_dags/example_task_group.py
[2024-10-02T02:08:24.634+0000] {logging_mixin.py:151} INFO - [2024-10-02T02:08:24.633+0000] {dag.py:2915} INFO - Sync 1 DAGs
[2024-10-02T02:08:24.730+0000] {logging_mixin.py:151} INFO - [2024-10-02T02:08:24.729+0000] {dag.py:3696} INFO - Setting next_dagrun for example_task_group to 2024-10-01T02:08:24.727078+00:00, run_after=2024-10-02T02:08:24.727078+00:00
[2024-10-02T02:08:24.775+0000] {processor.py:179} INFO - Processing /home/airflow/.local/lib/python3.8/site-packages/airflow/example_dags/example_task_group.py took 0.345 seconds
[2024-10-02T02:08:55.149+0000] {processor.py:157} INFO - Started process (PID=296) to work on /home/airflow/.local/lib/python3.8/site-packages/airflow/example_dags/example_task_group.py
[2024-10-02T02:08:55.151+0000] {processor.py:829} INFO - Processing file /home/airflow/.local/lib/python3.8/site-packages/airflow/example_dags/example_task_group.py for tasks to queue
[2024-10-02T02:08:55.155+0000] {logging_mixin.py:151} INFO - [2024-10-02T02:08:55.154+0000] {dagbag.py:539} INFO - Filling up the DagBag from /home/airflow/.local/lib/python3.8/site-packages/airflow/example_dags/example_task_group.py
[2024-10-02T02:08:55.168+0000] {processor.py:839} INFO - DAG(s) dict_keys(['example_task_group']) retrieved from /home/airflow/.local/lib/python3.8/site-packages/airflow/example_dags/example_task_group.py
[2024-10-02T02:08:55.199+0000] {logging_mixin.py:151} INFO - [2024-10-02T02:08:55.198+0000] {dag.py:2915} INFO - Sync 1 DAGs
[2024-10-02T02:08:55.234+0000] {logging_mixin.py:151} INFO - [2024-10-02T02:08:55.234+0000] {dag.py:3696} INFO - Setting next_dagrun for example_task_group to 2024-10-01T02:08:55.233152+00:00, run_after=2024-10-02T02:08:55.233152+00:00
[2024-10-02T02:08:55.263+0000] {processor.py:179} INFO - Processing /home/airflow/.local/lib/python3.8/site-packages/airflow/example_dags/example_task_group.py took 0.118 seconds
[2024-10-02T02:09:26.884+0000] {processor.py:157} INFO - Started process (PID=344) to work on /home/airflow/.local/lib/python3.8/site-packages/airflow/example_dags/example_task_group.py
[2024-10-02T02:09:26.889+0000] {processor.py:829} INFO - Processing file /home/airflow/.local/lib/python3.8/site-packages/airflow/example_dags/example_task_group.py for tasks to queue
[2024-10-02T02:09:26.899+0000] {logging_mixin.py:151} INFO - [2024-10-02T02:09:26.897+0000] {dagbag.py:539} INFO - Filling up the DagBag from /home/airflow/.local/lib/python3.8/site-packages/airflow/example_dags/example_task_group.py
[2024-10-02T02:09:26.933+0000] {processor.py:839} INFO - DAG(s) dict_keys(['example_task_group']) retrieved from /home/airflow/.local/lib/python3.8/site-packages/airflow/example_dags/example_task_group.py
[2024-10-02T02:09:26.979+0000] {logging_mixin.py:151} INFO - [2024-10-02T02:09:26.978+0000] {dag.py:2915} INFO - Sync 1 DAGs
[2024-10-02T02:09:27.013+0000] {logging_mixin.py:151} INFO - [2024-10-02T02:09:27.012+0000] {dag.py:3696} INFO - Setting next_dagrun for example_task_group to 2024-10-01T02:09:27.011207+00:00, run_after=2024-10-02T02:09:27.011207+00:00
[2024-10-02T02:09:27.058+0000] {processor.py:179} INFO - Processing /home/airflow/.local/lib/python3.8/site-packages/airflow/example_dags/example_task_group.py took 0.188 seconds
[2024-10-02T02:09:57.325+0000] {processor.py:157} INFO - Started process (PID=392) to work on /home/airflow/.local/lib/python3.8/site-packages/airflow/example_dags/example_task_group.py
[2024-10-02T02:09:57.339+0000] {processor.py:829} INFO - Processing file /home/airflow/.local/lib/python3.8/site-packages/airflow/example_dags/example_task_group.py for tasks to queue
[2024-10-02T02:09:57.348+0000] {logging_mixin.py:151} INFO - [2024-10-02T02:09:57.347+0000] {dagbag.py:539} INFO - Filling up the DagBag from /home/airflow/.local/lib/python3.8/site-packages/airflow/example_dags/example_task_group.py
[2024-10-02T02:09:57.375+0000] {processor.py:839} INFO - DAG(s) dict_keys(['example_task_group']) retrieved from /home/airflow/.local/lib/python3.8/site-packages/airflow/example_dags/example_task_group.py
[2024-10-02T02:09:57.430+0000] {logging_mixin.py:151} INFO - [2024-10-02T02:09:57.430+0000] {dag.py:2915} INFO - Sync 1 DAGs
[2024-10-02T02:09:57.464+0000] {logging_mixin.py:151} INFO - [2024-10-02T02:09:57.463+0000] {dag.py:3696} INFO - Setting next_dagrun for example_task_group to 2024-10-01T02:09:57.462634+00:00, run_after=2024-10-02T02:09:57.462634+00:00
[2024-10-02T02:09:57.496+0000] {processor.py:179} INFO - Processing /home/airflow/.local/lib/python3.8/site-packages/airflow/example_dags/example_task_group.py took 0.181 seconds
[2024-10-02T02:10:27.587+0000] {processor.py:157} INFO - Started process (PID=439) to work on /home/airflow/.local/lib/python3.8/site-packages/airflow/example_dags/example_task_group.py
[2024-10-02T02:10:27.589+0000] {processor.py:829} INFO - Processing file /home/airflow/.local/lib/python3.8/site-packages/airflow/example_dags/example_task_group.py for tasks to queue
[2024-10-02T02:10:27.592+0000] {logging_mixin.py:151} INFO - [2024-10-02T02:10:27.592+0000] {dagbag.py:539} INFO - Filling up the DagBag from /home/airflow/.local/lib/python3.8/site-packages/airflow/example_dags/example_task_group.py
[2024-10-02T02:10:27.606+0000] {processor.py:839} INFO - DAG(s) dict_keys(['example_task_group']) retrieved from /home/airflow/.local/lib/python3.8/site-packages/airflow/example_dags/example_task_group.py
[2024-10-02T02:10:27.638+0000] {logging_mixin.py:151} INFO - [2024-10-02T02:10:27.637+0000] {dag.py:2915} INFO - Sync 1 DAGs
[2024-10-02T02:10:27.665+0000] {logging_mixin.py:151} INFO - [2024-10-02T02:10:27.665+0000] {dag.py:3696} INFO - Setting next_dagrun for example_task_group to 2024-10-01T02:10:27.664146+00:00, run_after=2024-10-02T02:10:27.664146+00:00
[2024-10-02T02:10:27.687+0000] {processor.py:179} INFO - Processing /home/airflow/.local/lib/python3.8/site-packages/airflow/example_dags/example_task_group.py took 0.104 seconds
