[2024-10-02T01:32:17.370+0000] {processor.py:157} INFO - Started process (PID=66) to work on /home/airflow/.local/lib/python3.8/site-packages/airflow/example_dags/example_short_circuit_decorator.py
[2024-10-02T01:32:17.372+0000] {processor.py:829} INFO - Processing file /home/airflow/.local/lib/python3.8/site-packages/airflow/example_dags/example_short_circuit_decorator.py for tasks to queue
[2024-10-02T01:32:17.377+0000] {logging_mixin.py:151} INFO - [2024-10-02T01:32:17.377+0000] {dagbag.py:539} INFO - Filling up the DagBag from /home/airflow/.local/lib/python3.8/site-packages/airflow/example_dags/example_short_circuit_decorator.py
[2024-10-02T01:32:17.394+0000] {processor.py:839} INFO - DAG(s) dict_keys(['example_short_circuit_decorator']) retrieved from /home/airflow/.local/lib/python3.8/site-packages/airflow/example_dags/example_short_circuit_decorator.py
[2024-10-02T01:32:17.545+0000] {logging_mixin.py:151} INFO - [2024-10-02T01:32:17.545+0000] {manager.py:499} INFO - Created Permission View: %s
[2024-10-02T01:32:17.565+0000] {logging_mixin.py:151} INFO - [2024-10-02T01:32:17.565+0000] {manager.py:499} INFO - Created Permission View: %s
[2024-10-02T01:32:17.576+0000] {logging_mixin.py:151} INFO - [2024-10-02T01:32:17.576+0000] {manager.py:499} INFO - Created Permission View: %s
[2024-10-02T01:32:17.578+0000] {logging_mixin.py:151} INFO - [2024-10-02T01:32:17.577+0000] {security.py:708} INFO - Not syncing DAG-level permissions for DAG 'DAG:example_short_circuit_decorator' as access control is unset.
[2024-10-02T01:32:17.579+0000] {logging_mixin.py:151} INFO - [2024-10-02T01:32:17.579+0000] {dag.py:2915} INFO - Sync 1 DAGs
[2024-10-02T01:32:17.595+0000] {logging_mixin.py:151} INFO - [2024-10-02T01:32:17.594+0000] {dag.py:2937} INFO - Creating ORM DAG for example_short_circuit_decorator
[2024-10-02T01:32:17.610+0000] {logging_mixin.py:151} INFO - [2024-10-02T01:32:17.609+0000] {dag.py:3696} INFO - Setting next_dagrun for example_short_circuit_decorator to 2024-10-01T01:32:17.608364+00:00, run_after=2024-10-02T01:32:17.608364+00:00
[2024-10-02T01:32:17.635+0000] {processor.py:179} INFO - Processing /home/airflow/.local/lib/python3.8/site-packages/airflow/example_dags/example_short_circuit_decorator.py took 0.267 seconds
[2024-10-02T01:32:47.713+0000] {processor.py:157} INFO - Started process (PID=114) to work on /home/airflow/.local/lib/python3.8/site-packages/airflow/example_dags/example_short_circuit_decorator.py
[2024-10-02T01:32:47.717+0000] {processor.py:829} INFO - Processing file /home/airflow/.local/lib/python3.8/site-packages/airflow/example_dags/example_short_circuit_decorator.py for tasks to queue
[2024-10-02T01:32:47.721+0000] {logging_mixin.py:151} INFO - [2024-10-02T01:32:47.720+0000] {dagbag.py:539} INFO - Filling up the DagBag from /home/airflow/.local/lib/python3.8/site-packages/airflow/example_dags/example_short_circuit_decorator.py
[2024-10-02T01:32:47.745+0000] {processor.py:839} INFO - DAG(s) dict_keys(['example_short_circuit_decorator']) retrieved from /home/airflow/.local/lib/python3.8/site-packages/airflow/example_dags/example_short_circuit_decorator.py
[2024-10-02T01:32:47.791+0000] {logging_mixin.py:151} INFO - [2024-10-02T01:32:47.791+0000] {dag.py:2915} INFO - Sync 1 DAGs
[2024-10-02T01:32:47.822+0000] {logging_mixin.py:151} INFO - [2024-10-02T01:32:47.821+0000] {dag.py:3696} INFO - Setting next_dagrun for example_short_circuit_decorator to 2024-10-01T01:32:47.820896+00:00, run_after=2024-10-02T01:32:47.820896+00:00
[2024-10-02T01:32:47.852+0000] {processor.py:179} INFO - Processing /home/airflow/.local/lib/python3.8/site-packages/airflow/example_dags/example_short_circuit_decorator.py took 0.145 seconds
[2024-10-02T01:33:18.371+0000] {processor.py:157} INFO - Started process (PID=162) to work on /home/airflow/.local/lib/python3.8/site-packages/airflow/example_dags/example_short_circuit_decorator.py
[2024-10-02T01:33:18.373+0000] {processor.py:829} INFO - Processing file /home/airflow/.local/lib/python3.8/site-packages/airflow/example_dags/example_short_circuit_decorator.py for tasks to queue
[2024-10-02T01:33:18.377+0000] {logging_mixin.py:151} INFO - [2024-10-02T01:33:18.377+0000] {dagbag.py:539} INFO - Filling up the DagBag from /home/airflow/.local/lib/python3.8/site-packages/airflow/example_dags/example_short_circuit_decorator.py
[2024-10-02T01:33:18.392+0000] {processor.py:839} INFO - DAG(s) dict_keys(['example_short_circuit_decorator']) retrieved from /home/airflow/.local/lib/python3.8/site-packages/airflow/example_dags/example_short_circuit_decorator.py
[2024-10-02T01:33:18.421+0000] {logging_mixin.py:151} INFO - [2024-10-02T01:33:18.421+0000] {dag.py:2915} INFO - Sync 1 DAGs
[2024-10-02T01:33:18.448+0000] {logging_mixin.py:151} INFO - [2024-10-02T01:33:18.448+0000] {dag.py:3696} INFO - Setting next_dagrun for example_short_circuit_decorator to 2024-10-01T01:33:18.447483+00:00, run_after=2024-10-02T01:33:18.447483+00:00
[2024-10-02T01:33:18.475+0000] {processor.py:179} INFO - Processing /home/airflow/.local/lib/python3.8/site-packages/airflow/example_dags/example_short_circuit_decorator.py took 0.108 seconds
[2024-10-02T01:33:49.022+0000] {processor.py:157} INFO - Started process (PID=210) to work on /home/airflow/.local/lib/python3.8/site-packages/airflow/example_dags/example_short_circuit_decorator.py
[2024-10-02T01:33:49.026+0000] {processor.py:829} INFO - Processing file /home/airflow/.local/lib/python3.8/site-packages/airflow/example_dags/example_short_circuit_decorator.py for tasks to queue
[2024-10-02T01:33:49.031+0000] {logging_mixin.py:151} INFO - [2024-10-02T01:33:49.030+0000] {dagbag.py:539} INFO - Filling up the DagBag from /home/airflow/.local/lib/python3.8/site-packages/airflow/example_dags/example_short_circuit_decorator.py
[2024-10-02T01:33:49.049+0000] {processor.py:839} INFO - DAG(s) dict_keys(['example_short_circuit_decorator']) retrieved from /home/airflow/.local/lib/python3.8/site-packages/airflow/example_dags/example_short_circuit_decorator.py
[2024-10-02T01:33:49.088+0000] {logging_mixin.py:151} INFO - [2024-10-02T01:33:49.087+0000] {dag.py:2915} INFO - Sync 1 DAGs
[2024-10-02T01:33:49.130+0000] {logging_mixin.py:151} INFO - [2024-10-02T01:33:49.130+0000] {dag.py:3696} INFO - Setting next_dagrun for example_short_circuit_decorator to 2024-10-01T01:33:49.129139+00:00, run_after=2024-10-02T01:33:49.129139+00:00
[2024-10-02T01:33:49.162+0000] {processor.py:179} INFO - Processing /home/airflow/.local/lib/python3.8/site-packages/airflow/example_dags/example_short_circuit_decorator.py took 0.145 seconds
[2024-10-02T01:34:19.864+0000] {processor.py:157} INFO - Started process (PID=258) to work on /home/airflow/.local/lib/python3.8/site-packages/airflow/example_dags/example_short_circuit_decorator.py
[2024-10-02T01:34:19.866+0000] {processor.py:829} INFO - Processing file /home/airflow/.local/lib/python3.8/site-packages/airflow/example_dags/example_short_circuit_decorator.py for tasks to queue
[2024-10-02T01:34:19.873+0000] {logging_mixin.py:151} INFO - [2024-10-02T01:34:19.873+0000] {dagbag.py:539} INFO - Filling up the DagBag from /home/airflow/.local/lib/python3.8/site-packages/airflow/example_dags/example_short_circuit_decorator.py
[2024-10-02T01:34:19.889+0000] {processor.py:839} INFO - DAG(s) dict_keys(['example_short_circuit_decorator']) retrieved from /home/airflow/.local/lib/python3.8/site-packages/airflow/example_dags/example_short_circuit_decorator.py
[2024-10-02T01:34:19.923+0000] {logging_mixin.py:151} INFO - [2024-10-02T01:34:19.923+0000] {dag.py:2915} INFO - Sync 1 DAGs
[2024-10-02T01:34:19.961+0000] {logging_mixin.py:151} INFO - [2024-10-02T01:34:19.960+0000] {dag.py:3696} INFO - Setting next_dagrun for example_short_circuit_decorator to 2024-10-01T01:34:19.958931+00:00, run_after=2024-10-02T01:34:19.958931+00:00
[2024-10-02T01:34:19.989+0000] {processor.py:179} INFO - Processing /home/airflow/.local/lib/python3.8/site-packages/airflow/example_dags/example_short_circuit_decorator.py took 0.129 seconds
[2024-10-02T01:34:50.401+0000] {processor.py:157} INFO - Started process (PID=306) to work on /home/airflow/.local/lib/python3.8/site-packages/airflow/example_dags/example_short_circuit_decorator.py
[2024-10-02T01:34:50.413+0000] {processor.py:829} INFO - Processing file /home/airflow/.local/lib/python3.8/site-packages/airflow/example_dags/example_short_circuit_decorator.py for tasks to queue
[2024-10-02T01:34:50.418+0000] {logging_mixin.py:151} INFO - [2024-10-02T01:34:50.417+0000] {dagbag.py:539} INFO - Filling up the DagBag from /home/airflow/.local/lib/python3.8/site-packages/airflow/example_dags/example_short_circuit_decorator.py
[2024-10-02T01:34:50.441+0000] {processor.py:839} INFO - DAG(s) dict_keys(['example_short_circuit_decorator']) retrieved from /home/airflow/.local/lib/python3.8/site-packages/airflow/example_dags/example_short_circuit_decorator.py
[2024-10-02T01:34:50.491+0000] {logging_mixin.py:151} INFO - [2024-10-02T01:34:50.491+0000] {dag.py:2915} INFO - Sync 1 DAGs
[2024-10-02T01:34:50.545+0000] {logging_mixin.py:151} INFO - [2024-10-02T01:34:50.544+0000] {dag.py:3696} INFO - Setting next_dagrun for example_short_circuit_decorator to 2024-10-01T01:34:50.543548+00:00, run_after=2024-10-02T01:34:50.543548+00:00
[2024-10-02T01:34:50.609+0000] {processor.py:179} INFO - Processing /home/airflow/.local/lib/python3.8/site-packages/airflow/example_dags/example_short_circuit_decorator.py took 0.213 seconds
[2024-10-02T01:35:20.792+0000] {processor.py:157} INFO - Started process (PID=354) to work on /home/airflow/.local/lib/python3.8/site-packages/airflow/example_dags/example_short_circuit_decorator.py
[2024-10-02T01:35:20.796+0000] {processor.py:829} INFO - Processing file /home/airflow/.local/lib/python3.8/site-packages/airflow/example_dags/example_short_circuit_decorator.py for tasks to queue
[2024-10-02T01:35:20.800+0000] {logging_mixin.py:151} INFO - [2024-10-02T01:35:20.799+0000] {dagbag.py:539} INFO - Filling up the DagBag from /home/airflow/.local/lib/python3.8/site-packages/airflow/example_dags/example_short_circuit_decorator.py
[2024-10-02T01:35:20.817+0000] {processor.py:839} INFO - DAG(s) dict_keys(['example_short_circuit_decorator']) retrieved from /home/airflow/.local/lib/python3.8/site-packages/airflow/example_dags/example_short_circuit_decorator.py
[2024-10-02T01:35:20.859+0000] {logging_mixin.py:151} INFO - [2024-10-02T01:35:20.859+0000] {dag.py:2915} INFO - Sync 1 DAGs
[2024-10-02T01:35:20.892+0000] {logging_mixin.py:151} INFO - [2024-10-02T01:35:20.892+0000] {dag.py:3696} INFO - Setting next_dagrun for example_short_circuit_decorator to 2024-10-01T01:35:20.890538+00:00, run_after=2024-10-02T01:35:20.890538+00:00
[2024-10-02T01:35:20.912+0000] {processor.py:179} INFO - Processing /home/airflow/.local/lib/python3.8/site-packages/airflow/example_dags/example_short_circuit_decorator.py took 0.126 seconds
[2024-10-02T01:35:51.982+0000] {processor.py:157} INFO - Started process (PID=402) to work on /home/airflow/.local/lib/python3.8/site-packages/airflow/example_dags/example_short_circuit_decorator.py
[2024-10-02T01:35:51.990+0000] {processor.py:829} INFO - Processing file /home/airflow/.local/lib/python3.8/site-packages/airflow/example_dags/example_short_circuit_decorator.py for tasks to queue
[2024-10-02T01:35:52.000+0000] {logging_mixin.py:151} INFO - [2024-10-02T01:35:51.999+0000] {dagbag.py:539} INFO - Filling up the DagBag from /home/airflow/.local/lib/python3.8/site-packages/airflow/example_dags/example_short_circuit_decorator.py
[2024-10-02T01:35:52.018+0000] {processor.py:839} INFO - DAG(s) dict_keys(['example_short_circuit_decorator']) retrieved from /home/airflow/.local/lib/python3.8/site-packages/airflow/example_dags/example_short_circuit_decorator.py
[2024-10-02T01:35:52.067+0000] {logging_mixin.py:151} INFO - [2024-10-02T01:35:52.066+0000] {dag.py:2915} INFO - Sync 1 DAGs
[2024-10-02T01:35:52.105+0000] {logging_mixin.py:151} INFO - [2024-10-02T01:35:52.105+0000] {dag.py:3696} INFO - Setting next_dagrun for example_short_circuit_decorator to 2024-10-01T01:35:52.104038+00:00, run_after=2024-10-02T01:35:52.104038+00:00
[2024-10-02T01:35:52.139+0000] {processor.py:179} INFO - Processing /home/airflow/.local/lib/python3.8/site-packages/airflow/example_dags/example_short_circuit_decorator.py took 0.160 seconds
[2024-10-02T01:36:22.715+0000] {processor.py:157} INFO - Started process (PID=450) to work on /home/airflow/.local/lib/python3.8/site-packages/airflow/example_dags/example_short_circuit_decorator.py
[2024-10-02T01:36:22.719+0000] {processor.py:829} INFO - Processing file /home/airflow/.local/lib/python3.8/site-packages/airflow/example_dags/example_short_circuit_decorator.py for tasks to queue
[2024-10-02T01:36:22.725+0000] {logging_mixin.py:151} INFO - [2024-10-02T01:36:22.724+0000] {dagbag.py:539} INFO - Filling up the DagBag from /home/airflow/.local/lib/python3.8/site-packages/airflow/example_dags/example_short_circuit_decorator.py
[2024-10-02T01:36:22.740+0000] {processor.py:839} INFO - DAG(s) dict_keys(['example_short_circuit_decorator']) retrieved from /home/airflow/.local/lib/python3.8/site-packages/airflow/example_dags/example_short_circuit_decorator.py
[2024-10-02T01:36:22.779+0000] {logging_mixin.py:151} INFO - [2024-10-02T01:36:22.779+0000] {dag.py:2915} INFO - Sync 1 DAGs
[2024-10-02T01:36:22.812+0000] {logging_mixin.py:151} INFO - [2024-10-02T01:36:22.811+0000] {dag.py:3696} INFO - Setting next_dagrun for example_short_circuit_decorator to 2024-10-01T01:36:22.810309+00:00, run_after=2024-10-02T01:36:22.810309+00:00
[2024-10-02T01:36:22.854+0000] {processor.py:179} INFO - Processing /home/airflow/.local/lib/python3.8/site-packages/airflow/example_dags/example_short_circuit_decorator.py took 0.145 seconds
[2024-10-02T01:36:53.780+0000] {processor.py:157} INFO - Started process (PID=498) to work on /home/airflow/.local/lib/python3.8/site-packages/airflow/example_dags/example_short_circuit_decorator.py
[2024-10-02T01:36:53.784+0000] {processor.py:829} INFO - Processing file /home/airflow/.local/lib/python3.8/site-packages/airflow/example_dags/example_short_circuit_decorator.py for tasks to queue
[2024-10-02T01:36:53.792+0000] {logging_mixin.py:151} INFO - [2024-10-02T01:36:53.791+0000] {dagbag.py:539} INFO - Filling up the DagBag from /home/airflow/.local/lib/python3.8/site-packages/airflow/example_dags/example_short_circuit_decorator.py
[2024-10-02T01:36:53.814+0000] {processor.py:839} INFO - DAG(s) dict_keys(['example_short_circuit_decorator']) retrieved from /home/airflow/.local/lib/python3.8/site-packages/airflow/example_dags/example_short_circuit_decorator.py
[2024-10-02T01:36:53.866+0000] {logging_mixin.py:151} INFO - [2024-10-02T01:36:53.865+0000] {dag.py:2915} INFO - Sync 1 DAGs
[2024-10-02T01:36:53.915+0000] {logging_mixin.py:151} INFO - [2024-10-02T01:36:53.915+0000] {dag.py:3696} INFO - Setting next_dagrun for example_short_circuit_decorator to 2024-10-01T01:36:53.909556+00:00, run_after=2024-10-02T01:36:53.909556+00:00
[2024-10-02T01:36:53.948+0000] {processor.py:179} INFO - Processing /home/airflow/.local/lib/python3.8/site-packages/airflow/example_dags/example_short_circuit_decorator.py took 0.173 seconds
[2024-10-02T01:37:24.883+0000] {processor.py:157} INFO - Started process (PID=546) to work on /home/airflow/.local/lib/python3.8/site-packages/airflow/example_dags/example_short_circuit_decorator.py
[2024-10-02T01:37:24.887+0000] {processor.py:829} INFO - Processing file /home/airflow/.local/lib/python3.8/site-packages/airflow/example_dags/example_short_circuit_decorator.py for tasks to queue
[2024-10-02T01:37:24.894+0000] {logging_mixin.py:151} INFO - [2024-10-02T01:37:24.893+0000] {dagbag.py:539} INFO - Filling up the DagBag from /home/airflow/.local/lib/python3.8/site-packages/airflow/example_dags/example_short_circuit_decorator.py
[2024-10-02T01:37:24.914+0000] {processor.py:839} INFO - DAG(s) dict_keys(['example_short_circuit_decorator']) retrieved from /home/airflow/.local/lib/python3.8/site-packages/airflow/example_dags/example_short_circuit_decorator.py
[2024-10-02T01:37:24.957+0000] {logging_mixin.py:151} INFO - [2024-10-02T01:37:24.957+0000] {dag.py:2915} INFO - Sync 1 DAGs
[2024-10-02T01:37:24.993+0000] {logging_mixin.py:151} INFO - [2024-10-02T01:37:24.992+0000] {dag.py:3696} INFO - Setting next_dagrun for example_short_circuit_decorator to 2024-10-01T01:37:24.990986+00:00, run_after=2024-10-02T01:37:24.990986+00:00
[2024-10-02T01:37:25.024+0000] {processor.py:179} INFO - Processing /home/airflow/.local/lib/python3.8/site-packages/airflow/example_dags/example_short_circuit_decorator.py took 0.145 seconds
[2024-10-02T01:37:55.650+0000] {processor.py:157} INFO - Started process (PID=594) to work on /home/airflow/.local/lib/python3.8/site-packages/airflow/example_dags/example_short_circuit_decorator.py
[2024-10-02T01:37:55.655+0000] {processor.py:829} INFO - Processing file /home/airflow/.local/lib/python3.8/site-packages/airflow/example_dags/example_short_circuit_decorator.py for tasks to queue
[2024-10-02T01:37:55.660+0000] {logging_mixin.py:151} INFO - [2024-10-02T01:37:55.659+0000] {dagbag.py:539} INFO - Filling up the DagBag from /home/airflow/.local/lib/python3.8/site-packages/airflow/example_dags/example_short_circuit_decorator.py
[2024-10-02T01:37:55.676+0000] {processor.py:839} INFO - DAG(s) dict_keys(['example_short_circuit_decorator']) retrieved from /home/airflow/.local/lib/python3.8/site-packages/airflow/example_dags/example_short_circuit_decorator.py
[2024-10-02T01:37:55.721+0000] {logging_mixin.py:151} INFO - [2024-10-02T01:37:55.721+0000] {dag.py:2915} INFO - Sync 1 DAGs
[2024-10-02T01:37:55.751+0000] {logging_mixin.py:151} INFO - [2024-10-02T01:37:55.751+0000] {dag.py:3696} INFO - Setting next_dagrun for example_short_circuit_decorator to 2024-10-01T01:37:55.750356+00:00, run_after=2024-10-02T01:37:55.750356+00:00
[2024-10-02T01:37:55.781+0000] {processor.py:179} INFO - Processing /home/airflow/.local/lib/python3.8/site-packages/airflow/example_dags/example_short_circuit_decorator.py took 0.134 seconds
[2024-10-02T01:38:26.281+0000] {processor.py:157} INFO - Started process (PID=642) to work on /home/airflow/.local/lib/python3.8/site-packages/airflow/example_dags/example_short_circuit_decorator.py
[2024-10-02T01:38:26.284+0000] {processor.py:829} INFO - Processing file /home/airflow/.local/lib/python3.8/site-packages/airflow/example_dags/example_short_circuit_decorator.py for tasks to queue
[2024-10-02T01:38:26.290+0000] {logging_mixin.py:151} INFO - [2024-10-02T01:38:26.290+0000] {dagbag.py:539} INFO - Filling up the DagBag from /home/airflow/.local/lib/python3.8/site-packages/airflow/example_dags/example_short_circuit_decorator.py
[2024-10-02T01:38:26.308+0000] {processor.py:839} INFO - DAG(s) dict_keys(['example_short_circuit_decorator']) retrieved from /home/airflow/.local/lib/python3.8/site-packages/airflow/example_dags/example_short_circuit_decorator.py
[2024-10-02T01:38:26.346+0000] {logging_mixin.py:151} INFO - [2024-10-02T01:38:26.346+0000] {dag.py:2915} INFO - Sync 1 DAGs
[2024-10-02T01:38:26.377+0000] {logging_mixin.py:151} INFO - [2024-10-02T01:38:26.377+0000] {dag.py:3696} INFO - Setting next_dagrun for example_short_circuit_decorator to 2024-10-01T01:38:26.376225+00:00, run_after=2024-10-02T01:38:26.376225+00:00
[2024-10-02T01:38:26.411+0000] {processor.py:179} INFO - Processing /home/airflow/.local/lib/python3.8/site-packages/airflow/example_dags/example_short_circuit_decorator.py took 0.134 seconds
[2024-10-02T01:38:57.285+0000] {processor.py:157} INFO - Started process (PID=690) to work on /home/airflow/.local/lib/python3.8/site-packages/airflow/example_dags/example_short_circuit_decorator.py
[2024-10-02T01:38:57.289+0000] {processor.py:829} INFO - Processing file /home/airflow/.local/lib/python3.8/site-packages/airflow/example_dags/example_short_circuit_decorator.py for tasks to queue
[2024-10-02T01:38:57.304+0000] {logging_mixin.py:151} INFO - [2024-10-02T01:38:57.304+0000] {dagbag.py:539} INFO - Filling up the DagBag from /home/airflow/.local/lib/python3.8/site-packages/airflow/example_dags/example_short_circuit_decorator.py
[2024-10-02T01:38:57.334+0000] {processor.py:839} INFO - DAG(s) dict_keys(['example_short_circuit_decorator']) retrieved from /home/airflow/.local/lib/python3.8/site-packages/airflow/example_dags/example_short_circuit_decorator.py
[2024-10-02T01:38:57.378+0000] {logging_mixin.py:151} INFO - [2024-10-02T01:38:57.377+0000] {dag.py:2915} INFO - Sync 1 DAGs
[2024-10-02T01:38:57.413+0000] {logging_mixin.py:151} INFO - [2024-10-02T01:38:57.412+0000] {dag.py:3696} INFO - Setting next_dagrun for example_short_circuit_decorator to 2024-10-01T01:38:57.411738+00:00, run_after=2024-10-02T01:38:57.411738+00:00
[2024-10-02T01:38:57.443+0000] {processor.py:179} INFO - Processing /home/airflow/.local/lib/python3.8/site-packages/airflow/example_dags/example_short_circuit_decorator.py took 0.164 seconds
[2024-10-02T01:39:28.001+0000] {processor.py:157} INFO - Started process (PID=738) to work on /home/airflow/.local/lib/python3.8/site-packages/airflow/example_dags/example_short_circuit_decorator.py
[2024-10-02T01:39:28.013+0000] {processor.py:829} INFO - Processing file /home/airflow/.local/lib/python3.8/site-packages/airflow/example_dags/example_short_circuit_decorator.py for tasks to queue
[2024-10-02T01:39:28.026+0000] {logging_mixin.py:151} INFO - [2024-10-02T01:39:28.026+0000] {dagbag.py:539} INFO - Filling up the DagBag from /home/airflow/.local/lib/python3.8/site-packages/airflow/example_dags/example_short_circuit_decorator.py
[2024-10-02T01:39:28.065+0000] {processor.py:839} INFO - DAG(s) dict_keys(['example_short_circuit_decorator']) retrieved from /home/airflow/.local/lib/python3.8/site-packages/airflow/example_dags/example_short_circuit_decorator.py
[2024-10-02T01:39:28.131+0000] {logging_mixin.py:151} INFO - [2024-10-02T01:39:28.131+0000] {dag.py:2915} INFO - Sync 1 DAGs
[2024-10-02T01:39:28.192+0000] {logging_mixin.py:151} INFO - [2024-10-02T01:39:28.192+0000] {dag.py:3696} INFO - Setting next_dagrun for example_short_circuit_decorator to 2024-10-01T01:39:28.191198+00:00, run_after=2024-10-02T01:39:28.191198+00:00
[2024-10-02T01:39:28.326+0000] {processor.py:179} INFO - Processing /home/airflow/.local/lib/python3.8/site-packages/airflow/example_dags/example_short_circuit_decorator.py took 0.338 seconds
[2024-10-02T01:45:38.558+0000] {processor.py:157} INFO - Started process (PID=66) to work on /home/airflow/.local/lib/python3.8/site-packages/airflow/example_dags/example_short_circuit_decorator.py
[2024-10-02T01:45:38.579+0000] {processor.py:829} INFO - Processing file /home/airflow/.local/lib/python3.8/site-packages/airflow/example_dags/example_short_circuit_decorator.py for tasks to queue
[2024-10-02T01:45:38.596+0000] {logging_mixin.py:151} INFO - [2024-10-02T01:45:38.595+0000] {dagbag.py:539} INFO - Filling up the DagBag from /home/airflow/.local/lib/python3.8/site-packages/airflow/example_dags/example_short_circuit_decorator.py
[2024-10-02T01:45:38.621+0000] {processor.py:839} INFO - DAG(s) dict_keys(['example_short_circuit_decorator']) retrieved from /home/airflow/.local/lib/python3.8/site-packages/airflow/example_dags/example_short_circuit_decorator.py
[2024-10-02T01:45:38.819+0000] {logging_mixin.py:151} INFO - [2024-10-02T01:45:38.819+0000] {manager.py:499} INFO - Created Permission View: %s
[2024-10-02T01:45:38.851+0000] {logging_mixin.py:151} INFO - [2024-10-02T01:45:38.851+0000] {manager.py:499} INFO - Created Permission View: %s
[2024-10-02T01:45:38.878+0000] {logging_mixin.py:151} INFO - [2024-10-02T01:45:38.878+0000] {manager.py:499} INFO - Created Permission View: %s
[2024-10-02T01:45:38.887+0000] {logging_mixin.py:151} INFO - [2024-10-02T01:45:38.886+0000] {security.py:708} INFO - Not syncing DAG-level permissions for DAG 'DAG:example_short_circuit_decorator' as access control is unset.
[2024-10-02T01:45:38.899+0000] {logging_mixin.py:151} INFO - [2024-10-02T01:45:38.898+0000] {dag.py:2915} INFO - Sync 1 DAGs
[2024-10-02T01:45:38.921+0000] {logging_mixin.py:151} INFO - [2024-10-02T01:45:38.921+0000] {dag.py:2937} INFO - Creating ORM DAG for example_short_circuit_decorator
[2024-10-02T01:45:38.950+0000] {logging_mixin.py:151} INFO - [2024-10-02T01:45:38.950+0000] {dag.py:3696} INFO - Setting next_dagrun for example_short_circuit_decorator to 2024-10-01T01:45:38.948645+00:00, run_after=2024-10-02T01:45:38.948645+00:00
[2024-10-02T01:45:38.986+0000] {processor.py:179} INFO - Processing /home/airflow/.local/lib/python3.8/site-packages/airflow/example_dags/example_short_circuit_decorator.py took 0.441 seconds
[2024-10-02T01:46:09.333+0000] {processor.py:157} INFO - Started process (PID=114) to work on /home/airflow/.local/lib/python3.8/site-packages/airflow/example_dags/example_short_circuit_decorator.py
[2024-10-02T01:46:09.336+0000] {processor.py:829} INFO - Processing file /home/airflow/.local/lib/python3.8/site-packages/airflow/example_dags/example_short_circuit_decorator.py for tasks to queue
[2024-10-02T01:46:09.342+0000] {logging_mixin.py:151} INFO - [2024-10-02T01:46:09.341+0000] {dagbag.py:539} INFO - Filling up the DagBag from /home/airflow/.local/lib/python3.8/site-packages/airflow/example_dags/example_short_circuit_decorator.py
[2024-10-02T01:46:09.361+0000] {processor.py:839} INFO - DAG(s) dict_keys(['example_short_circuit_decorator']) retrieved from /home/airflow/.local/lib/python3.8/site-packages/airflow/example_dags/example_short_circuit_decorator.py
[2024-10-02T01:46:09.456+0000] {logging_mixin.py:151} INFO - [2024-10-02T01:46:09.456+0000] {dag.py:2915} INFO - Sync 1 DAGs
[2024-10-02T01:46:09.486+0000] {logging_mixin.py:151} INFO - [2024-10-02T01:46:09.486+0000] {dag.py:3696} INFO - Setting next_dagrun for example_short_circuit_decorator to 2024-10-01T01:46:09.484899+00:00, run_after=2024-10-02T01:46:09.484899+00:00
[2024-10-02T01:46:09.515+0000] {processor.py:179} INFO - Processing /home/airflow/.local/lib/python3.8/site-packages/airflow/example_dags/example_short_circuit_decorator.py took 0.186 seconds
[2024-10-02T01:47:05.385+0000] {processor.py:157} INFO - Started process (PID=66) to work on /home/airflow/.local/lib/python3.8/site-packages/airflow/example_dags/example_short_circuit_decorator.py
[2024-10-02T01:47:05.392+0000] {processor.py:829} INFO - Processing file /home/airflow/.local/lib/python3.8/site-packages/airflow/example_dags/example_short_circuit_decorator.py for tasks to queue
[2024-10-02T01:47:05.408+0000] {logging_mixin.py:151} INFO - [2024-10-02T01:47:05.407+0000] {dagbag.py:539} INFO - Filling up the DagBag from /home/airflow/.local/lib/python3.8/site-packages/airflow/example_dags/example_short_circuit_decorator.py
[2024-10-02T01:47:05.431+0000] {processor.py:839} INFO - DAG(s) dict_keys(['example_short_circuit_decorator']) retrieved from /home/airflow/.local/lib/python3.8/site-packages/airflow/example_dags/example_short_circuit_decorator.py
[2024-10-02T01:47:05.464+0000] {logging_mixin.py:151} INFO - [2024-10-02T01:47:05.463+0000] {dag.py:2915} INFO - Sync 1 DAGs
[2024-10-02T01:47:05.529+0000] {logging_mixin.py:151} INFO - [2024-10-02T01:47:05.529+0000] {dag.py:3696} INFO - Setting next_dagrun for example_short_circuit_decorator to 2024-10-01T01:47:05.527708+00:00, run_after=2024-10-02T01:47:05.527708+00:00
[2024-10-02T01:47:05.576+0000] {processor.py:179} INFO - Processing /home/airflow/.local/lib/python3.8/site-packages/airflow/example_dags/example_short_circuit_decorator.py took 0.195 seconds
[2024-10-02T01:47:36.074+0000] {processor.py:157} INFO - Started process (PID=114) to work on /home/airflow/.local/lib/python3.8/site-packages/airflow/example_dags/example_short_circuit_decorator.py
[2024-10-02T01:47:36.080+0000] {processor.py:829} INFO - Processing file /home/airflow/.local/lib/python3.8/site-packages/airflow/example_dags/example_short_circuit_decorator.py for tasks to queue
[2024-10-02T01:47:36.086+0000] {logging_mixin.py:151} INFO - [2024-10-02T01:47:36.085+0000] {dagbag.py:539} INFO - Filling up the DagBag from /home/airflow/.local/lib/python3.8/site-packages/airflow/example_dags/example_short_circuit_decorator.py
[2024-10-02T01:47:36.107+0000] {processor.py:839} INFO - DAG(s) dict_keys(['example_short_circuit_decorator']) retrieved from /home/airflow/.local/lib/python3.8/site-packages/airflow/example_dags/example_short_circuit_decorator.py
[2024-10-02T01:47:36.170+0000] {logging_mixin.py:151} INFO - [2024-10-02T01:47:36.170+0000] {dag.py:2915} INFO - Sync 1 DAGs
[2024-10-02T01:47:36.218+0000] {logging_mixin.py:151} INFO - [2024-10-02T01:47:36.217+0000] {dag.py:3696} INFO - Setting next_dagrun for example_short_circuit_decorator to 2024-10-01T01:47:36.215944+00:00, run_after=2024-10-02T01:47:36.215944+00:00
[2024-10-02T01:47:36.254+0000] {processor.py:179} INFO - Processing /home/airflow/.local/lib/python3.8/site-packages/airflow/example_dags/example_short_circuit_decorator.py took 0.186 seconds
[2024-10-02T01:48:33.422+0000] {processor.py:157} INFO - Started process (PID=66) to work on /home/airflow/.local/lib/python3.8/site-packages/airflow/example_dags/example_short_circuit_decorator.py
[2024-10-02T01:48:33.434+0000] {processor.py:829} INFO - Processing file /home/airflow/.local/lib/python3.8/site-packages/airflow/example_dags/example_short_circuit_decorator.py for tasks to queue
[2024-10-02T01:48:33.444+0000] {logging_mixin.py:151} INFO - [2024-10-02T01:48:33.443+0000] {dagbag.py:539} INFO - Filling up the DagBag from /home/airflow/.local/lib/python3.8/site-packages/airflow/example_dags/example_short_circuit_decorator.py
[2024-10-02T01:48:33.465+0000] {processor.py:839} INFO - DAG(s) dict_keys(['example_short_circuit_decorator']) retrieved from /home/airflow/.local/lib/python3.8/site-packages/airflow/example_dags/example_short_circuit_decorator.py
[2024-10-02T01:48:33.504+0000] {logging_mixin.py:151} INFO - [2024-10-02T01:48:33.503+0000] {dag.py:2915} INFO - Sync 1 DAGs
[2024-10-02T01:48:33.576+0000] {logging_mixin.py:151} INFO - [2024-10-02T01:48:33.571+0000] {dag.py:3696} INFO - Setting next_dagrun for example_short_circuit_decorator to 2024-10-01T01:48:33.570046+00:00, run_after=2024-10-02T01:48:33.570046+00:00
[2024-10-02T01:48:33.651+0000] {processor.py:179} INFO - Processing /home/airflow/.local/lib/python3.8/site-packages/airflow/example_dags/example_short_circuit_decorator.py took 0.233 seconds
[2024-10-02T01:49:03.878+0000] {processor.py:157} INFO - Started process (PID=114) to work on /home/airflow/.local/lib/python3.8/site-packages/airflow/example_dags/example_short_circuit_decorator.py
[2024-10-02T01:49:03.883+0000] {processor.py:829} INFO - Processing file /home/airflow/.local/lib/python3.8/site-packages/airflow/example_dags/example_short_circuit_decorator.py for tasks to queue
[2024-10-02T01:49:03.888+0000] {logging_mixin.py:151} INFO - [2024-10-02T01:49:03.887+0000] {dagbag.py:539} INFO - Filling up the DagBag from /home/airflow/.local/lib/python3.8/site-packages/airflow/example_dags/example_short_circuit_decorator.py
[2024-10-02T01:49:03.905+0000] {processor.py:839} INFO - DAG(s) dict_keys(['example_short_circuit_decorator']) retrieved from /home/airflow/.local/lib/python3.8/site-packages/airflow/example_dags/example_short_circuit_decorator.py
[2024-10-02T01:49:03.941+0000] {logging_mixin.py:151} INFO - [2024-10-02T01:49:03.940+0000] {dag.py:2915} INFO - Sync 1 DAGs
[2024-10-02T01:49:03.968+0000] {logging_mixin.py:151} INFO - [2024-10-02T01:49:03.968+0000] {dag.py:3696} INFO - Setting next_dagrun for example_short_circuit_decorator to 2024-10-01T01:49:03.967257+00:00, run_after=2024-10-02T01:49:03.967257+00:00
[2024-10-02T01:49:03.998+0000] {processor.py:179} INFO - Processing /home/airflow/.local/lib/python3.8/site-packages/airflow/example_dags/example_short_circuit_decorator.py took 0.123 seconds
[2024-10-02T01:49:34.681+0000] {processor.py:157} INFO - Started process (PID=162) to work on /home/airflow/.local/lib/python3.8/site-packages/airflow/example_dags/example_short_circuit_decorator.py
[2024-10-02T01:49:34.686+0000] {processor.py:829} INFO - Processing file /home/airflow/.local/lib/python3.8/site-packages/airflow/example_dags/example_short_circuit_decorator.py for tasks to queue
[2024-10-02T01:49:34.691+0000] {logging_mixin.py:151} INFO - [2024-10-02T01:49:34.691+0000] {dagbag.py:539} INFO - Filling up the DagBag from /home/airflow/.local/lib/python3.8/site-packages/airflow/example_dags/example_short_circuit_decorator.py
[2024-10-02T01:49:34.709+0000] {processor.py:839} INFO - DAG(s) dict_keys(['example_short_circuit_decorator']) retrieved from /home/airflow/.local/lib/python3.8/site-packages/airflow/example_dags/example_short_circuit_decorator.py
[2024-10-02T01:49:34.744+0000] {logging_mixin.py:151} INFO - [2024-10-02T01:49:34.744+0000] {dag.py:2915} INFO - Sync 1 DAGs
[2024-10-02T01:49:34.772+0000] {logging_mixin.py:151} INFO - [2024-10-02T01:49:34.772+0000] {dag.py:3696} INFO - Setting next_dagrun for example_short_circuit_decorator to 2024-10-01T01:49:34.771003+00:00, run_after=2024-10-02T01:49:34.771003+00:00
[2024-10-02T01:49:34.798+0000] {processor.py:179} INFO - Processing /home/airflow/.local/lib/python3.8/site-packages/airflow/example_dags/example_short_circuit_decorator.py took 0.121 seconds
[2024-10-02T01:50:05.373+0000] {processor.py:157} INFO - Started process (PID=210) to work on /home/airflow/.local/lib/python3.8/site-packages/airflow/example_dags/example_short_circuit_decorator.py
[2024-10-02T01:50:05.376+0000] {processor.py:829} INFO - Processing file /home/airflow/.local/lib/python3.8/site-packages/airflow/example_dags/example_short_circuit_decorator.py for tasks to queue
[2024-10-02T01:50:05.379+0000] {logging_mixin.py:151} INFO - [2024-10-02T01:50:05.379+0000] {dagbag.py:539} INFO - Filling up the DagBag from /home/airflow/.local/lib/python3.8/site-packages/airflow/example_dags/example_short_circuit_decorator.py
[2024-10-02T01:50:05.400+0000] {processor.py:839} INFO - DAG(s) dict_keys(['example_short_circuit_decorator']) retrieved from /home/airflow/.local/lib/python3.8/site-packages/airflow/example_dags/example_short_circuit_decorator.py
[2024-10-02T01:50:05.466+0000] {logging_mixin.py:151} INFO - [2024-10-02T01:50:05.465+0000] {dag.py:2915} INFO - Sync 1 DAGs
[2024-10-02T01:50:05.501+0000] {logging_mixin.py:151} INFO - [2024-10-02T01:50:05.500+0000] {dag.py:3696} INFO - Setting next_dagrun for example_short_circuit_decorator to 2024-10-01T01:50:05.499605+00:00, run_after=2024-10-02T01:50:05.499605+00:00
[2024-10-02T01:50:05.524+0000] {processor.py:179} INFO - Processing /home/airflow/.local/lib/python3.8/site-packages/airflow/example_dags/example_short_circuit_decorator.py took 0.155 seconds
[2024-10-02T01:50:36.254+0000] {processor.py:157} INFO - Started process (PID=258) to work on /home/airflow/.local/lib/python3.8/site-packages/airflow/example_dags/example_short_circuit_decorator.py
[2024-10-02T01:50:36.257+0000] {processor.py:829} INFO - Processing file /home/airflow/.local/lib/python3.8/site-packages/airflow/example_dags/example_short_circuit_decorator.py for tasks to queue
[2024-10-02T01:50:36.262+0000] {logging_mixin.py:151} INFO - [2024-10-02T01:50:36.262+0000] {dagbag.py:539} INFO - Filling up the DagBag from /home/airflow/.local/lib/python3.8/site-packages/airflow/example_dags/example_short_circuit_decorator.py
[2024-10-02T01:50:36.280+0000] {processor.py:839} INFO - DAG(s) dict_keys(['example_short_circuit_decorator']) retrieved from /home/airflow/.local/lib/python3.8/site-packages/airflow/example_dags/example_short_circuit_decorator.py
[2024-10-02T01:50:36.318+0000] {logging_mixin.py:151} INFO - [2024-10-02T01:50:36.318+0000] {dag.py:2915} INFO - Sync 1 DAGs
[2024-10-02T01:50:36.346+0000] {logging_mixin.py:151} INFO - [2024-10-02T01:50:36.345+0000] {dag.py:3696} INFO - Setting next_dagrun for example_short_circuit_decorator to 2024-10-01T01:50:36.345007+00:00, run_after=2024-10-02T01:50:36.345007+00:00
[2024-10-02T01:50:36.373+0000] {processor.py:179} INFO - Processing /home/airflow/.local/lib/python3.8/site-packages/airflow/example_dags/example_short_circuit_decorator.py took 0.123 seconds
[2024-10-02T01:51:07.187+0000] {processor.py:157} INFO - Started process (PID=306) to work on /home/airflow/.local/lib/python3.8/site-packages/airflow/example_dags/example_short_circuit_decorator.py
[2024-10-02T01:51:07.192+0000] {processor.py:829} INFO - Processing file /home/airflow/.local/lib/python3.8/site-packages/airflow/example_dags/example_short_circuit_decorator.py for tasks to queue
[2024-10-02T01:51:07.196+0000] {logging_mixin.py:151} INFO - [2024-10-02T01:51:07.195+0000] {dagbag.py:539} INFO - Filling up the DagBag from /home/airflow/.local/lib/python3.8/site-packages/airflow/example_dags/example_short_circuit_decorator.py
[2024-10-02T01:51:07.212+0000] {processor.py:839} INFO - DAG(s) dict_keys(['example_short_circuit_decorator']) retrieved from /home/airflow/.local/lib/python3.8/site-packages/airflow/example_dags/example_short_circuit_decorator.py
[2024-10-02T01:51:07.250+0000] {logging_mixin.py:151} INFO - [2024-10-02T01:51:07.250+0000] {dag.py:2915} INFO - Sync 1 DAGs
[2024-10-02T01:51:07.278+0000] {logging_mixin.py:151} INFO - [2024-10-02T01:51:07.278+0000] {dag.py:3696} INFO - Setting next_dagrun for example_short_circuit_decorator to 2024-10-01T01:51:07.277081+00:00, run_after=2024-10-02T01:51:07.277081+00:00
[2024-10-02T01:51:07.304+0000] {processor.py:179} INFO - Processing /home/airflow/.local/lib/python3.8/site-packages/airflow/example_dags/example_short_circuit_decorator.py took 0.122 seconds
[2024-10-02T01:51:38.253+0000] {processor.py:157} INFO - Started process (PID=354) to work on /home/airflow/.local/lib/python3.8/site-packages/airflow/example_dags/example_short_circuit_decorator.py
[2024-10-02T01:51:38.257+0000] {processor.py:829} INFO - Processing file /home/airflow/.local/lib/python3.8/site-packages/airflow/example_dags/example_short_circuit_decorator.py for tasks to queue
[2024-10-02T01:51:38.264+0000] {logging_mixin.py:151} INFO - [2024-10-02T01:51:38.263+0000] {dagbag.py:539} INFO - Filling up the DagBag from /home/airflow/.local/lib/python3.8/site-packages/airflow/example_dags/example_short_circuit_decorator.py
[2024-10-02T01:51:38.288+0000] {processor.py:839} INFO - DAG(s) dict_keys(['example_short_circuit_decorator']) retrieved from /home/airflow/.local/lib/python3.8/site-packages/airflow/example_dags/example_short_circuit_decorator.py
[2024-10-02T01:51:38.331+0000] {logging_mixin.py:151} INFO - [2024-10-02T01:51:38.330+0000] {dag.py:2915} INFO - Sync 1 DAGs
[2024-10-02T01:51:38.359+0000] {logging_mixin.py:151} INFO - [2024-10-02T01:51:38.358+0000] {dag.py:3696} INFO - Setting next_dagrun for example_short_circuit_decorator to 2024-10-01T01:51:38.357477+00:00, run_after=2024-10-02T01:51:38.357477+00:00
[2024-10-02T01:51:38.382+0000] {processor.py:179} INFO - Processing /home/airflow/.local/lib/python3.8/site-packages/airflow/example_dags/example_short_circuit_decorator.py took 0.133 seconds
[2024-10-02T01:52:08.472+0000] {processor.py:157} INFO - Started process (PID=402) to work on /home/airflow/.local/lib/python3.8/site-packages/airflow/example_dags/example_short_circuit_decorator.py
[2024-10-02T01:52:08.474+0000] {processor.py:829} INFO - Processing file /home/airflow/.local/lib/python3.8/site-packages/airflow/example_dags/example_short_circuit_decorator.py for tasks to queue
[2024-10-02T01:52:08.478+0000] {logging_mixin.py:151} INFO - [2024-10-02T01:52:08.477+0000] {dagbag.py:539} INFO - Filling up the DagBag from /home/airflow/.local/lib/python3.8/site-packages/airflow/example_dags/example_short_circuit_decorator.py
[2024-10-02T01:52:08.527+0000] {processor.py:839} INFO - DAG(s) dict_keys(['example_short_circuit_decorator']) retrieved from /home/airflow/.local/lib/python3.8/site-packages/airflow/example_dags/example_short_circuit_decorator.py
[2024-10-02T01:52:08.585+0000] {logging_mixin.py:151} INFO - [2024-10-02T01:52:08.585+0000] {dag.py:2915} INFO - Sync 1 DAGs
[2024-10-02T01:52:08.614+0000] {logging_mixin.py:151} INFO - [2024-10-02T01:52:08.613+0000] {dag.py:3696} INFO - Setting next_dagrun for example_short_circuit_decorator to 2024-10-01T01:52:08.612598+00:00, run_after=2024-10-02T01:52:08.612598+00:00
[2024-10-02T01:52:08.637+0000] {processor.py:179} INFO - Processing /home/airflow/.local/lib/python3.8/site-packages/airflow/example_dags/example_short_circuit_decorator.py took 0.170 seconds
[2024-10-02T01:52:39.463+0000] {processor.py:157} INFO - Started process (PID=450) to work on /home/airflow/.local/lib/python3.8/site-packages/airflow/example_dags/example_short_circuit_decorator.py
[2024-10-02T01:52:39.465+0000] {processor.py:829} INFO - Processing file /home/airflow/.local/lib/python3.8/site-packages/airflow/example_dags/example_short_circuit_decorator.py for tasks to queue
[2024-10-02T01:52:39.471+0000] {logging_mixin.py:151} INFO - [2024-10-02T01:52:39.470+0000] {dagbag.py:539} INFO - Filling up the DagBag from /home/airflow/.local/lib/python3.8/site-packages/airflow/example_dags/example_short_circuit_decorator.py
[2024-10-02T01:52:39.488+0000] {processor.py:839} INFO - DAG(s) dict_keys(['example_short_circuit_decorator']) retrieved from /home/airflow/.local/lib/python3.8/site-packages/airflow/example_dags/example_short_circuit_decorator.py
[2024-10-02T01:52:39.522+0000] {logging_mixin.py:151} INFO - [2024-10-02T01:52:39.522+0000] {dag.py:2915} INFO - Sync 1 DAGs
[2024-10-02T01:52:39.549+0000] {logging_mixin.py:151} INFO - [2024-10-02T01:52:39.549+0000] {dag.py:3696} INFO - Setting next_dagrun for example_short_circuit_decorator to 2024-10-01T01:52:39.548425+00:00, run_after=2024-10-02T01:52:39.548425+00:00
[2024-10-02T01:52:39.574+0000] {processor.py:179} INFO - Processing /home/airflow/.local/lib/python3.8/site-packages/airflow/example_dags/example_short_circuit_decorator.py took 0.115 seconds
[2024-10-02T01:53:11.211+0000] {processor.py:157} INFO - Started process (PID=498) to work on /home/airflow/.local/lib/python3.8/site-packages/airflow/example_dags/example_short_circuit_decorator.py
[2024-10-02T01:53:11.215+0000] {processor.py:829} INFO - Processing file /home/airflow/.local/lib/python3.8/site-packages/airflow/example_dags/example_short_circuit_decorator.py for tasks to queue
[2024-10-02T01:53:11.219+0000] {logging_mixin.py:151} INFO - [2024-10-02T01:53:11.218+0000] {dagbag.py:539} INFO - Filling up the DagBag from /home/airflow/.local/lib/python3.8/site-packages/airflow/example_dags/example_short_circuit_decorator.py
[2024-10-02T01:53:11.416+0000] {processor.py:839} INFO - DAG(s) dict_keys(['example_short_circuit_decorator']) retrieved from /home/airflow/.local/lib/python3.8/site-packages/airflow/example_dags/example_short_circuit_decorator.py
[2024-10-02T01:53:11.525+0000] {logging_mixin.py:151} INFO - [2024-10-02T01:53:11.525+0000] {dag.py:2915} INFO - Sync 1 DAGs
[2024-10-02T01:53:11.578+0000] {logging_mixin.py:151} INFO - [2024-10-02T01:53:11.578+0000] {dag.py:3696} INFO - Setting next_dagrun for example_short_circuit_decorator to 2024-10-01T01:53:11.577180+00:00, run_after=2024-10-02T01:53:11.577180+00:00
[2024-10-02T01:53:11.613+0000] {processor.py:179} INFO - Processing /home/airflow/.local/lib/python3.8/site-packages/airflow/example_dags/example_short_circuit_decorator.py took 0.407 seconds
[2024-10-02T01:53:41.874+0000] {processor.py:157} INFO - Started process (PID=546) to work on /home/airflow/.local/lib/python3.8/site-packages/airflow/example_dags/example_short_circuit_decorator.py
[2024-10-02T01:53:41.877+0000] {processor.py:829} INFO - Processing file /home/airflow/.local/lib/python3.8/site-packages/airflow/example_dags/example_short_circuit_decorator.py for tasks to queue
[2024-10-02T01:53:41.882+0000] {logging_mixin.py:151} INFO - [2024-10-02T01:53:41.882+0000] {dagbag.py:539} INFO - Filling up the DagBag from /home/airflow/.local/lib/python3.8/site-packages/airflow/example_dags/example_short_circuit_decorator.py
[2024-10-02T01:53:41.900+0000] {processor.py:839} INFO - DAG(s) dict_keys(['example_short_circuit_decorator']) retrieved from /home/airflow/.local/lib/python3.8/site-packages/airflow/example_dags/example_short_circuit_decorator.py
[2024-10-02T01:53:41.939+0000] {logging_mixin.py:151} INFO - [2024-10-02T01:53:41.938+0000] {dag.py:2915} INFO - Sync 1 DAGs
[2024-10-02T01:53:41.965+0000] {logging_mixin.py:151} INFO - [2024-10-02T01:53:41.965+0000] {dag.py:3696} INFO - Setting next_dagrun for example_short_circuit_decorator to 2024-10-01T01:53:41.963623+00:00, run_after=2024-10-02T01:53:41.963623+00:00
[2024-10-02T01:53:41.994+0000] {processor.py:179} INFO - Processing /home/airflow/.local/lib/python3.8/site-packages/airflow/example_dags/example_short_circuit_decorator.py took 0.125 seconds
[2024-10-02T01:57:20.886+0000] {processor.py:157} INFO - Started process (PID=626) to work on /home/airflow/.local/lib/python3.8/site-packages/airflow/example_dags/example_short_circuit_decorator.py
[2024-10-02T01:57:20.892+0000] {processor.py:829} INFO - Processing file /home/airflow/.local/lib/python3.8/site-packages/airflow/example_dags/example_short_circuit_decorator.py for tasks to queue
[2024-10-02T01:57:20.898+0000] {logging_mixin.py:151} INFO - [2024-10-02T01:57:20.897+0000] {dagbag.py:539} INFO - Filling up the DagBag from /home/airflow/.local/lib/python3.8/site-packages/airflow/example_dags/example_short_circuit_decorator.py
[2024-10-02T01:57:20.920+0000] {processor.py:839} INFO - DAG(s) dict_keys(['example_short_circuit_decorator']) retrieved from /home/airflow/.local/lib/python3.8/site-packages/airflow/example_dags/example_short_circuit_decorator.py
[2024-10-02T01:57:20.962+0000] {logging_mixin.py:151} INFO - [2024-10-02T01:57:20.962+0000] {dag.py:2915} INFO - Sync 1 DAGs
[2024-10-02T01:57:20.991+0000] {logging_mixin.py:151} INFO - [2024-10-02T01:57:20.991+0000] {dag.py:3696} INFO - Setting next_dagrun for example_short_circuit_decorator to 2024-10-01T01:57:20.990208+00:00, run_after=2024-10-02T01:57:20.990208+00:00
[2024-10-02T01:57:21.020+0000] {processor.py:179} INFO - Processing /home/airflow/.local/lib/python3.8/site-packages/airflow/example_dags/example_short_circuit_decorator.py took 0.139 seconds
[2024-10-02T01:57:52.941+0000] {processor.py:157} INFO - Started process (PID=674) to work on /home/airflow/.local/lib/python3.8/site-packages/airflow/example_dags/example_short_circuit_decorator.py
[2024-10-02T01:57:52.946+0000] {processor.py:829} INFO - Processing file /home/airflow/.local/lib/python3.8/site-packages/airflow/example_dags/example_short_circuit_decorator.py for tasks to queue
[2024-10-02T01:57:52.954+0000] {logging_mixin.py:151} INFO - [2024-10-02T01:57:52.953+0000] {dagbag.py:539} INFO - Filling up the DagBag from /home/airflow/.local/lib/python3.8/site-packages/airflow/example_dags/example_short_circuit_decorator.py
[2024-10-02T01:57:52.978+0000] {processor.py:839} INFO - DAG(s) dict_keys(['example_short_circuit_decorator']) retrieved from /home/airflow/.local/lib/python3.8/site-packages/airflow/example_dags/example_short_circuit_decorator.py
[2024-10-02T01:57:53.053+0000] {logging_mixin.py:151} INFO - [2024-10-02T01:57:53.053+0000] {dag.py:2915} INFO - Sync 1 DAGs
[2024-10-02T01:57:53.096+0000] {logging_mixin.py:151} INFO - [2024-10-02T01:57:53.096+0000] {dag.py:3696} INFO - Setting next_dagrun for example_short_circuit_decorator to 2024-10-01T01:57:53.094891+00:00, run_after=2024-10-02T01:57:53.094891+00:00
[2024-10-02T01:57:53.165+0000] {processor.py:179} INFO - Processing /home/airflow/.local/lib/python3.8/site-packages/airflow/example_dags/example_short_circuit_decorator.py took 0.233 seconds
[2024-10-02T01:58:23.363+0000] {processor.py:157} INFO - Started process (PID=722) to work on /home/airflow/.local/lib/python3.8/site-packages/airflow/example_dags/example_short_circuit_decorator.py
[2024-10-02T01:58:23.370+0000] {processor.py:829} INFO - Processing file /home/airflow/.local/lib/python3.8/site-packages/airflow/example_dags/example_short_circuit_decorator.py for tasks to queue
[2024-10-02T01:58:23.377+0000] {logging_mixin.py:151} INFO - [2024-10-02T01:58:23.377+0000] {dagbag.py:539} INFO - Filling up the DagBag from /home/airflow/.local/lib/python3.8/site-packages/airflow/example_dags/example_short_circuit_decorator.py
[2024-10-02T01:58:23.403+0000] {processor.py:839} INFO - DAG(s) dict_keys(['example_short_circuit_decorator']) retrieved from /home/airflow/.local/lib/python3.8/site-packages/airflow/example_dags/example_short_circuit_decorator.py
[2024-10-02T01:58:23.444+0000] {logging_mixin.py:151} INFO - [2024-10-02T01:58:23.443+0000] {dag.py:2915} INFO - Sync 1 DAGs
[2024-10-02T01:58:23.479+0000] {logging_mixin.py:151} INFO - [2024-10-02T01:58:23.479+0000] {dag.py:3696} INFO - Setting next_dagrun for example_short_circuit_decorator to 2024-10-01T01:58:23.477467+00:00, run_after=2024-10-02T01:58:23.477467+00:00
[2024-10-02T01:58:23.511+0000] {processor.py:179} INFO - Processing /home/airflow/.local/lib/python3.8/site-packages/airflow/example_dags/example_short_circuit_decorator.py took 0.153 seconds
[2024-10-02T01:58:53.807+0000] {processor.py:157} INFO - Started process (PID=770) to work on /home/airflow/.local/lib/python3.8/site-packages/airflow/example_dags/example_short_circuit_decorator.py
[2024-10-02T01:58:53.813+0000] {processor.py:829} INFO - Processing file /home/airflow/.local/lib/python3.8/site-packages/airflow/example_dags/example_short_circuit_decorator.py for tasks to queue
[2024-10-02T01:58:53.820+0000] {logging_mixin.py:151} INFO - [2024-10-02T01:58:53.820+0000] {dagbag.py:539} INFO - Filling up the DagBag from /home/airflow/.local/lib/python3.8/site-packages/airflow/example_dags/example_short_circuit_decorator.py
[2024-10-02T01:58:53.840+0000] {processor.py:839} INFO - DAG(s) dict_keys(['example_short_circuit_decorator']) retrieved from /home/airflow/.local/lib/python3.8/site-packages/airflow/example_dags/example_short_circuit_decorator.py
[2024-10-02T01:58:53.886+0000] {logging_mixin.py:151} INFO - [2024-10-02T01:58:53.886+0000] {dag.py:2915} INFO - Sync 1 DAGs
[2024-10-02T01:58:53.925+0000] {logging_mixin.py:151} INFO - [2024-10-02T01:58:53.924+0000] {dag.py:3696} INFO - Setting next_dagrun for example_short_circuit_decorator to 2024-10-01T01:58:53.923317+00:00, run_after=2024-10-02T01:58:53.923317+00:00
[2024-10-02T01:58:53.955+0000] {processor.py:179} INFO - Processing /home/airflow/.local/lib/python3.8/site-packages/airflow/example_dags/example_short_circuit_decorator.py took 0.153 seconds
[2024-10-02T01:59:25.496+0000] {processor.py:157} INFO - Started process (PID=818) to work on /home/airflow/.local/lib/python3.8/site-packages/airflow/example_dags/example_short_circuit_decorator.py
[2024-10-02T01:59:25.512+0000] {processor.py:829} INFO - Processing file /home/airflow/.local/lib/python3.8/site-packages/airflow/example_dags/example_short_circuit_decorator.py for tasks to queue
[2024-10-02T01:59:25.522+0000] {logging_mixin.py:151} INFO - [2024-10-02T01:59:25.521+0000] {dagbag.py:539} INFO - Filling up the DagBag from /home/airflow/.local/lib/python3.8/site-packages/airflow/example_dags/example_short_circuit_decorator.py
[2024-10-02T01:59:25.642+0000] {processor.py:839} INFO - DAG(s) dict_keys(['example_short_circuit_decorator']) retrieved from /home/airflow/.local/lib/python3.8/site-packages/airflow/example_dags/example_short_circuit_decorator.py
[2024-10-02T01:59:25.852+0000] {logging_mixin.py:151} INFO - [2024-10-02T01:59:25.851+0000] {dag.py:2915} INFO - Sync 1 DAGs
[2024-10-02T01:59:25.896+0000] {logging_mixin.py:151} INFO - [2024-10-02T01:59:25.895+0000] {dag.py:3696} INFO - Setting next_dagrun for example_short_circuit_decorator to 2024-10-01T01:59:25.894225+00:00, run_after=2024-10-02T01:59:25.894225+00:00
[2024-10-02T01:59:25.925+0000] {processor.py:179} INFO - Processing /home/airflow/.local/lib/python3.8/site-packages/airflow/example_dags/example_short_circuit_decorator.py took 0.434 seconds
[2024-10-02T01:59:56.548+0000] {processor.py:157} INFO - Started process (PID=866) to work on /home/airflow/.local/lib/python3.8/site-packages/airflow/example_dags/example_short_circuit_decorator.py
[2024-10-02T01:59:56.552+0000] {processor.py:829} INFO - Processing file /home/airflow/.local/lib/python3.8/site-packages/airflow/example_dags/example_short_circuit_decorator.py for tasks to queue
[2024-10-02T01:59:56.556+0000] {logging_mixin.py:151} INFO - [2024-10-02T01:59:56.555+0000] {dagbag.py:539} INFO - Filling up the DagBag from /home/airflow/.local/lib/python3.8/site-packages/airflow/example_dags/example_short_circuit_decorator.py
[2024-10-02T01:59:56.573+0000] {processor.py:839} INFO - DAG(s) dict_keys(['example_short_circuit_decorator']) retrieved from /home/airflow/.local/lib/python3.8/site-packages/airflow/example_dags/example_short_circuit_decorator.py
[2024-10-02T01:59:56.624+0000] {logging_mixin.py:151} INFO - [2024-10-02T01:59:56.624+0000] {dag.py:2915} INFO - Sync 1 DAGs
[2024-10-02T01:59:56.707+0000] {logging_mixin.py:151} INFO - [2024-10-02T01:59:56.706+0000] {dag.py:3696} INFO - Setting next_dagrun for example_short_circuit_decorator to 2024-10-01T01:59:56.705443+00:00, run_after=2024-10-02T01:59:56.705443+00:00
[2024-10-02T01:59:56.759+0000] {processor.py:179} INFO - Processing /home/airflow/.local/lib/python3.8/site-packages/airflow/example_dags/example_short_circuit_decorator.py took 0.215 seconds
[2024-10-02T02:00:27.181+0000] {processor.py:157} INFO - Started process (PID=914) to work on /home/airflow/.local/lib/python3.8/site-packages/airflow/example_dags/example_short_circuit_decorator.py
[2024-10-02T02:00:27.185+0000] {processor.py:829} INFO - Processing file /home/airflow/.local/lib/python3.8/site-packages/airflow/example_dags/example_short_circuit_decorator.py for tasks to queue
[2024-10-02T02:00:27.189+0000] {logging_mixin.py:151} INFO - [2024-10-02T02:00:27.189+0000] {dagbag.py:539} INFO - Filling up the DagBag from /home/airflow/.local/lib/python3.8/site-packages/airflow/example_dags/example_short_circuit_decorator.py
[2024-10-02T02:00:27.206+0000] {processor.py:839} INFO - DAG(s) dict_keys(['example_short_circuit_decorator']) retrieved from /home/airflow/.local/lib/python3.8/site-packages/airflow/example_dags/example_short_circuit_decorator.py
[2024-10-02T02:00:27.246+0000] {logging_mixin.py:151} INFO - [2024-10-02T02:00:27.245+0000] {dag.py:2915} INFO - Sync 1 DAGs
[2024-10-02T02:00:27.278+0000] {logging_mixin.py:151} INFO - [2024-10-02T02:00:27.278+0000] {dag.py:3696} INFO - Setting next_dagrun for example_short_circuit_decorator to 2024-10-01T02:00:27.277187+00:00, run_after=2024-10-02T02:00:27.277187+00:00
[2024-10-02T02:00:27.319+0000] {processor.py:179} INFO - Processing /home/airflow/.local/lib/python3.8/site-packages/airflow/example_dags/example_short_circuit_decorator.py took 0.142 seconds
[2024-10-02T02:00:57.774+0000] {processor.py:157} INFO - Started process (PID=962) to work on /home/airflow/.local/lib/python3.8/site-packages/airflow/example_dags/example_short_circuit_decorator.py
[2024-10-02T02:00:57.779+0000] {processor.py:829} INFO - Processing file /home/airflow/.local/lib/python3.8/site-packages/airflow/example_dags/example_short_circuit_decorator.py for tasks to queue
[2024-10-02T02:00:57.785+0000] {logging_mixin.py:151} INFO - [2024-10-02T02:00:57.784+0000] {dagbag.py:539} INFO - Filling up the DagBag from /home/airflow/.local/lib/python3.8/site-packages/airflow/example_dags/example_short_circuit_decorator.py
[2024-10-02T02:00:57.811+0000] {processor.py:839} INFO - DAG(s) dict_keys(['example_short_circuit_decorator']) retrieved from /home/airflow/.local/lib/python3.8/site-packages/airflow/example_dags/example_short_circuit_decorator.py
[2024-10-02T02:00:57.876+0000] {logging_mixin.py:151} INFO - [2024-10-02T02:00:57.876+0000] {dag.py:2915} INFO - Sync 1 DAGs
[2024-10-02T02:00:57.940+0000] {logging_mixin.py:151} INFO - [2024-10-02T02:00:57.939+0000] {dag.py:3696} INFO - Setting next_dagrun for example_short_circuit_decorator to 2024-10-01T02:00:57.932142+00:00, run_after=2024-10-02T02:00:57.932142+00:00
[2024-10-02T02:00:57.980+0000] {processor.py:179} INFO - Processing /home/airflow/.local/lib/python3.8/site-packages/airflow/example_dags/example_short_circuit_decorator.py took 0.211 seconds
[2024-10-02T02:03:26.935+0000] {processor.py:157} INFO - Started process (PID=66) to work on /home/airflow/.local/lib/python3.8/site-packages/airflow/example_dags/example_short_circuit_decorator.py
[2024-10-02T02:03:26.942+0000] {processor.py:829} INFO - Processing file /home/airflow/.local/lib/python3.8/site-packages/airflow/example_dags/example_short_circuit_decorator.py for tasks to queue
[2024-10-02T02:03:26.953+0000] {logging_mixin.py:151} INFO - [2024-10-02T02:03:26.951+0000] {dagbag.py:539} INFO - Filling up the DagBag from /home/airflow/.local/lib/python3.8/site-packages/airflow/example_dags/example_short_circuit_decorator.py
[2024-10-02T02:03:26.971+0000] {processor.py:839} INFO - DAG(s) dict_keys(['example_short_circuit_decorator']) retrieved from /home/airflow/.local/lib/python3.8/site-packages/airflow/example_dags/example_short_circuit_decorator.py
[2024-10-02T02:03:27.148+0000] {logging_mixin.py:151} INFO - [2024-10-02T02:03:27.147+0000] {manager.py:499} INFO - Created Permission View: %s
[2024-10-02T02:03:27.172+0000] {logging_mixin.py:151} INFO - [2024-10-02T02:03:27.172+0000] {manager.py:499} INFO - Created Permission View: %s
[2024-10-02T02:03:27.186+0000] {logging_mixin.py:151} INFO - [2024-10-02T02:03:27.185+0000] {manager.py:499} INFO - Created Permission View: %s
[2024-10-02T02:03:27.194+0000] {logging_mixin.py:151} INFO - [2024-10-02T02:03:27.193+0000] {security.py:708} INFO - Not syncing DAG-level permissions for DAG 'DAG:example_short_circuit_decorator' as access control is unset.
[2024-10-02T02:03:27.199+0000] {logging_mixin.py:151} INFO - [2024-10-02T02:03:27.198+0000] {dag.py:2915} INFO - Sync 1 DAGs
[2024-10-02T02:03:27.216+0000] {logging_mixin.py:151} INFO - [2024-10-02T02:03:27.216+0000] {dag.py:2937} INFO - Creating ORM DAG for example_short_circuit_decorator
[2024-10-02T02:03:27.244+0000] {logging_mixin.py:151} INFO - [2024-10-02T02:03:27.243+0000] {dag.py:3696} INFO - Setting next_dagrun for example_short_circuit_decorator to 2024-10-01T02:03:27.242185+00:00, run_after=2024-10-02T02:03:27.242185+00:00
[2024-10-02T02:03:27.339+0000] {processor.py:179} INFO - Processing /home/airflow/.local/lib/python3.8/site-packages/airflow/example_dags/example_short_circuit_decorator.py took 0.429 seconds
[2024-10-02T02:06:24.041+0000] {processor.py:157} INFO - Started process (PID=66) to work on /home/airflow/.local/lib/python3.8/site-packages/airflow/example_dags/example_short_circuit_decorator.py
[2024-10-02T02:06:24.044+0000] {processor.py:829} INFO - Processing file /home/airflow/.local/lib/python3.8/site-packages/airflow/example_dags/example_short_circuit_decorator.py for tasks to queue
[2024-10-02T02:06:24.051+0000] {logging_mixin.py:151} INFO - [2024-10-02T02:06:24.050+0000] {dagbag.py:539} INFO - Filling up the DagBag from /home/airflow/.local/lib/python3.8/site-packages/airflow/example_dags/example_short_circuit_decorator.py
[2024-10-02T02:06:24.114+0000] {processor.py:839} INFO - DAG(s) dict_keys(['example_short_circuit_decorator']) retrieved from /home/airflow/.local/lib/python3.8/site-packages/airflow/example_dags/example_short_circuit_decorator.py
[2024-10-02T02:06:24.280+0000] {logging_mixin.py:151} INFO - [2024-10-02T02:06:24.279+0000] {manager.py:499} INFO - Created Permission View: %s
[2024-10-02T02:06:24.312+0000] {logging_mixin.py:151} INFO - [2024-10-02T02:06:24.311+0000] {manager.py:499} INFO - Created Permission View: %s
[2024-10-02T02:06:24.330+0000] {logging_mixin.py:151} INFO - [2024-10-02T02:06:24.330+0000] {manager.py:499} INFO - Created Permission View: %s
[2024-10-02T02:06:24.334+0000] {logging_mixin.py:151} INFO - [2024-10-02T02:06:24.333+0000] {security.py:708} INFO - Not syncing DAG-level permissions for DAG 'DAG:example_short_circuit_decorator' as access control is unset.
[2024-10-02T02:06:24.337+0000] {logging_mixin.py:151} INFO - [2024-10-02T02:06:24.337+0000] {dag.py:2915} INFO - Sync 1 DAGs
[2024-10-02T02:06:24.352+0000] {logging_mixin.py:151} INFO - [2024-10-02T02:06:24.351+0000] {dag.py:2937} INFO - Creating ORM DAG for example_short_circuit_decorator
[2024-10-02T02:06:24.416+0000] {logging_mixin.py:151} INFO - [2024-10-02T02:06:24.413+0000] {dag.py:3696} INFO - Setting next_dagrun for example_short_circuit_decorator to 2024-10-01T02:06:24.389794+00:00, run_after=2024-10-02T02:06:24.389794+00:00
[2024-10-02T02:06:24.454+0000] {processor.py:179} INFO - Processing /home/airflow/.local/lib/python3.8/site-packages/airflow/example_dags/example_short_circuit_decorator.py took 0.418 seconds
[2024-10-02T02:06:54.538+0000] {processor.py:157} INFO - Started process (PID=114) to work on /home/airflow/.local/lib/python3.8/site-packages/airflow/example_dags/example_short_circuit_decorator.py
[2024-10-02T02:06:54.540+0000] {processor.py:829} INFO - Processing file /home/airflow/.local/lib/python3.8/site-packages/airflow/example_dags/example_short_circuit_decorator.py for tasks to queue
[2024-10-02T02:06:54.547+0000] {logging_mixin.py:151} INFO - [2024-10-02T02:06:54.546+0000] {dagbag.py:539} INFO - Filling up the DagBag from /home/airflow/.local/lib/python3.8/site-packages/airflow/example_dags/example_short_circuit_decorator.py
[2024-10-02T02:06:54.565+0000] {processor.py:839} INFO - DAG(s) dict_keys(['example_short_circuit_decorator']) retrieved from /home/airflow/.local/lib/python3.8/site-packages/airflow/example_dags/example_short_circuit_decorator.py
[2024-10-02T02:06:54.601+0000] {logging_mixin.py:151} INFO - [2024-10-02T02:06:54.601+0000] {dag.py:2915} INFO - Sync 1 DAGs
[2024-10-02T02:06:54.648+0000] {logging_mixin.py:151} INFO - [2024-10-02T02:06:54.648+0000] {dag.py:3696} INFO - Setting next_dagrun for example_short_circuit_decorator to 2024-10-01T02:06:54.647312+00:00, run_after=2024-10-02T02:06:54.647312+00:00
[2024-10-02T02:06:54.677+0000] {processor.py:179} INFO - Processing /home/airflow/.local/lib/python3.8/site-packages/airflow/example_dags/example_short_circuit_decorator.py took 0.148 seconds
[2024-10-02T02:07:25.088+0000] {processor.py:157} INFO - Started process (PID=162) to work on /home/airflow/.local/lib/python3.8/site-packages/airflow/example_dags/example_short_circuit_decorator.py
[2024-10-02T02:07:25.091+0000] {processor.py:829} INFO - Processing file /home/airflow/.local/lib/python3.8/site-packages/airflow/example_dags/example_short_circuit_decorator.py for tasks to queue
[2024-10-02T02:07:25.095+0000] {logging_mixin.py:151} INFO - [2024-10-02T02:07:25.095+0000] {dagbag.py:539} INFO - Filling up the DagBag from /home/airflow/.local/lib/python3.8/site-packages/airflow/example_dags/example_short_circuit_decorator.py
[2024-10-02T02:07:25.111+0000] {processor.py:839} INFO - DAG(s) dict_keys(['example_short_circuit_decorator']) retrieved from /home/airflow/.local/lib/python3.8/site-packages/airflow/example_dags/example_short_circuit_decorator.py
[2024-10-02T02:07:25.144+0000] {logging_mixin.py:151} INFO - [2024-10-02T02:07:25.144+0000] {dag.py:2915} INFO - Sync 1 DAGs
[2024-10-02T02:07:25.171+0000] {logging_mixin.py:151} INFO - [2024-10-02T02:07:25.171+0000] {dag.py:3696} INFO - Setting next_dagrun for example_short_circuit_decorator to 2024-10-01T02:07:25.170123+00:00, run_after=2024-10-02T02:07:25.170123+00:00
[2024-10-02T02:07:25.193+0000] {processor.py:179} INFO - Processing /home/airflow/.local/lib/python3.8/site-packages/airflow/example_dags/example_short_circuit_decorator.py took 0.111 seconds
[2024-10-02T02:07:55.921+0000] {processor.py:157} INFO - Started process (PID=210) to work on /home/airflow/.local/lib/python3.8/site-packages/airflow/example_dags/example_short_circuit_decorator.py
[2024-10-02T02:07:55.924+0000] {processor.py:829} INFO - Processing file /home/airflow/.local/lib/python3.8/site-packages/airflow/example_dags/example_short_circuit_decorator.py for tasks to queue
[2024-10-02T02:07:55.928+0000] {logging_mixin.py:151} INFO - [2024-10-02T02:07:55.927+0000] {dagbag.py:539} INFO - Filling up the DagBag from /home/airflow/.local/lib/python3.8/site-packages/airflow/example_dags/example_short_circuit_decorator.py
[2024-10-02T02:07:55.944+0000] {processor.py:839} INFO - DAG(s) dict_keys(['example_short_circuit_decorator']) retrieved from /home/airflow/.local/lib/python3.8/site-packages/airflow/example_dags/example_short_circuit_decorator.py
[2024-10-02T02:07:55.978+0000] {logging_mixin.py:151} INFO - [2024-10-02T02:07:55.978+0000] {dag.py:2915} INFO - Sync 1 DAGs
[2024-10-02T02:07:56.006+0000] {logging_mixin.py:151} INFO - [2024-10-02T02:07:56.005+0000] {dag.py:3696} INFO - Setting next_dagrun for example_short_circuit_decorator to 2024-10-01T02:07:56.004857+00:00, run_after=2024-10-02T02:07:56.004857+00:00
[2024-10-02T02:07:56.027+0000] {processor.py:179} INFO - Processing /home/airflow/.local/lib/python3.8/site-packages/airflow/example_dags/example_short_circuit_decorator.py took 0.110 seconds
[2024-10-02T02:08:26.904+0000] {processor.py:157} INFO - Started process (PID=258) to work on /home/airflow/.local/lib/python3.8/site-packages/airflow/example_dags/example_short_circuit_decorator.py
[2024-10-02T02:08:26.906+0000] {processor.py:829} INFO - Processing file /home/airflow/.local/lib/python3.8/site-packages/airflow/example_dags/example_short_circuit_decorator.py for tasks to queue
[2024-10-02T02:08:26.910+0000] {logging_mixin.py:151} INFO - [2024-10-02T02:08:26.909+0000] {dagbag.py:539} INFO - Filling up the DagBag from /home/airflow/.local/lib/python3.8/site-packages/airflow/example_dags/example_short_circuit_decorator.py
[2024-10-02T02:08:26.924+0000] {processor.py:839} INFO - DAG(s) dict_keys(['example_short_circuit_decorator']) retrieved from /home/airflow/.local/lib/python3.8/site-packages/airflow/example_dags/example_short_circuit_decorator.py
[2024-10-02T02:08:26.957+0000] {logging_mixin.py:151} INFO - [2024-10-02T02:08:26.957+0000] {dag.py:2915} INFO - Sync 1 DAGs
[2024-10-02T02:08:26.985+0000] {logging_mixin.py:151} INFO - [2024-10-02T02:08:26.984+0000] {dag.py:3696} INFO - Setting next_dagrun for example_short_circuit_decorator to 2024-10-01T02:08:26.983810+00:00, run_after=2024-10-02T02:08:26.983810+00:00
[2024-10-02T02:08:27.057+0000] {processor.py:179} INFO - Processing /home/airflow/.local/lib/python3.8/site-packages/airflow/example_dags/example_short_circuit_decorator.py took 0.157 seconds
[2024-10-02T02:08:57.197+0000] {processor.py:157} INFO - Started process (PID=306) to work on /home/airflow/.local/lib/python3.8/site-packages/airflow/example_dags/example_short_circuit_decorator.py
[2024-10-02T02:08:57.200+0000] {processor.py:829} INFO - Processing file /home/airflow/.local/lib/python3.8/site-packages/airflow/example_dags/example_short_circuit_decorator.py for tasks to queue
[2024-10-02T02:08:57.204+0000] {logging_mixin.py:151} INFO - [2024-10-02T02:08:57.204+0000] {dagbag.py:539} INFO - Filling up the DagBag from /home/airflow/.local/lib/python3.8/site-packages/airflow/example_dags/example_short_circuit_decorator.py
[2024-10-02T02:08:57.224+0000] {processor.py:839} INFO - DAG(s) dict_keys(['example_short_circuit_decorator']) retrieved from /home/airflow/.local/lib/python3.8/site-packages/airflow/example_dags/example_short_circuit_decorator.py
[2024-10-02T02:08:57.263+0000] {logging_mixin.py:151} INFO - [2024-10-02T02:08:57.263+0000] {dag.py:2915} INFO - Sync 1 DAGs
[2024-10-02T02:08:57.294+0000] {logging_mixin.py:151} INFO - [2024-10-02T02:08:57.294+0000] {dag.py:3696} INFO - Setting next_dagrun for example_short_circuit_decorator to 2024-10-01T02:08:57.293175+00:00, run_after=2024-10-02T02:08:57.293175+00:00
[2024-10-02T02:08:57.322+0000] {processor.py:179} INFO - Processing /home/airflow/.local/lib/python3.8/site-packages/airflow/example_dags/example_short_circuit_decorator.py took 0.130 seconds
[2024-10-02T02:09:28.407+0000] {processor.py:157} INFO - Started process (PID=354) to work on /home/airflow/.local/lib/python3.8/site-packages/airflow/example_dags/example_short_circuit_decorator.py
[2024-10-02T02:09:28.410+0000] {processor.py:829} INFO - Processing file /home/airflow/.local/lib/python3.8/site-packages/airflow/example_dags/example_short_circuit_decorator.py for tasks to queue
[2024-10-02T02:09:28.417+0000] {logging_mixin.py:151} INFO - [2024-10-02T02:09:28.416+0000] {dagbag.py:539} INFO - Filling up the DagBag from /home/airflow/.local/lib/python3.8/site-packages/airflow/example_dags/example_short_circuit_decorator.py
[2024-10-02T02:09:28.434+0000] {processor.py:839} INFO - DAG(s) dict_keys(['example_short_circuit_decorator']) retrieved from /home/airflow/.local/lib/python3.8/site-packages/airflow/example_dags/example_short_circuit_decorator.py
[2024-10-02T02:09:28.483+0000] {logging_mixin.py:151} INFO - [2024-10-02T02:09:28.483+0000] {dag.py:2915} INFO - Sync 1 DAGs
[2024-10-02T02:09:28.523+0000] {logging_mixin.py:151} INFO - [2024-10-02T02:09:28.522+0000] {dag.py:3696} INFO - Setting next_dagrun for example_short_circuit_decorator to 2024-10-01T02:09:28.521859+00:00, run_after=2024-10-02T02:09:28.521859+00:00
[2024-10-02T02:09:28.559+0000] {processor.py:179} INFO - Processing /home/airflow/.local/lib/python3.8/site-packages/airflow/example_dags/example_short_circuit_decorator.py took 0.157 seconds
[2024-10-02T02:09:59.581+0000] {processor.py:157} INFO - Started process (PID=402) to work on /home/airflow/.local/lib/python3.8/site-packages/airflow/example_dags/example_short_circuit_decorator.py
[2024-10-02T02:09:59.587+0000] {processor.py:829} INFO - Processing file /home/airflow/.local/lib/python3.8/site-packages/airflow/example_dags/example_short_circuit_decorator.py for tasks to queue
[2024-10-02T02:09:59.593+0000] {logging_mixin.py:151} INFO - [2024-10-02T02:09:59.592+0000] {dagbag.py:539} INFO - Filling up the DagBag from /home/airflow/.local/lib/python3.8/site-packages/airflow/example_dags/example_short_circuit_decorator.py
[2024-10-02T02:09:59.610+0000] {processor.py:839} INFO - DAG(s) dict_keys(['example_short_circuit_decorator']) retrieved from /home/airflow/.local/lib/python3.8/site-packages/airflow/example_dags/example_short_circuit_decorator.py
[2024-10-02T02:09:59.696+0000] {logging_mixin.py:151} INFO - [2024-10-02T02:09:59.695+0000] {dag.py:2915} INFO - Sync 1 DAGs
[2024-10-02T02:09:59.727+0000] {logging_mixin.py:151} INFO - [2024-10-02T02:09:59.727+0000] {dag.py:3696} INFO - Setting next_dagrun for example_short_circuit_decorator to 2024-10-01T02:09:59.725534+00:00, run_after=2024-10-02T02:09:59.725534+00:00
[2024-10-02T02:09:59.774+0000] {processor.py:179} INFO - Processing /home/airflow/.local/lib/python3.8/site-packages/airflow/example_dags/example_short_circuit_decorator.py took 0.197 seconds
[2024-10-02T02:10:30.334+0000] {processor.py:157} INFO - Started process (PID=450) to work on /home/airflow/.local/lib/python3.8/site-packages/airflow/example_dags/example_short_circuit_decorator.py
[2024-10-02T02:10:30.389+0000] {processor.py:829} INFO - Processing file /home/airflow/.local/lib/python3.8/site-packages/airflow/example_dags/example_short_circuit_decorator.py for tasks to queue
[2024-10-02T02:10:30.420+0000] {logging_mixin.py:151} INFO - [2024-10-02T02:10:30.419+0000] {dagbag.py:539} INFO - Filling up the DagBag from /home/airflow/.local/lib/python3.8/site-packages/airflow/example_dags/example_short_circuit_decorator.py
[2024-10-02T02:10:30.583+0000] {processor.py:839} INFO - DAG(s) dict_keys(['example_short_circuit_decorator']) retrieved from /home/airflow/.local/lib/python3.8/site-packages/airflow/example_dags/example_short_circuit_decorator.py
[2024-10-02T02:10:30.871+0000] {logging_mixin.py:151} INFO - [2024-10-02T02:10:30.852+0000] {dag.py:2915} INFO - Sync 1 DAGs
[2024-10-02T02:10:31.006+0000] {logging_mixin.py:151} INFO - [2024-10-02T02:10:31.004+0000] {dag.py:3696} INFO - Setting next_dagrun for example_short_circuit_decorator to 2024-10-01T02:10:31.003378+00:00, run_after=2024-10-02T02:10:31.003378+00:00
[2024-10-02T02:10:31.185+0000] {processor.py:179} INFO - Processing /home/airflow/.local/lib/python3.8/site-packages/airflow/example_dags/example_short_circuit_decorator.py took 0.968 seconds
