[2024-10-02T01:32:17.089+0000] {processor.py:157} INFO - Started process (PID=64) to work on /home/airflow/.local/lib/python3.8/site-packages/airflow/example_dags/example_dynamic_task_mapping.py
[2024-10-02T01:32:17.092+0000] {processor.py:829} INFO - Processing file /home/airflow/.local/lib/python3.8/site-packages/airflow/example_dags/example_dynamic_task_mapping.py for tasks to queue
[2024-10-02T01:32:17.095+0000] {logging_mixin.py:151} INFO - [2024-10-02T01:32:17.095+0000] {dagbag.py:539} INFO - Filling up the DagBag from /home/airflow/.local/lib/python3.8/site-packages/airflow/example_dags/example_dynamic_task_mapping.py
[2024-10-02T01:32:17.110+0000] {processor.py:839} INFO - DAG(s) dict_keys(['example_dynamic_task_mapping']) retrieved from /home/airflow/.local/lib/python3.8/site-packages/airflow/example_dags/example_dynamic_task_mapping.py
[2024-10-02T01:32:17.242+0000] {logging_mixin.py:151} INFO - [2024-10-02T01:32:17.241+0000] {manager.py:499} INFO - Created Permission View: %s
[2024-10-02T01:32:17.253+0000] {logging_mixin.py:151} INFO - [2024-10-02T01:32:17.252+0000] {manager.py:499} INFO - Created Permission View: %s
[2024-10-02T01:32:17.263+0000] {logging_mixin.py:151} INFO - [2024-10-02T01:32:17.263+0000] {manager.py:499} INFO - Created Permission View: %s
[2024-10-02T01:32:17.265+0000] {logging_mixin.py:151} INFO - [2024-10-02T01:32:17.264+0000] {security.py:708} INFO - Not syncing DAG-level permissions for DAG 'DAG:example_dynamic_task_mapping' as access control is unset.
[2024-10-02T01:32:17.265+0000] {logging_mixin.py:151} INFO - [2024-10-02T01:32:17.265+0000] {dag.py:2915} INFO - Sync 1 DAGs
[2024-10-02T01:32:17.280+0000] {logging_mixin.py:151} INFO - [2024-10-02T01:32:17.280+0000] {dag.py:2937} INFO - Creating ORM DAG for example_dynamic_task_mapping
[2024-10-02T01:32:17.295+0000] {logging_mixin.py:151} INFO - [2024-10-02T01:32:17.295+0000] {dag.py:3696} INFO - Setting next_dagrun for example_dynamic_task_mapping to 2022-03-04T00:00:00+00:00, run_after=2022-03-05T00:00:00+00:00
[2024-10-02T01:32:17.315+0000] {processor.py:179} INFO - Processing /home/airflow/.local/lib/python3.8/site-packages/airflow/example_dags/example_dynamic_task_mapping.py took 0.230 seconds
[2024-10-02T01:32:47.390+0000] {processor.py:157} INFO - Started process (PID=112) to work on /home/airflow/.local/lib/python3.8/site-packages/airflow/example_dags/example_dynamic_task_mapping.py
[2024-10-02T01:32:47.393+0000] {processor.py:829} INFO - Processing file /home/airflow/.local/lib/python3.8/site-packages/airflow/example_dags/example_dynamic_task_mapping.py for tasks to queue
[2024-10-02T01:32:47.398+0000] {logging_mixin.py:151} INFO - [2024-10-02T01:32:47.397+0000] {dagbag.py:539} INFO - Filling up the DagBag from /home/airflow/.local/lib/python3.8/site-packages/airflow/example_dags/example_dynamic_task_mapping.py
[2024-10-02T01:32:47.415+0000] {processor.py:839} INFO - DAG(s) dict_keys(['example_dynamic_task_mapping']) retrieved from /home/airflow/.local/lib/python3.8/site-packages/airflow/example_dags/example_dynamic_task_mapping.py
[2024-10-02T01:32:47.457+0000] {logging_mixin.py:151} INFO - [2024-10-02T01:32:47.457+0000] {dag.py:2915} INFO - Sync 1 DAGs
[2024-10-02T01:32:47.487+0000] {logging_mixin.py:151} INFO - [2024-10-02T01:32:47.487+0000] {dag.py:3696} INFO - Setting next_dagrun for example_dynamic_task_mapping to 2022-03-04T00:00:00+00:00, run_after=2022-03-05T00:00:00+00:00
[2024-10-02T01:32:47.513+0000] {processor.py:179} INFO - Processing /home/airflow/.local/lib/python3.8/site-packages/airflow/example_dags/example_dynamic_task_mapping.py took 0.128 seconds
[2024-10-02T01:33:18.235+0000] {processor.py:157} INFO - Started process (PID=160) to work on /home/airflow/.local/lib/python3.8/site-packages/airflow/example_dags/example_dynamic_task_mapping.py
[2024-10-02T01:33:18.237+0000] {processor.py:829} INFO - Processing file /home/airflow/.local/lib/python3.8/site-packages/airflow/example_dags/example_dynamic_task_mapping.py for tasks to queue
[2024-10-02T01:33:18.241+0000] {logging_mixin.py:151} INFO - [2024-10-02T01:33:18.241+0000] {dagbag.py:539} INFO - Filling up the DagBag from /home/airflow/.local/lib/python3.8/site-packages/airflow/example_dags/example_dynamic_task_mapping.py
[2024-10-02T01:33:18.256+0000] {processor.py:839} INFO - DAG(s) dict_keys(['example_dynamic_task_mapping']) retrieved from /home/airflow/.local/lib/python3.8/site-packages/airflow/example_dags/example_dynamic_task_mapping.py
[2024-10-02T01:33:18.285+0000] {logging_mixin.py:151} INFO - [2024-10-02T01:33:18.285+0000] {dag.py:2915} INFO - Sync 1 DAGs
[2024-10-02T01:33:18.310+0000] {logging_mixin.py:151} INFO - [2024-10-02T01:33:18.310+0000] {dag.py:3696} INFO - Setting next_dagrun for example_dynamic_task_mapping to 2022-03-04T00:00:00+00:00, run_after=2022-03-05T00:00:00+00:00
[2024-10-02T01:33:18.329+0000] {processor.py:179} INFO - Processing /home/airflow/.local/lib/python3.8/site-packages/airflow/example_dags/example_dynamic_task_mapping.py took 0.098 seconds
[2024-10-02T01:33:48.839+0000] {processor.py:157} INFO - Started process (PID=208) to work on /home/airflow/.local/lib/python3.8/site-packages/airflow/example_dags/example_dynamic_task_mapping.py
[2024-10-02T01:33:48.842+0000] {processor.py:829} INFO - Processing file /home/airflow/.local/lib/python3.8/site-packages/airflow/example_dags/example_dynamic_task_mapping.py for tasks to queue
[2024-10-02T01:33:48.847+0000] {logging_mixin.py:151} INFO - [2024-10-02T01:33:48.846+0000] {dagbag.py:539} INFO - Filling up the DagBag from /home/airflow/.local/lib/python3.8/site-packages/airflow/example_dags/example_dynamic_task_mapping.py
[2024-10-02T01:33:48.860+0000] {processor.py:839} INFO - DAG(s) dict_keys(['example_dynamic_task_mapping']) retrieved from /home/airflow/.local/lib/python3.8/site-packages/airflow/example_dags/example_dynamic_task_mapping.py
[2024-10-02T01:33:48.896+0000] {logging_mixin.py:151} INFO - [2024-10-02T01:33:48.895+0000] {dag.py:2915} INFO - Sync 1 DAGs
[2024-10-02T01:33:48.927+0000] {logging_mixin.py:151} INFO - [2024-10-02T01:33:48.927+0000] {dag.py:3696} INFO - Setting next_dagrun for example_dynamic_task_mapping to 2022-03-04T00:00:00+00:00, run_after=2022-03-05T00:00:00+00:00
[2024-10-02T01:33:48.959+0000] {processor.py:179} INFO - Processing /home/airflow/.local/lib/python3.8/site-packages/airflow/example_dags/example_dynamic_task_mapping.py took 0.124 seconds
[2024-10-02T01:34:19.660+0000] {processor.py:157} INFO - Started process (PID=256) to work on /home/airflow/.local/lib/python3.8/site-packages/airflow/example_dags/example_dynamic_task_mapping.py
[2024-10-02T01:34:19.663+0000] {processor.py:829} INFO - Processing file /home/airflow/.local/lib/python3.8/site-packages/airflow/example_dags/example_dynamic_task_mapping.py for tasks to queue
[2024-10-02T01:34:19.668+0000] {logging_mixin.py:151} INFO - [2024-10-02T01:34:19.668+0000] {dagbag.py:539} INFO - Filling up the DagBag from /home/airflow/.local/lib/python3.8/site-packages/airflow/example_dags/example_dynamic_task_mapping.py
[2024-10-02T01:34:19.684+0000] {processor.py:839} INFO - DAG(s) dict_keys(['example_dynamic_task_mapping']) retrieved from /home/airflow/.local/lib/python3.8/site-packages/airflow/example_dags/example_dynamic_task_mapping.py
[2024-10-02T01:34:19.731+0000] {logging_mixin.py:151} INFO - [2024-10-02T01:34:19.730+0000] {dag.py:2915} INFO - Sync 1 DAGs
[2024-10-02T01:34:19.772+0000] {logging_mixin.py:151} INFO - [2024-10-02T01:34:19.771+0000] {dag.py:3696} INFO - Setting next_dagrun for example_dynamic_task_mapping to 2022-03-04T00:00:00+00:00, run_after=2022-03-05T00:00:00+00:00
[2024-10-02T01:34:19.805+0000] {processor.py:179} INFO - Processing /home/airflow/.local/lib/python3.8/site-packages/airflow/example_dags/example_dynamic_task_mapping.py took 0.156 seconds
[2024-10-02T01:34:50.216+0000] {processor.py:157} INFO - Started process (PID=304) to work on /home/airflow/.local/lib/python3.8/site-packages/airflow/example_dags/example_dynamic_task_mapping.py
[2024-10-02T01:34:50.219+0000] {processor.py:829} INFO - Processing file /home/airflow/.local/lib/python3.8/site-packages/airflow/example_dags/example_dynamic_task_mapping.py for tasks to queue
[2024-10-02T01:34:50.225+0000] {logging_mixin.py:151} INFO - [2024-10-02T01:34:50.225+0000] {dagbag.py:539} INFO - Filling up the DagBag from /home/airflow/.local/lib/python3.8/site-packages/airflow/example_dags/example_dynamic_task_mapping.py
[2024-10-02T01:34:50.238+0000] {processor.py:839} INFO - DAG(s) dict_keys(['example_dynamic_task_mapping']) retrieved from /home/airflow/.local/lib/python3.8/site-packages/airflow/example_dags/example_dynamic_task_mapping.py
[2024-10-02T01:34:50.282+0000] {logging_mixin.py:151} INFO - [2024-10-02T01:34:50.281+0000] {dag.py:2915} INFO - Sync 1 DAGs
[2024-10-02T01:34:50.312+0000] {logging_mixin.py:151} INFO - [2024-10-02T01:34:50.311+0000] {dag.py:3696} INFO - Setting next_dagrun for example_dynamic_task_mapping to 2022-03-04T00:00:00+00:00, run_after=2022-03-05T00:00:00+00:00
[2024-10-02T01:34:50.340+0000] {processor.py:179} INFO - Processing /home/airflow/.local/lib/python3.8/site-packages/airflow/example_dags/example_dynamic_task_mapping.py took 0.129 seconds
[2024-10-02T01:35:20.636+0000] {processor.py:157} INFO - Started process (PID=352) to work on /home/airflow/.local/lib/python3.8/site-packages/airflow/example_dags/example_dynamic_task_mapping.py
[2024-10-02T01:35:20.639+0000] {processor.py:829} INFO - Processing file /home/airflow/.local/lib/python3.8/site-packages/airflow/example_dags/example_dynamic_task_mapping.py for tasks to queue
[2024-10-02T01:35:20.643+0000] {logging_mixin.py:151} INFO - [2024-10-02T01:35:20.642+0000] {dagbag.py:539} INFO - Filling up the DagBag from /home/airflow/.local/lib/python3.8/site-packages/airflow/example_dags/example_dynamic_task_mapping.py
[2024-10-02T01:35:20.655+0000] {processor.py:839} INFO - DAG(s) dict_keys(['example_dynamic_task_mapping']) retrieved from /home/airflow/.local/lib/python3.8/site-packages/airflow/example_dags/example_dynamic_task_mapping.py
[2024-10-02T01:35:20.686+0000] {logging_mixin.py:151} INFO - [2024-10-02T01:35:20.686+0000] {dag.py:2915} INFO - Sync 1 DAGs
[2024-10-02T01:35:20.712+0000] {logging_mixin.py:151} INFO - [2024-10-02T01:35:20.712+0000] {dag.py:3696} INFO - Setting next_dagrun for example_dynamic_task_mapping to 2022-03-04T00:00:00+00:00, run_after=2022-03-05T00:00:00+00:00
[2024-10-02T01:35:20.736+0000] {processor.py:179} INFO - Processing /home/airflow/.local/lib/python3.8/site-packages/airflow/example_dags/example_dynamic_task_mapping.py took 0.106 seconds
[2024-10-02T01:35:51.582+0000] {processor.py:157} INFO - Started process (PID=400) to work on /home/airflow/.local/lib/python3.8/site-packages/airflow/example_dags/example_dynamic_task_mapping.py
[2024-10-02T01:35:51.586+0000] {processor.py:829} INFO - Processing file /home/airflow/.local/lib/python3.8/site-packages/airflow/example_dags/example_dynamic_task_mapping.py for tasks to queue
[2024-10-02T01:35:51.590+0000] {logging_mixin.py:151} INFO - [2024-10-02T01:35:51.589+0000] {dagbag.py:539} INFO - Filling up the DagBag from /home/airflow/.local/lib/python3.8/site-packages/airflow/example_dags/example_dynamic_task_mapping.py
[2024-10-02T01:35:51.605+0000] {processor.py:839} INFO - DAG(s) dict_keys(['example_dynamic_task_mapping']) retrieved from /home/airflow/.local/lib/python3.8/site-packages/airflow/example_dags/example_dynamic_task_mapping.py
[2024-10-02T01:35:51.643+0000] {logging_mixin.py:151} INFO - [2024-10-02T01:35:51.642+0000] {dag.py:2915} INFO - Sync 1 DAGs
[2024-10-02T01:35:51.683+0000] {logging_mixin.py:151} INFO - [2024-10-02T01:35:51.682+0000] {dag.py:3696} INFO - Setting next_dagrun for example_dynamic_task_mapping to 2022-03-04T00:00:00+00:00, run_after=2022-03-05T00:00:00+00:00
[2024-10-02T01:35:51.722+0000] {processor.py:179} INFO - Processing /home/airflow/.local/lib/python3.8/site-packages/airflow/example_dags/example_dynamic_task_mapping.py took 0.144 seconds
[2024-10-02T01:36:22.522+0000] {processor.py:157} INFO - Started process (PID=448) to work on /home/airflow/.local/lib/python3.8/site-packages/airflow/example_dags/example_dynamic_task_mapping.py
[2024-10-02T01:36:22.528+0000] {processor.py:829} INFO - Processing file /home/airflow/.local/lib/python3.8/site-packages/airflow/example_dags/example_dynamic_task_mapping.py for tasks to queue
[2024-10-02T01:36:22.534+0000] {logging_mixin.py:151} INFO - [2024-10-02T01:36:22.533+0000] {dagbag.py:539} INFO - Filling up the DagBag from /home/airflow/.local/lib/python3.8/site-packages/airflow/example_dags/example_dynamic_task_mapping.py
[2024-10-02T01:36:22.548+0000] {processor.py:839} INFO - DAG(s) dict_keys(['example_dynamic_task_mapping']) retrieved from /home/airflow/.local/lib/python3.8/site-packages/airflow/example_dags/example_dynamic_task_mapping.py
[2024-10-02T01:36:22.586+0000] {logging_mixin.py:151} INFO - [2024-10-02T01:36:22.586+0000] {dag.py:2915} INFO - Sync 1 DAGs
[2024-10-02T01:36:22.623+0000] {logging_mixin.py:151} INFO - [2024-10-02T01:36:22.623+0000] {dag.py:3696} INFO - Setting next_dagrun for example_dynamic_task_mapping to 2022-03-04T00:00:00+00:00, run_after=2022-03-05T00:00:00+00:00
[2024-10-02T01:36:22.661+0000] {processor.py:179} INFO - Processing /home/airflow/.local/lib/python3.8/site-packages/airflow/example_dags/example_dynamic_task_mapping.py took 0.145 seconds
[2024-10-02T01:36:53.319+0000] {processor.py:157} INFO - Started process (PID=496) to work on /home/airflow/.local/lib/python3.8/site-packages/airflow/example_dags/example_dynamic_task_mapping.py
[2024-10-02T01:36:53.322+0000] {processor.py:829} INFO - Processing file /home/airflow/.local/lib/python3.8/site-packages/airflow/example_dags/example_dynamic_task_mapping.py for tasks to queue
[2024-10-02T01:36:53.326+0000] {logging_mixin.py:151} INFO - [2024-10-02T01:36:53.326+0000] {dagbag.py:539} INFO - Filling up the DagBag from /home/airflow/.local/lib/python3.8/site-packages/airflow/example_dags/example_dynamic_task_mapping.py
[2024-10-02T01:36:53.346+0000] {processor.py:839} INFO - DAG(s) dict_keys(['example_dynamic_task_mapping']) retrieved from /home/airflow/.local/lib/python3.8/site-packages/airflow/example_dags/example_dynamic_task_mapping.py
[2024-10-02T01:36:53.392+0000] {logging_mixin.py:151} INFO - [2024-10-02T01:36:53.392+0000] {dag.py:2915} INFO - Sync 1 DAGs
[2024-10-02T01:36:53.451+0000] {logging_mixin.py:151} INFO - [2024-10-02T01:36:53.450+0000] {dag.py:3696} INFO - Setting next_dagrun for example_dynamic_task_mapping to 2022-03-04T00:00:00+00:00, run_after=2022-03-05T00:00:00+00:00
[2024-10-02T01:36:53.479+0000] {processor.py:179} INFO - Processing /home/airflow/.local/lib/python3.8/site-packages/airflow/example_dags/example_dynamic_task_mapping.py took 0.166 seconds
[2024-10-02T01:37:24.696+0000] {processor.py:157} INFO - Started process (PID=544) to work on /home/airflow/.local/lib/python3.8/site-packages/airflow/example_dags/example_dynamic_task_mapping.py
[2024-10-02T01:37:24.700+0000] {processor.py:829} INFO - Processing file /home/airflow/.local/lib/python3.8/site-packages/airflow/example_dags/example_dynamic_task_mapping.py for tasks to queue
[2024-10-02T01:37:24.704+0000] {logging_mixin.py:151} INFO - [2024-10-02T01:37:24.704+0000] {dagbag.py:539} INFO - Filling up the DagBag from /home/airflow/.local/lib/python3.8/site-packages/airflow/example_dags/example_dynamic_task_mapping.py
[2024-10-02T01:37:24.720+0000] {processor.py:839} INFO - DAG(s) dict_keys(['example_dynamic_task_mapping']) retrieved from /home/airflow/.local/lib/python3.8/site-packages/airflow/example_dags/example_dynamic_task_mapping.py
[2024-10-02T01:37:24.762+0000] {logging_mixin.py:151} INFO - [2024-10-02T01:37:24.761+0000] {dag.py:2915} INFO - Sync 1 DAGs
[2024-10-02T01:37:24.794+0000] {logging_mixin.py:151} INFO - [2024-10-02T01:37:24.793+0000] {dag.py:3696} INFO - Setting next_dagrun for example_dynamic_task_mapping to 2022-03-04T00:00:00+00:00, run_after=2022-03-05T00:00:00+00:00
[2024-10-02T01:37:24.826+0000] {processor.py:179} INFO - Processing /home/airflow/.local/lib/python3.8/site-packages/airflow/example_dags/example_dynamic_task_mapping.py took 0.134 seconds
[2024-10-02T01:37:55.456+0000] {processor.py:157} INFO - Started process (PID=592) to work on /home/airflow/.local/lib/python3.8/site-packages/airflow/example_dags/example_dynamic_task_mapping.py
[2024-10-02T01:37:55.460+0000] {processor.py:829} INFO - Processing file /home/airflow/.local/lib/python3.8/site-packages/airflow/example_dags/example_dynamic_task_mapping.py for tasks to queue
[2024-10-02T01:37:55.466+0000] {logging_mixin.py:151} INFO - [2024-10-02T01:37:55.465+0000] {dagbag.py:539} INFO - Filling up the DagBag from /home/airflow/.local/lib/python3.8/site-packages/airflow/example_dags/example_dynamic_task_mapping.py
[2024-10-02T01:37:55.481+0000] {processor.py:839} INFO - DAG(s) dict_keys(['example_dynamic_task_mapping']) retrieved from /home/airflow/.local/lib/python3.8/site-packages/airflow/example_dags/example_dynamic_task_mapping.py
[2024-10-02T01:37:55.524+0000] {logging_mixin.py:151} INFO - [2024-10-02T01:37:55.523+0000] {dag.py:2915} INFO - Sync 1 DAGs
[2024-10-02T01:37:55.557+0000] {logging_mixin.py:151} INFO - [2024-10-02T01:37:55.557+0000] {dag.py:3696} INFO - Setting next_dagrun for example_dynamic_task_mapping to 2022-03-04T00:00:00+00:00, run_after=2022-03-05T00:00:00+00:00
[2024-10-02T01:37:55.592+0000] {processor.py:179} INFO - Processing /home/airflow/.local/lib/python3.8/site-packages/airflow/example_dags/example_dynamic_task_mapping.py took 0.140 seconds
[2024-10-02T01:38:25.837+0000] {processor.py:157} INFO - Started process (PID=640) to work on /home/airflow/.local/lib/python3.8/site-packages/airflow/example_dags/example_dynamic_task_mapping.py
[2024-10-02T01:38:25.839+0000] {processor.py:829} INFO - Processing file /home/airflow/.local/lib/python3.8/site-packages/airflow/example_dags/example_dynamic_task_mapping.py for tasks to queue
[2024-10-02T01:38:25.845+0000] {logging_mixin.py:151} INFO - [2024-10-02T01:38:25.845+0000] {dagbag.py:539} INFO - Filling up the DagBag from /home/airflow/.local/lib/python3.8/site-packages/airflow/example_dags/example_dynamic_task_mapping.py
[2024-10-02T01:38:25.867+0000] {processor.py:839} INFO - DAG(s) dict_keys(['example_dynamic_task_mapping']) retrieved from /home/airflow/.local/lib/python3.8/site-packages/airflow/example_dags/example_dynamic_task_mapping.py
[2024-10-02T01:38:25.908+0000] {logging_mixin.py:151} INFO - [2024-10-02T01:38:25.908+0000] {dag.py:2915} INFO - Sync 1 DAGs
[2024-10-02T01:38:25.947+0000] {logging_mixin.py:151} INFO - [2024-10-02T01:38:25.946+0000] {dag.py:3696} INFO - Setting next_dagrun for example_dynamic_task_mapping to 2022-03-04T00:00:00+00:00, run_after=2022-03-05T00:00:00+00:00
[2024-10-02T01:38:25.985+0000] {processor.py:179} INFO - Processing /home/airflow/.local/lib/python3.8/site-packages/airflow/example_dags/example_dynamic_task_mapping.py took 0.153 seconds
[2024-10-02T01:38:56.268+0000] {processor.py:157} INFO - Started process (PID=687) to work on /home/airflow/.local/lib/python3.8/site-packages/airflow/example_dags/example_dynamic_task_mapping.py
[2024-10-02T01:38:56.271+0000] {processor.py:829} INFO - Processing file /home/airflow/.local/lib/python3.8/site-packages/airflow/example_dags/example_dynamic_task_mapping.py for tasks to queue
[2024-10-02T01:38:56.275+0000] {logging_mixin.py:151} INFO - [2024-10-02T01:38:56.275+0000] {dagbag.py:539} INFO - Filling up the DagBag from /home/airflow/.local/lib/python3.8/site-packages/airflow/example_dags/example_dynamic_task_mapping.py
[2024-10-02T01:38:56.290+0000] {processor.py:839} INFO - DAG(s) dict_keys(['example_dynamic_task_mapping']) retrieved from /home/airflow/.local/lib/python3.8/site-packages/airflow/example_dags/example_dynamic_task_mapping.py
[2024-10-02T01:38:56.326+0000] {logging_mixin.py:151} INFO - [2024-10-02T01:38:56.326+0000] {dag.py:2915} INFO - Sync 1 DAGs
[2024-10-02T01:38:56.360+0000] {logging_mixin.py:151} INFO - [2024-10-02T01:38:56.359+0000] {dag.py:3696} INFO - Setting next_dagrun for example_dynamic_task_mapping to 2022-03-04T00:00:00+00:00, run_after=2022-03-05T00:00:00+00:00
[2024-10-02T01:38:56.389+0000] {processor.py:179} INFO - Processing /home/airflow/.local/lib/python3.8/site-packages/airflow/example_dags/example_dynamic_task_mapping.py took 0.125 seconds
[2024-10-02T01:39:26.930+0000] {processor.py:157} INFO - Started process (PID=735) to work on /home/airflow/.local/lib/python3.8/site-packages/airflow/example_dags/example_dynamic_task_mapping.py
[2024-10-02T01:39:26.933+0000] {processor.py:829} INFO - Processing file /home/airflow/.local/lib/python3.8/site-packages/airflow/example_dags/example_dynamic_task_mapping.py for tasks to queue
[2024-10-02T01:39:26.939+0000] {logging_mixin.py:151} INFO - [2024-10-02T01:39:26.938+0000] {dagbag.py:539} INFO - Filling up the DagBag from /home/airflow/.local/lib/python3.8/site-packages/airflow/example_dags/example_dynamic_task_mapping.py
[2024-10-02T01:39:26.960+0000] {processor.py:839} INFO - DAG(s) dict_keys(['example_dynamic_task_mapping']) retrieved from /home/airflow/.local/lib/python3.8/site-packages/airflow/example_dags/example_dynamic_task_mapping.py
[2024-10-02T01:39:27.001+0000] {logging_mixin.py:151} INFO - [2024-10-02T01:39:27.000+0000] {dag.py:2915} INFO - Sync 1 DAGs
[2024-10-02T01:39:27.029+0000] {logging_mixin.py:151} INFO - [2024-10-02T01:39:27.029+0000] {dag.py:3696} INFO - Setting next_dagrun for example_dynamic_task_mapping to 2022-03-04T00:00:00+00:00, run_after=2022-03-05T00:00:00+00:00
[2024-10-02T01:39:27.069+0000] {processor.py:179} INFO - Processing /home/airflow/.local/lib/python3.8/site-packages/airflow/example_dags/example_dynamic_task_mapping.py took 0.144 seconds
[2024-10-02T01:45:37.967+0000] {processor.py:157} INFO - Started process (PID=64) to work on /home/airflow/.local/lib/python3.8/site-packages/airflow/example_dags/example_dynamic_task_mapping.py
[2024-10-02T01:45:37.978+0000] {processor.py:829} INFO - Processing file /home/airflow/.local/lib/python3.8/site-packages/airflow/example_dags/example_dynamic_task_mapping.py for tasks to queue
[2024-10-02T01:45:38.000+0000] {logging_mixin.py:151} INFO - [2024-10-02T01:45:38.000+0000] {dagbag.py:539} INFO - Filling up the DagBag from /home/airflow/.local/lib/python3.8/site-packages/airflow/example_dags/example_dynamic_task_mapping.py
[2024-10-02T01:45:38.027+0000] {processor.py:839} INFO - DAG(s) dict_keys(['example_dynamic_task_mapping']) retrieved from /home/airflow/.local/lib/python3.8/site-packages/airflow/example_dags/example_dynamic_task_mapping.py
[2024-10-02T01:45:38.229+0000] {logging_mixin.py:151} INFO - [2024-10-02T01:45:38.229+0000] {manager.py:499} INFO - Created Permission View: %s
[2024-10-02T01:45:38.251+0000] {logging_mixin.py:151} INFO - [2024-10-02T01:45:38.251+0000] {manager.py:499} INFO - Created Permission View: %s
[2024-10-02T01:45:38.280+0000] {logging_mixin.py:151} INFO - [2024-10-02T01:45:38.280+0000] {manager.py:499} INFO - Created Permission View: %s
[2024-10-02T01:45:38.284+0000] {logging_mixin.py:151} INFO - [2024-10-02T01:45:38.284+0000] {security.py:708} INFO - Not syncing DAG-level permissions for DAG 'DAG:example_dynamic_task_mapping' as access control is unset.
[2024-10-02T01:45:38.286+0000] {logging_mixin.py:151} INFO - [2024-10-02T01:45:38.286+0000] {dag.py:2915} INFO - Sync 1 DAGs
[2024-10-02T01:45:38.306+0000] {logging_mixin.py:151} INFO - [2024-10-02T01:45:38.306+0000] {dag.py:2937} INFO - Creating ORM DAG for example_dynamic_task_mapping
[2024-10-02T01:45:38.330+0000] {logging_mixin.py:151} INFO - [2024-10-02T01:45:38.330+0000] {dag.py:3696} INFO - Setting next_dagrun for example_dynamic_task_mapping to 2022-03-04T00:00:00+00:00, run_after=2022-03-05T00:00:00+00:00
[2024-10-02T01:45:38.365+0000] {processor.py:179} INFO - Processing /home/airflow/.local/lib/python3.8/site-packages/airflow/example_dags/example_dynamic_task_mapping.py took 0.412 seconds
[2024-10-02T01:46:09.093+0000] {processor.py:157} INFO - Started process (PID=112) to work on /home/airflow/.local/lib/python3.8/site-packages/airflow/example_dags/example_dynamic_task_mapping.py
[2024-10-02T01:46:09.099+0000] {processor.py:829} INFO - Processing file /home/airflow/.local/lib/python3.8/site-packages/airflow/example_dags/example_dynamic_task_mapping.py for tasks to queue
[2024-10-02T01:46:09.107+0000] {logging_mixin.py:151} INFO - [2024-10-02T01:46:09.106+0000] {dagbag.py:539} INFO - Filling up the DagBag from /home/airflow/.local/lib/python3.8/site-packages/airflow/example_dags/example_dynamic_task_mapping.py
[2024-10-02T01:46:09.136+0000] {processor.py:839} INFO - DAG(s) dict_keys(['example_dynamic_task_mapping']) retrieved from /home/airflow/.local/lib/python3.8/site-packages/airflow/example_dags/example_dynamic_task_mapping.py
[2024-10-02T01:46:09.193+0000] {logging_mixin.py:151} INFO - [2024-10-02T01:46:09.192+0000] {dag.py:2915} INFO - Sync 1 DAGs
[2024-10-02T01:46:09.228+0000] {logging_mixin.py:151} INFO - [2024-10-02T01:46:09.228+0000] {dag.py:3696} INFO - Setting next_dagrun for example_dynamic_task_mapping to 2022-03-04T00:00:00+00:00, run_after=2022-03-05T00:00:00+00:00
[2024-10-02T01:46:09.271+0000] {processor.py:179} INFO - Processing /home/airflow/.local/lib/python3.8/site-packages/airflow/example_dags/example_dynamic_task_mapping.py took 0.184 seconds
[2024-10-02T01:47:05.024+0000] {processor.py:157} INFO - Started process (PID=64) to work on /home/airflow/.local/lib/python3.8/site-packages/airflow/example_dags/example_dynamic_task_mapping.py
[2024-10-02T01:47:05.033+0000] {processor.py:829} INFO - Processing file /home/airflow/.local/lib/python3.8/site-packages/airflow/example_dags/example_dynamic_task_mapping.py for tasks to queue
[2024-10-02T01:47:05.041+0000] {logging_mixin.py:151} INFO - [2024-10-02T01:47:05.041+0000] {dagbag.py:539} INFO - Filling up the DagBag from /home/airflow/.local/lib/python3.8/site-packages/airflow/example_dags/example_dynamic_task_mapping.py
[2024-10-02T01:47:05.075+0000] {processor.py:839} INFO - DAG(s) dict_keys(['example_dynamic_task_mapping']) retrieved from /home/airflow/.local/lib/python3.8/site-packages/airflow/example_dags/example_dynamic_task_mapping.py
[2024-10-02T01:47:05.235+0000] {logging_mixin.py:151} INFO - [2024-10-02T01:47:05.234+0000] {dag.py:2915} INFO - Sync 1 DAGs
[2024-10-02T01:47:05.278+0000] {logging_mixin.py:151} INFO - [2024-10-02T01:47:05.278+0000] {dag.py:3696} INFO - Setting next_dagrun for example_dynamic_task_mapping to 2022-03-04T00:00:00+00:00, run_after=2022-03-05T00:00:00+00:00
[2024-10-02T01:47:05.315+0000] {processor.py:179} INFO - Processing /home/airflow/.local/lib/python3.8/site-packages/airflow/example_dags/example_dynamic_task_mapping.py took 0.297 seconds
[2024-10-02T01:47:35.749+0000] {processor.py:157} INFO - Started process (PID=112) to work on /home/airflow/.local/lib/python3.8/site-packages/airflow/example_dags/example_dynamic_task_mapping.py
[2024-10-02T01:47:35.785+0000] {processor.py:829} INFO - Processing file /home/airflow/.local/lib/python3.8/site-packages/airflow/example_dags/example_dynamic_task_mapping.py for tasks to queue
[2024-10-02T01:47:35.803+0000] {logging_mixin.py:151} INFO - [2024-10-02T01:47:35.801+0000] {dagbag.py:539} INFO - Filling up the DagBag from /home/airflow/.local/lib/python3.8/site-packages/airflow/example_dags/example_dynamic_task_mapping.py
[2024-10-02T01:47:35.833+0000] {processor.py:839} INFO - DAG(s) dict_keys(['example_dynamic_task_mapping']) retrieved from /home/airflow/.local/lib/python3.8/site-packages/airflow/example_dags/example_dynamic_task_mapping.py
[2024-10-02T01:47:35.884+0000] {logging_mixin.py:151} INFO - [2024-10-02T01:47:35.883+0000] {dag.py:2915} INFO - Sync 1 DAGs
[2024-10-02T01:47:35.931+0000] {logging_mixin.py:151} INFO - [2024-10-02T01:47:35.931+0000] {dag.py:3696} INFO - Setting next_dagrun for example_dynamic_task_mapping to 2022-03-04T00:00:00+00:00, run_after=2022-03-05T00:00:00+00:00
[2024-10-02T01:47:35.992+0000] {processor.py:179} INFO - Processing /home/airflow/.local/lib/python3.8/site-packages/airflow/example_dags/example_dynamic_task_mapping.py took 0.316 seconds
[2024-10-02T01:48:33.147+0000] {processor.py:157} INFO - Started process (PID=64) to work on /home/airflow/.local/lib/python3.8/site-packages/airflow/example_dags/example_dynamic_task_mapping.py
[2024-10-02T01:48:33.154+0000] {processor.py:829} INFO - Processing file /home/airflow/.local/lib/python3.8/site-packages/airflow/example_dags/example_dynamic_task_mapping.py for tasks to queue
[2024-10-02T01:48:33.170+0000] {logging_mixin.py:151} INFO - [2024-10-02T01:48:33.169+0000] {dagbag.py:539} INFO - Filling up the DagBag from /home/airflow/.local/lib/python3.8/site-packages/airflow/example_dags/example_dynamic_task_mapping.py
[2024-10-02T01:48:33.202+0000] {processor.py:839} INFO - DAG(s) dict_keys(['example_dynamic_task_mapping']) retrieved from /home/airflow/.local/lib/python3.8/site-packages/airflow/example_dags/example_dynamic_task_mapping.py
[2024-10-02T01:48:33.252+0000] {logging_mixin.py:151} INFO - [2024-10-02T01:48:33.252+0000] {dag.py:2915} INFO - Sync 1 DAGs
[2024-10-02T01:48:33.286+0000] {logging_mixin.py:151} INFO - [2024-10-02T01:48:33.285+0000] {dag.py:3696} INFO - Setting next_dagrun for example_dynamic_task_mapping to 2022-03-04T00:00:00+00:00, run_after=2022-03-05T00:00:00+00:00
[2024-10-02T01:48:33.334+0000] {processor.py:179} INFO - Processing /home/airflow/.local/lib/python3.8/site-packages/airflow/example_dags/example_dynamic_task_mapping.py took 0.192 seconds
[2024-10-02T01:49:03.705+0000] {processor.py:157} INFO - Started process (PID=112) to work on /home/airflow/.local/lib/python3.8/site-packages/airflow/example_dags/example_dynamic_task_mapping.py
[2024-10-02T01:49:03.713+0000] {processor.py:829} INFO - Processing file /home/airflow/.local/lib/python3.8/site-packages/airflow/example_dags/example_dynamic_task_mapping.py for tasks to queue
[2024-10-02T01:49:03.721+0000] {logging_mixin.py:151} INFO - [2024-10-02T01:49:03.720+0000] {dagbag.py:539} INFO - Filling up the DagBag from /home/airflow/.local/lib/python3.8/site-packages/airflow/example_dags/example_dynamic_task_mapping.py
[2024-10-02T01:49:03.738+0000] {processor.py:839} INFO - DAG(s) dict_keys(['example_dynamic_task_mapping']) retrieved from /home/airflow/.local/lib/python3.8/site-packages/airflow/example_dags/example_dynamic_task_mapping.py
[2024-10-02T01:49:03.773+0000] {logging_mixin.py:151} INFO - [2024-10-02T01:49:03.773+0000] {dag.py:2915} INFO - Sync 1 DAGs
[2024-10-02T01:49:03.798+0000] {logging_mixin.py:151} INFO - [2024-10-02T01:49:03.798+0000] {dag.py:3696} INFO - Setting next_dagrun for example_dynamic_task_mapping to 2022-03-04T00:00:00+00:00, run_after=2022-03-05T00:00:00+00:00
[2024-10-02T01:49:03.826+0000] {processor.py:179} INFO - Processing /home/airflow/.local/lib/python3.8/site-packages/airflow/example_dags/example_dynamic_task_mapping.py took 0.126 seconds
[2024-10-02T01:49:34.534+0000] {processor.py:157} INFO - Started process (PID=160) to work on /home/airflow/.local/lib/python3.8/site-packages/airflow/example_dags/example_dynamic_task_mapping.py
[2024-10-02T01:49:34.537+0000] {processor.py:829} INFO - Processing file /home/airflow/.local/lib/python3.8/site-packages/airflow/example_dags/example_dynamic_task_mapping.py for tasks to queue
[2024-10-02T01:49:34.542+0000] {logging_mixin.py:151} INFO - [2024-10-02T01:49:34.541+0000] {dagbag.py:539} INFO - Filling up the DagBag from /home/airflow/.local/lib/python3.8/site-packages/airflow/example_dags/example_dynamic_task_mapping.py
[2024-10-02T01:49:34.557+0000] {processor.py:839} INFO - DAG(s) dict_keys(['example_dynamic_task_mapping']) retrieved from /home/airflow/.local/lib/python3.8/site-packages/airflow/example_dags/example_dynamic_task_mapping.py
[2024-10-02T01:49:34.585+0000] {logging_mixin.py:151} INFO - [2024-10-02T01:49:34.585+0000] {dag.py:2915} INFO - Sync 1 DAGs
[2024-10-02T01:49:34.609+0000] {logging_mixin.py:151} INFO - [2024-10-02T01:49:34.609+0000] {dag.py:3696} INFO - Setting next_dagrun for example_dynamic_task_mapping to 2022-03-04T00:00:00+00:00, run_after=2022-03-05T00:00:00+00:00
[2024-10-02T01:49:34.629+0000] {processor.py:179} INFO - Processing /home/airflow/.local/lib/python3.8/site-packages/airflow/example_dags/example_dynamic_task_mapping.py took 0.098 seconds
[2024-10-02T01:50:05.184+0000] {processor.py:157} INFO - Started process (PID=208) to work on /home/airflow/.local/lib/python3.8/site-packages/airflow/example_dags/example_dynamic_task_mapping.py
[2024-10-02T01:50:05.187+0000] {processor.py:829} INFO - Processing file /home/airflow/.local/lib/python3.8/site-packages/airflow/example_dags/example_dynamic_task_mapping.py for tasks to queue
[2024-10-02T01:50:05.201+0000] {logging_mixin.py:151} INFO - [2024-10-02T01:50:05.200+0000] {dagbag.py:539} INFO - Filling up the DagBag from /home/airflow/.local/lib/python3.8/site-packages/airflow/example_dags/example_dynamic_task_mapping.py
[2024-10-02T01:50:05.215+0000] {processor.py:839} INFO - DAG(s) dict_keys(['example_dynamic_task_mapping']) retrieved from /home/airflow/.local/lib/python3.8/site-packages/airflow/example_dags/example_dynamic_task_mapping.py
[2024-10-02T01:50:05.256+0000] {logging_mixin.py:151} INFO - [2024-10-02T01:50:05.255+0000] {dag.py:2915} INFO - Sync 1 DAGs
[2024-10-02T01:50:05.284+0000] {logging_mixin.py:151} INFO - [2024-10-02T01:50:05.284+0000] {dag.py:3696} INFO - Setting next_dagrun for example_dynamic_task_mapping to 2022-03-04T00:00:00+00:00, run_after=2022-03-05T00:00:00+00:00
[2024-10-02T01:50:05.310+0000] {processor.py:179} INFO - Processing /home/airflow/.local/lib/python3.8/site-packages/airflow/example_dags/example_dynamic_task_mapping.py took 0.130 seconds
[2024-10-02T01:50:36.092+0000] {processor.py:157} INFO - Started process (PID=256) to work on /home/airflow/.local/lib/python3.8/site-packages/airflow/example_dags/example_dynamic_task_mapping.py
[2024-10-02T01:50:36.095+0000] {processor.py:829} INFO - Processing file /home/airflow/.local/lib/python3.8/site-packages/airflow/example_dags/example_dynamic_task_mapping.py for tasks to queue
[2024-10-02T01:50:36.100+0000] {logging_mixin.py:151} INFO - [2024-10-02T01:50:36.099+0000] {dagbag.py:539} INFO - Filling up the DagBag from /home/airflow/.local/lib/python3.8/site-packages/airflow/example_dags/example_dynamic_task_mapping.py
[2024-10-02T01:50:36.117+0000] {processor.py:839} INFO - DAG(s) dict_keys(['example_dynamic_task_mapping']) retrieved from /home/airflow/.local/lib/python3.8/site-packages/airflow/example_dags/example_dynamic_task_mapping.py
[2024-10-02T01:50:36.151+0000] {logging_mixin.py:151} INFO - [2024-10-02T01:50:36.150+0000] {dag.py:2915} INFO - Sync 1 DAGs
[2024-10-02T01:50:36.178+0000] {logging_mixin.py:151} INFO - [2024-10-02T01:50:36.178+0000] {dag.py:3696} INFO - Setting next_dagrun for example_dynamic_task_mapping to 2022-03-04T00:00:00+00:00, run_after=2022-03-05T00:00:00+00:00
[2024-10-02T01:50:36.205+0000] {processor.py:179} INFO - Processing /home/airflow/.local/lib/python3.8/site-packages/airflow/example_dags/example_dynamic_task_mapping.py took 0.118 seconds
[2024-10-02T01:51:06.904+0000] {processor.py:157} INFO - Started process (PID=304) to work on /home/airflow/.local/lib/python3.8/site-packages/airflow/example_dags/example_dynamic_task_mapping.py
[2024-10-02T01:51:06.907+0000] {processor.py:829} INFO - Processing file /home/airflow/.local/lib/python3.8/site-packages/airflow/example_dags/example_dynamic_task_mapping.py for tasks to queue
[2024-10-02T01:51:06.912+0000] {logging_mixin.py:151} INFO - [2024-10-02T01:51:06.911+0000] {dagbag.py:539} INFO - Filling up the DagBag from /home/airflow/.local/lib/python3.8/site-packages/airflow/example_dags/example_dynamic_task_mapping.py
[2024-10-02T01:51:06.945+0000] {processor.py:839} INFO - DAG(s) dict_keys(['example_dynamic_task_mapping']) retrieved from /home/airflow/.local/lib/python3.8/site-packages/airflow/example_dags/example_dynamic_task_mapping.py
[2024-10-02T01:51:06.997+0000] {logging_mixin.py:151} INFO - [2024-10-02T01:51:06.997+0000] {dag.py:2915} INFO - Sync 1 DAGs
[2024-10-02T01:51:07.097+0000] {logging_mixin.py:151} INFO - [2024-10-02T01:51:07.097+0000] {dag.py:3696} INFO - Setting next_dagrun for example_dynamic_task_mapping to 2022-03-04T00:00:00+00:00, run_after=2022-03-05T00:00:00+00:00
[2024-10-02T01:51:07.124+0000] {processor.py:179} INFO - Processing /home/airflow/.local/lib/python3.8/site-packages/airflow/example_dags/example_dynamic_task_mapping.py took 0.224 seconds
[2024-10-02T01:51:38.077+0000] {processor.py:157} INFO - Started process (PID=352) to work on /home/airflow/.local/lib/python3.8/site-packages/airflow/example_dags/example_dynamic_task_mapping.py
[2024-10-02T01:51:38.084+0000] {processor.py:829} INFO - Processing file /home/airflow/.local/lib/python3.8/site-packages/airflow/example_dags/example_dynamic_task_mapping.py for tasks to queue
[2024-10-02T01:51:38.090+0000] {logging_mixin.py:151} INFO - [2024-10-02T01:51:38.089+0000] {dagbag.py:539} INFO - Filling up the DagBag from /home/airflow/.local/lib/python3.8/site-packages/airflow/example_dags/example_dynamic_task_mapping.py
[2024-10-02T01:51:38.106+0000] {processor.py:839} INFO - DAG(s) dict_keys(['example_dynamic_task_mapping']) retrieved from /home/airflow/.local/lib/python3.8/site-packages/airflow/example_dags/example_dynamic_task_mapping.py
[2024-10-02T01:51:38.139+0000] {logging_mixin.py:151} INFO - [2024-10-02T01:51:38.139+0000] {dag.py:2915} INFO - Sync 1 DAGs
[2024-10-02T01:51:38.169+0000] {logging_mixin.py:151} INFO - [2024-10-02T01:51:38.168+0000] {dag.py:3696} INFO - Setting next_dagrun for example_dynamic_task_mapping to 2022-03-04T00:00:00+00:00, run_after=2022-03-05T00:00:00+00:00
[2024-10-02T01:51:38.197+0000] {processor.py:179} INFO - Processing /home/airflow/.local/lib/python3.8/site-packages/airflow/example_dags/example_dynamic_task_mapping.py took 0.128 seconds
[2024-10-02T01:52:08.307+0000] {processor.py:157} INFO - Started process (PID=400) to work on /home/airflow/.local/lib/python3.8/site-packages/airflow/example_dags/example_dynamic_task_mapping.py
[2024-10-02T01:52:08.311+0000] {processor.py:829} INFO - Processing file /home/airflow/.local/lib/python3.8/site-packages/airflow/example_dags/example_dynamic_task_mapping.py for tasks to queue
[2024-10-02T01:52:08.315+0000] {logging_mixin.py:151} INFO - [2024-10-02T01:52:08.314+0000] {dagbag.py:539} INFO - Filling up the DagBag from /home/airflow/.local/lib/python3.8/site-packages/airflow/example_dags/example_dynamic_task_mapping.py
[2024-10-02T01:52:08.329+0000] {processor.py:839} INFO - DAG(s) dict_keys(['example_dynamic_task_mapping']) retrieved from /home/airflow/.local/lib/python3.8/site-packages/airflow/example_dags/example_dynamic_task_mapping.py
[2024-10-02T01:52:08.365+0000] {logging_mixin.py:151} INFO - [2024-10-02T01:52:08.365+0000] {dag.py:2915} INFO - Sync 1 DAGs
[2024-10-02T01:52:08.396+0000] {logging_mixin.py:151} INFO - [2024-10-02T01:52:08.395+0000] {dag.py:3696} INFO - Setting next_dagrun for example_dynamic_task_mapping to 2022-03-04T00:00:00+00:00, run_after=2022-03-05T00:00:00+00:00
[2024-10-02T01:52:08.428+0000] {processor.py:179} INFO - Processing /home/airflow/.local/lib/python3.8/site-packages/airflow/example_dags/example_dynamic_task_mapping.py took 0.125 seconds
[2024-10-02T01:52:39.306+0000] {processor.py:157} INFO - Started process (PID=448) to work on /home/airflow/.local/lib/python3.8/site-packages/airflow/example_dags/example_dynamic_task_mapping.py
[2024-10-02T01:52:39.310+0000] {processor.py:829} INFO - Processing file /home/airflow/.local/lib/python3.8/site-packages/airflow/example_dags/example_dynamic_task_mapping.py for tasks to queue
[2024-10-02T01:52:39.314+0000] {logging_mixin.py:151} INFO - [2024-10-02T01:52:39.314+0000] {dagbag.py:539} INFO - Filling up the DagBag from /home/airflow/.local/lib/python3.8/site-packages/airflow/example_dags/example_dynamic_task_mapping.py
[2024-10-02T01:52:39.330+0000] {processor.py:839} INFO - DAG(s) dict_keys(['example_dynamic_task_mapping']) retrieved from /home/airflow/.local/lib/python3.8/site-packages/airflow/example_dags/example_dynamic_task_mapping.py
[2024-10-02T01:52:39.364+0000] {logging_mixin.py:151} INFO - [2024-10-02T01:52:39.364+0000] {dag.py:2915} INFO - Sync 1 DAGs
[2024-10-02T01:52:39.391+0000] {logging_mixin.py:151} INFO - [2024-10-02T01:52:39.390+0000] {dag.py:3696} INFO - Setting next_dagrun for example_dynamic_task_mapping to 2022-03-04T00:00:00+00:00, run_after=2022-03-05T00:00:00+00:00
[2024-10-02T01:52:39.414+0000] {processor.py:179} INFO - Processing /home/airflow/.local/lib/python3.8/site-packages/airflow/example_dags/example_dynamic_task_mapping.py took 0.112 seconds
[2024-10-02T01:53:10.978+0000] {processor.py:157} INFO - Started process (PID=496) to work on /home/airflow/.local/lib/python3.8/site-packages/airflow/example_dags/example_dynamic_task_mapping.py
[2024-10-02T01:53:10.985+0000] {processor.py:829} INFO - Processing file /home/airflow/.local/lib/python3.8/site-packages/airflow/example_dags/example_dynamic_task_mapping.py for tasks to queue
[2024-10-02T01:53:10.991+0000] {logging_mixin.py:151} INFO - [2024-10-02T01:53:10.991+0000] {dagbag.py:539} INFO - Filling up the DagBag from /home/airflow/.local/lib/python3.8/site-packages/airflow/example_dags/example_dynamic_task_mapping.py
[2024-10-02T01:53:11.007+0000] {processor.py:839} INFO - DAG(s) dict_keys(['example_dynamic_task_mapping']) retrieved from /home/airflow/.local/lib/python3.8/site-packages/airflow/example_dags/example_dynamic_task_mapping.py
[2024-10-02T01:53:11.071+0000] {logging_mixin.py:151} INFO - [2024-10-02T01:53:11.071+0000] {dag.py:2915} INFO - Sync 1 DAGs
[2024-10-02T01:53:11.103+0000] {logging_mixin.py:151} INFO - [2024-10-02T01:53:11.102+0000] {dag.py:3696} INFO - Setting next_dagrun for example_dynamic_task_mapping to 2022-03-04T00:00:00+00:00, run_after=2022-03-05T00:00:00+00:00
[2024-10-02T01:53:11.139+0000] {processor.py:179} INFO - Processing /home/airflow/.local/lib/python3.8/site-packages/airflow/example_dags/example_dynamic_task_mapping.py took 0.166 seconds
[2024-10-02T01:53:41.544+0000] {processor.py:157} INFO - Started process (PID=544) to work on /home/airflow/.local/lib/python3.8/site-packages/airflow/example_dags/example_dynamic_task_mapping.py
[2024-10-02T01:53:41.547+0000] {processor.py:829} INFO - Processing file /home/airflow/.local/lib/python3.8/site-packages/airflow/example_dags/example_dynamic_task_mapping.py for tasks to queue
[2024-10-02T01:53:41.551+0000] {logging_mixin.py:151} INFO - [2024-10-02T01:53:41.551+0000] {dagbag.py:539} INFO - Filling up the DagBag from /home/airflow/.local/lib/python3.8/site-packages/airflow/example_dags/example_dynamic_task_mapping.py
[2024-10-02T01:53:41.565+0000] {processor.py:839} INFO - DAG(s) dict_keys(['example_dynamic_task_mapping']) retrieved from /home/airflow/.local/lib/python3.8/site-packages/airflow/example_dags/example_dynamic_task_mapping.py
[2024-10-02T01:53:41.600+0000] {logging_mixin.py:151} INFO - [2024-10-02T01:53:41.600+0000] {dag.py:2915} INFO - Sync 1 DAGs
[2024-10-02T01:53:41.624+0000] {logging_mixin.py:151} INFO - [2024-10-02T01:53:41.623+0000] {dag.py:3696} INFO - Setting next_dagrun for example_dynamic_task_mapping to 2022-03-04T00:00:00+00:00, run_after=2022-03-05T00:00:00+00:00
[2024-10-02T01:53:41.648+0000] {processor.py:179} INFO - Processing /home/airflow/.local/lib/python3.8/site-packages/airflow/example_dags/example_dynamic_task_mapping.py took 0.109 seconds
[2024-10-02T01:57:20.684+0000] {processor.py:157} INFO - Started process (PID=624) to work on /home/airflow/.local/lib/python3.8/site-packages/airflow/example_dags/example_dynamic_task_mapping.py
[2024-10-02T01:57:20.689+0000] {processor.py:829} INFO - Processing file /home/airflow/.local/lib/python3.8/site-packages/airflow/example_dags/example_dynamic_task_mapping.py for tasks to queue
[2024-10-02T01:57:20.695+0000] {logging_mixin.py:151} INFO - [2024-10-02T01:57:20.694+0000] {dagbag.py:539} INFO - Filling up the DagBag from /home/airflow/.local/lib/python3.8/site-packages/airflow/example_dags/example_dynamic_task_mapping.py
[2024-10-02T01:57:20.711+0000] {processor.py:839} INFO - DAG(s) dict_keys(['example_dynamic_task_mapping']) retrieved from /home/airflow/.local/lib/python3.8/site-packages/airflow/example_dags/example_dynamic_task_mapping.py
[2024-10-02T01:57:20.748+0000] {logging_mixin.py:151} INFO - [2024-10-02T01:57:20.748+0000] {dag.py:2915} INFO - Sync 1 DAGs
[2024-10-02T01:57:20.779+0000] {logging_mixin.py:151} INFO - [2024-10-02T01:57:20.779+0000] {dag.py:3696} INFO - Setting next_dagrun for example_dynamic_task_mapping to 2022-03-04T00:00:00+00:00, run_after=2022-03-05T00:00:00+00:00
[2024-10-02T01:57:20.807+0000] {processor.py:179} INFO - Processing /home/airflow/.local/lib/python3.8/site-packages/airflow/example_dags/example_dynamic_task_mapping.py took 0.127 seconds
[2024-10-02T01:57:51.837+0000] {processor.py:157} INFO - Started process (PID=672) to work on /home/airflow/.local/lib/python3.8/site-packages/airflow/example_dags/example_dynamic_task_mapping.py
[2024-10-02T01:57:51.839+0000] {processor.py:829} INFO - Processing file /home/airflow/.local/lib/python3.8/site-packages/airflow/example_dags/example_dynamic_task_mapping.py for tasks to queue
[2024-10-02T01:57:51.846+0000] {logging_mixin.py:151} INFO - [2024-10-02T01:57:51.845+0000] {dagbag.py:539} INFO - Filling up the DagBag from /home/airflow/.local/lib/python3.8/site-packages/airflow/example_dags/example_dynamic_task_mapping.py
[2024-10-02T01:57:51.864+0000] {processor.py:839} INFO - DAG(s) dict_keys(['example_dynamic_task_mapping']) retrieved from /home/airflow/.local/lib/python3.8/site-packages/airflow/example_dags/example_dynamic_task_mapping.py
[2024-10-02T01:57:51.909+0000] {logging_mixin.py:151} INFO - [2024-10-02T01:57:51.909+0000] {dag.py:2915} INFO - Sync 1 DAGs
[2024-10-02T01:57:51.993+0000] {logging_mixin.py:151} INFO - [2024-10-02T01:57:51.993+0000] {dag.py:3696} INFO - Setting next_dagrun for example_dynamic_task_mapping to 2022-03-04T00:00:00+00:00, run_after=2022-03-05T00:00:00+00:00
[2024-10-02T01:57:52.024+0000] {processor.py:179} INFO - Processing /home/airflow/.local/lib/python3.8/site-packages/airflow/example_dags/example_dynamic_task_mapping.py took 0.192 seconds
[2024-10-02T01:58:23.156+0000] {processor.py:157} INFO - Started process (PID=720) to work on /home/airflow/.local/lib/python3.8/site-packages/airflow/example_dags/example_dynamic_task_mapping.py
[2024-10-02T01:58:23.158+0000] {processor.py:829} INFO - Processing file /home/airflow/.local/lib/python3.8/site-packages/airflow/example_dags/example_dynamic_task_mapping.py for tasks to queue
[2024-10-02T01:58:23.164+0000] {logging_mixin.py:151} INFO - [2024-10-02T01:58:23.163+0000] {dagbag.py:539} INFO - Filling up the DagBag from /home/airflow/.local/lib/python3.8/site-packages/airflow/example_dags/example_dynamic_task_mapping.py
[2024-10-02T01:58:23.181+0000] {processor.py:839} INFO - DAG(s) dict_keys(['example_dynamic_task_mapping']) retrieved from /home/airflow/.local/lib/python3.8/site-packages/airflow/example_dags/example_dynamic_task_mapping.py
[2024-10-02T01:58:23.231+0000] {logging_mixin.py:151} INFO - [2024-10-02T01:58:23.231+0000] {dag.py:2915} INFO - Sync 1 DAGs
[2024-10-02T01:58:23.266+0000] {logging_mixin.py:151} INFO - [2024-10-02T01:58:23.266+0000] {dag.py:3696} INFO - Setting next_dagrun for example_dynamic_task_mapping to 2022-03-04T00:00:00+00:00, run_after=2022-03-05T00:00:00+00:00
[2024-10-02T01:58:23.303+0000] {processor.py:179} INFO - Processing /home/airflow/.local/lib/python3.8/site-packages/airflow/example_dags/example_dynamic_task_mapping.py took 0.151 seconds
[2024-10-02T01:58:53.384+0000] {processor.py:157} INFO - Started process (PID=768) to work on /home/airflow/.local/lib/python3.8/site-packages/airflow/example_dags/example_dynamic_task_mapping.py
[2024-10-02T01:58:53.387+0000] {processor.py:829} INFO - Processing file /home/airflow/.local/lib/python3.8/site-packages/airflow/example_dags/example_dynamic_task_mapping.py for tasks to queue
[2024-10-02T01:58:53.395+0000] {logging_mixin.py:151} INFO - [2024-10-02T01:58:53.394+0000] {dagbag.py:539} INFO - Filling up the DagBag from /home/airflow/.local/lib/python3.8/site-packages/airflow/example_dags/example_dynamic_task_mapping.py
[2024-10-02T01:58:53.411+0000] {processor.py:839} INFO - DAG(s) dict_keys(['example_dynamic_task_mapping']) retrieved from /home/airflow/.local/lib/python3.8/site-packages/airflow/example_dags/example_dynamic_task_mapping.py
[2024-10-02T01:58:53.445+0000] {logging_mixin.py:151} INFO - [2024-10-02T01:58:53.445+0000] {dag.py:2915} INFO - Sync 1 DAGs
[2024-10-02T01:58:53.489+0000] {logging_mixin.py:151} INFO - [2024-10-02T01:58:53.489+0000] {dag.py:3696} INFO - Setting next_dagrun for example_dynamic_task_mapping to 2022-03-04T00:00:00+00:00, run_after=2022-03-05T00:00:00+00:00
[2024-10-02T01:58:53.538+0000] {processor.py:179} INFO - Processing /home/airflow/.local/lib/python3.8/site-packages/airflow/example_dags/example_dynamic_task_mapping.py took 0.158 seconds
[2024-10-02T01:59:24.937+0000] {processor.py:157} INFO - Started process (PID=815) to work on /home/airflow/.local/lib/python3.8/site-packages/airflow/example_dags/example_dynamic_task_mapping.py
[2024-10-02T01:59:24.940+0000] {processor.py:829} INFO - Processing file /home/airflow/.local/lib/python3.8/site-packages/airflow/example_dags/example_dynamic_task_mapping.py for tasks to queue
[2024-10-02T01:59:24.946+0000] {logging_mixin.py:151} INFO - [2024-10-02T01:59:24.945+0000] {dagbag.py:539} INFO - Filling up the DagBag from /home/airflow/.local/lib/python3.8/site-packages/airflow/example_dags/example_dynamic_task_mapping.py
[2024-10-02T01:59:24.963+0000] {processor.py:839} INFO - DAG(s) dict_keys(['example_dynamic_task_mapping']) retrieved from /home/airflow/.local/lib/python3.8/site-packages/airflow/example_dags/example_dynamic_task_mapping.py
[2024-10-02T01:59:25.019+0000] {logging_mixin.py:151} INFO - [2024-10-02T01:59:25.019+0000] {dag.py:2915} INFO - Sync 1 DAGs
[2024-10-02T01:59:25.057+0000] {logging_mixin.py:151} INFO - [2024-10-02T01:59:25.056+0000] {dag.py:3696} INFO - Setting next_dagrun for example_dynamic_task_mapping to 2022-03-04T00:00:00+00:00, run_after=2022-03-05T00:00:00+00:00
[2024-10-02T01:59:25.114+0000] {processor.py:179} INFO - Processing /home/airflow/.local/lib/python3.8/site-packages/airflow/example_dags/example_dynamic_task_mapping.py took 0.181 seconds
[2024-10-02T01:59:55.297+0000] {processor.py:157} INFO - Started process (PID=863) to work on /home/airflow/.local/lib/python3.8/site-packages/airflow/example_dags/example_dynamic_task_mapping.py
[2024-10-02T01:59:55.304+0000] {processor.py:829} INFO - Processing file /home/airflow/.local/lib/python3.8/site-packages/airflow/example_dags/example_dynamic_task_mapping.py for tasks to queue
[2024-10-02T01:59:55.309+0000] {logging_mixin.py:151} INFO - [2024-10-02T01:59:55.308+0000] {dagbag.py:539} INFO - Filling up the DagBag from /home/airflow/.local/lib/python3.8/site-packages/airflow/example_dags/example_dynamic_task_mapping.py
[2024-10-02T01:59:55.321+0000] {processor.py:839} INFO - DAG(s) dict_keys(['example_dynamic_task_mapping']) retrieved from /home/airflow/.local/lib/python3.8/site-packages/airflow/example_dags/example_dynamic_task_mapping.py
[2024-10-02T01:59:55.350+0000] {logging_mixin.py:151} INFO - [2024-10-02T01:59:55.350+0000] {dag.py:2915} INFO - Sync 1 DAGs
[2024-10-02T01:59:55.375+0000] {logging_mixin.py:151} INFO - [2024-10-02T01:59:55.375+0000] {dag.py:3696} INFO - Setting next_dagrun for example_dynamic_task_mapping to 2022-03-04T00:00:00+00:00, run_after=2022-03-05T00:00:00+00:00
[2024-10-02T01:59:55.402+0000] {processor.py:179} INFO - Processing /home/airflow/.local/lib/python3.8/site-packages/airflow/example_dags/example_dynamic_task_mapping.py took 0.108 seconds
[2024-10-02T02:00:26.760+0000] {processor.py:157} INFO - Started process (PID=911) to work on /home/airflow/.local/lib/python3.8/site-packages/airflow/example_dags/example_dynamic_task_mapping.py
[2024-10-02T02:00:26.765+0000] {processor.py:829} INFO - Processing file /home/airflow/.local/lib/python3.8/site-packages/airflow/example_dags/example_dynamic_task_mapping.py for tasks to queue
[2024-10-02T02:00:26.774+0000] {logging_mixin.py:151} INFO - [2024-10-02T02:00:26.771+0000] {dagbag.py:539} INFO - Filling up the DagBag from /home/airflow/.local/lib/python3.8/site-packages/airflow/example_dags/example_dynamic_task_mapping.py
[2024-10-02T02:00:26.790+0000] {processor.py:839} INFO - DAG(s) dict_keys(['example_dynamic_task_mapping']) retrieved from /home/airflow/.local/lib/python3.8/site-packages/airflow/example_dags/example_dynamic_task_mapping.py
[2024-10-02T02:00:26.824+0000] {logging_mixin.py:151} INFO - [2024-10-02T02:00:26.824+0000] {dag.py:2915} INFO - Sync 1 DAGs
[2024-10-02T02:00:26.861+0000] {logging_mixin.py:151} INFO - [2024-10-02T02:00:26.861+0000] {dag.py:3696} INFO - Setting next_dagrun for example_dynamic_task_mapping to 2022-03-04T00:00:00+00:00, run_after=2022-03-05T00:00:00+00:00
[2024-10-02T02:00:26.896+0000] {processor.py:179} INFO - Processing /home/airflow/.local/lib/python3.8/site-packages/airflow/example_dags/example_dynamic_task_mapping.py took 0.142 seconds
[2024-10-02T02:00:57.239+0000] {processor.py:157} INFO - Started process (PID=959) to work on /home/airflow/.local/lib/python3.8/site-packages/airflow/example_dags/example_dynamic_task_mapping.py
[2024-10-02T02:00:57.243+0000] {processor.py:829} INFO - Processing file /home/airflow/.local/lib/python3.8/site-packages/airflow/example_dags/example_dynamic_task_mapping.py for tasks to queue
[2024-10-02T02:00:57.247+0000] {logging_mixin.py:151} INFO - [2024-10-02T02:00:57.246+0000] {dagbag.py:539} INFO - Filling up the DagBag from /home/airflow/.local/lib/python3.8/site-packages/airflow/example_dags/example_dynamic_task_mapping.py
[2024-10-02T02:00:57.262+0000] {processor.py:839} INFO - DAG(s) dict_keys(['example_dynamic_task_mapping']) retrieved from /home/airflow/.local/lib/python3.8/site-packages/airflow/example_dags/example_dynamic_task_mapping.py
[2024-10-02T02:00:57.297+0000] {logging_mixin.py:151} INFO - [2024-10-02T02:00:57.297+0000] {dag.py:2915} INFO - Sync 1 DAGs
[2024-10-02T02:00:57.326+0000] {logging_mixin.py:151} INFO - [2024-10-02T02:00:57.325+0000] {dag.py:3696} INFO - Setting next_dagrun for example_dynamic_task_mapping to 2022-03-04T00:00:00+00:00, run_after=2022-03-05T00:00:00+00:00
[2024-10-02T02:00:57.352+0000] {processor.py:179} INFO - Processing /home/airflow/.local/lib/python3.8/site-packages/airflow/example_dags/example_dynamic_task_mapping.py took 0.119 seconds
[2024-10-02T02:03:26.496+0000] {processor.py:157} INFO - Started process (PID=64) to work on /home/airflow/.local/lib/python3.8/site-packages/airflow/example_dags/example_dynamic_task_mapping.py
[2024-10-02T02:03:26.503+0000] {processor.py:829} INFO - Processing file /home/airflow/.local/lib/python3.8/site-packages/airflow/example_dags/example_dynamic_task_mapping.py for tasks to queue
[2024-10-02T02:03:26.507+0000] {logging_mixin.py:151} INFO - [2024-10-02T02:03:26.506+0000] {dagbag.py:539} INFO - Filling up the DagBag from /home/airflow/.local/lib/python3.8/site-packages/airflow/example_dags/example_dynamic_task_mapping.py
[2024-10-02T02:03:26.522+0000] {processor.py:839} INFO - DAG(s) dict_keys(['example_dynamic_task_mapping']) retrieved from /home/airflow/.local/lib/python3.8/site-packages/airflow/example_dags/example_dynamic_task_mapping.py
[2024-10-02T02:03:26.690+0000] {logging_mixin.py:151} INFO - [2024-10-02T02:03:26.690+0000] {manager.py:499} INFO - Created Permission View: %s
[2024-10-02T02:03:26.713+0000] {logging_mixin.py:151} INFO - [2024-10-02T02:03:26.712+0000] {manager.py:499} INFO - Created Permission View: %s
[2024-10-02T02:03:26.724+0000] {logging_mixin.py:151} INFO - [2024-10-02T02:03:26.724+0000] {manager.py:499} INFO - Created Permission View: %s
[2024-10-02T02:03:26.726+0000] {logging_mixin.py:151} INFO - [2024-10-02T02:03:26.726+0000] {security.py:708} INFO - Not syncing DAG-level permissions for DAG 'DAG:example_dynamic_task_mapping' as access control is unset.
[2024-10-02T02:03:26.728+0000] {logging_mixin.py:151} INFO - [2024-10-02T02:03:26.727+0000] {dag.py:2915} INFO - Sync 1 DAGs
[2024-10-02T02:03:26.744+0000] {logging_mixin.py:151} INFO - [2024-10-02T02:03:26.744+0000] {dag.py:2937} INFO - Creating ORM DAG for example_dynamic_task_mapping
[2024-10-02T02:03:26.763+0000] {logging_mixin.py:151} INFO - [2024-10-02T02:03:26.762+0000] {dag.py:3696} INFO - Setting next_dagrun for example_dynamic_task_mapping to 2022-03-04T00:00:00+00:00, run_after=2022-03-05T00:00:00+00:00
[2024-10-02T02:03:26.812+0000] {processor.py:179} INFO - Processing /home/airflow/.local/lib/python3.8/site-packages/airflow/example_dags/example_dynamic_task_mapping.py took 0.318 seconds
[2024-10-02T02:06:23.730+0000] {processor.py:157} INFO - Started process (PID=64) to work on /home/airflow/.local/lib/python3.8/site-packages/airflow/example_dags/example_dynamic_task_mapping.py
[2024-10-02T02:06:23.741+0000] {processor.py:829} INFO - Processing file /home/airflow/.local/lib/python3.8/site-packages/airflow/example_dags/example_dynamic_task_mapping.py for tasks to queue
[2024-10-02T02:06:23.746+0000] {logging_mixin.py:151} INFO - [2024-10-02T02:06:23.745+0000] {dagbag.py:539} INFO - Filling up the DagBag from /home/airflow/.local/lib/python3.8/site-packages/airflow/example_dags/example_dynamic_task_mapping.py
[2024-10-02T02:06:23.760+0000] {processor.py:839} INFO - DAG(s) dict_keys(['example_dynamic_task_mapping']) retrieved from /home/airflow/.local/lib/python3.8/site-packages/airflow/example_dags/example_dynamic_task_mapping.py
[2024-10-02T02:06:23.892+0000] {logging_mixin.py:151} INFO - [2024-10-02T02:06:23.892+0000] {manager.py:499} INFO - Created Permission View: %s
[2024-10-02T02:06:23.918+0000] {logging_mixin.py:151} INFO - [2024-10-02T02:06:23.918+0000] {manager.py:499} INFO - Created Permission View: %s
[2024-10-02T02:06:23.932+0000] {logging_mixin.py:151} INFO - [2024-10-02T02:06:23.931+0000] {manager.py:499} INFO - Created Permission View: %s
[2024-10-02T02:06:23.933+0000] {logging_mixin.py:151} INFO - [2024-10-02T02:06:23.933+0000] {security.py:708} INFO - Not syncing DAG-level permissions for DAG 'DAG:example_dynamic_task_mapping' as access control is unset.
[2024-10-02T02:06:23.935+0000] {logging_mixin.py:151} INFO - [2024-10-02T02:06:23.935+0000] {dag.py:2915} INFO - Sync 1 DAGs
[2024-10-02T02:06:23.952+0000] {logging_mixin.py:151} INFO - [2024-10-02T02:06:23.952+0000] {dag.py:2937} INFO - Creating ORM DAG for example_dynamic_task_mapping
[2024-10-02T02:06:23.966+0000] {logging_mixin.py:151} INFO - [2024-10-02T02:06:23.966+0000] {dag.py:3696} INFO - Setting next_dagrun for example_dynamic_task_mapping to 2022-03-04T00:00:00+00:00, run_after=2022-03-05T00:00:00+00:00
[2024-10-02T02:06:23.986+0000] {processor.py:179} INFO - Processing /home/airflow/.local/lib/python3.8/site-packages/airflow/example_dags/example_dynamic_task_mapping.py took 0.261 seconds
[2024-10-02T02:06:54.325+0000] {processor.py:157} INFO - Started process (PID=112) to work on /home/airflow/.local/lib/python3.8/site-packages/airflow/example_dags/example_dynamic_task_mapping.py
[2024-10-02T02:06:54.331+0000] {processor.py:829} INFO - Processing file /home/airflow/.local/lib/python3.8/site-packages/airflow/example_dags/example_dynamic_task_mapping.py for tasks to queue
[2024-10-02T02:06:54.337+0000] {logging_mixin.py:151} INFO - [2024-10-02T02:06:54.336+0000] {dagbag.py:539} INFO - Filling up the DagBag from /home/airflow/.local/lib/python3.8/site-packages/airflow/example_dags/example_dynamic_task_mapping.py
[2024-10-02T02:06:54.356+0000] {processor.py:839} INFO - DAG(s) dict_keys(['example_dynamic_task_mapping']) retrieved from /home/airflow/.local/lib/python3.8/site-packages/airflow/example_dags/example_dynamic_task_mapping.py
[2024-10-02T02:06:54.417+0000] {logging_mixin.py:151} INFO - [2024-10-02T02:06:54.417+0000] {dag.py:2915} INFO - Sync 1 DAGs
[2024-10-02T02:06:54.443+0000] {logging_mixin.py:151} INFO - [2024-10-02T02:06:54.443+0000] {dag.py:3696} INFO - Setting next_dagrun for example_dynamic_task_mapping to 2022-03-04T00:00:00+00:00, run_after=2022-03-05T00:00:00+00:00
[2024-10-02T02:06:54.473+0000] {processor.py:179} INFO - Processing /home/airflow/.local/lib/python3.8/site-packages/airflow/example_dags/example_dynamic_task_mapping.py took 0.159 seconds
[2024-10-02T02:07:24.889+0000] {processor.py:157} INFO - Started process (PID=160) to work on /home/airflow/.local/lib/python3.8/site-packages/airflow/example_dags/example_dynamic_task_mapping.py
[2024-10-02T02:07:24.892+0000] {processor.py:829} INFO - Processing file /home/airflow/.local/lib/python3.8/site-packages/airflow/example_dags/example_dynamic_task_mapping.py for tasks to queue
[2024-10-02T02:07:24.896+0000] {logging_mixin.py:151} INFO - [2024-10-02T02:07:24.895+0000] {dagbag.py:539} INFO - Filling up the DagBag from /home/airflow/.local/lib/python3.8/site-packages/airflow/example_dags/example_dynamic_task_mapping.py
[2024-10-02T02:07:24.910+0000] {processor.py:839} INFO - DAG(s) dict_keys(['example_dynamic_task_mapping']) retrieved from /home/airflow/.local/lib/python3.8/site-packages/airflow/example_dags/example_dynamic_task_mapping.py
[2024-10-02T02:07:24.950+0000] {logging_mixin.py:151} INFO - [2024-10-02T02:07:24.950+0000] {dag.py:2915} INFO - Sync 1 DAGs
[2024-10-02T02:07:24.982+0000] {logging_mixin.py:151} INFO - [2024-10-02T02:07:24.982+0000] {dag.py:3696} INFO - Setting next_dagrun for example_dynamic_task_mapping to 2022-03-04T00:00:00+00:00, run_after=2022-03-05T00:00:00+00:00
[2024-10-02T02:07:25.009+0000] {processor.py:179} INFO - Processing /home/airflow/.local/lib/python3.8/site-packages/airflow/example_dags/example_dynamic_task_mapping.py took 0.124 seconds
[2024-10-02T02:07:55.611+0000] {processor.py:157} INFO - Started process (PID=208) to work on /home/airflow/.local/lib/python3.8/site-packages/airflow/example_dags/example_dynamic_task_mapping.py
[2024-10-02T02:07:55.615+0000] {processor.py:829} INFO - Processing file /home/airflow/.local/lib/python3.8/site-packages/airflow/example_dags/example_dynamic_task_mapping.py for tasks to queue
[2024-10-02T02:07:55.618+0000] {logging_mixin.py:151} INFO - [2024-10-02T02:07:55.618+0000] {dagbag.py:539} INFO - Filling up the DagBag from /home/airflow/.local/lib/python3.8/site-packages/airflow/example_dags/example_dynamic_task_mapping.py
[2024-10-02T02:07:55.632+0000] {processor.py:839} INFO - DAG(s) dict_keys(['example_dynamic_task_mapping']) retrieved from /home/airflow/.local/lib/python3.8/site-packages/airflow/example_dags/example_dynamic_task_mapping.py
[2024-10-02T02:07:55.665+0000] {logging_mixin.py:151} INFO - [2024-10-02T02:07:55.664+0000] {dag.py:2915} INFO - Sync 1 DAGs
[2024-10-02T02:07:55.697+0000] {logging_mixin.py:151} INFO - [2024-10-02T02:07:55.697+0000] {dag.py:3696} INFO - Setting next_dagrun for example_dynamic_task_mapping to 2022-03-04T00:00:00+00:00, run_after=2022-03-05T00:00:00+00:00
[2024-10-02T02:07:55.724+0000] {processor.py:179} INFO - Processing /home/airflow/.local/lib/python3.8/site-packages/airflow/example_dags/example_dynamic_task_mapping.py took 0.118 seconds
[2024-10-02T02:08:26.723+0000] {processor.py:157} INFO - Started process (PID=256) to work on /home/airflow/.local/lib/python3.8/site-packages/airflow/example_dags/example_dynamic_task_mapping.py
[2024-10-02T02:08:26.726+0000] {processor.py:829} INFO - Processing file /home/airflow/.local/lib/python3.8/site-packages/airflow/example_dags/example_dynamic_task_mapping.py for tasks to queue
[2024-10-02T02:08:26.730+0000] {logging_mixin.py:151} INFO - [2024-10-02T02:08:26.730+0000] {dagbag.py:539} INFO - Filling up the DagBag from /home/airflow/.local/lib/python3.8/site-packages/airflow/example_dags/example_dynamic_task_mapping.py
[2024-10-02T02:08:26.744+0000] {processor.py:839} INFO - DAG(s) dict_keys(['example_dynamic_task_mapping']) retrieved from /home/airflow/.local/lib/python3.8/site-packages/airflow/example_dags/example_dynamic_task_mapping.py
[2024-10-02T02:08:26.779+0000] {logging_mixin.py:151} INFO - [2024-10-02T02:08:26.778+0000] {dag.py:2915} INFO - Sync 1 DAGs
[2024-10-02T02:08:26.820+0000] {logging_mixin.py:151} INFO - [2024-10-02T02:08:26.820+0000] {dag.py:3696} INFO - Setting next_dagrun for example_dynamic_task_mapping to 2022-03-04T00:00:00+00:00, run_after=2022-03-05T00:00:00+00:00
[2024-10-02T02:08:26.860+0000] {processor.py:179} INFO - Processing /home/airflow/.local/lib/python3.8/site-packages/airflow/example_dags/example_dynamic_task_mapping.py took 0.142 seconds
[2024-10-02T02:08:56.936+0000] {processor.py:157} INFO - Started process (PID=304) to work on /home/airflow/.local/lib/python3.8/site-packages/airflow/example_dags/example_dynamic_task_mapping.py
[2024-10-02T02:08:56.939+0000] {processor.py:829} INFO - Processing file /home/airflow/.local/lib/python3.8/site-packages/airflow/example_dags/example_dynamic_task_mapping.py for tasks to queue
[2024-10-02T02:08:56.942+0000] {logging_mixin.py:151} INFO - [2024-10-02T02:08:56.942+0000] {dagbag.py:539} INFO - Filling up the DagBag from /home/airflow/.local/lib/python3.8/site-packages/airflow/example_dags/example_dynamic_task_mapping.py
[2024-10-02T02:08:56.957+0000] {processor.py:839} INFO - DAG(s) dict_keys(['example_dynamic_task_mapping']) retrieved from /home/airflow/.local/lib/python3.8/site-packages/airflow/example_dags/example_dynamic_task_mapping.py
[2024-10-02T02:08:56.988+0000] {logging_mixin.py:151} INFO - [2024-10-02T02:08:56.988+0000] {dag.py:2915} INFO - Sync 1 DAGs
[2024-10-02T02:08:57.022+0000] {logging_mixin.py:151} INFO - [2024-10-02T02:08:57.021+0000] {dag.py:3696} INFO - Setting next_dagrun for example_dynamic_task_mapping to 2022-03-04T00:00:00+00:00, run_after=2022-03-05T00:00:00+00:00
[2024-10-02T02:08:57.059+0000] {processor.py:179} INFO - Processing /home/airflow/.local/lib/python3.8/site-packages/airflow/example_dags/example_dynamic_task_mapping.py took 0.126 seconds
[2024-10-02T02:09:28.036+0000] {processor.py:157} INFO - Started process (PID=352) to work on /home/airflow/.local/lib/python3.8/site-packages/airflow/example_dags/example_dynamic_task_mapping.py
[2024-10-02T02:09:28.041+0000] {processor.py:829} INFO - Processing file /home/airflow/.local/lib/python3.8/site-packages/airflow/example_dags/example_dynamic_task_mapping.py for tasks to queue
[2024-10-02T02:09:28.046+0000] {logging_mixin.py:151} INFO - [2024-10-02T02:09:28.045+0000] {dagbag.py:539} INFO - Filling up the DagBag from /home/airflow/.local/lib/python3.8/site-packages/airflow/example_dags/example_dynamic_task_mapping.py
[2024-10-02T02:09:28.060+0000] {processor.py:839} INFO - DAG(s) dict_keys(['example_dynamic_task_mapping']) retrieved from /home/airflow/.local/lib/python3.8/site-packages/airflow/example_dags/example_dynamic_task_mapping.py
[2024-10-02T02:09:28.123+0000] {logging_mixin.py:151} INFO - [2024-10-02T02:09:28.122+0000] {dag.py:2915} INFO - Sync 1 DAGs
[2024-10-02T02:09:28.187+0000] {logging_mixin.py:151} INFO - [2024-10-02T02:09:28.186+0000] {dag.py:3696} INFO - Setting next_dagrun for example_dynamic_task_mapping to 2022-03-04T00:00:00+00:00, run_after=2022-03-05T00:00:00+00:00
[2024-10-02T02:09:28.345+0000] {processor.py:179} INFO - Processing /home/airflow/.local/lib/python3.8/site-packages/airflow/example_dags/example_dynamic_task_mapping.py took 0.313 seconds
[2024-10-02T02:09:59.350+0000] {processor.py:157} INFO - Started process (PID=400) to work on /home/airflow/.local/lib/python3.8/site-packages/airflow/example_dags/example_dynamic_task_mapping.py
[2024-10-02T02:09:59.354+0000] {processor.py:829} INFO - Processing file /home/airflow/.local/lib/python3.8/site-packages/airflow/example_dags/example_dynamic_task_mapping.py for tasks to queue
[2024-10-02T02:09:59.371+0000] {logging_mixin.py:151} INFO - [2024-10-02T02:09:59.370+0000] {dagbag.py:539} INFO - Filling up the DagBag from /home/airflow/.local/lib/python3.8/site-packages/airflow/example_dags/example_dynamic_task_mapping.py
[2024-10-02T02:09:59.403+0000] {processor.py:839} INFO - DAG(s) dict_keys(['example_dynamic_task_mapping']) retrieved from /home/airflow/.local/lib/python3.8/site-packages/airflow/example_dags/example_dynamic_task_mapping.py
[2024-10-02T02:09:59.448+0000] {logging_mixin.py:151} INFO - [2024-10-02T02:09:59.448+0000] {dag.py:2915} INFO - Sync 1 DAGs
[2024-10-02T02:09:59.487+0000] {logging_mixin.py:151} INFO - [2024-10-02T02:09:59.487+0000] {dag.py:3696} INFO - Setting next_dagrun for example_dynamic_task_mapping to 2022-03-04T00:00:00+00:00, run_after=2022-03-05T00:00:00+00:00
[2024-10-02T02:09:59.521+0000] {processor.py:179} INFO - Processing /home/airflow/.local/lib/python3.8/site-packages/airflow/example_dags/example_dynamic_task_mapping.py took 0.176 seconds
[2024-10-02T02:10:29.771+0000] {processor.py:157} INFO - Started process (PID=448) to work on /home/airflow/.local/lib/python3.8/site-packages/airflow/example_dags/example_dynamic_task_mapping.py
[2024-10-02T02:10:29.776+0000] {processor.py:829} INFO - Processing file /home/airflow/.local/lib/python3.8/site-packages/airflow/example_dags/example_dynamic_task_mapping.py for tasks to queue
[2024-10-02T02:10:29.785+0000] {logging_mixin.py:151} INFO - [2024-10-02T02:10:29.783+0000] {dagbag.py:539} INFO - Filling up the DagBag from /home/airflow/.local/lib/python3.8/site-packages/airflow/example_dags/example_dynamic_task_mapping.py
[2024-10-02T02:10:29.814+0000] {processor.py:839} INFO - DAG(s) dict_keys(['example_dynamic_task_mapping']) retrieved from /home/airflow/.local/lib/python3.8/site-packages/airflow/example_dags/example_dynamic_task_mapping.py
[2024-10-02T02:10:29.864+0000] {logging_mixin.py:151} INFO - [2024-10-02T02:10:29.863+0000] {dag.py:2915} INFO - Sync 1 DAGs
[2024-10-02T02:10:29.924+0000] {logging_mixin.py:151} INFO - [2024-10-02T02:10:29.923+0000] {dag.py:3696} INFO - Setting next_dagrun for example_dynamic_task_mapping to 2022-03-04T00:00:00+00:00, run_after=2022-03-05T00:00:00+00:00
[2024-10-02T02:10:29.982+0000] {processor.py:179} INFO - Processing /home/airflow/.local/lib/python3.8/site-packages/airflow/example_dags/example_dynamic_task_mapping.py took 0.217 seconds
