[2024-10-02T01:32:07.989+0000] {processor.py:157} INFO - Started process (PID=36) to work on /home/airflow/.local/lib/python3.8/site-packages/airflow/example_dags/example_time_delta_sensor_async.py
[2024-10-02T01:32:07.992+0000] {processor.py:829} INFO - Processing file /home/airflow/.local/lib/python3.8/site-packages/airflow/example_dags/example_time_delta_sensor_async.py for tasks to queue
[2024-10-02T01:32:08.006+0000] {logging_mixin.py:151} INFO - [2024-10-02T01:32:08.006+0000] {dagbag.py:539} INFO - Filling up the DagBag from /home/airflow/.local/lib/python3.8/site-packages/airflow/example_dags/example_time_delta_sensor_async.py
[2024-10-02T01:32:08.044+0000] {processor.py:839} INFO - DAG(s) dict_keys(['example_time_delta_sensor_async']) retrieved from /home/airflow/.local/lib/python3.8/site-packages/airflow/example_dags/example_time_delta_sensor_async.py
[2024-10-02T01:32:08.505+0000] {logging_mixin.py:151} INFO - [2024-10-02T01:32:08.504+0000] {manager.py:499} INFO - Created Permission View: %s
[2024-10-02T01:32:08.538+0000] {logging_mixin.py:151} INFO - [2024-10-02T01:32:08.537+0000] {manager.py:499} INFO - Created Permission View: %s
[2024-10-02T01:32:08.559+0000] {logging_mixin.py:151} INFO - [2024-10-02T01:32:08.558+0000] {manager.py:499} INFO - Created Permission View: %s
[2024-10-02T01:32:08.569+0000] {logging_mixin.py:151} INFO - [2024-10-02T01:32:08.569+0000] {security.py:708} INFO - Not syncing DAG-level permissions for DAG 'DAG:example_time_delta_sensor_async' as access control is unset.
[2024-10-02T01:32:08.574+0000] {logging_mixin.py:151} INFO - [2024-10-02T01:32:08.574+0000] {dag.py:2915} INFO - Sync 1 DAGs
[2024-10-02T01:32:08.597+0000] {logging_mixin.py:151} INFO - [2024-10-02T01:32:08.597+0000] {dag.py:2937} INFO - Creating ORM DAG for example_time_delta_sensor_async
[2024-10-02T01:32:08.602+0000] {logging_mixin.py:151} INFO - [2024-10-02T01:32:08.601+0000] {dag.py:3696} INFO - Setting next_dagrun for example_time_delta_sensor_async to None, run_after=None
[2024-10-02T01:32:08.623+0000] {processor.py:179} INFO - Processing /home/airflow/.local/lib/python3.8/site-packages/airflow/example_dags/example_time_delta_sensor_async.py took 0.654 seconds
[2024-10-02T01:32:39.095+0000] {processor.py:157} INFO - Started process (PID=84) to work on /home/airflow/.local/lib/python3.8/site-packages/airflow/example_dags/example_time_delta_sensor_async.py
[2024-10-02T01:32:39.099+0000] {processor.py:829} INFO - Processing file /home/airflow/.local/lib/python3.8/site-packages/airflow/example_dags/example_time_delta_sensor_async.py for tasks to queue
[2024-10-02T01:32:39.104+0000] {logging_mixin.py:151} INFO - [2024-10-02T01:32:39.103+0000] {dagbag.py:539} INFO - Filling up the DagBag from /home/airflow/.local/lib/python3.8/site-packages/airflow/example_dags/example_time_delta_sensor_async.py
[2024-10-02T01:32:39.116+0000] {processor.py:839} INFO - DAG(s) dict_keys(['example_time_delta_sensor_async']) retrieved from /home/airflow/.local/lib/python3.8/site-packages/airflow/example_dags/example_time_delta_sensor_async.py
[2024-10-02T01:32:39.145+0000] {logging_mixin.py:151} INFO - [2024-10-02T01:32:39.144+0000] {dag.py:2915} INFO - Sync 1 DAGs
[2024-10-02T01:32:39.161+0000] {logging_mixin.py:151} INFO - [2024-10-02T01:32:39.161+0000] {dag.py:3696} INFO - Setting next_dagrun for example_time_delta_sensor_async to None, run_after=None
[2024-10-02T01:32:39.181+0000] {processor.py:179} INFO - Processing /home/airflow/.local/lib/python3.8/site-packages/airflow/example_dags/example_time_delta_sensor_async.py took 0.090 seconds
[2024-10-02T01:33:09.541+0000] {processor.py:157} INFO - Started process (PID=132) to work on /home/airflow/.local/lib/python3.8/site-packages/airflow/example_dags/example_time_delta_sensor_async.py
[2024-10-02T01:33:09.543+0000] {processor.py:829} INFO - Processing file /home/airflow/.local/lib/python3.8/site-packages/airflow/example_dags/example_time_delta_sensor_async.py for tasks to queue
[2024-10-02T01:33:09.547+0000] {logging_mixin.py:151} INFO - [2024-10-02T01:33:09.546+0000] {dagbag.py:539} INFO - Filling up the DagBag from /home/airflow/.local/lib/python3.8/site-packages/airflow/example_dags/example_time_delta_sensor_async.py
[2024-10-02T01:33:09.563+0000] {processor.py:839} INFO - DAG(s) dict_keys(['example_time_delta_sensor_async']) retrieved from /home/airflow/.local/lib/python3.8/site-packages/airflow/example_dags/example_time_delta_sensor_async.py
[2024-10-02T01:33:09.596+0000] {logging_mixin.py:151} INFO - [2024-10-02T01:33:09.595+0000] {dag.py:2915} INFO - Sync 1 DAGs
[2024-10-02T01:33:09.613+0000] {logging_mixin.py:151} INFO - [2024-10-02T01:33:09.613+0000] {dag.py:3696} INFO - Setting next_dagrun for example_time_delta_sensor_async to None, run_after=None
[2024-10-02T01:33:09.635+0000] {processor.py:179} INFO - Processing /home/airflow/.local/lib/python3.8/site-packages/airflow/example_dags/example_time_delta_sensor_async.py took 0.097 seconds
[2024-10-02T01:33:39.851+0000] {processor.py:157} INFO - Started process (PID=180) to work on /home/airflow/.local/lib/python3.8/site-packages/airflow/example_dags/example_time_delta_sensor_async.py
[2024-10-02T01:33:39.862+0000] {processor.py:829} INFO - Processing file /home/airflow/.local/lib/python3.8/site-packages/airflow/example_dags/example_time_delta_sensor_async.py for tasks to queue
[2024-10-02T01:33:39.873+0000] {logging_mixin.py:151} INFO - [2024-10-02T01:33:39.872+0000] {dagbag.py:539} INFO - Filling up the DagBag from /home/airflow/.local/lib/python3.8/site-packages/airflow/example_dags/example_time_delta_sensor_async.py
[2024-10-02T01:33:39.909+0000] {processor.py:839} INFO - DAG(s) dict_keys(['example_time_delta_sensor_async']) retrieved from /home/airflow/.local/lib/python3.8/site-packages/airflow/example_dags/example_time_delta_sensor_async.py
[2024-10-02T01:33:40.048+0000] {logging_mixin.py:151} INFO - [2024-10-02T01:33:40.046+0000] {dag.py:2915} INFO - Sync 1 DAGs
[2024-10-02T01:33:40.374+0000] {logging_mixin.py:151} INFO - [2024-10-02T01:33:40.373+0000] {dag.py:3696} INFO - Setting next_dagrun for example_time_delta_sensor_async to None, run_after=None
[2024-10-02T01:33:40.421+0000] {processor.py:179} INFO - Processing /home/airflow/.local/lib/python3.8/site-packages/airflow/example_dags/example_time_delta_sensor_async.py took 0.590 seconds
[2024-10-02T01:34:11.059+0000] {processor.py:157} INFO - Started process (PID=228) to work on /home/airflow/.local/lib/python3.8/site-packages/airflow/example_dags/example_time_delta_sensor_async.py
[2024-10-02T01:34:11.062+0000] {processor.py:829} INFO - Processing file /home/airflow/.local/lib/python3.8/site-packages/airflow/example_dags/example_time_delta_sensor_async.py for tasks to queue
[2024-10-02T01:34:11.067+0000] {logging_mixin.py:151} INFO - [2024-10-02T01:34:11.066+0000] {dagbag.py:539} INFO - Filling up the DagBag from /home/airflow/.local/lib/python3.8/site-packages/airflow/example_dags/example_time_delta_sensor_async.py
[2024-10-02T01:34:11.083+0000] {processor.py:839} INFO - DAG(s) dict_keys(['example_time_delta_sensor_async']) retrieved from /home/airflow/.local/lib/python3.8/site-packages/airflow/example_dags/example_time_delta_sensor_async.py
[2024-10-02T01:34:11.121+0000] {logging_mixin.py:151} INFO - [2024-10-02T01:34:11.121+0000] {dag.py:2915} INFO - Sync 1 DAGs
[2024-10-02T01:34:11.146+0000] {logging_mixin.py:151} INFO - [2024-10-02T01:34:11.145+0000] {dag.py:3696} INFO - Setting next_dagrun for example_time_delta_sensor_async to None, run_after=None
[2024-10-02T01:34:11.180+0000] {processor.py:179} INFO - Processing /home/airflow/.local/lib/python3.8/site-packages/airflow/example_dags/example_time_delta_sensor_async.py took 0.126 seconds
[2024-10-02T01:34:41.448+0000] {processor.py:157} INFO - Started process (PID=276) to work on /home/airflow/.local/lib/python3.8/site-packages/airflow/example_dags/example_time_delta_sensor_async.py
[2024-10-02T01:34:41.452+0000] {processor.py:829} INFO - Processing file /home/airflow/.local/lib/python3.8/site-packages/airflow/example_dags/example_time_delta_sensor_async.py for tasks to queue
[2024-10-02T01:34:41.465+0000] {logging_mixin.py:151} INFO - [2024-10-02T01:34:41.465+0000] {dagbag.py:539} INFO - Filling up the DagBag from /home/airflow/.local/lib/python3.8/site-packages/airflow/example_dags/example_time_delta_sensor_async.py
[2024-10-02T01:34:41.502+0000] {processor.py:839} INFO - DAG(s) dict_keys(['example_time_delta_sensor_async']) retrieved from /home/airflow/.local/lib/python3.8/site-packages/airflow/example_dags/example_time_delta_sensor_async.py
[2024-10-02T01:34:41.577+0000] {logging_mixin.py:151} INFO - [2024-10-02T01:34:41.567+0000] {dag.py:2915} INFO - Sync 1 DAGs
[2024-10-02T01:34:41.812+0000] {logging_mixin.py:151} INFO - [2024-10-02T01:34:41.811+0000] {dag.py:3696} INFO - Setting next_dagrun for example_time_delta_sensor_async to None, run_after=None
[2024-10-02T01:34:41.874+0000] {processor.py:179} INFO - Processing /home/airflow/.local/lib/python3.8/site-packages/airflow/example_dags/example_time_delta_sensor_async.py took 0.430 seconds
[2024-10-02T01:35:12.026+0000] {processor.py:157} INFO - Started process (PID=324) to work on /home/airflow/.local/lib/python3.8/site-packages/airflow/example_dags/example_time_delta_sensor_async.py
[2024-10-02T01:35:12.031+0000] {processor.py:829} INFO - Processing file /home/airflow/.local/lib/python3.8/site-packages/airflow/example_dags/example_time_delta_sensor_async.py for tasks to queue
[2024-10-02T01:35:12.038+0000] {logging_mixin.py:151} INFO - [2024-10-02T01:35:12.037+0000] {dagbag.py:539} INFO - Filling up the DagBag from /home/airflow/.local/lib/python3.8/site-packages/airflow/example_dags/example_time_delta_sensor_async.py
[2024-10-02T01:35:12.054+0000] {processor.py:839} INFO - DAG(s) dict_keys(['example_time_delta_sensor_async']) retrieved from /home/airflow/.local/lib/python3.8/site-packages/airflow/example_dags/example_time_delta_sensor_async.py
[2024-10-02T01:35:12.107+0000] {logging_mixin.py:151} INFO - [2024-10-02T01:35:12.107+0000] {dag.py:2915} INFO - Sync 1 DAGs
[2024-10-02T01:35:12.145+0000] {logging_mixin.py:151} INFO - [2024-10-02T01:35:12.145+0000] {dag.py:3696} INFO - Setting next_dagrun for example_time_delta_sensor_async to None, run_after=None
[2024-10-02T01:35:12.183+0000] {processor.py:179} INFO - Processing /home/airflow/.local/lib/python3.8/site-packages/airflow/example_dags/example_time_delta_sensor_async.py took 0.161 seconds
[2024-10-02T01:35:42.668+0000] {processor.py:157} INFO - Started process (PID=372) to work on /home/airflow/.local/lib/python3.8/site-packages/airflow/example_dags/example_time_delta_sensor_async.py
[2024-10-02T01:35:42.673+0000] {processor.py:829} INFO - Processing file /home/airflow/.local/lib/python3.8/site-packages/airflow/example_dags/example_time_delta_sensor_async.py for tasks to queue
[2024-10-02T01:35:42.679+0000] {logging_mixin.py:151} INFO - [2024-10-02T01:35:42.679+0000] {dagbag.py:539} INFO - Filling up the DagBag from /home/airflow/.local/lib/python3.8/site-packages/airflow/example_dags/example_time_delta_sensor_async.py
[2024-10-02T01:35:42.698+0000] {processor.py:839} INFO - DAG(s) dict_keys(['example_time_delta_sensor_async']) retrieved from /home/airflow/.local/lib/python3.8/site-packages/airflow/example_dags/example_time_delta_sensor_async.py
[2024-10-02T01:35:42.740+0000] {logging_mixin.py:151} INFO - [2024-10-02T01:35:42.739+0000] {dag.py:2915} INFO - Sync 1 DAGs
[2024-10-02T01:35:42.768+0000] {logging_mixin.py:151} INFO - [2024-10-02T01:35:42.767+0000] {dag.py:3696} INFO - Setting next_dagrun for example_time_delta_sensor_async to None, run_after=None
[2024-10-02T01:35:42.796+0000] {processor.py:179} INFO - Processing /home/airflow/.local/lib/python3.8/site-packages/airflow/example_dags/example_time_delta_sensor_async.py took 0.135 seconds
[2024-10-02T01:36:12.882+0000] {processor.py:157} INFO - Started process (PID=420) to work on /home/airflow/.local/lib/python3.8/site-packages/airflow/example_dags/example_time_delta_sensor_async.py
[2024-10-02T01:36:12.887+0000] {processor.py:829} INFO - Processing file /home/airflow/.local/lib/python3.8/site-packages/airflow/example_dags/example_time_delta_sensor_async.py for tasks to queue
[2024-10-02T01:36:12.895+0000] {logging_mixin.py:151} INFO - [2024-10-02T01:36:12.894+0000] {dagbag.py:539} INFO - Filling up the DagBag from /home/airflow/.local/lib/python3.8/site-packages/airflow/example_dags/example_time_delta_sensor_async.py
[2024-10-02T01:36:12.909+0000] {processor.py:839} INFO - DAG(s) dict_keys(['example_time_delta_sensor_async']) retrieved from /home/airflow/.local/lib/python3.8/site-packages/airflow/example_dags/example_time_delta_sensor_async.py
[2024-10-02T01:36:12.949+0000] {logging_mixin.py:151} INFO - [2024-10-02T01:36:12.948+0000] {dag.py:2915} INFO - Sync 1 DAGs
[2024-10-02T01:36:12.966+0000] {logging_mixin.py:151} INFO - [2024-10-02T01:36:12.966+0000] {dag.py:3696} INFO - Setting next_dagrun for example_time_delta_sensor_async to None, run_after=None
[2024-10-02T01:36:12.997+0000] {processor.py:179} INFO - Processing /home/airflow/.local/lib/python3.8/site-packages/airflow/example_dags/example_time_delta_sensor_async.py took 0.122 seconds
[2024-10-02T01:36:43.556+0000] {processor.py:157} INFO - Started process (PID=468) to work on /home/airflow/.local/lib/python3.8/site-packages/airflow/example_dags/example_time_delta_sensor_async.py
[2024-10-02T01:36:43.559+0000] {processor.py:829} INFO - Processing file /home/airflow/.local/lib/python3.8/site-packages/airflow/example_dags/example_time_delta_sensor_async.py for tasks to queue
[2024-10-02T01:36:43.562+0000] {logging_mixin.py:151} INFO - [2024-10-02T01:36:43.562+0000] {dagbag.py:539} INFO - Filling up the DagBag from /home/airflow/.local/lib/python3.8/site-packages/airflow/example_dags/example_time_delta_sensor_async.py
[2024-10-02T01:36:43.577+0000] {processor.py:839} INFO - DAG(s) dict_keys(['example_time_delta_sensor_async']) retrieved from /home/airflow/.local/lib/python3.8/site-packages/airflow/example_dags/example_time_delta_sensor_async.py
[2024-10-02T01:36:43.611+0000] {logging_mixin.py:151} INFO - [2024-10-02T01:36:43.611+0000] {dag.py:2915} INFO - Sync 1 DAGs
[2024-10-02T01:36:43.627+0000] {logging_mixin.py:151} INFO - [2024-10-02T01:36:43.626+0000] {dag.py:3696} INFO - Setting next_dagrun for example_time_delta_sensor_async to None, run_after=None
[2024-10-02T01:36:43.658+0000] {processor.py:179} INFO - Processing /home/airflow/.local/lib/python3.8/site-packages/airflow/example_dags/example_time_delta_sensor_async.py took 0.105 seconds
[2024-10-02T01:37:14.678+0000] {processor.py:157} INFO - Started process (PID=516) to work on /home/airflow/.local/lib/python3.8/site-packages/airflow/example_dags/example_time_delta_sensor_async.py
[2024-10-02T01:37:14.681+0000] {processor.py:829} INFO - Processing file /home/airflow/.local/lib/python3.8/site-packages/airflow/example_dags/example_time_delta_sensor_async.py for tasks to queue
[2024-10-02T01:37:14.689+0000] {logging_mixin.py:151} INFO - [2024-10-02T01:37:14.687+0000] {dagbag.py:539} INFO - Filling up the DagBag from /home/airflow/.local/lib/python3.8/site-packages/airflow/example_dags/example_time_delta_sensor_async.py
[2024-10-02T01:37:14.702+0000] {processor.py:839} INFO - DAG(s) dict_keys(['example_time_delta_sensor_async']) retrieved from /home/airflow/.local/lib/python3.8/site-packages/airflow/example_dags/example_time_delta_sensor_async.py
[2024-10-02T01:37:14.743+0000] {logging_mixin.py:151} INFO - [2024-10-02T01:37:14.743+0000] {dag.py:2915} INFO - Sync 1 DAGs
[2024-10-02T01:37:14.760+0000] {logging_mixin.py:151} INFO - [2024-10-02T01:37:14.759+0000] {dag.py:3696} INFO - Setting next_dagrun for example_time_delta_sensor_async to None, run_after=None
[2024-10-02T01:37:14.803+0000] {processor.py:179} INFO - Processing /home/airflow/.local/lib/python3.8/site-packages/airflow/example_dags/example_time_delta_sensor_async.py took 0.130 seconds
[2024-10-02T01:37:45.641+0000] {processor.py:157} INFO - Started process (PID=564) to work on /home/airflow/.local/lib/python3.8/site-packages/airflow/example_dags/example_time_delta_sensor_async.py
[2024-10-02T01:37:45.644+0000] {processor.py:829} INFO - Processing file /home/airflow/.local/lib/python3.8/site-packages/airflow/example_dags/example_time_delta_sensor_async.py for tasks to queue
[2024-10-02T01:37:45.652+0000] {logging_mixin.py:151} INFO - [2024-10-02T01:37:45.651+0000] {dagbag.py:539} INFO - Filling up the DagBag from /home/airflow/.local/lib/python3.8/site-packages/airflow/example_dags/example_time_delta_sensor_async.py
[2024-10-02T01:37:45.668+0000] {processor.py:839} INFO - DAG(s) dict_keys(['example_time_delta_sensor_async']) retrieved from /home/airflow/.local/lib/python3.8/site-packages/airflow/example_dags/example_time_delta_sensor_async.py
[2024-10-02T01:37:45.706+0000] {logging_mixin.py:151} INFO - [2024-10-02T01:37:45.706+0000] {dag.py:2915} INFO - Sync 1 DAGs
[2024-10-02T01:37:45.734+0000] {logging_mixin.py:151} INFO - [2024-10-02T01:37:45.734+0000] {dag.py:3696} INFO - Setting next_dagrun for example_time_delta_sensor_async to None, run_after=None
[2024-10-02T01:37:45.769+0000] {processor.py:179} INFO - Processing /home/airflow/.local/lib/python3.8/site-packages/airflow/example_dags/example_time_delta_sensor_async.py took 0.134 seconds
[2024-10-02T01:38:16.326+0000] {processor.py:157} INFO - Started process (PID=612) to work on /home/airflow/.local/lib/python3.8/site-packages/airflow/example_dags/example_time_delta_sensor_async.py
[2024-10-02T01:38:16.328+0000] {processor.py:829} INFO - Processing file /home/airflow/.local/lib/python3.8/site-packages/airflow/example_dags/example_time_delta_sensor_async.py for tasks to queue
[2024-10-02T01:38:16.332+0000] {logging_mixin.py:151} INFO - [2024-10-02T01:38:16.331+0000] {dagbag.py:539} INFO - Filling up the DagBag from /home/airflow/.local/lib/python3.8/site-packages/airflow/example_dags/example_time_delta_sensor_async.py
[2024-10-02T01:38:16.343+0000] {processor.py:839} INFO - DAG(s) dict_keys(['example_time_delta_sensor_async']) retrieved from /home/airflow/.local/lib/python3.8/site-packages/airflow/example_dags/example_time_delta_sensor_async.py
[2024-10-02T01:38:16.380+0000] {logging_mixin.py:151} INFO - [2024-10-02T01:38:16.380+0000] {dag.py:2915} INFO - Sync 1 DAGs
[2024-10-02T01:38:16.399+0000] {logging_mixin.py:151} INFO - [2024-10-02T01:38:16.399+0000] {dag.py:3696} INFO - Setting next_dagrun for example_time_delta_sensor_async to None, run_after=None
[2024-10-02T01:38:16.421+0000] {processor.py:179} INFO - Processing /home/airflow/.local/lib/python3.8/site-packages/airflow/example_dags/example_time_delta_sensor_async.py took 0.101 seconds
[2024-10-02T01:38:46.774+0000] {processor.py:157} INFO - Started process (PID=660) to work on /home/airflow/.local/lib/python3.8/site-packages/airflow/example_dags/example_time_delta_sensor_async.py
[2024-10-02T01:38:46.778+0000] {processor.py:829} INFO - Processing file /home/airflow/.local/lib/python3.8/site-packages/airflow/example_dags/example_time_delta_sensor_async.py for tasks to queue
[2024-10-02T01:38:46.785+0000] {logging_mixin.py:151} INFO - [2024-10-02T01:38:46.784+0000] {dagbag.py:539} INFO - Filling up the DagBag from /home/airflow/.local/lib/python3.8/site-packages/airflow/example_dags/example_time_delta_sensor_async.py
[2024-10-02T01:38:46.798+0000] {processor.py:839} INFO - DAG(s) dict_keys(['example_time_delta_sensor_async']) retrieved from /home/airflow/.local/lib/python3.8/site-packages/airflow/example_dags/example_time_delta_sensor_async.py
[2024-10-02T01:38:46.837+0000] {logging_mixin.py:151} INFO - [2024-10-02T01:38:46.836+0000] {dag.py:2915} INFO - Sync 1 DAGs
[2024-10-02T01:38:46.852+0000] {logging_mixin.py:151} INFO - [2024-10-02T01:38:46.852+0000] {dag.py:3696} INFO - Setting next_dagrun for example_time_delta_sensor_async to None, run_after=None
[2024-10-02T01:38:46.888+0000] {processor.py:179} INFO - Processing /home/airflow/.local/lib/python3.8/site-packages/airflow/example_dags/example_time_delta_sensor_async.py took 0.118 seconds
[2024-10-02T01:39:17.353+0000] {processor.py:157} INFO - Started process (PID=708) to work on /home/airflow/.local/lib/python3.8/site-packages/airflow/example_dags/example_time_delta_sensor_async.py
[2024-10-02T01:39:17.357+0000] {processor.py:829} INFO - Processing file /home/airflow/.local/lib/python3.8/site-packages/airflow/example_dags/example_time_delta_sensor_async.py for tasks to queue
[2024-10-02T01:39:17.364+0000] {logging_mixin.py:151} INFO - [2024-10-02T01:39:17.363+0000] {dagbag.py:539} INFO - Filling up the DagBag from /home/airflow/.local/lib/python3.8/site-packages/airflow/example_dags/example_time_delta_sensor_async.py
[2024-10-02T01:39:17.376+0000] {processor.py:839} INFO - DAG(s) dict_keys(['example_time_delta_sensor_async']) retrieved from /home/airflow/.local/lib/python3.8/site-packages/airflow/example_dags/example_time_delta_sensor_async.py
[2024-10-02T01:39:17.413+0000] {logging_mixin.py:151} INFO - [2024-10-02T01:39:17.413+0000] {dag.py:2915} INFO - Sync 1 DAGs
[2024-10-02T01:39:17.430+0000] {logging_mixin.py:151} INFO - [2024-10-02T01:39:17.430+0000] {dag.py:3696} INFO - Setting next_dagrun for example_time_delta_sensor_async to None, run_after=None
[2024-10-02T01:39:17.461+0000] {processor.py:179} INFO - Processing /home/airflow/.local/lib/python3.8/site-packages/airflow/example_dags/example_time_delta_sensor_async.py took 0.112 seconds
[2024-10-02T01:45:24.790+0000] {processor.py:157} INFO - Started process (PID=36) to work on /home/airflow/.local/lib/python3.8/site-packages/airflow/example_dags/example_time_delta_sensor_async.py
[2024-10-02T01:45:24.798+0000] {processor.py:829} INFO - Processing file /home/airflow/.local/lib/python3.8/site-packages/airflow/example_dags/example_time_delta_sensor_async.py for tasks to queue
[2024-10-02T01:45:24.821+0000] {logging_mixin.py:151} INFO - [2024-10-02T01:45:24.821+0000] {dagbag.py:539} INFO - Filling up the DagBag from /home/airflow/.local/lib/python3.8/site-packages/airflow/example_dags/example_time_delta_sensor_async.py
[2024-10-02T01:45:24.872+0000] {processor.py:839} INFO - DAG(s) dict_keys(['example_time_delta_sensor_async']) retrieved from /home/airflow/.local/lib/python3.8/site-packages/airflow/example_dags/example_time_delta_sensor_async.py
[2024-10-02T01:45:25.318+0000] {logging_mixin.py:151} INFO - [2024-10-02T01:45:25.317+0000] {manager.py:499} INFO - Created Permission View: %s
[2024-10-02T01:45:25.433+0000] {logging_mixin.py:151} INFO - [2024-10-02T01:45:25.430+0000] {manager.py:499} INFO - Created Permission View: %s
[2024-10-02T01:45:25.460+0000] {logging_mixin.py:151} INFO - [2024-10-02T01:45:25.460+0000] {manager.py:499} INFO - Created Permission View: %s
[2024-10-02T01:45:25.474+0000] {logging_mixin.py:151} INFO - [2024-10-02T01:45:25.472+0000] {security.py:708} INFO - Not syncing DAG-level permissions for DAG 'DAG:example_time_delta_sensor_async' as access control is unset.
[2024-10-02T01:45:25.494+0000] {logging_mixin.py:151} INFO - [2024-10-02T01:45:25.494+0000] {dag.py:2915} INFO - Sync 1 DAGs
[2024-10-02T01:45:25.580+0000] {logging_mixin.py:151} INFO - [2024-10-02T01:45:25.577+0000] {dag.py:2937} INFO - Creating ORM DAG for example_time_delta_sensor_async
[2024-10-02T01:45:25.613+0000] {logging_mixin.py:151} INFO - [2024-10-02T01:45:25.612+0000] {dag.py:3696} INFO - Setting next_dagrun for example_time_delta_sensor_async to None, run_after=None
[2024-10-02T01:45:25.856+0000] {processor.py:179} INFO - Processing /home/airflow/.local/lib/python3.8/site-packages/airflow/example_dags/example_time_delta_sensor_async.py took 1.097 seconds
[2024-10-02T01:45:56.836+0000] {processor.py:157} INFO - Started process (PID=84) to work on /home/airflow/.local/lib/python3.8/site-packages/airflow/example_dags/example_time_delta_sensor_async.py
[2024-10-02T01:45:56.839+0000] {processor.py:829} INFO - Processing file /home/airflow/.local/lib/python3.8/site-packages/airflow/example_dags/example_time_delta_sensor_async.py for tasks to queue
[2024-10-02T01:45:56.843+0000] {logging_mixin.py:151} INFO - [2024-10-02T01:45:56.843+0000] {dagbag.py:539} INFO - Filling up the DagBag from /home/airflow/.local/lib/python3.8/site-packages/airflow/example_dags/example_time_delta_sensor_async.py
[2024-10-02T01:45:56.854+0000] {processor.py:839} INFO - DAG(s) dict_keys(['example_time_delta_sensor_async']) retrieved from /home/airflow/.local/lib/python3.8/site-packages/airflow/example_dags/example_time_delta_sensor_async.py
[2024-10-02T01:45:56.890+0000] {logging_mixin.py:151} INFO - [2024-10-02T01:45:56.890+0000] {dag.py:2915} INFO - Sync 1 DAGs
[2024-10-02T01:45:56.908+0000] {logging_mixin.py:151} INFO - [2024-10-02T01:45:56.908+0000] {dag.py:3696} INFO - Setting next_dagrun for example_time_delta_sensor_async to None, run_after=None
[2024-10-02T01:45:56.935+0000] {processor.py:179} INFO - Processing /home/airflow/.local/lib/python3.8/site-packages/airflow/example_dags/example_time_delta_sensor_async.py took 0.105 seconds
[2024-10-02T01:46:54.993+0000] {processor.py:157} INFO - Started process (PID=36) to work on /home/airflow/.local/lib/python3.8/site-packages/airflow/example_dags/example_time_delta_sensor_async.py
[2024-10-02T01:46:55.094+0000] {processor.py:829} INFO - Processing file /home/airflow/.local/lib/python3.8/site-packages/airflow/example_dags/example_time_delta_sensor_async.py for tasks to queue
[2024-10-02T01:46:55.162+0000] {logging_mixin.py:151} INFO - [2024-10-02T01:46:55.160+0000] {dagbag.py:539} INFO - Filling up the DagBag from /home/airflow/.local/lib/python3.8/site-packages/airflow/example_dags/example_time_delta_sensor_async.py
[2024-10-02T01:46:55.309+0000] {processor.py:839} INFO - DAG(s) dict_keys(['example_time_delta_sensor_async']) retrieved from /home/airflow/.local/lib/python3.8/site-packages/airflow/example_dags/example_time_delta_sensor_async.py
[2024-10-02T01:46:55.416+0000] {logging_mixin.py:151} INFO - [2024-10-02T01:46:55.416+0000] {dag.py:2915} INFO - Sync 1 DAGs
[2024-10-02T01:46:55.628+0000] {logging_mixin.py:151} INFO - [2024-10-02T01:46:55.627+0000] {dag.py:3696} INFO - Setting next_dagrun for example_time_delta_sensor_async to None, run_after=None
[2024-10-02T01:46:55.871+0000] {processor.py:179} INFO - Processing /home/airflow/.local/lib/python3.8/site-packages/airflow/example_dags/example_time_delta_sensor_async.py took 0.896 seconds
[2024-10-02T01:47:26.596+0000] {processor.py:157} INFO - Started process (PID=84) to work on /home/airflow/.local/lib/python3.8/site-packages/airflow/example_dags/example_time_delta_sensor_async.py
[2024-10-02T01:47:26.604+0000] {processor.py:829} INFO - Processing file /home/airflow/.local/lib/python3.8/site-packages/airflow/example_dags/example_time_delta_sensor_async.py for tasks to queue
[2024-10-02T01:47:26.612+0000] {logging_mixin.py:151} INFO - [2024-10-02T01:47:26.611+0000] {dagbag.py:539} INFO - Filling up the DagBag from /home/airflow/.local/lib/python3.8/site-packages/airflow/example_dags/example_time_delta_sensor_async.py
[2024-10-02T01:47:26.631+0000] {processor.py:839} INFO - DAG(s) dict_keys(['example_time_delta_sensor_async']) retrieved from /home/airflow/.local/lib/python3.8/site-packages/airflow/example_dags/example_time_delta_sensor_async.py
[2024-10-02T01:47:26.669+0000] {logging_mixin.py:151} INFO - [2024-10-02T01:47:26.669+0000] {dag.py:2915} INFO - Sync 1 DAGs
[2024-10-02T01:47:26.687+0000] {logging_mixin.py:151} INFO - [2024-10-02T01:47:26.686+0000] {dag.py:3696} INFO - Setting next_dagrun for example_time_delta_sensor_async to None, run_after=None
[2024-10-02T01:47:26.716+0000] {processor.py:179} INFO - Processing /home/airflow/.local/lib/python3.8/site-packages/airflow/example_dags/example_time_delta_sensor_async.py took 0.133 seconds
[2024-10-02T01:48:22.874+0000] {processor.py:157} INFO - Started process (PID=36) to work on /home/airflow/.local/lib/python3.8/site-packages/airflow/example_dags/example_time_delta_sensor_async.py
[2024-10-02T01:48:22.884+0000] {processor.py:829} INFO - Processing file /home/airflow/.local/lib/python3.8/site-packages/airflow/example_dags/example_time_delta_sensor_async.py for tasks to queue
[2024-10-02T01:48:22.912+0000] {logging_mixin.py:151} INFO - [2024-10-02T01:48:22.906+0000] {dagbag.py:539} INFO - Filling up the DagBag from /home/airflow/.local/lib/python3.8/site-packages/airflow/example_dags/example_time_delta_sensor_async.py
[2024-10-02T01:48:22.999+0000] {processor.py:839} INFO - DAG(s) dict_keys(['example_time_delta_sensor_async']) retrieved from /home/airflow/.local/lib/python3.8/site-packages/airflow/example_dags/example_time_delta_sensor_async.py
[2024-10-02T01:48:23.080+0000] {logging_mixin.py:151} INFO - [2024-10-02T01:48:23.079+0000] {dag.py:2915} INFO - Sync 1 DAGs
[2024-10-02T01:48:23.147+0000] {logging_mixin.py:151} INFO - [2024-10-02T01:48:23.147+0000] {dag.py:3696} INFO - Setting next_dagrun for example_time_delta_sensor_async to None, run_after=None
[2024-10-02T01:48:23.357+0000] {processor.py:179} INFO - Processing /home/airflow/.local/lib/python3.8/site-packages/airflow/example_dags/example_time_delta_sensor_async.py took 0.488 seconds
[2024-10-02T01:48:54.103+0000] {processor.py:157} INFO - Started process (PID=84) to work on /home/airflow/.local/lib/python3.8/site-packages/airflow/example_dags/example_time_delta_sensor_async.py
[2024-10-02T01:48:54.106+0000] {processor.py:829} INFO - Processing file /home/airflow/.local/lib/python3.8/site-packages/airflow/example_dags/example_time_delta_sensor_async.py for tasks to queue
[2024-10-02T01:48:54.110+0000] {logging_mixin.py:151} INFO - [2024-10-02T01:48:54.109+0000] {dagbag.py:539} INFO - Filling up the DagBag from /home/airflow/.local/lib/python3.8/site-packages/airflow/example_dags/example_time_delta_sensor_async.py
[2024-10-02T01:48:54.120+0000] {processor.py:839} INFO - DAG(s) dict_keys(['example_time_delta_sensor_async']) retrieved from /home/airflow/.local/lib/python3.8/site-packages/airflow/example_dags/example_time_delta_sensor_async.py
[2024-10-02T01:48:54.151+0000] {logging_mixin.py:151} INFO - [2024-10-02T01:48:54.151+0000] {dag.py:2915} INFO - Sync 1 DAGs
[2024-10-02T01:48:54.169+0000] {logging_mixin.py:151} INFO - [2024-10-02T01:48:54.169+0000] {dag.py:3696} INFO - Setting next_dagrun for example_time_delta_sensor_async to None, run_after=None
[2024-10-02T01:48:54.194+0000] {processor.py:179} INFO - Processing /home/airflow/.local/lib/python3.8/site-packages/airflow/example_dags/example_time_delta_sensor_async.py took 0.094 seconds
[2024-10-02T01:49:24.274+0000] {processor.py:157} INFO - Started process (PID=132) to work on /home/airflow/.local/lib/python3.8/site-packages/airflow/example_dags/example_time_delta_sensor_async.py
[2024-10-02T01:49:24.277+0000] {processor.py:829} INFO - Processing file /home/airflow/.local/lib/python3.8/site-packages/airflow/example_dags/example_time_delta_sensor_async.py for tasks to queue
[2024-10-02T01:49:24.281+0000] {logging_mixin.py:151} INFO - [2024-10-02T01:49:24.281+0000] {dagbag.py:539} INFO - Filling up the DagBag from /home/airflow/.local/lib/python3.8/site-packages/airflow/example_dags/example_time_delta_sensor_async.py
[2024-10-02T01:49:24.292+0000] {processor.py:839} INFO - DAG(s) dict_keys(['example_time_delta_sensor_async']) retrieved from /home/airflow/.local/lib/python3.8/site-packages/airflow/example_dags/example_time_delta_sensor_async.py
[2024-10-02T01:49:24.322+0000] {logging_mixin.py:151} INFO - [2024-10-02T01:49:24.321+0000] {dag.py:2915} INFO - Sync 1 DAGs
[2024-10-02T01:49:24.338+0000] {logging_mixin.py:151} INFO - [2024-10-02T01:49:24.338+0000] {dag.py:3696} INFO - Setting next_dagrun for example_time_delta_sensor_async to None, run_after=None
[2024-10-02T01:49:24.360+0000] {processor.py:179} INFO - Processing /home/airflow/.local/lib/python3.8/site-packages/airflow/example_dags/example_time_delta_sensor_async.py took 0.090 seconds
[2024-10-02T01:49:54.879+0000] {processor.py:157} INFO - Started process (PID=180) to work on /home/airflow/.local/lib/python3.8/site-packages/airflow/example_dags/example_time_delta_sensor_async.py
[2024-10-02T01:49:54.892+0000] {processor.py:829} INFO - Processing file /home/airflow/.local/lib/python3.8/site-packages/airflow/example_dags/example_time_delta_sensor_async.py for tasks to queue
[2024-10-02T01:49:54.899+0000] {logging_mixin.py:151} INFO - [2024-10-02T01:49:54.899+0000] {dagbag.py:539} INFO - Filling up the DagBag from /home/airflow/.local/lib/python3.8/site-packages/airflow/example_dags/example_time_delta_sensor_async.py
[2024-10-02T01:49:54.912+0000] {processor.py:839} INFO - DAG(s) dict_keys(['example_time_delta_sensor_async']) retrieved from /home/airflow/.local/lib/python3.8/site-packages/airflow/example_dags/example_time_delta_sensor_async.py
[2024-10-02T01:49:54.957+0000] {logging_mixin.py:151} INFO - [2024-10-02T01:49:54.957+0000] {dag.py:2915} INFO - Sync 1 DAGs
[2024-10-02T01:49:54.978+0000] {logging_mixin.py:151} INFO - [2024-10-02T01:49:54.978+0000] {dag.py:3696} INFO - Setting next_dagrun for example_time_delta_sensor_async to None, run_after=None
[2024-10-02T01:49:55.030+0000] {processor.py:179} INFO - Processing /home/airflow/.local/lib/python3.8/site-packages/airflow/example_dags/example_time_delta_sensor_async.py took 0.160 seconds
[2024-10-02T01:50:25.954+0000] {processor.py:157} INFO - Started process (PID=228) to work on /home/airflow/.local/lib/python3.8/site-packages/airflow/example_dags/example_time_delta_sensor_async.py
[2024-10-02T01:50:25.956+0000] {processor.py:829} INFO - Processing file /home/airflow/.local/lib/python3.8/site-packages/airflow/example_dags/example_time_delta_sensor_async.py for tasks to queue
[2024-10-02T01:50:25.960+0000] {logging_mixin.py:151} INFO - [2024-10-02T01:50:25.959+0000] {dagbag.py:539} INFO - Filling up the DagBag from /home/airflow/.local/lib/python3.8/site-packages/airflow/example_dags/example_time_delta_sensor_async.py
[2024-10-02T01:50:25.970+0000] {processor.py:839} INFO - DAG(s) dict_keys(['example_time_delta_sensor_async']) retrieved from /home/airflow/.local/lib/python3.8/site-packages/airflow/example_dags/example_time_delta_sensor_async.py
[2024-10-02T01:50:25.999+0000] {logging_mixin.py:151} INFO - [2024-10-02T01:50:25.999+0000] {dag.py:2915} INFO - Sync 1 DAGs
[2024-10-02T01:50:26.014+0000] {logging_mixin.py:151} INFO - [2024-10-02T01:50:26.014+0000] {dag.py:3696} INFO - Setting next_dagrun for example_time_delta_sensor_async to None, run_after=None
[2024-10-02T01:50:26.038+0000] {processor.py:179} INFO - Processing /home/airflow/.local/lib/python3.8/site-packages/airflow/example_dags/example_time_delta_sensor_async.py took 0.088 seconds
[2024-10-02T01:50:56.231+0000] {processor.py:157} INFO - Started process (PID=276) to work on /home/airflow/.local/lib/python3.8/site-packages/airflow/example_dags/example_time_delta_sensor_async.py
[2024-10-02T01:50:56.234+0000] {processor.py:829} INFO - Processing file /home/airflow/.local/lib/python3.8/site-packages/airflow/example_dags/example_time_delta_sensor_async.py for tasks to queue
[2024-10-02T01:50:56.238+0000] {logging_mixin.py:151} INFO - [2024-10-02T01:50:56.237+0000] {dagbag.py:539} INFO - Filling up the DagBag from /home/airflow/.local/lib/python3.8/site-packages/airflow/example_dags/example_time_delta_sensor_async.py
[2024-10-02T01:50:56.249+0000] {processor.py:839} INFO - DAG(s) dict_keys(['example_time_delta_sensor_async']) retrieved from /home/airflow/.local/lib/python3.8/site-packages/airflow/example_dags/example_time_delta_sensor_async.py
[2024-10-02T01:50:56.283+0000] {logging_mixin.py:151} INFO - [2024-10-02T01:50:56.283+0000] {dag.py:2915} INFO - Sync 1 DAGs
[2024-10-02T01:50:56.298+0000] {logging_mixin.py:151} INFO - [2024-10-02T01:50:56.298+0000] {dag.py:3696} INFO - Setting next_dagrun for example_time_delta_sensor_async to None, run_after=None
[2024-10-02T01:50:56.320+0000] {processor.py:179} INFO - Processing /home/airflow/.local/lib/python3.8/site-packages/airflow/example_dags/example_time_delta_sensor_async.py took 0.092 seconds
[2024-10-02T01:51:26.727+0000] {processor.py:157} INFO - Started process (PID=324) to work on /home/airflow/.local/lib/python3.8/site-packages/airflow/example_dags/example_time_delta_sensor_async.py
[2024-10-02T01:51:26.731+0000] {processor.py:829} INFO - Processing file /home/airflow/.local/lib/python3.8/site-packages/airflow/example_dags/example_time_delta_sensor_async.py for tasks to queue
[2024-10-02T01:51:26.736+0000] {logging_mixin.py:151} INFO - [2024-10-02T01:51:26.736+0000] {dagbag.py:539} INFO - Filling up the DagBag from /home/airflow/.local/lib/python3.8/site-packages/airflow/example_dags/example_time_delta_sensor_async.py
[2024-10-02T01:51:26.749+0000] {processor.py:839} INFO - DAG(s) dict_keys(['example_time_delta_sensor_async']) retrieved from /home/airflow/.local/lib/python3.8/site-packages/airflow/example_dags/example_time_delta_sensor_async.py
[2024-10-02T01:51:26.788+0000] {logging_mixin.py:151} INFO - [2024-10-02T01:51:26.787+0000] {dag.py:2915} INFO - Sync 1 DAGs
[2024-10-02T01:51:26.807+0000] {logging_mixin.py:151} INFO - [2024-10-02T01:51:26.806+0000] {dag.py:3696} INFO - Setting next_dagrun for example_time_delta_sensor_async to None, run_after=None
[2024-10-02T01:51:26.831+0000] {processor.py:179} INFO - Processing /home/airflow/.local/lib/python3.8/site-packages/airflow/example_dags/example_time_delta_sensor_async.py took 0.109 seconds
[2024-10-02T01:51:56.974+0000] {processor.py:157} INFO - Started process (PID=372) to work on /home/airflow/.local/lib/python3.8/site-packages/airflow/example_dags/example_time_delta_sensor_async.py
[2024-10-02T01:51:56.976+0000] {processor.py:829} INFO - Processing file /home/airflow/.local/lib/python3.8/site-packages/airflow/example_dags/example_time_delta_sensor_async.py for tasks to queue
[2024-10-02T01:51:56.980+0000] {logging_mixin.py:151} INFO - [2024-10-02T01:51:56.979+0000] {dagbag.py:539} INFO - Filling up the DagBag from /home/airflow/.local/lib/python3.8/site-packages/airflow/example_dags/example_time_delta_sensor_async.py
[2024-10-02T01:51:56.990+0000] {processor.py:839} INFO - DAG(s) dict_keys(['example_time_delta_sensor_async']) retrieved from /home/airflow/.local/lib/python3.8/site-packages/airflow/example_dags/example_time_delta_sensor_async.py
[2024-10-02T01:51:57.023+0000] {logging_mixin.py:151} INFO - [2024-10-02T01:51:57.023+0000] {dag.py:2915} INFO - Sync 1 DAGs
[2024-10-02T01:51:57.038+0000] {logging_mixin.py:151} INFO - [2024-10-02T01:51:57.038+0000] {dag.py:3696} INFO - Setting next_dagrun for example_time_delta_sensor_async to None, run_after=None
[2024-10-02T01:51:57.071+0000] {processor.py:179} INFO - Processing /home/airflow/.local/lib/python3.8/site-packages/airflow/example_dags/example_time_delta_sensor_async.py took 0.102 seconds
[2024-10-02T01:52:27.147+0000] {processor.py:157} INFO - Started process (PID=420) to work on /home/airflow/.local/lib/python3.8/site-packages/airflow/example_dags/example_time_delta_sensor_async.py
[2024-10-02T01:52:27.151+0000] {processor.py:829} INFO - Processing file /home/airflow/.local/lib/python3.8/site-packages/airflow/example_dags/example_time_delta_sensor_async.py for tasks to queue
[2024-10-02T01:52:27.155+0000] {logging_mixin.py:151} INFO - [2024-10-02T01:52:27.155+0000] {dagbag.py:539} INFO - Filling up the DagBag from /home/airflow/.local/lib/python3.8/site-packages/airflow/example_dags/example_time_delta_sensor_async.py
[2024-10-02T01:52:27.174+0000] {processor.py:839} INFO - DAG(s) dict_keys(['example_time_delta_sensor_async']) retrieved from /home/airflow/.local/lib/python3.8/site-packages/airflow/example_dags/example_time_delta_sensor_async.py
[2024-10-02T01:52:27.218+0000] {logging_mixin.py:151} INFO - [2024-10-02T01:52:27.218+0000] {dag.py:2915} INFO - Sync 1 DAGs
[2024-10-02T01:52:27.235+0000] {logging_mixin.py:151} INFO - [2024-10-02T01:52:27.235+0000] {dag.py:3696} INFO - Setting next_dagrun for example_time_delta_sensor_async to None, run_after=None
[2024-10-02T01:52:27.261+0000] {processor.py:179} INFO - Processing /home/airflow/.local/lib/python3.8/site-packages/airflow/example_dags/example_time_delta_sensor_async.py took 0.119 seconds
[2024-10-02T01:52:57.388+0000] {processor.py:157} INFO - Started process (PID=468) to work on /home/airflow/.local/lib/python3.8/site-packages/airflow/example_dags/example_time_delta_sensor_async.py
[2024-10-02T01:52:57.392+0000] {processor.py:829} INFO - Processing file /home/airflow/.local/lib/python3.8/site-packages/airflow/example_dags/example_time_delta_sensor_async.py for tasks to queue
[2024-10-02T01:52:57.396+0000] {logging_mixin.py:151} INFO - [2024-10-02T01:52:57.396+0000] {dagbag.py:539} INFO - Filling up the DagBag from /home/airflow/.local/lib/python3.8/site-packages/airflow/example_dags/example_time_delta_sensor_async.py
[2024-10-02T01:52:57.438+0000] {processor.py:839} INFO - DAG(s) dict_keys(['example_time_delta_sensor_async']) retrieved from /home/airflow/.local/lib/python3.8/site-packages/airflow/example_dags/example_time_delta_sensor_async.py
[2024-10-02T01:52:57.605+0000] {logging_mixin.py:151} INFO - [2024-10-02T01:52:57.604+0000] {dag.py:2915} INFO - Sync 1 DAGs
[2024-10-02T01:52:57.648+0000] {logging_mixin.py:151} INFO - [2024-10-02T01:52:57.647+0000] {dag.py:3696} INFO - Setting next_dagrun for example_time_delta_sensor_async to None, run_after=None
[2024-10-02T01:52:57.714+0000] {processor.py:179} INFO - Processing /home/airflow/.local/lib/python3.8/site-packages/airflow/example_dags/example_time_delta_sensor_async.py took 0.331 seconds
[2024-10-02T01:53:28.387+0000] {processor.py:157} INFO - Started process (PID=516) to work on /home/airflow/.local/lib/python3.8/site-packages/airflow/example_dags/example_time_delta_sensor_async.py
[2024-10-02T01:53:28.392+0000] {processor.py:829} INFO - Processing file /home/airflow/.local/lib/python3.8/site-packages/airflow/example_dags/example_time_delta_sensor_async.py for tasks to queue
[2024-10-02T01:53:28.397+0000] {logging_mixin.py:151} INFO - [2024-10-02T01:53:28.396+0000] {dagbag.py:539} INFO - Filling up the DagBag from /home/airflow/.local/lib/python3.8/site-packages/airflow/example_dags/example_time_delta_sensor_async.py
[2024-10-02T01:53:28.410+0000] {processor.py:839} INFO - DAG(s) dict_keys(['example_time_delta_sensor_async']) retrieved from /home/airflow/.local/lib/python3.8/site-packages/airflow/example_dags/example_time_delta_sensor_async.py
[2024-10-02T01:53:28.460+0000] {logging_mixin.py:151} INFO - [2024-10-02T01:53:28.460+0000] {dag.py:2915} INFO - Sync 1 DAGs
[2024-10-02T01:53:28.476+0000] {logging_mixin.py:151} INFO - [2024-10-02T01:53:28.476+0000] {dag.py:3696} INFO - Setting next_dagrun for example_time_delta_sensor_async to None, run_after=None
[2024-10-02T01:53:28.515+0000] {processor.py:179} INFO - Processing /home/airflow/.local/lib/python3.8/site-packages/airflow/example_dags/example_time_delta_sensor_async.py took 0.132 seconds
[2024-10-02T01:53:59.325+0000] {processor.py:157} INFO - Started process (PID=564) to work on /home/airflow/.local/lib/python3.8/site-packages/airflow/example_dags/example_time_delta_sensor_async.py
[2024-10-02T01:53:59.327+0000] {processor.py:829} INFO - Processing file /home/airflow/.local/lib/python3.8/site-packages/airflow/example_dags/example_time_delta_sensor_async.py for tasks to queue
[2024-10-02T01:53:59.331+0000] {logging_mixin.py:151} INFO - [2024-10-02T01:53:59.330+0000] {dagbag.py:539} INFO - Filling up the DagBag from /home/airflow/.local/lib/python3.8/site-packages/airflow/example_dags/example_time_delta_sensor_async.py
[2024-10-02T01:53:59.343+0000] {processor.py:839} INFO - DAG(s) dict_keys(['example_time_delta_sensor_async']) retrieved from /home/airflow/.local/lib/python3.8/site-packages/airflow/example_dags/example_time_delta_sensor_async.py
[2024-10-02T01:53:59.374+0000] {logging_mixin.py:151} INFO - [2024-10-02T01:53:59.373+0000] {dag.py:2915} INFO - Sync 1 DAGs
[2024-10-02T01:53:59.388+0000] {logging_mixin.py:151} INFO - [2024-10-02T01:53:59.388+0000] {dag.py:3696} INFO - Setting next_dagrun for example_time_delta_sensor_async to None, run_after=None
[2024-10-02T01:53:59.412+0000] {processor.py:179} INFO - Processing /home/airflow/.local/lib/python3.8/site-packages/airflow/example_dags/example_time_delta_sensor_async.py took 0.090 seconds
[2024-10-02T01:57:16.649+0000] {processor.py:157} INFO - Started process (PID=597) to work on /home/airflow/.local/lib/python3.8/site-packages/airflow/example_dags/example_time_delta_sensor_async.py
[2024-10-02T01:57:16.654+0000] {processor.py:829} INFO - Processing file /home/airflow/.local/lib/python3.8/site-packages/airflow/example_dags/example_time_delta_sensor_async.py for tasks to queue
[2024-10-02T01:57:16.658+0000] {logging_mixin.py:151} INFO - [2024-10-02T01:57:16.657+0000] {dagbag.py:539} INFO - Filling up the DagBag from /home/airflow/.local/lib/python3.8/site-packages/airflow/example_dags/example_time_delta_sensor_async.py
[2024-10-02T01:57:16.675+0000] {processor.py:839} INFO - DAG(s) dict_keys(['example_time_delta_sensor_async']) retrieved from /home/airflow/.local/lib/python3.8/site-packages/airflow/example_dags/example_time_delta_sensor_async.py
[2024-10-02T01:57:16.724+0000] {logging_mixin.py:151} INFO - [2024-10-02T01:57:16.723+0000] {dag.py:2915} INFO - Sync 1 DAGs
[2024-10-02T01:57:16.749+0000] {logging_mixin.py:151} INFO - [2024-10-02T01:57:16.749+0000] {dag.py:3696} INFO - Setting next_dagrun for example_time_delta_sensor_async to None, run_after=None
[2024-10-02T01:57:16.798+0000] {processor.py:179} INFO - Processing /home/airflow/.local/lib/python3.8/site-packages/airflow/example_dags/example_time_delta_sensor_async.py took 0.155 seconds
[2024-10-02T01:57:47.822+0000] {processor.py:157} INFO - Started process (PID=645) to work on /home/airflow/.local/lib/python3.8/site-packages/airflow/example_dags/example_time_delta_sensor_async.py
[2024-10-02T01:57:47.825+0000] {processor.py:829} INFO - Processing file /home/airflow/.local/lib/python3.8/site-packages/airflow/example_dags/example_time_delta_sensor_async.py for tasks to queue
[2024-10-02T01:57:47.829+0000] {logging_mixin.py:151} INFO - [2024-10-02T01:57:47.829+0000] {dagbag.py:539} INFO - Filling up the DagBag from /home/airflow/.local/lib/python3.8/site-packages/airflow/example_dags/example_time_delta_sensor_async.py
[2024-10-02T01:57:47.842+0000] {processor.py:839} INFO - DAG(s) dict_keys(['example_time_delta_sensor_async']) retrieved from /home/airflow/.local/lib/python3.8/site-packages/airflow/example_dags/example_time_delta_sensor_async.py
[2024-10-02T01:57:47.889+0000] {logging_mixin.py:151} INFO - [2024-10-02T01:57:47.889+0000] {dag.py:2915} INFO - Sync 1 DAGs
[2024-10-02T01:57:47.908+0000] {logging_mixin.py:151} INFO - [2024-10-02T01:57:47.907+0000] {dag.py:3696} INFO - Setting next_dagrun for example_time_delta_sensor_async to None, run_after=None
[2024-10-02T01:57:47.949+0000] {processor.py:179} INFO - Processing /home/airflow/.local/lib/python3.8/site-packages/airflow/example_dags/example_time_delta_sensor_async.py took 0.131 seconds
[2024-10-02T01:58:18.665+0000] {processor.py:157} INFO - Started process (PID=693) to work on /home/airflow/.local/lib/python3.8/site-packages/airflow/example_dags/example_time_delta_sensor_async.py
[2024-10-02T01:58:18.672+0000] {processor.py:829} INFO - Processing file /home/airflow/.local/lib/python3.8/site-packages/airflow/example_dags/example_time_delta_sensor_async.py for tasks to queue
[2024-10-02T01:58:18.679+0000] {logging_mixin.py:151} INFO - [2024-10-02T01:58:18.678+0000] {dagbag.py:539} INFO - Filling up the DagBag from /home/airflow/.local/lib/python3.8/site-packages/airflow/example_dags/example_time_delta_sensor_async.py
[2024-10-02T01:58:18.699+0000] {processor.py:839} INFO - DAG(s) dict_keys(['example_time_delta_sensor_async']) retrieved from /home/airflow/.local/lib/python3.8/site-packages/airflow/example_dags/example_time_delta_sensor_async.py
[2024-10-02T01:58:18.753+0000] {logging_mixin.py:151} INFO - [2024-10-02T01:58:18.752+0000] {dag.py:2915} INFO - Sync 1 DAGs
[2024-10-02T01:58:18.769+0000] {logging_mixin.py:151} INFO - [2024-10-02T01:58:18.769+0000] {dag.py:3696} INFO - Setting next_dagrun for example_time_delta_sensor_async to None, run_after=None
[2024-10-02T01:58:18.797+0000] {processor.py:179} INFO - Processing /home/airflow/.local/lib/python3.8/site-packages/airflow/example_dags/example_time_delta_sensor_async.py took 0.139 seconds
[2024-10-02T01:58:49.530+0000] {processor.py:157} INFO - Started process (PID=741) to work on /home/airflow/.local/lib/python3.8/site-packages/airflow/example_dags/example_time_delta_sensor_async.py
[2024-10-02T01:58:49.534+0000] {processor.py:829} INFO - Processing file /home/airflow/.local/lib/python3.8/site-packages/airflow/example_dags/example_time_delta_sensor_async.py for tasks to queue
[2024-10-02T01:58:49.538+0000] {logging_mixin.py:151} INFO - [2024-10-02T01:58:49.538+0000] {dagbag.py:539} INFO - Filling up the DagBag from /home/airflow/.local/lib/python3.8/site-packages/airflow/example_dags/example_time_delta_sensor_async.py
[2024-10-02T01:58:49.556+0000] {processor.py:839} INFO - DAG(s) dict_keys(['example_time_delta_sensor_async']) retrieved from /home/airflow/.local/lib/python3.8/site-packages/airflow/example_dags/example_time_delta_sensor_async.py
[2024-10-02T01:58:49.615+0000] {logging_mixin.py:151} INFO - [2024-10-02T01:58:49.615+0000] {dag.py:2915} INFO - Sync 1 DAGs
[2024-10-02T01:58:49.642+0000] {logging_mixin.py:151} INFO - [2024-10-02T01:58:49.642+0000] {dag.py:3696} INFO - Setting next_dagrun for example_time_delta_sensor_async to None, run_after=None
[2024-10-02T01:58:49.682+0000] {processor.py:179} INFO - Processing /home/airflow/.local/lib/python3.8/site-packages/airflow/example_dags/example_time_delta_sensor_async.py took 0.159 seconds
[2024-10-02T01:59:20.373+0000] {processor.py:157} INFO - Started process (PID=789) to work on /home/airflow/.local/lib/python3.8/site-packages/airflow/example_dags/example_time_delta_sensor_async.py
[2024-10-02T01:59:20.377+0000] {processor.py:829} INFO - Processing file /home/airflow/.local/lib/python3.8/site-packages/airflow/example_dags/example_time_delta_sensor_async.py for tasks to queue
[2024-10-02T01:59:20.389+0000] {logging_mixin.py:151} INFO - [2024-10-02T01:59:20.388+0000] {dagbag.py:539} INFO - Filling up the DagBag from /home/airflow/.local/lib/python3.8/site-packages/airflow/example_dags/example_time_delta_sensor_async.py
[2024-10-02T01:59:20.403+0000] {processor.py:839} INFO - DAG(s) dict_keys(['example_time_delta_sensor_async']) retrieved from /home/airflow/.local/lib/python3.8/site-packages/airflow/example_dags/example_time_delta_sensor_async.py
[2024-10-02T01:59:20.452+0000] {logging_mixin.py:151} INFO - [2024-10-02T01:59:20.451+0000] {dag.py:2915} INFO - Sync 1 DAGs
[2024-10-02T01:59:20.472+0000] {logging_mixin.py:151} INFO - [2024-10-02T01:59:20.472+0000] {dag.py:3696} INFO - Setting next_dagrun for example_time_delta_sensor_async to None, run_after=None
[2024-10-02T01:59:20.508+0000] {processor.py:179} INFO - Processing /home/airflow/.local/lib/python3.8/site-packages/airflow/example_dags/example_time_delta_sensor_async.py took 0.142 seconds
[2024-10-02T01:59:51.285+0000] {processor.py:157} INFO - Started process (PID=837) to work on /home/airflow/.local/lib/python3.8/site-packages/airflow/example_dags/example_time_delta_sensor_async.py
[2024-10-02T01:59:51.288+0000] {processor.py:829} INFO - Processing file /home/airflow/.local/lib/python3.8/site-packages/airflow/example_dags/example_time_delta_sensor_async.py for tasks to queue
[2024-10-02T01:59:51.292+0000] {logging_mixin.py:151} INFO - [2024-10-02T01:59:51.291+0000] {dagbag.py:539} INFO - Filling up the DagBag from /home/airflow/.local/lib/python3.8/site-packages/airflow/example_dags/example_time_delta_sensor_async.py
[2024-10-02T01:59:51.305+0000] {processor.py:839} INFO - DAG(s) dict_keys(['example_time_delta_sensor_async']) retrieved from /home/airflow/.local/lib/python3.8/site-packages/airflow/example_dags/example_time_delta_sensor_async.py
[2024-10-02T01:59:51.336+0000] {logging_mixin.py:151} INFO - [2024-10-02T01:59:51.336+0000] {dag.py:2915} INFO - Sync 1 DAGs
[2024-10-02T01:59:51.355+0000] {logging_mixin.py:151} INFO - [2024-10-02T01:59:51.355+0000] {dag.py:3696} INFO - Setting next_dagrun for example_time_delta_sensor_async to None, run_after=None
[2024-10-02T01:59:51.379+0000] {processor.py:179} INFO - Processing /home/airflow/.local/lib/python3.8/site-packages/airflow/example_dags/example_time_delta_sensor_async.py took 0.099 seconds
[2024-10-02T02:00:21.983+0000] {processor.py:157} INFO - Started process (PID=885) to work on /home/airflow/.local/lib/python3.8/site-packages/airflow/example_dags/example_time_delta_sensor_async.py
[2024-10-02T02:00:21.987+0000] {processor.py:829} INFO - Processing file /home/airflow/.local/lib/python3.8/site-packages/airflow/example_dags/example_time_delta_sensor_async.py for tasks to queue
[2024-10-02T02:00:21.992+0000] {logging_mixin.py:151} INFO - [2024-10-02T02:00:21.991+0000] {dagbag.py:539} INFO - Filling up the DagBag from /home/airflow/.local/lib/python3.8/site-packages/airflow/example_dags/example_time_delta_sensor_async.py
[2024-10-02T02:00:22.008+0000] {processor.py:839} INFO - DAG(s) dict_keys(['example_time_delta_sensor_async']) retrieved from /home/airflow/.local/lib/python3.8/site-packages/airflow/example_dags/example_time_delta_sensor_async.py
[2024-10-02T02:00:22.061+0000] {logging_mixin.py:151} INFO - [2024-10-02T02:00:22.060+0000] {dag.py:2915} INFO - Sync 1 DAGs
[2024-10-02T02:00:22.089+0000] {logging_mixin.py:151} INFO - [2024-10-02T02:00:22.089+0000] {dag.py:3696} INFO - Setting next_dagrun for example_time_delta_sensor_async to None, run_after=None
[2024-10-02T02:00:22.126+0000] {processor.py:179} INFO - Processing /home/airflow/.local/lib/python3.8/site-packages/airflow/example_dags/example_time_delta_sensor_async.py took 0.149 seconds
[2024-10-02T02:00:52.480+0000] {processor.py:157} INFO - Started process (PID=933) to work on /home/airflow/.local/lib/python3.8/site-packages/airflow/example_dags/example_time_delta_sensor_async.py
[2024-10-02T02:00:52.483+0000] {processor.py:829} INFO - Processing file /home/airflow/.local/lib/python3.8/site-packages/airflow/example_dags/example_time_delta_sensor_async.py for tasks to queue
[2024-10-02T02:00:52.487+0000] {logging_mixin.py:151} INFO - [2024-10-02T02:00:52.486+0000] {dagbag.py:539} INFO - Filling up the DagBag from /home/airflow/.local/lib/python3.8/site-packages/airflow/example_dags/example_time_delta_sensor_async.py
[2024-10-02T02:00:52.499+0000] {processor.py:839} INFO - DAG(s) dict_keys(['example_time_delta_sensor_async']) retrieved from /home/airflow/.local/lib/python3.8/site-packages/airflow/example_dags/example_time_delta_sensor_async.py
[2024-10-02T02:00:52.533+0000] {logging_mixin.py:151} INFO - [2024-10-02T02:00:52.533+0000] {dag.py:2915} INFO - Sync 1 DAGs
[2024-10-02T02:00:52.549+0000] {logging_mixin.py:151} INFO - [2024-10-02T02:00:52.549+0000] {dag.py:3696} INFO - Setting next_dagrun for example_time_delta_sensor_async to None, run_after=None
[2024-10-02T02:00:52.572+0000] {processor.py:179} INFO - Processing /home/airflow/.local/lib/python3.8/site-packages/airflow/example_dags/example_time_delta_sensor_async.py took 0.096 seconds
[2024-10-02T02:01:23.192+0000] {processor.py:157} INFO - Started process (PID=981) to work on /home/airflow/.local/lib/python3.8/site-packages/airflow/example_dags/example_time_delta_sensor_async.py
[2024-10-02T02:01:23.195+0000] {processor.py:829} INFO - Processing file /home/airflow/.local/lib/python3.8/site-packages/airflow/example_dags/example_time_delta_sensor_async.py for tasks to queue
[2024-10-02T02:01:23.198+0000] {logging_mixin.py:151} INFO - [2024-10-02T02:01:23.198+0000] {dagbag.py:539} INFO - Filling up the DagBag from /home/airflow/.local/lib/python3.8/site-packages/airflow/example_dags/example_time_delta_sensor_async.py
[2024-10-02T02:01:23.213+0000] {processor.py:839} INFO - DAG(s) dict_keys(['example_time_delta_sensor_async']) retrieved from /home/airflow/.local/lib/python3.8/site-packages/airflow/example_dags/example_time_delta_sensor_async.py
[2024-10-02T02:01:23.270+0000] {logging_mixin.py:151} INFO - [2024-10-02T02:01:23.269+0000] {dag.py:2915} INFO - Sync 1 DAGs
[2024-10-02T02:01:23.285+0000] {logging_mixin.py:151} INFO - [2024-10-02T02:01:23.285+0000] {dag.py:3696} INFO - Setting next_dagrun for example_time_delta_sensor_async to None, run_after=None
[2024-10-02T02:01:23.309+0000] {processor.py:179} INFO - Processing /home/airflow/.local/lib/python3.8/site-packages/airflow/example_dags/example_time_delta_sensor_async.py took 0.120 seconds
[2024-10-02T02:03:12.846+0000] {processor.py:157} INFO - Started process (PID=36) to work on /home/airflow/.local/lib/python3.8/site-packages/airflow/example_dags/example_time_delta_sensor_async.py
[2024-10-02T02:03:12.864+0000] {processor.py:829} INFO - Processing file /home/airflow/.local/lib/python3.8/site-packages/airflow/example_dags/example_time_delta_sensor_async.py for tasks to queue
[2024-10-02T02:03:12.875+0000] {logging_mixin.py:151} INFO - [2024-10-02T02:03:12.875+0000] {dagbag.py:539} INFO - Filling up the DagBag from /home/airflow/.local/lib/python3.8/site-packages/airflow/example_dags/example_time_delta_sensor_async.py
[2024-10-02T02:03:12.953+0000] {processor.py:839} INFO - DAG(s) dict_keys(['example_time_delta_sensor_async']) retrieved from /home/airflow/.local/lib/python3.8/site-packages/airflow/example_dags/example_time_delta_sensor_async.py
[2024-10-02T02:03:13.642+0000] {logging_mixin.py:151} INFO - [2024-10-02T02:03:13.642+0000] {manager.py:499} INFO - Created Permission View: %s
[2024-10-02T02:03:13.673+0000] {logging_mixin.py:151} INFO - [2024-10-02T02:03:13.672+0000] {manager.py:499} INFO - Created Permission View: %s
[2024-10-02T02:03:13.825+0000] {logging_mixin.py:151} INFO - [2024-10-02T02:03:13.825+0000] {manager.py:499} INFO - Created Permission View: %s
[2024-10-02T02:03:13.840+0000] {logging_mixin.py:151} INFO - [2024-10-02T02:03:13.839+0000] {security.py:708} INFO - Not syncing DAG-level permissions for DAG 'DAG:example_time_delta_sensor_async' as access control is unset.
[2024-10-02T02:03:13.849+0000] {logging_mixin.py:151} INFO - [2024-10-02T02:03:13.849+0000] {dag.py:2915} INFO - Sync 1 DAGs
[2024-10-02T02:03:13.919+0000] {logging_mixin.py:151} INFO - [2024-10-02T02:03:13.918+0000] {dag.py:2937} INFO - Creating ORM DAG for example_time_delta_sensor_async
[2024-10-02T02:03:13.934+0000] {logging_mixin.py:151} INFO - [2024-10-02T02:03:13.933+0000] {dag.py:3696} INFO - Setting next_dagrun for example_time_delta_sensor_async to None, run_after=None
[2024-10-02T02:03:14.056+0000] {processor.py:179} INFO - Processing /home/airflow/.local/lib/python3.8/site-packages/airflow/example_dags/example_time_delta_sensor_async.py took 1.216 seconds
[2024-10-02T02:06:09.435+0000] {processor.py:157} INFO - Started process (PID=36) to work on /home/airflow/.local/lib/python3.8/site-packages/airflow/example_dags/example_time_delta_sensor_async.py
[2024-10-02T02:06:09.453+0000] {processor.py:829} INFO - Processing file /home/airflow/.local/lib/python3.8/site-packages/airflow/example_dags/example_time_delta_sensor_async.py for tasks to queue
[2024-10-02T02:06:09.548+0000] {logging_mixin.py:151} INFO - [2024-10-02T02:06:09.545+0000] {dagbag.py:539} INFO - Filling up the DagBag from /home/airflow/.local/lib/python3.8/site-packages/airflow/example_dags/example_time_delta_sensor_async.py
[2024-10-02T02:06:09.619+0000] {processor.py:839} INFO - DAG(s) dict_keys(['example_time_delta_sensor_async']) retrieved from /home/airflow/.local/lib/python3.8/site-packages/airflow/example_dags/example_time_delta_sensor_async.py
[2024-10-02T02:06:10.130+0000] {logging_mixin.py:151} INFO - [2024-10-02T02:06:10.130+0000] {manager.py:499} INFO - Created Permission View: %s
[2024-10-02T02:06:10.158+0000] {logging_mixin.py:151} INFO - [2024-10-02T02:06:10.157+0000] {manager.py:499} INFO - Created Permission View: %s
[2024-10-02T02:06:10.180+0000] {logging_mixin.py:151} INFO - [2024-10-02T02:06:10.180+0000] {manager.py:499} INFO - Created Permission View: %s
[2024-10-02T02:06:10.184+0000] {logging_mixin.py:151} INFO - [2024-10-02T02:06:10.183+0000] {security.py:708} INFO - Not syncing DAG-level permissions for DAG 'DAG:example_time_delta_sensor_async' as access control is unset.
[2024-10-02T02:06:10.185+0000] {logging_mixin.py:151} INFO - [2024-10-02T02:06:10.185+0000] {dag.py:2915} INFO - Sync 1 DAGs
[2024-10-02T02:06:10.207+0000] {logging_mixin.py:151} INFO - [2024-10-02T02:06:10.207+0000] {dag.py:2937} INFO - Creating ORM DAG for example_time_delta_sensor_async
[2024-10-02T02:06:10.214+0000] {logging_mixin.py:151} INFO - [2024-10-02T02:06:10.214+0000] {dag.py:3696} INFO - Setting next_dagrun for example_time_delta_sensor_async to None, run_after=None
[2024-10-02T02:06:10.257+0000] {processor.py:179} INFO - Processing /home/airflow/.local/lib/python3.8/site-packages/airflow/example_dags/example_time_delta_sensor_async.py took 0.869 seconds
[2024-10-02T02:06:40.708+0000] {processor.py:157} INFO - Started process (PID=84) to work on /home/airflow/.local/lib/python3.8/site-packages/airflow/example_dags/example_time_delta_sensor_async.py
[2024-10-02T02:06:40.711+0000] {processor.py:829} INFO - Processing file /home/airflow/.local/lib/python3.8/site-packages/airflow/example_dags/example_time_delta_sensor_async.py for tasks to queue
[2024-10-02T02:06:40.714+0000] {logging_mixin.py:151} INFO - [2024-10-02T02:06:40.714+0000] {dagbag.py:539} INFO - Filling up the DagBag from /home/airflow/.local/lib/python3.8/site-packages/airflow/example_dags/example_time_delta_sensor_async.py
[2024-10-02T02:06:40.723+0000] {processor.py:839} INFO - DAG(s) dict_keys(['example_time_delta_sensor_async']) retrieved from /home/airflow/.local/lib/python3.8/site-packages/airflow/example_dags/example_time_delta_sensor_async.py
[2024-10-02T02:06:40.751+0000] {logging_mixin.py:151} INFO - [2024-10-02T02:06:40.751+0000] {dag.py:2915} INFO - Sync 1 DAGs
[2024-10-02T02:06:40.767+0000] {logging_mixin.py:151} INFO - [2024-10-02T02:06:40.767+0000] {dag.py:3696} INFO - Setting next_dagrun for example_time_delta_sensor_async to None, run_after=None
[2024-10-02T02:06:40.788+0000] {processor.py:179} INFO - Processing /home/airflow/.local/lib/python3.8/site-packages/airflow/example_dags/example_time_delta_sensor_async.py took 0.084 seconds
[2024-10-02T02:07:11.202+0000] {processor.py:157} INFO - Started process (PID=132) to work on /home/airflow/.local/lib/python3.8/site-packages/airflow/example_dags/example_time_delta_sensor_async.py
[2024-10-02T02:07:11.205+0000] {processor.py:829} INFO - Processing file /home/airflow/.local/lib/python3.8/site-packages/airflow/example_dags/example_time_delta_sensor_async.py for tasks to queue
[2024-10-02T02:07:11.209+0000] {logging_mixin.py:151} INFO - [2024-10-02T02:07:11.208+0000] {dagbag.py:539} INFO - Filling up the DagBag from /home/airflow/.local/lib/python3.8/site-packages/airflow/example_dags/example_time_delta_sensor_async.py
[2024-10-02T02:07:11.221+0000] {processor.py:839} INFO - DAG(s) dict_keys(['example_time_delta_sensor_async']) retrieved from /home/airflow/.local/lib/python3.8/site-packages/airflow/example_dags/example_time_delta_sensor_async.py
[2024-10-02T02:07:11.264+0000] {logging_mixin.py:151} INFO - [2024-10-02T02:07:11.263+0000] {dag.py:2915} INFO - Sync 1 DAGs
[2024-10-02T02:07:11.280+0000] {logging_mixin.py:151} INFO - [2024-10-02T02:07:11.280+0000] {dag.py:3696} INFO - Setting next_dagrun for example_time_delta_sensor_async to None, run_after=None
[2024-10-02T02:07:11.306+0000] {processor.py:179} INFO - Processing /home/airflow/.local/lib/python3.8/site-packages/airflow/example_dags/example_time_delta_sensor_async.py took 0.109 seconds
[2024-10-02T02:07:41.580+0000] {processor.py:157} INFO - Started process (PID=180) to work on /home/airflow/.local/lib/python3.8/site-packages/airflow/example_dags/example_time_delta_sensor_async.py
[2024-10-02T02:07:41.583+0000] {processor.py:829} INFO - Processing file /home/airflow/.local/lib/python3.8/site-packages/airflow/example_dags/example_time_delta_sensor_async.py for tasks to queue
[2024-10-02T02:07:41.586+0000] {logging_mixin.py:151} INFO - [2024-10-02T02:07:41.586+0000] {dagbag.py:539} INFO - Filling up the DagBag from /home/airflow/.local/lib/python3.8/site-packages/airflow/example_dags/example_time_delta_sensor_async.py
[2024-10-02T02:07:41.596+0000] {processor.py:839} INFO - DAG(s) dict_keys(['example_time_delta_sensor_async']) retrieved from /home/airflow/.local/lib/python3.8/site-packages/airflow/example_dags/example_time_delta_sensor_async.py
[2024-10-02T02:07:41.631+0000] {logging_mixin.py:151} INFO - [2024-10-02T02:07:41.630+0000] {dag.py:2915} INFO - Sync 1 DAGs
[2024-10-02T02:07:41.658+0000] {logging_mixin.py:151} INFO - [2024-10-02T02:07:41.658+0000] {dag.py:3696} INFO - Setting next_dagrun for example_time_delta_sensor_async to None, run_after=None
[2024-10-02T02:07:41.681+0000] {processor.py:179} INFO - Processing /home/airflow/.local/lib/python3.8/site-packages/airflow/example_dags/example_time_delta_sensor_async.py took 0.104 seconds
[2024-10-02T02:08:11.824+0000] {processor.py:157} INFO - Started process (PID=228) to work on /home/airflow/.local/lib/python3.8/site-packages/airflow/example_dags/example_time_delta_sensor_async.py
[2024-10-02T02:08:11.827+0000] {processor.py:829} INFO - Processing file /home/airflow/.local/lib/python3.8/site-packages/airflow/example_dags/example_time_delta_sensor_async.py for tasks to queue
[2024-10-02T02:08:11.833+0000] {logging_mixin.py:151} INFO - [2024-10-02T02:08:11.831+0000] {dagbag.py:539} INFO - Filling up the DagBag from /home/airflow/.local/lib/python3.8/site-packages/airflow/example_dags/example_time_delta_sensor_async.py
[2024-10-02T02:08:11.845+0000] {processor.py:839} INFO - DAG(s) dict_keys(['example_time_delta_sensor_async']) retrieved from /home/airflow/.local/lib/python3.8/site-packages/airflow/example_dags/example_time_delta_sensor_async.py
[2024-10-02T02:08:11.883+0000] {logging_mixin.py:151} INFO - [2024-10-02T02:08:11.882+0000] {dag.py:2915} INFO - Sync 1 DAGs
[2024-10-02T02:08:11.900+0000] {logging_mixin.py:151} INFO - [2024-10-02T02:08:11.900+0000] {dag.py:3696} INFO - Setting next_dagrun for example_time_delta_sensor_async to None, run_after=None
[2024-10-02T02:08:11.926+0000] {processor.py:179} INFO - Processing /home/airflow/.local/lib/python3.8/site-packages/airflow/example_dags/example_time_delta_sensor_async.py took 0.106 seconds
[2024-10-02T02:08:42.739+0000] {processor.py:157} INFO - Started process (PID=276) to work on /home/airflow/.local/lib/python3.8/site-packages/airflow/example_dags/example_time_delta_sensor_async.py
[2024-10-02T02:08:42.764+0000] {processor.py:829} INFO - Processing file /home/airflow/.local/lib/python3.8/site-packages/airflow/example_dags/example_time_delta_sensor_async.py for tasks to queue
[2024-10-02T02:08:42.772+0000] {logging_mixin.py:151} INFO - [2024-10-02T02:08:42.772+0000] {dagbag.py:539} INFO - Filling up the DagBag from /home/airflow/.local/lib/python3.8/site-packages/airflow/example_dags/example_time_delta_sensor_async.py
[2024-10-02T02:08:42.793+0000] {processor.py:839} INFO - DAG(s) dict_keys(['example_time_delta_sensor_async']) retrieved from /home/airflow/.local/lib/python3.8/site-packages/airflow/example_dags/example_time_delta_sensor_async.py
[2024-10-02T02:08:42.880+0000] {logging_mixin.py:151} INFO - [2024-10-02T02:08:42.879+0000] {dag.py:2915} INFO - Sync 1 DAGs
[2024-10-02T02:08:42.904+0000] {logging_mixin.py:151} INFO - [2024-10-02T02:08:42.904+0000] {dag.py:3696} INFO - Setting next_dagrun for example_time_delta_sensor_async to None, run_after=None
[2024-10-02T02:08:42.967+0000] {processor.py:179} INFO - Processing /home/airflow/.local/lib/python3.8/site-packages/airflow/example_dags/example_time_delta_sensor_async.py took 0.235 seconds
[2024-10-02T02:09:13.619+0000] {processor.py:157} INFO - Started process (PID=324) to work on /home/airflow/.local/lib/python3.8/site-packages/airflow/example_dags/example_time_delta_sensor_async.py
[2024-10-02T02:09:13.622+0000] {processor.py:829} INFO - Processing file /home/airflow/.local/lib/python3.8/site-packages/airflow/example_dags/example_time_delta_sensor_async.py for tasks to queue
[2024-10-02T02:09:13.626+0000] {logging_mixin.py:151} INFO - [2024-10-02T02:09:13.626+0000] {dagbag.py:539} INFO - Filling up the DagBag from /home/airflow/.local/lib/python3.8/site-packages/airflow/example_dags/example_time_delta_sensor_async.py
[2024-10-02T02:09:13.636+0000] {processor.py:839} INFO - DAG(s) dict_keys(['example_time_delta_sensor_async']) retrieved from /home/airflow/.local/lib/python3.8/site-packages/airflow/example_dags/example_time_delta_sensor_async.py
[2024-10-02T02:09:13.668+0000] {logging_mixin.py:151} INFO - [2024-10-02T02:09:13.667+0000] {dag.py:2915} INFO - Sync 1 DAGs
[2024-10-02T02:09:13.683+0000] {logging_mixin.py:151} INFO - [2024-10-02T02:09:13.683+0000] {dag.py:3696} INFO - Setting next_dagrun for example_time_delta_sensor_async to None, run_after=None
[2024-10-02T02:09:13.703+0000] {processor.py:179} INFO - Processing /home/airflow/.local/lib/python3.8/site-packages/airflow/example_dags/example_time_delta_sensor_async.py took 0.088 seconds
[2024-10-02T02:09:44.594+0000] {processor.py:157} INFO - Started process (PID=372) to work on /home/airflow/.local/lib/python3.8/site-packages/airflow/example_dags/example_time_delta_sensor_async.py
[2024-10-02T02:09:44.599+0000] {processor.py:829} INFO - Processing file /home/airflow/.local/lib/python3.8/site-packages/airflow/example_dags/example_time_delta_sensor_async.py for tasks to queue
[2024-10-02T02:09:44.611+0000] {logging_mixin.py:151} INFO - [2024-10-02T02:09:44.610+0000] {dagbag.py:539} INFO - Filling up the DagBag from /home/airflow/.local/lib/python3.8/site-packages/airflow/example_dags/example_time_delta_sensor_async.py
[2024-10-02T02:09:44.627+0000] {processor.py:839} INFO - DAG(s) dict_keys(['example_time_delta_sensor_async']) retrieved from /home/airflow/.local/lib/python3.8/site-packages/airflow/example_dags/example_time_delta_sensor_async.py
[2024-10-02T02:09:44.686+0000] {logging_mixin.py:151} INFO - [2024-10-02T02:09:44.686+0000] {dag.py:2915} INFO - Sync 1 DAGs
[2024-10-02T02:09:44.721+0000] {logging_mixin.py:151} INFO - [2024-10-02T02:09:44.720+0000] {dag.py:3696} INFO - Setting next_dagrun for example_time_delta_sensor_async to None, run_after=None
[2024-10-02T02:09:44.792+0000] {processor.py:179} INFO - Processing /home/airflow/.local/lib/python3.8/site-packages/airflow/example_dags/example_time_delta_sensor_async.py took 0.213 seconds
[2024-10-02T02:10:15.411+0000] {processor.py:157} INFO - Started process (PID=420) to work on /home/airflow/.local/lib/python3.8/site-packages/airflow/example_dags/example_time_delta_sensor_async.py
[2024-10-02T02:10:15.414+0000] {processor.py:829} INFO - Processing file /home/airflow/.local/lib/python3.8/site-packages/airflow/example_dags/example_time_delta_sensor_async.py for tasks to queue
[2024-10-02T02:10:15.419+0000] {logging_mixin.py:151} INFO - [2024-10-02T02:10:15.418+0000] {dagbag.py:539} INFO - Filling up the DagBag from /home/airflow/.local/lib/python3.8/site-packages/airflow/example_dags/example_time_delta_sensor_async.py
[2024-10-02T02:10:15.430+0000] {processor.py:839} INFO - DAG(s) dict_keys(['example_time_delta_sensor_async']) retrieved from /home/airflow/.local/lib/python3.8/site-packages/airflow/example_dags/example_time_delta_sensor_async.py
[2024-10-02T02:10:15.460+0000] {logging_mixin.py:151} INFO - [2024-10-02T02:10:15.460+0000] {dag.py:2915} INFO - Sync 1 DAGs
[2024-10-02T02:10:15.477+0000] {logging_mixin.py:151} INFO - [2024-10-02T02:10:15.477+0000] {dag.py:3696} INFO - Setting next_dagrun for example_time_delta_sensor_async to None, run_after=None
[2024-10-02T02:10:15.501+0000] {processor.py:179} INFO - Processing /home/airflow/.local/lib/python3.8/site-packages/airflow/example_dags/example_time_delta_sensor_async.py took 0.093 seconds
