[2024-10-02 01:23:30,403] {scheduler_job.py:182} INFO - Started process (PID=35) to work on /home/airflow/.local/lib/python3.6/site-packages/airflow/example_dags/example_python_operator.py
[2024-10-02 01:23:30,404] {scheduler_job.py:629} INFO - Processing file /home/airflow/.local/lib/python3.6/site-packages/airflow/example_dags/example_python_operator.py for tasks to queue
[2024-10-02 01:23:30,406] {logging_mixin.py:104} INFO - [2024-10-02 01:23:30,405] {dagbag.py:451} INFO - Filling up the DagBag from /home/airflow/.local/lib/python3.6/site-packages/airflow/example_dags/example_python_operator.py
[2024-10-02 01:23:30,419] {scheduler_job.py:639} INFO - DAG(s) dict_keys(['example_python_operator']) retrieved from /home/airflow/.local/lib/python3.6/site-packages/airflow/example_dags/example_python_operator.py
[2024-10-02 01:23:30,509] {logging_mixin.py:104} INFO - [2024-10-02 01:23:30,491] {dag.py:1824} INFO - Sync 1 DAGs
[2024-10-02 01:23:30,603] {logging_mixin.py:104} INFO - [2024-10-02 01:23:30,602] {dag.py:1843} INFO - Creating ORM DAG for example_python_operator
[2024-10-02 01:23:30,611] {logging_mixin.py:104} INFO - [2024-10-02 01:23:30,611] {dag.py:2280} INFO - Setting next_dagrun for example_python_operator to None
[2024-10-02 01:23:30,641] {scheduler_job.py:190} INFO - Processing /home/airflow/.local/lib/python3.6/site-packages/airflow/example_dags/example_python_operator.py took 0.241 seconds
[2024-10-02 01:24:01,303] {scheduler_job.py:182} INFO - Started process (PID=62) to work on /home/airflow/.local/lib/python3.6/site-packages/airflow/example_dags/example_python_operator.py
[2024-10-02 01:24:01,306] {scheduler_job.py:629} INFO - Processing file /home/airflow/.local/lib/python3.6/site-packages/airflow/example_dags/example_python_operator.py for tasks to queue
[2024-10-02 01:24:01,307] {logging_mixin.py:104} INFO - [2024-10-02 01:24:01,307] {dagbag.py:451} INFO - Filling up the DagBag from /home/airflow/.local/lib/python3.6/site-packages/airflow/example_dags/example_python_operator.py
[2024-10-02 01:24:01,322] {scheduler_job.py:639} INFO - DAG(s) dict_keys(['example_python_operator']) retrieved from /home/airflow/.local/lib/python3.6/site-packages/airflow/example_dags/example_python_operator.py
[2024-10-02 01:24:01,354] {logging_mixin.py:104} INFO - [2024-10-02 01:24:01,353] {dag.py:1824} INFO - Sync 1 DAGs
[2024-10-02 01:24:01,383] {logging_mixin.py:104} INFO - [2024-10-02 01:24:01,383] {dag.py:2280} INFO - Setting next_dagrun for example_python_operator to None
[2024-10-02 01:24:01,400] {scheduler_job.py:190} INFO - Processing /home/airflow/.local/lib/python3.6/site-packages/airflow/example_dags/example_python_operator.py took 0.100 seconds
[2024-10-02 01:24:32,146] {scheduler_job.py:182} INFO - Started process (PID=91) to work on /home/airflow/.local/lib/python3.6/site-packages/airflow/example_dags/example_python_operator.py
[2024-10-02 01:24:32,150] {scheduler_job.py:629} INFO - Processing file /home/airflow/.local/lib/python3.6/site-packages/airflow/example_dags/example_python_operator.py for tasks to queue
[2024-10-02 01:24:32,152] {logging_mixin.py:104} INFO - [2024-10-02 01:24:32,152] {dagbag.py:451} INFO - Filling up the DagBag from /home/airflow/.local/lib/python3.6/site-packages/airflow/example_dags/example_python_operator.py
[2024-10-02 01:24:32,174] {scheduler_job.py:639} INFO - DAG(s) dict_keys(['example_python_operator']) retrieved from /home/airflow/.local/lib/python3.6/site-packages/airflow/example_dags/example_python_operator.py
[2024-10-02 01:24:32,207] {logging_mixin.py:104} INFO - [2024-10-02 01:24:32,206] {dag.py:1824} INFO - Sync 1 DAGs
[2024-10-02 01:24:32,229] {logging_mixin.py:104} INFO - [2024-10-02 01:24:32,228] {dag.py:2280} INFO - Setting next_dagrun for example_python_operator to None
[2024-10-02 01:24:32,244] {scheduler_job.py:190} INFO - Processing /home/airflow/.local/lib/python3.6/site-packages/airflow/example_dags/example_python_operator.py took 0.101 seconds
[2024-10-02 01:25:03,224] {scheduler_job.py:182} INFO - Started process (PID=119) to work on /home/airflow/.local/lib/python3.6/site-packages/airflow/example_dags/example_python_operator.py
[2024-10-02 01:25:03,230] {scheduler_job.py:629} INFO - Processing file /home/airflow/.local/lib/python3.6/site-packages/airflow/example_dags/example_python_operator.py for tasks to queue
[2024-10-02 01:25:03,231] {logging_mixin.py:104} INFO - [2024-10-02 01:25:03,231] {dagbag.py:451} INFO - Filling up the DagBag from /home/airflow/.local/lib/python3.6/site-packages/airflow/example_dags/example_python_operator.py
[2024-10-02 01:25:03,261] {scheduler_job.py:639} INFO - DAG(s) dict_keys(['example_python_operator']) retrieved from /home/airflow/.local/lib/python3.6/site-packages/airflow/example_dags/example_python_operator.py
[2024-10-02 01:25:03,308] {logging_mixin.py:104} INFO - [2024-10-02 01:25:03,308] {dag.py:1824} INFO - Sync 1 DAGs
[2024-10-02 01:25:03,343] {logging_mixin.py:104} INFO - [2024-10-02 01:25:03,343] {dag.py:2280} INFO - Setting next_dagrun for example_python_operator to None
[2024-10-02 01:25:03,377] {scheduler_job.py:190} INFO - Processing /home/airflow/.local/lib/python3.6/site-packages/airflow/example_dags/example_python_operator.py took 0.157 seconds
[2024-10-02 01:25:33,872] {scheduler_job.py:182} INFO - Started process (PID=146) to work on /home/airflow/.local/lib/python3.6/site-packages/airflow/example_dags/example_python_operator.py
[2024-10-02 01:25:33,874] {scheduler_job.py:629} INFO - Processing file /home/airflow/.local/lib/python3.6/site-packages/airflow/example_dags/example_python_operator.py for tasks to queue
[2024-10-02 01:25:33,875] {logging_mixin.py:104} INFO - [2024-10-02 01:25:33,875] {dagbag.py:451} INFO - Filling up the DagBag from /home/airflow/.local/lib/python3.6/site-packages/airflow/example_dags/example_python_operator.py
[2024-10-02 01:25:33,888] {scheduler_job.py:639} INFO - DAG(s) dict_keys(['example_python_operator']) retrieved from /home/airflow/.local/lib/python3.6/site-packages/airflow/example_dags/example_python_operator.py
[2024-10-02 01:25:33,918] {logging_mixin.py:104} INFO - [2024-10-02 01:25:33,918] {dag.py:1824} INFO - Sync 1 DAGs
[2024-10-02 01:25:33,935] {logging_mixin.py:104} INFO - [2024-10-02 01:25:33,935] {dag.py:2280} INFO - Setting next_dagrun for example_python_operator to None
[2024-10-02 01:25:33,944] {scheduler_job.py:190} INFO - Processing /home/airflow/.local/lib/python3.6/site-packages/airflow/example_dags/example_python_operator.py took 0.075 seconds
[2024-10-02 01:26:05,465] {scheduler_job.py:182} INFO - Started process (PID=180) to work on /home/airflow/.local/lib/python3.6/site-packages/airflow/example_dags/example_python_operator.py
[2024-10-02 01:26:05,470] {scheduler_job.py:629} INFO - Processing file /home/airflow/.local/lib/python3.6/site-packages/airflow/example_dags/example_python_operator.py for tasks to queue
[2024-10-02 01:26:05,472] {logging_mixin.py:104} INFO - [2024-10-02 01:26:05,472] {dagbag.py:451} INFO - Filling up the DagBag from /home/airflow/.local/lib/python3.6/site-packages/airflow/example_dags/example_python_operator.py
[2024-10-02 01:26:05,498] {scheduler_job.py:639} INFO - DAG(s) dict_keys(['example_python_operator']) retrieved from /home/airflow/.local/lib/python3.6/site-packages/airflow/example_dags/example_python_operator.py
[2024-10-02 01:26:05,543] {logging_mixin.py:104} INFO - [2024-10-02 01:26:05,543] {dag.py:1824} INFO - Sync 1 DAGs
[2024-10-02 01:26:05,563] {logging_mixin.py:104} INFO - [2024-10-02 01:26:05,563] {dag.py:2280} INFO - Setting next_dagrun for example_python_operator to None
[2024-10-02 01:26:05,583] {scheduler_job.py:190} INFO - Processing /home/airflow/.local/lib/python3.6/site-packages/airflow/example_dags/example_python_operator.py took 0.126 seconds
[2024-10-02 01:26:35,648] {scheduler_job.py:182} INFO - Started process (PID=207) to work on /home/airflow/.local/lib/python3.6/site-packages/airflow/example_dags/example_python_operator.py
[2024-10-02 01:26:35,651] {scheduler_job.py:629} INFO - Processing file /home/airflow/.local/lib/python3.6/site-packages/airflow/example_dags/example_python_operator.py for tasks to queue
[2024-10-02 01:26:35,652] {logging_mixin.py:104} INFO - [2024-10-02 01:26:35,652] {dagbag.py:451} INFO - Filling up the DagBag from /home/airflow/.local/lib/python3.6/site-packages/airflow/example_dags/example_python_operator.py
[2024-10-02 01:26:35,667] {scheduler_job.py:639} INFO - DAG(s) dict_keys(['example_python_operator']) retrieved from /home/airflow/.local/lib/python3.6/site-packages/airflow/example_dags/example_python_operator.py
[2024-10-02 01:26:35,691] {logging_mixin.py:104} INFO - [2024-10-02 01:26:35,691] {dag.py:1824} INFO - Sync 1 DAGs
[2024-10-02 01:26:35,707] {logging_mixin.py:104} INFO - [2024-10-02 01:26:35,706] {dag.py:2280} INFO - Setting next_dagrun for example_python_operator to None
[2024-10-02 01:26:35,717] {scheduler_job.py:190} INFO - Processing /home/airflow/.local/lib/python3.6/site-packages/airflow/example_dags/example_python_operator.py took 0.072 seconds
[2024-10-02 01:27:06,471] {scheduler_job.py:182} INFO - Started process (PID=233) to work on /home/airflow/.local/lib/python3.6/site-packages/airflow/example_dags/example_python_operator.py
[2024-10-02 01:27:06,476] {scheduler_job.py:629} INFO - Processing file /home/airflow/.local/lib/python3.6/site-packages/airflow/example_dags/example_python_operator.py for tasks to queue
[2024-10-02 01:27:06,479] {logging_mixin.py:104} INFO - [2024-10-02 01:27:06,479] {dagbag.py:451} INFO - Filling up the DagBag from /home/airflow/.local/lib/python3.6/site-packages/airflow/example_dags/example_python_operator.py
[2024-10-02 01:27:06,503] {scheduler_job.py:639} INFO - DAG(s) dict_keys(['example_python_operator']) retrieved from /home/airflow/.local/lib/python3.6/site-packages/airflow/example_dags/example_python_operator.py
[2024-10-02 01:27:06,556] {logging_mixin.py:104} INFO - [2024-10-02 01:27:06,556] {dag.py:1824} INFO - Sync 1 DAGs
[2024-10-02 01:27:06,570] {logging_mixin.py:104} INFO - [2024-10-02 01:27:06,570] {dag.py:2280} INFO - Setting next_dagrun for example_python_operator to None
[2024-10-02 01:27:06,588] {scheduler_job.py:190} INFO - Processing /home/airflow/.local/lib/python3.6/site-packages/airflow/example_dags/example_python_operator.py took 0.120 seconds
[2024-10-02 01:27:38,623] {scheduler_job.py:182} INFO - Started process (PID=261) to work on /home/airflow/.local/lib/python3.6/site-packages/airflow/example_dags/example_python_operator.py
[2024-10-02 01:27:38,628] {scheduler_job.py:629} INFO - Processing file /home/airflow/.local/lib/python3.6/site-packages/airflow/example_dags/example_python_operator.py for tasks to queue
[2024-10-02 01:27:38,630] {logging_mixin.py:104} INFO - [2024-10-02 01:27:38,629] {dagbag.py:451} INFO - Filling up the DagBag from /home/airflow/.local/lib/python3.6/site-packages/airflow/example_dags/example_python_operator.py
[2024-10-02 01:27:38,647] {scheduler_job.py:639} INFO - DAG(s) dict_keys(['example_python_operator']) retrieved from /home/airflow/.local/lib/python3.6/site-packages/airflow/example_dags/example_python_operator.py
[2024-10-02 01:27:38,704] {logging_mixin.py:104} INFO - [2024-10-02 01:27:38,704] {dag.py:1824} INFO - Sync 1 DAGs
[2024-10-02 01:27:38,741] {logging_mixin.py:104} INFO - [2024-10-02 01:27:38,740] {dag.py:2280} INFO - Setting next_dagrun for example_python_operator to None
[2024-10-02 01:27:38,801] {scheduler_job.py:190} INFO - Processing /home/airflow/.local/lib/python3.6/site-packages/airflow/example_dags/example_python_operator.py took 0.181 seconds
[2024-10-02 01:28:09,848] {scheduler_job.py:182} INFO - Started process (PID=290) to work on /home/airflow/.local/lib/python3.6/site-packages/airflow/example_dags/example_python_operator.py
[2024-10-02 01:28:09,850] {scheduler_job.py:629} INFO - Processing file /home/airflow/.local/lib/python3.6/site-packages/airflow/example_dags/example_python_operator.py for tasks to queue
[2024-10-02 01:28:09,852] {logging_mixin.py:104} INFO - [2024-10-02 01:28:09,851] {dagbag.py:451} INFO - Filling up the DagBag from /home/airflow/.local/lib/python3.6/site-packages/airflow/example_dags/example_python_operator.py
[2024-10-02 01:28:09,865] {scheduler_job.py:639} INFO - DAG(s) dict_keys(['example_python_operator']) retrieved from /home/airflow/.local/lib/python3.6/site-packages/airflow/example_dags/example_python_operator.py
[2024-10-02 01:28:09,892] {logging_mixin.py:104} INFO - [2024-10-02 01:28:09,892] {dag.py:1824} INFO - Sync 1 DAGs
[2024-10-02 01:28:09,904] {logging_mixin.py:104} INFO - [2024-10-02 01:28:09,904] {dag.py:2280} INFO - Setting next_dagrun for example_python_operator to None
[2024-10-02 01:28:09,911] {scheduler_job.py:190} INFO - Processing /home/airflow/.local/lib/python3.6/site-packages/airflow/example_dags/example_python_operator.py took 0.066 seconds
[2024-10-02 01:28:40,803] {scheduler_job.py:182} INFO - Started process (PID=317) to work on /home/airflow/.local/lib/python3.6/site-packages/airflow/example_dags/example_python_operator.py
[2024-10-02 01:28:40,805] {scheduler_job.py:629} INFO - Processing file /home/airflow/.local/lib/python3.6/site-packages/airflow/example_dags/example_python_operator.py for tasks to queue
[2024-10-02 01:28:40,810] {logging_mixin.py:104} INFO - [2024-10-02 01:28:40,809] {dagbag.py:451} INFO - Filling up the DagBag from /home/airflow/.local/lib/python3.6/site-packages/airflow/example_dags/example_python_operator.py
[2024-10-02 01:28:40,831] {scheduler_job.py:639} INFO - DAG(s) dict_keys(['example_python_operator']) retrieved from /home/airflow/.local/lib/python3.6/site-packages/airflow/example_dags/example_python_operator.py
[2024-10-02 01:28:40,857] {logging_mixin.py:104} INFO - [2024-10-02 01:28:40,857] {dag.py:1824} INFO - Sync 1 DAGs
[2024-10-02 01:28:40,876] {logging_mixin.py:104} INFO - [2024-10-02 01:28:40,876] {dag.py:2280} INFO - Setting next_dagrun for example_python_operator to None
[2024-10-02 01:28:40,892] {scheduler_job.py:190} INFO - Processing /home/airflow/.local/lib/python3.6/site-packages/airflow/example_dags/example_python_operator.py took 0.095 seconds
[2024-10-02T01:32:15.657+0000] {processor.py:157} INFO - Started process (PID=57) to work on /home/airflow/.local/lib/python3.8/site-packages/airflow/example_dags/example_python_operator.py
[2024-10-02T01:32:15.660+0000] {processor.py:829} INFO - Processing file /home/airflow/.local/lib/python3.8/site-packages/airflow/example_dags/example_python_operator.py for tasks to queue
[2024-10-02T01:32:15.664+0000] {logging_mixin.py:151} INFO - [2024-10-02T01:32:15.664+0000] {dagbag.py:539} INFO - Filling up the DagBag from /home/airflow/.local/lib/python3.8/site-packages/airflow/example_dags/example_python_operator.py
[2024-10-02T01:32:15.685+0000] {processor.py:839} INFO - DAG(s) dict_keys(['example_python_operator']) retrieved from /home/airflow/.local/lib/python3.8/site-packages/airflow/example_dags/example_python_operator.py
[2024-10-02T01:32:15.905+0000] {logging_mixin.py:151} INFO - [2024-10-02T01:32:15.905+0000] {manager.py:499} INFO - Created Permission View: %s
[2024-10-02T01:32:15.935+0000] {logging_mixin.py:151} INFO - [2024-10-02T01:32:15.935+0000] {manager.py:499} INFO - Created Permission View: %s
[2024-10-02T01:32:15.957+0000] {logging_mixin.py:151} INFO - [2024-10-02T01:32:15.957+0000] {manager.py:499} INFO - Created Permission View: %s
[2024-10-02T01:32:15.958+0000] {logging_mixin.py:151} INFO - [2024-10-02T01:32:15.958+0000] {security.py:708} INFO - Not syncing DAG-level permissions for DAG 'DAG:example_python_operator' as access control is unset.
[2024-10-02T01:32:15.962+0000] {logging_mixin.py:151} INFO - [2024-10-02T01:32:15.961+0000] {dag.py:2915} INFO - Sync 1 DAGs
[2024-10-02T01:32:15.994+0000] {logging_mixin.py:151} INFO - [2024-10-02T01:32:15.993+0000] {dag.py:2937} INFO - Creating ORM DAG for example_python_operator
[2024-10-02T01:32:15.997+0000] {logging_mixin.py:151} INFO - [2024-10-02T01:32:15.996+0000] {dag.py:3696} INFO - Setting next_dagrun for example_python_operator to None, run_after=None
[2024-10-02T01:32:16.024+0000] {processor.py:179} INFO - Processing /home/airflow/.local/lib/python3.8/site-packages/airflow/example_dags/example_python_operator.py took 0.371 seconds
[2024-10-02T01:32:46.409+0000] {processor.py:157} INFO - Started process (PID=105) to work on /home/airflow/.local/lib/python3.8/site-packages/airflow/example_dags/example_python_operator.py
[2024-10-02T01:32:46.412+0000] {processor.py:829} INFO - Processing file /home/airflow/.local/lib/python3.8/site-packages/airflow/example_dags/example_python_operator.py for tasks to queue
[2024-10-02T01:32:46.416+0000] {logging_mixin.py:151} INFO - [2024-10-02T01:32:46.415+0000] {dagbag.py:539} INFO - Filling up the DagBag from /home/airflow/.local/lib/python3.8/site-packages/airflow/example_dags/example_python_operator.py
[2024-10-02T01:32:46.434+0000] {processor.py:839} INFO - DAG(s) dict_keys(['example_python_operator']) retrieved from /home/airflow/.local/lib/python3.8/site-packages/airflow/example_dags/example_python_operator.py
[2024-10-02T01:32:46.466+0000] {logging_mixin.py:151} INFO - [2024-10-02T01:32:46.465+0000] {dag.py:2915} INFO - Sync 1 DAGs
[2024-10-02T01:32:46.481+0000] {logging_mixin.py:151} INFO - [2024-10-02T01:32:46.481+0000] {dag.py:3696} INFO - Setting next_dagrun for example_python_operator to None, run_after=None
[2024-10-02T01:32:46.502+0000] {processor.py:179} INFO - Processing /home/airflow/.local/lib/python3.8/site-packages/airflow/example_dags/example_python_operator.py took 0.097 seconds
[2024-10-02T01:33:17.559+0000] {processor.py:157} INFO - Started process (PID=153) to work on /home/airflow/.local/lib/python3.8/site-packages/airflow/example_dags/example_python_operator.py
[2024-10-02T01:33:17.561+0000] {processor.py:829} INFO - Processing file /home/airflow/.local/lib/python3.8/site-packages/airflow/example_dags/example_python_operator.py for tasks to queue
[2024-10-02T01:33:17.566+0000] {logging_mixin.py:151} INFO - [2024-10-02T01:33:17.565+0000] {dagbag.py:539} INFO - Filling up the DagBag from /home/airflow/.local/lib/python3.8/site-packages/airflow/example_dags/example_python_operator.py
[2024-10-02T01:33:17.587+0000] {processor.py:839} INFO - DAG(s) dict_keys(['example_python_operator']) retrieved from /home/airflow/.local/lib/python3.8/site-packages/airflow/example_dags/example_python_operator.py
[2024-10-02T01:33:17.615+0000] {logging_mixin.py:151} INFO - [2024-10-02T01:33:17.615+0000] {dag.py:2915} INFO - Sync 1 DAGs
[2024-10-02T01:33:17.631+0000] {logging_mixin.py:151} INFO - [2024-10-02T01:33:17.631+0000] {dag.py:3696} INFO - Setting next_dagrun for example_python_operator to None, run_after=None
[2024-10-02T01:33:17.657+0000] {processor.py:179} INFO - Processing /home/airflow/.local/lib/python3.8/site-packages/airflow/example_dags/example_python_operator.py took 0.104 seconds
[2024-10-02T01:33:48.103+0000] {processor.py:157} INFO - Started process (PID=201) to work on /home/airflow/.local/lib/python3.8/site-packages/airflow/example_dags/example_python_operator.py
[2024-10-02T01:33:48.107+0000] {processor.py:829} INFO - Processing file /home/airflow/.local/lib/python3.8/site-packages/airflow/example_dags/example_python_operator.py for tasks to queue
[2024-10-02T01:33:48.114+0000] {logging_mixin.py:151} INFO - [2024-10-02T01:33:48.113+0000] {dagbag.py:539} INFO - Filling up the DagBag from /home/airflow/.local/lib/python3.8/site-packages/airflow/example_dags/example_python_operator.py
[2024-10-02T01:33:48.141+0000] {processor.py:839} INFO - DAG(s) dict_keys(['example_python_operator']) retrieved from /home/airflow/.local/lib/python3.8/site-packages/airflow/example_dags/example_python_operator.py
[2024-10-02T01:33:48.182+0000] {logging_mixin.py:151} INFO - [2024-10-02T01:33:48.181+0000] {dag.py:2915} INFO - Sync 1 DAGs
[2024-10-02T01:33:48.201+0000] {logging_mixin.py:151} INFO - [2024-10-02T01:33:48.201+0000] {dag.py:3696} INFO - Setting next_dagrun for example_python_operator to None, run_after=None
[2024-10-02T01:33:48.224+0000] {processor.py:179} INFO - Processing /home/airflow/.local/lib/python3.8/site-packages/airflow/example_dags/example_python_operator.py took 0.130 seconds
[2024-10-02T01:34:18.824+0000] {processor.py:157} INFO - Started process (PID=249) to work on /home/airflow/.local/lib/python3.8/site-packages/airflow/example_dags/example_python_operator.py
[2024-10-02T01:34:18.830+0000] {processor.py:829} INFO - Processing file /home/airflow/.local/lib/python3.8/site-packages/airflow/example_dags/example_python_operator.py for tasks to queue
[2024-10-02T01:34:18.842+0000] {logging_mixin.py:151} INFO - [2024-10-02T01:34:18.841+0000] {dagbag.py:539} INFO - Filling up the DagBag from /home/airflow/.local/lib/python3.8/site-packages/airflow/example_dags/example_python_operator.py
[2024-10-02T01:34:18.863+0000] {processor.py:839} INFO - DAG(s) dict_keys(['example_python_operator']) retrieved from /home/airflow/.local/lib/python3.8/site-packages/airflow/example_dags/example_python_operator.py
[2024-10-02T01:34:18.903+0000] {logging_mixin.py:151} INFO - [2024-10-02T01:34:18.902+0000] {dag.py:2915} INFO - Sync 1 DAGs
[2024-10-02T01:34:18.921+0000] {logging_mixin.py:151} INFO - [2024-10-02T01:34:18.920+0000] {dag.py:3696} INFO - Setting next_dagrun for example_python_operator to None, run_after=None
[2024-10-02T01:34:18.956+0000] {processor.py:179} INFO - Processing /home/airflow/.local/lib/python3.8/site-packages/airflow/example_dags/example_python_operator.py took 0.136 seconds
[2024-10-02T01:34:49.348+0000] {processor.py:157} INFO - Started process (PID=297) to work on /home/airflow/.local/lib/python3.8/site-packages/airflow/example_dags/example_python_operator.py
[2024-10-02T01:34:49.351+0000] {processor.py:829} INFO - Processing file /home/airflow/.local/lib/python3.8/site-packages/airflow/example_dags/example_python_operator.py for tasks to queue
[2024-10-02T01:34:49.355+0000] {logging_mixin.py:151} INFO - [2024-10-02T01:34:49.354+0000] {dagbag.py:539} INFO - Filling up the DagBag from /home/airflow/.local/lib/python3.8/site-packages/airflow/example_dags/example_python_operator.py
[2024-10-02T01:34:49.377+0000] {processor.py:839} INFO - DAG(s) dict_keys(['example_python_operator']) retrieved from /home/airflow/.local/lib/python3.8/site-packages/airflow/example_dags/example_python_operator.py
[2024-10-02T01:34:49.421+0000] {logging_mixin.py:151} INFO - [2024-10-02T01:34:49.420+0000] {dag.py:2915} INFO - Sync 1 DAGs
[2024-10-02T01:34:49.441+0000] {logging_mixin.py:151} INFO - [2024-10-02T01:34:49.441+0000] {dag.py:3696} INFO - Setting next_dagrun for example_python_operator to None, run_after=None
[2024-10-02T01:34:49.503+0000] {processor.py:179} INFO - Processing /home/airflow/.local/lib/python3.8/site-packages/airflow/example_dags/example_python_operator.py took 0.160 seconds
[2024-10-02T01:35:19.633+0000] {processor.py:157} INFO - Started process (PID=345) to work on /home/airflow/.local/lib/python3.8/site-packages/airflow/example_dags/example_python_operator.py
[2024-10-02T01:35:19.636+0000] {processor.py:829} INFO - Processing file /home/airflow/.local/lib/python3.8/site-packages/airflow/example_dags/example_python_operator.py for tasks to queue
[2024-10-02T01:35:19.642+0000] {logging_mixin.py:151} INFO - [2024-10-02T01:35:19.641+0000] {dagbag.py:539} INFO - Filling up the DagBag from /home/airflow/.local/lib/python3.8/site-packages/airflow/example_dags/example_python_operator.py
[2024-10-02T01:35:19.663+0000] {processor.py:839} INFO - DAG(s) dict_keys(['example_python_operator']) retrieved from /home/airflow/.local/lib/python3.8/site-packages/airflow/example_dags/example_python_operator.py
[2024-10-02T01:35:19.739+0000] {logging_mixin.py:151} INFO - [2024-10-02T01:35:19.736+0000] {dag.py:2915} INFO - Sync 1 DAGs
[2024-10-02T01:35:19.774+0000] {logging_mixin.py:151} INFO - [2024-10-02T01:35:19.774+0000] {dag.py:3696} INFO - Setting next_dagrun for example_python_operator to None, run_after=None
[2024-10-02T01:35:19.831+0000] {processor.py:179} INFO - Processing /home/airflow/.local/lib/python3.8/site-packages/airflow/example_dags/example_python_operator.py took 0.202 seconds
[2024-10-02T01:35:50.076+0000] {processor.py:157} INFO - Started process (PID=392) to work on /home/airflow/.local/lib/python3.8/site-packages/airflow/example_dags/example_python_operator.py
[2024-10-02T01:35:50.080+0000] {processor.py:829} INFO - Processing file /home/airflow/.local/lib/python3.8/site-packages/airflow/example_dags/example_python_operator.py for tasks to queue
[2024-10-02T01:35:50.086+0000] {logging_mixin.py:151} INFO - [2024-10-02T01:35:50.085+0000] {dagbag.py:539} INFO - Filling up the DagBag from /home/airflow/.local/lib/python3.8/site-packages/airflow/example_dags/example_python_operator.py
[2024-10-02T01:35:50.117+0000] {processor.py:839} INFO - DAG(s) dict_keys(['example_python_operator']) retrieved from /home/airflow/.local/lib/python3.8/site-packages/airflow/example_dags/example_python_operator.py
[2024-10-02T01:35:50.165+0000] {logging_mixin.py:151} INFO - [2024-10-02T01:35:50.165+0000] {dag.py:2915} INFO - Sync 1 DAGs
[2024-10-02T01:35:50.186+0000] {logging_mixin.py:151} INFO - [2024-10-02T01:35:50.185+0000] {dag.py:3696} INFO - Setting next_dagrun for example_python_operator to None, run_after=None
[2024-10-02T01:35:50.217+0000] {processor.py:179} INFO - Processing /home/airflow/.local/lib/python3.8/site-packages/airflow/example_dags/example_python_operator.py took 0.147 seconds
[2024-10-02T01:36:20.340+0000] {processor.py:157} INFO - Started process (PID=440) to work on /home/airflow/.local/lib/python3.8/site-packages/airflow/example_dags/example_python_operator.py
[2024-10-02T01:36:20.344+0000] {processor.py:829} INFO - Processing file /home/airflow/.local/lib/python3.8/site-packages/airflow/example_dags/example_python_operator.py for tasks to queue
[2024-10-02T01:36:20.349+0000] {logging_mixin.py:151} INFO - [2024-10-02T01:36:20.348+0000] {dagbag.py:539} INFO - Filling up the DagBag from /home/airflow/.local/lib/python3.8/site-packages/airflow/example_dags/example_python_operator.py
[2024-10-02T01:36:20.372+0000] {processor.py:839} INFO - DAG(s) dict_keys(['example_python_operator']) retrieved from /home/airflow/.local/lib/python3.8/site-packages/airflow/example_dags/example_python_operator.py
[2024-10-02T01:36:20.422+0000] {logging_mixin.py:151} INFO - [2024-10-02T01:36:20.422+0000] {dag.py:2915} INFO - Sync 1 DAGs
[2024-10-02T01:36:20.438+0000] {logging_mixin.py:151} INFO - [2024-10-02T01:36:20.438+0000] {dag.py:3696} INFO - Setting next_dagrun for example_python_operator to None, run_after=None
[2024-10-02T01:36:20.465+0000] {processor.py:179} INFO - Processing /home/airflow/.local/lib/python3.8/site-packages/airflow/example_dags/example_python_operator.py took 0.131 seconds
[2024-10-02T01:36:50.773+0000] {processor.py:157} INFO - Started process (PID=488) to work on /home/airflow/.local/lib/python3.8/site-packages/airflow/example_dags/example_python_operator.py
[2024-10-02T01:36:50.779+0000] {processor.py:829} INFO - Processing file /home/airflow/.local/lib/python3.8/site-packages/airflow/example_dags/example_python_operator.py for tasks to queue
[2024-10-02T01:36:50.786+0000] {logging_mixin.py:151} INFO - [2024-10-02T01:36:50.785+0000] {dagbag.py:539} INFO - Filling up the DagBag from /home/airflow/.local/lib/python3.8/site-packages/airflow/example_dags/example_python_operator.py
[2024-10-02T01:36:50.806+0000] {processor.py:839} INFO - DAG(s) dict_keys(['example_python_operator']) retrieved from /home/airflow/.local/lib/python3.8/site-packages/airflow/example_dags/example_python_operator.py
[2024-10-02T01:36:50.844+0000] {logging_mixin.py:151} INFO - [2024-10-02T01:36:50.843+0000] {dag.py:2915} INFO - Sync 1 DAGs
[2024-10-02T01:36:50.863+0000] {logging_mixin.py:151} INFO - [2024-10-02T01:36:50.863+0000] {dag.py:3696} INFO - Setting next_dagrun for example_python_operator to None, run_after=None
[2024-10-02T01:36:50.891+0000] {processor.py:179} INFO - Processing /home/airflow/.local/lib/python3.8/site-packages/airflow/example_dags/example_python_operator.py took 0.123 seconds
[2024-10-02T01:37:21.874+0000] {processor.py:157} INFO - Started process (PID=536) to work on /home/airflow/.local/lib/python3.8/site-packages/airflow/example_dags/example_python_operator.py
[2024-10-02T01:37:21.877+0000] {processor.py:829} INFO - Processing file /home/airflow/.local/lib/python3.8/site-packages/airflow/example_dags/example_python_operator.py for tasks to queue
[2024-10-02T01:37:21.882+0000] {logging_mixin.py:151} INFO - [2024-10-02T01:37:21.881+0000] {dagbag.py:539} INFO - Filling up the DagBag from /home/airflow/.local/lib/python3.8/site-packages/airflow/example_dags/example_python_operator.py
[2024-10-02T01:37:21.902+0000] {processor.py:839} INFO - DAG(s) dict_keys(['example_python_operator']) retrieved from /home/airflow/.local/lib/python3.8/site-packages/airflow/example_dags/example_python_operator.py
[2024-10-02T01:37:21.942+0000] {logging_mixin.py:151} INFO - [2024-10-02T01:37:21.942+0000] {dag.py:2915} INFO - Sync 1 DAGs
[2024-10-02T01:37:21.962+0000] {logging_mixin.py:151} INFO - [2024-10-02T01:37:21.962+0000] {dag.py:3696} INFO - Setting next_dagrun for example_python_operator to None, run_after=None
[2024-10-02T01:37:21.992+0000] {processor.py:179} INFO - Processing /home/airflow/.local/lib/python3.8/site-packages/airflow/example_dags/example_python_operator.py took 0.123 seconds
[2024-10-02T01:37:52.113+0000] {processor.py:157} INFO - Started process (PID=584) to work on /home/airflow/.local/lib/python3.8/site-packages/airflow/example_dags/example_python_operator.py
[2024-10-02T01:37:52.123+0000] {processor.py:829} INFO - Processing file /home/airflow/.local/lib/python3.8/site-packages/airflow/example_dags/example_python_operator.py for tasks to queue
[2024-10-02T01:37:52.129+0000] {logging_mixin.py:151} INFO - [2024-10-02T01:37:52.129+0000] {dagbag.py:539} INFO - Filling up the DagBag from /home/airflow/.local/lib/python3.8/site-packages/airflow/example_dags/example_python_operator.py
[2024-10-02T01:37:52.155+0000] {processor.py:839} INFO - DAG(s) dict_keys(['example_python_operator']) retrieved from /home/airflow/.local/lib/python3.8/site-packages/airflow/example_dags/example_python_operator.py
[2024-10-02T01:37:52.200+0000] {logging_mixin.py:151} INFO - [2024-10-02T01:37:52.200+0000] {dag.py:2915} INFO - Sync 1 DAGs
[2024-10-02T01:37:52.217+0000] {logging_mixin.py:151} INFO - [2024-10-02T01:37:52.217+0000] {dag.py:3696} INFO - Setting next_dagrun for example_python_operator to None, run_after=None
[2024-10-02T01:37:52.247+0000] {processor.py:179} INFO - Processing /home/airflow/.local/lib/python3.8/site-packages/airflow/example_dags/example_python_operator.py took 0.139 seconds
[2024-10-02T01:38:22.795+0000] {processor.py:157} INFO - Started process (PID=632) to work on /home/airflow/.local/lib/python3.8/site-packages/airflow/example_dags/example_python_operator.py
[2024-10-02T01:38:22.798+0000] {processor.py:829} INFO - Processing file /home/airflow/.local/lib/python3.8/site-packages/airflow/example_dags/example_python_operator.py for tasks to queue
[2024-10-02T01:38:22.802+0000] {logging_mixin.py:151} INFO - [2024-10-02T01:38:22.801+0000] {dagbag.py:539} INFO - Filling up the DagBag from /home/airflow/.local/lib/python3.8/site-packages/airflow/example_dags/example_python_operator.py
[2024-10-02T01:38:22.828+0000] {processor.py:839} INFO - DAG(s) dict_keys(['example_python_operator']) retrieved from /home/airflow/.local/lib/python3.8/site-packages/airflow/example_dags/example_python_operator.py
[2024-10-02T01:38:22.887+0000] {logging_mixin.py:151} INFO - [2024-10-02T01:38:22.886+0000] {dag.py:2915} INFO - Sync 1 DAGs
[2024-10-02T01:38:22.911+0000] {logging_mixin.py:151} INFO - [2024-10-02T01:38:22.911+0000] {dag.py:3696} INFO - Setting next_dagrun for example_python_operator to None, run_after=None
[2024-10-02T01:38:22.940+0000] {processor.py:179} INFO - Processing /home/airflow/.local/lib/python3.8/site-packages/airflow/example_dags/example_python_operator.py took 0.150 seconds
[2024-10-02T01:38:53.086+0000] {processor.py:157} INFO - Started process (PID=680) to work on /home/airflow/.local/lib/python3.8/site-packages/airflow/example_dags/example_python_operator.py
[2024-10-02T01:38:53.089+0000] {processor.py:829} INFO - Processing file /home/airflow/.local/lib/python3.8/site-packages/airflow/example_dags/example_python_operator.py for tasks to queue
[2024-10-02T01:38:53.093+0000] {logging_mixin.py:151} INFO - [2024-10-02T01:38:53.092+0000] {dagbag.py:539} INFO - Filling up the DagBag from /home/airflow/.local/lib/python3.8/site-packages/airflow/example_dags/example_python_operator.py
[2024-10-02T01:38:53.115+0000] {processor.py:839} INFO - DAG(s) dict_keys(['example_python_operator']) retrieved from /home/airflow/.local/lib/python3.8/site-packages/airflow/example_dags/example_python_operator.py
[2024-10-02T01:38:53.159+0000] {logging_mixin.py:151} INFO - [2024-10-02T01:38:53.159+0000] {dag.py:2915} INFO - Sync 1 DAGs
[2024-10-02T01:38:53.179+0000] {logging_mixin.py:151} INFO - [2024-10-02T01:38:53.179+0000] {dag.py:3696} INFO - Setting next_dagrun for example_python_operator to None, run_after=None
[2024-10-02T01:38:53.210+0000] {processor.py:179} INFO - Processing /home/airflow/.local/lib/python3.8/site-packages/airflow/example_dags/example_python_operator.py took 0.128 seconds
[2024-10-02T01:39:23.823+0000] {processor.py:157} INFO - Started process (PID=728) to work on /home/airflow/.local/lib/python3.8/site-packages/airflow/example_dags/example_python_operator.py
[2024-10-02T01:39:23.831+0000] {processor.py:829} INFO - Processing file /home/airflow/.local/lib/python3.8/site-packages/airflow/example_dags/example_python_operator.py for tasks to queue
[2024-10-02T01:39:23.843+0000] {logging_mixin.py:151} INFO - [2024-10-02T01:39:23.842+0000] {dagbag.py:539} INFO - Filling up the DagBag from /home/airflow/.local/lib/python3.8/site-packages/airflow/example_dags/example_python_operator.py
[2024-10-02T01:39:23.865+0000] {processor.py:839} INFO - DAG(s) dict_keys(['example_python_operator']) retrieved from /home/airflow/.local/lib/python3.8/site-packages/airflow/example_dags/example_python_operator.py
[2024-10-02T01:39:23.925+0000] {logging_mixin.py:151} INFO - [2024-10-02T01:39:23.925+0000] {dag.py:2915} INFO - Sync 1 DAGs
[2024-10-02T01:39:23.951+0000] {logging_mixin.py:151} INFO - [2024-10-02T01:39:23.951+0000] {dag.py:3696} INFO - Setting next_dagrun for example_python_operator to None, run_after=None
[2024-10-02T01:39:23.982+0000] {processor.py:179} INFO - Processing /home/airflow/.local/lib/python3.8/site-packages/airflow/example_dags/example_python_operator.py took 0.168 seconds
[2024-10-02T01:45:36.131+0000] {processor.py:157} INFO - Started process (PID=57) to work on /home/airflow/.local/lib/python3.8/site-packages/airflow/example_dags/example_python_operator.py
[2024-10-02T01:45:36.134+0000] {processor.py:829} INFO - Processing file /home/airflow/.local/lib/python3.8/site-packages/airflow/example_dags/example_python_operator.py for tasks to queue
[2024-10-02T01:45:36.139+0000] {logging_mixin.py:151} INFO - [2024-10-02T01:45:36.139+0000] {dagbag.py:539} INFO - Filling up the DagBag from /home/airflow/.local/lib/python3.8/site-packages/airflow/example_dags/example_python_operator.py
[2024-10-02T01:45:36.181+0000] {processor.py:839} INFO - DAG(s) dict_keys(['example_python_operator']) retrieved from /home/airflow/.local/lib/python3.8/site-packages/airflow/example_dags/example_python_operator.py
[2024-10-02T01:45:36.312+0000] {logging_mixin.py:151} INFO - [2024-10-02T01:45:36.311+0000] {manager.py:499} INFO - Created Permission View: %s
[2024-10-02T01:45:36.330+0000] {logging_mixin.py:151} INFO - [2024-10-02T01:45:36.329+0000] {manager.py:499} INFO - Created Permission View: %s
[2024-10-02T01:45:36.345+0000] {logging_mixin.py:151} INFO - [2024-10-02T01:45:36.345+0000] {manager.py:499} INFO - Created Permission View: %s
[2024-10-02T01:45:36.349+0000] {logging_mixin.py:151} INFO - [2024-10-02T01:45:36.349+0000] {security.py:708} INFO - Not syncing DAG-level permissions for DAG 'DAG:example_python_operator' as access control is unset.
[2024-10-02T01:45:36.352+0000] {logging_mixin.py:151} INFO - [2024-10-02T01:45:36.352+0000] {dag.py:2915} INFO - Sync 1 DAGs
[2024-10-02T01:45:36.368+0000] {logging_mixin.py:151} INFO - [2024-10-02T01:45:36.368+0000] {dag.py:2937} INFO - Creating ORM DAG for example_python_operator
[2024-10-02T01:45:36.373+0000] {logging_mixin.py:151} INFO - [2024-10-02T01:45:36.372+0000] {dag.py:3696} INFO - Setting next_dagrun for example_python_operator to None, run_after=None
[2024-10-02T01:45:36.407+0000] {processor.py:179} INFO - Processing /home/airflow/.local/lib/python3.8/site-packages/airflow/example_dags/example_python_operator.py took 0.280 seconds
[2024-10-02T01:46:06.752+0000] {processor.py:157} INFO - Started process (PID=105) to work on /home/airflow/.local/lib/python3.8/site-packages/airflow/example_dags/example_python_operator.py
[2024-10-02T01:46:06.757+0000] {processor.py:829} INFO - Processing file /home/airflow/.local/lib/python3.8/site-packages/airflow/example_dags/example_python_operator.py for tasks to queue
[2024-10-02T01:46:06.767+0000] {logging_mixin.py:151} INFO - [2024-10-02T01:46:06.766+0000] {dagbag.py:539} INFO - Filling up the DagBag from /home/airflow/.local/lib/python3.8/site-packages/airflow/example_dags/example_python_operator.py
[2024-10-02T01:46:06.798+0000] {processor.py:839} INFO - DAG(s) dict_keys(['example_python_operator']) retrieved from /home/airflow/.local/lib/python3.8/site-packages/airflow/example_dags/example_python_operator.py
[2024-10-02T01:46:06.897+0000] {logging_mixin.py:151} INFO - [2024-10-02T01:46:06.895+0000] {dag.py:2915} INFO - Sync 1 DAGs
[2024-10-02T01:46:06.934+0000] {logging_mixin.py:151} INFO - [2024-10-02T01:46:06.934+0000] {dag.py:3696} INFO - Setting next_dagrun for example_python_operator to None, run_after=None
[2024-10-02T01:46:06.995+0000] {processor.py:179} INFO - Processing /home/airflow/.local/lib/python3.8/site-packages/airflow/example_dags/example_python_operator.py took 0.247 seconds
[2024-10-02T01:47:03.837+0000] {processor.py:157} INFO - Started process (PID=57) to work on /home/airflow/.local/lib/python3.8/site-packages/airflow/example_dags/example_python_operator.py
[2024-10-02T01:47:03.839+0000] {processor.py:829} INFO - Processing file /home/airflow/.local/lib/python3.8/site-packages/airflow/example_dags/example_python_operator.py for tasks to queue
[2024-10-02T01:47:03.847+0000] {logging_mixin.py:151} INFO - [2024-10-02T01:47:03.847+0000] {dagbag.py:539} INFO - Filling up the DagBag from /home/airflow/.local/lib/python3.8/site-packages/airflow/example_dags/example_python_operator.py
[2024-10-02T01:47:03.870+0000] {processor.py:839} INFO - DAG(s) dict_keys(['example_python_operator']) retrieved from /home/airflow/.local/lib/python3.8/site-packages/airflow/example_dags/example_python_operator.py
[2024-10-02T01:47:03.898+0000] {logging_mixin.py:151} INFO - [2024-10-02T01:47:03.898+0000] {dag.py:2915} INFO - Sync 1 DAGs
[2024-10-02T01:47:03.921+0000] {logging_mixin.py:151} INFO - [2024-10-02T01:47:03.920+0000] {dag.py:3696} INFO - Setting next_dagrun for example_python_operator to None, run_after=None
[2024-10-02T01:47:03.978+0000] {processor.py:179} INFO - Processing /home/airflow/.local/lib/python3.8/site-packages/airflow/example_dags/example_python_operator.py took 0.145 seconds
[2024-10-02T01:47:34.245+0000] {processor.py:157} INFO - Started process (PID=105) to work on /home/airflow/.local/lib/python3.8/site-packages/airflow/example_dags/example_python_operator.py
[2024-10-02T01:47:34.249+0000] {processor.py:829} INFO - Processing file /home/airflow/.local/lib/python3.8/site-packages/airflow/example_dags/example_python_operator.py for tasks to queue
[2024-10-02T01:47:34.254+0000] {logging_mixin.py:151} INFO - [2024-10-02T01:47:34.254+0000] {dagbag.py:539} INFO - Filling up the DagBag from /home/airflow/.local/lib/python3.8/site-packages/airflow/example_dags/example_python_operator.py
[2024-10-02T01:47:34.275+0000] {processor.py:839} INFO - DAG(s) dict_keys(['example_python_operator']) retrieved from /home/airflow/.local/lib/python3.8/site-packages/airflow/example_dags/example_python_operator.py
[2024-10-02T01:47:34.562+0000] {logging_mixin.py:151} INFO - [2024-10-02T01:47:34.561+0000] {security.py:708} INFO - Not syncing DAG-level permissions for DAG 'DAG:example_python_operator' as access control is unset.
[2024-10-02T01:47:34.567+0000] {logging_mixin.py:151} INFO - [2024-10-02T01:47:34.567+0000] {dag.py:2915} INFO - Sync 1 DAGs
[2024-10-02T01:47:34.584+0000] {logging_mixin.py:151} INFO - [2024-10-02T01:47:34.583+0000] {dag.py:3696} INFO - Setting next_dagrun for example_python_operator to None, run_after=None
[2024-10-02T01:47:34.620+0000] {processor.py:179} INFO - Processing /home/airflow/.local/lib/python3.8/site-packages/airflow/example_dags/example_python_operator.py took 0.379 seconds
[2024-10-02T01:48:31.898+0000] {processor.py:157} INFO - Started process (PID=57) to work on /home/airflow/.local/lib/python3.8/site-packages/airflow/example_dags/example_python_operator.py
[2024-10-02T01:48:31.922+0000] {processor.py:829} INFO - Processing file /home/airflow/.local/lib/python3.8/site-packages/airflow/example_dags/example_python_operator.py for tasks to queue
[2024-10-02T01:48:31.951+0000] {logging_mixin.py:151} INFO - [2024-10-02T01:48:31.950+0000] {dagbag.py:539} INFO - Filling up the DagBag from /home/airflow/.local/lib/python3.8/site-packages/airflow/example_dags/example_python_operator.py
[2024-10-02T01:48:32.063+0000] {processor.py:839} INFO - DAG(s) dict_keys(['example_python_operator']) retrieved from /home/airflow/.local/lib/python3.8/site-packages/airflow/example_dags/example_python_operator.py
[2024-10-02T01:48:32.095+0000] {logging_mixin.py:151} INFO - [2024-10-02T01:48:32.094+0000] {dag.py:2915} INFO - Sync 1 DAGs
[2024-10-02T01:48:32.173+0000] {logging_mixin.py:151} INFO - [2024-10-02T01:48:32.173+0000] {dag.py:3696} INFO - Setting next_dagrun for example_python_operator to None, run_after=None
[2024-10-02T01:48:32.273+0000] {processor.py:179} INFO - Processing /home/airflow/.local/lib/python3.8/site-packages/airflow/example_dags/example_python_operator.py took 0.382 seconds
[2024-10-02T01:49:02.965+0000] {processor.py:157} INFO - Started process (PID=105) to work on /home/airflow/.local/lib/python3.8/site-packages/airflow/example_dags/example_python_operator.py
[2024-10-02T01:49:02.968+0000] {processor.py:829} INFO - Processing file /home/airflow/.local/lib/python3.8/site-packages/airflow/example_dags/example_python_operator.py for tasks to queue
[2024-10-02T01:49:02.972+0000] {logging_mixin.py:151} INFO - [2024-10-02T01:49:02.971+0000] {dagbag.py:539} INFO - Filling up the DagBag from /home/airflow/.local/lib/python3.8/site-packages/airflow/example_dags/example_python_operator.py
[2024-10-02T01:49:02.992+0000] {processor.py:839} INFO - DAG(s) dict_keys(['example_python_operator']) retrieved from /home/airflow/.local/lib/python3.8/site-packages/airflow/example_dags/example_python_operator.py
[2024-10-02T01:49:03.227+0000] {logging_mixin.py:151} INFO - [2024-10-02T01:49:03.227+0000] {security.py:708} INFO - Not syncing DAG-level permissions for DAG 'DAG:example_python_operator' as access control is unset.
[2024-10-02T01:49:03.229+0000] {logging_mixin.py:151} INFO - [2024-10-02T01:49:03.229+0000] {dag.py:2915} INFO - Sync 1 DAGs
[2024-10-02T01:49:03.243+0000] {logging_mixin.py:151} INFO - [2024-10-02T01:49:03.243+0000] {dag.py:3696} INFO - Setting next_dagrun for example_python_operator to None, run_after=None
[2024-10-02T01:49:03.266+0000] {processor.py:179} INFO - Processing /home/airflow/.local/lib/python3.8/site-packages/airflow/example_dags/example_python_operator.py took 0.305 seconds
[2024-10-02T01:49:33.638+0000] {processor.py:157} INFO - Started process (PID=153) to work on /home/airflow/.local/lib/python3.8/site-packages/airflow/example_dags/example_python_operator.py
[2024-10-02T01:49:33.643+0000] {processor.py:829} INFO - Processing file /home/airflow/.local/lib/python3.8/site-packages/airflow/example_dags/example_python_operator.py for tasks to queue
[2024-10-02T01:49:33.648+0000] {logging_mixin.py:151} INFO - [2024-10-02T01:49:33.647+0000] {dagbag.py:539} INFO - Filling up the DagBag from /home/airflow/.local/lib/python3.8/site-packages/airflow/example_dags/example_python_operator.py
[2024-10-02T01:49:33.670+0000] {processor.py:839} INFO - DAG(s) dict_keys(['example_python_operator']) retrieved from /home/airflow/.local/lib/python3.8/site-packages/airflow/example_dags/example_python_operator.py
[2024-10-02T01:49:33.730+0000] {logging_mixin.py:151} INFO - [2024-10-02T01:49:33.729+0000] {dag.py:2915} INFO - Sync 1 DAGs
[2024-10-02T01:49:33.749+0000] {logging_mixin.py:151} INFO - [2024-10-02T01:49:33.748+0000] {dag.py:3696} INFO - Setting next_dagrun for example_python_operator to None, run_after=None
[2024-10-02T01:49:33.777+0000] {processor.py:179} INFO - Processing /home/airflow/.local/lib/python3.8/site-packages/airflow/example_dags/example_python_operator.py took 0.145 seconds
[2024-10-02T01:50:04.505+0000] {processor.py:157} INFO - Started process (PID=201) to work on /home/airflow/.local/lib/python3.8/site-packages/airflow/example_dags/example_python_operator.py
[2024-10-02T01:50:04.508+0000] {processor.py:829} INFO - Processing file /home/airflow/.local/lib/python3.8/site-packages/airflow/example_dags/example_python_operator.py for tasks to queue
[2024-10-02T01:50:04.512+0000] {logging_mixin.py:151} INFO - [2024-10-02T01:50:04.512+0000] {dagbag.py:539} INFO - Filling up the DagBag from /home/airflow/.local/lib/python3.8/site-packages/airflow/example_dags/example_python_operator.py
[2024-10-02T01:50:04.532+0000] {processor.py:839} INFO - DAG(s) dict_keys(['example_python_operator']) retrieved from /home/airflow/.local/lib/python3.8/site-packages/airflow/example_dags/example_python_operator.py
[2024-10-02T01:50:04.570+0000] {logging_mixin.py:151} INFO - [2024-10-02T01:50:04.569+0000] {dag.py:2915} INFO - Sync 1 DAGs
[2024-10-02T01:50:04.587+0000] {logging_mixin.py:151} INFO - [2024-10-02T01:50:04.587+0000] {dag.py:3696} INFO - Setting next_dagrun for example_python_operator to None, run_after=None
[2024-10-02T01:50:04.612+0000] {processor.py:179} INFO - Processing /home/airflow/.local/lib/python3.8/site-packages/airflow/example_dags/example_python_operator.py took 0.112 seconds
[2024-10-02T01:50:35.417+0000] {processor.py:157} INFO - Started process (PID=249) to work on /home/airflow/.local/lib/python3.8/site-packages/airflow/example_dags/example_python_operator.py
[2024-10-02T01:50:35.420+0000] {processor.py:829} INFO - Processing file /home/airflow/.local/lib/python3.8/site-packages/airflow/example_dags/example_python_operator.py for tasks to queue
[2024-10-02T01:50:35.424+0000] {logging_mixin.py:151} INFO - [2024-10-02T01:50:35.423+0000] {dagbag.py:539} INFO - Filling up the DagBag from /home/airflow/.local/lib/python3.8/site-packages/airflow/example_dags/example_python_operator.py
[2024-10-02T01:50:35.440+0000] {processor.py:839} INFO - DAG(s) dict_keys(['example_python_operator']) retrieved from /home/airflow/.local/lib/python3.8/site-packages/airflow/example_dags/example_python_operator.py
[2024-10-02T01:50:35.477+0000] {logging_mixin.py:151} INFO - [2024-10-02T01:50:35.476+0000] {dag.py:2915} INFO - Sync 1 DAGs
[2024-10-02T01:50:35.493+0000] {logging_mixin.py:151} INFO - [2024-10-02T01:50:35.493+0000] {dag.py:3696} INFO - Setting next_dagrun for example_python_operator to None, run_after=None
[2024-10-02T01:50:35.521+0000] {processor.py:179} INFO - Processing /home/airflow/.local/lib/python3.8/site-packages/airflow/example_dags/example_python_operator.py took 0.108 seconds
[2024-10-02T01:51:05.893+0000] {processor.py:157} INFO - Started process (PID=297) to work on /home/airflow/.local/lib/python3.8/site-packages/airflow/example_dags/example_python_operator.py
[2024-10-02T01:51:05.897+0000] {processor.py:829} INFO - Processing file /home/airflow/.local/lib/python3.8/site-packages/airflow/example_dags/example_python_operator.py for tasks to queue
[2024-10-02T01:51:05.903+0000] {logging_mixin.py:151} INFO - [2024-10-02T01:51:05.902+0000] {dagbag.py:539} INFO - Filling up the DagBag from /home/airflow/.local/lib/python3.8/site-packages/airflow/example_dags/example_python_operator.py
[2024-10-02T01:51:05.923+0000] {processor.py:839} INFO - DAG(s) dict_keys(['example_python_operator']) retrieved from /home/airflow/.local/lib/python3.8/site-packages/airflow/example_dags/example_python_operator.py
[2024-10-02T01:51:06.026+0000] {logging_mixin.py:151} INFO - [2024-10-02T01:51:06.025+0000] {dag.py:2915} INFO - Sync 1 DAGs
[2024-10-02T01:51:06.083+0000] {logging_mixin.py:151} INFO - [2024-10-02T01:51:06.083+0000] {dag.py:3696} INFO - Setting next_dagrun for example_python_operator to None, run_after=None
[2024-10-02T01:51:06.146+0000] {processor.py:179} INFO - Processing /home/airflow/.local/lib/python3.8/site-packages/airflow/example_dags/example_python_operator.py took 0.260 seconds
[2024-10-02T01:51:37.115+0000] {processor.py:157} INFO - Started process (PID=345) to work on /home/airflow/.local/lib/python3.8/site-packages/airflow/example_dags/example_python_operator.py
[2024-10-02T01:51:37.118+0000] {processor.py:829} INFO - Processing file /home/airflow/.local/lib/python3.8/site-packages/airflow/example_dags/example_python_operator.py for tasks to queue
[2024-10-02T01:51:37.122+0000] {logging_mixin.py:151} INFO - [2024-10-02T01:51:37.121+0000] {dagbag.py:539} INFO - Filling up the DagBag from /home/airflow/.local/lib/python3.8/site-packages/airflow/example_dags/example_python_operator.py
[2024-10-02T01:51:37.144+0000] {processor.py:839} INFO - DAG(s) dict_keys(['example_python_operator']) retrieved from /home/airflow/.local/lib/python3.8/site-packages/airflow/example_dags/example_python_operator.py
[2024-10-02T01:51:37.189+0000] {logging_mixin.py:151} INFO - [2024-10-02T01:51:37.188+0000] {dag.py:2915} INFO - Sync 1 DAGs
[2024-10-02T01:51:37.206+0000] {logging_mixin.py:151} INFO - [2024-10-02T01:51:37.206+0000] {dag.py:3696} INFO - Setting next_dagrun for example_python_operator to None, run_after=None
[2024-10-02T01:51:37.230+0000] {processor.py:179} INFO - Processing /home/airflow/.local/lib/python3.8/site-packages/airflow/example_dags/example_python_operator.py took 0.120 seconds
[2024-10-02T01:52:07.445+0000] {processor.py:157} INFO - Started process (PID=393) to work on /home/airflow/.local/lib/python3.8/site-packages/airflow/example_dags/example_python_operator.py
[2024-10-02T01:52:07.448+0000] {processor.py:829} INFO - Processing file /home/airflow/.local/lib/python3.8/site-packages/airflow/example_dags/example_python_operator.py for tasks to queue
[2024-10-02T01:52:07.452+0000] {logging_mixin.py:151} INFO - [2024-10-02T01:52:07.451+0000] {dagbag.py:539} INFO - Filling up the DagBag from /home/airflow/.local/lib/python3.8/site-packages/airflow/example_dags/example_python_operator.py
[2024-10-02T01:52:07.470+0000] {processor.py:839} INFO - DAG(s) dict_keys(['example_python_operator']) retrieved from /home/airflow/.local/lib/python3.8/site-packages/airflow/example_dags/example_python_operator.py
[2024-10-02T01:52:07.506+0000] {logging_mixin.py:151} INFO - [2024-10-02T01:52:07.506+0000] {dag.py:2915} INFO - Sync 1 DAGs
[2024-10-02T01:52:07.521+0000] {logging_mixin.py:151} INFO - [2024-10-02T01:52:07.521+0000] {dag.py:3696} INFO - Setting next_dagrun for example_python_operator to None, run_after=None
[2024-10-02T01:52:07.546+0000] {processor.py:179} INFO - Processing /home/airflow/.local/lib/python3.8/site-packages/airflow/example_dags/example_python_operator.py took 0.105 seconds
[2024-10-02T01:52:38.344+0000] {processor.py:157} INFO - Started process (PID=441) to work on /home/airflow/.local/lib/python3.8/site-packages/airflow/example_dags/example_python_operator.py
[2024-10-02T01:52:38.347+0000] {processor.py:829} INFO - Processing file /home/airflow/.local/lib/python3.8/site-packages/airflow/example_dags/example_python_operator.py for tasks to queue
[2024-10-02T01:52:38.353+0000] {logging_mixin.py:151} INFO - [2024-10-02T01:52:38.352+0000] {dagbag.py:539} INFO - Filling up the DagBag from /home/airflow/.local/lib/python3.8/site-packages/airflow/example_dags/example_python_operator.py
[2024-10-02T01:52:38.370+0000] {processor.py:839} INFO - DAG(s) dict_keys(['example_python_operator']) retrieved from /home/airflow/.local/lib/python3.8/site-packages/airflow/example_dags/example_python_operator.py
[2024-10-02T01:52:38.407+0000] {logging_mixin.py:151} INFO - [2024-10-02T01:52:38.407+0000] {dag.py:2915} INFO - Sync 1 DAGs
[2024-10-02T01:52:38.423+0000] {logging_mixin.py:151} INFO - [2024-10-02T01:52:38.423+0000] {dag.py:3696} INFO - Setting next_dagrun for example_python_operator to None, run_after=None
[2024-10-02T01:52:38.449+0000] {processor.py:179} INFO - Processing /home/airflow/.local/lib/python3.8/site-packages/airflow/example_dags/example_python_operator.py took 0.109 seconds
[2024-10-02T01:53:08.883+0000] {processor.py:157} INFO - Started process (PID=489) to work on /home/airflow/.local/lib/python3.8/site-packages/airflow/example_dags/example_python_operator.py
[2024-10-02T01:53:08.886+0000] {processor.py:829} INFO - Processing file /home/airflow/.local/lib/python3.8/site-packages/airflow/example_dags/example_python_operator.py for tasks to queue
[2024-10-02T01:53:08.890+0000] {logging_mixin.py:151} INFO - [2024-10-02T01:53:08.889+0000] {dagbag.py:539} INFO - Filling up the DagBag from /home/airflow/.local/lib/python3.8/site-packages/airflow/example_dags/example_python_operator.py
[2024-10-02T01:53:08.911+0000] {processor.py:839} INFO - DAG(s) dict_keys(['example_python_operator']) retrieved from /home/airflow/.local/lib/python3.8/site-packages/airflow/example_dags/example_python_operator.py
[2024-10-02T01:53:08.971+0000] {logging_mixin.py:151} INFO - [2024-10-02T01:53:08.971+0000] {dag.py:2915} INFO - Sync 1 DAGs
[2024-10-02T01:53:09.014+0000] {logging_mixin.py:151} INFO - [2024-10-02T01:53:09.013+0000] {dag.py:3696} INFO - Setting next_dagrun for example_python_operator to None, run_after=None
[2024-10-02T01:53:09.086+0000] {processor.py:179} INFO - Processing /home/airflow/.local/lib/python3.8/site-packages/airflow/example_dags/example_python_operator.py took 0.209 seconds
[2024-10-02T01:53:39.319+0000] {processor.py:157} INFO - Started process (PID=536) to work on /home/airflow/.local/lib/python3.8/site-packages/airflow/example_dags/example_python_operator.py
[2024-10-02T01:53:39.321+0000] {processor.py:829} INFO - Processing file /home/airflow/.local/lib/python3.8/site-packages/airflow/example_dags/example_python_operator.py for tasks to queue
[2024-10-02T01:53:39.325+0000] {logging_mixin.py:151} INFO - [2024-10-02T01:53:39.324+0000] {dagbag.py:539} INFO - Filling up the DagBag from /home/airflow/.local/lib/python3.8/site-packages/airflow/example_dags/example_python_operator.py
[2024-10-02T01:53:39.344+0000] {processor.py:839} INFO - DAG(s) dict_keys(['example_python_operator']) retrieved from /home/airflow/.local/lib/python3.8/site-packages/airflow/example_dags/example_python_operator.py
[2024-10-02T01:53:39.383+0000] {logging_mixin.py:151} INFO - [2024-10-02T01:53:39.382+0000] {dag.py:2915} INFO - Sync 1 DAGs
[2024-10-02T01:53:39.400+0000] {logging_mixin.py:151} INFO - [2024-10-02T01:53:39.400+0000] {dag.py:3696} INFO - Setting next_dagrun for example_python_operator to None, run_after=None
[2024-10-02T01:53:39.425+0000] {processor.py:179} INFO - Processing /home/airflow/.local/lib/python3.8/site-packages/airflow/example_dags/example_python_operator.py took 0.111 seconds
[2024-10-02T01:54:10.145+0000] {processor.py:157} INFO - Started process (PID=584) to work on /home/airflow/.local/lib/python3.8/site-packages/airflow/example_dags/example_python_operator.py
[2024-10-02T01:54:10.158+0000] {processor.py:829} INFO - Processing file /home/airflow/.local/lib/python3.8/site-packages/airflow/example_dags/example_python_operator.py for tasks to queue
[2024-10-02T01:54:10.239+0000] {logging_mixin.py:151} INFO - [2024-10-02T01:54:10.239+0000] {dagbag.py:539} INFO - Filling up the DagBag from /home/airflow/.local/lib/python3.8/site-packages/airflow/example_dags/example_python_operator.py
[2024-10-02T01:54:10.306+0000] {processor.py:839} INFO - DAG(s) dict_keys(['example_python_operator']) retrieved from /home/airflow/.local/lib/python3.8/site-packages/airflow/example_dags/example_python_operator.py
[2024-10-02T01:54:10.358+0000] {logging_mixin.py:151} INFO - [2024-10-02T01:54:10.358+0000] {dag.py:2915} INFO - Sync 1 DAGs
[2024-10-02T01:54:10.390+0000] {logging_mixin.py:151} INFO - [2024-10-02T01:54:10.390+0000] {dag.py:3696} INFO - Setting next_dagrun for example_python_operator to None, run_after=None
[2024-10-02T01:54:10.430+0000] {processor.py:179} INFO - Processing /home/airflow/.local/lib/python3.8/site-packages/airflow/example_dags/example_python_operator.py took 0.326 seconds
[2024-10-02T01:57:20.050+0000] {processor.py:157} INFO - Started process (PID=618) to work on /home/airflow/.local/lib/python3.8/site-packages/airflow/example_dags/example_python_operator.py
[2024-10-02T01:57:20.053+0000] {processor.py:829} INFO - Processing file /home/airflow/.local/lib/python3.8/site-packages/airflow/example_dags/example_python_operator.py for tasks to queue
[2024-10-02T01:57:20.056+0000] {logging_mixin.py:151} INFO - [2024-10-02T01:57:20.055+0000] {dagbag.py:539} INFO - Filling up the DagBag from /home/airflow/.local/lib/python3.8/site-packages/airflow/example_dags/example_python_operator.py
[2024-10-02T01:57:20.077+0000] {processor.py:839} INFO - DAG(s) dict_keys(['example_python_operator']) retrieved from /home/airflow/.local/lib/python3.8/site-packages/airflow/example_dags/example_python_operator.py
[2024-10-02T01:57:20.116+0000] {logging_mixin.py:151} INFO - [2024-10-02T01:57:20.116+0000] {dag.py:2915} INFO - Sync 1 DAGs
[2024-10-02T01:57:20.143+0000] {logging_mixin.py:151} INFO - [2024-10-02T01:57:20.143+0000] {dag.py:3696} INFO - Setting next_dagrun for example_python_operator to None, run_after=None
[2024-10-02T01:57:20.169+0000] {processor.py:179} INFO - Processing /home/airflow/.local/lib/python3.8/site-packages/airflow/example_dags/example_python_operator.py took 0.123 seconds
[2024-10-02T01:57:50.984+0000] {processor.py:157} INFO - Started process (PID=666) to work on /home/airflow/.local/lib/python3.8/site-packages/airflow/example_dags/example_python_operator.py
[2024-10-02T01:57:50.989+0000] {processor.py:829} INFO - Processing file /home/airflow/.local/lib/python3.8/site-packages/airflow/example_dags/example_python_operator.py for tasks to queue
[2024-10-02T01:57:50.994+0000] {logging_mixin.py:151} INFO - [2024-10-02T01:57:50.993+0000] {dagbag.py:539} INFO - Filling up the DagBag from /home/airflow/.local/lib/python3.8/site-packages/airflow/example_dags/example_python_operator.py
[2024-10-02T01:57:51.013+0000] {processor.py:839} INFO - DAG(s) dict_keys(['example_python_operator']) retrieved from /home/airflow/.local/lib/python3.8/site-packages/airflow/example_dags/example_python_operator.py
[2024-10-02T01:57:51.053+0000] {logging_mixin.py:151} INFO - [2024-10-02T01:57:51.052+0000] {dag.py:2915} INFO - Sync 1 DAGs
[2024-10-02T01:57:51.072+0000] {logging_mixin.py:151} INFO - [2024-10-02T01:57:51.072+0000] {dag.py:3696} INFO - Setting next_dagrun for example_python_operator to None, run_after=None
[2024-10-02T01:57:51.114+0000] {processor.py:179} INFO - Processing /home/airflow/.local/lib/python3.8/site-packages/airflow/example_dags/example_python_operator.py took 0.135 seconds
[2024-10-02T01:58:21.312+0000] {processor.py:157} INFO - Started process (PID=714) to work on /home/airflow/.local/lib/python3.8/site-packages/airflow/example_dags/example_python_operator.py
[2024-10-02T01:58:21.315+0000] {processor.py:829} INFO - Processing file /home/airflow/.local/lib/python3.8/site-packages/airflow/example_dags/example_python_operator.py for tasks to queue
[2024-10-02T01:58:21.319+0000] {logging_mixin.py:151} INFO - [2024-10-02T01:58:21.318+0000] {dagbag.py:539} INFO - Filling up the DagBag from /home/airflow/.local/lib/python3.8/site-packages/airflow/example_dags/example_python_operator.py
[2024-10-02T01:58:21.338+0000] {processor.py:839} INFO - DAG(s) dict_keys(['example_python_operator']) retrieved from /home/airflow/.local/lib/python3.8/site-packages/airflow/example_dags/example_python_operator.py
[2024-10-02T01:58:21.375+0000] {logging_mixin.py:151} INFO - [2024-10-02T01:58:21.374+0000] {dag.py:2915} INFO - Sync 1 DAGs
[2024-10-02T01:58:21.391+0000] {logging_mixin.py:151} INFO - [2024-10-02T01:58:21.390+0000] {dag.py:3696} INFO - Setting next_dagrun for example_python_operator to None, run_after=None
[2024-10-02T01:58:21.419+0000] {processor.py:179} INFO - Processing /home/airflow/.local/lib/python3.8/site-packages/airflow/example_dags/example_python_operator.py took 0.111 seconds
[2024-10-02T01:58:52.339+0000] {processor.py:157} INFO - Started process (PID=762) to work on /home/airflow/.local/lib/python3.8/site-packages/airflow/example_dags/example_python_operator.py
[2024-10-02T01:58:52.350+0000] {processor.py:829} INFO - Processing file /home/airflow/.local/lib/python3.8/site-packages/airflow/example_dags/example_python_operator.py for tasks to queue
[2024-10-02T01:58:52.357+0000] {logging_mixin.py:151} INFO - [2024-10-02T01:58:52.356+0000] {dagbag.py:539} INFO - Filling up the DagBag from /home/airflow/.local/lib/python3.8/site-packages/airflow/example_dags/example_python_operator.py
[2024-10-02T01:58:52.378+0000] {processor.py:839} INFO - DAG(s) dict_keys(['example_python_operator']) retrieved from /home/airflow/.local/lib/python3.8/site-packages/airflow/example_dags/example_python_operator.py
[2024-10-02T01:58:52.419+0000] {logging_mixin.py:151} INFO - [2024-10-02T01:58:52.418+0000] {dag.py:2915} INFO - Sync 1 DAGs
[2024-10-02T01:58:52.439+0000] {logging_mixin.py:151} INFO - [2024-10-02T01:58:52.438+0000] {dag.py:3696} INFO - Setting next_dagrun for example_python_operator to None, run_after=None
[2024-10-02T01:58:52.469+0000] {processor.py:179} INFO - Processing /home/airflow/.local/lib/python3.8/site-packages/airflow/example_dags/example_python_operator.py took 0.137 seconds
[2024-10-02T01:59:24.260+0000] {processor.py:157} INFO - Started process (PID=810) to work on /home/airflow/.local/lib/python3.8/site-packages/airflow/example_dags/example_python_operator.py
[2024-10-02T01:59:24.266+0000] {processor.py:829} INFO - Processing file /home/airflow/.local/lib/python3.8/site-packages/airflow/example_dags/example_python_operator.py for tasks to queue
[2024-10-02T01:59:24.272+0000] {logging_mixin.py:151} INFO - [2024-10-02T01:59:24.271+0000] {dagbag.py:539} INFO - Filling up the DagBag from /home/airflow/.local/lib/python3.8/site-packages/airflow/example_dags/example_python_operator.py
[2024-10-02T01:59:24.296+0000] {processor.py:839} INFO - DAG(s) dict_keys(['example_python_operator']) retrieved from /home/airflow/.local/lib/python3.8/site-packages/airflow/example_dags/example_python_operator.py
[2024-10-02T01:59:24.349+0000] {logging_mixin.py:151} INFO - [2024-10-02T01:59:24.348+0000] {dag.py:2915} INFO - Sync 1 DAGs
[2024-10-02T01:59:24.370+0000] {logging_mixin.py:151} INFO - [2024-10-02T01:59:24.370+0000] {dag.py:3696} INFO - Setting next_dagrun for example_python_operator to None, run_after=None
[2024-10-02T01:59:24.410+0000] {processor.py:179} INFO - Processing /home/airflow/.local/lib/python3.8/site-packages/airflow/example_dags/example_python_operator.py took 0.156 seconds
[2024-10-02T01:59:54.669+0000] {processor.py:157} INFO - Started process (PID=858) to work on /home/airflow/.local/lib/python3.8/site-packages/airflow/example_dags/example_python_operator.py
[2024-10-02T01:59:54.674+0000] {processor.py:829} INFO - Processing file /home/airflow/.local/lib/python3.8/site-packages/airflow/example_dags/example_python_operator.py for tasks to queue
[2024-10-02T01:59:54.679+0000] {logging_mixin.py:151} INFO - [2024-10-02T01:59:54.679+0000] {dagbag.py:539} INFO - Filling up the DagBag from /home/airflow/.local/lib/python3.8/site-packages/airflow/example_dags/example_python_operator.py
[2024-10-02T01:59:54.705+0000] {processor.py:839} INFO - DAG(s) dict_keys(['example_python_operator']) retrieved from /home/airflow/.local/lib/python3.8/site-packages/airflow/example_dags/example_python_operator.py
[2024-10-02T01:59:54.747+0000] {logging_mixin.py:151} INFO - [2024-10-02T01:59:54.747+0000] {dag.py:2915} INFO - Sync 1 DAGs
[2024-10-02T01:59:54.763+0000] {logging_mixin.py:151} INFO - [2024-10-02T01:59:54.762+0000] {dag.py:3696} INFO - Setting next_dagrun for example_python_operator to None, run_after=None
[2024-10-02T01:59:54.825+0000] {processor.py:179} INFO - Processing /home/airflow/.local/lib/python3.8/site-packages/airflow/example_dags/example_python_operator.py took 0.161 seconds
[2024-10-02T02:00:25.951+0000] {processor.py:157} INFO - Started process (PID=906) to work on /home/airflow/.local/lib/python3.8/site-packages/airflow/example_dags/example_python_operator.py
[2024-10-02T02:00:25.955+0000] {processor.py:829} INFO - Processing file /home/airflow/.local/lib/python3.8/site-packages/airflow/example_dags/example_python_operator.py for tasks to queue
[2024-10-02T02:00:25.961+0000] {logging_mixin.py:151} INFO - [2024-10-02T02:00:25.961+0000] {dagbag.py:539} INFO - Filling up the DagBag from /home/airflow/.local/lib/python3.8/site-packages/airflow/example_dags/example_python_operator.py
[2024-10-02T02:00:25.983+0000] {processor.py:839} INFO - DAG(s) dict_keys(['example_python_operator']) retrieved from /home/airflow/.local/lib/python3.8/site-packages/airflow/example_dags/example_python_operator.py
[2024-10-02T02:00:26.022+0000] {logging_mixin.py:151} INFO - [2024-10-02T02:00:26.022+0000] {dag.py:2915} INFO - Sync 1 DAGs
[2024-10-02T02:00:26.041+0000] {logging_mixin.py:151} INFO - [2024-10-02T02:00:26.041+0000] {dag.py:3696} INFO - Setting next_dagrun for example_python_operator to None, run_after=None
[2024-10-02T02:00:26.068+0000] {processor.py:179} INFO - Processing /home/airflow/.local/lib/python3.8/site-packages/airflow/example_dags/example_python_operator.py took 0.121 seconds
[2024-10-02T02:00:56.535+0000] {processor.py:157} INFO - Started process (PID=954) to work on /home/airflow/.local/lib/python3.8/site-packages/airflow/example_dags/example_python_operator.py
[2024-10-02T02:00:56.542+0000] {processor.py:829} INFO - Processing file /home/airflow/.local/lib/python3.8/site-packages/airflow/example_dags/example_python_operator.py for tasks to queue
[2024-10-02T02:00:56.548+0000] {logging_mixin.py:151} INFO - [2024-10-02T02:00:56.547+0000] {dagbag.py:539} INFO - Filling up the DagBag from /home/airflow/.local/lib/python3.8/site-packages/airflow/example_dags/example_python_operator.py
[2024-10-02T02:00:56.580+0000] {processor.py:839} INFO - DAG(s) dict_keys(['example_python_operator']) retrieved from /home/airflow/.local/lib/python3.8/site-packages/airflow/example_dags/example_python_operator.py
[2024-10-02T02:00:56.621+0000] {logging_mixin.py:151} INFO - [2024-10-02T02:00:56.621+0000] {dag.py:2915} INFO - Sync 1 DAGs
[2024-10-02T02:00:56.639+0000] {logging_mixin.py:151} INFO - [2024-10-02T02:00:56.639+0000] {dag.py:3696} INFO - Setting next_dagrun for example_python_operator to None, run_after=None
[2024-10-02T02:00:56.669+0000] {processor.py:179} INFO - Processing /home/airflow/.local/lib/python3.8/site-packages/airflow/example_dags/example_python_operator.py took 0.139 seconds
[2024-10-02T02:03:24.474+0000] {processor.py:157} INFO - Started process (PID=57) to work on /home/airflow/.local/lib/python3.8/site-packages/airflow/example_dags/example_python_operator.py
[2024-10-02T02:03:24.482+0000] {processor.py:829} INFO - Processing file /home/airflow/.local/lib/python3.8/site-packages/airflow/example_dags/example_python_operator.py for tasks to queue
[2024-10-02T02:03:24.490+0000] {logging_mixin.py:151} INFO - [2024-10-02T02:03:24.489+0000] {dagbag.py:539} INFO - Filling up the DagBag from /home/airflow/.local/lib/python3.8/site-packages/airflow/example_dags/example_python_operator.py
[2024-10-02T02:03:24.517+0000] {processor.py:839} INFO - DAG(s) dict_keys(['example_python_operator']) retrieved from /home/airflow/.local/lib/python3.8/site-packages/airflow/example_dags/example_python_operator.py
[2024-10-02T02:03:24.730+0000] {logging_mixin.py:151} INFO - [2024-10-02T02:03:24.730+0000] {manager.py:499} INFO - Created Permission View: %s
[2024-10-02T02:03:24.770+0000] {logging_mixin.py:151} INFO - [2024-10-02T02:03:24.769+0000] {manager.py:499} INFO - Created Permission View: %s
[2024-10-02T02:03:24.803+0000] {logging_mixin.py:151} INFO - [2024-10-02T02:03:24.802+0000] {manager.py:499} INFO - Created Permission View: %s
[2024-10-02T02:03:24.809+0000] {logging_mixin.py:151} INFO - [2024-10-02T02:03:24.808+0000] {security.py:708} INFO - Not syncing DAG-level permissions for DAG 'DAG:example_python_operator' as access control is unset.
[2024-10-02T02:03:24.814+0000] {logging_mixin.py:151} INFO - [2024-10-02T02:03:24.813+0000] {dag.py:2915} INFO - Sync 1 DAGs
[2024-10-02T02:03:24.838+0000] {logging_mixin.py:151} INFO - [2024-10-02T02:03:24.838+0000] {dag.py:2937} INFO - Creating ORM DAG for example_python_operator
[2024-10-02T02:03:24.843+0000] {logging_mixin.py:151} INFO - [2024-10-02T02:03:24.842+0000] {dag.py:3696} INFO - Setting next_dagrun for example_python_operator to None, run_after=None
[2024-10-02T02:03:24.878+0000] {processor.py:179} INFO - Processing /home/airflow/.local/lib/python3.8/site-packages/airflow/example_dags/example_python_operator.py took 0.413 seconds
[2024-10-02T02:06:22.118+0000] {processor.py:157} INFO - Started process (PID=57) to work on /home/airflow/.local/lib/python3.8/site-packages/airflow/example_dags/example_python_operator.py
[2024-10-02T02:06:22.121+0000] {processor.py:829} INFO - Processing file /home/airflow/.local/lib/python3.8/site-packages/airflow/example_dags/example_python_operator.py for tasks to queue
[2024-10-02T02:06:22.127+0000] {logging_mixin.py:151} INFO - [2024-10-02T02:06:22.126+0000] {dagbag.py:539} INFO - Filling up the DagBag from /home/airflow/.local/lib/python3.8/site-packages/airflow/example_dags/example_python_operator.py
[2024-10-02T02:06:22.177+0000] {processor.py:839} INFO - DAG(s) dict_keys(['example_python_operator']) retrieved from /home/airflow/.local/lib/python3.8/site-packages/airflow/example_dags/example_python_operator.py
[2024-10-02T02:06:22.375+0000] {logging_mixin.py:151} INFO - [2024-10-02T02:06:22.374+0000] {manager.py:499} INFO - Created Permission View: %s
[2024-10-02T02:06:22.388+0000] {logging_mixin.py:151} INFO - [2024-10-02T02:06:22.388+0000] {manager.py:499} INFO - Created Permission View: %s
[2024-10-02T02:06:22.402+0000] {logging_mixin.py:151} INFO - [2024-10-02T02:06:22.402+0000] {manager.py:499} INFO - Created Permission View: %s
[2024-10-02T02:06:22.405+0000] {logging_mixin.py:151} INFO - [2024-10-02T02:06:22.404+0000] {security.py:708} INFO - Not syncing DAG-level permissions for DAG 'DAG:example_python_operator' as access control is unset.
[2024-10-02T02:06:22.407+0000] {logging_mixin.py:151} INFO - [2024-10-02T02:06:22.406+0000] {dag.py:2915} INFO - Sync 1 DAGs
[2024-10-02T02:06:22.431+0000] {logging_mixin.py:151} INFO - [2024-10-02T02:06:22.431+0000] {dag.py:2937} INFO - Creating ORM DAG for example_python_operator
[2024-10-02T02:06:22.435+0000] {logging_mixin.py:151} INFO - [2024-10-02T02:06:22.434+0000] {dag.py:3696} INFO - Setting next_dagrun for example_python_operator to None, run_after=None
[2024-10-02T02:06:22.474+0000] {processor.py:179} INFO - Processing /home/airflow/.local/lib/python3.8/site-packages/airflow/example_dags/example_python_operator.py took 0.360 seconds
[2024-10-02T02:06:53.420+0000] {processor.py:157} INFO - Started process (PID=105) to work on /home/airflow/.local/lib/python3.8/site-packages/airflow/example_dags/example_python_operator.py
[2024-10-02T02:06:53.425+0000] {processor.py:829} INFO - Processing file /home/airflow/.local/lib/python3.8/site-packages/airflow/example_dags/example_python_operator.py for tasks to queue
[2024-10-02T02:06:53.431+0000] {logging_mixin.py:151} INFO - [2024-10-02T02:06:53.430+0000] {dagbag.py:539} INFO - Filling up the DagBag from /home/airflow/.local/lib/python3.8/site-packages/airflow/example_dags/example_python_operator.py
[2024-10-02T02:06:53.453+0000] {processor.py:839} INFO - DAG(s) dict_keys(['example_python_operator']) retrieved from /home/airflow/.local/lib/python3.8/site-packages/airflow/example_dags/example_python_operator.py
[2024-10-02T02:06:53.497+0000] {logging_mixin.py:151} INFO - [2024-10-02T02:06:53.497+0000] {dag.py:2915} INFO - Sync 1 DAGs
[2024-10-02T02:06:53.520+0000] {logging_mixin.py:151} INFO - [2024-10-02T02:06:53.520+0000] {dag.py:3696} INFO - Setting next_dagrun for example_python_operator to None, run_after=None
[2024-10-02T02:06:53.575+0000] {processor.py:179} INFO - Processing /home/airflow/.local/lib/python3.8/site-packages/airflow/example_dags/example_python_operator.py took 0.155 seconds
[2024-10-02T02:07:24.235+0000] {processor.py:157} INFO - Started process (PID=153) to work on /home/airflow/.local/lib/python3.8/site-packages/airflow/example_dags/example_python_operator.py
[2024-10-02T02:07:24.243+0000] {processor.py:829} INFO - Processing file /home/airflow/.local/lib/python3.8/site-packages/airflow/example_dags/example_python_operator.py for tasks to queue
[2024-10-02T02:07:24.249+0000] {logging_mixin.py:151} INFO - [2024-10-02T02:07:24.248+0000] {dagbag.py:539} INFO - Filling up the DagBag from /home/airflow/.local/lib/python3.8/site-packages/airflow/example_dags/example_python_operator.py
[2024-10-02T02:07:24.279+0000] {processor.py:839} INFO - DAG(s) dict_keys(['example_python_operator']) retrieved from /home/airflow/.local/lib/python3.8/site-packages/airflow/example_dags/example_python_operator.py
[2024-10-02T02:07:24.330+0000] {logging_mixin.py:151} INFO - [2024-10-02T02:07:24.330+0000] {dag.py:2915} INFO - Sync 1 DAGs
[2024-10-02T02:07:24.348+0000] {logging_mixin.py:151} INFO - [2024-10-02T02:07:24.347+0000] {dag.py:3696} INFO - Setting next_dagrun for example_python_operator to None, run_after=None
[2024-10-02T02:07:24.372+0000] {processor.py:179} INFO - Processing /home/airflow/.local/lib/python3.8/site-packages/airflow/example_dags/example_python_operator.py took 0.142 seconds
[2024-10-02T02:07:54.908+0000] {processor.py:157} INFO - Started process (PID=201) to work on /home/airflow/.local/lib/python3.8/site-packages/airflow/example_dags/example_python_operator.py
[2024-10-02T02:07:54.912+0000] {processor.py:829} INFO - Processing file /home/airflow/.local/lib/python3.8/site-packages/airflow/example_dags/example_python_operator.py for tasks to queue
[2024-10-02T02:07:54.917+0000] {logging_mixin.py:151} INFO - [2024-10-02T02:07:54.916+0000] {dagbag.py:539} INFO - Filling up the DagBag from /home/airflow/.local/lib/python3.8/site-packages/airflow/example_dags/example_python_operator.py
[2024-10-02T02:07:54.937+0000] {processor.py:839} INFO - DAG(s) dict_keys(['example_python_operator']) retrieved from /home/airflow/.local/lib/python3.8/site-packages/airflow/example_dags/example_python_operator.py
[2024-10-02T02:07:54.970+0000] {logging_mixin.py:151} INFO - [2024-10-02T02:07:54.969+0000] {dag.py:2915} INFO - Sync 1 DAGs
[2024-10-02T02:07:54.992+0000] {logging_mixin.py:151} INFO - [2024-10-02T02:07:54.992+0000] {dag.py:3696} INFO - Setting next_dagrun for example_python_operator to None, run_after=None
[2024-10-02T02:07:55.019+0000] {processor.py:179} INFO - Processing /home/airflow/.local/lib/python3.8/site-packages/airflow/example_dags/example_python_operator.py took 0.115 seconds
[2024-10-02T02:08:25.774+0000] {processor.py:157} INFO - Started process (PID=249) to work on /home/airflow/.local/lib/python3.8/site-packages/airflow/example_dags/example_python_operator.py
[2024-10-02T02:08:25.778+0000] {processor.py:829} INFO - Processing file /home/airflow/.local/lib/python3.8/site-packages/airflow/example_dags/example_python_operator.py for tasks to queue
[2024-10-02T02:08:25.782+0000] {logging_mixin.py:151} INFO - [2024-10-02T02:08:25.782+0000] {dagbag.py:539} INFO - Filling up the DagBag from /home/airflow/.local/lib/python3.8/site-packages/airflow/example_dags/example_python_operator.py
[2024-10-02T02:08:25.813+0000] {processor.py:839} INFO - DAG(s) dict_keys(['example_python_operator']) retrieved from /home/airflow/.local/lib/python3.8/site-packages/airflow/example_dags/example_python_operator.py
[2024-10-02T02:08:25.867+0000] {logging_mixin.py:151} INFO - [2024-10-02T02:08:25.864+0000] {dag.py:2915} INFO - Sync 1 DAGs
[2024-10-02T02:08:25.923+0000] {logging_mixin.py:151} INFO - [2024-10-02T02:08:25.922+0000] {dag.py:3696} INFO - Setting next_dagrun for example_python_operator to None, run_after=None
[2024-10-02T02:08:25.959+0000] {processor.py:179} INFO - Processing /home/airflow/.local/lib/python3.8/site-packages/airflow/example_dags/example_python_operator.py took 0.190 seconds
[2024-10-02T02:08:56.186+0000] {processor.py:157} INFO - Started process (PID=297) to work on /home/airflow/.local/lib/python3.8/site-packages/airflow/example_dags/example_python_operator.py
[2024-10-02T02:08:56.193+0000] {processor.py:829} INFO - Processing file /home/airflow/.local/lib/python3.8/site-packages/airflow/example_dags/example_python_operator.py for tasks to queue
[2024-10-02T02:08:56.203+0000] {logging_mixin.py:151} INFO - [2024-10-02T02:08:56.202+0000] {dagbag.py:539} INFO - Filling up the DagBag from /home/airflow/.local/lib/python3.8/site-packages/airflow/example_dags/example_python_operator.py
[2024-10-02T02:08:56.299+0000] {processor.py:839} INFO - DAG(s) dict_keys(['example_python_operator']) retrieved from /home/airflow/.local/lib/python3.8/site-packages/airflow/example_dags/example_python_operator.py
[2024-10-02T02:08:56.340+0000] {logging_mixin.py:151} INFO - [2024-10-02T02:08:56.340+0000] {dag.py:2915} INFO - Sync 1 DAGs
[2024-10-02T02:08:56.359+0000] {logging_mixin.py:151} INFO - [2024-10-02T02:08:56.358+0000] {dag.py:3696} INFO - Setting next_dagrun for example_python_operator to None, run_after=None
[2024-10-02T02:08:56.382+0000] {processor.py:179} INFO - Processing /home/airflow/.local/lib/python3.8/site-packages/airflow/example_dags/example_python_operator.py took 0.202 seconds
[2024-10-02T02:09:27.075+0000] {processor.py:157} INFO - Started process (PID=345) to work on /home/airflow/.local/lib/python3.8/site-packages/airflow/example_dags/example_python_operator.py
[2024-10-02T02:09:27.078+0000] {processor.py:829} INFO - Processing file /home/airflow/.local/lib/python3.8/site-packages/airflow/example_dags/example_python_operator.py for tasks to queue
[2024-10-02T02:09:27.083+0000] {logging_mixin.py:151} INFO - [2024-10-02T02:09:27.082+0000] {dagbag.py:539} INFO - Filling up the DagBag from /home/airflow/.local/lib/python3.8/site-packages/airflow/example_dags/example_python_operator.py
[2024-10-02T02:09:27.106+0000] {processor.py:839} INFO - DAG(s) dict_keys(['example_python_operator']) retrieved from /home/airflow/.local/lib/python3.8/site-packages/airflow/example_dags/example_python_operator.py
[2024-10-02T02:09:27.218+0000] {logging_mixin.py:151} INFO - [2024-10-02T02:09:27.218+0000] {dag.py:2915} INFO - Sync 1 DAGs
[2024-10-02T02:09:27.246+0000] {logging_mixin.py:151} INFO - [2024-10-02T02:09:27.246+0000] {dag.py:3696} INFO - Setting next_dagrun for example_python_operator to None, run_after=None
[2024-10-02T02:09:27.300+0000] {processor.py:179} INFO - Processing /home/airflow/.local/lib/python3.8/site-packages/airflow/example_dags/example_python_operator.py took 0.228 seconds
[2024-10-02T02:09:57.639+0000] {processor.py:157} INFO - Started process (PID=393) to work on /home/airflow/.local/lib/python3.8/site-packages/airflow/example_dags/example_python_operator.py
[2024-10-02T02:09:57.655+0000] {processor.py:829} INFO - Processing file /home/airflow/.local/lib/python3.8/site-packages/airflow/example_dags/example_python_operator.py for tasks to queue
[2024-10-02T02:09:57.662+0000] {logging_mixin.py:151} INFO - [2024-10-02T02:09:57.661+0000] {dagbag.py:539} INFO - Filling up the DagBag from /home/airflow/.local/lib/python3.8/site-packages/airflow/example_dags/example_python_operator.py
[2024-10-02T02:09:57.696+0000] {processor.py:839} INFO - DAG(s) dict_keys(['example_python_operator']) retrieved from /home/airflow/.local/lib/python3.8/site-packages/airflow/example_dags/example_python_operator.py
[2024-10-02T02:09:57.859+0000] {logging_mixin.py:151} INFO - [2024-10-02T02:09:57.859+0000] {dag.py:2915} INFO - Sync 1 DAGs
[2024-10-02T02:09:57.911+0000] {logging_mixin.py:151} INFO - [2024-10-02T02:09:57.911+0000] {dag.py:3696} INFO - Setting next_dagrun for example_python_operator to None, run_after=None
[2024-10-02T02:09:57.963+0000] {processor.py:179} INFO - Processing /home/airflow/.local/lib/python3.8/site-packages/airflow/example_dags/example_python_operator.py took 0.341 seconds
[2024-10-02T02:10:28.614+0000] {processor.py:157} INFO - Started process (PID=441) to work on /home/airflow/.local/lib/python3.8/site-packages/airflow/example_dags/example_python_operator.py
[2024-10-02T02:10:28.617+0000] {processor.py:829} INFO - Processing file /home/airflow/.local/lib/python3.8/site-packages/airflow/example_dags/example_python_operator.py for tasks to queue
[2024-10-02T02:10:28.622+0000] {logging_mixin.py:151} INFO - [2024-10-02T02:10:28.621+0000] {dagbag.py:539} INFO - Filling up the DagBag from /home/airflow/.local/lib/python3.8/site-packages/airflow/example_dags/example_python_operator.py
[2024-10-02T02:10:28.639+0000] {processor.py:839} INFO - DAG(s) dict_keys(['example_python_operator']) retrieved from /home/airflow/.local/lib/python3.8/site-packages/airflow/example_dags/example_python_operator.py
[2024-10-02T02:10:28.673+0000] {logging_mixin.py:151} INFO - [2024-10-02T02:10:28.673+0000] {dag.py:2915} INFO - Sync 1 DAGs
[2024-10-02T02:10:28.691+0000] {logging_mixin.py:151} INFO - [2024-10-02T02:10:28.691+0000] {dag.py:3696} INFO - Setting next_dagrun for example_python_operator to None, run_after=None
[2024-10-02T02:10:28.722+0000] {processor.py:179} INFO - Processing /home/airflow/.local/lib/python3.8/site-packages/airflow/example_dags/example_python_operator.py took 0.112 seconds
