[2024-10-02 01:23:30,120] {scheduler_job.py:182} INFO - Started process (PID=30) to work on /home/airflow/.local/lib/python3.6/site-packages/airflow/example_dags/example_short_circuit_operator.py
[2024-10-02 01:23:30,124] {scheduler_job.py:629} INFO - Processing file /home/airflow/.local/lib/python3.6/site-packages/airflow/example_dags/example_short_circuit_operator.py for tasks to queue
[2024-10-02 01:23:30,131] {logging_mixin.py:104} INFO - [2024-10-02 01:23:30,130] {dagbag.py:451} INFO - Filling up the DagBag from /home/airflow/.local/lib/python3.6/site-packages/airflow/example_dags/example_short_circuit_operator.py
[2024-10-02 01:23:30,150] {scheduler_job.py:639} INFO - DAG(s) dict_keys(['example_short_circuit_operator']) retrieved from /home/airflow/.local/lib/python3.6/site-packages/airflow/example_dags/example_short_circuit_operator.py
[2024-10-02 01:23:30,187] {logging_mixin.py:104} INFO - [2024-10-02 01:23:30,187] {dag.py:1824} INFO - Sync 1 DAGs
[2024-10-02 01:23:30,197] {logging_mixin.py:104} INFO - [2024-10-02 01:23:30,197] {dag.py:1843} INFO - Creating ORM DAG for example_short_circuit_operator
[2024-10-02 01:23:30,201] {logging_mixin.py:104} INFO - [2024-10-02 01:23:30,201] {dag.py:2280} INFO - Setting next_dagrun for example_short_circuit_operator to 2024-09-30 00:00:00+00:00
[2024-10-02 01:23:30,213] {scheduler_job.py:190} INFO - Processing /home/airflow/.local/lib/python3.6/site-packages/airflow/example_dags/example_short_circuit_operator.py took 0.099 seconds
[2024-10-02 01:24:01,035] {scheduler_job.py:182} INFO - Started process (PID=57) to work on /home/airflow/.local/lib/python3.6/site-packages/airflow/example_dags/example_short_circuit_operator.py
[2024-10-02 01:24:01,040] {scheduler_job.py:629} INFO - Processing file /home/airflow/.local/lib/python3.6/site-packages/airflow/example_dags/example_short_circuit_operator.py for tasks to queue
[2024-10-02 01:24:01,042] {logging_mixin.py:104} INFO - [2024-10-02 01:24:01,041] {dagbag.py:451} INFO - Filling up the DagBag from /home/airflow/.local/lib/python3.6/site-packages/airflow/example_dags/example_short_circuit_operator.py
[2024-10-02 01:24:01,062] {scheduler_job.py:639} INFO - DAG(s) dict_keys(['example_short_circuit_operator']) retrieved from /home/airflow/.local/lib/python3.6/site-packages/airflow/example_dags/example_short_circuit_operator.py
[2024-10-02 01:24:01,095] {logging_mixin.py:104} INFO - [2024-10-02 01:24:01,094] {dag.py:1824} INFO - Sync 1 DAGs
[2024-10-02 01:24:01,111] {logging_mixin.py:104} INFO - [2024-10-02 01:24:01,111] {dag.py:2280} INFO - Setting next_dagrun for example_short_circuit_operator to 2024-09-30 00:00:00+00:00
[2024-10-02 01:24:01,120] {scheduler_job.py:190} INFO - Processing /home/airflow/.local/lib/python3.6/site-packages/airflow/example_dags/example_short_circuit_operator.py took 0.097 seconds
[2024-10-02 01:24:31,656] {scheduler_job.py:182} INFO - Started process (PID=84) to work on /home/airflow/.local/lib/python3.6/site-packages/airflow/example_dags/example_short_circuit_operator.py
[2024-10-02 01:24:31,658] {scheduler_job.py:629} INFO - Processing file /home/airflow/.local/lib/python3.6/site-packages/airflow/example_dags/example_short_circuit_operator.py for tasks to queue
[2024-10-02 01:24:31,660] {logging_mixin.py:104} INFO - [2024-10-02 01:24:31,660] {dagbag.py:451} INFO - Filling up the DagBag from /home/airflow/.local/lib/python3.6/site-packages/airflow/example_dags/example_short_circuit_operator.py
[2024-10-02 01:24:31,672] {scheduler_job.py:639} INFO - DAG(s) dict_keys(['example_short_circuit_operator']) retrieved from /home/airflow/.local/lib/python3.6/site-packages/airflow/example_dags/example_short_circuit_operator.py
[2024-10-02 01:24:31,701] {logging_mixin.py:104} INFO - [2024-10-02 01:24:31,700] {dag.py:1824} INFO - Sync 1 DAGs
[2024-10-02 01:24:31,756] {logging_mixin.py:104} INFO - [2024-10-02 01:24:31,756] {dag.py:2280} INFO - Setting next_dagrun for example_short_circuit_operator to 2024-09-30 00:00:00+00:00
[2024-10-02 01:24:31,782] {scheduler_job.py:190} INFO - Processing /home/airflow/.local/lib/python3.6/site-packages/airflow/example_dags/example_short_circuit_operator.py took 0.129 seconds
[2024-10-02 01:25:02,672] {scheduler_job.py:182} INFO - Started process (PID=114) to work on /home/airflow/.local/lib/python3.6/site-packages/airflow/example_dags/example_short_circuit_operator.py
[2024-10-02 01:25:02,674] {scheduler_job.py:629} INFO - Processing file /home/airflow/.local/lib/python3.6/site-packages/airflow/example_dags/example_short_circuit_operator.py for tasks to queue
[2024-10-02 01:25:02,675] {logging_mixin.py:104} INFO - [2024-10-02 01:25:02,675] {dagbag.py:451} INFO - Filling up the DagBag from /home/airflow/.local/lib/python3.6/site-packages/airflow/example_dags/example_short_circuit_operator.py
[2024-10-02 01:25:02,687] {scheduler_job.py:639} INFO - DAG(s) dict_keys(['example_short_circuit_operator']) retrieved from /home/airflow/.local/lib/python3.6/site-packages/airflow/example_dags/example_short_circuit_operator.py
[2024-10-02 01:25:02,726] {logging_mixin.py:104} INFO - [2024-10-02 01:25:02,725] {dag.py:1824} INFO - Sync 1 DAGs
[2024-10-02 01:25:02,746] {logging_mixin.py:104} INFO - [2024-10-02 01:25:02,746] {dag.py:2280} INFO - Setting next_dagrun for example_short_circuit_operator to 2024-09-30 00:00:00+00:00
[2024-10-02 01:25:02,760] {scheduler_job.py:190} INFO - Processing /home/airflow/.local/lib/python3.6/site-packages/airflow/example_dags/example_short_circuit_operator.py took 0.091 seconds
[2024-10-02 01:25:33,409] {scheduler_job.py:182} INFO - Started process (PID=140) to work on /home/airflow/.local/lib/python3.6/site-packages/airflow/example_dags/example_short_circuit_operator.py
[2024-10-02 01:25:33,414] {scheduler_job.py:629} INFO - Processing file /home/airflow/.local/lib/python3.6/site-packages/airflow/example_dags/example_short_circuit_operator.py for tasks to queue
[2024-10-02 01:25:33,418] {logging_mixin.py:104} INFO - [2024-10-02 01:25:33,418] {dagbag.py:451} INFO - Filling up the DagBag from /home/airflow/.local/lib/python3.6/site-packages/airflow/example_dags/example_short_circuit_operator.py
[2024-10-02 01:25:33,450] {scheduler_job.py:639} INFO - DAG(s) dict_keys(['example_short_circuit_operator']) retrieved from /home/airflow/.local/lib/python3.6/site-packages/airflow/example_dags/example_short_circuit_operator.py
[2024-10-02 01:25:33,529] {logging_mixin.py:104} INFO - [2024-10-02 01:25:33,529] {dag.py:1824} INFO - Sync 1 DAGs
[2024-10-02 01:25:33,565] {logging_mixin.py:104} INFO - [2024-10-02 01:25:33,565] {dag.py:2280} INFO - Setting next_dagrun for example_short_circuit_operator to 2024-09-30 00:00:00+00:00
[2024-10-02 01:25:33,610] {scheduler_job.py:190} INFO - Processing /home/airflow/.local/lib/python3.6/site-packages/airflow/example_dags/example_short_circuit_operator.py took 0.205 seconds
[2024-10-02 01:26:04,382] {scheduler_job.py:182} INFO - Started process (PID=168) to work on /home/airflow/.local/lib/python3.6/site-packages/airflow/example_dags/example_short_circuit_operator.py
[2024-10-02 01:26:04,387] {scheduler_job.py:629} INFO - Processing file /home/airflow/.local/lib/python3.6/site-packages/airflow/example_dags/example_short_circuit_operator.py for tasks to queue
[2024-10-02 01:26:04,393] {logging_mixin.py:104} INFO - [2024-10-02 01:26:04,393] {dagbag.py:451} INFO - Filling up the DagBag from /home/airflow/.local/lib/python3.6/site-packages/airflow/example_dags/example_short_circuit_operator.py
[2024-10-02 01:26:04,414] {scheduler_job.py:639} INFO - DAG(s) dict_keys(['example_short_circuit_operator']) retrieved from /home/airflow/.local/lib/python3.6/site-packages/airflow/example_dags/example_short_circuit_operator.py
[2024-10-02 01:26:04,456] {logging_mixin.py:104} INFO - [2024-10-02 01:26:04,456] {dag.py:1824} INFO - Sync 1 DAGs
[2024-10-02 01:26:04,499] {logging_mixin.py:104} INFO - [2024-10-02 01:26:04,499] {dag.py:2280} INFO - Setting next_dagrun for example_short_circuit_operator to 2024-09-30 00:00:00+00:00
[2024-10-02 01:26:04,516] {scheduler_job.py:190} INFO - Processing /home/airflow/.local/lib/python3.6/site-packages/airflow/example_dags/example_short_circuit_operator.py took 0.141 seconds
[2024-10-02 01:26:34,937] {scheduler_job.py:182} INFO - Started process (PID=195) to work on /home/airflow/.local/lib/python3.6/site-packages/airflow/example_dags/example_short_circuit_operator.py
[2024-10-02 01:26:34,946] {scheduler_job.py:629} INFO - Processing file /home/airflow/.local/lib/python3.6/site-packages/airflow/example_dags/example_short_circuit_operator.py for tasks to queue
[2024-10-02 01:26:34,951] {logging_mixin.py:104} INFO - [2024-10-02 01:26:34,950] {dagbag.py:451} INFO - Filling up the DagBag from /home/airflow/.local/lib/python3.6/site-packages/airflow/example_dags/example_short_circuit_operator.py
[2024-10-02 01:26:34,970] {scheduler_job.py:639} INFO - DAG(s) dict_keys(['example_short_circuit_operator']) retrieved from /home/airflow/.local/lib/python3.6/site-packages/airflow/example_dags/example_short_circuit_operator.py
[2024-10-02 01:26:35,001] {logging_mixin.py:104} INFO - [2024-10-02 01:26:35,001] {dag.py:1824} INFO - Sync 1 DAGs
[2024-10-02 01:26:35,016] {logging_mixin.py:104} INFO - [2024-10-02 01:26:35,016] {dag.py:2280} INFO - Setting next_dagrun for example_short_circuit_operator to 2024-09-30 00:00:00+00:00
[2024-10-02 01:26:35,023] {scheduler_job.py:190} INFO - Processing /home/airflow/.local/lib/python3.6/site-packages/airflow/example_dags/example_short_circuit_operator.py took 0.092 seconds
[2024-10-02 01:27:05,650] {scheduler_job.py:182} INFO - Started process (PID=222) to work on /home/airflow/.local/lib/python3.6/site-packages/airflow/example_dags/example_short_circuit_operator.py
[2024-10-02 01:27:05,652] {scheduler_job.py:629} INFO - Processing file /home/airflow/.local/lib/python3.6/site-packages/airflow/example_dags/example_short_circuit_operator.py for tasks to queue
[2024-10-02 01:27:05,654] {logging_mixin.py:104} INFO - [2024-10-02 01:27:05,654] {dagbag.py:451} INFO - Filling up the DagBag from /home/airflow/.local/lib/python3.6/site-packages/airflow/example_dags/example_short_circuit_operator.py
[2024-10-02 01:27:05,671] {scheduler_job.py:639} INFO - DAG(s) dict_keys(['example_short_circuit_operator']) retrieved from /home/airflow/.local/lib/python3.6/site-packages/airflow/example_dags/example_short_circuit_operator.py
[2024-10-02 01:27:05,702] {logging_mixin.py:104} INFO - [2024-10-02 01:27:05,702] {dag.py:1824} INFO - Sync 1 DAGs
[2024-10-02 01:27:05,721] {logging_mixin.py:104} INFO - [2024-10-02 01:27:05,721] {dag.py:2280} INFO - Setting next_dagrun for example_short_circuit_operator to 2024-09-30 00:00:00+00:00
[2024-10-02 01:27:05,740] {scheduler_job.py:190} INFO - Processing /home/airflow/.local/lib/python3.6/site-packages/airflow/example_dags/example_short_circuit_operator.py took 0.093 seconds
[2024-10-02 01:27:36,756] {scheduler_job.py:182} INFO - Started process (PID=250) to work on /home/airflow/.local/lib/python3.6/site-packages/airflow/example_dags/example_short_circuit_operator.py
[2024-10-02 01:27:36,760] {scheduler_job.py:629} INFO - Processing file /home/airflow/.local/lib/python3.6/site-packages/airflow/example_dags/example_short_circuit_operator.py for tasks to queue
[2024-10-02 01:27:36,762] {logging_mixin.py:104} INFO - [2024-10-02 01:27:36,762] {dagbag.py:451} INFO - Filling up the DagBag from /home/airflow/.local/lib/python3.6/site-packages/airflow/example_dags/example_short_circuit_operator.py
[2024-10-02 01:27:36,780] {scheduler_job.py:639} INFO - DAG(s) dict_keys(['example_short_circuit_operator']) retrieved from /home/airflow/.local/lib/python3.6/site-packages/airflow/example_dags/example_short_circuit_operator.py
[2024-10-02 01:27:36,945] {logging_mixin.py:104} INFO - [2024-10-02 01:27:36,944] {dag.py:1824} INFO - Sync 1 DAGs
[2024-10-02 01:27:37,034] {logging_mixin.py:104} INFO - [2024-10-02 01:27:37,033] {dag.py:2280} INFO - Setting next_dagrun for example_short_circuit_operator to 2024-09-30 00:00:00+00:00
[2024-10-02 01:27:37,136] {scheduler_job.py:190} INFO - Processing /home/airflow/.local/lib/python3.6/site-packages/airflow/example_dags/example_short_circuit_operator.py took 0.383 seconds
[2024-10-02 01:28:08,272] {scheduler_job.py:182} INFO - Started process (PID=281) to work on /home/airflow/.local/lib/python3.6/site-packages/airflow/example_dags/example_short_circuit_operator.py
[2024-10-02 01:28:08,273] {scheduler_job.py:629} INFO - Processing file /home/airflow/.local/lib/python3.6/site-packages/airflow/example_dags/example_short_circuit_operator.py for tasks to queue
[2024-10-02 01:28:08,274] {logging_mixin.py:104} INFO - [2024-10-02 01:28:08,274] {dagbag.py:451} INFO - Filling up the DagBag from /home/airflow/.local/lib/python3.6/site-packages/airflow/example_dags/example_short_circuit_operator.py
[2024-10-02 01:28:08,286] {scheduler_job.py:639} INFO - DAG(s) dict_keys(['example_short_circuit_operator']) retrieved from /home/airflow/.local/lib/python3.6/site-packages/airflow/example_dags/example_short_circuit_operator.py
[2024-10-02 01:28:08,312] {logging_mixin.py:104} INFO - [2024-10-02 01:28:08,312] {dag.py:1824} INFO - Sync 1 DAGs
[2024-10-02 01:28:08,325] {logging_mixin.py:104} INFO - [2024-10-02 01:28:08,324] {dag.py:2280} INFO - Setting next_dagrun for example_short_circuit_operator to 2024-09-30 00:00:00+00:00
[2024-10-02 01:28:08,336] {scheduler_job.py:190} INFO - Processing /home/airflow/.local/lib/python3.6/site-packages/airflow/example_dags/example_short_circuit_operator.py took 0.067 seconds
[2024-10-02 01:28:38,893] {scheduler_job.py:182} INFO - Started process (PID=304) to work on /home/airflow/.local/lib/python3.6/site-packages/airflow/example_dags/example_short_circuit_operator.py
[2024-10-02 01:28:38,896] {scheduler_job.py:629} INFO - Processing file /home/airflow/.local/lib/python3.6/site-packages/airflow/example_dags/example_short_circuit_operator.py for tasks to queue
[2024-10-02 01:28:38,898] {logging_mixin.py:104} INFO - [2024-10-02 01:28:38,897] {dagbag.py:451} INFO - Filling up the DagBag from /home/airflow/.local/lib/python3.6/site-packages/airflow/example_dags/example_short_circuit_operator.py
[2024-10-02 01:28:38,911] {scheduler_job.py:639} INFO - DAG(s) dict_keys(['example_short_circuit_operator']) retrieved from /home/airflow/.local/lib/python3.6/site-packages/airflow/example_dags/example_short_circuit_operator.py
[2024-10-02 01:28:38,943] {logging_mixin.py:104} INFO - [2024-10-02 01:28:38,943] {dag.py:1824} INFO - Sync 1 DAGs
[2024-10-02 01:28:38,965] {logging_mixin.py:104} INFO - [2024-10-02 01:28:38,965] {dag.py:2280} INFO - Setting next_dagrun for example_short_circuit_operator to 2024-09-30 00:00:00+00:00
[2024-10-02 01:28:38,977] {scheduler_job.py:190} INFO - Processing /home/airflow/.local/lib/python3.6/site-packages/airflow/example_dags/example_short_circuit_operator.py took 0.089 seconds
[2024-10-02T01:32:15.750+0000] {processor.py:157} INFO - Started process (PID=58) to work on /home/airflow/.local/lib/python3.8/site-packages/airflow/example_dags/example_short_circuit_operator.py
[2024-10-02T01:32:15.756+0000] {processor.py:829} INFO - Processing file /home/airflow/.local/lib/python3.8/site-packages/airflow/example_dags/example_short_circuit_operator.py for tasks to queue
[2024-10-02T01:32:15.761+0000] {logging_mixin.py:151} INFO - [2024-10-02T01:32:15.760+0000] {dagbag.py:539} INFO - Filling up the DagBag from /home/airflow/.local/lib/python3.8/site-packages/airflow/example_dags/example_short_circuit_operator.py
[2024-10-02T01:32:15.781+0000] {processor.py:839} INFO - DAG(s) dict_keys(['example_short_circuit_operator']) retrieved from /home/airflow/.local/lib/python3.8/site-packages/airflow/example_dags/example_short_circuit_operator.py
[2024-10-02T01:32:16.029+0000] {logging_mixin.py:151} INFO - [2024-10-02T01:32:16.025+0000] {manager.py:499} INFO - Created Permission View: %s
[2024-10-02T01:32:16.039+0000] {logging_mixin.py:151} INFO - [2024-10-02T01:32:16.039+0000] {manager.py:499} INFO - Created Permission View: %s
[2024-10-02T01:32:16.054+0000] {logging_mixin.py:151} INFO - [2024-10-02T01:32:16.054+0000] {manager.py:499} INFO - Created Permission View: %s
[2024-10-02T01:32:16.058+0000] {logging_mixin.py:151} INFO - [2024-10-02T01:32:16.058+0000] {security.py:708} INFO - Not syncing DAG-level permissions for DAG 'DAG:example_short_circuit_operator' as access control is unset.
[2024-10-02T01:32:16.060+0000] {logging_mixin.py:151} INFO - [2024-10-02T01:32:16.060+0000] {dag.py:2915} INFO - Sync 1 DAGs
[2024-10-02T01:32:16.076+0000] {logging_mixin.py:151} INFO - [2024-10-02T01:32:16.075+0000] {dag.py:2937} INFO - Creating ORM DAG for example_short_circuit_operator
[2024-10-02T01:32:16.093+0000] {logging_mixin.py:151} INFO - [2024-10-02T01:32:16.092+0000] {dag.py:3696} INFO - Setting next_dagrun for example_short_circuit_operator to 2024-10-01T01:32:16.091094+00:00, run_after=2024-10-02T01:32:16.091094+00:00
[2024-10-02T01:32:16.131+0000] {processor.py:179} INFO - Processing /home/airflow/.local/lib/python3.8/site-packages/airflow/example_dags/example_short_circuit_operator.py took 0.387 seconds
[2024-10-02T01:32:46.543+0000] {processor.py:157} INFO - Started process (PID=106) to work on /home/airflow/.local/lib/python3.8/site-packages/airflow/example_dags/example_short_circuit_operator.py
[2024-10-02T01:32:46.546+0000] {processor.py:829} INFO - Processing file /home/airflow/.local/lib/python3.8/site-packages/airflow/example_dags/example_short_circuit_operator.py for tasks to queue
[2024-10-02T01:32:46.549+0000] {logging_mixin.py:151} INFO - [2024-10-02T01:32:46.548+0000] {dagbag.py:539} INFO - Filling up the DagBag from /home/airflow/.local/lib/python3.8/site-packages/airflow/example_dags/example_short_circuit_operator.py
[2024-10-02T01:32:46.561+0000] {processor.py:839} INFO - DAG(s) dict_keys(['example_short_circuit_operator']) retrieved from /home/airflow/.local/lib/python3.8/site-packages/airflow/example_dags/example_short_circuit_operator.py
[2024-10-02T01:32:46.595+0000] {logging_mixin.py:151} INFO - [2024-10-02T01:32:46.594+0000] {dag.py:2915} INFO - Sync 1 DAGs
[2024-10-02T01:32:46.697+0000] {logging_mixin.py:151} INFO - [2024-10-02T01:32:46.694+0000] {dag.py:3696} INFO - Setting next_dagrun for example_short_circuit_operator to 2024-10-01T01:32:46.680932+00:00, run_after=2024-10-02T01:32:46.680932+00:00
[2024-10-02T01:32:46.746+0000] {processor.py:179} INFO - Processing /home/airflow/.local/lib/python3.8/site-packages/airflow/example_dags/example_short_circuit_operator.py took 0.207 seconds
[2024-10-02T01:33:17.581+0000] {processor.py:157} INFO - Started process (PID=154) to work on /home/airflow/.local/lib/python3.8/site-packages/airflow/example_dags/example_short_circuit_operator.py
[2024-10-02T01:33:17.584+0000] {processor.py:829} INFO - Processing file /home/airflow/.local/lib/python3.8/site-packages/airflow/example_dags/example_short_circuit_operator.py for tasks to queue
[2024-10-02T01:33:17.588+0000] {logging_mixin.py:151} INFO - [2024-10-02T01:33:17.587+0000] {dagbag.py:539} INFO - Filling up the DagBag from /home/airflow/.local/lib/python3.8/site-packages/airflow/example_dags/example_short_circuit_operator.py
[2024-10-02T01:33:17.600+0000] {processor.py:839} INFO - DAG(s) dict_keys(['example_short_circuit_operator']) retrieved from /home/airflow/.local/lib/python3.8/site-packages/airflow/example_dags/example_short_circuit_operator.py
[2024-10-02T01:33:17.630+0000] {logging_mixin.py:151} INFO - [2024-10-02T01:33:17.630+0000] {dag.py:2915} INFO - Sync 1 DAGs
[2024-10-02T01:33:17.661+0000] {logging_mixin.py:151} INFO - [2024-10-02T01:33:17.661+0000] {dag.py:3696} INFO - Setting next_dagrun for example_short_circuit_operator to 2024-10-01T01:33:17.660534+00:00, run_after=2024-10-02T01:33:17.660534+00:00
[2024-10-02T01:33:17.684+0000] {processor.py:179} INFO - Processing /home/airflow/.local/lib/python3.8/site-packages/airflow/example_dags/example_short_circuit_operator.py took 0.107 seconds
[2024-10-02T01:33:48.160+0000] {processor.py:157} INFO - Started process (PID=202) to work on /home/airflow/.local/lib/python3.8/site-packages/airflow/example_dags/example_short_circuit_operator.py
[2024-10-02T01:33:48.163+0000] {processor.py:829} INFO - Processing file /home/airflow/.local/lib/python3.8/site-packages/airflow/example_dags/example_short_circuit_operator.py for tasks to queue
[2024-10-02T01:33:48.168+0000] {logging_mixin.py:151} INFO - [2024-10-02T01:33:48.168+0000] {dagbag.py:539} INFO - Filling up the DagBag from /home/airflow/.local/lib/python3.8/site-packages/airflow/example_dags/example_short_circuit_operator.py
[2024-10-02T01:33:48.185+0000] {processor.py:839} INFO - DAG(s) dict_keys(['example_short_circuit_operator']) retrieved from /home/airflow/.local/lib/python3.8/site-packages/airflow/example_dags/example_short_circuit_operator.py
[2024-10-02T01:33:48.225+0000] {logging_mixin.py:151} INFO - [2024-10-02T01:33:48.224+0000] {dag.py:2915} INFO - Sync 1 DAGs
[2024-10-02T01:33:48.257+0000] {logging_mixin.py:151} INFO - [2024-10-02T01:33:48.256+0000] {dag.py:3696} INFO - Setting next_dagrun for example_short_circuit_operator to 2024-10-01T01:33:48.255858+00:00, run_after=2024-10-02T01:33:48.255858+00:00
[2024-10-02T01:33:48.286+0000] {processor.py:179} INFO - Processing /home/airflow/.local/lib/python3.8/site-packages/airflow/example_dags/example_short_circuit_operator.py took 0.133 seconds
[2024-10-02T01:34:18.871+0000] {processor.py:157} INFO - Started process (PID=250) to work on /home/airflow/.local/lib/python3.8/site-packages/airflow/example_dags/example_short_circuit_operator.py
[2024-10-02T01:34:18.874+0000] {processor.py:829} INFO - Processing file /home/airflow/.local/lib/python3.8/site-packages/airflow/example_dags/example_short_circuit_operator.py for tasks to queue
[2024-10-02T01:34:18.877+0000] {logging_mixin.py:151} INFO - [2024-10-02T01:34:18.877+0000] {dagbag.py:539} INFO - Filling up the DagBag from /home/airflow/.local/lib/python3.8/site-packages/airflow/example_dags/example_short_circuit_operator.py
[2024-10-02T01:34:18.892+0000] {processor.py:839} INFO - DAG(s) dict_keys(['example_short_circuit_operator']) retrieved from /home/airflow/.local/lib/python3.8/site-packages/airflow/example_dags/example_short_circuit_operator.py
[2024-10-02T01:34:18.937+0000] {logging_mixin.py:151} INFO - [2024-10-02T01:34:18.937+0000] {dag.py:2915} INFO - Sync 1 DAGs
[2024-10-02T01:34:18.978+0000] {logging_mixin.py:151} INFO - [2024-10-02T01:34:18.977+0000] {dag.py:3696} INFO - Setting next_dagrun for example_short_circuit_operator to 2024-10-01T01:34:18.975523+00:00, run_after=2024-10-02T01:34:18.975523+00:00
[2024-10-02T01:34:19.008+0000] {processor.py:179} INFO - Processing /home/airflow/.local/lib/python3.8/site-packages/airflow/example_dags/example_short_circuit_operator.py took 0.142 seconds
[2024-10-02T01:34:49.560+0000] {processor.py:157} INFO - Started process (PID=298) to work on /home/airflow/.local/lib/python3.8/site-packages/airflow/example_dags/example_short_circuit_operator.py
[2024-10-02T01:34:49.563+0000] {processor.py:829} INFO - Processing file /home/airflow/.local/lib/python3.8/site-packages/airflow/example_dags/example_short_circuit_operator.py for tasks to queue
[2024-10-02T01:34:49.567+0000] {logging_mixin.py:151} INFO - [2024-10-02T01:34:49.566+0000] {dagbag.py:539} INFO - Filling up the DagBag from /home/airflow/.local/lib/python3.8/site-packages/airflow/example_dags/example_short_circuit_operator.py
[2024-10-02T01:34:49.583+0000] {processor.py:839} INFO - DAG(s) dict_keys(['example_short_circuit_operator']) retrieved from /home/airflow/.local/lib/python3.8/site-packages/airflow/example_dags/example_short_circuit_operator.py
[2024-10-02T01:34:49.623+0000] {logging_mixin.py:151} INFO - [2024-10-02T01:34:49.623+0000] {dag.py:2915} INFO - Sync 1 DAGs
[2024-10-02T01:34:49.657+0000] {logging_mixin.py:151} INFO - [2024-10-02T01:34:49.656+0000] {dag.py:3696} INFO - Setting next_dagrun for example_short_circuit_operator to 2024-10-01T01:34:49.655849+00:00, run_after=2024-10-02T01:34:49.655849+00:00
[2024-10-02T01:34:49.699+0000] {processor.py:179} INFO - Processing /home/airflow/.local/lib/python3.8/site-packages/airflow/example_dags/example_short_circuit_operator.py took 0.144 seconds
[2024-10-02T01:35:19.884+0000] {processor.py:157} INFO - Started process (PID=346) to work on /home/airflow/.local/lib/python3.8/site-packages/airflow/example_dags/example_short_circuit_operator.py
[2024-10-02T01:35:19.888+0000] {processor.py:829} INFO - Processing file /home/airflow/.local/lib/python3.8/site-packages/airflow/example_dags/example_short_circuit_operator.py for tasks to queue
[2024-10-02T01:35:19.893+0000] {logging_mixin.py:151} INFO - [2024-10-02T01:35:19.892+0000] {dagbag.py:539} INFO - Filling up the DagBag from /home/airflow/.local/lib/python3.8/site-packages/airflow/example_dags/example_short_circuit_operator.py
[2024-10-02T01:35:19.909+0000] {processor.py:839} INFO - DAG(s) dict_keys(['example_short_circuit_operator']) retrieved from /home/airflow/.local/lib/python3.8/site-packages/airflow/example_dags/example_short_circuit_operator.py
[2024-10-02T01:35:19.951+0000] {logging_mixin.py:151} INFO - [2024-10-02T01:35:19.951+0000] {dag.py:2915} INFO - Sync 1 DAGs
[2024-10-02T01:35:19.993+0000] {logging_mixin.py:151} INFO - [2024-10-02T01:35:19.992+0000] {dag.py:3696} INFO - Setting next_dagrun for example_short_circuit_operator to 2024-10-01T01:35:19.990558+00:00, run_after=2024-10-02T01:35:19.990558+00:00
[2024-10-02T01:35:20.021+0000] {processor.py:179} INFO - Processing /home/airflow/.local/lib/python3.8/site-packages/airflow/example_dags/example_short_circuit_operator.py took 0.140 seconds
[2024-10-02T01:35:50.083+0000] {processor.py:157} INFO - Started process (PID=393) to work on /home/airflow/.local/lib/python3.8/site-packages/airflow/example_dags/example_short_circuit_operator.py
[2024-10-02T01:35:50.088+0000] {processor.py:829} INFO - Processing file /home/airflow/.local/lib/python3.8/site-packages/airflow/example_dags/example_short_circuit_operator.py for tasks to queue
[2024-10-02T01:35:50.094+0000] {logging_mixin.py:151} INFO - [2024-10-02T01:35:50.094+0000] {dagbag.py:539} INFO - Filling up the DagBag from /home/airflow/.local/lib/python3.8/site-packages/airflow/example_dags/example_short_circuit_operator.py
[2024-10-02T01:35:50.109+0000] {processor.py:839} INFO - DAG(s) dict_keys(['example_short_circuit_operator']) retrieved from /home/airflow/.local/lib/python3.8/site-packages/airflow/example_dags/example_short_circuit_operator.py
[2024-10-02T01:35:50.158+0000] {logging_mixin.py:151} INFO - [2024-10-02T01:35:50.157+0000] {dag.py:2915} INFO - Sync 1 DAGs
[2024-10-02T01:35:50.196+0000] {logging_mixin.py:151} INFO - [2024-10-02T01:35:50.196+0000] {dag.py:3696} INFO - Setting next_dagrun for example_short_circuit_operator to 2024-10-01T01:35:50.195306+00:00, run_after=2024-10-02T01:35:50.195306+00:00
[2024-10-02T01:35:50.230+0000] {processor.py:179} INFO - Processing /home/airflow/.local/lib/python3.8/site-packages/airflow/example_dags/example_short_circuit_operator.py took 0.151 seconds
[2024-10-02T01:36:20.419+0000] {processor.py:157} INFO - Started process (PID=441) to work on /home/airflow/.local/lib/python3.8/site-packages/airflow/example_dags/example_short_circuit_operator.py
[2024-10-02T01:36:20.423+0000] {processor.py:829} INFO - Processing file /home/airflow/.local/lib/python3.8/site-packages/airflow/example_dags/example_short_circuit_operator.py for tasks to queue
[2024-10-02T01:36:20.427+0000] {logging_mixin.py:151} INFO - [2024-10-02T01:36:20.427+0000] {dagbag.py:539} INFO - Filling up the DagBag from /home/airflow/.local/lib/python3.8/site-packages/airflow/example_dags/example_short_circuit_operator.py
[2024-10-02T01:36:20.444+0000] {processor.py:839} INFO - DAG(s) dict_keys(['example_short_circuit_operator']) retrieved from /home/airflow/.local/lib/python3.8/site-packages/airflow/example_dags/example_short_circuit_operator.py
[2024-10-02T01:36:20.483+0000] {logging_mixin.py:151} INFO - [2024-10-02T01:36:20.482+0000] {dag.py:2915} INFO - Sync 1 DAGs
[2024-10-02T01:36:20.510+0000] {logging_mixin.py:151} INFO - [2024-10-02T01:36:20.510+0000] {dag.py:3696} INFO - Setting next_dagrun for example_short_circuit_operator to 2024-10-01T01:36:20.509296+00:00, run_after=2024-10-02T01:36:20.509296+00:00
[2024-10-02T01:36:20.533+0000] {processor.py:179} INFO - Processing /home/airflow/.local/lib/python3.8/site-packages/airflow/example_dags/example_short_circuit_operator.py took 0.118 seconds
[2024-10-02T01:36:50.845+0000] {processor.py:157} INFO - Started process (PID=489) to work on /home/airflow/.local/lib/python3.8/site-packages/airflow/example_dags/example_short_circuit_operator.py
[2024-10-02T01:36:50.847+0000] {processor.py:829} INFO - Processing file /home/airflow/.local/lib/python3.8/site-packages/airflow/example_dags/example_short_circuit_operator.py for tasks to queue
[2024-10-02T01:36:50.852+0000] {logging_mixin.py:151} INFO - [2024-10-02T01:36:50.852+0000] {dagbag.py:539} INFO - Filling up the DagBag from /home/airflow/.local/lib/python3.8/site-packages/airflow/example_dags/example_short_circuit_operator.py
[2024-10-02T01:36:50.868+0000] {processor.py:839} INFO - DAG(s) dict_keys(['example_short_circuit_operator']) retrieved from /home/airflow/.local/lib/python3.8/site-packages/airflow/example_dags/example_short_circuit_operator.py
[2024-10-02T01:36:50.907+0000] {logging_mixin.py:151} INFO - [2024-10-02T01:36:50.907+0000] {dag.py:2915} INFO - Sync 1 DAGs
[2024-10-02T01:36:50.939+0000] {logging_mixin.py:151} INFO - [2024-10-02T01:36:50.938+0000] {dag.py:3696} INFO - Setting next_dagrun for example_short_circuit_operator to 2024-10-01T01:36:50.937463+00:00, run_after=2024-10-02T01:36:50.937463+00:00
[2024-10-02T01:36:50.966+0000] {processor.py:179} INFO - Processing /home/airflow/.local/lib/python3.8/site-packages/airflow/example_dags/example_short_circuit_operator.py took 0.125 seconds
[2024-10-02T01:37:21.963+0000] {processor.py:157} INFO - Started process (PID=537) to work on /home/airflow/.local/lib/python3.8/site-packages/airflow/example_dags/example_short_circuit_operator.py
[2024-10-02T01:37:21.966+0000] {processor.py:829} INFO - Processing file /home/airflow/.local/lib/python3.8/site-packages/airflow/example_dags/example_short_circuit_operator.py for tasks to queue
[2024-10-02T01:37:21.970+0000] {logging_mixin.py:151} INFO - [2024-10-02T01:37:21.970+0000] {dagbag.py:539} INFO - Filling up the DagBag from /home/airflow/.local/lib/python3.8/site-packages/airflow/example_dags/example_short_circuit_operator.py
[2024-10-02T01:37:21.985+0000] {processor.py:839} INFO - DAG(s) dict_keys(['example_short_circuit_operator']) retrieved from /home/airflow/.local/lib/python3.8/site-packages/airflow/example_dags/example_short_circuit_operator.py
[2024-10-02T01:37:22.043+0000] {logging_mixin.py:151} INFO - [2024-10-02T01:37:22.043+0000] {dag.py:2915} INFO - Sync 1 DAGs
[2024-10-02T01:37:22.125+0000] {logging_mixin.py:151} INFO - [2024-10-02T01:37:22.124+0000] {dag.py:3696} INFO - Setting next_dagrun for example_short_circuit_operator to 2024-10-01T01:37:22.122914+00:00, run_after=2024-10-02T01:37:22.122914+00:00
[2024-10-02T01:37:22.164+0000] {processor.py:179} INFO - Processing /home/airflow/.local/lib/python3.8/site-packages/airflow/example_dags/example_short_circuit_operator.py took 0.205 seconds
[2024-10-02T01:37:52.294+0000] {processor.py:157} INFO - Started process (PID=585) to work on /home/airflow/.local/lib/python3.8/site-packages/airflow/example_dags/example_short_circuit_operator.py
[2024-10-02T01:37:52.297+0000] {processor.py:829} INFO - Processing file /home/airflow/.local/lib/python3.8/site-packages/airflow/example_dags/example_short_circuit_operator.py for tasks to queue
[2024-10-02T01:37:52.300+0000] {logging_mixin.py:151} INFO - [2024-10-02T01:37:52.300+0000] {dagbag.py:539} INFO - Filling up the DagBag from /home/airflow/.local/lib/python3.8/site-packages/airflow/example_dags/example_short_circuit_operator.py
[2024-10-02T01:37:52.317+0000] {processor.py:839} INFO - DAG(s) dict_keys(['example_short_circuit_operator']) retrieved from /home/airflow/.local/lib/python3.8/site-packages/airflow/example_dags/example_short_circuit_operator.py
[2024-10-02T01:37:52.358+0000] {logging_mixin.py:151} INFO - [2024-10-02T01:37:52.358+0000] {dag.py:2915} INFO - Sync 1 DAGs
[2024-10-02T01:37:52.397+0000] {logging_mixin.py:151} INFO - [2024-10-02T01:37:52.396+0000] {dag.py:3696} INFO - Setting next_dagrun for example_short_circuit_operator to 2024-10-01T01:37:52.395671+00:00, run_after=2024-10-02T01:37:52.395671+00:00
[2024-10-02T01:37:52.425+0000] {processor.py:179} INFO - Processing /home/airflow/.local/lib/python3.8/site-packages/airflow/example_dags/example_short_circuit_operator.py took 0.136 seconds
[2024-10-02T01:38:22.898+0000] {processor.py:157} INFO - Started process (PID=633) to work on /home/airflow/.local/lib/python3.8/site-packages/airflow/example_dags/example_short_circuit_operator.py
[2024-10-02T01:38:22.903+0000] {processor.py:829} INFO - Processing file /home/airflow/.local/lib/python3.8/site-packages/airflow/example_dags/example_short_circuit_operator.py for tasks to queue
[2024-10-02T01:38:22.911+0000] {logging_mixin.py:151} INFO - [2024-10-02T01:38:22.910+0000] {dagbag.py:539} INFO - Filling up the DagBag from /home/airflow/.local/lib/python3.8/site-packages/airflow/example_dags/example_short_circuit_operator.py
[2024-10-02T01:38:22.926+0000] {processor.py:839} INFO - DAG(s) dict_keys(['example_short_circuit_operator']) retrieved from /home/airflow/.local/lib/python3.8/site-packages/airflow/example_dags/example_short_circuit_operator.py
[2024-10-02T01:38:22.976+0000] {logging_mixin.py:151} INFO - [2024-10-02T01:38:22.975+0000] {dag.py:2915} INFO - Sync 1 DAGs
[2024-10-02T01:38:23.015+0000] {logging_mixin.py:151} INFO - [2024-10-02T01:38:23.014+0000] {dag.py:3696} INFO - Setting next_dagrun for example_short_circuit_operator to 2024-10-01T01:38:23.012502+00:00, run_after=2024-10-02T01:38:23.012502+00:00
[2024-10-02T01:38:23.054+0000] {processor.py:179} INFO - Processing /home/airflow/.local/lib/python3.8/site-packages/airflow/example_dags/example_short_circuit_operator.py took 0.162 seconds
[2024-10-02T01:38:53.202+0000] {processor.py:157} INFO - Started process (PID=681) to work on /home/airflow/.local/lib/python3.8/site-packages/airflow/example_dags/example_short_circuit_operator.py
[2024-10-02T01:38:53.205+0000] {processor.py:829} INFO - Processing file /home/airflow/.local/lib/python3.8/site-packages/airflow/example_dags/example_short_circuit_operator.py for tasks to queue
[2024-10-02T01:38:53.210+0000] {logging_mixin.py:151} INFO - [2024-10-02T01:38:53.209+0000] {dagbag.py:539} INFO - Filling up the DagBag from /home/airflow/.local/lib/python3.8/site-packages/airflow/example_dags/example_short_circuit_operator.py
[2024-10-02T01:38:53.225+0000] {processor.py:839} INFO - DAG(s) dict_keys(['example_short_circuit_operator']) retrieved from /home/airflow/.local/lib/python3.8/site-packages/airflow/example_dags/example_short_circuit_operator.py
[2024-10-02T01:38:53.262+0000] {logging_mixin.py:151} INFO - [2024-10-02T01:38:53.262+0000] {dag.py:2915} INFO - Sync 1 DAGs
[2024-10-02T01:38:53.288+0000] {logging_mixin.py:151} INFO - [2024-10-02T01:38:53.287+0000] {dag.py:3696} INFO - Setting next_dagrun for example_short_circuit_operator to 2024-10-01T01:38:53.286635+00:00, run_after=2024-10-02T01:38:53.286635+00:00
[2024-10-02T01:38:53.312+0000] {processor.py:179} INFO - Processing /home/airflow/.local/lib/python3.8/site-packages/airflow/example_dags/example_short_circuit_operator.py took 0.114 seconds
[2024-10-02T01:39:23.935+0000] {processor.py:157} INFO - Started process (PID=729) to work on /home/airflow/.local/lib/python3.8/site-packages/airflow/example_dags/example_short_circuit_operator.py
[2024-10-02T01:39:23.942+0000] {processor.py:829} INFO - Processing file /home/airflow/.local/lib/python3.8/site-packages/airflow/example_dags/example_short_circuit_operator.py for tasks to queue
[2024-10-02T01:39:23.950+0000] {logging_mixin.py:151} INFO - [2024-10-02T01:39:23.949+0000] {dagbag.py:539} INFO - Filling up the DagBag from /home/airflow/.local/lib/python3.8/site-packages/airflow/example_dags/example_short_circuit_operator.py
[2024-10-02T01:39:23.972+0000] {processor.py:839} INFO - DAG(s) dict_keys(['example_short_circuit_operator']) retrieved from /home/airflow/.local/lib/python3.8/site-packages/airflow/example_dags/example_short_circuit_operator.py
[2024-10-02T01:39:24.017+0000] {logging_mixin.py:151} INFO - [2024-10-02T01:39:24.017+0000] {dag.py:2915} INFO - Sync 1 DAGs
[2024-10-02T01:39:24.063+0000] {logging_mixin.py:151} INFO - [2024-10-02T01:39:24.062+0000] {dag.py:3696} INFO - Setting next_dagrun for example_short_circuit_operator to 2024-10-01T01:39:24.059892+00:00, run_after=2024-10-02T01:39:24.059892+00:00
[2024-10-02T01:39:24.095+0000] {processor.py:179} INFO - Processing /home/airflow/.local/lib/python3.8/site-packages/airflow/example_dags/example_short_circuit_operator.py took 0.168 seconds
[2024-10-02T01:45:36.473+0000] {processor.py:157} INFO - Started process (PID=58) to work on /home/airflow/.local/lib/python3.8/site-packages/airflow/example_dags/example_short_circuit_operator.py
[2024-10-02T01:45:36.476+0000] {processor.py:829} INFO - Processing file /home/airflow/.local/lib/python3.8/site-packages/airflow/example_dags/example_short_circuit_operator.py for tasks to queue
[2024-10-02T01:45:36.482+0000] {logging_mixin.py:151} INFO - [2024-10-02T01:45:36.481+0000] {dagbag.py:539} INFO - Filling up the DagBag from /home/airflow/.local/lib/python3.8/site-packages/airflow/example_dags/example_short_circuit_operator.py
[2024-10-02T01:45:36.499+0000] {processor.py:839} INFO - DAG(s) dict_keys(['example_short_circuit_operator']) retrieved from /home/airflow/.local/lib/python3.8/site-packages/airflow/example_dags/example_short_circuit_operator.py
[2024-10-02T01:45:36.682+0000] {logging_mixin.py:151} INFO - [2024-10-02T01:45:36.681+0000] {manager.py:499} INFO - Created Permission View: %s
[2024-10-02T01:45:36.702+0000] {logging_mixin.py:151} INFO - [2024-10-02T01:45:36.701+0000] {manager.py:499} INFO - Created Permission View: %s
[2024-10-02T01:45:36.719+0000] {logging_mixin.py:151} INFO - [2024-10-02T01:45:36.719+0000] {manager.py:499} INFO - Created Permission View: %s
[2024-10-02T01:45:36.725+0000] {logging_mixin.py:151} INFO - [2024-10-02T01:45:36.725+0000] {security.py:708} INFO - Not syncing DAG-level permissions for DAG 'DAG:example_short_circuit_operator' as access control is unset.
[2024-10-02T01:45:36.729+0000] {logging_mixin.py:151} INFO - [2024-10-02T01:45:36.728+0000] {dag.py:2915} INFO - Sync 1 DAGs
[2024-10-02T01:45:36.744+0000] {logging_mixin.py:151} INFO - [2024-10-02T01:45:36.744+0000] {dag.py:2937} INFO - Creating ORM DAG for example_short_circuit_operator
[2024-10-02T01:45:36.760+0000] {logging_mixin.py:151} INFO - [2024-10-02T01:45:36.760+0000] {dag.py:3696} INFO - Setting next_dagrun for example_short_circuit_operator to 2024-10-01T01:45:36.759492+00:00, run_after=2024-10-02T01:45:36.759492+00:00
[2024-10-02T01:45:36.787+0000] {processor.py:179} INFO - Processing /home/airflow/.local/lib/python3.8/site-packages/airflow/example_dags/example_short_circuit_operator.py took 0.318 seconds
[2024-10-02T01:46:07.050+0000] {processor.py:157} INFO - Started process (PID=106) to work on /home/airflow/.local/lib/python3.8/site-packages/airflow/example_dags/example_short_circuit_operator.py
[2024-10-02T01:46:07.054+0000] {processor.py:829} INFO - Processing file /home/airflow/.local/lib/python3.8/site-packages/airflow/example_dags/example_short_circuit_operator.py for tasks to queue
[2024-10-02T01:46:07.060+0000] {logging_mixin.py:151} INFO - [2024-10-02T01:46:07.060+0000] {dagbag.py:539} INFO - Filling up the DagBag from /home/airflow/.local/lib/python3.8/site-packages/airflow/example_dags/example_short_circuit_operator.py
[2024-10-02T01:46:07.080+0000] {processor.py:839} INFO - DAG(s) dict_keys(['example_short_circuit_operator']) retrieved from /home/airflow/.local/lib/python3.8/site-packages/airflow/example_dags/example_short_circuit_operator.py
[2024-10-02T01:46:07.124+0000] {logging_mixin.py:151} INFO - [2024-10-02T01:46:07.123+0000] {dag.py:2915} INFO - Sync 1 DAGs
[2024-10-02T01:46:07.167+0000] {logging_mixin.py:151} INFO - [2024-10-02T01:46:07.167+0000] {dag.py:3696} INFO - Setting next_dagrun for example_short_circuit_operator to 2024-10-01T01:46:07.164667+00:00, run_after=2024-10-02T01:46:07.164667+00:00
[2024-10-02T01:46:07.211+0000] {processor.py:179} INFO - Processing /home/airflow/.local/lib/python3.8/site-packages/airflow/example_dags/example_short_circuit_operator.py took 0.166 seconds
[2024-10-02T01:47:03.871+0000] {processor.py:157} INFO - Started process (PID=58) to work on /home/airflow/.local/lib/python3.8/site-packages/airflow/example_dags/example_short_circuit_operator.py
[2024-10-02T01:47:03.877+0000] {processor.py:829} INFO - Processing file /home/airflow/.local/lib/python3.8/site-packages/airflow/example_dags/example_short_circuit_operator.py for tasks to queue
[2024-10-02T01:47:03.882+0000] {logging_mixin.py:151} INFO - [2024-10-02T01:47:03.882+0000] {dagbag.py:539} INFO - Filling up the DagBag from /home/airflow/.local/lib/python3.8/site-packages/airflow/example_dags/example_short_circuit_operator.py
[2024-10-02T01:47:03.900+0000] {processor.py:839} INFO - DAG(s) dict_keys(['example_short_circuit_operator']) retrieved from /home/airflow/.local/lib/python3.8/site-packages/airflow/example_dags/example_short_circuit_operator.py
[2024-10-02T01:47:03.926+0000] {logging_mixin.py:151} INFO - [2024-10-02T01:47:03.926+0000] {dag.py:2915} INFO - Sync 1 DAGs
[2024-10-02T01:47:03.974+0000] {logging_mixin.py:151} INFO - [2024-10-02T01:47:03.974+0000] {dag.py:3696} INFO - Setting next_dagrun for example_short_circuit_operator to 2024-10-01T01:47:03.972711+00:00, run_after=2024-10-02T01:47:03.972711+00:00
[2024-10-02T01:47:04.012+0000] {processor.py:179} INFO - Processing /home/airflow/.local/lib/python3.8/site-packages/airflow/example_dags/example_short_circuit_operator.py took 0.145 seconds
[2024-10-02T01:47:34.264+0000] {processor.py:157} INFO - Started process (PID=106) to work on /home/airflow/.local/lib/python3.8/site-packages/airflow/example_dags/example_short_circuit_operator.py
[2024-10-02T01:47:34.267+0000] {processor.py:829} INFO - Processing file /home/airflow/.local/lib/python3.8/site-packages/airflow/example_dags/example_short_circuit_operator.py for tasks to queue
[2024-10-02T01:47:34.272+0000] {logging_mixin.py:151} INFO - [2024-10-02T01:47:34.271+0000] {dagbag.py:539} INFO - Filling up the DagBag from /home/airflow/.local/lib/python3.8/site-packages/airflow/example_dags/example_short_circuit_operator.py
[2024-10-02T01:47:34.290+0000] {processor.py:839} INFO - DAG(s) dict_keys(['example_short_circuit_operator']) retrieved from /home/airflow/.local/lib/python3.8/site-packages/airflow/example_dags/example_short_circuit_operator.py
[2024-10-02T01:47:34.338+0000] {logging_mixin.py:151} INFO - [2024-10-02T01:47:34.337+0000] {dag.py:2915} INFO - Sync 1 DAGs
[2024-10-02T01:47:34.380+0000] {logging_mixin.py:151} INFO - [2024-10-02T01:47:34.379+0000] {dag.py:3696} INFO - Setting next_dagrun for example_short_circuit_operator to 2024-10-01T01:47:34.378230+00:00, run_after=2024-10-02T01:47:34.378230+00:00
[2024-10-02T01:47:34.430+0000] {processor.py:179} INFO - Processing /home/airflow/.local/lib/python3.8/site-packages/airflow/example_dags/example_short_circuit_operator.py took 0.170 seconds
[2024-10-02T01:48:31.896+0000] {processor.py:157} INFO - Started process (PID=58) to work on /home/airflow/.local/lib/python3.8/site-packages/airflow/example_dags/example_short_circuit_operator.py
[2024-10-02T01:48:31.924+0000] {processor.py:829} INFO - Processing file /home/airflow/.local/lib/python3.8/site-packages/airflow/example_dags/example_short_circuit_operator.py for tasks to queue
[2024-10-02T01:48:31.948+0000] {logging_mixin.py:151} INFO - [2024-10-02T01:48:31.947+0000] {dagbag.py:539} INFO - Filling up the DagBag from /home/airflow/.local/lib/python3.8/site-packages/airflow/example_dags/example_short_circuit_operator.py
[2024-10-02T01:48:32.029+0000] {processor.py:839} INFO - DAG(s) dict_keys(['example_short_circuit_operator']) retrieved from /home/airflow/.local/lib/python3.8/site-packages/airflow/example_dags/example_short_circuit_operator.py
[2024-10-02T01:48:32.080+0000] {logging_mixin.py:151} INFO - [2024-10-02T01:48:32.079+0000] {dag.py:2915} INFO - Sync 1 DAGs
[2024-10-02T01:48:32.134+0000] {logging_mixin.py:151} INFO - [2024-10-02T01:48:32.134+0000] {dag.py:3696} INFO - Setting next_dagrun for example_short_circuit_operator to 2024-10-01T01:48:32.131942+00:00, run_after=2024-10-02T01:48:32.131942+00:00
[2024-10-02T01:48:32.202+0000] {processor.py:179} INFO - Processing /home/airflow/.local/lib/python3.8/site-packages/airflow/example_dags/example_short_circuit_operator.py took 0.311 seconds
[2024-10-02T01:49:02.990+0000] {processor.py:157} INFO - Started process (PID=106) to work on /home/airflow/.local/lib/python3.8/site-packages/airflow/example_dags/example_short_circuit_operator.py
[2024-10-02T01:49:02.993+0000] {processor.py:829} INFO - Processing file /home/airflow/.local/lib/python3.8/site-packages/airflow/example_dags/example_short_circuit_operator.py for tasks to queue
[2024-10-02T01:49:02.996+0000] {logging_mixin.py:151} INFO - [2024-10-02T01:49:02.996+0000] {dagbag.py:539} INFO - Filling up the DagBag from /home/airflow/.local/lib/python3.8/site-packages/airflow/example_dags/example_short_circuit_operator.py
[2024-10-02T01:49:03.014+0000] {processor.py:839} INFO - DAG(s) dict_keys(['example_short_circuit_operator']) retrieved from /home/airflow/.local/lib/python3.8/site-packages/airflow/example_dags/example_short_circuit_operator.py
[2024-10-02T01:49:03.059+0000] {logging_mixin.py:151} INFO - [2024-10-02T01:49:03.059+0000] {dag.py:2915} INFO - Sync 1 DAGs
[2024-10-02T01:49:03.089+0000] {logging_mixin.py:151} INFO - [2024-10-02T01:49:03.088+0000] {dag.py:3696} INFO - Setting next_dagrun for example_short_circuit_operator to 2024-10-01T01:49:03.087646+00:00, run_after=2024-10-02T01:49:03.087646+00:00
[2024-10-02T01:49:03.113+0000] {processor.py:179} INFO - Processing /home/airflow/.local/lib/python3.8/site-packages/airflow/example_dags/example_short_circuit_operator.py took 0.128 seconds
[2024-10-02T01:49:33.644+0000] {processor.py:157} INFO - Started process (PID=154) to work on /home/airflow/.local/lib/python3.8/site-packages/airflow/example_dags/example_short_circuit_operator.py
[2024-10-02T01:49:33.647+0000] {processor.py:829} INFO - Processing file /home/airflow/.local/lib/python3.8/site-packages/airflow/example_dags/example_short_circuit_operator.py for tasks to queue
[2024-10-02T01:49:33.651+0000] {logging_mixin.py:151} INFO - [2024-10-02T01:49:33.650+0000] {dagbag.py:539} INFO - Filling up the DagBag from /home/airflow/.local/lib/python3.8/site-packages/airflow/example_dags/example_short_circuit_operator.py
[2024-10-02T01:49:33.666+0000] {processor.py:839} INFO - DAG(s) dict_keys(['example_short_circuit_operator']) retrieved from /home/airflow/.local/lib/python3.8/site-packages/airflow/example_dags/example_short_circuit_operator.py
[2024-10-02T01:49:33.730+0000] {logging_mixin.py:151} INFO - [2024-10-02T01:49:33.729+0000] {dag.py:2915} INFO - Sync 1 DAGs
[2024-10-02T01:49:33.765+0000] {logging_mixin.py:151} INFO - [2024-10-02T01:49:33.764+0000] {dag.py:3696} INFO - Setting next_dagrun for example_short_circuit_operator to 2024-10-01T01:49:33.763611+00:00, run_after=2024-10-02T01:49:33.763611+00:00
[2024-10-02T01:49:33.791+0000] {processor.py:179} INFO - Processing /home/airflow/.local/lib/python3.8/site-packages/airflow/example_dags/example_short_circuit_operator.py took 0.151 seconds
[2024-10-02T01:50:04.513+0000] {processor.py:157} INFO - Started process (PID=202) to work on /home/airflow/.local/lib/python3.8/site-packages/airflow/example_dags/example_short_circuit_operator.py
[2024-10-02T01:50:04.515+0000] {processor.py:829} INFO - Processing file /home/airflow/.local/lib/python3.8/site-packages/airflow/example_dags/example_short_circuit_operator.py for tasks to queue
[2024-10-02T01:50:04.520+0000] {logging_mixin.py:151} INFO - [2024-10-02T01:50:04.520+0000] {dagbag.py:539} INFO - Filling up the DagBag from /home/airflow/.local/lib/python3.8/site-packages/airflow/example_dags/example_short_circuit_operator.py
[2024-10-02T01:50:04.534+0000] {processor.py:839} INFO - DAG(s) dict_keys(['example_short_circuit_operator']) retrieved from /home/airflow/.local/lib/python3.8/site-packages/airflow/example_dags/example_short_circuit_operator.py
[2024-10-02T01:50:04.570+0000] {logging_mixin.py:151} INFO - [2024-10-02T01:50:04.569+0000] {dag.py:2915} INFO - Sync 1 DAGs
[2024-10-02T01:50:04.599+0000] {logging_mixin.py:151} INFO - [2024-10-02T01:50:04.599+0000] {dag.py:3696} INFO - Setting next_dagrun for example_short_circuit_operator to 2024-10-01T01:50:04.598085+00:00, run_after=2024-10-02T01:50:04.598085+00:00
[2024-10-02T01:50:04.625+0000] {processor.py:179} INFO - Processing /home/airflow/.local/lib/python3.8/site-packages/airflow/example_dags/example_short_circuit_operator.py took 0.118 seconds
[2024-10-02T01:50:35.425+0000] {processor.py:157} INFO - Started process (PID=250) to work on /home/airflow/.local/lib/python3.8/site-packages/airflow/example_dags/example_short_circuit_operator.py
[2024-10-02T01:50:35.427+0000] {processor.py:829} INFO - Processing file /home/airflow/.local/lib/python3.8/site-packages/airflow/example_dags/example_short_circuit_operator.py for tasks to queue
[2024-10-02T01:50:35.431+0000] {logging_mixin.py:151} INFO - [2024-10-02T01:50:35.431+0000] {dagbag.py:539} INFO - Filling up the DagBag from /home/airflow/.local/lib/python3.8/site-packages/airflow/example_dags/example_short_circuit_operator.py
[2024-10-02T01:50:35.444+0000] {processor.py:839} INFO - DAG(s) dict_keys(['example_short_circuit_operator']) retrieved from /home/airflow/.local/lib/python3.8/site-packages/airflow/example_dags/example_short_circuit_operator.py
[2024-10-02T01:50:35.477+0000] {logging_mixin.py:151} INFO - [2024-10-02T01:50:35.477+0000] {dag.py:2915} INFO - Sync 1 DAGs
[2024-10-02T01:50:35.505+0000] {logging_mixin.py:151} INFO - [2024-10-02T01:50:35.505+0000] {dag.py:3696} INFO - Setting next_dagrun for example_short_circuit_operator to 2024-10-01T01:50:35.504080+00:00, run_after=2024-10-02T01:50:35.504080+00:00
[2024-10-02T01:50:35.529+0000] {processor.py:179} INFO - Processing /home/airflow/.local/lib/python3.8/site-packages/airflow/example_dags/example_short_circuit_operator.py took 0.108 seconds
[2024-10-02T01:51:05.906+0000] {processor.py:157} INFO - Started process (PID=298) to work on /home/airflow/.local/lib/python3.8/site-packages/airflow/example_dags/example_short_circuit_operator.py
[2024-10-02T01:51:05.910+0000] {processor.py:829} INFO - Processing file /home/airflow/.local/lib/python3.8/site-packages/airflow/example_dags/example_short_circuit_operator.py for tasks to queue
[2024-10-02T01:51:05.915+0000] {logging_mixin.py:151} INFO - [2024-10-02T01:51:05.914+0000] {dagbag.py:539} INFO - Filling up the DagBag from /home/airflow/.local/lib/python3.8/site-packages/airflow/example_dags/example_short_circuit_operator.py
[2024-10-02T01:51:05.961+0000] {processor.py:839} INFO - DAG(s) dict_keys(['example_short_circuit_operator']) retrieved from /home/airflow/.local/lib/python3.8/site-packages/airflow/example_dags/example_short_circuit_operator.py
[2024-10-02T01:51:06.080+0000] {logging_mixin.py:151} INFO - [2024-10-02T01:51:06.080+0000] {dag.py:2915} INFO - Sync 1 DAGs
[2024-10-02T01:51:06.126+0000] {logging_mixin.py:151} INFO - [2024-10-02T01:51:06.125+0000] {dag.py:3696} INFO - Setting next_dagrun for example_short_circuit_operator to 2024-10-01T01:51:06.123959+00:00, run_after=2024-10-02T01:51:06.123959+00:00
[2024-10-02T01:51:06.184+0000] {processor.py:179} INFO - Processing /home/airflow/.local/lib/python3.8/site-packages/airflow/example_dags/example_short_circuit_operator.py took 0.283 seconds
[2024-10-02T01:51:37.119+0000] {processor.py:157} INFO - Started process (PID=346) to work on /home/airflow/.local/lib/python3.8/site-packages/airflow/example_dags/example_short_circuit_operator.py
[2024-10-02T01:51:37.121+0000] {processor.py:829} INFO - Processing file /home/airflow/.local/lib/python3.8/site-packages/airflow/example_dags/example_short_circuit_operator.py for tasks to queue
[2024-10-02T01:51:37.127+0000] {logging_mixin.py:151} INFO - [2024-10-02T01:51:37.126+0000] {dagbag.py:539} INFO - Filling up the DagBag from /home/airflow/.local/lib/python3.8/site-packages/airflow/example_dags/example_short_circuit_operator.py
[2024-10-02T01:51:37.142+0000] {processor.py:839} INFO - DAG(s) dict_keys(['example_short_circuit_operator']) retrieved from /home/airflow/.local/lib/python3.8/site-packages/airflow/example_dags/example_short_circuit_operator.py
[2024-10-02T01:51:37.195+0000] {logging_mixin.py:151} INFO - [2024-10-02T01:51:37.195+0000] {dag.py:2915} INFO - Sync 1 DAGs
[2024-10-02T01:51:37.221+0000] {logging_mixin.py:151} INFO - [2024-10-02T01:51:37.221+0000] {dag.py:3696} INFO - Setting next_dagrun for example_short_circuit_operator to 2024-10-01T01:51:37.220484+00:00, run_after=2024-10-02T01:51:37.220484+00:00
[2024-10-02T01:51:37.258+0000] {processor.py:179} INFO - Processing /home/airflow/.local/lib/python3.8/site-packages/airflow/example_dags/example_short_circuit_operator.py took 0.144 seconds
[2024-10-02T01:52:07.452+0000] {processor.py:157} INFO - Started process (PID=394) to work on /home/airflow/.local/lib/python3.8/site-packages/airflow/example_dags/example_short_circuit_operator.py
[2024-10-02T01:52:07.455+0000] {processor.py:829} INFO - Processing file /home/airflow/.local/lib/python3.8/site-packages/airflow/example_dags/example_short_circuit_operator.py for tasks to queue
[2024-10-02T01:52:07.459+0000] {logging_mixin.py:151} INFO - [2024-10-02T01:52:07.458+0000] {dagbag.py:539} INFO - Filling up the DagBag from /home/airflow/.local/lib/python3.8/site-packages/airflow/example_dags/example_short_circuit_operator.py
[2024-10-02T01:52:07.473+0000] {processor.py:839} INFO - DAG(s) dict_keys(['example_short_circuit_operator']) retrieved from /home/airflow/.local/lib/python3.8/site-packages/airflow/example_dags/example_short_circuit_operator.py
[2024-10-02T01:52:07.508+0000] {logging_mixin.py:151} INFO - [2024-10-02T01:52:07.508+0000] {dag.py:2915} INFO - Sync 1 DAGs
[2024-10-02T01:52:07.534+0000] {logging_mixin.py:151} INFO - [2024-10-02T01:52:07.534+0000] {dag.py:3696} INFO - Setting next_dagrun for example_short_circuit_operator to 2024-10-01T01:52:07.532968+00:00, run_after=2024-10-02T01:52:07.532968+00:00
[2024-10-02T01:52:07.561+0000] {processor.py:179} INFO - Processing /home/airflow/.local/lib/python3.8/site-packages/airflow/example_dags/example_short_circuit_operator.py took 0.114 seconds
[2024-10-02T01:52:38.497+0000] {processor.py:157} INFO - Started process (PID=442) to work on /home/airflow/.local/lib/python3.8/site-packages/airflow/example_dags/example_short_circuit_operator.py
[2024-10-02T01:52:38.500+0000] {processor.py:829} INFO - Processing file /home/airflow/.local/lib/python3.8/site-packages/airflow/example_dags/example_short_circuit_operator.py for tasks to queue
[2024-10-02T01:52:38.504+0000] {logging_mixin.py:151} INFO - [2024-10-02T01:52:38.504+0000] {dagbag.py:539} INFO - Filling up the DagBag from /home/airflow/.local/lib/python3.8/site-packages/airflow/example_dags/example_short_circuit_operator.py
[2024-10-02T01:52:38.517+0000] {processor.py:839} INFO - DAG(s) dict_keys(['example_short_circuit_operator']) retrieved from /home/airflow/.local/lib/python3.8/site-packages/airflow/example_dags/example_short_circuit_operator.py
[2024-10-02T01:52:38.551+0000] {logging_mixin.py:151} INFO - [2024-10-02T01:52:38.551+0000] {dag.py:2915} INFO - Sync 1 DAGs
[2024-10-02T01:52:38.580+0000] {logging_mixin.py:151} INFO - [2024-10-02T01:52:38.580+0000] {dag.py:3696} INFO - Setting next_dagrun for example_short_circuit_operator to 2024-10-01T01:52:38.579116+00:00, run_after=2024-10-02T01:52:38.579116+00:00
[2024-10-02T01:52:38.609+0000] {processor.py:179} INFO - Processing /home/airflow/.local/lib/python3.8/site-packages/airflow/example_dags/example_short_circuit_operator.py took 0.117 seconds
[2024-10-02T01:53:09.227+0000] {processor.py:157} INFO - Started process (PID=490) to work on /home/airflow/.local/lib/python3.8/site-packages/airflow/example_dags/example_short_circuit_operator.py
[2024-10-02T01:53:09.247+0000] {processor.py:829} INFO - Processing file /home/airflow/.local/lib/python3.8/site-packages/airflow/example_dags/example_short_circuit_operator.py for tasks to queue
[2024-10-02T01:53:09.255+0000] {logging_mixin.py:151} INFO - [2024-10-02T01:53:09.254+0000] {dagbag.py:539} INFO - Filling up the DagBag from /home/airflow/.local/lib/python3.8/site-packages/airflow/example_dags/example_short_circuit_operator.py
[2024-10-02T01:53:09.321+0000] {processor.py:839} INFO - DAG(s) dict_keys(['example_short_circuit_operator']) retrieved from /home/airflow/.local/lib/python3.8/site-packages/airflow/example_dags/example_short_circuit_operator.py
[2024-10-02T01:53:09.399+0000] {logging_mixin.py:151} INFO - [2024-10-02T01:53:09.399+0000] {dag.py:2915} INFO - Sync 1 DAGs
[2024-10-02T01:53:09.444+0000] {logging_mixin.py:151} INFO - [2024-10-02T01:53:09.443+0000] {dag.py:3696} INFO - Setting next_dagrun for example_short_circuit_operator to 2024-10-01T01:53:09.442160+00:00, run_after=2024-10-02T01:53:09.442160+00:00
[2024-10-02T01:53:09.556+0000] {processor.py:179} INFO - Processing /home/airflow/.local/lib/python3.8/site-packages/airflow/example_dags/example_short_circuit_operator.py took 0.337 seconds
[2024-10-02T01:53:40.396+0000] {processor.py:157} INFO - Started process (PID=538) to work on /home/airflow/.local/lib/python3.8/site-packages/airflow/example_dags/example_short_circuit_operator.py
[2024-10-02T01:53:40.399+0000] {processor.py:829} INFO - Processing file /home/airflow/.local/lib/python3.8/site-packages/airflow/example_dags/example_short_circuit_operator.py for tasks to queue
[2024-10-02T01:53:40.404+0000] {logging_mixin.py:151} INFO - [2024-10-02T01:53:40.403+0000] {dagbag.py:539} INFO - Filling up the DagBag from /home/airflow/.local/lib/python3.8/site-packages/airflow/example_dags/example_short_circuit_operator.py
[2024-10-02T01:53:40.418+0000] {processor.py:839} INFO - DAG(s) dict_keys(['example_short_circuit_operator']) retrieved from /home/airflow/.local/lib/python3.8/site-packages/airflow/example_dags/example_short_circuit_operator.py
[2024-10-02T01:53:40.458+0000] {logging_mixin.py:151} INFO - [2024-10-02T01:53:40.457+0000] {dag.py:2915} INFO - Sync 1 DAGs
[2024-10-02T01:53:40.490+0000] {logging_mixin.py:151} INFO - [2024-10-02T01:53:40.489+0000] {dag.py:3696} INFO - Setting next_dagrun for example_short_circuit_operator to 2024-10-01T01:53:40.488479+00:00, run_after=2024-10-02T01:53:40.488479+00:00
[2024-10-02T01:53:40.517+0000] {processor.py:179} INFO - Processing /home/airflow/.local/lib/python3.8/site-packages/airflow/example_dags/example_short_circuit_operator.py took 0.125 seconds
[2024-10-02T01:54:10.571+0000] {processor.py:157} INFO - Started process (PID=585) to work on /home/airflow/.local/lib/python3.8/site-packages/airflow/example_dags/example_short_circuit_operator.py
[2024-10-02T01:54:10.574+0000] {processor.py:829} INFO - Processing file /home/airflow/.local/lib/python3.8/site-packages/airflow/example_dags/example_short_circuit_operator.py for tasks to queue
[2024-10-02T01:54:10.578+0000] {logging_mixin.py:151} INFO - [2024-10-02T01:54:10.577+0000] {dagbag.py:539} INFO - Filling up the DagBag from /home/airflow/.local/lib/python3.8/site-packages/airflow/example_dags/example_short_circuit_operator.py
[2024-10-02T01:54:10.593+0000] {processor.py:839} INFO - DAG(s) dict_keys(['example_short_circuit_operator']) retrieved from /home/airflow/.local/lib/python3.8/site-packages/airflow/example_dags/example_short_circuit_operator.py
[2024-10-02T01:54:10.633+0000] {logging_mixin.py:151} INFO - [2024-10-02T01:54:10.632+0000] {dag.py:2915} INFO - Sync 1 DAGs
[2024-10-02T01:54:10.663+0000] {logging_mixin.py:151} INFO - [2024-10-02T01:54:10.663+0000] {dag.py:3696} INFO - Setting next_dagrun for example_short_circuit_operator to 2024-10-01T01:54:10.662142+00:00, run_after=2024-10-02T01:54:10.662142+00:00
[2024-10-02T01:54:10.686+0000] {processor.py:179} INFO - Processing /home/airflow/.local/lib/python3.8/site-packages/airflow/example_dags/example_short_circuit_operator.py took 0.120 seconds
[2024-10-02T01:57:20.154+0000] {processor.py:157} INFO - Started process (PID=619) to work on /home/airflow/.local/lib/python3.8/site-packages/airflow/example_dags/example_short_circuit_operator.py
[2024-10-02T01:57:20.159+0000] {processor.py:829} INFO - Processing file /home/airflow/.local/lib/python3.8/site-packages/airflow/example_dags/example_short_circuit_operator.py for tasks to queue
[2024-10-02T01:57:20.163+0000] {logging_mixin.py:151} INFO - [2024-10-02T01:57:20.163+0000] {dagbag.py:539} INFO - Filling up the DagBag from /home/airflow/.local/lib/python3.8/site-packages/airflow/example_dags/example_short_circuit_operator.py
[2024-10-02T01:57:20.181+0000] {processor.py:839} INFO - DAG(s) dict_keys(['example_short_circuit_operator']) retrieved from /home/airflow/.local/lib/python3.8/site-packages/airflow/example_dags/example_short_circuit_operator.py
[2024-10-02T01:57:20.220+0000] {logging_mixin.py:151} INFO - [2024-10-02T01:57:20.220+0000] {dag.py:2915} INFO - Sync 1 DAGs
[2024-10-02T01:57:20.252+0000] {logging_mixin.py:151} INFO - [2024-10-02T01:57:20.252+0000] {dag.py:3696} INFO - Setting next_dagrun for example_short_circuit_operator to 2024-10-01T01:57:20.250933+00:00, run_after=2024-10-02T01:57:20.250933+00:00
[2024-10-02T01:57:20.278+0000] {processor.py:179} INFO - Processing /home/airflow/.local/lib/python3.8/site-packages/airflow/example_dags/example_short_circuit_operator.py took 0.128 seconds
[2024-10-02T01:57:50.998+0000] {processor.py:157} INFO - Started process (PID=667) to work on /home/airflow/.local/lib/python3.8/site-packages/airflow/example_dags/example_short_circuit_operator.py
[2024-10-02T01:57:51.001+0000] {processor.py:829} INFO - Processing file /home/airflow/.local/lib/python3.8/site-packages/airflow/example_dags/example_short_circuit_operator.py for tasks to queue
[2024-10-02T01:57:51.006+0000] {logging_mixin.py:151} INFO - [2024-10-02T01:57:51.005+0000] {dagbag.py:539} INFO - Filling up the DagBag from /home/airflow/.local/lib/python3.8/site-packages/airflow/example_dags/example_short_circuit_operator.py
[2024-10-02T01:57:51.026+0000] {processor.py:839} INFO - DAG(s) dict_keys(['example_short_circuit_operator']) retrieved from /home/airflow/.local/lib/python3.8/site-packages/airflow/example_dags/example_short_circuit_operator.py
[2024-10-02T01:57:51.068+0000] {logging_mixin.py:151} INFO - [2024-10-02T01:57:51.066+0000] {dag.py:2915} INFO - Sync 1 DAGs
[2024-10-02T01:57:51.104+0000] {logging_mixin.py:151} INFO - [2024-10-02T01:57:51.103+0000] {dag.py:3696} INFO - Setting next_dagrun for example_short_circuit_operator to 2024-10-01T01:57:51.102701+00:00, run_after=2024-10-02T01:57:51.102701+00:00
[2024-10-02T01:57:51.143+0000] {processor.py:179} INFO - Processing /home/airflow/.local/lib/python3.8/site-packages/airflow/example_dags/example_short_circuit_operator.py took 0.150 seconds
[2024-10-02T01:58:21.462+0000] {processor.py:157} INFO - Started process (PID=715) to work on /home/airflow/.local/lib/python3.8/site-packages/airflow/example_dags/example_short_circuit_operator.py
[2024-10-02T01:58:21.465+0000] {processor.py:829} INFO - Processing file /home/airflow/.local/lib/python3.8/site-packages/airflow/example_dags/example_short_circuit_operator.py for tasks to queue
[2024-10-02T01:58:21.470+0000] {logging_mixin.py:151} INFO - [2024-10-02T01:58:21.469+0000] {dagbag.py:539} INFO - Filling up the DagBag from /home/airflow/.local/lib/python3.8/site-packages/airflow/example_dags/example_short_circuit_operator.py
[2024-10-02T01:58:21.485+0000] {processor.py:839} INFO - DAG(s) dict_keys(['example_short_circuit_operator']) retrieved from /home/airflow/.local/lib/python3.8/site-packages/airflow/example_dags/example_short_circuit_operator.py
[2024-10-02T01:58:21.521+0000] {logging_mixin.py:151} INFO - [2024-10-02T01:58:21.520+0000] {dag.py:2915} INFO - Sync 1 DAGs
[2024-10-02T01:58:21.548+0000] {logging_mixin.py:151} INFO - [2024-10-02T01:58:21.547+0000] {dag.py:3696} INFO - Setting next_dagrun for example_short_circuit_operator to 2024-10-01T01:58:21.546686+00:00, run_after=2024-10-02T01:58:21.546686+00:00
[2024-10-02T01:58:21.573+0000] {processor.py:179} INFO - Processing /home/airflow/.local/lib/python3.8/site-packages/airflow/example_dags/example_short_circuit_operator.py took 0.116 seconds
[2024-10-02T01:58:52.522+0000] {processor.py:157} INFO - Started process (PID=763) to work on /home/airflow/.local/lib/python3.8/site-packages/airflow/example_dags/example_short_circuit_operator.py
[2024-10-02T01:58:52.527+0000] {processor.py:829} INFO - Processing file /home/airflow/.local/lib/python3.8/site-packages/airflow/example_dags/example_short_circuit_operator.py for tasks to queue
[2024-10-02T01:58:52.532+0000] {logging_mixin.py:151} INFO - [2024-10-02T01:58:52.531+0000] {dagbag.py:539} INFO - Filling up the DagBag from /home/airflow/.local/lib/python3.8/site-packages/airflow/example_dags/example_short_circuit_operator.py
[2024-10-02T01:58:52.548+0000] {processor.py:839} INFO - DAG(s) dict_keys(['example_short_circuit_operator']) retrieved from /home/airflow/.local/lib/python3.8/site-packages/airflow/example_dags/example_short_circuit_operator.py
[2024-10-02T01:58:52.587+0000] {logging_mixin.py:151} INFO - [2024-10-02T01:58:52.587+0000] {dag.py:2915} INFO - Sync 1 DAGs
[2024-10-02T01:58:52.617+0000] {logging_mixin.py:151} INFO - [2024-10-02T01:58:52.616+0000] {dag.py:3696} INFO - Setting next_dagrun for example_short_circuit_operator to 2024-10-01T01:58:52.615257+00:00, run_after=2024-10-02T01:58:52.615257+00:00
[2024-10-02T01:58:52.644+0000] {processor.py:179} INFO - Processing /home/airflow/.local/lib/python3.8/site-packages/airflow/example_dags/example_short_circuit_operator.py took 0.127 seconds
[2024-10-02T01:59:24.347+0000] {processor.py:157} INFO - Started process (PID=811) to work on /home/airflow/.local/lib/python3.8/site-packages/airflow/example_dags/example_short_circuit_operator.py
[2024-10-02T01:59:24.354+0000] {processor.py:829} INFO - Processing file /home/airflow/.local/lib/python3.8/site-packages/airflow/example_dags/example_short_circuit_operator.py for tasks to queue
[2024-10-02T01:59:24.360+0000] {logging_mixin.py:151} INFO - [2024-10-02T01:59:24.360+0000] {dagbag.py:539} INFO - Filling up the DagBag from /home/airflow/.local/lib/python3.8/site-packages/airflow/example_dags/example_short_circuit_operator.py
[2024-10-02T01:59:24.380+0000] {processor.py:839} INFO - DAG(s) dict_keys(['example_short_circuit_operator']) retrieved from /home/airflow/.local/lib/python3.8/site-packages/airflow/example_dags/example_short_circuit_operator.py
[2024-10-02T01:59:24.482+0000] {logging_mixin.py:151} INFO - [2024-10-02T01:59:24.482+0000] {dag.py:2915} INFO - Sync 1 DAGs
[2024-10-02T01:59:24.519+0000] {logging_mixin.py:151} INFO - [2024-10-02T01:59:24.519+0000] {dag.py:3696} INFO - Setting next_dagrun for example_short_circuit_operator to 2024-10-01T01:59:24.518508+00:00, run_after=2024-10-02T01:59:24.518508+00:00
[2024-10-02T01:59:24.565+0000] {processor.py:179} INFO - Processing /home/airflow/.local/lib/python3.8/site-packages/airflow/example_dags/example_short_circuit_operator.py took 0.223 seconds
[2024-10-02T01:59:54.895+0000] {processor.py:157} INFO - Started process (PID=859) to work on /home/airflow/.local/lib/python3.8/site-packages/airflow/example_dags/example_short_circuit_operator.py
[2024-10-02T01:59:54.901+0000] {processor.py:829} INFO - Processing file /home/airflow/.local/lib/python3.8/site-packages/airflow/example_dags/example_short_circuit_operator.py for tasks to queue
[2024-10-02T01:59:54.906+0000] {logging_mixin.py:151} INFO - [2024-10-02T01:59:54.905+0000] {dagbag.py:539} INFO - Filling up the DagBag from /home/airflow/.local/lib/python3.8/site-packages/airflow/example_dags/example_short_circuit_operator.py
[2024-10-02T01:59:54.927+0000] {processor.py:839} INFO - DAG(s) dict_keys(['example_short_circuit_operator']) retrieved from /home/airflow/.local/lib/python3.8/site-packages/airflow/example_dags/example_short_circuit_operator.py
[2024-10-02T01:59:54.964+0000] {logging_mixin.py:151} INFO - [2024-10-02T01:59:54.964+0000] {dag.py:2915} INFO - Sync 1 DAGs
[2024-10-02T01:59:54.994+0000] {logging_mixin.py:151} INFO - [2024-10-02T01:59:54.994+0000] {dag.py:3696} INFO - Setting next_dagrun for example_short_circuit_operator to 2024-10-01T01:59:54.993111+00:00, run_after=2024-10-02T01:59:54.993111+00:00
[2024-10-02T01:59:55.026+0000] {processor.py:179} INFO - Processing /home/airflow/.local/lib/python3.8/site-packages/airflow/example_dags/example_short_circuit_operator.py took 0.136 seconds
[2024-10-02T02:00:26.114+0000] {processor.py:157} INFO - Started process (PID=907) to work on /home/airflow/.local/lib/python3.8/site-packages/airflow/example_dags/example_short_circuit_operator.py
[2024-10-02T02:00:26.116+0000] {processor.py:829} INFO - Processing file /home/airflow/.local/lib/python3.8/site-packages/airflow/example_dags/example_short_circuit_operator.py for tasks to queue
[2024-10-02T02:00:26.120+0000] {logging_mixin.py:151} INFO - [2024-10-02T02:00:26.120+0000] {dagbag.py:539} INFO - Filling up the DagBag from /home/airflow/.local/lib/python3.8/site-packages/airflow/example_dags/example_short_circuit_operator.py
[2024-10-02T02:00:26.138+0000] {processor.py:839} INFO - DAG(s) dict_keys(['example_short_circuit_operator']) retrieved from /home/airflow/.local/lib/python3.8/site-packages/airflow/example_dags/example_short_circuit_operator.py
[2024-10-02T02:00:26.181+0000] {logging_mixin.py:151} INFO - [2024-10-02T02:00:26.180+0000] {dag.py:2915} INFO - Sync 1 DAGs
[2024-10-02T02:00:26.212+0000] {logging_mixin.py:151} INFO - [2024-10-02T02:00:26.211+0000] {dag.py:3696} INFO - Setting next_dagrun for example_short_circuit_operator to 2024-10-01T02:00:26.210828+00:00, run_after=2024-10-02T02:00:26.210828+00:00
[2024-10-02T02:00:26.239+0000] {processor.py:179} INFO - Processing /home/airflow/.local/lib/python3.8/site-packages/airflow/example_dags/example_short_circuit_operator.py took 0.129 seconds
[2024-10-02T02:00:56.576+0000] {processor.py:157} INFO - Started process (PID=955) to work on /home/airflow/.local/lib/python3.8/site-packages/airflow/example_dags/example_short_circuit_operator.py
[2024-10-02T02:00:56.580+0000] {processor.py:829} INFO - Processing file /home/airflow/.local/lib/python3.8/site-packages/airflow/example_dags/example_short_circuit_operator.py for tasks to queue
[2024-10-02T02:00:56.585+0000] {logging_mixin.py:151} INFO - [2024-10-02T02:00:56.584+0000] {dagbag.py:539} INFO - Filling up the DagBag from /home/airflow/.local/lib/python3.8/site-packages/airflow/example_dags/example_short_circuit_operator.py
[2024-10-02T02:00:56.599+0000] {processor.py:839} INFO - DAG(s) dict_keys(['example_short_circuit_operator']) retrieved from /home/airflow/.local/lib/python3.8/site-packages/airflow/example_dags/example_short_circuit_operator.py
[2024-10-02T02:00:56.640+0000] {logging_mixin.py:151} INFO - [2024-10-02T02:00:56.640+0000] {dag.py:2915} INFO - Sync 1 DAGs
[2024-10-02T02:00:56.669+0000] {logging_mixin.py:151} INFO - [2024-10-02T02:00:56.668+0000] {dag.py:3696} INFO - Setting next_dagrun for example_short_circuit_operator to 2024-10-01T02:00:56.667324+00:00, run_after=2024-10-02T02:00:56.667324+00:00
[2024-10-02T02:00:56.700+0000] {processor.py:179} INFO - Processing /home/airflow/.local/lib/python3.8/site-packages/airflow/example_dags/example_short_circuit_operator.py took 0.130 seconds
[2024-10-02T02:03:24.779+0000] {processor.py:157} INFO - Started process (PID=58) to work on /home/airflow/.local/lib/python3.8/site-packages/airflow/example_dags/example_short_circuit_operator.py
[2024-10-02T02:03:24.788+0000] {processor.py:829} INFO - Processing file /home/airflow/.local/lib/python3.8/site-packages/airflow/example_dags/example_short_circuit_operator.py for tasks to queue
[2024-10-02T02:03:24.802+0000] {logging_mixin.py:151} INFO - [2024-10-02T02:03:24.801+0000] {dagbag.py:539} INFO - Filling up the DagBag from /home/airflow/.local/lib/python3.8/site-packages/airflow/example_dags/example_short_circuit_operator.py
[2024-10-02T02:03:24.830+0000] {processor.py:839} INFO - DAG(s) dict_keys(['example_short_circuit_operator']) retrieved from /home/airflow/.local/lib/python3.8/site-packages/airflow/example_dags/example_short_circuit_operator.py
[2024-10-02T02:03:25.018+0000] {logging_mixin.py:151} INFO - [2024-10-02T02:03:25.018+0000] {manager.py:499} INFO - Created Permission View: %s
[2024-10-02T02:03:25.041+0000] {logging_mixin.py:151} INFO - [2024-10-02T02:03:25.041+0000] {manager.py:499} INFO - Created Permission View: %s
[2024-10-02T02:03:25.062+0000] {logging_mixin.py:151} INFO - [2024-10-02T02:03:25.062+0000] {manager.py:499} INFO - Created Permission View: %s
[2024-10-02T02:03:25.071+0000] {logging_mixin.py:151} INFO - [2024-10-02T02:03:25.070+0000] {security.py:708} INFO - Not syncing DAG-level permissions for DAG 'DAG:example_short_circuit_operator' as access control is unset.
[2024-10-02T02:03:25.077+0000] {logging_mixin.py:151} INFO - [2024-10-02T02:03:25.076+0000] {dag.py:2915} INFO - Sync 1 DAGs
[2024-10-02T02:03:25.106+0000] {logging_mixin.py:151} INFO - [2024-10-02T02:03:25.105+0000] {dag.py:2937} INFO - Creating ORM DAG for example_short_circuit_operator
[2024-10-02T02:03:25.142+0000] {logging_mixin.py:151} INFO - [2024-10-02T02:03:25.142+0000] {dag.py:3696} INFO - Setting next_dagrun for example_short_circuit_operator to 2024-10-01T02:03:25.137976+00:00, run_after=2024-10-02T02:03:25.137976+00:00
[2024-10-02T02:03:25.181+0000] {processor.py:179} INFO - Processing /home/airflow/.local/lib/python3.8/site-packages/airflow/example_dags/example_short_circuit_operator.py took 0.406 seconds
[2024-10-02T02:06:22.338+0000] {processor.py:157} INFO - Started process (PID=58) to work on /home/airflow/.local/lib/python3.8/site-packages/airflow/example_dags/example_short_circuit_operator.py
[2024-10-02T02:06:22.341+0000] {processor.py:829} INFO - Processing file /home/airflow/.local/lib/python3.8/site-packages/airflow/example_dags/example_short_circuit_operator.py for tasks to queue
[2024-10-02T02:06:22.346+0000] {logging_mixin.py:151} INFO - [2024-10-02T02:06:22.345+0000] {dagbag.py:539} INFO - Filling up the DagBag from /home/airflow/.local/lib/python3.8/site-packages/airflow/example_dags/example_short_circuit_operator.py
[2024-10-02T02:06:22.364+0000] {processor.py:839} INFO - DAG(s) dict_keys(['example_short_circuit_operator']) retrieved from /home/airflow/.local/lib/python3.8/site-packages/airflow/example_dags/example_short_circuit_operator.py
[2024-10-02T02:06:22.527+0000] {logging_mixin.py:151} INFO - [2024-10-02T02:06:22.527+0000] {manager.py:499} INFO - Created Permission View: %s
[2024-10-02T02:06:22.548+0000] {logging_mixin.py:151} INFO - [2024-10-02T02:06:22.548+0000] {manager.py:499} INFO - Created Permission View: %s
[2024-10-02T02:06:22.560+0000] {logging_mixin.py:151} INFO - [2024-10-02T02:06:22.560+0000] {manager.py:499} INFO - Created Permission View: %s
[2024-10-02T02:06:22.562+0000] {logging_mixin.py:151} INFO - [2024-10-02T02:06:22.562+0000] {security.py:708} INFO - Not syncing DAG-level permissions for DAG 'DAG:example_short_circuit_operator' as access control is unset.
[2024-10-02T02:06:22.564+0000] {logging_mixin.py:151} INFO - [2024-10-02T02:06:22.564+0000] {dag.py:2915} INFO - Sync 1 DAGs
[2024-10-02T02:06:22.579+0000] {logging_mixin.py:151} INFO - [2024-10-02T02:06:22.578+0000] {dag.py:2937} INFO - Creating ORM DAG for example_short_circuit_operator
[2024-10-02T02:06:22.604+0000] {logging_mixin.py:151} INFO - [2024-10-02T02:06:22.604+0000] {dag.py:3696} INFO - Setting next_dagrun for example_short_circuit_operator to 2024-10-01T02:06:22.602159+00:00, run_after=2024-10-02T02:06:22.602159+00:00
[2024-10-02T02:06:22.635+0000] {processor.py:179} INFO - Processing /home/airflow/.local/lib/python3.8/site-packages/airflow/example_dags/example_short_circuit_operator.py took 0.301 seconds
[2024-10-02T02:06:53.431+0000] {processor.py:157} INFO - Started process (PID=106) to work on /home/airflow/.local/lib/python3.8/site-packages/airflow/example_dags/example_short_circuit_operator.py
[2024-10-02T02:06:53.433+0000] {processor.py:829} INFO - Processing file /home/airflow/.local/lib/python3.8/site-packages/airflow/example_dags/example_short_circuit_operator.py for tasks to queue
[2024-10-02T02:06:53.438+0000] {logging_mixin.py:151} INFO - [2024-10-02T02:06:53.437+0000] {dagbag.py:539} INFO - Filling up the DagBag from /home/airflow/.local/lib/python3.8/site-packages/airflow/example_dags/example_short_circuit_operator.py
[2024-10-02T02:06:53.456+0000] {processor.py:839} INFO - DAG(s) dict_keys(['example_short_circuit_operator']) retrieved from /home/airflow/.local/lib/python3.8/site-packages/airflow/example_dags/example_short_circuit_operator.py
[2024-10-02T02:06:53.515+0000] {logging_mixin.py:151} INFO - [2024-10-02T02:06:53.515+0000] {dag.py:2915} INFO - Sync 1 DAGs
[2024-10-02T02:06:53.563+0000] {logging_mixin.py:151} INFO - [2024-10-02T02:06:53.562+0000] {dag.py:3696} INFO - Setting next_dagrun for example_short_circuit_operator to 2024-10-01T02:06:53.560973+00:00, run_after=2024-10-02T02:06:53.560973+00:00
[2024-10-02T02:06:53.612+0000] {processor.py:179} INFO - Processing /home/airflow/.local/lib/python3.8/site-packages/airflow/example_dags/example_short_circuit_operator.py took 0.188 seconds
[2024-10-02T02:07:24.246+0000] {processor.py:157} INFO - Started process (PID=154) to work on /home/airflow/.local/lib/python3.8/site-packages/airflow/example_dags/example_short_circuit_operator.py
[2024-10-02T02:07:24.250+0000] {processor.py:829} INFO - Processing file /home/airflow/.local/lib/python3.8/site-packages/airflow/example_dags/example_short_circuit_operator.py for tasks to queue
[2024-10-02T02:07:24.257+0000] {logging_mixin.py:151} INFO - [2024-10-02T02:07:24.256+0000] {dagbag.py:539} INFO - Filling up the DagBag from /home/airflow/.local/lib/python3.8/site-packages/airflow/example_dags/example_short_circuit_operator.py
[2024-10-02T02:07:24.276+0000] {processor.py:839} INFO - DAG(s) dict_keys(['example_short_circuit_operator']) retrieved from /home/airflow/.local/lib/python3.8/site-packages/airflow/example_dags/example_short_circuit_operator.py
[2024-10-02T02:07:24.330+0000] {logging_mixin.py:151} INFO - [2024-10-02T02:07:24.330+0000] {dag.py:2915} INFO - Sync 1 DAGs
[2024-10-02T02:07:24.361+0000] {logging_mixin.py:151} INFO - [2024-10-02T02:07:24.361+0000] {dag.py:3696} INFO - Setting next_dagrun for example_short_circuit_operator to 2024-10-01T02:07:24.359488+00:00, run_after=2024-10-02T02:07:24.359488+00:00
[2024-10-02T02:07:24.387+0000] {processor.py:179} INFO - Processing /home/airflow/.local/lib/python3.8/site-packages/airflow/example_dags/example_short_circuit_operator.py took 0.147 seconds
[2024-10-02T02:07:54.918+0000] {processor.py:157} INFO - Started process (PID=202) to work on /home/airflow/.local/lib/python3.8/site-packages/airflow/example_dags/example_short_circuit_operator.py
[2024-10-02T02:07:54.921+0000] {processor.py:829} INFO - Processing file /home/airflow/.local/lib/python3.8/site-packages/airflow/example_dags/example_short_circuit_operator.py for tasks to queue
[2024-10-02T02:07:54.925+0000] {logging_mixin.py:151} INFO - [2024-10-02T02:07:54.924+0000] {dagbag.py:539} INFO - Filling up the DagBag from /home/airflow/.local/lib/python3.8/site-packages/airflow/example_dags/example_short_circuit_operator.py
[2024-10-02T02:07:54.940+0000] {processor.py:839} INFO - DAG(s) dict_keys(['example_short_circuit_operator']) retrieved from /home/airflow/.local/lib/python3.8/site-packages/airflow/example_dags/example_short_circuit_operator.py
[2024-10-02T02:07:54.970+0000] {logging_mixin.py:151} INFO - [2024-10-02T02:07:54.969+0000] {dag.py:2915} INFO - Sync 1 DAGs
[2024-10-02T02:07:55.004+0000] {logging_mixin.py:151} INFO - [2024-10-02T02:07:55.004+0000] {dag.py:3696} INFO - Setting next_dagrun for example_short_circuit_operator to 2024-10-01T02:07:55.003296+00:00, run_after=2024-10-02T02:07:55.003296+00:00
[2024-10-02T02:07:55.034+0000] {processor.py:179} INFO - Processing /home/airflow/.local/lib/python3.8/site-packages/airflow/example_dags/example_short_circuit_operator.py took 0.122 seconds
[2024-10-02T02:08:25.783+0000] {processor.py:157} INFO - Started process (PID=250) to work on /home/airflow/.local/lib/python3.8/site-packages/airflow/example_dags/example_short_circuit_operator.py
[2024-10-02T02:08:25.786+0000] {processor.py:829} INFO - Processing file /home/airflow/.local/lib/python3.8/site-packages/airflow/example_dags/example_short_circuit_operator.py for tasks to queue
[2024-10-02T02:08:25.797+0000] {logging_mixin.py:151} INFO - [2024-10-02T02:08:25.794+0000] {dagbag.py:539} INFO - Filling up the DagBag from /home/airflow/.local/lib/python3.8/site-packages/airflow/example_dags/example_short_circuit_operator.py
[2024-10-02T02:08:25.818+0000] {processor.py:839} INFO - DAG(s) dict_keys(['example_short_circuit_operator']) retrieved from /home/airflow/.local/lib/python3.8/site-packages/airflow/example_dags/example_short_circuit_operator.py
[2024-10-02T02:08:25.867+0000] {logging_mixin.py:151} INFO - [2024-10-02T02:08:25.866+0000] {dag.py:2915} INFO - Sync 1 DAGs
[2024-10-02T02:08:25.927+0000] {logging_mixin.py:151} INFO - [2024-10-02T02:08:25.926+0000] {dag.py:3696} INFO - Setting next_dagrun for example_short_circuit_operator to 2024-10-01T02:08:25.925380+00:00, run_after=2024-10-02T02:08:25.925380+00:00
[2024-10-02T02:08:25.960+0000] {processor.py:179} INFO - Processing /home/airflow/.local/lib/python3.8/site-packages/airflow/example_dags/example_short_circuit_operator.py took 0.182 seconds
[2024-10-02T02:08:56.199+0000] {processor.py:157} INFO - Started process (PID=298) to work on /home/airflow/.local/lib/python3.8/site-packages/airflow/example_dags/example_short_circuit_operator.py
[2024-10-02T02:08:56.204+0000] {processor.py:829} INFO - Processing file /home/airflow/.local/lib/python3.8/site-packages/airflow/example_dags/example_short_circuit_operator.py for tasks to queue
[2024-10-02T02:08:56.211+0000] {logging_mixin.py:151} INFO - [2024-10-02T02:08:56.210+0000] {dagbag.py:539} INFO - Filling up the DagBag from /home/airflow/.local/lib/python3.8/site-packages/airflow/example_dags/example_short_circuit_operator.py
[2024-10-02T02:08:56.229+0000] {processor.py:839} INFO - DAG(s) dict_keys(['example_short_circuit_operator']) retrieved from /home/airflow/.local/lib/python3.8/site-packages/airflow/example_dags/example_short_circuit_operator.py
[2024-10-02T02:08:56.320+0000] {logging_mixin.py:151} INFO - [2024-10-02T02:08:56.319+0000] {dag.py:2915} INFO - Sync 1 DAGs
[2024-10-02T02:08:56.350+0000] {logging_mixin.py:151} INFO - [2024-10-02T02:08:56.350+0000] {dag.py:3696} INFO - Setting next_dagrun for example_short_circuit_operator to 2024-10-01T02:08:56.349023+00:00, run_after=2024-10-02T02:08:56.349023+00:00
[2024-10-02T02:08:56.375+0000] {processor.py:179} INFO - Processing /home/airflow/.local/lib/python3.8/site-packages/airflow/example_dags/example_short_circuit_operator.py took 0.182 seconds
[2024-10-02T02:09:27.124+0000] {processor.py:157} INFO - Started process (PID=346) to work on /home/airflow/.local/lib/python3.8/site-packages/airflow/example_dags/example_short_circuit_operator.py
[2024-10-02T02:09:27.131+0000] {processor.py:829} INFO - Processing file /home/airflow/.local/lib/python3.8/site-packages/airflow/example_dags/example_short_circuit_operator.py for tasks to queue
[2024-10-02T02:09:27.147+0000] {logging_mixin.py:151} INFO - [2024-10-02T02:09:27.144+0000] {dagbag.py:539} INFO - Filling up the DagBag from /home/airflow/.local/lib/python3.8/site-packages/airflow/example_dags/example_short_circuit_operator.py
[2024-10-02T02:09:27.181+0000] {processor.py:839} INFO - DAG(s) dict_keys(['example_short_circuit_operator']) retrieved from /home/airflow/.local/lib/python3.8/site-packages/airflow/example_dags/example_short_circuit_operator.py
[2024-10-02T02:09:27.229+0000] {logging_mixin.py:151} INFO - [2024-10-02T02:09:27.229+0000] {dag.py:2915} INFO - Sync 1 DAGs
[2024-10-02T02:09:27.281+0000] {logging_mixin.py:151} INFO - [2024-10-02T02:09:27.281+0000] {dag.py:3696} INFO - Setting next_dagrun for example_short_circuit_operator to 2024-10-01T02:09:27.280328+00:00, run_after=2024-10-02T02:09:27.280328+00:00
[2024-10-02T02:09:27.321+0000] {processor.py:179} INFO - Processing /home/airflow/.local/lib/python3.8/site-packages/airflow/example_dags/example_short_circuit_operator.py took 0.204 seconds
[2024-10-02T02:09:58.050+0000] {processor.py:157} INFO - Started process (PID=394) to work on /home/airflow/.local/lib/python3.8/site-packages/airflow/example_dags/example_short_circuit_operator.py
[2024-10-02T02:09:58.054+0000] {processor.py:829} INFO - Processing file /home/airflow/.local/lib/python3.8/site-packages/airflow/example_dags/example_short_circuit_operator.py for tasks to queue
[2024-10-02T02:09:58.061+0000] {logging_mixin.py:151} INFO - [2024-10-02T02:09:58.060+0000] {dagbag.py:539} INFO - Filling up the DagBag from /home/airflow/.local/lib/python3.8/site-packages/airflow/example_dags/example_short_circuit_operator.py
[2024-10-02T02:09:58.129+0000] {processor.py:839} INFO - DAG(s) dict_keys(['example_short_circuit_operator']) retrieved from /home/airflow/.local/lib/python3.8/site-packages/airflow/example_dags/example_short_circuit_operator.py
[2024-10-02T02:09:58.354+0000] {logging_mixin.py:151} INFO - [2024-10-02T02:09:58.351+0000] {dag.py:2915} INFO - Sync 1 DAGs
[2024-10-02T02:09:58.474+0000] {logging_mixin.py:151} INFO - [2024-10-02T02:09:58.474+0000] {dag.py:3696} INFO - Setting next_dagrun for example_short_circuit_operator to 2024-10-01T02:09:58.468564+00:00, run_after=2024-10-02T02:09:58.468564+00:00
[2024-10-02T02:09:58.541+0000] {processor.py:179} INFO - Processing /home/airflow/.local/lib/python3.8/site-packages/airflow/example_dags/example_short_circuit_operator.py took 0.498 seconds
[2024-10-02T02:10:28.797+0000] {processor.py:157} INFO - Started process (PID=442) to work on /home/airflow/.local/lib/python3.8/site-packages/airflow/example_dags/example_short_circuit_operator.py
[2024-10-02T02:10:28.805+0000] {processor.py:829} INFO - Processing file /home/airflow/.local/lib/python3.8/site-packages/airflow/example_dags/example_short_circuit_operator.py for tasks to queue
[2024-10-02T02:10:28.818+0000] {logging_mixin.py:151} INFO - [2024-10-02T02:10:28.817+0000] {dagbag.py:539} INFO - Filling up the DagBag from /home/airflow/.local/lib/python3.8/site-packages/airflow/example_dags/example_short_circuit_operator.py
[2024-10-02T02:10:28.839+0000] {processor.py:839} INFO - DAG(s) dict_keys(['example_short_circuit_operator']) retrieved from /home/airflow/.local/lib/python3.8/site-packages/airflow/example_dags/example_short_circuit_operator.py
[2024-10-02T02:10:28.918+0000] {logging_mixin.py:151} INFO - [2024-10-02T02:10:28.917+0000] {dag.py:2915} INFO - Sync 1 DAGs
[2024-10-02T02:10:28.968+0000] {logging_mixin.py:151} INFO - [2024-10-02T02:10:28.967+0000] {dag.py:3696} INFO - Setting next_dagrun for example_short_circuit_operator to 2024-10-01T02:10:28.966481+00:00, run_after=2024-10-02T02:10:28.966481+00:00
[2024-10-02T02:10:28.999+0000] {processor.py:179} INFO - Processing /home/airflow/.local/lib/python3.8/site-packages/airflow/example_dags/example_short_circuit_operator.py took 0.207 seconds
