[2024-10-02T01:32:08.074+0000] {processor.py:157} INFO - Started process (PID=37) to work on /home/airflow/.local/lib/python3.8/site-packages/airflow/example_dags/example_setup_teardown.py
[2024-10-02T01:32:08.084+0000] {processor.py:829} INFO - Processing file /home/airflow/.local/lib/python3.8/site-packages/airflow/example_dags/example_setup_teardown.py for tasks to queue
[2024-10-02T01:32:08.116+0000] {logging_mixin.py:151} INFO - [2024-10-02T01:32:08.108+0000] {dagbag.py:539} INFO - Filling up the DagBag from /home/airflow/.local/lib/python3.8/site-packages/airflow/example_dags/example_setup_teardown.py
[2024-10-02T01:32:08.187+0000] {processor.py:839} INFO - DAG(s) dict_keys(['example_setup_teardown']) retrieved from /home/airflow/.local/lib/python3.8/site-packages/airflow/example_dags/example_setup_teardown.py
[2024-10-02T01:32:08.515+0000] {logging_mixin.py:151} INFO - [2024-10-02T01:32:08.515+0000] {manager.py:499} INFO - Created Permission View: %s
[2024-10-02T01:32:08.569+0000] {logging_mixin.py:151} INFO - [2024-10-02T01:32:08.568+0000] {manager.py:499} INFO - Created Permission View: %s
[2024-10-02T01:32:08.601+0000] {logging_mixin.py:151} INFO - [2024-10-02T01:32:08.600+0000] {manager.py:499} INFO - Created Permission View: %s
[2024-10-02T01:32:08.602+0000] {logging_mixin.py:151} INFO - [2024-10-02T01:32:08.602+0000] {security.py:708} INFO - Not syncing DAG-level permissions for DAG 'DAG:example_setup_teardown' as access control is unset.
[2024-10-02T01:32:08.604+0000] {logging_mixin.py:151} INFO - [2024-10-02T01:32:08.603+0000] {dag.py:2915} INFO - Sync 1 DAGs
[2024-10-02T01:32:08.618+0000] {logging_mixin.py:151} INFO - [2024-10-02T01:32:08.618+0000] {dag.py:2937} INFO - Creating ORM DAG for example_setup_teardown
[2024-10-02T01:32:08.659+0000] {logging_mixin.py:151} INFO - [2024-10-02T01:32:08.659+0000] {dag.py:3696} INFO - Setting next_dagrun for example_setup_teardown to 2024-10-01T01:32:08.657542+00:00, run_after=2024-10-02T01:32:08.657542+00:00
[2024-10-02T01:32:08.765+0000] {processor.py:179} INFO - Processing /home/airflow/.local/lib/python3.8/site-packages/airflow/example_dags/example_setup_teardown.py took 0.709 seconds
[2024-10-02T01:32:39.117+0000] {processor.py:157} INFO - Started process (PID=85) to work on /home/airflow/.local/lib/python3.8/site-packages/airflow/example_dags/example_setup_teardown.py
[2024-10-02T01:32:39.120+0000] {processor.py:829} INFO - Processing file /home/airflow/.local/lib/python3.8/site-packages/airflow/example_dags/example_setup_teardown.py for tasks to queue
[2024-10-02T01:32:39.123+0000] {logging_mixin.py:151} INFO - [2024-10-02T01:32:39.123+0000] {dagbag.py:539} INFO - Filling up the DagBag from /home/airflow/.local/lib/python3.8/site-packages/airflow/example_dags/example_setup_teardown.py
[2024-10-02T01:32:39.135+0000] {processor.py:839} INFO - DAG(s) dict_keys(['example_setup_teardown']) retrieved from /home/airflow/.local/lib/python3.8/site-packages/airflow/example_dags/example_setup_teardown.py
[2024-10-02T01:32:39.165+0000] {logging_mixin.py:151} INFO - [2024-10-02T01:32:39.165+0000] {dag.py:2915} INFO - Sync 1 DAGs
[2024-10-02T01:32:39.193+0000] {logging_mixin.py:151} INFO - [2024-10-02T01:32:39.193+0000] {dag.py:3696} INFO - Setting next_dagrun for example_setup_teardown to 2024-10-01T01:32:39.192043+00:00, run_after=2024-10-02T01:32:39.192043+00:00
[2024-10-02T01:32:39.214+0000] {processor.py:179} INFO - Processing /home/airflow/.local/lib/python3.8/site-packages/airflow/example_dags/example_setup_teardown.py took 0.103 seconds
[2024-10-02T01:33:09.693+0000] {processor.py:157} INFO - Started process (PID=133) to work on /home/airflow/.local/lib/python3.8/site-packages/airflow/example_dags/example_setup_teardown.py
[2024-10-02T01:33:09.696+0000] {processor.py:829} INFO - Processing file /home/airflow/.local/lib/python3.8/site-packages/airflow/example_dags/example_setup_teardown.py for tasks to queue
[2024-10-02T01:33:09.702+0000] {logging_mixin.py:151} INFO - [2024-10-02T01:33:09.701+0000] {dagbag.py:539} INFO - Filling up the DagBag from /home/airflow/.local/lib/python3.8/site-packages/airflow/example_dags/example_setup_teardown.py
[2024-10-02T01:33:09.720+0000] {processor.py:839} INFO - DAG(s) dict_keys(['example_setup_teardown']) retrieved from /home/airflow/.local/lib/python3.8/site-packages/airflow/example_dags/example_setup_teardown.py
[2024-10-02T01:33:09.759+0000] {logging_mixin.py:151} INFO - [2024-10-02T01:33:09.759+0000] {dag.py:2915} INFO - Sync 1 DAGs
[2024-10-02T01:33:09.789+0000] {logging_mixin.py:151} INFO - [2024-10-02T01:33:09.789+0000] {dag.py:3696} INFO - Setting next_dagrun for example_setup_teardown to 2024-10-01T01:33:09.788057+00:00, run_after=2024-10-02T01:33:09.788057+00:00
[2024-10-02T01:33:09.813+0000] {processor.py:179} INFO - Processing /home/airflow/.local/lib/python3.8/site-packages/airflow/example_dags/example_setup_teardown.py took 0.127 seconds
[2024-10-02T01:33:40.541+0000] {processor.py:157} INFO - Started process (PID=181) to work on /home/airflow/.local/lib/python3.8/site-packages/airflow/example_dags/example_setup_teardown.py
[2024-10-02T01:33:40.544+0000] {processor.py:829} INFO - Processing file /home/airflow/.local/lib/python3.8/site-packages/airflow/example_dags/example_setup_teardown.py for tasks to queue
[2024-10-02T01:33:40.550+0000] {logging_mixin.py:151} INFO - [2024-10-02T01:33:40.548+0000] {dagbag.py:539} INFO - Filling up the DagBag from /home/airflow/.local/lib/python3.8/site-packages/airflow/example_dags/example_setup_teardown.py
[2024-10-02T01:33:40.579+0000] {processor.py:839} INFO - DAG(s) dict_keys(['example_setup_teardown']) retrieved from /home/airflow/.local/lib/python3.8/site-packages/airflow/example_dags/example_setup_teardown.py
[2024-10-02T01:33:40.627+0000] {logging_mixin.py:151} INFO - [2024-10-02T01:33:40.626+0000] {dag.py:2915} INFO - Sync 1 DAGs
[2024-10-02T01:33:40.668+0000] {logging_mixin.py:151} INFO - [2024-10-02T01:33:40.667+0000] {dag.py:3696} INFO - Setting next_dagrun for example_setup_teardown to 2024-10-01T01:33:40.666257+00:00, run_after=2024-10-02T01:33:40.666257+00:00
[2024-10-02T01:33:40.726+0000] {processor.py:179} INFO - Processing /home/airflow/.local/lib/python3.8/site-packages/airflow/example_dags/example_setup_teardown.py took 0.189 seconds
[2024-10-02T01:34:11.220+0000] {processor.py:157} INFO - Started process (PID=229) to work on /home/airflow/.local/lib/python3.8/site-packages/airflow/example_dags/example_setup_teardown.py
[2024-10-02T01:34:11.223+0000] {processor.py:829} INFO - Processing file /home/airflow/.local/lib/python3.8/site-packages/airflow/example_dags/example_setup_teardown.py for tasks to queue
[2024-10-02T01:34:11.228+0000] {logging_mixin.py:151} INFO - [2024-10-02T01:34:11.227+0000] {dagbag.py:539} INFO - Filling up the DagBag from /home/airflow/.local/lib/python3.8/site-packages/airflow/example_dags/example_setup_teardown.py
[2024-10-02T01:34:11.244+0000] {processor.py:839} INFO - DAG(s) dict_keys(['example_setup_teardown']) retrieved from /home/airflow/.local/lib/python3.8/site-packages/airflow/example_dags/example_setup_teardown.py
[2024-10-02T01:34:11.285+0000] {logging_mixin.py:151} INFO - [2024-10-02T01:34:11.285+0000] {dag.py:2915} INFO - Sync 1 DAGs
[2024-10-02T01:34:11.317+0000] {logging_mixin.py:151} INFO - [2024-10-02T01:34:11.317+0000] {dag.py:3696} INFO - Setting next_dagrun for example_setup_teardown to 2024-10-01T01:34:11.316016+00:00, run_after=2024-10-02T01:34:11.316016+00:00
[2024-10-02T01:34:11.344+0000] {processor.py:179} INFO - Processing /home/airflow/.local/lib/python3.8/site-packages/airflow/example_dags/example_setup_teardown.py took 0.128 seconds
[2024-10-02T01:34:41.453+0000] {processor.py:157} INFO - Started process (PID=277) to work on /home/airflow/.local/lib/python3.8/site-packages/airflow/example_dags/example_setup_teardown.py
[2024-10-02T01:34:41.466+0000] {processor.py:829} INFO - Processing file /home/airflow/.local/lib/python3.8/site-packages/airflow/example_dags/example_setup_teardown.py for tasks to queue
[2024-10-02T01:34:41.485+0000] {logging_mixin.py:151} INFO - [2024-10-02T01:34:41.484+0000] {dagbag.py:539} INFO - Filling up the DagBag from /home/airflow/.local/lib/python3.8/site-packages/airflow/example_dags/example_setup_teardown.py
[2024-10-02T01:34:41.521+0000] {processor.py:839} INFO - DAG(s) dict_keys(['example_setup_teardown']) retrieved from /home/airflow/.local/lib/python3.8/site-packages/airflow/example_dags/example_setup_teardown.py
[2024-10-02T01:34:41.580+0000] {logging_mixin.py:151} INFO - [2024-10-02T01:34:41.580+0000] {dag.py:2915} INFO - Sync 1 DAGs
[2024-10-02T01:34:41.809+0000] {logging_mixin.py:151} INFO - [2024-10-02T01:34:41.809+0000] {dag.py:3696} INFO - Setting next_dagrun for example_setup_teardown to 2024-10-01T01:34:41.808182+00:00, run_after=2024-10-02T01:34:41.808182+00:00
[2024-10-02T01:34:41.917+0000] {processor.py:179} INFO - Processing /home/airflow/.local/lib/python3.8/site-packages/airflow/example_dags/example_setup_teardown.py took 0.468 seconds
[2024-10-02T01:35:12.037+0000] {processor.py:157} INFO - Started process (PID=325) to work on /home/airflow/.local/lib/python3.8/site-packages/airflow/example_dags/example_setup_teardown.py
[2024-10-02T01:35:12.042+0000] {processor.py:829} INFO - Processing file /home/airflow/.local/lib/python3.8/site-packages/airflow/example_dags/example_setup_teardown.py for tasks to queue
[2024-10-02T01:35:12.048+0000] {logging_mixin.py:151} INFO - [2024-10-02T01:35:12.047+0000] {dagbag.py:539} INFO - Filling up the DagBag from /home/airflow/.local/lib/python3.8/site-packages/airflow/example_dags/example_setup_teardown.py
[2024-10-02T01:35:12.068+0000] {processor.py:839} INFO - DAG(s) dict_keys(['example_setup_teardown']) retrieved from /home/airflow/.local/lib/python3.8/site-packages/airflow/example_dags/example_setup_teardown.py
[2024-10-02T01:35:12.119+0000] {logging_mixin.py:151} INFO - [2024-10-02T01:35:12.118+0000] {dag.py:2915} INFO - Sync 1 DAGs
[2024-10-02T01:35:12.160+0000] {logging_mixin.py:151} INFO - [2024-10-02T01:35:12.160+0000] {dag.py:3696} INFO - Setting next_dagrun for example_setup_teardown to 2024-10-01T01:35:12.159367+00:00, run_after=2024-10-02T01:35:12.159367+00:00
[2024-10-02T01:35:12.192+0000] {processor.py:179} INFO - Processing /home/airflow/.local/lib/python3.8/site-packages/airflow/example_dags/example_setup_teardown.py took 0.161 seconds
[2024-10-02T01:35:42.684+0000] {processor.py:157} INFO - Started process (PID=373) to work on /home/airflow/.local/lib/python3.8/site-packages/airflow/example_dags/example_setup_teardown.py
[2024-10-02T01:35:42.688+0000] {processor.py:829} INFO - Processing file /home/airflow/.local/lib/python3.8/site-packages/airflow/example_dags/example_setup_teardown.py for tasks to queue
[2024-10-02T01:35:42.697+0000] {logging_mixin.py:151} INFO - [2024-10-02T01:35:42.696+0000] {dagbag.py:539} INFO - Filling up the DagBag from /home/airflow/.local/lib/python3.8/site-packages/airflow/example_dags/example_setup_teardown.py
[2024-10-02T01:35:42.717+0000] {processor.py:839} INFO - DAG(s) dict_keys(['example_setup_teardown']) retrieved from /home/airflow/.local/lib/python3.8/site-packages/airflow/example_dags/example_setup_teardown.py
[2024-10-02T01:35:42.786+0000] {logging_mixin.py:151} INFO - [2024-10-02T01:35:42.785+0000] {dag.py:2915} INFO - Sync 1 DAGs
[2024-10-02T01:35:42.822+0000] {logging_mixin.py:151} INFO - [2024-10-02T01:35:42.821+0000] {dag.py:3696} INFO - Setting next_dagrun for example_setup_teardown to 2024-10-01T01:35:42.820436+00:00, run_after=2024-10-02T01:35:42.820436+00:00
[2024-10-02T01:35:42.857+0000] {processor.py:179} INFO - Processing /home/airflow/.local/lib/python3.8/site-packages/airflow/example_dags/example_setup_teardown.py took 0.179 seconds
[2024-10-02T01:36:13.043+0000] {processor.py:157} INFO - Started process (PID=421) to work on /home/airflow/.local/lib/python3.8/site-packages/airflow/example_dags/example_setup_teardown.py
[2024-10-02T01:36:13.045+0000] {processor.py:829} INFO - Processing file /home/airflow/.local/lib/python3.8/site-packages/airflow/example_dags/example_setup_teardown.py for tasks to queue
[2024-10-02T01:36:13.051+0000] {logging_mixin.py:151} INFO - [2024-10-02T01:36:13.050+0000] {dagbag.py:539} INFO - Filling up the DagBag from /home/airflow/.local/lib/python3.8/site-packages/airflow/example_dags/example_setup_teardown.py
[2024-10-02T01:36:13.070+0000] {processor.py:839} INFO - DAG(s) dict_keys(['example_setup_teardown']) retrieved from /home/airflow/.local/lib/python3.8/site-packages/airflow/example_dags/example_setup_teardown.py
[2024-10-02T01:36:13.114+0000] {logging_mixin.py:151} INFO - [2024-10-02T01:36:13.114+0000] {dag.py:2915} INFO - Sync 1 DAGs
[2024-10-02T01:36:13.156+0000] {logging_mixin.py:151} INFO - [2024-10-02T01:36:13.155+0000] {dag.py:3696} INFO - Setting next_dagrun for example_setup_teardown to 2024-10-01T01:36:13.154638+00:00, run_after=2024-10-02T01:36:13.154638+00:00
[2024-10-02T01:36:13.194+0000] {processor.py:179} INFO - Processing /home/airflow/.local/lib/python3.8/site-packages/airflow/example_dags/example_setup_teardown.py took 0.156 seconds
[2024-10-02T01:36:43.677+0000] {processor.py:157} INFO - Started process (PID=469) to work on /home/airflow/.local/lib/python3.8/site-packages/airflow/example_dags/example_setup_teardown.py
[2024-10-02T01:36:43.679+0000] {processor.py:829} INFO - Processing file /home/airflow/.local/lib/python3.8/site-packages/airflow/example_dags/example_setup_teardown.py for tasks to queue
[2024-10-02T01:36:43.683+0000] {logging_mixin.py:151} INFO - [2024-10-02T01:36:43.683+0000] {dagbag.py:539} INFO - Filling up the DagBag from /home/airflow/.local/lib/python3.8/site-packages/airflow/example_dags/example_setup_teardown.py
[2024-10-02T01:36:43.697+0000] {processor.py:839} INFO - DAG(s) dict_keys(['example_setup_teardown']) retrieved from /home/airflow/.local/lib/python3.8/site-packages/airflow/example_dags/example_setup_teardown.py
[2024-10-02T01:36:43.735+0000] {logging_mixin.py:151} INFO - [2024-10-02T01:36:43.735+0000] {dag.py:2915} INFO - Sync 1 DAGs
[2024-10-02T01:36:43.767+0000] {logging_mixin.py:151} INFO - [2024-10-02T01:36:43.767+0000] {dag.py:3696} INFO - Setting next_dagrun for example_setup_teardown to 2024-10-01T01:36:43.764314+00:00, run_after=2024-10-02T01:36:43.764314+00:00
[2024-10-02T01:36:43.800+0000] {processor.py:179} INFO - Processing /home/airflow/.local/lib/python3.8/site-packages/airflow/example_dags/example_setup_teardown.py took 0.130 seconds
[2024-10-02T01:37:14.832+0000] {processor.py:157} INFO - Started process (PID=517) to work on /home/airflow/.local/lib/python3.8/site-packages/airflow/example_dags/example_setup_teardown.py
[2024-10-02T01:37:14.834+0000] {processor.py:829} INFO - Processing file /home/airflow/.local/lib/python3.8/site-packages/airflow/example_dags/example_setup_teardown.py for tasks to queue
[2024-10-02T01:37:14.838+0000] {logging_mixin.py:151} INFO - [2024-10-02T01:37:14.838+0000] {dagbag.py:539} INFO - Filling up the DagBag from /home/airflow/.local/lib/python3.8/site-packages/airflow/example_dags/example_setup_teardown.py
[2024-10-02T01:37:14.852+0000] {processor.py:839} INFO - DAG(s) dict_keys(['example_setup_teardown']) retrieved from /home/airflow/.local/lib/python3.8/site-packages/airflow/example_dags/example_setup_teardown.py
[2024-10-02T01:37:14.885+0000] {logging_mixin.py:151} INFO - [2024-10-02T01:37:14.885+0000] {dag.py:2915} INFO - Sync 1 DAGs
[2024-10-02T01:37:14.915+0000] {logging_mixin.py:151} INFO - [2024-10-02T01:37:14.914+0000] {dag.py:3696} INFO - Setting next_dagrun for example_setup_teardown to 2024-10-01T01:37:14.913756+00:00, run_after=2024-10-02T01:37:14.913756+00:00
[2024-10-02T01:37:14.940+0000] {processor.py:179} INFO - Processing /home/airflow/.local/lib/python3.8/site-packages/airflow/example_dags/example_setup_teardown.py took 0.111 seconds
[2024-10-02T01:37:45.821+0000] {processor.py:157} INFO - Started process (PID=565) to work on /home/airflow/.local/lib/python3.8/site-packages/airflow/example_dags/example_setup_teardown.py
[2024-10-02T01:37:45.824+0000] {processor.py:829} INFO - Processing file /home/airflow/.local/lib/python3.8/site-packages/airflow/example_dags/example_setup_teardown.py for tasks to queue
[2024-10-02T01:37:45.829+0000] {logging_mixin.py:151} INFO - [2024-10-02T01:37:45.828+0000] {dagbag.py:539} INFO - Filling up the DagBag from /home/airflow/.local/lib/python3.8/site-packages/airflow/example_dags/example_setup_teardown.py
[2024-10-02T01:37:45.848+0000] {processor.py:839} INFO - DAG(s) dict_keys(['example_setup_teardown']) retrieved from /home/airflow/.local/lib/python3.8/site-packages/airflow/example_dags/example_setup_teardown.py
[2024-10-02T01:37:45.896+0000] {logging_mixin.py:151} INFO - [2024-10-02T01:37:45.896+0000] {dag.py:2915} INFO - Sync 1 DAGs
[2024-10-02T01:37:45.930+0000] {logging_mixin.py:151} INFO - [2024-10-02T01:37:45.930+0000] {dag.py:3696} INFO - Setting next_dagrun for example_setup_teardown to 2024-10-01T01:37:45.928933+00:00, run_after=2024-10-02T01:37:45.928933+00:00
[2024-10-02T01:37:45.977+0000] {processor.py:179} INFO - Processing /home/airflow/.local/lib/python3.8/site-packages/airflow/example_dags/example_setup_teardown.py took 0.162 seconds
[2024-10-02T01:38:16.475+0000] {processor.py:157} INFO - Started process (PID=613) to work on /home/airflow/.local/lib/python3.8/site-packages/airflow/example_dags/example_setup_teardown.py
[2024-10-02T01:38:16.478+0000] {processor.py:829} INFO - Processing file /home/airflow/.local/lib/python3.8/site-packages/airflow/example_dags/example_setup_teardown.py for tasks to queue
[2024-10-02T01:38:16.483+0000] {logging_mixin.py:151} INFO - [2024-10-02T01:38:16.482+0000] {dagbag.py:539} INFO - Filling up the DagBag from /home/airflow/.local/lib/python3.8/site-packages/airflow/example_dags/example_setup_teardown.py
[2024-10-02T01:38:16.498+0000] {processor.py:839} INFO - DAG(s) dict_keys(['example_setup_teardown']) retrieved from /home/airflow/.local/lib/python3.8/site-packages/airflow/example_dags/example_setup_teardown.py
[2024-10-02T01:38:16.545+0000] {logging_mixin.py:151} INFO - [2024-10-02T01:38:16.544+0000] {dag.py:2915} INFO - Sync 1 DAGs
[2024-10-02T01:38:16.600+0000] {logging_mixin.py:151} INFO - [2024-10-02T01:38:16.599+0000] {dag.py:3696} INFO - Setting next_dagrun for example_setup_teardown to 2024-10-01T01:38:16.597317+00:00, run_after=2024-10-02T01:38:16.597317+00:00
[2024-10-02T01:38:16.631+0000] {processor.py:179} INFO - Processing /home/airflow/.local/lib/python3.8/site-packages/airflow/example_dags/example_setup_teardown.py took 0.161 seconds
[2024-10-02T01:38:46.939+0000] {processor.py:157} INFO - Started process (PID=661) to work on /home/airflow/.local/lib/python3.8/site-packages/airflow/example_dags/example_setup_teardown.py
[2024-10-02T01:38:46.941+0000] {processor.py:829} INFO - Processing file /home/airflow/.local/lib/python3.8/site-packages/airflow/example_dags/example_setup_teardown.py for tasks to queue
[2024-10-02T01:38:46.947+0000] {logging_mixin.py:151} INFO - [2024-10-02T01:38:46.946+0000] {dagbag.py:539} INFO - Filling up the DagBag from /home/airflow/.local/lib/python3.8/site-packages/airflow/example_dags/example_setup_teardown.py
[2024-10-02T01:38:46.966+0000] {processor.py:839} INFO - DAG(s) dict_keys(['example_setup_teardown']) retrieved from /home/airflow/.local/lib/python3.8/site-packages/airflow/example_dags/example_setup_teardown.py
[2024-10-02T01:38:47.008+0000] {logging_mixin.py:151} INFO - [2024-10-02T01:38:47.007+0000] {dag.py:2915} INFO - Sync 1 DAGs
[2024-10-02T01:38:47.040+0000] {logging_mixin.py:151} INFO - [2024-10-02T01:38:47.040+0000] {dag.py:3696} INFO - Setting next_dagrun for example_setup_teardown to 2024-10-01T01:38:47.038857+00:00, run_after=2024-10-02T01:38:47.038857+00:00
[2024-10-02T01:38:47.072+0000] {processor.py:179} INFO - Processing /home/airflow/.local/lib/python3.8/site-packages/airflow/example_dags/example_setup_teardown.py took 0.137 seconds
[2024-10-02T01:39:17.517+0000] {processor.py:157} INFO - Started process (PID=709) to work on /home/airflow/.local/lib/python3.8/site-packages/airflow/example_dags/example_setup_teardown.py
[2024-10-02T01:39:17.522+0000] {processor.py:829} INFO - Processing file /home/airflow/.local/lib/python3.8/site-packages/airflow/example_dags/example_setup_teardown.py for tasks to queue
[2024-10-02T01:39:17.529+0000] {logging_mixin.py:151} INFO - [2024-10-02T01:39:17.527+0000] {dagbag.py:539} INFO - Filling up the DagBag from /home/airflow/.local/lib/python3.8/site-packages/airflow/example_dags/example_setup_teardown.py
[2024-10-02T01:39:17.549+0000] {processor.py:839} INFO - DAG(s) dict_keys(['example_setup_teardown']) retrieved from /home/airflow/.local/lib/python3.8/site-packages/airflow/example_dags/example_setup_teardown.py
[2024-10-02T01:39:17.593+0000] {logging_mixin.py:151} INFO - [2024-10-02T01:39:17.593+0000] {dag.py:2915} INFO - Sync 1 DAGs
[2024-10-02T01:39:17.634+0000] {logging_mixin.py:151} INFO - [2024-10-02T01:39:17.634+0000] {dag.py:3696} INFO - Setting next_dagrun for example_setup_teardown to 2024-10-01T01:39:17.633426+00:00, run_after=2024-10-02T01:39:17.633426+00:00
[2024-10-02T01:39:17.667+0000] {processor.py:179} INFO - Processing /home/airflow/.local/lib/python3.8/site-packages/airflow/example_dags/example_setup_teardown.py took 0.157 seconds
[2024-10-02T01:45:25.657+0000] {processor.py:157} INFO - Started process (PID=37) to work on /home/airflow/.local/lib/python3.8/site-packages/airflow/example_dags/example_setup_teardown.py
[2024-10-02T01:45:25.676+0000] {processor.py:829} INFO - Processing file /home/airflow/.local/lib/python3.8/site-packages/airflow/example_dags/example_setup_teardown.py for tasks to queue
[2024-10-02T01:45:25.723+0000] {logging_mixin.py:151} INFO - [2024-10-02T01:45:25.721+0000] {dagbag.py:539} INFO - Filling up the DagBag from /home/airflow/.local/lib/python3.8/site-packages/airflow/example_dags/example_setup_teardown.py
[2024-10-02T01:45:25.797+0000] {processor.py:839} INFO - DAG(s) dict_keys(['example_setup_teardown']) retrieved from /home/airflow/.local/lib/python3.8/site-packages/airflow/example_dags/example_setup_teardown.py
[2024-10-02T01:45:26.131+0000] {logging_mixin.py:151} INFO - [2024-10-02T01:45:26.129+0000] {manager.py:499} INFO - Created Permission View: %s
[2024-10-02T01:45:26.187+0000] {logging_mixin.py:151} INFO - [2024-10-02T01:45:26.187+0000] {manager.py:499} INFO - Created Permission View: %s
[2024-10-02T01:45:26.199+0000] {logging_mixin.py:151} INFO - [2024-10-02T01:45:26.199+0000] {manager.py:499} INFO - Created Permission View: %s
[2024-10-02T01:45:26.203+0000] {logging_mixin.py:151} INFO - [2024-10-02T01:45:26.203+0000] {security.py:708} INFO - Not syncing DAG-level permissions for DAG 'DAG:example_setup_teardown' as access control is unset.
[2024-10-02T01:45:26.206+0000] {logging_mixin.py:151} INFO - [2024-10-02T01:45:26.206+0000] {dag.py:2915} INFO - Sync 1 DAGs
[2024-10-02T01:45:26.226+0000] {logging_mixin.py:151} INFO - [2024-10-02T01:45:26.226+0000] {dag.py:2937} INFO - Creating ORM DAG for example_setup_teardown
[2024-10-02T01:45:26.251+0000] {logging_mixin.py:151} INFO - [2024-10-02T01:45:26.251+0000] {dag.py:3696} INFO - Setting next_dagrun for example_setup_teardown to 2024-10-01T01:45:26.249878+00:00, run_after=2024-10-02T01:45:26.249878+00:00
[2024-10-02T01:45:26.320+0000] {processor.py:179} INFO - Processing /home/airflow/.local/lib/python3.8/site-packages/airflow/example_dags/example_setup_teardown.py took 0.686 seconds
[2024-10-02T01:45:56.841+0000] {processor.py:157} INFO - Started process (PID=85) to work on /home/airflow/.local/lib/python3.8/site-packages/airflow/example_dags/example_setup_teardown.py
[2024-10-02T01:45:56.845+0000] {processor.py:829} INFO - Processing file /home/airflow/.local/lib/python3.8/site-packages/airflow/example_dags/example_setup_teardown.py for tasks to queue
[2024-10-02T01:45:56.848+0000] {logging_mixin.py:151} INFO - [2024-10-02T01:45:56.848+0000] {dagbag.py:539} INFO - Filling up the DagBag from /home/airflow/.local/lib/python3.8/site-packages/airflow/example_dags/example_setup_teardown.py
[2024-10-02T01:45:56.861+0000] {processor.py:839} INFO - DAG(s) dict_keys(['example_setup_teardown']) retrieved from /home/airflow/.local/lib/python3.8/site-packages/airflow/example_dags/example_setup_teardown.py
[2024-10-02T01:45:56.894+0000] {logging_mixin.py:151} INFO - [2024-10-02T01:45:56.893+0000] {dag.py:2915} INFO - Sync 1 DAGs
[2024-10-02T01:45:56.923+0000] {logging_mixin.py:151} INFO - [2024-10-02T01:45:56.922+0000] {dag.py:3696} INFO - Setting next_dagrun for example_setup_teardown to 2024-10-01T01:45:56.921582+00:00, run_after=2024-10-02T01:45:56.921582+00:00
[2024-10-02T01:45:56.949+0000] {processor.py:179} INFO - Processing /home/airflow/.local/lib/python3.8/site-packages/airflow/example_dags/example_setup_teardown.py took 0.113 seconds
[2024-10-02T01:46:55.373+0000] {processor.py:157} INFO - Started process (PID=37) to work on /home/airflow/.local/lib/python3.8/site-packages/airflow/example_dags/example_setup_teardown.py
[2024-10-02T01:46:55.472+0000] {processor.py:829} INFO - Processing file /home/airflow/.local/lib/python3.8/site-packages/airflow/example_dags/example_setup_teardown.py for tasks to queue
[2024-10-02T01:46:55.490+0000] {logging_mixin.py:151} INFO - [2024-10-02T01:46:55.489+0000] {dagbag.py:539} INFO - Filling up the DagBag from /home/airflow/.local/lib/python3.8/site-packages/airflow/example_dags/example_setup_teardown.py
[2024-10-02T01:46:55.588+0000] {processor.py:839} INFO - DAG(s) dict_keys(['example_setup_teardown']) retrieved from /home/airflow/.local/lib/python3.8/site-packages/airflow/example_dags/example_setup_teardown.py
[2024-10-02T01:46:55.659+0000] {logging_mixin.py:151} INFO - [2024-10-02T01:46:55.658+0000] {dag.py:2915} INFO - Sync 1 DAGs
[2024-10-02T01:46:55.717+0000] {logging_mixin.py:151} INFO - [2024-10-02T01:46:55.717+0000] {dag.py:3696} INFO - Setting next_dagrun for example_setup_teardown to 2024-10-01T01:46:55.710164+00:00, run_after=2024-10-02T01:46:55.710164+00:00
[2024-10-02T01:46:55.971+0000] {processor.py:179} INFO - Processing /home/airflow/.local/lib/python3.8/site-packages/airflow/example_dags/example_setup_teardown.py took 0.605 seconds
[2024-10-02T01:47:26.596+0000] {processor.py:157} INFO - Started process (PID=85) to work on /home/airflow/.local/lib/python3.8/site-packages/airflow/example_dags/example_setup_teardown.py
[2024-10-02T01:47:26.604+0000] {processor.py:829} INFO - Processing file /home/airflow/.local/lib/python3.8/site-packages/airflow/example_dags/example_setup_teardown.py for tasks to queue
[2024-10-02T01:47:26.612+0000] {logging_mixin.py:151} INFO - [2024-10-02T01:47:26.611+0000] {dagbag.py:539} INFO - Filling up the DagBag from /home/airflow/.local/lib/python3.8/site-packages/airflow/example_dags/example_setup_teardown.py
[2024-10-02T01:47:26.634+0000] {processor.py:839} INFO - DAG(s) dict_keys(['example_setup_teardown']) retrieved from /home/airflow/.local/lib/python3.8/site-packages/airflow/example_dags/example_setup_teardown.py
[2024-10-02T01:47:26.671+0000] {logging_mixin.py:151} INFO - [2024-10-02T01:47:26.671+0000] {dag.py:2915} INFO - Sync 1 DAGs
[2024-10-02T01:47:26.702+0000] {logging_mixin.py:151} INFO - [2024-10-02T01:47:26.701+0000] {dag.py:3696} INFO - Setting next_dagrun for example_setup_teardown to 2024-10-01T01:47:26.700798+00:00, run_after=2024-10-02T01:47:26.700798+00:00
[2024-10-02T01:47:26.744+0000] {processor.py:179} INFO - Processing /home/airflow/.local/lib/python3.8/site-packages/airflow/example_dags/example_setup_teardown.py took 0.154 seconds
[2024-10-02T01:48:23.407+0000] {processor.py:157} INFO - Started process (PID=37) to work on /home/airflow/.local/lib/python3.8/site-packages/airflow/example_dags/example_setup_teardown.py
[2024-10-02T01:48:23.413+0000] {processor.py:829} INFO - Processing file /home/airflow/.local/lib/python3.8/site-packages/airflow/example_dags/example_setup_teardown.py for tasks to queue
[2024-10-02T01:48:23.433+0000] {logging_mixin.py:151} INFO - [2024-10-02T01:48:23.432+0000] {dagbag.py:539} INFO - Filling up the DagBag from /home/airflow/.local/lib/python3.8/site-packages/airflow/example_dags/example_setup_teardown.py
[2024-10-02T01:48:23.609+0000] {processor.py:839} INFO - DAG(s) dict_keys(['example_setup_teardown']) retrieved from /home/airflow/.local/lib/python3.8/site-packages/airflow/example_dags/example_setup_teardown.py
[2024-10-02T01:48:23.712+0000] {logging_mixin.py:151} INFO - [2024-10-02T01:48:23.712+0000] {dag.py:2915} INFO - Sync 1 DAGs
[2024-10-02T01:48:23.953+0000] {logging_mixin.py:151} INFO - [2024-10-02T01:48:23.952+0000] {dag.py:3696} INFO - Setting next_dagrun for example_setup_teardown to 2024-10-01T01:48:23.935927+00:00, run_after=2024-10-02T01:48:23.935927+00:00
[2024-10-02T01:48:24.051+0000] {processor.py:179} INFO - Processing /home/airflow/.local/lib/python3.8/site-packages/airflow/example_dags/example_setup_teardown.py took 0.666 seconds
[2024-10-02T01:48:54.228+0000] {processor.py:157} INFO - Started process (PID=85) to work on /home/airflow/.local/lib/python3.8/site-packages/airflow/example_dags/example_setup_teardown.py
[2024-10-02T01:48:54.231+0000] {processor.py:829} INFO - Processing file /home/airflow/.local/lib/python3.8/site-packages/airflow/example_dags/example_setup_teardown.py for tasks to queue
[2024-10-02T01:48:54.235+0000] {logging_mixin.py:151} INFO - [2024-10-02T01:48:54.234+0000] {dagbag.py:539} INFO - Filling up the DagBag from /home/airflow/.local/lib/python3.8/site-packages/airflow/example_dags/example_setup_teardown.py
[2024-10-02T01:48:54.248+0000] {processor.py:839} INFO - DAG(s) dict_keys(['example_setup_teardown']) retrieved from /home/airflow/.local/lib/python3.8/site-packages/airflow/example_dags/example_setup_teardown.py
[2024-10-02T01:48:54.280+0000] {logging_mixin.py:151} INFO - [2024-10-02T01:48:54.279+0000] {dag.py:2915} INFO - Sync 1 DAGs
[2024-10-02T01:48:54.308+0000] {logging_mixin.py:151} INFO - [2024-10-02T01:48:54.307+0000] {dag.py:3696} INFO - Setting next_dagrun for example_setup_teardown to 2024-10-01T01:48:54.306719+00:00, run_after=2024-10-02T01:48:54.306719+00:00
[2024-10-02T01:48:54.332+0000] {processor.py:179} INFO - Processing /home/airflow/.local/lib/python3.8/site-packages/airflow/example_dags/example_setup_teardown.py took 0.107 seconds
[2024-10-02T01:49:24.403+0000] {processor.py:157} INFO - Started process (PID=133) to work on /home/airflow/.local/lib/python3.8/site-packages/airflow/example_dags/example_setup_teardown.py
[2024-10-02T01:49:24.406+0000] {processor.py:829} INFO - Processing file /home/airflow/.local/lib/python3.8/site-packages/airflow/example_dags/example_setup_teardown.py for tasks to queue
[2024-10-02T01:49:24.409+0000] {logging_mixin.py:151} INFO - [2024-10-02T01:49:24.409+0000] {dagbag.py:539} INFO - Filling up the DagBag from /home/airflow/.local/lib/python3.8/site-packages/airflow/example_dags/example_setup_teardown.py
[2024-10-02T01:49:24.421+0000] {processor.py:839} INFO - DAG(s) dict_keys(['example_setup_teardown']) retrieved from /home/airflow/.local/lib/python3.8/site-packages/airflow/example_dags/example_setup_teardown.py
[2024-10-02T01:49:24.451+0000] {logging_mixin.py:151} INFO - [2024-10-02T01:49:24.451+0000] {dag.py:2915} INFO - Sync 1 DAGs
[2024-10-02T01:49:24.479+0000] {logging_mixin.py:151} INFO - [2024-10-02T01:49:24.479+0000] {dag.py:3696} INFO - Setting next_dagrun for example_setup_teardown to 2024-10-01T01:49:24.478147+00:00, run_after=2024-10-02T01:49:24.478147+00:00
[2024-10-02T01:49:24.502+0000] {processor.py:179} INFO - Processing /home/airflow/.local/lib/python3.8/site-packages/airflow/example_dags/example_setup_teardown.py took 0.103 seconds
[2024-10-02T01:49:55.052+0000] {processor.py:157} INFO - Started process (PID=181) to work on /home/airflow/.local/lib/python3.8/site-packages/airflow/example_dags/example_setup_teardown.py
[2024-10-02T01:49:55.057+0000] {processor.py:829} INFO - Processing file /home/airflow/.local/lib/python3.8/site-packages/airflow/example_dags/example_setup_teardown.py for tasks to queue
[2024-10-02T01:49:55.062+0000] {logging_mixin.py:151} INFO - [2024-10-02T01:49:55.061+0000] {dagbag.py:539} INFO - Filling up the DagBag from /home/airflow/.local/lib/python3.8/site-packages/airflow/example_dags/example_setup_teardown.py
[2024-10-02T01:49:55.077+0000] {processor.py:839} INFO - DAG(s) dict_keys(['example_setup_teardown']) retrieved from /home/airflow/.local/lib/python3.8/site-packages/airflow/example_dags/example_setup_teardown.py
[2024-10-02T01:49:55.125+0000] {logging_mixin.py:151} INFO - [2024-10-02T01:49:55.125+0000] {dag.py:2915} INFO - Sync 1 DAGs
[2024-10-02T01:49:55.154+0000] {logging_mixin.py:151} INFO - [2024-10-02T01:49:55.153+0000] {dag.py:3696} INFO - Setting next_dagrun for example_setup_teardown to 2024-10-01T01:49:55.152622+00:00, run_after=2024-10-02T01:49:55.152622+00:00
[2024-10-02T01:49:55.181+0000] {processor.py:179} INFO - Processing /home/airflow/.local/lib/python3.8/site-packages/airflow/example_dags/example_setup_teardown.py took 0.132 seconds
[2024-10-02T01:50:26.082+0000] {processor.py:157} INFO - Started process (PID=229) to work on /home/airflow/.local/lib/python3.8/site-packages/airflow/example_dags/example_setup_teardown.py
[2024-10-02T01:50:26.084+0000] {processor.py:829} INFO - Processing file /home/airflow/.local/lib/python3.8/site-packages/airflow/example_dags/example_setup_teardown.py for tasks to queue
[2024-10-02T01:50:26.089+0000] {logging_mixin.py:151} INFO - [2024-10-02T01:50:26.088+0000] {dagbag.py:539} INFO - Filling up the DagBag from /home/airflow/.local/lib/python3.8/site-packages/airflow/example_dags/example_setup_teardown.py
[2024-10-02T01:50:26.104+0000] {processor.py:839} INFO - DAG(s) dict_keys(['example_setup_teardown']) retrieved from /home/airflow/.local/lib/python3.8/site-packages/airflow/example_dags/example_setup_teardown.py
[2024-10-02T01:50:26.135+0000] {logging_mixin.py:151} INFO - [2024-10-02T01:50:26.135+0000] {dag.py:2915} INFO - Sync 1 DAGs
[2024-10-02T01:50:26.168+0000] {logging_mixin.py:151} INFO - [2024-10-02T01:50:26.168+0000] {dag.py:3696} INFO - Setting next_dagrun for example_setup_teardown to 2024-10-01T01:50:26.166941+00:00, run_after=2024-10-02T01:50:26.166941+00:00
[2024-10-02T01:50:26.191+0000] {processor.py:179} INFO - Processing /home/airflow/.local/lib/python3.8/site-packages/airflow/example_dags/example_setup_teardown.py took 0.113 seconds
[2024-10-02T01:50:56.356+0000] {processor.py:157} INFO - Started process (PID=277) to work on /home/airflow/.local/lib/python3.8/site-packages/airflow/example_dags/example_setup_teardown.py
[2024-10-02T01:50:56.358+0000] {processor.py:829} INFO - Processing file /home/airflow/.local/lib/python3.8/site-packages/airflow/example_dags/example_setup_teardown.py for tasks to queue
[2024-10-02T01:50:56.361+0000] {logging_mixin.py:151} INFO - [2024-10-02T01:50:56.361+0000] {dagbag.py:539} INFO - Filling up the DagBag from /home/airflow/.local/lib/python3.8/site-packages/airflow/example_dags/example_setup_teardown.py
[2024-10-02T01:50:56.373+0000] {processor.py:839} INFO - DAG(s) dict_keys(['example_setup_teardown']) retrieved from /home/airflow/.local/lib/python3.8/site-packages/airflow/example_dags/example_setup_teardown.py
[2024-10-02T01:50:56.403+0000] {logging_mixin.py:151} INFO - [2024-10-02T01:50:56.402+0000] {dag.py:2915} INFO - Sync 1 DAGs
[2024-10-02T01:50:56.430+0000] {logging_mixin.py:151} INFO - [2024-10-02T01:50:56.429+0000] {dag.py:3696} INFO - Setting next_dagrun for example_setup_teardown to 2024-10-01T01:50:56.428283+00:00, run_after=2024-10-02T01:50:56.428283+00:00
[2024-10-02T01:50:56.453+0000] {processor.py:179} INFO - Processing /home/airflow/.local/lib/python3.8/site-packages/airflow/example_dags/example_setup_teardown.py took 0.100 seconds
[2024-10-02T01:51:26.874+0000] {processor.py:157} INFO - Started process (PID=325) to work on /home/airflow/.local/lib/python3.8/site-packages/airflow/example_dags/example_setup_teardown.py
[2024-10-02T01:51:26.876+0000] {processor.py:829} INFO - Processing file /home/airflow/.local/lib/python3.8/site-packages/airflow/example_dags/example_setup_teardown.py for tasks to queue
[2024-10-02T01:51:26.879+0000] {logging_mixin.py:151} INFO - [2024-10-02T01:51:26.878+0000] {dagbag.py:539} INFO - Filling up the DagBag from /home/airflow/.local/lib/python3.8/site-packages/airflow/example_dags/example_setup_teardown.py
[2024-10-02T01:51:26.893+0000] {processor.py:839} INFO - DAG(s) dict_keys(['example_setup_teardown']) retrieved from /home/airflow/.local/lib/python3.8/site-packages/airflow/example_dags/example_setup_teardown.py
[2024-10-02T01:51:26.925+0000] {logging_mixin.py:151} INFO - [2024-10-02T01:51:26.925+0000] {dag.py:2915} INFO - Sync 1 DAGs
[2024-10-02T01:51:26.956+0000] {logging_mixin.py:151} INFO - [2024-10-02T01:51:26.955+0000] {dag.py:3696} INFO - Setting next_dagrun for example_setup_teardown to 2024-10-01T01:51:26.954453+00:00, run_after=2024-10-02T01:51:26.954453+00:00
[2024-10-02T01:51:26.978+0000] {processor.py:179} INFO - Processing /home/airflow/.local/lib/python3.8/site-packages/airflow/example_dags/example_setup_teardown.py took 0.108 seconds
[2024-10-02T01:51:57.126+0000] {processor.py:157} INFO - Started process (PID=373) to work on /home/airflow/.local/lib/python3.8/site-packages/airflow/example_dags/example_setup_teardown.py
[2024-10-02T01:51:57.128+0000] {processor.py:829} INFO - Processing file /home/airflow/.local/lib/python3.8/site-packages/airflow/example_dags/example_setup_teardown.py for tasks to queue
[2024-10-02T01:51:57.132+0000] {logging_mixin.py:151} INFO - [2024-10-02T01:51:57.131+0000] {dagbag.py:539} INFO - Filling up the DagBag from /home/airflow/.local/lib/python3.8/site-packages/airflow/example_dags/example_setup_teardown.py
[2024-10-02T01:51:57.144+0000] {processor.py:839} INFO - DAG(s) dict_keys(['example_setup_teardown']) retrieved from /home/airflow/.local/lib/python3.8/site-packages/airflow/example_dags/example_setup_teardown.py
[2024-10-02T01:51:57.178+0000] {logging_mixin.py:151} INFO - [2024-10-02T01:51:57.178+0000] {dag.py:2915} INFO - Sync 1 DAGs
[2024-10-02T01:51:57.207+0000] {logging_mixin.py:151} INFO - [2024-10-02T01:51:57.206+0000] {dag.py:3696} INFO - Setting next_dagrun for example_setup_teardown to 2024-10-01T01:51:57.205074+00:00, run_after=2024-10-02T01:51:57.205074+00:00
[2024-10-02T01:51:57.233+0000] {processor.py:179} INFO - Processing /home/airflow/.local/lib/python3.8/site-packages/airflow/example_dags/example_setup_teardown.py took 0.111 seconds
[2024-10-02T01:52:27.322+0000] {processor.py:157} INFO - Started process (PID=421) to work on /home/airflow/.local/lib/python3.8/site-packages/airflow/example_dags/example_setup_teardown.py
[2024-10-02T01:52:27.330+0000] {processor.py:829} INFO - Processing file /home/airflow/.local/lib/python3.8/site-packages/airflow/example_dags/example_setup_teardown.py for tasks to queue
[2024-10-02T01:52:27.334+0000] {logging_mixin.py:151} INFO - [2024-10-02T01:52:27.333+0000] {dagbag.py:539} INFO - Filling up the DagBag from /home/airflow/.local/lib/python3.8/site-packages/airflow/example_dags/example_setup_teardown.py
[2024-10-02T01:52:27.368+0000] {processor.py:839} INFO - DAG(s) dict_keys(['example_setup_teardown']) retrieved from /home/airflow/.local/lib/python3.8/site-packages/airflow/example_dags/example_setup_teardown.py
[2024-10-02T01:52:27.419+0000] {logging_mixin.py:151} INFO - [2024-10-02T01:52:27.419+0000] {dag.py:2915} INFO - Sync 1 DAGs
[2024-10-02T01:52:27.452+0000] {logging_mixin.py:151} INFO - [2024-10-02T01:52:27.452+0000] {dag.py:3696} INFO - Setting next_dagrun for example_setup_teardown to 2024-10-01T01:52:27.451405+00:00, run_after=2024-10-02T01:52:27.451405+00:00
[2024-10-02T01:52:27.482+0000] {processor.py:179} INFO - Processing /home/airflow/.local/lib/python3.8/site-packages/airflow/example_dags/example_setup_teardown.py took 0.176 seconds
[2024-10-02T01:52:57.834+0000] {processor.py:157} INFO - Started process (PID=469) to work on /home/airflow/.local/lib/python3.8/site-packages/airflow/example_dags/example_setup_teardown.py
[2024-10-02T01:52:57.846+0000] {processor.py:829} INFO - Processing file /home/airflow/.local/lib/python3.8/site-packages/airflow/example_dags/example_setup_teardown.py for tasks to queue
[2024-10-02T01:52:57.858+0000] {logging_mixin.py:151} INFO - [2024-10-02T01:52:57.857+0000] {dagbag.py:539} INFO - Filling up the DagBag from /home/airflow/.local/lib/python3.8/site-packages/airflow/example_dags/example_setup_teardown.py
[2024-10-02T01:52:57.895+0000] {processor.py:839} INFO - DAG(s) dict_keys(['example_setup_teardown']) retrieved from /home/airflow/.local/lib/python3.8/site-packages/airflow/example_dags/example_setup_teardown.py
[2024-10-02T01:52:58.064+0000] {logging_mixin.py:151} INFO - [2024-10-02T01:52:58.056+0000] {dag.py:2915} INFO - Sync 1 DAGs
[2024-10-02T01:52:58.121+0000] {logging_mixin.py:151} INFO - [2024-10-02T01:52:58.121+0000] {dag.py:3696} INFO - Setting next_dagrun for example_setup_teardown to 2024-10-01T01:52:58.120248+00:00, run_after=2024-10-02T01:52:58.120248+00:00
[2024-10-02T01:52:58.173+0000] {processor.py:179} INFO - Processing /home/airflow/.local/lib/python3.8/site-packages/airflow/example_dags/example_setup_teardown.py took 0.344 seconds
[2024-10-02T01:53:28.486+0000] {processor.py:157} INFO - Started process (PID=517) to work on /home/airflow/.local/lib/python3.8/site-packages/airflow/example_dags/example_setup_teardown.py
[2024-10-02T01:53:28.498+0000] {processor.py:829} INFO - Processing file /home/airflow/.local/lib/python3.8/site-packages/airflow/example_dags/example_setup_teardown.py for tasks to queue
[2024-10-02T01:53:28.504+0000] {logging_mixin.py:151} INFO - [2024-10-02T01:53:28.503+0000] {dagbag.py:539} INFO - Filling up the DagBag from /home/airflow/.local/lib/python3.8/site-packages/airflow/example_dags/example_setup_teardown.py
[2024-10-02T01:53:28.520+0000] {processor.py:839} INFO - DAG(s) dict_keys(['example_setup_teardown']) retrieved from /home/airflow/.local/lib/python3.8/site-packages/airflow/example_dags/example_setup_teardown.py
[2024-10-02T01:53:28.566+0000] {logging_mixin.py:151} INFO - [2024-10-02T01:53:28.565+0000] {dag.py:2915} INFO - Sync 1 DAGs
[2024-10-02T01:53:28.594+0000] {logging_mixin.py:151} INFO - [2024-10-02T01:53:28.594+0000] {dag.py:3696} INFO - Setting next_dagrun for example_setup_teardown to 2024-10-01T01:53:28.593640+00:00, run_after=2024-10-02T01:53:28.593640+00:00
[2024-10-02T01:53:28.623+0000] {processor.py:179} INFO - Processing /home/airflow/.local/lib/python3.8/site-packages/airflow/example_dags/example_setup_teardown.py took 0.141 seconds
[2024-10-02T01:53:59.444+0000] {processor.py:157} INFO - Started process (PID=565) to work on /home/airflow/.local/lib/python3.8/site-packages/airflow/example_dags/example_setup_teardown.py
[2024-10-02T01:53:59.446+0000] {processor.py:829} INFO - Processing file /home/airflow/.local/lib/python3.8/site-packages/airflow/example_dags/example_setup_teardown.py for tasks to queue
[2024-10-02T01:53:59.450+0000] {logging_mixin.py:151} INFO - [2024-10-02T01:53:59.450+0000] {dagbag.py:539} INFO - Filling up the DagBag from /home/airflow/.local/lib/python3.8/site-packages/airflow/example_dags/example_setup_teardown.py
[2024-10-02T01:53:59.464+0000] {processor.py:839} INFO - DAG(s) dict_keys(['example_setup_teardown']) retrieved from /home/airflow/.local/lib/python3.8/site-packages/airflow/example_dags/example_setup_teardown.py
[2024-10-02T01:53:59.499+0000] {logging_mixin.py:151} INFO - [2024-10-02T01:53:59.499+0000] {dag.py:2915} INFO - Sync 1 DAGs
[2024-10-02T01:53:59.525+0000] {logging_mixin.py:151} INFO - [2024-10-02T01:53:59.524+0000] {dag.py:3696} INFO - Setting next_dagrun for example_setup_teardown to 2024-10-01T01:53:59.523938+00:00, run_after=2024-10-02T01:53:59.523938+00:00
[2024-10-02T01:53:59.549+0000] {processor.py:179} INFO - Processing /home/airflow/.local/lib/python3.8/site-packages/airflow/example_dags/example_setup_teardown.py took 0.109 seconds
[2024-10-02T01:57:16.899+0000] {processor.py:157} INFO - Started process (PID=598) to work on /home/airflow/.local/lib/python3.8/site-packages/airflow/example_dags/example_setup_teardown.py
[2024-10-02T01:57:16.910+0000] {processor.py:829} INFO - Processing file /home/airflow/.local/lib/python3.8/site-packages/airflow/example_dags/example_setup_teardown.py for tasks to queue
[2024-10-02T01:57:16.936+0000] {logging_mixin.py:151} INFO - [2024-10-02T01:57:16.936+0000] {dagbag.py:539} INFO - Filling up the DagBag from /home/airflow/.local/lib/python3.8/site-packages/airflow/example_dags/example_setup_teardown.py
[2024-10-02T01:57:17.027+0000] {processor.py:839} INFO - DAG(s) dict_keys(['example_setup_teardown']) retrieved from /home/airflow/.local/lib/python3.8/site-packages/airflow/example_dags/example_setup_teardown.py
[2024-10-02T01:57:17.273+0000] {logging_mixin.py:151} INFO - [2024-10-02T01:57:17.272+0000] {dag.py:2915} INFO - Sync 1 DAGs
[2024-10-02T01:57:17.321+0000] {logging_mixin.py:151} INFO - [2024-10-02T01:57:17.321+0000] {dag.py:3696} INFO - Setting next_dagrun for example_setup_teardown to 2024-10-01T01:57:17.320313+00:00, run_after=2024-10-02T01:57:17.320313+00:00
[2024-10-02T01:57:17.353+0000] {processor.py:179} INFO - Processing /home/airflow/.local/lib/python3.8/site-packages/airflow/example_dags/example_setup_teardown.py took 0.457 seconds
[2024-10-02T01:57:47.871+0000] {processor.py:157} INFO - Started process (PID=646) to work on /home/airflow/.local/lib/python3.8/site-packages/airflow/example_dags/example_setup_teardown.py
[2024-10-02T01:57:47.878+0000] {processor.py:829} INFO - Processing file /home/airflow/.local/lib/python3.8/site-packages/airflow/example_dags/example_setup_teardown.py for tasks to queue
[2024-10-02T01:57:47.883+0000] {logging_mixin.py:151} INFO - [2024-10-02T01:57:47.882+0000] {dagbag.py:539} INFO - Filling up the DagBag from /home/airflow/.local/lib/python3.8/site-packages/airflow/example_dags/example_setup_teardown.py
[2024-10-02T01:57:47.903+0000] {processor.py:839} INFO - DAG(s) dict_keys(['example_setup_teardown']) retrieved from /home/airflow/.local/lib/python3.8/site-packages/airflow/example_dags/example_setup_teardown.py
[2024-10-02T01:57:47.950+0000] {logging_mixin.py:151} INFO - [2024-10-02T01:57:47.950+0000] {dag.py:2915} INFO - Sync 1 DAGs
[2024-10-02T01:57:47.983+0000] {logging_mixin.py:151} INFO - [2024-10-02T01:57:47.983+0000] {dag.py:3696} INFO - Setting next_dagrun for example_setup_teardown to 2024-10-01T01:57:47.982212+00:00, run_after=2024-10-02T01:57:47.982212+00:00
[2024-10-02T01:57:48.009+0000] {processor.py:179} INFO - Processing /home/airflow/.local/lib/python3.8/site-packages/airflow/example_dags/example_setup_teardown.py took 0.142 seconds
[2024-10-02T01:58:18.839+0000] {processor.py:157} INFO - Started process (PID=694) to work on /home/airflow/.local/lib/python3.8/site-packages/airflow/example_dags/example_setup_teardown.py
[2024-10-02T01:58:18.842+0000] {processor.py:829} INFO - Processing file /home/airflow/.local/lib/python3.8/site-packages/airflow/example_dags/example_setup_teardown.py for tasks to queue
[2024-10-02T01:58:18.846+0000] {logging_mixin.py:151} INFO - [2024-10-02T01:58:18.845+0000] {dagbag.py:539} INFO - Filling up the DagBag from /home/airflow/.local/lib/python3.8/site-packages/airflow/example_dags/example_setup_teardown.py
[2024-10-02T01:58:18.865+0000] {processor.py:839} INFO - DAG(s) dict_keys(['example_setup_teardown']) retrieved from /home/airflow/.local/lib/python3.8/site-packages/airflow/example_dags/example_setup_teardown.py
[2024-10-02T01:58:18.905+0000] {logging_mixin.py:151} INFO - [2024-10-02T01:58:18.904+0000] {dag.py:2915} INFO - Sync 1 DAGs
[2024-10-02T01:58:18.936+0000] {logging_mixin.py:151} INFO - [2024-10-02T01:58:18.935+0000] {dag.py:3696} INFO - Setting next_dagrun for example_setup_teardown to 2024-10-01T01:58:18.934541+00:00, run_after=2024-10-02T01:58:18.934541+00:00
[2024-10-02T01:58:18.962+0000] {processor.py:179} INFO - Processing /home/airflow/.local/lib/python3.8/site-packages/airflow/example_dags/example_setup_teardown.py took 0.126 seconds
[2024-10-02T01:58:49.547+0000] {processor.py:157} INFO - Started process (PID=742) to work on /home/airflow/.local/lib/python3.8/site-packages/airflow/example_dags/example_setup_teardown.py
[2024-10-02T01:58:49.552+0000] {processor.py:829} INFO - Processing file /home/airflow/.local/lib/python3.8/site-packages/airflow/example_dags/example_setup_teardown.py for tasks to queue
[2024-10-02T01:58:49.557+0000] {logging_mixin.py:151} INFO - [2024-10-02T01:58:49.557+0000] {dagbag.py:539} INFO - Filling up the DagBag from /home/airflow/.local/lib/python3.8/site-packages/airflow/example_dags/example_setup_teardown.py
[2024-10-02T01:58:49.579+0000] {processor.py:839} INFO - DAG(s) dict_keys(['example_setup_teardown']) retrieved from /home/airflow/.local/lib/python3.8/site-packages/airflow/example_dags/example_setup_teardown.py
[2024-10-02T01:58:49.640+0000] {logging_mixin.py:151} INFO - [2024-10-02T01:58:49.640+0000] {dag.py:2915} INFO - Sync 1 DAGs
[2024-10-02T01:58:49.675+0000] {logging_mixin.py:151} INFO - [2024-10-02T01:58:49.674+0000] {dag.py:3696} INFO - Setting next_dagrun for example_setup_teardown to 2024-10-01T01:58:49.673420+00:00, run_after=2024-10-02T01:58:49.673420+00:00
[2024-10-02T01:58:49.712+0000] {processor.py:179} INFO - Processing /home/airflow/.local/lib/python3.8/site-packages/airflow/example_dags/example_setup_teardown.py took 0.171 seconds
[2024-10-02T01:59:20.416+0000] {processor.py:157} INFO - Started process (PID=790) to work on /home/airflow/.local/lib/python3.8/site-packages/airflow/example_dags/example_setup_teardown.py
[2024-10-02T01:59:20.421+0000] {processor.py:829} INFO - Processing file /home/airflow/.local/lib/python3.8/site-packages/airflow/example_dags/example_setup_teardown.py for tasks to queue
[2024-10-02T01:59:20.428+0000] {logging_mixin.py:151} INFO - [2024-10-02T01:59:20.427+0000] {dagbag.py:539} INFO - Filling up the DagBag from /home/airflow/.local/lib/python3.8/site-packages/airflow/example_dags/example_setup_teardown.py
[2024-10-02T01:59:20.446+0000] {processor.py:839} INFO - DAG(s) dict_keys(['example_setup_teardown']) retrieved from /home/airflow/.local/lib/python3.8/site-packages/airflow/example_dags/example_setup_teardown.py
[2024-10-02T01:59:20.492+0000] {logging_mixin.py:151} INFO - [2024-10-02T01:59:20.491+0000] {dag.py:2915} INFO - Sync 1 DAGs
[2024-10-02T01:59:20.527+0000] {logging_mixin.py:151} INFO - [2024-10-02T01:59:20.526+0000] {dag.py:3696} INFO - Setting next_dagrun for example_setup_teardown to 2024-10-01T01:59:20.524094+00:00, run_after=2024-10-02T01:59:20.524094+00:00
[2024-10-02T01:59:20.565+0000] {processor.py:179} INFO - Processing /home/airflow/.local/lib/python3.8/site-packages/airflow/example_dags/example_setup_teardown.py took 0.155 seconds
[2024-10-02T01:59:51.435+0000] {processor.py:157} INFO - Started process (PID=838) to work on /home/airflow/.local/lib/python3.8/site-packages/airflow/example_dags/example_setup_teardown.py
[2024-10-02T01:59:51.439+0000] {processor.py:829} INFO - Processing file /home/airflow/.local/lib/python3.8/site-packages/airflow/example_dags/example_setup_teardown.py for tasks to queue
[2024-10-02T01:59:51.444+0000] {logging_mixin.py:151} INFO - [2024-10-02T01:59:51.443+0000] {dagbag.py:539} INFO - Filling up the DagBag from /home/airflow/.local/lib/python3.8/site-packages/airflow/example_dags/example_setup_teardown.py
[2024-10-02T01:59:51.457+0000] {processor.py:839} INFO - DAG(s) dict_keys(['example_setup_teardown']) retrieved from /home/airflow/.local/lib/python3.8/site-packages/airflow/example_dags/example_setup_teardown.py
[2024-10-02T01:59:51.509+0000] {logging_mixin.py:151} INFO - [2024-10-02T01:59:51.508+0000] {dag.py:2915} INFO - Sync 1 DAGs
[2024-10-02T01:59:51.537+0000] {logging_mixin.py:151} INFO - [2024-10-02T01:59:51.536+0000] {dag.py:3696} INFO - Setting next_dagrun for example_setup_teardown to 2024-10-01T01:59:51.535322+00:00, run_after=2024-10-02T01:59:51.535322+00:00
[2024-10-02T01:59:51.567+0000] {processor.py:179} INFO - Processing /home/airflow/.local/lib/python3.8/site-packages/airflow/example_dags/example_setup_teardown.py took 0.137 seconds
[2024-10-02T02:00:22.206+0000] {processor.py:157} INFO - Started process (PID=886) to work on /home/airflow/.local/lib/python3.8/site-packages/airflow/example_dags/example_setup_teardown.py
[2024-10-02T02:00:22.220+0000] {processor.py:829} INFO - Processing file /home/airflow/.local/lib/python3.8/site-packages/airflow/example_dags/example_setup_teardown.py for tasks to queue
[2024-10-02T02:00:22.236+0000] {logging_mixin.py:151} INFO - [2024-10-02T02:00:22.234+0000] {dagbag.py:539} INFO - Filling up the DagBag from /home/airflow/.local/lib/python3.8/site-packages/airflow/example_dags/example_setup_teardown.py
[2024-10-02T02:00:22.267+0000] {processor.py:839} INFO - DAG(s) dict_keys(['example_setup_teardown']) retrieved from /home/airflow/.local/lib/python3.8/site-packages/airflow/example_dags/example_setup_teardown.py
[2024-10-02T02:00:22.352+0000] {logging_mixin.py:151} INFO - [2024-10-02T02:00:22.351+0000] {dag.py:2915} INFO - Sync 1 DAGs
[2024-10-02T02:00:22.399+0000] {logging_mixin.py:151} INFO - [2024-10-02T02:00:22.398+0000] {dag.py:3696} INFO - Setting next_dagrun for example_setup_teardown to 2024-10-01T02:00:22.396919+00:00, run_after=2024-10-02T02:00:22.396919+00:00
[2024-10-02T02:00:22.441+0000] {processor.py:179} INFO - Processing /home/airflow/.local/lib/python3.8/site-packages/airflow/example_dags/example_setup_teardown.py took 0.240 seconds
[2024-10-02T02:00:52.619+0000] {processor.py:157} INFO - Started process (PID=934) to work on /home/airflow/.local/lib/python3.8/site-packages/airflow/example_dags/example_setup_teardown.py
[2024-10-02T02:00:52.624+0000] {processor.py:829} INFO - Processing file /home/airflow/.local/lib/python3.8/site-packages/airflow/example_dags/example_setup_teardown.py for tasks to queue
[2024-10-02T02:00:52.631+0000] {logging_mixin.py:151} INFO - [2024-10-02T02:00:52.631+0000] {dagbag.py:539} INFO - Filling up the DagBag from /home/airflow/.local/lib/python3.8/site-packages/airflow/example_dags/example_setup_teardown.py
[2024-10-02T02:00:52.644+0000] {processor.py:839} INFO - DAG(s) dict_keys(['example_setup_teardown']) retrieved from /home/airflow/.local/lib/python3.8/site-packages/airflow/example_dags/example_setup_teardown.py
[2024-10-02T02:00:52.685+0000] {logging_mixin.py:151} INFO - [2024-10-02T02:00:52.685+0000] {dag.py:2915} INFO - Sync 1 DAGs
[2024-10-02T02:00:52.730+0000] {logging_mixin.py:151} INFO - [2024-10-02T02:00:52.730+0000] {dag.py:3696} INFO - Setting next_dagrun for example_setup_teardown to 2024-10-01T02:00:52.729223+00:00, run_after=2024-10-02T02:00:52.729223+00:00
[2024-10-02T02:00:52.783+0000] {processor.py:179} INFO - Processing /home/airflow/.local/lib/python3.8/site-packages/airflow/example_dags/example_setup_teardown.py took 0.168 seconds
[2024-10-02T02:01:23.234+0000] {processor.py:157} INFO - Started process (PID=982) to work on /home/airflow/.local/lib/python3.8/site-packages/airflow/example_dags/example_setup_teardown.py
[2024-10-02T02:01:23.241+0000] {processor.py:829} INFO - Processing file /home/airflow/.local/lib/python3.8/site-packages/airflow/example_dags/example_setup_teardown.py for tasks to queue
[2024-10-02T02:01:23.249+0000] {logging_mixin.py:151} INFO - [2024-10-02T02:01:23.249+0000] {dagbag.py:539} INFO - Filling up the DagBag from /home/airflow/.local/lib/python3.8/site-packages/airflow/example_dags/example_setup_teardown.py
[2024-10-02T02:01:23.266+0000] {processor.py:839} INFO - DAG(s) dict_keys(['example_setup_teardown']) retrieved from /home/airflow/.local/lib/python3.8/site-packages/airflow/example_dags/example_setup_teardown.py
[2024-10-02T02:01:23.297+0000] {logging_mixin.py:151} INFO - [2024-10-02T02:01:23.297+0000] {dag.py:2915} INFO - Sync 1 DAGs
[2024-10-02T02:01:23.328+0000] {logging_mixin.py:151} INFO - [2024-10-02T02:01:23.328+0000] {dag.py:3696} INFO - Setting next_dagrun for example_setup_teardown to 2024-10-01T02:01:23.327006+00:00, run_after=2024-10-02T02:01:23.327006+00:00
[2024-10-02T02:01:23.357+0000] {processor.py:179} INFO - Processing /home/airflow/.local/lib/python3.8/site-packages/airflow/example_dags/example_setup_teardown.py took 0.128 seconds
[2024-10-02T02:03:14.020+0000] {processor.py:157} INFO - Started process (PID=37) to work on /home/airflow/.local/lib/python3.8/site-packages/airflow/example_dags/example_setup_teardown.py
[2024-10-02T02:03:14.043+0000] {processor.py:829} INFO - Processing file /home/airflow/.local/lib/python3.8/site-packages/airflow/example_dags/example_setup_teardown.py for tasks to queue
[2024-10-02T02:03:14.060+0000] {logging_mixin.py:151} INFO - [2024-10-02T02:03:14.059+0000] {dagbag.py:539} INFO - Filling up the DagBag from /home/airflow/.local/lib/python3.8/site-packages/airflow/example_dags/example_setup_teardown.py
[2024-10-02T02:03:14.212+0000] {processor.py:839} INFO - DAG(s) dict_keys(['example_setup_teardown']) retrieved from /home/airflow/.local/lib/python3.8/site-packages/airflow/example_dags/example_setup_teardown.py
[2024-10-02T02:03:15.182+0000] {logging_mixin.py:151} INFO - [2024-10-02T02:03:15.181+0000] {manager.py:499} INFO - Created Permission View: %s
[2024-10-02T02:03:15.229+0000] {logging_mixin.py:151} INFO - [2024-10-02T02:03:15.228+0000] {manager.py:499} INFO - Created Permission View: %s
[2024-10-02T02:03:15.249+0000] {logging_mixin.py:151} INFO - [2024-10-02T02:03:15.249+0000] {manager.py:499} INFO - Created Permission View: %s
[2024-10-02T02:03:15.253+0000] {logging_mixin.py:151} INFO - [2024-10-02T02:03:15.253+0000] {security.py:708} INFO - Not syncing DAG-level permissions for DAG 'DAG:example_setup_teardown' as access control is unset.
[2024-10-02T02:03:15.256+0000] {logging_mixin.py:151} INFO - [2024-10-02T02:03:15.256+0000] {dag.py:2915} INFO - Sync 1 DAGs
[2024-10-02T02:03:15.276+0000] {logging_mixin.py:151} INFO - [2024-10-02T02:03:15.275+0000] {dag.py:2937} INFO - Creating ORM DAG for example_setup_teardown
[2024-10-02T02:03:15.306+0000] {logging_mixin.py:151} INFO - [2024-10-02T02:03:15.305+0000] {dag.py:3696} INFO - Setting next_dagrun for example_setup_teardown to 2024-10-01T02:03:15.304063+00:00, run_after=2024-10-02T02:03:15.304063+00:00
[2024-10-02T02:03:15.367+0000] {processor.py:179} INFO - Processing /home/airflow/.local/lib/python3.8/site-packages/airflow/example_dags/example_setup_teardown.py took 1.359 seconds
[2024-10-02T02:06:10.433+0000] {processor.py:157} INFO - Started process (PID=37) to work on /home/airflow/.local/lib/python3.8/site-packages/airflow/example_dags/example_setup_teardown.py
[2024-10-02T02:06:10.438+0000] {processor.py:829} INFO - Processing file /home/airflow/.local/lib/python3.8/site-packages/airflow/example_dags/example_setup_teardown.py for tasks to queue
[2024-10-02T02:06:10.452+0000] {logging_mixin.py:151} INFO - [2024-10-02T02:06:10.451+0000] {dagbag.py:539} INFO - Filling up the DagBag from /home/airflow/.local/lib/python3.8/site-packages/airflow/example_dags/example_setup_teardown.py
[2024-10-02T02:06:10.532+0000] {processor.py:839} INFO - DAG(s) dict_keys(['example_setup_teardown']) retrieved from /home/airflow/.local/lib/python3.8/site-packages/airflow/example_dags/example_setup_teardown.py
[2024-10-02T02:06:10.976+0000] {logging_mixin.py:151} INFO - [2024-10-02T02:06:10.975+0000] {manager.py:499} INFO - Created Permission View: %s
[2024-10-02T02:06:11.055+0000] {logging_mixin.py:151} INFO - [2024-10-02T02:06:11.055+0000] {manager.py:499} INFO - Created Permission View: %s
[2024-10-02T02:06:11.093+0000] {logging_mixin.py:151} INFO - [2024-10-02T02:06:11.093+0000] {manager.py:499} INFO - Created Permission View: %s
[2024-10-02T02:06:11.105+0000] {logging_mixin.py:151} INFO - [2024-10-02T02:06:11.105+0000] {security.py:708} INFO - Not syncing DAG-level permissions for DAG 'DAG:example_setup_teardown' as access control is unset.
[2024-10-02T02:06:11.123+0000] {logging_mixin.py:151} INFO - [2024-10-02T02:06:11.123+0000] {dag.py:2915} INFO - Sync 1 DAGs
[2024-10-02T02:06:11.156+0000] {logging_mixin.py:151} INFO - [2024-10-02T02:06:11.156+0000] {dag.py:2937} INFO - Creating ORM DAG for example_setup_teardown
[2024-10-02T02:06:11.212+0000] {logging_mixin.py:151} INFO - [2024-10-02T02:06:11.209+0000] {dag.py:3696} INFO - Setting next_dagrun for example_setup_teardown to 2024-10-01T02:06:11.196259+00:00, run_after=2024-10-02T02:06:11.196259+00:00
[2024-10-02T02:06:11.448+0000] {processor.py:179} INFO - Processing /home/airflow/.local/lib/python3.8/site-packages/airflow/example_dags/example_setup_teardown.py took 1.036 seconds
[2024-10-02T02:06:41.840+0000] {processor.py:157} INFO - Started process (PID=85) to work on /home/airflow/.local/lib/python3.8/site-packages/airflow/example_dags/example_setup_teardown.py
[2024-10-02T02:06:41.843+0000] {processor.py:829} INFO - Processing file /home/airflow/.local/lib/python3.8/site-packages/airflow/example_dags/example_setup_teardown.py for tasks to queue
[2024-10-02T02:06:41.847+0000] {logging_mixin.py:151} INFO - [2024-10-02T02:06:41.847+0000] {dagbag.py:539} INFO - Filling up the DagBag from /home/airflow/.local/lib/python3.8/site-packages/airflow/example_dags/example_setup_teardown.py
[2024-10-02T02:06:41.861+0000] {processor.py:839} INFO - DAG(s) dict_keys(['example_setup_teardown']) retrieved from /home/airflow/.local/lib/python3.8/site-packages/airflow/example_dags/example_setup_teardown.py
[2024-10-02T02:06:41.891+0000] {logging_mixin.py:151} INFO - [2024-10-02T02:06:41.891+0000] {dag.py:2915} INFO - Sync 1 DAGs
[2024-10-02T02:06:41.928+0000] {logging_mixin.py:151} INFO - [2024-10-02T02:06:41.928+0000] {dag.py:3696} INFO - Setting next_dagrun for example_setup_teardown to 2024-10-01T02:06:41.926806+00:00, run_after=2024-10-02T02:06:41.926806+00:00
[2024-10-02T02:06:41.955+0000] {processor.py:179} INFO - Processing /home/airflow/.local/lib/python3.8/site-packages/airflow/example_dags/example_setup_teardown.py took 0.120 seconds
[2024-10-02T02:07:12.410+0000] {processor.py:157} INFO - Started process (PID=133) to work on /home/airflow/.local/lib/python3.8/site-packages/airflow/example_dags/example_setup_teardown.py
[2024-10-02T02:07:12.422+0000] {processor.py:829} INFO - Processing file /home/airflow/.local/lib/python3.8/site-packages/airflow/example_dags/example_setup_teardown.py for tasks to queue
[2024-10-02T02:07:12.434+0000] {logging_mixin.py:151} INFO - [2024-10-02T02:07:12.433+0000] {dagbag.py:539} INFO - Filling up the DagBag from /home/airflow/.local/lib/python3.8/site-packages/airflow/example_dags/example_setup_teardown.py
[2024-10-02T02:07:12.456+0000] {processor.py:839} INFO - DAG(s) dict_keys(['example_setup_teardown']) retrieved from /home/airflow/.local/lib/python3.8/site-packages/airflow/example_dags/example_setup_teardown.py
[2024-10-02T02:07:12.501+0000] {logging_mixin.py:151} INFO - [2024-10-02T02:07:12.500+0000] {dag.py:2915} INFO - Sync 1 DAGs
[2024-10-02T02:07:12.535+0000] {logging_mixin.py:151} INFO - [2024-10-02T02:07:12.534+0000] {dag.py:3696} INFO - Setting next_dagrun for example_setup_teardown to 2024-10-01T02:07:12.532794+00:00, run_after=2024-10-02T02:07:12.532794+00:00
[2024-10-02T02:07:12.584+0000] {processor.py:179} INFO - Processing /home/airflow/.local/lib/python3.8/site-packages/airflow/example_dags/example_setup_teardown.py took 0.179 seconds
[2024-10-02T02:07:42.732+0000] {processor.py:157} INFO - Started process (PID=181) to work on /home/airflow/.local/lib/python3.8/site-packages/airflow/example_dags/example_setup_teardown.py
[2024-10-02T02:07:42.735+0000] {processor.py:829} INFO - Processing file /home/airflow/.local/lib/python3.8/site-packages/airflow/example_dags/example_setup_teardown.py for tasks to queue
[2024-10-02T02:07:42.739+0000] {logging_mixin.py:151} INFO - [2024-10-02T02:07:42.738+0000] {dagbag.py:539} INFO - Filling up the DagBag from /home/airflow/.local/lib/python3.8/site-packages/airflow/example_dags/example_setup_teardown.py
[2024-10-02T02:07:42.753+0000] {processor.py:839} INFO - DAG(s) dict_keys(['example_setup_teardown']) retrieved from /home/airflow/.local/lib/python3.8/site-packages/airflow/example_dags/example_setup_teardown.py
[2024-10-02T02:07:42.787+0000] {logging_mixin.py:151} INFO - [2024-10-02T02:07:42.786+0000] {dag.py:2915} INFO - Sync 1 DAGs
[2024-10-02T02:07:42.816+0000] {logging_mixin.py:151} INFO - [2024-10-02T02:07:42.815+0000] {dag.py:3696} INFO - Setting next_dagrun for example_setup_teardown to 2024-10-01T02:07:42.814647+00:00, run_after=2024-10-02T02:07:42.814647+00:00
[2024-10-02T02:07:42.839+0000] {processor.py:179} INFO - Processing /home/airflow/.local/lib/python3.8/site-packages/airflow/example_dags/example_setup_teardown.py took 0.112 seconds
[2024-10-02T02:08:13.173+0000] {processor.py:157} INFO - Started process (PID=229) to work on /home/airflow/.local/lib/python3.8/site-packages/airflow/example_dags/example_setup_teardown.py
[2024-10-02T02:08:13.193+0000] {processor.py:829} INFO - Processing file /home/airflow/.local/lib/python3.8/site-packages/airflow/example_dags/example_setup_teardown.py for tasks to queue
[2024-10-02T02:08:13.257+0000] {logging_mixin.py:151} INFO - [2024-10-02T02:08:13.256+0000] {dagbag.py:539} INFO - Filling up the DagBag from /home/airflow/.local/lib/python3.8/site-packages/airflow/example_dags/example_setup_teardown.py
[2024-10-02T02:08:13.339+0000] {processor.py:839} INFO - DAG(s) dict_keys(['example_setup_teardown']) retrieved from /home/airflow/.local/lib/python3.8/site-packages/airflow/example_dags/example_setup_teardown.py
[2024-10-02T02:08:13.472+0000] {logging_mixin.py:151} INFO - [2024-10-02T02:08:13.471+0000] {dag.py:2915} INFO - Sync 1 DAGs
[2024-10-02T02:08:13.525+0000] {logging_mixin.py:151} INFO - [2024-10-02T02:08:13.524+0000] {dag.py:3696} INFO - Setting next_dagrun for example_setup_teardown to 2024-10-01T02:08:13.523018+00:00, run_after=2024-10-02T02:08:13.523018+00:00
[2024-10-02T02:08:13.568+0000] {processor.py:179} INFO - Processing /home/airflow/.local/lib/python3.8/site-packages/airflow/example_dags/example_setup_teardown.py took 0.495 seconds
[2024-10-02T02:08:44.010+0000] {processor.py:157} INFO - Started process (PID=277) to work on /home/airflow/.local/lib/python3.8/site-packages/airflow/example_dags/example_setup_teardown.py
[2024-10-02T02:08:44.014+0000] {processor.py:829} INFO - Processing file /home/airflow/.local/lib/python3.8/site-packages/airflow/example_dags/example_setup_teardown.py for tasks to queue
[2024-10-02T02:08:44.021+0000] {logging_mixin.py:151} INFO - [2024-10-02T02:08:44.019+0000] {dagbag.py:539} INFO - Filling up the DagBag from /home/airflow/.local/lib/python3.8/site-packages/airflow/example_dags/example_setup_teardown.py
[2024-10-02T02:08:44.053+0000] {processor.py:839} INFO - DAG(s) dict_keys(['example_setup_teardown']) retrieved from /home/airflow/.local/lib/python3.8/site-packages/airflow/example_dags/example_setup_teardown.py
[2024-10-02T02:08:44.117+0000] {logging_mixin.py:151} INFO - [2024-10-02T02:08:44.117+0000] {dag.py:2915} INFO - Sync 1 DAGs
[2024-10-02T02:08:44.155+0000] {logging_mixin.py:151} INFO - [2024-10-02T02:08:44.154+0000] {dag.py:3696} INFO - Setting next_dagrun for example_setup_teardown to 2024-10-01T02:08:44.152720+00:00, run_after=2024-10-02T02:08:44.152720+00:00
[2024-10-02T02:08:44.191+0000] {processor.py:179} INFO - Processing /home/airflow/.local/lib/python3.8/site-packages/airflow/example_dags/example_setup_teardown.py took 0.190 seconds
[2024-10-02T02:09:14.754+0000] {processor.py:157} INFO - Started process (PID=325) to work on /home/airflow/.local/lib/python3.8/site-packages/airflow/example_dags/example_setup_teardown.py
[2024-10-02T02:09:14.758+0000] {processor.py:829} INFO - Processing file /home/airflow/.local/lib/python3.8/site-packages/airflow/example_dags/example_setup_teardown.py for tasks to queue
[2024-10-02T02:09:14.765+0000] {logging_mixin.py:151} INFO - [2024-10-02T02:09:14.765+0000] {dagbag.py:539} INFO - Filling up the DagBag from /home/airflow/.local/lib/python3.8/site-packages/airflow/example_dags/example_setup_teardown.py
[2024-10-02T02:09:14.795+0000] {processor.py:839} INFO - DAG(s) dict_keys(['example_setup_teardown']) retrieved from /home/airflow/.local/lib/python3.8/site-packages/airflow/example_dags/example_setup_teardown.py
[2024-10-02T02:09:14.835+0000] {logging_mixin.py:151} INFO - [2024-10-02T02:09:14.834+0000] {dag.py:2915} INFO - Sync 1 DAGs
[2024-10-02T02:09:14.865+0000] {logging_mixin.py:151} INFO - [2024-10-02T02:09:14.865+0000] {dag.py:3696} INFO - Setting next_dagrun for example_setup_teardown to 2024-10-01T02:09:14.863836+00:00, run_after=2024-10-02T02:09:14.863836+00:00
[2024-10-02T02:09:14.890+0000] {processor.py:179} INFO - Processing /home/airflow/.local/lib/python3.8/site-packages/airflow/example_dags/example_setup_teardown.py took 0.141 seconds
[2024-10-02T02:09:45.895+0000] {processor.py:157} INFO - Started process (PID=373) to work on /home/airflow/.local/lib/python3.8/site-packages/airflow/example_dags/example_setup_teardown.py
[2024-10-02T02:09:45.900+0000] {processor.py:829} INFO - Processing file /home/airflow/.local/lib/python3.8/site-packages/airflow/example_dags/example_setup_teardown.py for tasks to queue
[2024-10-02T02:09:45.909+0000] {logging_mixin.py:151} INFO - [2024-10-02T02:09:45.907+0000] {dagbag.py:539} INFO - Filling up the DagBag from /home/airflow/.local/lib/python3.8/site-packages/airflow/example_dags/example_setup_teardown.py
[2024-10-02T02:09:45.928+0000] {processor.py:839} INFO - DAG(s) dict_keys(['example_setup_teardown']) retrieved from /home/airflow/.local/lib/python3.8/site-packages/airflow/example_dags/example_setup_teardown.py
[2024-10-02T02:09:45.990+0000] {logging_mixin.py:151} INFO - [2024-10-02T02:09:45.989+0000] {dag.py:2915} INFO - Sync 1 DAGs
[2024-10-02T02:09:46.040+0000] {logging_mixin.py:151} INFO - [2024-10-02T02:09:46.039+0000] {dag.py:3696} INFO - Setting next_dagrun for example_setup_teardown to 2024-10-01T02:09:46.038100+00:00, run_after=2024-10-02T02:09:46.038100+00:00
[2024-10-02T02:09:46.073+0000] {processor.py:179} INFO - Processing /home/airflow/.local/lib/python3.8/site-packages/airflow/example_dags/example_setup_teardown.py took 0.186 seconds
[2024-10-02T02:10:16.446+0000] {processor.py:157} INFO - Started process (PID=421) to work on /home/airflow/.local/lib/python3.8/site-packages/airflow/example_dags/example_setup_teardown.py
[2024-10-02T02:10:16.448+0000] {processor.py:829} INFO - Processing file /home/airflow/.local/lib/python3.8/site-packages/airflow/example_dags/example_setup_teardown.py for tasks to queue
[2024-10-02T02:10:16.454+0000] {logging_mixin.py:151} INFO - [2024-10-02T02:10:16.453+0000] {dagbag.py:539} INFO - Filling up the DagBag from /home/airflow/.local/lib/python3.8/site-packages/airflow/example_dags/example_setup_teardown.py
[2024-10-02T02:10:16.469+0000] {processor.py:839} INFO - DAG(s) dict_keys(['example_setup_teardown']) retrieved from /home/airflow/.local/lib/python3.8/site-packages/airflow/example_dags/example_setup_teardown.py
[2024-10-02T02:10:16.517+0000] {logging_mixin.py:151} INFO - [2024-10-02T02:10:16.517+0000] {dag.py:2915} INFO - Sync 1 DAGs
[2024-10-02T02:10:16.546+0000] {logging_mixin.py:151} INFO - [2024-10-02T02:10:16.546+0000] {dag.py:3696} INFO - Setting next_dagrun for example_setup_teardown to 2024-10-01T02:10:16.545302+00:00, run_after=2024-10-02T02:10:16.545302+00:00
[2024-10-02T02:10:16.569+0000] {processor.py:179} INFO - Processing /home/airflow/.local/lib/python3.8/site-packages/airflow/example_dags/example_setup_teardown.py took 0.128 seconds
