[2024-10-02 01:23:31,660] {scheduler_job.py:182} INFO - Started process (PID=48) to work on /home/airflow/.local/lib/python3.6/site-packages/airflow/example_dags/example_kubernetes_executor.py
[2024-10-02 01:23:31,664] {scheduler_job.py:629} INFO - Processing file /home/airflow/.local/lib/python3.6/site-packages/airflow/example_dags/example_kubernetes_executor.py for tasks to queue
[2024-10-02 01:23:31,666] {logging_mixin.py:104} INFO - [2024-10-02 01:23:31,666] {dagbag.py:451} INFO - Filling up the DagBag from /home/airflow/.local/lib/python3.6/site-packages/airflow/example_dags/example_kubernetes_executor.py
[2024-10-02 01:23:31,685] {scheduler_job.py:639} INFO - DAG(s) dict_keys(['example_kubernetes_executor']) retrieved from /home/airflow/.local/lib/python3.6/site-packages/airflow/example_dags/example_kubernetes_executor.py
[2024-10-02 01:23:31,741] {logging_mixin.py:104} INFO - [2024-10-02 01:23:31,741] {dag.py:1824} INFO - Sync 1 DAGs
[2024-10-02 01:23:31,752] {logging_mixin.py:104} INFO - [2024-10-02 01:23:31,752] {dag.py:1843} INFO - Creating ORM DAG for example_kubernetes_executor
[2024-10-02 01:23:31,929] {logging_mixin.py:104} INFO - [2024-10-02 01:23:31,895] {dag.py:2280} INFO - Setting next_dagrun for example_kubernetes_executor to None
[2024-10-02 01:23:32,080] {scheduler_job.py:190} INFO - Processing /home/airflow/.local/lib/python3.6/site-packages/airflow/example_dags/example_kubernetes_executor.py took 0.423 seconds
[2024-10-02 01:24:02,487] {scheduler_job.py:182} INFO - Started process (PID=72) to work on /home/airflow/.local/lib/python3.6/site-packages/airflow/example_dags/example_kubernetes_executor.py
[2024-10-02 01:24:02,489] {scheduler_job.py:629} INFO - Processing file /home/airflow/.local/lib/python3.6/site-packages/airflow/example_dags/example_kubernetes_executor.py for tasks to queue
[2024-10-02 01:24:02,492] {logging_mixin.py:104} INFO - [2024-10-02 01:24:02,492] {dagbag.py:451} INFO - Filling up the DagBag from /home/airflow/.local/lib/python3.6/site-packages/airflow/example_dags/example_kubernetes_executor.py
[2024-10-02 01:24:02,511] {scheduler_job.py:639} INFO - DAG(s) dict_keys(['example_kubernetes_executor']) retrieved from /home/airflow/.local/lib/python3.6/site-packages/airflow/example_dags/example_kubernetes_executor.py
[2024-10-02 01:24:02,544] {logging_mixin.py:104} INFO - [2024-10-02 01:24:02,544] {dag.py:1824} INFO - Sync 1 DAGs
[2024-10-02 01:24:02,566] {logging_mixin.py:104} INFO - [2024-10-02 01:24:02,565] {dag.py:2280} INFO - Setting next_dagrun for example_kubernetes_executor to None
[2024-10-02 01:24:02,579] {scheduler_job.py:190} INFO - Processing /home/airflow/.local/lib/python3.6/site-packages/airflow/example_dags/example_kubernetes_executor.py took 0.095 seconds
[2024-10-02 01:24:32,797] {scheduler_job.py:182} INFO - Started process (PID=99) to work on /home/airflow/.local/lib/python3.6/site-packages/airflow/example_dags/example_kubernetes_executor.py
[2024-10-02 01:24:32,799] {scheduler_job.py:629} INFO - Processing file /home/airflow/.local/lib/python3.6/site-packages/airflow/example_dags/example_kubernetes_executor.py for tasks to queue
[2024-10-02 01:24:32,800] {logging_mixin.py:104} INFO - [2024-10-02 01:24:32,800] {dagbag.py:451} INFO - Filling up the DagBag from /home/airflow/.local/lib/python3.6/site-packages/airflow/example_dags/example_kubernetes_executor.py
[2024-10-02 01:24:32,824] {scheduler_job.py:639} INFO - DAG(s) dict_keys(['example_kubernetes_executor']) retrieved from /home/airflow/.local/lib/python3.6/site-packages/airflow/example_dags/example_kubernetes_executor.py
[2024-10-02 01:24:32,858] {logging_mixin.py:104} INFO - [2024-10-02 01:24:32,858] {dag.py:1824} INFO - Sync 1 DAGs
[2024-10-02 01:24:32,878] {logging_mixin.py:104} INFO - [2024-10-02 01:24:32,878] {dag.py:2280} INFO - Setting next_dagrun for example_kubernetes_executor to None
[2024-10-02 01:24:32,890] {scheduler_job.py:190} INFO - Processing /home/airflow/.local/lib/python3.6/site-packages/airflow/example_dags/example_kubernetes_executor.py took 0.097 seconds
[2024-10-02 01:25:04,102] {scheduler_job.py:182} INFO - Started process (PID=127) to work on /home/airflow/.local/lib/python3.6/site-packages/airflow/example_dags/example_kubernetes_executor.py
[2024-10-02 01:25:04,108] {scheduler_job.py:629} INFO - Processing file /home/airflow/.local/lib/python3.6/site-packages/airflow/example_dags/example_kubernetes_executor.py for tasks to queue
[2024-10-02 01:25:04,110] {logging_mixin.py:104} INFO - [2024-10-02 01:25:04,110] {dagbag.py:451} INFO - Filling up the DagBag from /home/airflow/.local/lib/python3.6/site-packages/airflow/example_dags/example_kubernetes_executor.py
[2024-10-02 01:25:04,139] {scheduler_job.py:639} INFO - DAG(s) dict_keys(['example_kubernetes_executor']) retrieved from /home/airflow/.local/lib/python3.6/site-packages/airflow/example_dags/example_kubernetes_executor.py
[2024-10-02 01:25:04,199] {logging_mixin.py:104} INFO - [2024-10-02 01:25:04,199] {dag.py:1824} INFO - Sync 1 DAGs
[2024-10-02 01:25:04,229] {logging_mixin.py:104} INFO - [2024-10-02 01:25:04,229] {dag.py:2280} INFO - Setting next_dagrun for example_kubernetes_executor to None
[2024-10-02 01:25:04,250] {scheduler_job.py:190} INFO - Processing /home/airflow/.local/lib/python3.6/site-packages/airflow/example_dags/example_kubernetes_executor.py took 0.157 seconds
[2024-10-02 01:25:34,330] {scheduler_job.py:182} INFO - Started process (PID=154) to work on /home/airflow/.local/lib/python3.6/site-packages/airflow/example_dags/example_kubernetes_executor.py
[2024-10-02 01:25:34,332] {scheduler_job.py:629} INFO - Processing file /home/airflow/.local/lib/python3.6/site-packages/airflow/example_dags/example_kubernetes_executor.py for tasks to queue
[2024-10-02 01:25:34,333] {logging_mixin.py:104} INFO - [2024-10-02 01:25:34,333] {dagbag.py:451} INFO - Filling up the DagBag from /home/airflow/.local/lib/python3.6/site-packages/airflow/example_dags/example_kubernetes_executor.py
[2024-10-02 01:25:34,346] {scheduler_job.py:639} INFO - DAG(s) dict_keys(['example_kubernetes_executor']) retrieved from /home/airflow/.local/lib/python3.6/site-packages/airflow/example_dags/example_kubernetes_executor.py
[2024-10-02 01:25:34,374] {logging_mixin.py:104} INFO - [2024-10-02 01:25:34,374] {dag.py:1824} INFO - Sync 1 DAGs
[2024-10-02 01:25:34,386] {logging_mixin.py:104} INFO - [2024-10-02 01:25:34,386] {dag.py:2280} INFO - Setting next_dagrun for example_kubernetes_executor to None
[2024-10-02 01:25:34,396] {scheduler_job.py:190} INFO - Processing /home/airflow/.local/lib/python3.6/site-packages/airflow/example_dags/example_kubernetes_executor.py took 0.069 seconds
[2024-10-02 01:26:05,242] {scheduler_job.py:182} INFO - Started process (PID=177) to work on /home/airflow/.local/lib/python3.6/site-packages/airflow/example_dags/example_kubernetes_executor.py
[2024-10-02 01:26:05,246] {scheduler_job.py:629} INFO - Processing file /home/airflow/.local/lib/python3.6/site-packages/airflow/example_dags/example_kubernetes_executor.py for tasks to queue
[2024-10-02 01:26:05,250] {logging_mixin.py:104} INFO - [2024-10-02 01:26:05,250] {dagbag.py:451} INFO - Filling up the DagBag from /home/airflow/.local/lib/python3.6/site-packages/airflow/example_dags/example_kubernetes_executor.py
[2024-10-02 01:26:05,278] {scheduler_job.py:639} INFO - DAG(s) dict_keys(['example_kubernetes_executor']) retrieved from /home/airflow/.local/lib/python3.6/site-packages/airflow/example_dags/example_kubernetes_executor.py
[2024-10-02 01:26:05,315] {logging_mixin.py:104} INFO - [2024-10-02 01:26:05,314] {dag.py:1824} INFO - Sync 1 DAGs
[2024-10-02 01:26:05,343] {logging_mixin.py:104} INFO - [2024-10-02 01:26:05,342] {dag.py:2280} INFO - Setting next_dagrun for example_kubernetes_executor to None
[2024-10-02 01:26:05,361] {scheduler_job.py:190} INFO - Processing /home/airflow/.local/lib/python3.6/site-packages/airflow/example_dags/example_kubernetes_executor.py took 0.127 seconds
[2024-10-02 01:26:35,546] {scheduler_job.py:182} INFO - Started process (PID=205) to work on /home/airflow/.local/lib/python3.6/site-packages/airflow/example_dags/example_kubernetes_executor.py
[2024-10-02 01:26:35,549] {scheduler_job.py:629} INFO - Processing file /home/airflow/.local/lib/python3.6/site-packages/airflow/example_dags/example_kubernetes_executor.py for tasks to queue
[2024-10-02 01:26:35,552] {logging_mixin.py:104} INFO - [2024-10-02 01:26:35,552] {dagbag.py:451} INFO - Filling up the DagBag from /home/airflow/.local/lib/python3.6/site-packages/airflow/example_dags/example_kubernetes_executor.py
[2024-10-02 01:26:35,566] {scheduler_job.py:639} INFO - DAG(s) dict_keys(['example_kubernetes_executor']) retrieved from /home/airflow/.local/lib/python3.6/site-packages/airflow/example_dags/example_kubernetes_executor.py
[2024-10-02 01:26:35,593] {logging_mixin.py:104} INFO - [2024-10-02 01:26:35,593] {dag.py:1824} INFO - Sync 1 DAGs
[2024-10-02 01:26:35,611] {logging_mixin.py:104} INFO - [2024-10-02 01:26:35,610] {dag.py:2280} INFO - Setting next_dagrun for example_kubernetes_executor to None
[2024-10-02 01:26:35,620] {scheduler_job.py:190} INFO - Processing /home/airflow/.local/lib/python3.6/site-packages/airflow/example_dags/example_kubernetes_executor.py took 0.076 seconds
[2024-10-02 01:27:06,315] {scheduler_job.py:182} INFO - Started process (PID=231) to work on /home/airflow/.local/lib/python3.6/site-packages/airflow/example_dags/example_kubernetes_executor.py
[2024-10-02 01:27:06,321] {scheduler_job.py:629} INFO - Processing file /home/airflow/.local/lib/python3.6/site-packages/airflow/example_dags/example_kubernetes_executor.py for tasks to queue
[2024-10-02 01:27:06,327] {logging_mixin.py:104} INFO - [2024-10-02 01:27:06,326] {dagbag.py:451} INFO - Filling up the DagBag from /home/airflow/.local/lib/python3.6/site-packages/airflow/example_dags/example_kubernetes_executor.py
[2024-10-02 01:27:06,354] {scheduler_job.py:639} INFO - DAG(s) dict_keys(['example_kubernetes_executor']) retrieved from /home/airflow/.local/lib/python3.6/site-packages/airflow/example_dags/example_kubernetes_executor.py
[2024-10-02 01:27:06,391] {logging_mixin.py:104} INFO - [2024-10-02 01:27:06,391] {dag.py:1824} INFO - Sync 1 DAGs
[2024-10-02 01:27:06,419] {logging_mixin.py:104} INFO - [2024-10-02 01:27:06,419] {dag.py:2280} INFO - Setting next_dagrun for example_kubernetes_executor to None
[2024-10-02 01:27:06,437] {scheduler_job.py:190} INFO - Processing /home/airflow/.local/lib/python3.6/site-packages/airflow/example_dags/example_kubernetes_executor.py took 0.127 seconds
[2024-10-02 01:27:38,267] {scheduler_job.py:182} INFO - Started process (PID=258) to work on /home/airflow/.local/lib/python3.6/site-packages/airflow/example_dags/example_kubernetes_executor.py
[2024-10-02 01:27:38,270] {scheduler_job.py:629} INFO - Processing file /home/airflow/.local/lib/python3.6/site-packages/airflow/example_dags/example_kubernetes_executor.py for tasks to queue
[2024-10-02 01:27:38,272] {logging_mixin.py:104} INFO - [2024-10-02 01:27:38,272] {dagbag.py:451} INFO - Filling up the DagBag from /home/airflow/.local/lib/python3.6/site-packages/airflow/example_dags/example_kubernetes_executor.py
[2024-10-02 01:27:38,293] {scheduler_job.py:639} INFO - DAG(s) dict_keys(['example_kubernetes_executor']) retrieved from /home/airflow/.local/lib/python3.6/site-packages/airflow/example_dags/example_kubernetes_executor.py
[2024-10-02 01:27:38,326] {logging_mixin.py:104} INFO - [2024-10-02 01:27:38,325] {dag.py:1824} INFO - Sync 1 DAGs
[2024-10-02 01:27:38,352] {logging_mixin.py:104} INFO - [2024-10-02 01:27:38,352] {dag.py:2280} INFO - Setting next_dagrun for example_kubernetes_executor to None
[2024-10-02 01:27:38,380] {scheduler_job.py:190} INFO - Processing /home/airflow/.local/lib/python3.6/site-packages/airflow/example_dags/example_kubernetes_executor.py took 0.118 seconds
[2024-10-02 01:28:08,481] {scheduler_job.py:182} INFO - Started process (PID=285) to work on /home/airflow/.local/lib/python3.6/site-packages/airflow/example_dags/example_kubernetes_executor.py
[2024-10-02 01:28:08,483] {scheduler_job.py:629} INFO - Processing file /home/airflow/.local/lib/python3.6/site-packages/airflow/example_dags/example_kubernetes_executor.py for tasks to queue
[2024-10-02 01:28:08,485] {logging_mixin.py:104} INFO - [2024-10-02 01:28:08,485] {dagbag.py:451} INFO - Filling up the DagBag from /home/airflow/.local/lib/python3.6/site-packages/airflow/example_dags/example_kubernetes_executor.py
[2024-10-02 01:28:08,500] {scheduler_job.py:639} INFO - DAG(s) dict_keys(['example_kubernetes_executor']) retrieved from /home/airflow/.local/lib/python3.6/site-packages/airflow/example_dags/example_kubernetes_executor.py
[2024-10-02 01:28:08,526] {logging_mixin.py:104} INFO - [2024-10-02 01:28:08,526] {dag.py:1824} INFO - Sync 1 DAGs
[2024-10-02 01:28:08,542] {logging_mixin.py:104} INFO - [2024-10-02 01:28:08,542] {dag.py:2280} INFO - Setting next_dagrun for example_kubernetes_executor to None
[2024-10-02 01:28:08,551] {scheduler_job.py:190} INFO - Processing /home/airflow/.local/lib/python3.6/site-packages/airflow/example_dags/example_kubernetes_executor.py took 0.073 seconds
[2024-10-02 01:28:39,132] {scheduler_job.py:182} INFO - Started process (PID=307) to work on /home/airflow/.local/lib/python3.6/site-packages/airflow/example_dags/example_kubernetes_executor.py
[2024-10-02 01:28:39,135] {scheduler_job.py:629} INFO - Processing file /home/airflow/.local/lib/python3.6/site-packages/airflow/example_dags/example_kubernetes_executor.py for tasks to queue
[2024-10-02 01:28:39,137] {logging_mixin.py:104} INFO - [2024-10-02 01:28:39,136] {dagbag.py:451} INFO - Filling up the DagBag from /home/airflow/.local/lib/python3.6/site-packages/airflow/example_dags/example_kubernetes_executor.py
[2024-10-02 01:28:39,156] {scheduler_job.py:639} INFO - DAG(s) dict_keys(['example_kubernetes_executor']) retrieved from /home/airflow/.local/lib/python3.6/site-packages/airflow/example_dags/example_kubernetes_executor.py
[2024-10-02 01:28:39,191] {logging_mixin.py:104} INFO - [2024-10-02 01:28:39,191] {dag.py:1824} INFO - Sync 1 DAGs
[2024-10-02 01:28:39,213] {logging_mixin.py:104} INFO - [2024-10-02 01:28:39,213] {dag.py:2280} INFO - Setting next_dagrun for example_kubernetes_executor to None
[2024-10-02 01:28:39,224] {scheduler_job.py:190} INFO - Processing /home/airflow/.local/lib/python3.6/site-packages/airflow/example_dags/example_kubernetes_executor.py took 0.096 seconds
[2024-10-02T01:32:17.682+0000] {processor.py:157} INFO - Started process (PID=68) to work on /home/airflow/.local/lib/python3.8/site-packages/airflow/example_dags/example_kubernetes_executor.py
[2024-10-02T01:32:17.685+0000] {processor.py:829} INFO - Processing file /home/airflow/.local/lib/python3.8/site-packages/airflow/example_dags/example_kubernetes_executor.py for tasks to queue
[2024-10-02T01:32:17.689+0000] {logging_mixin.py:151} INFO - [2024-10-02T01:32:17.688+0000] {dagbag.py:539} INFO - Filling up the DagBag from /home/airflow/.local/lib/python3.8/site-packages/airflow/example_dags/example_kubernetes_executor.py
[2024-10-02T01:32:18.055+0000] {processor.py:839} INFO - DAG(s) dict_keys(['example_kubernetes_executor']) retrieved from /home/airflow/.local/lib/python3.8/site-packages/airflow/example_dags/example_kubernetes_executor.py
[2024-10-02T01:32:18.197+0000] {logging_mixin.py:151} INFO - [2024-10-02T01:32:18.197+0000] {manager.py:499} INFO - Created Permission View: %s
[2024-10-02T01:32:18.210+0000] {logging_mixin.py:151} INFO - [2024-10-02T01:32:18.210+0000] {manager.py:499} INFO - Created Permission View: %s
[2024-10-02T01:32:18.220+0000] {logging_mixin.py:151} INFO - [2024-10-02T01:32:18.219+0000] {manager.py:499} INFO - Created Permission View: %s
[2024-10-02T01:32:18.222+0000] {logging_mixin.py:151} INFO - [2024-10-02T01:32:18.221+0000] {security.py:708} INFO - Not syncing DAG-level permissions for DAG 'DAG:example_kubernetes_executor' as access control is unset.
[2024-10-02T01:32:18.223+0000] {logging_mixin.py:151} INFO - [2024-10-02T01:32:18.222+0000] {dag.py:2915} INFO - Sync 1 DAGs
[2024-10-02T01:32:18.237+0000] {logging_mixin.py:151} INFO - [2024-10-02T01:32:18.236+0000] {dag.py:2937} INFO - Creating ORM DAG for example_kubernetes_executor
[2024-10-02T01:32:18.239+0000] {logging_mixin.py:151} INFO - [2024-10-02T01:32:18.238+0000] {dag.py:3696} INFO - Setting next_dagrun for example_kubernetes_executor to None, run_after=None
[2024-10-02T01:32:18.256+0000] {processor.py:179} INFO - Processing /home/airflow/.local/lib/python3.8/site-packages/airflow/example_dags/example_kubernetes_executor.py took 0.578 seconds
[2024-10-02T01:32:48.942+0000] {processor.py:157} INFO - Started process (PID=116) to work on /home/airflow/.local/lib/python3.8/site-packages/airflow/example_dags/example_kubernetes_executor.py
[2024-10-02T01:32:48.953+0000] {processor.py:829} INFO - Processing file /home/airflow/.local/lib/python3.8/site-packages/airflow/example_dags/example_kubernetes_executor.py for tasks to queue
[2024-10-02T01:32:48.959+0000] {logging_mixin.py:151} INFO - [2024-10-02T01:32:48.957+0000] {dagbag.py:539} INFO - Filling up the DagBag from /home/airflow/.local/lib/python3.8/site-packages/airflow/example_dags/example_kubernetes_executor.py
[2024-10-02T01:32:49.323+0000] {processor.py:839} INFO - DAG(s) dict_keys(['example_kubernetes_executor']) retrieved from /home/airflow/.local/lib/python3.8/site-packages/airflow/example_dags/example_kubernetes_executor.py
[2024-10-02T01:32:49.407+0000] {logging_mixin.py:151} INFO - [2024-10-02T01:32:49.406+0000] {dag.py:2915} INFO - Sync 1 DAGs
[2024-10-02T01:32:49.434+0000] {logging_mixin.py:151} INFO - [2024-10-02T01:32:49.434+0000] {dag.py:3696} INFO - Setting next_dagrun for example_kubernetes_executor to None, run_after=None
[2024-10-02T01:32:49.488+0000] {processor.py:179} INFO - Processing /home/airflow/.local/lib/python3.8/site-packages/airflow/example_dags/example_kubernetes_executor.py took 0.554 seconds
[2024-10-02T01:33:19.681+0000] {processor.py:157} INFO - Started process (PID=167) to work on /home/airflow/.local/lib/python3.8/site-packages/airflow/example_dags/example_kubernetes_executor.py
[2024-10-02T01:33:19.683+0000] {processor.py:829} INFO - Processing file /home/airflow/.local/lib/python3.8/site-packages/airflow/example_dags/example_kubernetes_executor.py for tasks to queue
[2024-10-02T01:33:19.687+0000] {logging_mixin.py:151} INFO - [2024-10-02T01:33:19.686+0000] {dagbag.py:539} INFO - Filling up the DagBag from /home/airflow/.local/lib/python3.8/site-packages/airflow/example_dags/example_kubernetes_executor.py
[2024-10-02T01:33:20.004+0000] {processor.py:839} INFO - DAG(s) dict_keys(['example_kubernetes_executor']) retrieved from /home/airflow/.local/lib/python3.8/site-packages/airflow/example_dags/example_kubernetes_executor.py
[2024-10-02T01:33:20.049+0000] {logging_mixin.py:151} INFO - [2024-10-02T01:33:20.048+0000] {dag.py:2915} INFO - Sync 1 DAGs
[2024-10-02T01:33:20.065+0000] {logging_mixin.py:151} INFO - [2024-10-02T01:33:20.065+0000] {dag.py:3696} INFO - Setting next_dagrun for example_kubernetes_executor to None, run_after=None
[2024-10-02T01:33:20.101+0000] {processor.py:179} INFO - Processing /home/airflow/.local/lib/python3.8/site-packages/airflow/example_dags/example_kubernetes_executor.py took 0.424 seconds
[2024-10-02T01:33:50.243+0000] {processor.py:157} INFO - Started process (PID=212) to work on /home/airflow/.local/lib/python3.8/site-packages/airflow/example_dags/example_kubernetes_executor.py
[2024-10-02T01:33:50.245+0000] {processor.py:829} INFO - Processing file /home/airflow/.local/lib/python3.8/site-packages/airflow/example_dags/example_kubernetes_executor.py for tasks to queue
[2024-10-02T01:33:50.248+0000] {logging_mixin.py:151} INFO - [2024-10-02T01:33:50.248+0000] {dagbag.py:539} INFO - Filling up the DagBag from /home/airflow/.local/lib/python3.8/site-packages/airflow/example_dags/example_kubernetes_executor.py
[2024-10-02T01:33:50.649+0000] {processor.py:839} INFO - DAG(s) dict_keys(['example_kubernetes_executor']) retrieved from /home/airflow/.local/lib/python3.8/site-packages/airflow/example_dags/example_kubernetes_executor.py
[2024-10-02T01:33:50.729+0000] {logging_mixin.py:151} INFO - [2024-10-02T01:33:50.728+0000] {dag.py:2915} INFO - Sync 1 DAGs
[2024-10-02T01:33:50.758+0000] {logging_mixin.py:151} INFO - [2024-10-02T01:33:50.758+0000] {dag.py:3696} INFO - Setting next_dagrun for example_kubernetes_executor to None, run_after=None
[2024-10-02T01:33:50.808+0000] {processor.py:179} INFO - Processing /home/airflow/.local/lib/python3.8/site-packages/airflow/example_dags/example_kubernetes_executor.py took 0.569 seconds
[2024-10-02T01:34:21.058+0000] {processor.py:157} INFO - Started process (PID=260) to work on /home/airflow/.local/lib/python3.8/site-packages/airflow/example_dags/example_kubernetes_executor.py
[2024-10-02T01:34:21.061+0000] {processor.py:829} INFO - Processing file /home/airflow/.local/lib/python3.8/site-packages/airflow/example_dags/example_kubernetes_executor.py for tasks to queue
[2024-10-02T01:34:21.067+0000] {logging_mixin.py:151} INFO - [2024-10-02T01:34:21.066+0000] {dagbag.py:539} INFO - Filling up the DagBag from /home/airflow/.local/lib/python3.8/site-packages/airflow/example_dags/example_kubernetes_executor.py
[2024-10-02T01:34:21.507+0000] {processor.py:839} INFO - DAG(s) dict_keys(['example_kubernetes_executor']) retrieved from /home/airflow/.local/lib/python3.8/site-packages/airflow/example_dags/example_kubernetes_executor.py
[2024-10-02T01:34:21.593+0000] {logging_mixin.py:151} INFO - [2024-10-02T01:34:21.592+0000] {dag.py:2915} INFO - Sync 1 DAGs
[2024-10-02T01:34:21.643+0000] {logging_mixin.py:151} INFO - [2024-10-02T01:34:21.642+0000] {dag.py:3696} INFO - Setting next_dagrun for example_kubernetes_executor to None, run_after=None
[2024-10-02T01:34:21.769+0000] {processor.py:179} INFO - Processing /home/airflow/.local/lib/python3.8/site-packages/airflow/example_dags/example_kubernetes_executor.py took 0.717 seconds
[2024-10-02T01:34:52.884+0000] {processor.py:157} INFO - Started process (PID=310) to work on /home/airflow/.local/lib/python3.8/site-packages/airflow/example_dags/example_kubernetes_executor.py
[2024-10-02T01:34:52.889+0000] {processor.py:829} INFO - Processing file /home/airflow/.local/lib/python3.8/site-packages/airflow/example_dags/example_kubernetes_executor.py for tasks to queue
[2024-10-02T01:34:52.896+0000] {logging_mixin.py:151} INFO - [2024-10-02T01:34:52.895+0000] {dagbag.py:539} INFO - Filling up the DagBag from /home/airflow/.local/lib/python3.8/site-packages/airflow/example_dags/example_kubernetes_executor.py
[2024-10-02T01:34:53.308+0000] {processor.py:839} INFO - DAG(s) dict_keys(['example_kubernetes_executor']) retrieved from /home/airflow/.local/lib/python3.8/site-packages/airflow/example_dags/example_kubernetes_executor.py
[2024-10-02T01:34:53.373+0000] {logging_mixin.py:151} INFO - [2024-10-02T01:34:53.373+0000] {dag.py:2915} INFO - Sync 1 DAGs
[2024-10-02T01:34:53.397+0000] {logging_mixin.py:151} INFO - [2024-10-02T01:34:53.397+0000] {dag.py:3696} INFO - Setting next_dagrun for example_kubernetes_executor to None, run_after=None
[2024-10-02T01:34:53.435+0000] {processor.py:179} INFO - Processing /home/airflow/.local/lib/python3.8/site-packages/airflow/example_dags/example_kubernetes_executor.py took 0.556 seconds
[2024-10-02T01:35:23.635+0000] {processor.py:157} INFO - Started process (PID=360) to work on /home/airflow/.local/lib/python3.8/site-packages/airflow/example_dags/example_kubernetes_executor.py
[2024-10-02T01:35:23.638+0000] {processor.py:829} INFO - Processing file /home/airflow/.local/lib/python3.8/site-packages/airflow/example_dags/example_kubernetes_executor.py for tasks to queue
[2024-10-02T01:35:23.644+0000] {logging_mixin.py:151} INFO - [2024-10-02T01:35:23.644+0000] {dagbag.py:539} INFO - Filling up the DagBag from /home/airflow/.local/lib/python3.8/site-packages/airflow/example_dags/example_kubernetes_executor.py
[2024-10-02T01:35:24.053+0000] {processor.py:839} INFO - DAG(s) dict_keys(['example_kubernetes_executor']) retrieved from /home/airflow/.local/lib/python3.8/site-packages/airflow/example_dags/example_kubernetes_executor.py
[2024-10-02T01:35:24.116+0000] {logging_mixin.py:151} INFO - [2024-10-02T01:35:24.115+0000] {dag.py:2915} INFO - Sync 1 DAGs
[2024-10-02T01:35:24.132+0000] {logging_mixin.py:151} INFO - [2024-10-02T01:35:24.132+0000] {dag.py:3696} INFO - Setting next_dagrun for example_kubernetes_executor to None, run_after=None
[2024-10-02T01:35:24.157+0000] {processor.py:179} INFO - Processing /home/airflow/.local/lib/python3.8/site-packages/airflow/example_dags/example_kubernetes_executor.py took 0.527 seconds
[2024-10-02T01:35:54.235+0000] {processor.py:157} INFO - Started process (PID=406) to work on /home/airflow/.local/lib/python3.8/site-packages/airflow/example_dags/example_kubernetes_executor.py
[2024-10-02T01:35:54.239+0000] {processor.py:829} INFO - Processing file /home/airflow/.local/lib/python3.8/site-packages/airflow/example_dags/example_kubernetes_executor.py for tasks to queue
[2024-10-02T01:35:54.244+0000] {logging_mixin.py:151} INFO - [2024-10-02T01:35:54.244+0000] {dagbag.py:539} INFO - Filling up the DagBag from /home/airflow/.local/lib/python3.8/site-packages/airflow/example_dags/example_kubernetes_executor.py
[2024-10-02T01:35:54.649+0000] {processor.py:839} INFO - DAG(s) dict_keys(['example_kubernetes_executor']) retrieved from /home/airflow/.local/lib/python3.8/site-packages/airflow/example_dags/example_kubernetes_executor.py
[2024-10-02T01:35:54.709+0000] {logging_mixin.py:151} INFO - [2024-10-02T01:35:54.708+0000] {dag.py:2915} INFO - Sync 1 DAGs
[2024-10-02T01:35:54.732+0000] {logging_mixin.py:151} INFO - [2024-10-02T01:35:54.732+0000] {dag.py:3696} INFO - Setting next_dagrun for example_kubernetes_executor to None, run_after=None
[2024-10-02T01:35:54.771+0000] {processor.py:179} INFO - Processing /home/airflow/.local/lib/python3.8/site-packages/airflow/example_dags/example_kubernetes_executor.py took 0.540 seconds
[2024-10-02T01:36:25.146+0000] {processor.py:157} INFO - Started process (PID=454) to work on /home/airflow/.local/lib/python3.8/site-packages/airflow/example_dags/example_kubernetes_executor.py
[2024-10-02T01:36:25.152+0000] {processor.py:829} INFO - Processing file /home/airflow/.local/lib/python3.8/site-packages/airflow/example_dags/example_kubernetes_executor.py for tasks to queue
[2024-10-02T01:36:25.160+0000] {logging_mixin.py:151} INFO - [2024-10-02T01:36:25.159+0000] {dagbag.py:539} INFO - Filling up the DagBag from /home/airflow/.local/lib/python3.8/site-packages/airflow/example_dags/example_kubernetes_executor.py
[2024-10-02T01:36:25.545+0000] {processor.py:839} INFO - DAG(s) dict_keys(['example_kubernetes_executor']) retrieved from /home/airflow/.local/lib/python3.8/site-packages/airflow/example_dags/example_kubernetes_executor.py
[2024-10-02T01:36:25.616+0000] {logging_mixin.py:151} INFO - [2024-10-02T01:36:25.615+0000] {dag.py:2915} INFO - Sync 1 DAGs
[2024-10-02T01:36:25.635+0000] {logging_mixin.py:151} INFO - [2024-10-02T01:36:25.635+0000] {dag.py:3696} INFO - Setting next_dagrun for example_kubernetes_executor to None, run_after=None
[2024-10-02T01:36:25.667+0000] {processor.py:179} INFO - Processing /home/airflow/.local/lib/python3.8/site-packages/airflow/example_dags/example_kubernetes_executor.py took 0.535 seconds
[2024-10-02T01:36:56.196+0000] {processor.py:157} INFO - Started process (PID=502) to work on /home/airflow/.local/lib/python3.8/site-packages/airflow/example_dags/example_kubernetes_executor.py
[2024-10-02T01:36:56.200+0000] {processor.py:829} INFO - Processing file /home/airflow/.local/lib/python3.8/site-packages/airflow/example_dags/example_kubernetes_executor.py for tasks to queue
[2024-10-02T01:36:56.205+0000] {logging_mixin.py:151} INFO - [2024-10-02T01:36:56.204+0000] {dagbag.py:539} INFO - Filling up the DagBag from /home/airflow/.local/lib/python3.8/site-packages/airflow/example_dags/example_kubernetes_executor.py
[2024-10-02T01:36:57.111+0000] {processor.py:839} INFO - DAG(s) dict_keys(['example_kubernetes_executor']) retrieved from /home/airflow/.local/lib/python3.8/site-packages/airflow/example_dags/example_kubernetes_executor.py
[2024-10-02T01:36:57.188+0000] {logging_mixin.py:151} INFO - [2024-10-02T01:36:57.187+0000] {dag.py:2915} INFO - Sync 1 DAGs
[2024-10-02T01:36:57.225+0000] {logging_mixin.py:151} INFO - [2024-10-02T01:36:57.225+0000] {dag.py:3696} INFO - Setting next_dagrun for example_kubernetes_executor to None, run_after=None
[2024-10-02T01:36:57.273+0000] {processor.py:179} INFO - Processing /home/airflow/.local/lib/python3.8/site-packages/airflow/example_dags/example_kubernetes_executor.py took 1.079 seconds
[2024-10-02T01:37:27.541+0000] {processor.py:157} INFO - Started process (PID=551) to work on /home/airflow/.local/lib/python3.8/site-packages/airflow/example_dags/example_kubernetes_executor.py
[2024-10-02T01:37:27.546+0000] {processor.py:829} INFO - Processing file /home/airflow/.local/lib/python3.8/site-packages/airflow/example_dags/example_kubernetes_executor.py for tasks to queue
[2024-10-02T01:37:27.552+0000] {logging_mixin.py:151} INFO - [2024-10-02T01:37:27.551+0000] {dagbag.py:539} INFO - Filling up the DagBag from /home/airflow/.local/lib/python3.8/site-packages/airflow/example_dags/example_kubernetes_executor.py
[2024-10-02T01:37:28.183+0000] {processor.py:839} INFO - DAG(s) dict_keys(['example_kubernetes_executor']) retrieved from /home/airflow/.local/lib/python3.8/site-packages/airflow/example_dags/example_kubernetes_executor.py
[2024-10-02T01:37:28.322+0000] {logging_mixin.py:151} INFO - [2024-10-02T01:37:28.320+0000] {dag.py:2915} INFO - Sync 1 DAGs
[2024-10-02T01:37:28.345+0000] {logging_mixin.py:151} INFO - [2024-10-02T01:37:28.344+0000] {dag.py:3696} INFO - Setting next_dagrun for example_kubernetes_executor to None, run_after=None
[2024-10-02T01:37:28.382+0000] {processor.py:179} INFO - Processing /home/airflow/.local/lib/python3.8/site-packages/airflow/example_dags/example_kubernetes_executor.py took 0.846 seconds
[2024-10-02T01:37:58.535+0000] {processor.py:157} INFO - Started process (PID=603) to work on /home/airflow/.local/lib/python3.8/site-packages/airflow/example_dags/example_kubernetes_executor.py
[2024-10-02T01:37:58.542+0000] {processor.py:829} INFO - Processing file /home/airflow/.local/lib/python3.8/site-packages/airflow/example_dags/example_kubernetes_executor.py for tasks to queue
[2024-10-02T01:37:58.549+0000] {logging_mixin.py:151} INFO - [2024-10-02T01:37:58.548+0000] {dagbag.py:539} INFO - Filling up the DagBag from /home/airflow/.local/lib/python3.8/site-packages/airflow/example_dags/example_kubernetes_executor.py
[2024-10-02T01:37:59.007+0000] {processor.py:839} INFO - DAG(s) dict_keys(['example_kubernetes_executor']) retrieved from /home/airflow/.local/lib/python3.8/site-packages/airflow/example_dags/example_kubernetes_executor.py
[2024-10-02T01:37:59.068+0000] {logging_mixin.py:151} INFO - [2024-10-02T01:37:59.068+0000] {dag.py:2915} INFO - Sync 1 DAGs
[2024-10-02T01:37:59.087+0000] {logging_mixin.py:151} INFO - [2024-10-02T01:37:59.087+0000] {dag.py:3696} INFO - Setting next_dagrun for example_kubernetes_executor to None, run_after=None
[2024-10-02T01:37:59.134+0000] {processor.py:179} INFO - Processing /home/airflow/.local/lib/python3.8/site-packages/airflow/example_dags/example_kubernetes_executor.py took 0.607 seconds
[2024-10-02T01:38:29.930+0000] {processor.py:157} INFO - Started process (PID=651) to work on /home/airflow/.local/lib/python3.8/site-packages/airflow/example_dags/example_kubernetes_executor.py
[2024-10-02T01:38:29.933+0000] {processor.py:829} INFO - Processing file /home/airflow/.local/lib/python3.8/site-packages/airflow/example_dags/example_kubernetes_executor.py for tasks to queue
[2024-10-02T01:38:29.939+0000] {logging_mixin.py:151} INFO - [2024-10-02T01:38:29.938+0000] {dagbag.py:539} INFO - Filling up the DagBag from /home/airflow/.local/lib/python3.8/site-packages/airflow/example_dags/example_kubernetes_executor.py
[2024-10-02T01:38:30.327+0000] {processor.py:839} INFO - DAG(s) dict_keys(['example_kubernetes_executor']) retrieved from /home/airflow/.local/lib/python3.8/site-packages/airflow/example_dags/example_kubernetes_executor.py
[2024-10-02T01:38:30.385+0000] {logging_mixin.py:151} INFO - [2024-10-02T01:38:30.384+0000] {dag.py:2915} INFO - Sync 1 DAGs
[2024-10-02T01:38:30.403+0000] {logging_mixin.py:151} INFO - [2024-10-02T01:38:30.403+0000] {dag.py:3696} INFO - Setting next_dagrun for example_kubernetes_executor to None, run_after=None
[2024-10-02T01:38:30.434+0000] {processor.py:179} INFO - Processing /home/airflow/.local/lib/python3.8/site-packages/airflow/example_dags/example_kubernetes_executor.py took 0.508 seconds
[2024-10-02T01:39:01.169+0000] {processor.py:157} INFO - Started process (PID=699) to work on /home/airflow/.local/lib/python3.8/site-packages/airflow/example_dags/example_kubernetes_executor.py
[2024-10-02T01:39:01.172+0000] {processor.py:829} INFO - Processing file /home/airflow/.local/lib/python3.8/site-packages/airflow/example_dags/example_kubernetes_executor.py for tasks to queue
[2024-10-02T01:39:01.176+0000] {logging_mixin.py:151} INFO - [2024-10-02T01:39:01.175+0000] {dagbag.py:539} INFO - Filling up the DagBag from /home/airflow/.local/lib/python3.8/site-packages/airflow/example_dags/example_kubernetes_executor.py
[2024-10-02T01:39:01.592+0000] {processor.py:839} INFO - DAG(s) dict_keys(['example_kubernetes_executor']) retrieved from /home/airflow/.local/lib/python3.8/site-packages/airflow/example_dags/example_kubernetes_executor.py
[2024-10-02T01:39:01.648+0000] {logging_mixin.py:151} INFO - [2024-10-02T01:39:01.648+0000] {dag.py:2915} INFO - Sync 1 DAGs
[2024-10-02T01:39:01.672+0000] {logging_mixin.py:151} INFO - [2024-10-02T01:39:01.672+0000] {dag.py:3696} INFO - Setting next_dagrun for example_kubernetes_executor to None, run_after=None
[2024-10-02T01:39:01.708+0000] {processor.py:179} INFO - Processing /home/airflow/.local/lib/python3.8/site-packages/airflow/example_dags/example_kubernetes_executor.py took 0.544 seconds
[2024-10-02T01:39:31.847+0000] {processor.py:157} INFO - Started process (PID=747) to work on /home/airflow/.local/lib/python3.8/site-packages/airflow/example_dags/example_kubernetes_executor.py
[2024-10-02T01:39:31.850+0000] {processor.py:829} INFO - Processing file /home/airflow/.local/lib/python3.8/site-packages/airflow/example_dags/example_kubernetes_executor.py for tasks to queue
[2024-10-02T01:39:31.856+0000] {logging_mixin.py:151} INFO - [2024-10-02T01:39:31.855+0000] {dagbag.py:539} INFO - Filling up the DagBag from /home/airflow/.local/lib/python3.8/site-packages/airflow/example_dags/example_kubernetes_executor.py
[2024-10-02T01:39:32.260+0000] {processor.py:839} INFO - DAG(s) dict_keys(['example_kubernetes_executor']) retrieved from /home/airflow/.local/lib/python3.8/site-packages/airflow/example_dags/example_kubernetes_executor.py
[2024-10-02T01:39:32.335+0000] {logging_mixin.py:151} INFO - [2024-10-02T01:39:32.335+0000] {dag.py:2915} INFO - Sync 1 DAGs
[2024-10-02T01:39:32.359+0000] {logging_mixin.py:151} INFO - [2024-10-02T01:39:32.359+0000] {dag.py:3696} INFO - Setting next_dagrun for example_kubernetes_executor to None, run_after=None
[2024-10-02T01:39:32.394+0000] {processor.py:179} INFO - Processing /home/airflow/.local/lib/python3.8/site-packages/airflow/example_dags/example_kubernetes_executor.py took 0.552 seconds
[2024-10-02T01:45:39.117+0000] {processor.py:157} INFO - Started process (PID=68) to work on /home/airflow/.local/lib/python3.8/site-packages/airflow/example_dags/example_kubernetes_executor.py
[2024-10-02T01:45:39.123+0000] {processor.py:829} INFO - Processing file /home/airflow/.local/lib/python3.8/site-packages/airflow/example_dags/example_kubernetes_executor.py for tasks to queue
[2024-10-02T01:45:39.128+0000] {logging_mixin.py:151} INFO - [2024-10-02T01:45:39.128+0000] {dagbag.py:539} INFO - Filling up the DagBag from /home/airflow/.local/lib/python3.8/site-packages/airflow/example_dags/example_kubernetes_executor.py
[2024-10-02T01:45:39.567+0000] {processor.py:839} INFO - DAG(s) dict_keys(['example_kubernetes_executor']) retrieved from /home/airflow/.local/lib/python3.8/site-packages/airflow/example_dags/example_kubernetes_executor.py
[2024-10-02T01:45:39.917+0000] {logging_mixin.py:151} INFO - [2024-10-02T01:45:39.917+0000] {manager.py:499} INFO - Created Permission View: %s
[2024-10-02T01:45:39.933+0000] {logging_mixin.py:151} INFO - [2024-10-02T01:45:39.933+0000] {manager.py:499} INFO - Created Permission View: %s
[2024-10-02T01:45:40.025+0000] {logging_mixin.py:151} INFO - [2024-10-02T01:45:40.024+0000] {manager.py:499} INFO - Created Permission View: %s
[2024-10-02T01:45:40.030+0000] {logging_mixin.py:151} INFO - [2024-10-02T01:45:40.029+0000] {security.py:708} INFO - Not syncing DAG-level permissions for DAG 'DAG:example_kubernetes_executor' as access control is unset.
[2024-10-02T01:45:40.033+0000] {logging_mixin.py:151} INFO - [2024-10-02T01:45:40.033+0000] {dag.py:2915} INFO - Sync 1 DAGs
[2024-10-02T01:45:40.078+0000] {logging_mixin.py:151} INFO - [2024-10-02T01:45:40.078+0000] {dag.py:2937} INFO - Creating ORM DAG for example_kubernetes_executor
[2024-10-02T01:45:40.081+0000] {logging_mixin.py:151} INFO - [2024-10-02T01:45:40.081+0000] {dag.py:3696} INFO - Setting next_dagrun for example_kubernetes_executor to None, run_after=None
[2024-10-02T01:45:40.110+0000] {processor.py:179} INFO - Processing /home/airflow/.local/lib/python3.8/site-packages/airflow/example_dags/example_kubernetes_executor.py took 0.997 seconds
[2024-10-02T01:46:10.932+0000] {processor.py:157} INFO - Started process (PID=117) to work on /home/airflow/.local/lib/python3.8/site-packages/airflow/example_dags/example_kubernetes_executor.py
[2024-10-02T01:46:10.935+0000] {processor.py:829} INFO - Processing file /home/airflow/.local/lib/python3.8/site-packages/airflow/example_dags/example_kubernetes_executor.py for tasks to queue
[2024-10-02T01:46:10.941+0000] {logging_mixin.py:151} INFO - [2024-10-02T01:46:10.940+0000] {dagbag.py:539} INFO - Filling up the DagBag from /home/airflow/.local/lib/python3.8/site-packages/airflow/example_dags/example_kubernetes_executor.py
[2024-10-02T01:47:05.665+0000] {processor.py:157} INFO - Started process (PID=68) to work on /home/airflow/.local/lib/python3.8/site-packages/airflow/example_dags/example_kubernetes_executor.py
[2024-10-02T01:47:05.672+0000] {processor.py:829} INFO - Processing file /home/airflow/.local/lib/python3.8/site-packages/airflow/example_dags/example_kubernetes_executor.py for tasks to queue
[2024-10-02T01:47:05.679+0000] {logging_mixin.py:151} INFO - [2024-10-02T01:47:05.678+0000] {dagbag.py:539} INFO - Filling up the DagBag from /home/airflow/.local/lib/python3.8/site-packages/airflow/example_dags/example_kubernetes_executor.py
[2024-10-02T01:47:06.109+0000] {processor.py:839} INFO - DAG(s) dict_keys(['example_kubernetes_executor']) retrieved from /home/airflow/.local/lib/python3.8/site-packages/airflow/example_dags/example_kubernetes_executor.py
[2024-10-02T01:47:06.138+0000] {logging_mixin.py:151} INFO - [2024-10-02T01:47:06.137+0000] {dag.py:2915} INFO - Sync 1 DAGs
[2024-10-02T01:47:06.159+0000] {logging_mixin.py:151} INFO - [2024-10-02T01:47:06.159+0000] {dag.py:3696} INFO - Setting next_dagrun for example_kubernetes_executor to None, run_after=None
[2024-10-02T01:47:06.191+0000] {processor.py:179} INFO - Processing /home/airflow/.local/lib/python3.8/site-packages/airflow/example_dags/example_kubernetes_executor.py took 0.531 seconds
[2024-10-02T01:47:36.338+0000] {processor.py:157} INFO - Started process (PID=116) to work on /home/airflow/.local/lib/python3.8/site-packages/airflow/example_dags/example_kubernetes_executor.py
[2024-10-02T01:47:36.343+0000] {processor.py:829} INFO - Processing file /home/airflow/.local/lib/python3.8/site-packages/airflow/example_dags/example_kubernetes_executor.py for tasks to queue
[2024-10-02T01:47:36.349+0000] {logging_mixin.py:151} INFO - [2024-10-02T01:47:36.349+0000] {dagbag.py:539} INFO - Filling up the DagBag from /home/airflow/.local/lib/python3.8/site-packages/airflow/example_dags/example_kubernetes_executor.py
[2024-10-02T01:47:36.727+0000] {processor.py:839} INFO - DAG(s) dict_keys(['example_kubernetes_executor']) retrieved from /home/airflow/.local/lib/python3.8/site-packages/airflow/example_dags/example_kubernetes_executor.py
[2024-10-02T01:47:36.808+0000] {logging_mixin.py:151} INFO - [2024-10-02T01:47:36.807+0000] {dag.py:2915} INFO - Sync 1 DAGs
[2024-10-02T01:47:36.831+0000] {logging_mixin.py:151} INFO - [2024-10-02T01:47:36.830+0000] {dag.py:3696} INFO - Setting next_dagrun for example_kubernetes_executor to None, run_after=None
[2024-10-02T01:47:36.875+0000] {processor.py:179} INFO - Processing /home/airflow/.local/lib/python3.8/site-packages/airflow/example_dags/example_kubernetes_executor.py took 0.541 seconds
[2024-10-02T01:48:33.714+0000] {processor.py:157} INFO - Started process (PID=68) to work on /home/airflow/.local/lib/python3.8/site-packages/airflow/example_dags/example_kubernetes_executor.py
[2024-10-02T01:48:33.719+0000] {processor.py:829} INFO - Processing file /home/airflow/.local/lib/python3.8/site-packages/airflow/example_dags/example_kubernetes_executor.py for tasks to queue
[2024-10-02T01:48:33.725+0000] {logging_mixin.py:151} INFO - [2024-10-02T01:48:33.725+0000] {dagbag.py:539} INFO - Filling up the DagBag from /home/airflow/.local/lib/python3.8/site-packages/airflow/example_dags/example_kubernetes_executor.py
[2024-10-02T01:48:34.173+0000] {processor.py:839} INFO - DAG(s) dict_keys(['example_kubernetes_executor']) retrieved from /home/airflow/.local/lib/python3.8/site-packages/airflow/example_dags/example_kubernetes_executor.py
[2024-10-02T01:48:34.246+0000] {logging_mixin.py:151} INFO - [2024-10-02T01:48:34.245+0000] {dag.py:2915} INFO - Sync 1 DAGs
[2024-10-02T01:48:34.446+0000] {logging_mixin.py:151} INFO - [2024-10-02T01:48:34.445+0000] {dag.py:3696} INFO - Setting next_dagrun for example_kubernetes_executor to None, run_after=None
[2024-10-02T01:48:34.656+0000] {processor.py:179} INFO - Processing /home/airflow/.local/lib/python3.8/site-packages/airflow/example_dags/example_kubernetes_executor.py took 0.946 seconds
[2024-10-02T01:49:05.227+0000] {processor.py:157} INFO - Started process (PID=117) to work on /home/airflow/.local/lib/python3.8/site-packages/airflow/example_dags/example_kubernetes_executor.py
[2024-10-02T01:49:05.230+0000] {processor.py:829} INFO - Processing file /home/airflow/.local/lib/python3.8/site-packages/airflow/example_dags/example_kubernetes_executor.py for tasks to queue
[2024-10-02T01:49:05.235+0000] {logging_mixin.py:151} INFO - [2024-10-02T01:49:05.234+0000] {dagbag.py:539} INFO - Filling up the DagBag from /home/airflow/.local/lib/python3.8/site-packages/airflow/example_dags/example_kubernetes_executor.py
[2024-10-02T01:49:05.552+0000] {processor.py:839} INFO - DAG(s) dict_keys(['example_kubernetes_executor']) retrieved from /home/airflow/.local/lib/python3.8/site-packages/airflow/example_dags/example_kubernetes_executor.py
[2024-10-02T01:49:05.621+0000] {logging_mixin.py:151} INFO - [2024-10-02T01:49:05.621+0000] {dag.py:2915} INFO - Sync 1 DAGs
[2024-10-02T01:49:05.637+0000] {logging_mixin.py:151} INFO - [2024-10-02T01:49:05.636+0000] {dag.py:3696} INFO - Setting next_dagrun for example_kubernetes_executor to None, run_after=None
[2024-10-02T01:49:05.664+0000] {processor.py:179} INFO - Processing /home/airflow/.local/lib/python3.8/site-packages/airflow/example_dags/example_kubernetes_executor.py took 0.443 seconds
[2024-10-02T01:49:35.886+0000] {processor.py:157} INFO - Started process (PID=165) to work on /home/airflow/.local/lib/python3.8/site-packages/airflow/example_dags/example_kubernetes_executor.py
[2024-10-02T01:49:35.890+0000] {processor.py:829} INFO - Processing file /home/airflow/.local/lib/python3.8/site-packages/airflow/example_dags/example_kubernetes_executor.py for tasks to queue
[2024-10-02T01:49:35.896+0000] {logging_mixin.py:151} INFO - [2024-10-02T01:49:35.895+0000] {dagbag.py:539} INFO - Filling up the DagBag from /home/airflow/.local/lib/python3.8/site-packages/airflow/example_dags/example_kubernetes_executor.py
[2024-10-02T01:49:36.541+0000] {processor.py:839} INFO - DAG(s) dict_keys(['example_kubernetes_executor']) retrieved from /home/airflow/.local/lib/python3.8/site-packages/airflow/example_dags/example_kubernetes_executor.py
[2024-10-02T01:49:36.651+0000] {logging_mixin.py:151} INFO - [2024-10-02T01:49:36.650+0000] {dag.py:2915} INFO - Sync 1 DAGs
[2024-10-02T01:49:36.682+0000] {logging_mixin.py:151} INFO - [2024-10-02T01:49:36.682+0000] {dag.py:3696} INFO - Setting next_dagrun for example_kubernetes_executor to None, run_after=None
[2024-10-02T01:49:36.761+0000] {processor.py:179} INFO - Processing /home/airflow/.local/lib/python3.8/site-packages/airflow/example_dags/example_kubernetes_executor.py took 0.881 seconds
[2024-10-02T01:50:06.977+0000] {processor.py:157} INFO - Started process (PID=215) to work on /home/airflow/.local/lib/python3.8/site-packages/airflow/example_dags/example_kubernetes_executor.py
[2024-10-02T01:50:06.980+0000] {processor.py:829} INFO - Processing file /home/airflow/.local/lib/python3.8/site-packages/airflow/example_dags/example_kubernetes_executor.py for tasks to queue
[2024-10-02T01:50:06.986+0000] {logging_mixin.py:151} INFO - [2024-10-02T01:50:06.985+0000] {dagbag.py:539} INFO - Filling up the DagBag from /home/airflow/.local/lib/python3.8/site-packages/airflow/example_dags/example_kubernetes_executor.py
[2024-10-02T01:50:07.321+0000] {processor.py:839} INFO - DAG(s) dict_keys(['example_kubernetes_executor']) retrieved from /home/airflow/.local/lib/python3.8/site-packages/airflow/example_dags/example_kubernetes_executor.py
[2024-10-02T01:50:07.379+0000] {logging_mixin.py:151} INFO - [2024-10-02T01:50:07.378+0000] {dag.py:2915} INFO - Sync 1 DAGs
[2024-10-02T01:50:07.396+0000] {logging_mixin.py:151} INFO - [2024-10-02T01:50:07.395+0000] {dag.py:3696} INFO - Setting next_dagrun for example_kubernetes_executor to None, run_after=None
[2024-10-02T01:50:07.424+0000] {processor.py:179} INFO - Processing /home/airflow/.local/lib/python3.8/site-packages/airflow/example_dags/example_kubernetes_executor.py took 0.452 seconds
[2024-10-02T01:50:37.579+0000] {processor.py:157} INFO - Started process (PID=261) to work on /home/airflow/.local/lib/python3.8/site-packages/airflow/example_dags/example_kubernetes_executor.py
[2024-10-02T01:50:37.582+0000] {processor.py:829} INFO - Processing file /home/airflow/.local/lib/python3.8/site-packages/airflow/example_dags/example_kubernetes_executor.py for tasks to queue
[2024-10-02T01:50:37.587+0000] {logging_mixin.py:151} INFO - [2024-10-02T01:50:37.586+0000] {dagbag.py:539} INFO - Filling up the DagBag from /home/airflow/.local/lib/python3.8/site-packages/airflow/example_dags/example_kubernetes_executor.py
[2024-10-02T01:50:38.207+0000] {processor.py:839} INFO - DAG(s) dict_keys(['example_kubernetes_executor']) retrieved from /home/airflow/.local/lib/python3.8/site-packages/airflow/example_dags/example_kubernetes_executor.py
[2024-10-02T01:50:38.309+0000] {logging_mixin.py:151} INFO - [2024-10-02T01:50:38.305+0000] {dag.py:2915} INFO - Sync 1 DAGs
[2024-10-02T01:50:38.356+0000] {logging_mixin.py:151} INFO - [2024-10-02T01:50:38.356+0000] {dag.py:3696} INFO - Setting next_dagrun for example_kubernetes_executor to None, run_after=None
[2024-10-02T01:50:38.398+0000] {processor.py:179} INFO - Processing /home/airflow/.local/lib/python3.8/site-packages/airflow/example_dags/example_kubernetes_executor.py took 0.824 seconds
[2024-10-02T01:51:08.617+0000] {processor.py:157} INFO - Started process (PID=312) to work on /home/airflow/.local/lib/python3.8/site-packages/airflow/example_dags/example_kubernetes_executor.py
[2024-10-02T01:51:08.623+0000] {processor.py:829} INFO - Processing file /home/airflow/.local/lib/python3.8/site-packages/airflow/example_dags/example_kubernetes_executor.py for tasks to queue
[2024-10-02T01:51:08.630+0000] {logging_mixin.py:151} INFO - [2024-10-02T01:51:08.629+0000] {dagbag.py:539} INFO - Filling up the DagBag from /home/airflow/.local/lib/python3.8/site-packages/airflow/example_dags/example_kubernetes_executor.py
[2024-10-02T01:51:09.058+0000] {processor.py:839} INFO - DAG(s) dict_keys(['example_kubernetes_executor']) retrieved from /home/airflow/.local/lib/python3.8/site-packages/airflow/example_dags/example_kubernetes_executor.py
[2024-10-02T01:51:09.118+0000] {logging_mixin.py:151} INFO - [2024-10-02T01:51:09.117+0000] {dag.py:2915} INFO - Sync 1 DAGs
[2024-10-02T01:51:09.133+0000] {logging_mixin.py:151} INFO - [2024-10-02T01:51:09.133+0000] {dag.py:3696} INFO - Setting next_dagrun for example_kubernetes_executor to None, run_after=None
[2024-10-02T01:51:09.157+0000] {processor.py:179} INFO - Processing /home/airflow/.local/lib/python3.8/site-packages/airflow/example_dags/example_kubernetes_executor.py took 0.545 seconds
[2024-10-02T01:51:39.877+0000] {processor.py:157} INFO - Started process (PID=361) to work on /home/airflow/.local/lib/python3.8/site-packages/airflow/example_dags/example_kubernetes_executor.py
[2024-10-02T01:51:39.880+0000] {processor.py:829} INFO - Processing file /home/airflow/.local/lib/python3.8/site-packages/airflow/example_dags/example_kubernetes_executor.py for tasks to queue
[2024-10-02T01:51:39.884+0000] {logging_mixin.py:151} INFO - [2024-10-02T01:51:39.884+0000] {dagbag.py:539} INFO - Filling up the DagBag from /home/airflow/.local/lib/python3.8/site-packages/airflow/example_dags/example_kubernetes_executor.py
[2024-10-02T01:51:40.249+0000] {processor.py:839} INFO - DAG(s) dict_keys(['example_kubernetes_executor']) retrieved from /home/airflow/.local/lib/python3.8/site-packages/airflow/example_dags/example_kubernetes_executor.py
[2024-10-02T01:51:40.304+0000] {logging_mixin.py:151} INFO - [2024-10-02T01:51:40.304+0000] {dag.py:2915} INFO - Sync 1 DAGs
[2024-10-02T01:51:40.323+0000] {logging_mixin.py:151} INFO - [2024-10-02T01:51:40.323+0000] {dag.py:3696} INFO - Setting next_dagrun for example_kubernetes_executor to None, run_after=None
[2024-10-02T01:51:40.346+0000] {processor.py:179} INFO - Processing /home/airflow/.local/lib/python3.8/site-packages/airflow/example_dags/example_kubernetes_executor.py took 0.475 seconds
[2024-10-02T01:52:10.459+0000] {processor.py:157} INFO - Started process (PID=411) to work on /home/airflow/.local/lib/python3.8/site-packages/airflow/example_dags/example_kubernetes_executor.py
[2024-10-02T01:52:10.461+0000] {processor.py:829} INFO - Processing file /home/airflow/.local/lib/python3.8/site-packages/airflow/example_dags/example_kubernetes_executor.py for tasks to queue
[2024-10-02T01:52:10.465+0000] {logging_mixin.py:151} INFO - [2024-10-02T01:52:10.465+0000] {dagbag.py:539} INFO - Filling up the DagBag from /home/airflow/.local/lib/python3.8/site-packages/airflow/example_dags/example_kubernetes_executor.py
[2024-10-02T01:52:10.820+0000] {processor.py:839} INFO - DAG(s) dict_keys(['example_kubernetes_executor']) retrieved from /home/airflow/.local/lib/python3.8/site-packages/airflow/example_dags/example_kubernetes_executor.py
[2024-10-02T01:52:10.873+0000] {logging_mixin.py:151} INFO - [2024-10-02T01:52:10.873+0000] {dag.py:2915} INFO - Sync 1 DAGs
[2024-10-02T01:52:10.891+0000] {logging_mixin.py:151} INFO - [2024-10-02T01:52:10.890+0000] {dag.py:3696} INFO - Setting next_dagrun for example_kubernetes_executor to None, run_after=None
[2024-10-02T01:52:10.914+0000] {processor.py:179} INFO - Processing /home/airflow/.local/lib/python3.8/site-packages/airflow/example_dags/example_kubernetes_executor.py took 0.460 seconds
[2024-10-02T01:52:40.982+0000] {processor.py:157} INFO - Started process (PID=459) to work on /home/airflow/.local/lib/python3.8/site-packages/airflow/example_dags/example_kubernetes_executor.py
[2024-10-02T01:52:40.985+0000] {processor.py:829} INFO - Processing file /home/airflow/.local/lib/python3.8/site-packages/airflow/example_dags/example_kubernetes_executor.py for tasks to queue
[2024-10-02T01:52:40.989+0000] {logging_mixin.py:151} INFO - [2024-10-02T01:52:40.989+0000] {dagbag.py:539} INFO - Filling up the DagBag from /home/airflow/.local/lib/python3.8/site-packages/airflow/example_dags/example_kubernetes_executor.py
[2024-10-02T01:52:41.295+0000] {processor.py:839} INFO - DAG(s) dict_keys(['example_kubernetes_executor']) retrieved from /home/airflow/.local/lib/python3.8/site-packages/airflow/example_dags/example_kubernetes_executor.py
[2024-10-02T01:52:41.346+0000] {logging_mixin.py:151} INFO - [2024-10-02T01:52:41.345+0000] {dag.py:2915} INFO - Sync 1 DAGs
[2024-10-02T01:52:41.361+0000] {logging_mixin.py:151} INFO - [2024-10-02T01:52:41.360+0000] {dag.py:3696} INFO - Setting next_dagrun for example_kubernetes_executor to None, run_after=None
[2024-10-02T01:52:41.384+0000] {processor.py:179} INFO - Processing /home/airflow/.local/lib/python3.8/site-packages/airflow/example_dags/example_kubernetes_executor.py took 0.407 seconds
[2024-10-02T01:53:11.672+0000] {processor.py:157} INFO - Started process (PID=500) to work on /home/airflow/.local/lib/python3.8/site-packages/airflow/example_dags/example_kubernetes_executor.py
[2024-10-02T01:53:11.683+0000] {processor.py:829} INFO - Processing file /home/airflow/.local/lib/python3.8/site-packages/airflow/example_dags/example_kubernetes_executor.py for tasks to queue
[2024-10-02T01:53:11.690+0000] {logging_mixin.py:151} INFO - [2024-10-02T01:53:11.689+0000] {dagbag.py:539} INFO - Filling up the DagBag from /home/airflow/.local/lib/python3.8/site-packages/airflow/example_dags/example_kubernetes_executor.py
[2024-10-02T01:53:11.988+0000] {processor.py:839} INFO - DAG(s) dict_keys(['example_kubernetes_executor']) retrieved from /home/airflow/.local/lib/python3.8/site-packages/airflow/example_dags/example_kubernetes_executor.py
[2024-10-02T01:53:12.042+0000] {logging_mixin.py:151} INFO - [2024-10-02T01:53:12.041+0000] {dag.py:2915} INFO - Sync 1 DAGs
[2024-10-02T01:53:12.058+0000] {logging_mixin.py:151} INFO - [2024-10-02T01:53:12.058+0000] {dag.py:3696} INFO - Setting next_dagrun for example_kubernetes_executor to None, run_after=None
[2024-10-02T01:53:12.085+0000] {processor.py:179} INFO - Processing /home/airflow/.local/lib/python3.8/site-packages/airflow/example_dags/example_kubernetes_executor.py took 0.417 seconds
[2024-10-02T01:53:42.210+0000] {processor.py:157} INFO - Started process (PID=549) to work on /home/airflow/.local/lib/python3.8/site-packages/airflow/example_dags/example_kubernetes_executor.py
[2024-10-02T01:53:42.218+0000] {processor.py:829} INFO - Processing file /home/airflow/.local/lib/python3.8/site-packages/airflow/example_dags/example_kubernetes_executor.py for tasks to queue
[2024-10-02T01:53:42.225+0000] {logging_mixin.py:151} INFO - [2024-10-02T01:53:42.225+0000] {dagbag.py:539} INFO - Filling up the DagBag from /home/airflow/.local/lib/python3.8/site-packages/airflow/example_dags/example_kubernetes_executor.py
[2024-10-02T01:53:42.582+0000] {processor.py:839} INFO - DAG(s) dict_keys(['example_kubernetes_executor']) retrieved from /home/airflow/.local/lib/python3.8/site-packages/airflow/example_dags/example_kubernetes_executor.py
[2024-10-02T01:53:42.638+0000] {logging_mixin.py:151} INFO - [2024-10-02T01:53:42.637+0000] {dag.py:2915} INFO - Sync 1 DAGs
[2024-10-02T01:53:42.654+0000] {logging_mixin.py:151} INFO - [2024-10-02T01:53:42.654+0000] {dag.py:3696} INFO - Setting next_dagrun for example_kubernetes_executor to None, run_after=None
[2024-10-02T01:53:42.681+0000] {processor.py:179} INFO - Processing /home/airflow/.local/lib/python3.8/site-packages/airflow/example_dags/example_kubernetes_executor.py took 0.478 seconds
[2024-10-02T01:57:21.087+0000] {processor.py:157} INFO - Started process (PID=628) to work on /home/airflow/.local/lib/python3.8/site-packages/airflow/example_dags/example_kubernetes_executor.py
[2024-10-02T01:57:21.091+0000] {processor.py:829} INFO - Processing file /home/airflow/.local/lib/python3.8/site-packages/airflow/example_dags/example_kubernetes_executor.py for tasks to queue
[2024-10-02T01:57:21.099+0000] {logging_mixin.py:151} INFO - [2024-10-02T01:57:21.098+0000] {dagbag.py:539} INFO - Filling up the DagBag from /home/airflow/.local/lib/python3.8/site-packages/airflow/example_dags/example_kubernetes_executor.py
[2024-10-02T01:57:21.502+0000] {processor.py:839} INFO - DAG(s) dict_keys(['example_kubernetes_executor']) retrieved from /home/airflow/.local/lib/python3.8/site-packages/airflow/example_dags/example_kubernetes_executor.py
[2024-10-02T01:57:21.558+0000] {logging_mixin.py:151} INFO - [2024-10-02T01:57:21.557+0000] {dag.py:2915} INFO - Sync 1 DAGs
[2024-10-02T01:57:21.580+0000] {logging_mixin.py:151} INFO - [2024-10-02T01:57:21.580+0000] {dag.py:3696} INFO - Setting next_dagrun for example_kubernetes_executor to None, run_after=None
[2024-10-02T01:57:21.612+0000] {processor.py:179} INFO - Processing /home/airflow/.local/lib/python3.8/site-packages/airflow/example_dags/example_kubernetes_executor.py took 0.529 seconds
[2024-10-02T01:57:53.272+0000] {processor.py:157} INFO - Started process (PID=676) to work on /home/airflow/.local/lib/python3.8/site-packages/airflow/example_dags/example_kubernetes_executor.py
[2024-10-02T01:57:53.278+0000] {processor.py:829} INFO - Processing file /home/airflow/.local/lib/python3.8/site-packages/airflow/example_dags/example_kubernetes_executor.py for tasks to queue
[2024-10-02T01:57:53.284+0000] {logging_mixin.py:151} INFO - [2024-10-02T01:57:53.283+0000] {dagbag.py:539} INFO - Filling up the DagBag from /home/airflow/.local/lib/python3.8/site-packages/airflow/example_dags/example_kubernetes_executor.py
[2024-10-02T01:57:53.680+0000] {processor.py:839} INFO - DAG(s) dict_keys(['example_kubernetes_executor']) retrieved from /home/airflow/.local/lib/python3.8/site-packages/airflow/example_dags/example_kubernetes_executor.py
[2024-10-02T01:57:53.775+0000] {logging_mixin.py:151} INFO - [2024-10-02T01:57:53.774+0000] {dag.py:2915} INFO - Sync 1 DAGs
[2024-10-02T01:57:53.806+0000] {logging_mixin.py:151} INFO - [2024-10-02T01:57:53.805+0000] {dag.py:3696} INFO - Setting next_dagrun for example_kubernetes_executor to None, run_after=None
[2024-10-02T01:57:53.856+0000] {processor.py:179} INFO - Processing /home/airflow/.local/lib/python3.8/site-packages/airflow/example_dags/example_kubernetes_executor.py took 0.588 seconds
[2024-10-02T01:58:24.014+0000] {processor.py:157} INFO - Started process (PID=725) to work on /home/airflow/.local/lib/python3.8/site-packages/airflow/example_dags/example_kubernetes_executor.py
[2024-10-02T01:58:24.017+0000] {processor.py:829} INFO - Processing file /home/airflow/.local/lib/python3.8/site-packages/airflow/example_dags/example_kubernetes_executor.py for tasks to queue
[2024-10-02T01:58:24.021+0000] {logging_mixin.py:151} INFO - [2024-10-02T01:58:24.021+0000] {dagbag.py:539} INFO - Filling up the DagBag from /home/airflow/.local/lib/python3.8/site-packages/airflow/example_dags/example_kubernetes_executor.py
[2024-10-02T01:58:24.403+0000] {processor.py:839} INFO - DAG(s) dict_keys(['example_kubernetes_executor']) retrieved from /home/airflow/.local/lib/python3.8/site-packages/airflow/example_dags/example_kubernetes_executor.py
[2024-10-02T01:58:24.466+0000] {logging_mixin.py:151} INFO - [2024-10-02T01:58:24.466+0000] {dag.py:2915} INFO - Sync 1 DAGs
[2024-10-02T01:58:24.515+0000] {logging_mixin.py:151} INFO - [2024-10-02T01:58:24.514+0000] {dag.py:3696} INFO - Setting next_dagrun for example_kubernetes_executor to None, run_after=None
[2024-10-02T01:58:24.555+0000] {processor.py:179} INFO - Processing /home/airflow/.local/lib/python3.8/site-packages/airflow/example_dags/example_kubernetes_executor.py took 0.544 seconds
[2024-10-02T01:58:55.355+0000] {processor.py:157} INFO - Started process (PID=774) to work on /home/airflow/.local/lib/python3.8/site-packages/airflow/example_dags/example_kubernetes_executor.py
[2024-10-02T01:58:55.357+0000] {processor.py:829} INFO - Processing file /home/airflow/.local/lib/python3.8/site-packages/airflow/example_dags/example_kubernetes_executor.py for tasks to queue
[2024-10-02T01:58:55.361+0000] {logging_mixin.py:151} INFO - [2024-10-02T01:58:55.360+0000] {dagbag.py:539} INFO - Filling up the DagBag from /home/airflow/.local/lib/python3.8/site-packages/airflow/example_dags/example_kubernetes_executor.py
[2024-10-02T01:58:55.791+0000] {processor.py:839} INFO - DAG(s) dict_keys(['example_kubernetes_executor']) retrieved from /home/airflow/.local/lib/python3.8/site-packages/airflow/example_dags/example_kubernetes_executor.py
[2024-10-02T01:58:55.850+0000] {logging_mixin.py:151} INFO - [2024-10-02T01:58:55.850+0000] {dag.py:2915} INFO - Sync 1 DAGs
[2024-10-02T01:58:55.866+0000] {logging_mixin.py:151} INFO - [2024-10-02T01:58:55.866+0000] {dag.py:3696} INFO - Setting next_dagrun for example_kubernetes_executor to None, run_after=None
[2024-10-02T01:58:55.891+0000] {processor.py:179} INFO - Processing /home/airflow/.local/lib/python3.8/site-packages/airflow/example_dags/example_kubernetes_executor.py took 0.540 seconds
[2024-10-02T01:59:26.315+0000] {processor.py:157} INFO - Started process (PID=822) to work on /home/airflow/.local/lib/python3.8/site-packages/airflow/example_dags/example_kubernetes_executor.py
[2024-10-02T01:59:26.323+0000] {processor.py:829} INFO - Processing file /home/airflow/.local/lib/python3.8/site-packages/airflow/example_dags/example_kubernetes_executor.py for tasks to queue
[2024-10-02T01:59:26.333+0000] {logging_mixin.py:151} INFO - [2024-10-02T01:59:26.333+0000] {dagbag.py:539} INFO - Filling up the DagBag from /home/airflow/.local/lib/python3.8/site-packages/airflow/example_dags/example_kubernetes_executor.py
[2024-10-02T01:59:27.022+0000] {processor.py:839} INFO - DAG(s) dict_keys(['example_kubernetes_executor']) retrieved from /home/airflow/.local/lib/python3.8/site-packages/airflow/example_dags/example_kubernetes_executor.py
[2024-10-02T01:59:27.144+0000] {logging_mixin.py:151} INFO - [2024-10-02T01:59:27.143+0000] {dag.py:2915} INFO - Sync 1 DAGs
[2024-10-02T01:59:27.177+0000] {logging_mixin.py:151} INFO - [2024-10-02T01:59:27.177+0000] {dag.py:3696} INFO - Setting next_dagrun for example_kubernetes_executor to None, run_after=None
[2024-10-02T01:59:27.211+0000] {processor.py:179} INFO - Processing /home/airflow/.local/lib/python3.8/site-packages/airflow/example_dags/example_kubernetes_executor.py took 0.900 seconds
[2024-10-02T01:59:57.348+0000] {processor.py:157} INFO - Started process (PID=872) to work on /home/airflow/.local/lib/python3.8/site-packages/airflow/example_dags/example_kubernetes_executor.py
[2024-10-02T01:59:57.351+0000] {processor.py:829} INFO - Processing file /home/airflow/.local/lib/python3.8/site-packages/airflow/example_dags/example_kubernetes_executor.py for tasks to queue
[2024-10-02T01:59:57.358+0000] {logging_mixin.py:151} INFO - [2024-10-02T01:59:57.358+0000] {dagbag.py:539} INFO - Filling up the DagBag from /home/airflow/.local/lib/python3.8/site-packages/airflow/example_dags/example_kubernetes_executor.py
[2024-10-02T01:59:57.920+0000] {processor.py:839} INFO - DAG(s) dict_keys(['example_kubernetes_executor']) retrieved from /home/airflow/.local/lib/python3.8/site-packages/airflow/example_dags/example_kubernetes_executor.py
[2024-10-02T01:59:58.019+0000] {logging_mixin.py:151} INFO - [2024-10-02T01:59:58.018+0000] {dag.py:2915} INFO - Sync 1 DAGs
[2024-10-02T01:59:58.054+0000] {logging_mixin.py:151} INFO - [2024-10-02T01:59:58.054+0000] {dag.py:3696} INFO - Setting next_dagrun for example_kubernetes_executor to None, run_after=None
[2024-10-02T01:59:58.158+0000] {processor.py:179} INFO - Processing /home/airflow/.local/lib/python3.8/site-packages/airflow/example_dags/example_kubernetes_executor.py took 0.814 seconds
[2024-10-02T02:00:28.454+0000] {processor.py:157} INFO - Started process (PID=923) to work on /home/airflow/.local/lib/python3.8/site-packages/airflow/example_dags/example_kubernetes_executor.py
[2024-10-02T02:00:28.477+0000] {processor.py:829} INFO - Processing file /home/airflow/.local/lib/python3.8/site-packages/airflow/example_dags/example_kubernetes_executor.py for tasks to queue
[2024-10-02T02:00:28.483+0000] {logging_mixin.py:151} INFO - [2024-10-02T02:00:28.483+0000] {dagbag.py:539} INFO - Filling up the DagBag from /home/airflow/.local/lib/python3.8/site-packages/airflow/example_dags/example_kubernetes_executor.py
[2024-10-02T02:00:28.980+0000] {processor.py:839} INFO - DAG(s) dict_keys(['example_kubernetes_executor']) retrieved from /home/airflow/.local/lib/python3.8/site-packages/airflow/example_dags/example_kubernetes_executor.py
[2024-10-02T02:00:29.030+0000] {logging_mixin.py:151} INFO - [2024-10-02T02:00:29.030+0000] {dag.py:2915} INFO - Sync 1 DAGs
[2024-10-02T02:00:29.051+0000] {logging_mixin.py:151} INFO - [2024-10-02T02:00:29.051+0000] {dag.py:3696} INFO - Setting next_dagrun for example_kubernetes_executor to None, run_after=None
[2024-10-02T02:00:29.095+0000] {processor.py:179} INFO - Processing /home/airflow/.local/lib/python3.8/site-packages/airflow/example_dags/example_kubernetes_executor.py took 0.657 seconds
[2024-10-02T02:00:59.949+0000] {processor.py:157} INFO - Started process (PID=971) to work on /home/airflow/.local/lib/python3.8/site-packages/airflow/example_dags/example_kubernetes_executor.py
[2024-10-02T02:00:59.955+0000] {processor.py:829} INFO - Processing file /home/airflow/.local/lib/python3.8/site-packages/airflow/example_dags/example_kubernetes_executor.py for tasks to queue
[2024-10-02T02:00:59.961+0000] {logging_mixin.py:151} INFO - [2024-10-02T02:00:59.960+0000] {dagbag.py:539} INFO - Filling up the DagBag from /home/airflow/.local/lib/python3.8/site-packages/airflow/example_dags/example_kubernetes_executor.py
[2024-10-02T02:01:00.324+0000] {processor.py:839} INFO - DAG(s) dict_keys(['example_kubernetes_executor']) retrieved from /home/airflow/.local/lib/python3.8/site-packages/airflow/example_dags/example_kubernetes_executor.py
[2024-10-02T02:01:00.381+0000] {logging_mixin.py:151} INFO - [2024-10-02T02:01:00.380+0000] {dag.py:2915} INFO - Sync 1 DAGs
[2024-10-02T02:01:00.398+0000] {logging_mixin.py:151} INFO - [2024-10-02T02:01:00.398+0000] {dag.py:3696} INFO - Setting next_dagrun for example_kubernetes_executor to None, run_after=None
[2024-10-02T02:01:00.423+0000] {processor.py:179} INFO - Processing /home/airflow/.local/lib/python3.8/site-packages/airflow/example_dags/example_kubernetes_executor.py took 0.479 seconds
[2024-10-02T02:03:27.466+0000] {processor.py:157} INFO - Started process (PID=68) to work on /home/airflow/.local/lib/python3.8/site-packages/airflow/example_dags/example_kubernetes_executor.py
[2024-10-02T02:03:27.474+0000] {processor.py:829} INFO - Processing file /home/airflow/.local/lib/python3.8/site-packages/airflow/example_dags/example_kubernetes_executor.py for tasks to queue
[2024-10-02T02:03:27.481+0000] {logging_mixin.py:151} INFO - [2024-10-02T02:03:27.480+0000] {dagbag.py:539} INFO - Filling up the DagBag from /home/airflow/.local/lib/python3.8/site-packages/airflow/example_dags/example_kubernetes_executor.py
[2024-10-02T02:03:28.022+0000] {processor.py:839} INFO - DAG(s) dict_keys(['example_kubernetes_executor']) retrieved from /home/airflow/.local/lib/python3.8/site-packages/airflow/example_dags/example_kubernetes_executor.py
[2024-10-02T02:03:28.327+0000] {logging_mixin.py:151} INFO - [2024-10-02T02:03:28.327+0000] {manager.py:499} INFO - Created Permission View: %s
[2024-10-02T02:03:28.368+0000] {logging_mixin.py:151} INFO - [2024-10-02T02:03:28.368+0000] {manager.py:499} INFO - Created Permission View: %s
[2024-10-02T02:03:28.386+0000] {logging_mixin.py:151} INFO - [2024-10-02T02:03:28.385+0000] {manager.py:499} INFO - Created Permission View: %s
[2024-10-02T02:03:28.389+0000] {logging_mixin.py:151} INFO - [2024-10-02T02:03:28.388+0000] {security.py:708} INFO - Not syncing DAG-level permissions for DAG 'DAG:example_kubernetes_executor' as access control is unset.
[2024-10-02T02:03:28.390+0000] {logging_mixin.py:151} INFO - [2024-10-02T02:03:28.390+0000] {dag.py:2915} INFO - Sync 1 DAGs
[2024-10-02T02:03:28.415+0000] {logging_mixin.py:151} INFO - [2024-10-02T02:03:28.414+0000] {dag.py:2937} INFO - Creating ORM DAG for example_kubernetes_executor
[2024-10-02T02:03:28.424+0000] {logging_mixin.py:151} INFO - [2024-10-02T02:03:28.423+0000] {dag.py:3696} INFO - Setting next_dagrun for example_kubernetes_executor to None, run_after=None
[2024-10-02T02:03:28.465+0000] {processor.py:179} INFO - Processing /home/airflow/.local/lib/python3.8/site-packages/airflow/example_dags/example_kubernetes_executor.py took 1.003 seconds
[2024-10-02T02:06:24.525+0000] {processor.py:157} INFO - Started process (PID=68) to work on /home/airflow/.local/lib/python3.8/site-packages/airflow/example_dags/example_kubernetes_executor.py
[2024-10-02T02:06:24.530+0000] {processor.py:829} INFO - Processing file /home/airflow/.local/lib/python3.8/site-packages/airflow/example_dags/example_kubernetes_executor.py for tasks to queue
[2024-10-02T02:06:24.535+0000] {logging_mixin.py:151} INFO - [2024-10-02T02:06:24.534+0000] {dagbag.py:539} INFO - Filling up the DagBag from /home/airflow/.local/lib/python3.8/site-packages/airflow/example_dags/example_kubernetes_executor.py
[2024-10-02T02:06:25.020+0000] {processor.py:839} INFO - DAG(s) dict_keys(['example_kubernetes_executor']) retrieved from /home/airflow/.local/lib/python3.8/site-packages/airflow/example_dags/example_kubernetes_executor.py
[2024-10-02T02:06:25.288+0000] {logging_mixin.py:151} INFO - [2024-10-02T02:06:25.287+0000] {manager.py:499} INFO - Created Permission View: %s
[2024-10-02T02:06:25.315+0000] {logging_mixin.py:151} INFO - [2024-10-02T02:06:25.315+0000] {manager.py:499} INFO - Created Permission View: %s
[2024-10-02T02:06:25.327+0000] {logging_mixin.py:151} INFO - [2024-10-02T02:06:25.327+0000] {manager.py:499} INFO - Created Permission View: %s
[2024-10-02T02:06:25.333+0000] {logging_mixin.py:151} INFO - [2024-10-02T02:06:25.333+0000] {security.py:708} INFO - Not syncing DAG-level permissions for DAG 'DAG:example_kubernetes_executor' as access control is unset.
[2024-10-02T02:06:25.339+0000] {logging_mixin.py:151} INFO - [2024-10-02T02:06:25.336+0000] {dag.py:2915} INFO - Sync 1 DAGs
[2024-10-02T02:06:25.359+0000] {logging_mixin.py:151} INFO - [2024-10-02T02:06:25.358+0000] {dag.py:2937} INFO - Creating ORM DAG for example_kubernetes_executor
[2024-10-02T02:06:25.365+0000] {logging_mixin.py:151} INFO - [2024-10-02T02:06:25.364+0000] {dag.py:3696} INFO - Setting next_dagrun for example_kubernetes_executor to None, run_after=None
[2024-10-02T02:06:25.395+0000] {processor.py:179} INFO - Processing /home/airflow/.local/lib/python3.8/site-packages/airflow/example_dags/example_kubernetes_executor.py took 0.877 seconds
[2024-10-02T02:06:55.579+0000] {processor.py:157} INFO - Started process (PID=116) to work on /home/airflow/.local/lib/python3.8/site-packages/airflow/example_dags/example_kubernetes_executor.py
[2024-10-02T02:06:55.581+0000] {processor.py:829} INFO - Processing file /home/airflow/.local/lib/python3.8/site-packages/airflow/example_dags/example_kubernetes_executor.py for tasks to queue
[2024-10-02T02:06:55.584+0000] {logging_mixin.py:151} INFO - [2024-10-02T02:06:55.584+0000] {dagbag.py:539} INFO - Filling up the DagBag from /home/airflow/.local/lib/python3.8/site-packages/airflow/example_dags/example_kubernetes_executor.py
[2024-10-02T02:06:55.883+0000] {processor.py:839} INFO - DAG(s) dict_keys(['example_kubernetes_executor']) retrieved from /home/airflow/.local/lib/python3.8/site-packages/airflow/example_dags/example_kubernetes_executor.py
[2024-10-02T02:06:55.928+0000] {logging_mixin.py:151} INFO - [2024-10-02T02:06:55.927+0000] {dag.py:2915} INFO - Sync 1 DAGs
[2024-10-02T02:06:55.944+0000] {logging_mixin.py:151} INFO - [2024-10-02T02:06:55.943+0000] {dag.py:3696} INFO - Setting next_dagrun for example_kubernetes_executor to None, run_after=None
[2024-10-02T02:06:55.965+0000] {processor.py:179} INFO - Processing /home/airflow/.local/lib/python3.8/site-packages/airflow/example_dags/example_kubernetes_executor.py took 0.389 seconds
[2024-10-02T02:07:26.144+0000] {processor.py:157} INFO - Started process (PID=164) to work on /home/airflow/.local/lib/python3.8/site-packages/airflow/example_dags/example_kubernetes_executor.py
[2024-10-02T02:07:26.147+0000] {processor.py:829} INFO - Processing file /home/airflow/.local/lib/python3.8/site-packages/airflow/example_dags/example_kubernetes_executor.py for tasks to queue
[2024-10-02T02:07:26.151+0000] {logging_mixin.py:151} INFO - [2024-10-02T02:07:26.150+0000] {dagbag.py:539} INFO - Filling up the DagBag from /home/airflow/.local/lib/python3.8/site-packages/airflow/example_dags/example_kubernetes_executor.py
[2024-10-02T02:07:26.456+0000] {processor.py:839} INFO - DAG(s) dict_keys(['example_kubernetes_executor']) retrieved from /home/airflow/.local/lib/python3.8/site-packages/airflow/example_dags/example_kubernetes_executor.py
[2024-10-02T02:07:26.503+0000] {logging_mixin.py:151} INFO - [2024-10-02T02:07:26.502+0000] {dag.py:2915} INFO - Sync 1 DAGs
[2024-10-02T02:07:26.516+0000] {logging_mixin.py:151} INFO - [2024-10-02T02:07:26.516+0000] {dag.py:3696} INFO - Setting next_dagrun for example_kubernetes_executor to None, run_after=None
[2024-10-02T02:07:26.538+0000] {processor.py:179} INFO - Processing /home/airflow/.local/lib/python3.8/site-packages/airflow/example_dags/example_kubernetes_executor.py took 0.398 seconds
[2024-10-02T02:07:56.951+0000] {processor.py:157} INFO - Started process (PID=212) to work on /home/airflow/.local/lib/python3.8/site-packages/airflow/example_dags/example_kubernetes_executor.py
[2024-10-02T02:07:56.955+0000] {processor.py:829} INFO - Processing file /home/airflow/.local/lib/python3.8/site-packages/airflow/example_dags/example_kubernetes_executor.py for tasks to queue
[2024-10-02T02:07:56.959+0000] {logging_mixin.py:151} INFO - [2024-10-02T02:07:56.959+0000] {dagbag.py:539} INFO - Filling up the DagBag from /home/airflow/.local/lib/python3.8/site-packages/airflow/example_dags/example_kubernetes_executor.py
[2024-10-02T02:07:57.460+0000] {processor.py:839} INFO - DAG(s) dict_keys(['example_kubernetes_executor']) retrieved from /home/airflow/.local/lib/python3.8/site-packages/airflow/example_dags/example_kubernetes_executor.py
[2024-10-02T02:07:57.533+0000] {logging_mixin.py:151} INFO - [2024-10-02T02:07:57.532+0000] {dag.py:2915} INFO - Sync 1 DAGs
[2024-10-02T02:07:57.551+0000] {logging_mixin.py:151} INFO - [2024-10-02T02:07:57.549+0000] {dag.py:3696} INFO - Setting next_dagrun for example_kubernetes_executor to None, run_after=None
[2024-10-02T02:07:57.606+0000] {processor.py:179} INFO - Processing /home/airflow/.local/lib/python3.8/site-packages/airflow/example_dags/example_kubernetes_executor.py took 0.659 seconds
[2024-10-02T02:08:28.225+0000] {processor.py:157} INFO - Started process (PID=260) to work on /home/airflow/.local/lib/python3.8/site-packages/airflow/example_dags/example_kubernetes_executor.py
[2024-10-02T02:08:28.234+0000] {processor.py:829} INFO - Processing file /home/airflow/.local/lib/python3.8/site-packages/airflow/example_dags/example_kubernetes_executor.py for tasks to queue
[2024-10-02T02:08:28.241+0000] {logging_mixin.py:151} INFO - [2024-10-02T02:08:28.240+0000] {dagbag.py:539} INFO - Filling up the DagBag from /home/airflow/.local/lib/python3.8/site-packages/airflow/example_dags/example_kubernetes_executor.py
[2024-10-02T02:08:28.700+0000] {processor.py:839} INFO - DAG(s) dict_keys(['example_kubernetes_executor']) retrieved from /home/airflow/.local/lib/python3.8/site-packages/airflow/example_dags/example_kubernetes_executor.py
[2024-10-02T02:08:28.761+0000] {logging_mixin.py:151} INFO - [2024-10-02T02:08:28.760+0000] {dag.py:2915} INFO - Sync 1 DAGs
[2024-10-02T02:08:28.785+0000] {logging_mixin.py:151} INFO - [2024-10-02T02:08:28.785+0000] {dag.py:3696} INFO - Setting next_dagrun for example_kubernetes_executor to None, run_after=None
[2024-10-02T02:08:28.817+0000] {processor.py:179} INFO - Processing /home/airflow/.local/lib/python3.8/site-packages/airflow/example_dags/example_kubernetes_executor.py took 0.599 seconds
[2024-10-02T02:08:58.909+0000] {processor.py:157} INFO - Started process (PID=309) to work on /home/airflow/.local/lib/python3.8/site-packages/airflow/example_dags/example_kubernetes_executor.py
[2024-10-02T02:08:58.915+0000] {processor.py:829} INFO - Processing file /home/airflow/.local/lib/python3.8/site-packages/airflow/example_dags/example_kubernetes_executor.py for tasks to queue
[2024-10-02T02:08:58.920+0000] {logging_mixin.py:151} INFO - [2024-10-02T02:08:58.919+0000] {dagbag.py:539} INFO - Filling up the DagBag from /home/airflow/.local/lib/python3.8/site-packages/airflow/example_dags/example_kubernetes_executor.py
[2024-10-02T02:08:59.263+0000] {processor.py:839} INFO - DAG(s) dict_keys(['example_kubernetes_executor']) retrieved from /home/airflow/.local/lib/python3.8/site-packages/airflow/example_dags/example_kubernetes_executor.py
[2024-10-02T02:08:59.311+0000] {logging_mixin.py:151} INFO - [2024-10-02T02:08:59.311+0000] {dag.py:2915} INFO - Sync 1 DAGs
[2024-10-02T02:08:59.330+0000] {logging_mixin.py:151} INFO - [2024-10-02T02:08:59.329+0000] {dag.py:3696} INFO - Setting next_dagrun for example_kubernetes_executor to None, run_after=None
[2024-10-02T02:08:59.355+0000] {processor.py:179} INFO - Processing /home/airflow/.local/lib/python3.8/site-packages/airflow/example_dags/example_kubernetes_executor.py took 0.452 seconds
[2024-10-02T02:09:29.640+0000] {processor.py:157} INFO - Started process (PID=356) to work on /home/airflow/.local/lib/python3.8/site-packages/airflow/example_dags/example_kubernetes_executor.py
[2024-10-02T02:09:29.644+0000] {processor.py:829} INFO - Processing file /home/airflow/.local/lib/python3.8/site-packages/airflow/example_dags/example_kubernetes_executor.py for tasks to queue
[2024-10-02T02:09:29.653+0000] {logging_mixin.py:151} INFO - [2024-10-02T02:09:29.651+0000] {dagbag.py:539} INFO - Filling up the DagBag from /home/airflow/.local/lib/python3.8/site-packages/airflow/example_dags/example_kubernetes_executor.py
[2024-10-02T02:09:30.125+0000] {processor.py:839} INFO - DAG(s) dict_keys(['example_kubernetes_executor']) retrieved from /home/airflow/.local/lib/python3.8/site-packages/airflow/example_dags/example_kubernetes_executor.py
[2024-10-02T02:09:30.180+0000] {logging_mixin.py:151} INFO - [2024-10-02T02:09:30.179+0000] {dag.py:2915} INFO - Sync 1 DAGs
[2024-10-02T02:09:30.205+0000] {logging_mixin.py:151} INFO - [2024-10-02T02:09:30.205+0000] {dag.py:3696} INFO - Setting next_dagrun for example_kubernetes_executor to None, run_after=None
[2024-10-02T02:09:30.231+0000] {processor.py:179} INFO - Processing /home/airflow/.local/lib/python3.8/site-packages/airflow/example_dags/example_kubernetes_executor.py took 0.596 seconds
[2024-10-02T02:10:00.904+0000] {processor.py:157} INFO - Started process (PID=405) to work on /home/airflow/.local/lib/python3.8/site-packages/airflow/example_dags/example_kubernetes_executor.py
[2024-10-02T02:10:00.907+0000] {processor.py:829} INFO - Processing file /home/airflow/.local/lib/python3.8/site-packages/airflow/example_dags/example_kubernetes_executor.py for tasks to queue
[2024-10-02T02:10:00.911+0000] {logging_mixin.py:151} INFO - [2024-10-02T02:10:00.910+0000] {dagbag.py:539} INFO - Filling up the DagBag from /home/airflow/.local/lib/python3.8/site-packages/airflow/example_dags/example_kubernetes_executor.py
[2024-10-02T02:10:01.238+0000] {processor.py:839} INFO - DAG(s) dict_keys(['example_kubernetes_executor']) retrieved from /home/airflow/.local/lib/python3.8/site-packages/airflow/example_dags/example_kubernetes_executor.py
[2024-10-02T02:10:01.299+0000] {logging_mixin.py:151} INFO - [2024-10-02T02:10:01.298+0000] {dag.py:2915} INFO - Sync 1 DAGs
[2024-10-02T02:10:01.329+0000] {logging_mixin.py:151} INFO - [2024-10-02T02:10:01.329+0000] {dag.py:3696} INFO - Setting next_dagrun for example_kubernetes_executor to None, run_after=None
[2024-10-02T02:10:01.429+0000] {processor.py:179} INFO - Processing /home/airflow/.local/lib/python3.8/site-packages/airflow/example_dags/example_kubernetes_executor.py took 0.530 seconds
