[2024-10-02T01:32:12.680+0000] {processor.py:157} INFO - Started process (PID=48) to work on /home/airflow/.local/lib/python3.8/site-packages/airflow/example_dags/example_branch_operator_decorator.py
[2024-10-02T01:32:12.682+0000] {processor.py:829} INFO - Processing file /home/airflow/.local/lib/python3.8/site-packages/airflow/example_dags/example_branch_operator_decorator.py for tasks to queue
[2024-10-02T01:32:12.687+0000] {logging_mixin.py:151} INFO - [2024-10-02T01:32:12.686+0000] {dagbag.py:539} INFO - Filling up the DagBag from /home/airflow/.local/lib/python3.8/site-packages/airflow/example_dags/example_branch_operator_decorator.py
[2024-10-02T01:32:12.708+0000] {processor.py:839} INFO - DAG(s) dict_keys(['example_branch_python_operator_decorator']) retrieved from /home/airflow/.local/lib/python3.8/site-packages/airflow/example_dags/example_branch_operator_decorator.py
[2024-10-02T01:32:12.968+0000] {logging_mixin.py:151} INFO - [2024-10-02T01:32:12.968+0000] {manager.py:499} INFO - Created Permission View: %s
[2024-10-02T01:32:12.982+0000] {logging_mixin.py:151} INFO - [2024-10-02T01:32:12.982+0000] {manager.py:499} INFO - Created Permission View: %s
[2024-10-02T01:32:12.996+0000] {logging_mixin.py:151} INFO - [2024-10-02T01:32:12.996+0000] {manager.py:499} INFO - Created Permission View: %s
[2024-10-02T01:32:12.998+0000] {logging_mixin.py:151} INFO - [2024-10-02T01:32:12.998+0000] {security.py:708} INFO - Not syncing DAG-level permissions for DAG 'DAG:example_branch_python_operator_decorator' as access control is unset.
[2024-10-02T01:32:13.001+0000] {logging_mixin.py:151} INFO - [2024-10-02T01:32:13.000+0000] {dag.py:2915} INFO - Sync 1 DAGs
[2024-10-02T01:32:13.015+0000] {logging_mixin.py:151} INFO - [2024-10-02T01:32:13.015+0000] {dag.py:2937} INFO - Creating ORM DAG for example_branch_python_operator_decorator
[2024-10-02T01:32:13.039+0000] {logging_mixin.py:151} INFO - [2024-10-02T01:32:13.038+0000] {dag.py:3696} INFO - Setting next_dagrun for example_branch_python_operator_decorator to 2024-10-01T00:00:00+00:00, run_after=2024-10-02T00:00:00+00:00
[2024-10-02T01:32:13.080+0000] {processor.py:179} INFO - Processing /home/airflow/.local/lib/python3.8/site-packages/airflow/example_dags/example_branch_operator_decorator.py took 0.407 seconds
[2024-10-02T01:32:43.998+0000] {processor.py:157} INFO - Started process (PID=95) to work on /home/airflow/.local/lib/python3.8/site-packages/airflow/example_dags/example_branch_operator_decorator.py
[2024-10-02T01:32:44.001+0000] {processor.py:829} INFO - Processing file /home/airflow/.local/lib/python3.8/site-packages/airflow/example_dags/example_branch_operator_decorator.py for tasks to queue
[2024-10-02T01:32:44.006+0000] {logging_mixin.py:151} INFO - [2024-10-02T01:32:44.006+0000] {dagbag.py:539} INFO - Filling up the DagBag from /home/airflow/.local/lib/python3.8/site-packages/airflow/example_dags/example_branch_operator_decorator.py
[2024-10-02T01:32:44.042+0000] {processor.py:839} INFO - DAG(s) dict_keys(['example_branch_python_operator_decorator']) retrieved from /home/airflow/.local/lib/python3.8/site-packages/airflow/example_dags/example_branch_operator_decorator.py
[2024-10-02T01:32:44.134+0000] {logging_mixin.py:151} INFO - [2024-10-02T01:32:44.134+0000] {dag.py:2915} INFO - Sync 1 DAGs
[2024-10-02T01:32:44.190+0000] {logging_mixin.py:151} INFO - [2024-10-02T01:32:44.190+0000] {dag.py:3696} INFO - Setting next_dagrun for example_branch_python_operator_decorator to 2024-10-01T00:00:00+00:00, run_after=2024-10-02T00:00:00+00:00
[2024-10-02T01:32:44.239+0000] {processor.py:179} INFO - Processing /home/airflow/.local/lib/python3.8/site-packages/airflow/example_dags/example_branch_operator_decorator.py took 0.247 seconds
[2024-10-02T01:33:15.079+0000] {processor.py:157} INFO - Started process (PID=143) to work on /home/airflow/.local/lib/python3.8/site-packages/airflow/example_dags/example_branch_operator_decorator.py
[2024-10-02T01:33:15.083+0000] {processor.py:829} INFO - Processing file /home/airflow/.local/lib/python3.8/site-packages/airflow/example_dags/example_branch_operator_decorator.py for tasks to queue
[2024-10-02T01:33:15.092+0000] {logging_mixin.py:151} INFO - [2024-10-02T01:33:15.091+0000] {dagbag.py:539} INFO - Filling up the DagBag from /home/airflow/.local/lib/python3.8/site-packages/airflow/example_dags/example_branch_operator_decorator.py
[2024-10-02T01:33:15.158+0000] {processor.py:839} INFO - DAG(s) dict_keys(['example_branch_python_operator_decorator']) retrieved from /home/airflow/.local/lib/python3.8/site-packages/airflow/example_dags/example_branch_operator_decorator.py
[2024-10-02T01:33:15.350+0000] {logging_mixin.py:151} INFO - [2024-10-02T01:33:15.349+0000] {dag.py:2915} INFO - Sync 1 DAGs
[2024-10-02T01:33:15.415+0000] {logging_mixin.py:151} INFO - [2024-10-02T01:33:15.414+0000] {dag.py:3696} INFO - Setting next_dagrun for example_branch_python_operator_decorator to 2024-10-01T00:00:00+00:00, run_after=2024-10-02T00:00:00+00:00
[2024-10-02T01:33:15.469+0000] {processor.py:179} INFO - Processing /home/airflow/.local/lib/python3.8/site-packages/airflow/example_dags/example_branch_operator_decorator.py took 0.400 seconds
[2024-10-02T01:33:46.417+0000] {processor.py:157} INFO - Started process (PID=191) to work on /home/airflow/.local/lib/python3.8/site-packages/airflow/example_dags/example_branch_operator_decorator.py
[2024-10-02T01:33:46.421+0000] {processor.py:829} INFO - Processing file /home/airflow/.local/lib/python3.8/site-packages/airflow/example_dags/example_branch_operator_decorator.py for tasks to queue
[2024-10-02T01:33:46.428+0000] {logging_mixin.py:151} INFO - [2024-10-02T01:33:46.427+0000] {dagbag.py:539} INFO - Filling up the DagBag from /home/airflow/.local/lib/python3.8/site-packages/airflow/example_dags/example_branch_operator_decorator.py
[2024-10-02T01:33:46.453+0000] {processor.py:839} INFO - DAG(s) dict_keys(['example_branch_python_operator_decorator']) retrieved from /home/airflow/.local/lib/python3.8/site-packages/airflow/example_dags/example_branch_operator_decorator.py
[2024-10-02T01:33:46.491+0000] {logging_mixin.py:151} INFO - [2024-10-02T01:33:46.491+0000] {dag.py:2915} INFO - Sync 1 DAGs
[2024-10-02T01:33:46.527+0000] {logging_mixin.py:151} INFO - [2024-10-02T01:33:46.527+0000] {dag.py:3696} INFO - Setting next_dagrun for example_branch_python_operator_decorator to 2024-10-01T00:00:00+00:00, run_after=2024-10-02T00:00:00+00:00
[2024-10-02T01:33:46.557+0000] {processor.py:179} INFO - Processing /home/airflow/.local/lib/python3.8/site-packages/airflow/example_dags/example_branch_operator_decorator.py took 0.147 seconds
[2024-10-02T01:34:16.945+0000] {processor.py:157} INFO - Started process (PID=239) to work on /home/airflow/.local/lib/python3.8/site-packages/airflow/example_dags/example_branch_operator_decorator.py
[2024-10-02T01:34:16.950+0000] {processor.py:829} INFO - Processing file /home/airflow/.local/lib/python3.8/site-packages/airflow/example_dags/example_branch_operator_decorator.py for tasks to queue
[2024-10-02T01:34:16.959+0000] {logging_mixin.py:151} INFO - [2024-10-02T01:34:16.958+0000] {dagbag.py:539} INFO - Filling up the DagBag from /home/airflow/.local/lib/python3.8/site-packages/airflow/example_dags/example_branch_operator_decorator.py
[2024-10-02T01:34:16.990+0000] {processor.py:839} INFO - DAG(s) dict_keys(['example_branch_python_operator_decorator']) retrieved from /home/airflow/.local/lib/python3.8/site-packages/airflow/example_dags/example_branch_operator_decorator.py
[2024-10-02T01:34:17.044+0000] {logging_mixin.py:151} INFO - [2024-10-02T01:34:17.044+0000] {dag.py:2915} INFO - Sync 1 DAGs
[2024-10-02T01:34:17.131+0000] {logging_mixin.py:151} INFO - [2024-10-02T01:34:17.130+0000] {dag.py:3696} INFO - Setting next_dagrun for example_branch_python_operator_decorator to 2024-10-01T00:00:00+00:00, run_after=2024-10-02T00:00:00+00:00
[2024-10-02T01:34:17.191+0000] {processor.py:179} INFO - Processing /home/airflow/.local/lib/python3.8/site-packages/airflow/example_dags/example_branch_operator_decorator.py took 0.252 seconds
[2024-10-02T01:34:47.794+0000] {processor.py:157} INFO - Started process (PID=287) to work on /home/airflow/.local/lib/python3.8/site-packages/airflow/example_dags/example_branch_operator_decorator.py
[2024-10-02T01:34:47.799+0000] {processor.py:829} INFO - Processing file /home/airflow/.local/lib/python3.8/site-packages/airflow/example_dags/example_branch_operator_decorator.py for tasks to queue
[2024-10-02T01:34:47.803+0000] {logging_mixin.py:151} INFO - [2024-10-02T01:34:47.803+0000] {dagbag.py:539} INFO - Filling up the DagBag from /home/airflow/.local/lib/python3.8/site-packages/airflow/example_dags/example_branch_operator_decorator.py
[2024-10-02T01:34:47.822+0000] {processor.py:839} INFO - DAG(s) dict_keys(['example_branch_python_operator_decorator']) retrieved from /home/airflow/.local/lib/python3.8/site-packages/airflow/example_dags/example_branch_operator_decorator.py
[2024-10-02T01:34:47.867+0000] {logging_mixin.py:151} INFO - [2024-10-02T01:34:47.867+0000] {dag.py:2915} INFO - Sync 1 DAGs
[2024-10-02T01:34:47.911+0000] {logging_mixin.py:151} INFO - [2024-10-02T01:34:47.910+0000] {dag.py:3696} INFO - Setting next_dagrun for example_branch_python_operator_decorator to 2024-10-01T00:00:00+00:00, run_after=2024-10-02T00:00:00+00:00
[2024-10-02T01:34:47.938+0000] {processor.py:179} INFO - Processing /home/airflow/.local/lib/python3.8/site-packages/airflow/example_dags/example_branch_operator_decorator.py took 0.147 seconds
[2024-10-02T01:35:18.190+0000] {processor.py:157} INFO - Started process (PID=335) to work on /home/airflow/.local/lib/python3.8/site-packages/airflow/example_dags/example_branch_operator_decorator.py
[2024-10-02T01:35:18.193+0000] {processor.py:829} INFO - Processing file /home/airflow/.local/lib/python3.8/site-packages/airflow/example_dags/example_branch_operator_decorator.py for tasks to queue
[2024-10-02T01:35:18.200+0000] {logging_mixin.py:151} INFO - [2024-10-02T01:35:18.198+0000] {dagbag.py:539} INFO - Filling up the DagBag from /home/airflow/.local/lib/python3.8/site-packages/airflow/example_dags/example_branch_operator_decorator.py
[2024-10-02T01:35:18.228+0000] {processor.py:839} INFO - DAG(s) dict_keys(['example_branch_python_operator_decorator']) retrieved from /home/airflow/.local/lib/python3.8/site-packages/airflow/example_dags/example_branch_operator_decorator.py
[2024-10-02T01:35:18.273+0000] {logging_mixin.py:151} INFO - [2024-10-02T01:35:18.273+0000] {dag.py:2915} INFO - Sync 1 DAGs
[2024-10-02T01:35:18.313+0000] {logging_mixin.py:151} INFO - [2024-10-02T01:35:18.312+0000] {dag.py:3696} INFO - Setting next_dagrun for example_branch_python_operator_decorator to 2024-10-01T00:00:00+00:00, run_after=2024-10-02T00:00:00+00:00
[2024-10-02T01:35:18.361+0000] {processor.py:179} INFO - Processing /home/airflow/.local/lib/python3.8/site-packages/airflow/example_dags/example_branch_operator_decorator.py took 0.176 seconds
[2024-10-02T01:35:48.725+0000] {processor.py:157} INFO - Started process (PID=383) to work on /home/airflow/.local/lib/python3.8/site-packages/airflow/example_dags/example_branch_operator_decorator.py
[2024-10-02T01:35:48.728+0000] {processor.py:829} INFO - Processing file /home/airflow/.local/lib/python3.8/site-packages/airflow/example_dags/example_branch_operator_decorator.py for tasks to queue
[2024-10-02T01:35:48.733+0000] {logging_mixin.py:151} INFO - [2024-10-02T01:35:48.732+0000] {dagbag.py:539} INFO - Filling up the DagBag from /home/airflow/.local/lib/python3.8/site-packages/airflow/example_dags/example_branch_operator_decorator.py
[2024-10-02T01:35:48.756+0000] {processor.py:839} INFO - DAG(s) dict_keys(['example_branch_python_operator_decorator']) retrieved from /home/airflow/.local/lib/python3.8/site-packages/airflow/example_dags/example_branch_operator_decorator.py
[2024-10-02T01:35:48.799+0000] {logging_mixin.py:151} INFO - [2024-10-02T01:35:48.798+0000] {dag.py:2915} INFO - Sync 1 DAGs
[2024-10-02T01:35:48.836+0000] {logging_mixin.py:151} INFO - [2024-10-02T01:35:48.836+0000] {dag.py:3696} INFO - Setting next_dagrun for example_branch_python_operator_decorator to 2024-10-01T00:00:00+00:00, run_after=2024-10-02T00:00:00+00:00
[2024-10-02T01:35:48.867+0000] {processor.py:179} INFO - Processing /home/airflow/.local/lib/python3.8/site-packages/airflow/example_dags/example_branch_operator_decorator.py took 0.146 seconds
[2024-10-02T01:36:19.152+0000] {processor.py:157} INFO - Started process (PID=431) to work on /home/airflow/.local/lib/python3.8/site-packages/airflow/example_dags/example_branch_operator_decorator.py
[2024-10-02T01:36:19.156+0000] {processor.py:829} INFO - Processing file /home/airflow/.local/lib/python3.8/site-packages/airflow/example_dags/example_branch_operator_decorator.py for tasks to queue
[2024-10-02T01:36:19.164+0000] {logging_mixin.py:151} INFO - [2024-10-02T01:36:19.163+0000] {dagbag.py:539} INFO - Filling up the DagBag from /home/airflow/.local/lib/python3.8/site-packages/airflow/example_dags/example_branch_operator_decorator.py
[2024-10-02T01:36:19.199+0000] {processor.py:839} INFO - DAG(s) dict_keys(['example_branch_python_operator_decorator']) retrieved from /home/airflow/.local/lib/python3.8/site-packages/airflow/example_dags/example_branch_operator_decorator.py
[2024-10-02T01:36:19.252+0000] {logging_mixin.py:151} INFO - [2024-10-02T01:36:19.252+0000] {dag.py:2915} INFO - Sync 1 DAGs
[2024-10-02T01:36:19.307+0000] {logging_mixin.py:151} INFO - [2024-10-02T01:36:19.306+0000] {dag.py:3696} INFO - Setting next_dagrun for example_branch_python_operator_decorator to 2024-10-01T00:00:00+00:00, run_after=2024-10-02T00:00:00+00:00
[2024-10-02T01:36:19.347+0000] {processor.py:179} INFO - Processing /home/airflow/.local/lib/python3.8/site-packages/airflow/example_dags/example_branch_operator_decorator.py took 0.201 seconds
[2024-10-02T01:36:49.489+0000] {processor.py:157} INFO - Started process (PID=479) to work on /home/airflow/.local/lib/python3.8/site-packages/airflow/example_dags/example_branch_operator_decorator.py
[2024-10-02T01:36:49.492+0000] {processor.py:829} INFO - Processing file /home/airflow/.local/lib/python3.8/site-packages/airflow/example_dags/example_branch_operator_decorator.py for tasks to queue
[2024-10-02T01:36:49.499+0000] {logging_mixin.py:151} INFO - [2024-10-02T01:36:49.498+0000] {dagbag.py:539} INFO - Filling up the DagBag from /home/airflow/.local/lib/python3.8/site-packages/airflow/example_dags/example_branch_operator_decorator.py
[2024-10-02T01:36:49.518+0000] {processor.py:839} INFO - DAG(s) dict_keys(['example_branch_python_operator_decorator']) retrieved from /home/airflow/.local/lib/python3.8/site-packages/airflow/example_dags/example_branch_operator_decorator.py
[2024-10-02T01:36:49.563+0000] {logging_mixin.py:151} INFO - [2024-10-02T01:36:49.563+0000] {dag.py:2915} INFO - Sync 1 DAGs
[2024-10-02T01:36:49.601+0000] {logging_mixin.py:151} INFO - [2024-10-02T01:36:49.601+0000] {dag.py:3696} INFO - Setting next_dagrun for example_branch_python_operator_decorator to 2024-10-01T00:00:00+00:00, run_after=2024-10-02T00:00:00+00:00
[2024-10-02T01:36:49.626+0000] {processor.py:179} INFO - Processing /home/airflow/.local/lib/python3.8/site-packages/airflow/example_dags/example_branch_operator_decorator.py took 0.143 seconds
[2024-10-02T01:37:19.833+0000] {processor.py:157} INFO - Started process (PID=527) to work on /home/airflow/.local/lib/python3.8/site-packages/airflow/example_dags/example_branch_operator_decorator.py
[2024-10-02T01:37:19.839+0000] {processor.py:829} INFO - Processing file /home/airflow/.local/lib/python3.8/site-packages/airflow/example_dags/example_branch_operator_decorator.py for tasks to queue
[2024-10-02T01:37:19.849+0000] {logging_mixin.py:151} INFO - [2024-10-02T01:37:19.848+0000] {dagbag.py:539} INFO - Filling up the DagBag from /home/airflow/.local/lib/python3.8/site-packages/airflow/example_dags/example_branch_operator_decorator.py
[2024-10-02T01:37:19.878+0000] {processor.py:839} INFO - DAG(s) dict_keys(['example_branch_python_operator_decorator']) retrieved from /home/airflow/.local/lib/python3.8/site-packages/airflow/example_dags/example_branch_operator_decorator.py
[2024-10-02T01:37:19.948+0000] {logging_mixin.py:151} INFO - [2024-10-02T01:37:19.947+0000] {dag.py:2915} INFO - Sync 1 DAGs
[2024-10-02T01:37:19.979+0000] {logging_mixin.py:151} INFO - [2024-10-02T01:37:19.979+0000] {dag.py:3696} INFO - Setting next_dagrun for example_branch_python_operator_decorator to 2024-10-01T00:00:00+00:00, run_after=2024-10-02T00:00:00+00:00
[2024-10-02T01:37:20.008+0000] {processor.py:179} INFO - Processing /home/airflow/.local/lib/python3.8/site-packages/airflow/example_dags/example_branch_operator_decorator.py took 0.179 seconds
[2024-10-02T01:37:50.178+0000] {processor.py:157} INFO - Started process (PID=575) to work on /home/airflow/.local/lib/python3.8/site-packages/airflow/example_dags/example_branch_operator_decorator.py
[2024-10-02T01:37:50.182+0000] {processor.py:829} INFO - Processing file /home/airflow/.local/lib/python3.8/site-packages/airflow/example_dags/example_branch_operator_decorator.py for tasks to queue
[2024-10-02T01:37:50.187+0000] {logging_mixin.py:151} INFO - [2024-10-02T01:37:50.186+0000] {dagbag.py:539} INFO - Filling up the DagBag from /home/airflow/.local/lib/python3.8/site-packages/airflow/example_dags/example_branch_operator_decorator.py
[2024-10-02T01:37:50.208+0000] {processor.py:839} INFO - DAG(s) dict_keys(['example_branch_python_operator_decorator']) retrieved from /home/airflow/.local/lib/python3.8/site-packages/airflow/example_dags/example_branch_operator_decorator.py
[2024-10-02T01:37:50.263+0000] {logging_mixin.py:151} INFO - [2024-10-02T01:37:50.262+0000] {dag.py:2915} INFO - Sync 1 DAGs
[2024-10-02T01:37:50.296+0000] {logging_mixin.py:151} INFO - [2024-10-02T01:37:50.296+0000] {dag.py:3696} INFO - Setting next_dagrun for example_branch_python_operator_decorator to 2024-10-01T00:00:00+00:00, run_after=2024-10-02T00:00:00+00:00
[2024-10-02T01:37:50.327+0000] {processor.py:179} INFO - Processing /home/airflow/.local/lib/python3.8/site-packages/airflow/example_dags/example_branch_operator_decorator.py took 0.154 seconds
[2024-10-02T01:38:20.670+0000] {processor.py:157} INFO - Started process (PID=623) to work on /home/airflow/.local/lib/python3.8/site-packages/airflow/example_dags/example_branch_operator_decorator.py
[2024-10-02T01:38:20.673+0000] {processor.py:829} INFO - Processing file /home/airflow/.local/lib/python3.8/site-packages/airflow/example_dags/example_branch_operator_decorator.py for tasks to queue
[2024-10-02T01:38:20.677+0000] {logging_mixin.py:151} INFO - [2024-10-02T01:38:20.677+0000] {dagbag.py:539} INFO - Filling up the DagBag from /home/airflow/.local/lib/python3.8/site-packages/airflow/example_dags/example_branch_operator_decorator.py
[2024-10-02T01:38:20.695+0000] {processor.py:839} INFO - DAG(s) dict_keys(['example_branch_python_operator_decorator']) retrieved from /home/airflow/.local/lib/python3.8/site-packages/airflow/example_dags/example_branch_operator_decorator.py
[2024-10-02T01:38:20.742+0000] {logging_mixin.py:151} INFO - [2024-10-02T01:38:20.742+0000] {dag.py:2915} INFO - Sync 1 DAGs
[2024-10-02T01:38:20.774+0000] {logging_mixin.py:151} INFO - [2024-10-02T01:38:20.774+0000] {dag.py:3696} INFO - Setting next_dagrun for example_branch_python_operator_decorator to 2024-10-01T00:00:00+00:00, run_after=2024-10-02T00:00:00+00:00
[2024-10-02T01:38:20.821+0000] {processor.py:179} INFO - Processing /home/airflow/.local/lib/python3.8/site-packages/airflow/example_dags/example_branch_operator_decorator.py took 0.156 seconds
[2024-10-02T01:38:51.096+0000] {processor.py:157} INFO - Started process (PID=671) to work on /home/airflow/.local/lib/python3.8/site-packages/airflow/example_dags/example_branch_operator_decorator.py
[2024-10-02T01:38:51.100+0000] {processor.py:829} INFO - Processing file /home/airflow/.local/lib/python3.8/site-packages/airflow/example_dags/example_branch_operator_decorator.py for tasks to queue
[2024-10-02T01:38:51.112+0000] {logging_mixin.py:151} INFO - [2024-10-02T01:38:51.110+0000] {dagbag.py:539} INFO - Filling up the DagBag from /home/airflow/.local/lib/python3.8/site-packages/airflow/example_dags/example_branch_operator_decorator.py
[2024-10-02T01:38:51.134+0000] {processor.py:839} INFO - DAG(s) dict_keys(['example_branch_python_operator_decorator']) retrieved from /home/airflow/.local/lib/python3.8/site-packages/airflow/example_dags/example_branch_operator_decorator.py
[2024-10-02T01:38:51.176+0000] {logging_mixin.py:151} INFO - [2024-10-02T01:38:51.176+0000] {dag.py:2915} INFO - Sync 1 DAGs
[2024-10-02T01:38:51.214+0000] {logging_mixin.py:151} INFO - [2024-10-02T01:38:51.213+0000] {dag.py:3696} INFO - Setting next_dagrun for example_branch_python_operator_decorator to 2024-10-01T00:00:00+00:00, run_after=2024-10-02T00:00:00+00:00
[2024-10-02T01:38:51.244+0000] {processor.py:179} INFO - Processing /home/airflow/.local/lib/python3.8/site-packages/airflow/example_dags/example_branch_operator_decorator.py took 0.154 seconds
[2024-10-02T01:39:21.763+0000] {processor.py:157} INFO - Started process (PID=719) to work on /home/airflow/.local/lib/python3.8/site-packages/airflow/example_dags/example_branch_operator_decorator.py
[2024-10-02T01:39:21.766+0000] {processor.py:829} INFO - Processing file /home/airflow/.local/lib/python3.8/site-packages/airflow/example_dags/example_branch_operator_decorator.py for tasks to queue
[2024-10-02T01:39:21.774+0000] {logging_mixin.py:151} INFO - [2024-10-02T01:39:21.772+0000] {dagbag.py:539} INFO - Filling up the DagBag from /home/airflow/.local/lib/python3.8/site-packages/airflow/example_dags/example_branch_operator_decorator.py
[2024-10-02T01:39:21.801+0000] {processor.py:839} INFO - DAG(s) dict_keys(['example_branch_python_operator_decorator']) retrieved from /home/airflow/.local/lib/python3.8/site-packages/airflow/example_dags/example_branch_operator_decorator.py
[2024-10-02T01:39:21.846+0000] {logging_mixin.py:151} INFO - [2024-10-02T01:39:21.845+0000] {dag.py:2915} INFO - Sync 1 DAGs
[2024-10-02T01:39:21.880+0000] {logging_mixin.py:151} INFO - [2024-10-02T01:39:21.879+0000] {dag.py:3696} INFO - Setting next_dagrun for example_branch_python_operator_decorator to 2024-10-01T00:00:00+00:00, run_after=2024-10-02T00:00:00+00:00
[2024-10-02T01:39:21.919+0000] {processor.py:179} INFO - Processing /home/airflow/.local/lib/python3.8/site-packages/airflow/example_dags/example_branch_operator_decorator.py took 0.163 seconds
[2024-10-02T01:45:31.678+0000] {processor.py:157} INFO - Started process (PID=48) to work on /home/airflow/.local/lib/python3.8/site-packages/airflow/example_dags/example_branch_operator_decorator.py
[2024-10-02T01:45:31.685+0000] {processor.py:829} INFO - Processing file /home/airflow/.local/lib/python3.8/site-packages/airflow/example_dags/example_branch_operator_decorator.py for tasks to queue
[2024-10-02T01:45:31.713+0000] {logging_mixin.py:151} INFO - [2024-10-02T01:45:31.713+0000] {dagbag.py:539} INFO - Filling up the DagBag from /home/airflow/.local/lib/python3.8/site-packages/airflow/example_dags/example_branch_operator_decorator.py
[2024-10-02T01:45:31.757+0000] {processor.py:839} INFO - DAG(s) dict_keys(['example_branch_python_operator_decorator']) retrieved from /home/airflow/.local/lib/python3.8/site-packages/airflow/example_dags/example_branch_operator_decorator.py
[2024-10-02T01:45:32.102+0000] {logging_mixin.py:151} INFO - [2024-10-02T01:45:32.101+0000] {manager.py:499} INFO - Created Permission View: %s
[2024-10-02T01:45:32.275+0000] {logging_mixin.py:151} INFO - [2024-10-02T01:45:32.274+0000] {manager.py:499} INFO - Created Permission View: %s
[2024-10-02T01:45:32.330+0000] {logging_mixin.py:151} INFO - [2024-10-02T01:45:32.330+0000] {manager.py:499} INFO - Created Permission View: %s
[2024-10-02T01:45:32.370+0000] {logging_mixin.py:151} INFO - [2024-10-02T01:45:32.365+0000] {security.py:708} INFO - Not syncing DAG-level permissions for DAG 'DAG:example_branch_python_operator_decorator' as access control is unset.
[2024-10-02T01:45:32.391+0000] {logging_mixin.py:151} INFO - [2024-10-02T01:45:32.391+0000] {dag.py:2915} INFO - Sync 1 DAGs
[2024-10-02T01:45:32.421+0000] {logging_mixin.py:151} INFO - [2024-10-02T01:45:32.420+0000] {dag.py:2937} INFO - Creating ORM DAG for example_branch_python_operator_decorator
[2024-10-02T01:45:32.477+0000] {logging_mixin.py:151} INFO - [2024-10-02T01:45:32.477+0000] {dag.py:3696} INFO - Setting next_dagrun for example_branch_python_operator_decorator to 2024-10-01T00:00:00+00:00, run_after=2024-10-02T00:00:00+00:00
[2024-10-02T01:45:32.532+0000] {processor.py:179} INFO - Processing /home/airflow/.local/lib/python3.8/site-packages/airflow/example_dags/example_branch_operator_decorator.py took 0.862 seconds
[2024-10-02T01:46:03.063+0000] {processor.py:157} INFO - Started process (PID=95) to work on /home/airflow/.local/lib/python3.8/site-packages/airflow/example_dags/example_branch_operator_decorator.py
[2024-10-02T01:46:03.066+0000] {processor.py:829} INFO - Processing file /home/airflow/.local/lib/python3.8/site-packages/airflow/example_dags/example_branch_operator_decorator.py for tasks to queue
[2024-10-02T01:46:03.073+0000] {logging_mixin.py:151} INFO - [2024-10-02T01:46:03.071+0000] {dagbag.py:539} INFO - Filling up the DagBag from /home/airflow/.local/lib/python3.8/site-packages/airflow/example_dags/example_branch_operator_decorator.py
[2024-10-02T01:46:03.094+0000] {processor.py:839} INFO - DAG(s) dict_keys(['example_branch_python_operator_decorator']) retrieved from /home/airflow/.local/lib/python3.8/site-packages/airflow/example_dags/example_branch_operator_decorator.py
[2024-10-02T01:46:03.133+0000] {logging_mixin.py:151} INFO - [2024-10-02T01:46:03.133+0000] {dag.py:2915} INFO - Sync 1 DAGs
[2024-10-02T01:46:03.166+0000] {logging_mixin.py:151} INFO - [2024-10-02T01:46:03.166+0000] {dag.py:3696} INFO - Setting next_dagrun for example_branch_python_operator_decorator to 2024-10-01T00:00:00+00:00, run_after=2024-10-02T00:00:00+00:00
[2024-10-02T01:46:03.192+0000] {processor.py:179} INFO - Processing /home/airflow/.local/lib/python3.8/site-packages/airflow/example_dags/example_branch_operator_decorator.py took 0.135 seconds
[2024-10-02T01:46:59.209+0000] {processor.py:157} INFO - Started process (PID=48) to work on /home/airflow/.local/lib/python3.8/site-packages/airflow/example_dags/example_branch_operator_decorator.py
[2024-10-02T01:46:59.219+0000] {processor.py:829} INFO - Processing file /home/airflow/.local/lib/python3.8/site-packages/airflow/example_dags/example_branch_operator_decorator.py for tasks to queue
[2024-10-02T01:46:59.239+0000] {logging_mixin.py:151} INFO - [2024-10-02T01:46:59.237+0000] {dagbag.py:539} INFO - Filling up the DagBag from /home/airflow/.local/lib/python3.8/site-packages/airflow/example_dags/example_branch_operator_decorator.py
[2024-10-02T01:46:59.321+0000] {processor.py:839} INFO - DAG(s) dict_keys(['example_branch_python_operator_decorator']) retrieved from /home/airflow/.local/lib/python3.8/site-packages/airflow/example_dags/example_branch_operator_decorator.py
[2024-10-02T01:46:59.408+0000] {logging_mixin.py:151} INFO - [2024-10-02T01:46:59.407+0000] {dag.py:2915} INFO - Sync 1 DAGs
[2024-10-02T01:46:59.527+0000] {logging_mixin.py:151} INFO - [2024-10-02T01:46:59.526+0000] {dag.py:3696} INFO - Setting next_dagrun for example_branch_python_operator_decorator to 2024-10-01T00:00:00+00:00, run_after=2024-10-02T00:00:00+00:00
[2024-10-02T01:46:59.593+0000] {processor.py:179} INFO - Processing /home/airflow/.local/lib/python3.8/site-packages/airflow/example_dags/example_branch_operator_decorator.py took 0.389 seconds
[2024-10-02T01:47:29.937+0000] {processor.py:157} INFO - Started process (PID=95) to work on /home/airflow/.local/lib/python3.8/site-packages/airflow/example_dags/example_branch_operator_decorator.py
[2024-10-02T01:47:29.940+0000] {processor.py:829} INFO - Processing file /home/airflow/.local/lib/python3.8/site-packages/airflow/example_dags/example_branch_operator_decorator.py for tasks to queue
[2024-10-02T01:47:29.944+0000] {logging_mixin.py:151} INFO - [2024-10-02T01:47:29.944+0000] {dagbag.py:539} INFO - Filling up the DagBag from /home/airflow/.local/lib/python3.8/site-packages/airflow/example_dags/example_branch_operator_decorator.py
[2024-10-02T01:47:29.968+0000] {processor.py:839} INFO - DAG(s) dict_keys(['example_branch_python_operator_decorator']) retrieved from /home/airflow/.local/lib/python3.8/site-packages/airflow/example_dags/example_branch_operator_decorator.py
[2024-10-02T01:47:30.005+0000] {logging_mixin.py:151} INFO - [2024-10-02T01:47:30.005+0000] {dag.py:2915} INFO - Sync 1 DAGs
[2024-10-02T01:47:30.035+0000] {logging_mixin.py:151} INFO - [2024-10-02T01:47:30.034+0000] {dag.py:3696} INFO - Setting next_dagrun for example_branch_python_operator_decorator to 2024-10-01T00:00:00+00:00, run_after=2024-10-02T00:00:00+00:00
[2024-10-02T01:47:30.065+0000] {processor.py:179} INFO - Processing /home/airflow/.local/lib/python3.8/site-packages/airflow/example_dags/example_branch_operator_decorator.py took 0.132 seconds
[2024-10-02T01:48:27.340+0000] {processor.py:157} INFO - Started process (PID=48) to work on /home/airflow/.local/lib/python3.8/site-packages/airflow/example_dags/example_branch_operator_decorator.py
[2024-10-02T01:48:27.354+0000] {processor.py:829} INFO - Processing file /home/airflow/.local/lib/python3.8/site-packages/airflow/example_dags/example_branch_operator_decorator.py for tasks to queue
[2024-10-02T01:48:27.366+0000] {logging_mixin.py:151} INFO - [2024-10-02T01:48:27.366+0000] {dagbag.py:539} INFO - Filling up the DagBag from /home/airflow/.local/lib/python3.8/site-packages/airflow/example_dags/example_branch_operator_decorator.py
[2024-10-02T01:48:27.456+0000] {processor.py:839} INFO - DAG(s) dict_keys(['example_branch_python_operator_decorator']) retrieved from /home/airflow/.local/lib/python3.8/site-packages/airflow/example_dags/example_branch_operator_decorator.py
[2024-10-02T01:48:27.562+0000] {logging_mixin.py:151} INFO - [2024-10-02T01:48:27.561+0000] {dag.py:2915} INFO - Sync 1 DAGs
[2024-10-02T01:48:27.659+0000] {logging_mixin.py:151} INFO - [2024-10-02T01:48:27.658+0000] {dag.py:3696} INFO - Setting next_dagrun for example_branch_python_operator_decorator to 2024-10-01T00:00:00+00:00, run_after=2024-10-02T00:00:00+00:00
[2024-10-02T01:48:27.738+0000] {processor.py:179} INFO - Processing /home/airflow/.local/lib/python3.8/site-packages/airflow/example_dags/example_branch_operator_decorator.py took 0.420 seconds
[2024-10-02T01:48:58.242+0000] {processor.py:157} INFO - Started process (PID=95) to work on /home/airflow/.local/lib/python3.8/site-packages/airflow/example_dags/example_branch_operator_decorator.py
[2024-10-02T01:48:58.245+0000] {processor.py:829} INFO - Processing file /home/airflow/.local/lib/python3.8/site-packages/airflow/example_dags/example_branch_operator_decorator.py for tasks to queue
[2024-10-02T01:48:58.250+0000] {logging_mixin.py:151} INFO - [2024-10-02T01:48:58.249+0000] {dagbag.py:539} INFO - Filling up the DagBag from /home/airflow/.local/lib/python3.8/site-packages/airflow/example_dags/example_branch_operator_decorator.py
[2024-10-02T01:48:58.268+0000] {processor.py:839} INFO - DAG(s) dict_keys(['example_branch_python_operator_decorator']) retrieved from /home/airflow/.local/lib/python3.8/site-packages/airflow/example_dags/example_branch_operator_decorator.py
[2024-10-02T01:48:58.303+0000] {logging_mixin.py:151} INFO - [2024-10-02T01:48:58.302+0000] {dag.py:2915} INFO - Sync 1 DAGs
[2024-10-02T01:48:58.336+0000] {logging_mixin.py:151} INFO - [2024-10-02T01:48:58.335+0000] {dag.py:3696} INFO - Setting next_dagrun for example_branch_python_operator_decorator to 2024-10-01T00:00:00+00:00, run_after=2024-10-02T00:00:00+00:00
[2024-10-02T01:48:58.364+0000] {processor.py:179} INFO - Processing /home/airflow/.local/lib/python3.8/site-packages/airflow/example_dags/example_branch_operator_decorator.py took 0.126 seconds
[2024-10-02T01:49:29.071+0000] {processor.py:157} INFO - Started process (PID=143) to work on /home/airflow/.local/lib/python3.8/site-packages/airflow/example_dags/example_branch_operator_decorator.py
[2024-10-02T01:49:29.074+0000] {processor.py:829} INFO - Processing file /home/airflow/.local/lib/python3.8/site-packages/airflow/example_dags/example_branch_operator_decorator.py for tasks to queue
[2024-10-02T01:49:29.083+0000] {logging_mixin.py:151} INFO - [2024-10-02T01:49:29.081+0000] {dagbag.py:539} INFO - Filling up the DagBag from /home/airflow/.local/lib/python3.8/site-packages/airflow/example_dags/example_branch_operator_decorator.py
[2024-10-02T01:49:29.106+0000] {processor.py:839} INFO - DAG(s) dict_keys(['example_branch_python_operator_decorator']) retrieved from /home/airflow/.local/lib/python3.8/site-packages/airflow/example_dags/example_branch_operator_decorator.py
[2024-10-02T01:49:29.141+0000] {logging_mixin.py:151} INFO - [2024-10-02T01:49:29.141+0000] {dag.py:2915} INFO - Sync 1 DAGs
[2024-10-02T01:49:29.172+0000] {logging_mixin.py:151} INFO - [2024-10-02T01:49:29.171+0000] {dag.py:3696} INFO - Setting next_dagrun for example_branch_python_operator_decorator to 2024-10-01T00:00:00+00:00, run_after=2024-10-02T00:00:00+00:00
[2024-10-02T01:49:29.193+0000] {processor.py:179} INFO - Processing /home/airflow/.local/lib/python3.8/site-packages/airflow/example_dags/example_branch_operator_decorator.py took 0.125 seconds
[2024-10-02T01:49:59.949+0000] {processor.py:157} INFO - Started process (PID=191) to work on /home/airflow/.local/lib/python3.8/site-packages/airflow/example_dags/example_branch_operator_decorator.py
[2024-10-02T01:49:59.952+0000] {processor.py:829} INFO - Processing file /home/airflow/.local/lib/python3.8/site-packages/airflow/example_dags/example_branch_operator_decorator.py for tasks to queue
[2024-10-02T01:49:59.956+0000] {logging_mixin.py:151} INFO - [2024-10-02T01:49:59.956+0000] {dagbag.py:539} INFO - Filling up the DagBag from /home/airflow/.local/lib/python3.8/site-packages/airflow/example_dags/example_branch_operator_decorator.py
[2024-10-02T01:49:59.974+0000] {processor.py:839} INFO - DAG(s) dict_keys(['example_branch_python_operator_decorator']) retrieved from /home/airflow/.local/lib/python3.8/site-packages/airflow/example_dags/example_branch_operator_decorator.py
[2024-10-02T01:50:00.007+0000] {logging_mixin.py:151} INFO - [2024-10-02T01:50:00.007+0000] {dag.py:2915} INFO - Sync 1 DAGs
[2024-10-02T01:50:00.074+0000] {logging_mixin.py:151} INFO - [2024-10-02T01:50:00.073+0000] {dag.py:3696} INFO - Setting next_dagrun for example_branch_python_operator_decorator to 2024-10-01T00:00:00+00:00, run_after=2024-10-02T00:00:00+00:00
[2024-10-02T01:50:00.114+0000] {processor.py:179} INFO - Processing /home/airflow/.local/lib/python3.8/site-packages/airflow/example_dags/example_branch_operator_decorator.py took 0.168 seconds
[2024-10-02T01:50:30.198+0000] {processor.py:157} INFO - Started process (PID=239) to work on /home/airflow/.local/lib/python3.8/site-packages/airflow/example_dags/example_branch_operator_decorator.py
[2024-10-02T01:50:30.201+0000] {processor.py:829} INFO - Processing file /home/airflow/.local/lib/python3.8/site-packages/airflow/example_dags/example_branch_operator_decorator.py for tasks to queue
[2024-10-02T01:50:30.204+0000] {logging_mixin.py:151} INFO - [2024-10-02T01:50:30.204+0000] {dagbag.py:539} INFO - Filling up the DagBag from /home/airflow/.local/lib/python3.8/site-packages/airflow/example_dags/example_branch_operator_decorator.py
[2024-10-02T01:50:30.222+0000] {processor.py:839} INFO - DAG(s) dict_keys(['example_branch_python_operator_decorator']) retrieved from /home/airflow/.local/lib/python3.8/site-packages/airflow/example_dags/example_branch_operator_decorator.py
[2024-10-02T01:50:30.256+0000] {logging_mixin.py:151} INFO - [2024-10-02T01:50:30.256+0000] {dag.py:2915} INFO - Sync 1 DAGs
[2024-10-02T01:50:30.286+0000] {logging_mixin.py:151} INFO - [2024-10-02T01:50:30.286+0000] {dag.py:3696} INFO - Setting next_dagrun for example_branch_python_operator_decorator to 2024-10-01T00:00:00+00:00, run_after=2024-10-02T00:00:00+00:00
[2024-10-02T01:50:30.310+0000] {processor.py:179} INFO - Processing /home/airflow/.local/lib/python3.8/site-packages/airflow/example_dags/example_branch_operator_decorator.py took 0.116 seconds
[2024-10-02T01:51:00.489+0000] {processor.py:157} INFO - Started process (PID=287) to work on /home/airflow/.local/lib/python3.8/site-packages/airflow/example_dags/example_branch_operator_decorator.py
[2024-10-02T01:51:00.492+0000] {processor.py:829} INFO - Processing file /home/airflow/.local/lib/python3.8/site-packages/airflow/example_dags/example_branch_operator_decorator.py for tasks to queue
[2024-10-02T01:51:00.498+0000] {logging_mixin.py:151} INFO - [2024-10-02T01:51:00.498+0000] {dagbag.py:539} INFO - Filling up the DagBag from /home/airflow/.local/lib/python3.8/site-packages/airflow/example_dags/example_branch_operator_decorator.py
[2024-10-02T01:51:00.517+0000] {processor.py:839} INFO - DAG(s) dict_keys(['example_branch_python_operator_decorator']) retrieved from /home/airflow/.local/lib/python3.8/site-packages/airflow/example_dags/example_branch_operator_decorator.py
[2024-10-02T01:51:00.557+0000] {logging_mixin.py:151} INFO - [2024-10-02T01:51:00.557+0000] {dag.py:2915} INFO - Sync 1 DAGs
[2024-10-02T01:51:00.589+0000] {logging_mixin.py:151} INFO - [2024-10-02T01:51:00.588+0000] {dag.py:3696} INFO - Setting next_dagrun for example_branch_python_operator_decorator to 2024-10-01T00:00:00+00:00, run_after=2024-10-02T00:00:00+00:00
[2024-10-02T01:51:00.610+0000] {processor.py:179} INFO - Processing /home/airflow/.local/lib/python3.8/site-packages/airflow/example_dags/example_branch_operator_decorator.py took 0.126 seconds
[2024-10-02T01:51:30.741+0000] {processor.py:157} INFO - Started process (PID=335) to work on /home/airflow/.local/lib/python3.8/site-packages/airflow/example_dags/example_branch_operator_decorator.py
[2024-10-02T01:51:30.744+0000] {processor.py:829} INFO - Processing file /home/airflow/.local/lib/python3.8/site-packages/airflow/example_dags/example_branch_operator_decorator.py for tasks to queue
[2024-10-02T01:51:30.748+0000] {logging_mixin.py:151} INFO - [2024-10-02T01:51:30.748+0000] {dagbag.py:539} INFO - Filling up the DagBag from /home/airflow/.local/lib/python3.8/site-packages/airflow/example_dags/example_branch_operator_decorator.py
[2024-10-02T01:51:30.765+0000] {processor.py:839} INFO - DAG(s) dict_keys(['example_branch_python_operator_decorator']) retrieved from /home/airflow/.local/lib/python3.8/site-packages/airflow/example_dags/example_branch_operator_decorator.py
[2024-10-02T01:51:30.800+0000] {logging_mixin.py:151} INFO - [2024-10-02T01:51:30.800+0000] {dag.py:2915} INFO - Sync 1 DAGs
[2024-10-02T01:51:30.835+0000] {logging_mixin.py:151} INFO - [2024-10-02T01:51:30.835+0000] {dag.py:3696} INFO - Setting next_dagrun for example_branch_python_operator_decorator to 2024-10-01T00:00:00+00:00, run_after=2024-10-02T00:00:00+00:00
[2024-10-02T01:51:30.874+0000] {processor.py:179} INFO - Processing /home/airflow/.local/lib/python3.8/site-packages/airflow/example_dags/example_branch_operator_decorator.py took 0.136 seconds
[2024-10-02T01:52:01.002+0000] {processor.py:157} INFO - Started process (PID=383) to work on /home/airflow/.local/lib/python3.8/site-packages/airflow/example_dags/example_branch_operator_decorator.py
[2024-10-02T01:52:01.005+0000] {processor.py:829} INFO - Processing file /home/airflow/.local/lib/python3.8/site-packages/airflow/example_dags/example_branch_operator_decorator.py for tasks to queue
[2024-10-02T01:52:01.010+0000] {logging_mixin.py:151} INFO - [2024-10-02T01:52:01.009+0000] {dagbag.py:539} INFO - Filling up the DagBag from /home/airflow/.local/lib/python3.8/site-packages/airflow/example_dags/example_branch_operator_decorator.py
[2024-10-02T01:52:01.029+0000] {processor.py:839} INFO - DAG(s) dict_keys(['example_branch_python_operator_decorator']) retrieved from /home/airflow/.local/lib/python3.8/site-packages/airflow/example_dags/example_branch_operator_decorator.py
[2024-10-02T01:52:01.128+0000] {logging_mixin.py:151} INFO - [2024-10-02T01:52:01.116+0000] {dag.py:2915} INFO - Sync 1 DAGs
[2024-10-02T01:52:01.177+0000] {logging_mixin.py:151} INFO - [2024-10-02T01:52:01.177+0000] {dag.py:3696} INFO - Setting next_dagrun for example_branch_python_operator_decorator to 2024-10-01T00:00:00+00:00, run_after=2024-10-02T00:00:00+00:00
[2024-10-02T01:52:01.199+0000] {processor.py:179} INFO - Processing /home/airflow/.local/lib/python3.8/site-packages/airflow/example_dags/example_branch_operator_decorator.py took 0.202 seconds
[2024-10-02T01:52:31.413+0000] {processor.py:157} INFO - Started process (PID=431) to work on /home/airflow/.local/lib/python3.8/site-packages/airflow/example_dags/example_branch_operator_decorator.py
[2024-10-02T01:52:31.418+0000] {processor.py:829} INFO - Processing file /home/airflow/.local/lib/python3.8/site-packages/airflow/example_dags/example_branch_operator_decorator.py for tasks to queue
[2024-10-02T01:52:31.424+0000] {logging_mixin.py:151} INFO - [2024-10-02T01:52:31.423+0000] {dagbag.py:539} INFO - Filling up the DagBag from /home/airflow/.local/lib/python3.8/site-packages/airflow/example_dags/example_branch_operator_decorator.py
[2024-10-02T01:52:31.441+0000] {processor.py:839} INFO - DAG(s) dict_keys(['example_branch_python_operator_decorator']) retrieved from /home/airflow/.local/lib/python3.8/site-packages/airflow/example_dags/example_branch_operator_decorator.py
[2024-10-02T01:52:31.485+0000] {logging_mixin.py:151} INFO - [2024-10-02T01:52:31.484+0000] {dag.py:2915} INFO - Sync 1 DAGs
[2024-10-02T01:52:31.519+0000] {logging_mixin.py:151} INFO - [2024-10-02T01:52:31.518+0000] {dag.py:3696} INFO - Setting next_dagrun for example_branch_python_operator_decorator to 2024-10-01T00:00:00+00:00, run_after=2024-10-02T00:00:00+00:00
[2024-10-02T01:52:31.549+0000] {processor.py:179} INFO - Processing /home/airflow/.local/lib/python3.8/site-packages/airflow/example_dags/example_branch_operator_decorator.py took 0.142 seconds
[2024-10-02T01:53:02.414+0000] {processor.py:157} INFO - Started process (PID=479) to work on /home/airflow/.local/lib/python3.8/site-packages/airflow/example_dags/example_branch_operator_decorator.py
[2024-10-02T01:53:02.417+0000] {processor.py:829} INFO - Processing file /home/airflow/.local/lib/python3.8/site-packages/airflow/example_dags/example_branch_operator_decorator.py for tasks to queue
[2024-10-02T01:53:02.438+0000] {logging_mixin.py:151} INFO - [2024-10-02T01:53:02.438+0000] {dagbag.py:539} INFO - Filling up the DagBag from /home/airflow/.local/lib/python3.8/site-packages/airflow/example_dags/example_branch_operator_decorator.py
[2024-10-02T01:53:02.468+0000] {processor.py:839} INFO - DAG(s) dict_keys(['example_branch_python_operator_decorator']) retrieved from /home/airflow/.local/lib/python3.8/site-packages/airflow/example_dags/example_branch_operator_decorator.py
[2024-10-02T01:53:02.510+0000] {logging_mixin.py:151} INFO - [2024-10-02T01:53:02.510+0000] {dag.py:2915} INFO - Sync 1 DAGs
[2024-10-02T01:53:02.555+0000] {logging_mixin.py:151} INFO - [2024-10-02T01:53:02.554+0000] {dag.py:3696} INFO - Setting next_dagrun for example_branch_python_operator_decorator to 2024-10-01T00:00:00+00:00, run_after=2024-10-02T00:00:00+00:00
[2024-10-02T01:53:02.615+0000] {processor.py:179} INFO - Processing /home/airflow/.local/lib/python3.8/site-packages/airflow/example_dags/example_branch_operator_decorator.py took 0.205 seconds
[2024-10-02T01:53:33.414+0000] {processor.py:157} INFO - Started process (PID=527) to work on /home/airflow/.local/lib/python3.8/site-packages/airflow/example_dags/example_branch_operator_decorator.py
[2024-10-02T01:53:33.417+0000] {processor.py:829} INFO - Processing file /home/airflow/.local/lib/python3.8/site-packages/airflow/example_dags/example_branch_operator_decorator.py for tasks to queue
[2024-10-02T01:53:33.421+0000] {logging_mixin.py:151} INFO - [2024-10-02T01:53:33.421+0000] {dagbag.py:539} INFO - Filling up the DagBag from /home/airflow/.local/lib/python3.8/site-packages/airflow/example_dags/example_branch_operator_decorator.py
[2024-10-02T01:53:33.441+0000] {processor.py:839} INFO - DAG(s) dict_keys(['example_branch_python_operator_decorator']) retrieved from /home/airflow/.local/lib/python3.8/site-packages/airflow/example_dags/example_branch_operator_decorator.py
[2024-10-02T01:53:33.476+0000] {logging_mixin.py:151} INFO - [2024-10-02T01:53:33.476+0000] {dag.py:2915} INFO - Sync 1 DAGs
[2024-10-02T01:53:33.505+0000] {logging_mixin.py:151} INFO - [2024-10-02T01:53:33.504+0000] {dag.py:3696} INFO - Setting next_dagrun for example_branch_python_operator_decorator to 2024-10-01T00:00:00+00:00, run_after=2024-10-02T00:00:00+00:00
[2024-10-02T01:53:33.537+0000] {processor.py:179} INFO - Processing /home/airflow/.local/lib/python3.8/site-packages/airflow/example_dags/example_branch_operator_decorator.py took 0.127 seconds
[2024-10-02T01:54:04.200+0000] {processor.py:157} INFO - Started process (PID=575) to work on /home/airflow/.local/lib/python3.8/site-packages/airflow/example_dags/example_branch_operator_decorator.py
[2024-10-02T01:54:04.202+0000] {processor.py:829} INFO - Processing file /home/airflow/.local/lib/python3.8/site-packages/airflow/example_dags/example_branch_operator_decorator.py for tasks to queue
[2024-10-02T01:54:04.207+0000] {logging_mixin.py:151} INFO - [2024-10-02T01:54:04.206+0000] {dagbag.py:539} INFO - Filling up the DagBag from /home/airflow/.local/lib/python3.8/site-packages/airflow/example_dags/example_branch_operator_decorator.py
[2024-10-02T01:54:04.223+0000] {processor.py:839} INFO - DAG(s) dict_keys(['example_branch_python_operator_decorator']) retrieved from /home/airflow/.local/lib/python3.8/site-packages/airflow/example_dags/example_branch_operator_decorator.py
[2024-10-02T01:54:04.255+0000] {logging_mixin.py:151} INFO - [2024-10-02T01:54:04.255+0000] {dag.py:2915} INFO - Sync 1 DAGs
[2024-10-02T01:54:04.280+0000] {logging_mixin.py:151} INFO - [2024-10-02T01:54:04.279+0000] {dag.py:3696} INFO - Setting next_dagrun for example_branch_python_operator_decorator to 2024-10-01T00:00:00+00:00, run_after=2024-10-02T00:00:00+00:00
[2024-10-02T01:54:04.304+0000] {processor.py:179} INFO - Processing /home/airflow/.local/lib/python3.8/site-packages/airflow/example_dags/example_branch_operator_decorator.py took 0.108 seconds
[2024-10-02T01:57:18.913+0000] {processor.py:157} INFO - Started process (PID=609) to work on /home/airflow/.local/lib/python3.8/site-packages/airflow/example_dags/example_branch_operator_decorator.py
[2024-10-02T01:57:18.926+0000] {processor.py:829} INFO - Processing file /home/airflow/.local/lib/python3.8/site-packages/airflow/example_dags/example_branch_operator_decorator.py for tasks to queue
[2024-10-02T01:57:18.944+0000] {logging_mixin.py:151} INFO - [2024-10-02T01:57:18.943+0000] {dagbag.py:539} INFO - Filling up the DagBag from /home/airflow/.local/lib/python3.8/site-packages/airflow/example_dags/example_branch_operator_decorator.py
[2024-10-02T01:57:18.968+0000] {processor.py:839} INFO - DAG(s) dict_keys(['example_branch_python_operator_decorator']) retrieved from /home/airflow/.local/lib/python3.8/site-packages/airflow/example_dags/example_branch_operator_decorator.py
[2024-10-02T01:57:19.010+0000] {logging_mixin.py:151} INFO - [2024-10-02T01:57:19.009+0000] {dag.py:2915} INFO - Sync 1 DAGs
[2024-10-02T01:57:19.041+0000] {logging_mixin.py:151} INFO - [2024-10-02T01:57:19.040+0000] {dag.py:3696} INFO - Setting next_dagrun for example_branch_python_operator_decorator to 2024-10-01T00:00:00+00:00, run_after=2024-10-02T00:00:00+00:00
[2024-10-02T01:57:19.076+0000] {processor.py:179} INFO - Processing /home/airflow/.local/lib/python3.8/site-packages/airflow/example_dags/example_branch_operator_decorator.py took 0.167 seconds
[2024-10-02T01:57:49.705+0000] {processor.py:157} INFO - Started process (PID=657) to work on /home/airflow/.local/lib/python3.8/site-packages/airflow/example_dags/example_branch_operator_decorator.py
[2024-10-02T01:57:49.711+0000] {processor.py:829} INFO - Processing file /home/airflow/.local/lib/python3.8/site-packages/airflow/example_dags/example_branch_operator_decorator.py for tasks to queue
[2024-10-02T01:57:49.716+0000] {logging_mixin.py:151} INFO - [2024-10-02T01:57:49.715+0000] {dagbag.py:539} INFO - Filling up the DagBag from /home/airflow/.local/lib/python3.8/site-packages/airflow/example_dags/example_branch_operator_decorator.py
[2024-10-02T01:57:49.742+0000] {processor.py:839} INFO - DAG(s) dict_keys(['example_branch_python_operator_decorator']) retrieved from /home/airflow/.local/lib/python3.8/site-packages/airflow/example_dags/example_branch_operator_decorator.py
[2024-10-02T01:57:49.781+0000] {logging_mixin.py:151} INFO - [2024-10-02T01:57:49.781+0000] {dag.py:2915} INFO - Sync 1 DAGs
[2024-10-02T01:57:49.849+0000] {logging_mixin.py:151} INFO - [2024-10-02T01:57:49.849+0000] {dag.py:3696} INFO - Setting next_dagrun for example_branch_python_operator_decorator to 2024-10-01T00:00:00+00:00, run_after=2024-10-02T00:00:00+00:00
[2024-10-02T01:57:49.882+0000] {processor.py:179} INFO - Processing /home/airflow/.local/lib/python3.8/site-packages/airflow/example_dags/example_branch_operator_decorator.py took 0.181 seconds
[2024-10-02T01:58:20.254+0000] {processor.py:157} INFO - Started process (PID=705) to work on /home/airflow/.local/lib/python3.8/site-packages/airflow/example_dags/example_branch_operator_decorator.py
[2024-10-02T01:58:20.259+0000] {processor.py:829} INFO - Processing file /home/airflow/.local/lib/python3.8/site-packages/airflow/example_dags/example_branch_operator_decorator.py for tasks to queue
[2024-10-02T01:58:20.266+0000] {logging_mixin.py:151} INFO - [2024-10-02T01:58:20.265+0000] {dagbag.py:539} INFO - Filling up the DagBag from /home/airflow/.local/lib/python3.8/site-packages/airflow/example_dags/example_branch_operator_decorator.py
[2024-10-02T01:58:20.289+0000] {processor.py:839} INFO - DAG(s) dict_keys(['example_branch_python_operator_decorator']) retrieved from /home/airflow/.local/lib/python3.8/site-packages/airflow/example_dags/example_branch_operator_decorator.py
[2024-10-02T01:58:20.326+0000] {logging_mixin.py:151} INFO - [2024-10-02T01:58:20.326+0000] {dag.py:2915} INFO - Sync 1 DAGs
[2024-10-02T01:58:20.355+0000] {logging_mixin.py:151} INFO - [2024-10-02T01:58:20.354+0000] {dag.py:3696} INFO - Setting next_dagrun for example_branch_python_operator_decorator to 2024-10-01T00:00:00+00:00, run_after=2024-10-02T00:00:00+00:00
[2024-10-02T01:58:20.380+0000] {processor.py:179} INFO - Processing /home/airflow/.local/lib/python3.8/site-packages/airflow/example_dags/example_branch_operator_decorator.py took 0.130 seconds
[2024-10-02T01:58:50.747+0000] {processor.py:157} INFO - Started process (PID=753) to work on /home/airflow/.local/lib/python3.8/site-packages/airflow/example_dags/example_branch_operator_decorator.py
[2024-10-02T01:58:50.751+0000] {processor.py:829} INFO - Processing file /home/airflow/.local/lib/python3.8/site-packages/airflow/example_dags/example_branch_operator_decorator.py for tasks to queue
[2024-10-02T01:58:50.758+0000] {logging_mixin.py:151} INFO - [2024-10-02T01:58:50.757+0000] {dagbag.py:539} INFO - Filling up the DagBag from /home/airflow/.local/lib/python3.8/site-packages/airflow/example_dags/example_branch_operator_decorator.py
[2024-10-02T01:58:50.777+0000] {processor.py:839} INFO - DAG(s) dict_keys(['example_branch_python_operator_decorator']) retrieved from /home/airflow/.local/lib/python3.8/site-packages/airflow/example_dags/example_branch_operator_decorator.py
[2024-10-02T01:58:50.843+0000] {logging_mixin.py:151} INFO - [2024-10-02T01:58:50.843+0000] {dag.py:2915} INFO - Sync 1 DAGs
[2024-10-02T01:58:50.889+0000] {logging_mixin.py:151} INFO - [2024-10-02T01:58:50.888+0000] {dag.py:3696} INFO - Setting next_dagrun for example_branch_python_operator_decorator to 2024-10-01T00:00:00+00:00, run_after=2024-10-02T00:00:00+00:00
[2024-10-02T01:58:50.934+0000] {processor.py:179} INFO - Processing /home/airflow/.local/lib/python3.8/site-packages/airflow/example_dags/example_branch_operator_decorator.py took 0.191 seconds
[2024-10-02T01:59:22.321+0000] {processor.py:157} INFO - Started process (PID=801) to work on /home/airflow/.local/lib/python3.8/site-packages/airflow/example_dags/example_branch_operator_decorator.py
[2024-10-02T01:59:22.325+0000] {processor.py:829} INFO - Processing file /home/airflow/.local/lib/python3.8/site-packages/airflow/example_dags/example_branch_operator_decorator.py for tasks to queue
[2024-10-02T01:59:22.332+0000] {logging_mixin.py:151} INFO - [2024-10-02T01:59:22.331+0000] {dagbag.py:539} INFO - Filling up the DagBag from /home/airflow/.local/lib/python3.8/site-packages/airflow/example_dags/example_branch_operator_decorator.py
[2024-10-02T01:59:22.358+0000] {processor.py:839} INFO - DAG(s) dict_keys(['example_branch_python_operator_decorator']) retrieved from /home/airflow/.local/lib/python3.8/site-packages/airflow/example_dags/example_branch_operator_decorator.py
[2024-10-02T01:59:22.414+0000] {logging_mixin.py:151} INFO - [2024-10-02T01:59:22.414+0000] {dag.py:2915} INFO - Sync 1 DAGs
[2024-10-02T01:59:22.452+0000] {logging_mixin.py:151} INFO - [2024-10-02T01:59:22.451+0000] {dag.py:3696} INFO - Setting next_dagrun for example_branch_python_operator_decorator to 2024-10-01T00:00:00+00:00, run_after=2024-10-02T00:00:00+00:00
[2024-10-02T01:59:22.507+0000] {processor.py:179} INFO - Processing /home/airflow/.local/lib/python3.8/site-packages/airflow/example_dags/example_branch_operator_decorator.py took 0.192 seconds
[2024-10-02T01:59:53.350+0000] {processor.py:157} INFO - Started process (PID=849) to work on /home/airflow/.local/lib/python3.8/site-packages/airflow/example_dags/example_branch_operator_decorator.py
[2024-10-02T01:59:53.352+0000] {processor.py:829} INFO - Processing file /home/airflow/.local/lib/python3.8/site-packages/airflow/example_dags/example_branch_operator_decorator.py for tasks to queue
[2024-10-02T01:59:53.356+0000] {logging_mixin.py:151} INFO - [2024-10-02T01:59:53.356+0000] {dagbag.py:539} INFO - Filling up the DagBag from /home/airflow/.local/lib/python3.8/site-packages/airflow/example_dags/example_branch_operator_decorator.py
[2024-10-02T01:59:53.374+0000] {processor.py:839} INFO - DAG(s) dict_keys(['example_branch_python_operator_decorator']) retrieved from /home/airflow/.local/lib/python3.8/site-packages/airflow/example_dags/example_branch_operator_decorator.py
[2024-10-02T01:59:53.410+0000] {logging_mixin.py:151} INFO - [2024-10-02T01:59:53.409+0000] {dag.py:2915} INFO - Sync 1 DAGs
[2024-10-02T01:59:53.441+0000] {logging_mixin.py:151} INFO - [2024-10-02T01:59:53.440+0000] {dag.py:3696} INFO - Setting next_dagrun for example_branch_python_operator_decorator to 2024-10-01T00:00:00+00:00, run_after=2024-10-02T00:00:00+00:00
[2024-10-02T01:59:53.466+0000] {processor.py:179} INFO - Processing /home/airflow/.local/lib/python3.8/site-packages/airflow/example_dags/example_branch_operator_decorator.py took 0.120 seconds
[2024-10-02T02:00:23.520+0000] {processor.py:157} INFO - Started process (PID=896) to work on /home/airflow/.local/lib/python3.8/site-packages/airflow/example_dags/example_branch_operator_decorator.py
[2024-10-02T02:00:23.523+0000] {processor.py:829} INFO - Processing file /home/airflow/.local/lib/python3.8/site-packages/airflow/example_dags/example_branch_operator_decorator.py for tasks to queue
[2024-10-02T02:00:23.529+0000] {logging_mixin.py:151} INFO - [2024-10-02T02:00:23.528+0000] {dagbag.py:539} INFO - Filling up the DagBag from /home/airflow/.local/lib/python3.8/site-packages/airflow/example_dags/example_branch_operator_decorator.py
[2024-10-02T02:00:23.549+0000] {processor.py:839} INFO - DAG(s) dict_keys(['example_branch_python_operator_decorator']) retrieved from /home/airflow/.local/lib/python3.8/site-packages/airflow/example_dags/example_branch_operator_decorator.py
[2024-10-02T02:00:23.588+0000] {logging_mixin.py:151} INFO - [2024-10-02T02:00:23.588+0000] {dag.py:2915} INFO - Sync 1 DAGs
[2024-10-02T02:00:23.621+0000] {logging_mixin.py:151} INFO - [2024-10-02T02:00:23.620+0000] {dag.py:3696} INFO - Setting next_dagrun for example_branch_python_operator_decorator to 2024-10-01T00:00:00+00:00, run_after=2024-10-02T00:00:00+00:00
[2024-10-02T02:00:23.651+0000] {processor.py:179} INFO - Processing /home/airflow/.local/lib/python3.8/site-packages/airflow/example_dags/example_branch_operator_decorator.py took 0.135 seconds
[2024-10-02T02:00:53.816+0000] {processor.py:157} INFO - Started process (PID=944) to work on /home/airflow/.local/lib/python3.8/site-packages/airflow/example_dags/example_branch_operator_decorator.py
[2024-10-02T02:00:53.819+0000] {processor.py:829} INFO - Processing file /home/airflow/.local/lib/python3.8/site-packages/airflow/example_dags/example_branch_operator_decorator.py for tasks to queue
[2024-10-02T02:00:53.824+0000] {logging_mixin.py:151} INFO - [2024-10-02T02:00:53.823+0000] {dagbag.py:539} INFO - Filling up the DagBag from /home/airflow/.local/lib/python3.8/site-packages/airflow/example_dags/example_branch_operator_decorator.py
[2024-10-02T02:00:53.864+0000] {processor.py:839} INFO - DAG(s) dict_keys(['example_branch_python_operator_decorator']) retrieved from /home/airflow/.local/lib/python3.8/site-packages/airflow/example_dags/example_branch_operator_decorator.py
[2024-10-02T02:00:53.908+0000] {logging_mixin.py:151} INFO - [2024-10-02T02:00:53.908+0000] {dag.py:2915} INFO - Sync 1 DAGs
[2024-10-02T02:00:53.955+0000] {logging_mixin.py:151} INFO - [2024-10-02T02:00:53.954+0000] {dag.py:3696} INFO - Setting next_dagrun for example_branch_python_operator_decorator to 2024-10-01T00:00:00+00:00, run_after=2024-10-02T00:00:00+00:00
[2024-10-02T02:00:53.998+0000] {processor.py:179} INFO - Processing /home/airflow/.local/lib/python3.8/site-packages/airflow/example_dags/example_branch_operator_decorator.py took 0.186 seconds
[2024-10-02T02:01:24.446+0000] {processor.py:157} INFO - Started process (PID=992) to work on /home/airflow/.local/lib/python3.8/site-packages/airflow/example_dags/example_branch_operator_decorator.py
[2024-10-02T02:01:24.454+0000] {processor.py:829} INFO - Processing file /home/airflow/.local/lib/python3.8/site-packages/airflow/example_dags/example_branch_operator_decorator.py for tasks to queue
[2024-10-02T02:01:24.459+0000] {logging_mixin.py:151} INFO - [2024-10-02T02:01:24.458+0000] {dagbag.py:539} INFO - Filling up the DagBag from /home/airflow/.local/lib/python3.8/site-packages/airflow/example_dags/example_branch_operator_decorator.py
[2024-10-02T02:01:24.478+0000] {processor.py:839} INFO - DAG(s) dict_keys(['example_branch_python_operator_decorator']) retrieved from /home/airflow/.local/lib/python3.8/site-packages/airflow/example_dags/example_branch_operator_decorator.py
[2024-10-02T02:01:24.513+0000] {logging_mixin.py:151} INFO - [2024-10-02T02:01:24.512+0000] {dag.py:2915} INFO - Sync 1 DAGs
[2024-10-02T02:01:24.542+0000] {logging_mixin.py:151} INFO - [2024-10-02T02:01:24.541+0000] {dag.py:3696} INFO - Setting next_dagrun for example_branch_python_operator_decorator to 2024-10-01T00:00:00+00:00, run_after=2024-10-02T00:00:00+00:00
[2024-10-02T02:01:24.568+0000] {processor.py:179} INFO - Processing /home/airflow/.local/lib/python3.8/site-packages/airflow/example_dags/example_branch_operator_decorator.py took 0.127 seconds
[2024-10-02T02:03:21.502+0000] {processor.py:157} INFO - Started process (PID=48) to work on /home/airflow/.local/lib/python3.8/site-packages/airflow/example_dags/example_branch_operator_decorator.py
[2024-10-02T02:03:21.509+0000] {processor.py:829} INFO - Processing file /home/airflow/.local/lib/python3.8/site-packages/airflow/example_dags/example_branch_operator_decorator.py for tasks to queue
[2024-10-02T02:03:21.531+0000] {logging_mixin.py:151} INFO - [2024-10-02T02:03:21.530+0000] {dagbag.py:539} INFO - Filling up the DagBag from /home/airflow/.local/lib/python3.8/site-packages/airflow/example_dags/example_branch_operator_decorator.py
[2024-10-02T02:03:21.588+0000] {processor.py:839} INFO - DAG(s) dict_keys(['example_branch_python_operator_decorator']) retrieved from /home/airflow/.local/lib/python3.8/site-packages/airflow/example_dags/example_branch_operator_decorator.py
[2024-10-02T02:03:21.837+0000] {logging_mixin.py:151} INFO - [2024-10-02T02:03:21.836+0000] {manager.py:499} INFO - Created Permission View: %s
[2024-10-02T02:03:21.867+0000] {logging_mixin.py:151} INFO - [2024-10-02T02:03:21.867+0000] {manager.py:499} INFO - Created Permission View: %s
[2024-10-02T02:03:21.930+0000] {logging_mixin.py:151} INFO - [2024-10-02T02:03:21.930+0000] {manager.py:499} INFO - Created Permission View: %s
[2024-10-02T02:03:21.936+0000] {logging_mixin.py:151} INFO - [2024-10-02T02:03:21.935+0000] {security.py:708} INFO - Not syncing DAG-level permissions for DAG 'DAG:example_branch_python_operator_decorator' as access control is unset.
[2024-10-02T02:03:21.940+0000] {logging_mixin.py:151} INFO - [2024-10-02T02:03:21.939+0000] {dag.py:2915} INFO - Sync 1 DAGs
[2024-10-02T02:03:22.003+0000] {logging_mixin.py:151} INFO - [2024-10-02T02:03:22.002+0000] {dag.py:2937} INFO - Creating ORM DAG for example_branch_python_operator_decorator
[2024-10-02T02:03:22.030+0000] {logging_mixin.py:151} INFO - [2024-10-02T02:03:22.030+0000] {dag.py:3696} INFO - Setting next_dagrun for example_branch_python_operator_decorator to 2024-10-01T00:00:00+00:00, run_after=2024-10-02T00:00:00+00:00
[2024-10-02T02:03:22.081+0000] {processor.py:179} INFO - Processing /home/airflow/.local/lib/python3.8/site-packages/airflow/example_dags/example_branch_operator_decorator.py took 0.585 seconds
[2024-10-02T02:06:17.734+0000] {processor.py:157} INFO - Started process (PID=48) to work on /home/airflow/.local/lib/python3.8/site-packages/airflow/example_dags/example_branch_operator_decorator.py
[2024-10-02T02:06:17.742+0000] {processor.py:829} INFO - Processing file /home/airflow/.local/lib/python3.8/site-packages/airflow/example_dags/example_branch_operator_decorator.py for tasks to queue
[2024-10-02T02:06:17.751+0000] {logging_mixin.py:151} INFO - [2024-10-02T02:06:17.751+0000] {dagbag.py:539} INFO - Filling up the DagBag from /home/airflow/.local/lib/python3.8/site-packages/airflow/example_dags/example_branch_operator_decorator.py
[2024-10-02T02:06:17.781+0000] {processor.py:839} INFO - DAG(s) dict_keys(['example_branch_python_operator_decorator']) retrieved from /home/airflow/.local/lib/python3.8/site-packages/airflow/example_dags/example_branch_operator_decorator.py
[2024-10-02T02:06:18.331+0000] {logging_mixin.py:151} INFO - [2024-10-02T02:06:18.330+0000] {manager.py:499} INFO - Created Permission View: %s
[2024-10-02T02:06:18.418+0000] {logging_mixin.py:151} INFO - [2024-10-02T02:06:18.417+0000] {manager.py:499} INFO - Created Permission View: %s
[2024-10-02T02:06:18.431+0000] {logging_mixin.py:151} INFO - [2024-10-02T02:06:18.431+0000] {manager.py:499} INFO - Created Permission View: %s
[2024-10-02T02:06:18.433+0000] {logging_mixin.py:151} INFO - [2024-10-02T02:06:18.433+0000] {security.py:708} INFO - Not syncing DAG-level permissions for DAG 'DAG:example_branch_python_operator_decorator' as access control is unset.
[2024-10-02T02:06:18.437+0000] {logging_mixin.py:151} INFO - [2024-10-02T02:06:18.437+0000] {dag.py:2915} INFO - Sync 1 DAGs
[2024-10-02T02:06:18.465+0000] {logging_mixin.py:151} INFO - [2024-10-02T02:06:18.464+0000] {dag.py:2937} INFO - Creating ORM DAG for example_branch_python_operator_decorator
[2024-10-02T02:06:18.513+0000] {logging_mixin.py:151} INFO - [2024-10-02T02:06:18.512+0000] {dag.py:3696} INFO - Setting next_dagrun for example_branch_python_operator_decorator to 2024-10-01T00:00:00+00:00, run_after=2024-10-02T00:00:00+00:00
[2024-10-02T02:06:18.590+0000] {processor.py:179} INFO - Processing /home/airflow/.local/lib/python3.8/site-packages/airflow/example_dags/example_branch_operator_decorator.py took 0.859 seconds
[2024-10-02T02:06:48.750+0000] {processor.py:157} INFO - Started process (PID=95) to work on /home/airflow/.local/lib/python3.8/site-packages/airflow/example_dags/example_branch_operator_decorator.py
[2024-10-02T02:06:48.753+0000] {processor.py:829} INFO - Processing file /home/airflow/.local/lib/python3.8/site-packages/airflow/example_dags/example_branch_operator_decorator.py for tasks to queue
[2024-10-02T02:06:48.757+0000] {logging_mixin.py:151} INFO - [2024-10-02T02:06:48.756+0000] {dagbag.py:539} INFO - Filling up the DagBag from /home/airflow/.local/lib/python3.8/site-packages/airflow/example_dags/example_branch_operator_decorator.py
[2024-10-02T02:06:48.778+0000] {processor.py:839} INFO - DAG(s) dict_keys(['example_branch_python_operator_decorator']) retrieved from /home/airflow/.local/lib/python3.8/site-packages/airflow/example_dags/example_branch_operator_decorator.py
[2024-10-02T02:06:48.812+0000] {logging_mixin.py:151} INFO - [2024-10-02T02:06:48.811+0000] {dag.py:2915} INFO - Sync 1 DAGs
[2024-10-02T02:06:48.839+0000] {logging_mixin.py:151} INFO - [2024-10-02T02:06:48.839+0000] {dag.py:3696} INFO - Setting next_dagrun for example_branch_python_operator_decorator to 2024-10-01T00:00:00+00:00, run_after=2024-10-02T00:00:00+00:00
[2024-10-02T02:06:48.860+0000] {processor.py:179} INFO - Processing /home/airflow/.local/lib/python3.8/site-packages/airflow/example_dags/example_branch_operator_decorator.py took 0.113 seconds
[2024-10-02T02:07:19.355+0000] {processor.py:157} INFO - Started process (PID=143) to work on /home/airflow/.local/lib/python3.8/site-packages/airflow/example_dags/example_branch_operator_decorator.py
[2024-10-02T02:07:19.359+0000] {processor.py:829} INFO - Processing file /home/airflow/.local/lib/python3.8/site-packages/airflow/example_dags/example_branch_operator_decorator.py for tasks to queue
[2024-10-02T02:07:19.365+0000] {logging_mixin.py:151} INFO - [2024-10-02T02:07:19.365+0000] {dagbag.py:539} INFO - Filling up the DagBag from /home/airflow/.local/lib/python3.8/site-packages/airflow/example_dags/example_branch_operator_decorator.py
[2024-10-02T02:07:19.383+0000] {processor.py:839} INFO - DAG(s) dict_keys(['example_branch_python_operator_decorator']) retrieved from /home/airflow/.local/lib/python3.8/site-packages/airflow/example_dags/example_branch_operator_decorator.py
[2024-10-02T02:07:19.415+0000] {logging_mixin.py:151} INFO - [2024-10-02T02:07:19.415+0000] {dag.py:2915} INFO - Sync 1 DAGs
[2024-10-02T02:07:19.443+0000] {logging_mixin.py:151} INFO - [2024-10-02T02:07:19.443+0000] {dag.py:3696} INFO - Setting next_dagrun for example_branch_python_operator_decorator to 2024-10-01T00:00:00+00:00, run_after=2024-10-02T00:00:00+00:00
[2024-10-02T02:07:19.464+0000] {processor.py:179} INFO - Processing /home/airflow/.local/lib/python3.8/site-packages/airflow/example_dags/example_branch_operator_decorator.py took 0.114 seconds
[2024-10-02T02:07:49.697+0000] {processor.py:157} INFO - Started process (PID=191) to work on /home/airflow/.local/lib/python3.8/site-packages/airflow/example_dags/example_branch_operator_decorator.py
[2024-10-02T02:07:49.700+0000] {processor.py:829} INFO - Processing file /home/airflow/.local/lib/python3.8/site-packages/airflow/example_dags/example_branch_operator_decorator.py for tasks to queue
[2024-10-02T02:07:49.704+0000] {logging_mixin.py:151} INFO - [2024-10-02T02:07:49.704+0000] {dagbag.py:539} INFO - Filling up the DagBag from /home/airflow/.local/lib/python3.8/site-packages/airflow/example_dags/example_branch_operator_decorator.py
[2024-10-02T02:07:49.722+0000] {processor.py:839} INFO - DAG(s) dict_keys(['example_branch_python_operator_decorator']) retrieved from /home/airflow/.local/lib/python3.8/site-packages/airflow/example_dags/example_branch_operator_decorator.py
[2024-10-02T02:07:49.757+0000] {logging_mixin.py:151} INFO - [2024-10-02T02:07:49.757+0000] {dag.py:2915} INFO - Sync 1 DAGs
[2024-10-02T02:07:49.785+0000] {logging_mixin.py:151} INFO - [2024-10-02T02:07:49.784+0000] {dag.py:3696} INFO - Setting next_dagrun for example_branch_python_operator_decorator to 2024-10-01T00:00:00+00:00, run_after=2024-10-02T00:00:00+00:00
[2024-10-02T02:07:49.818+0000] {processor.py:179} INFO - Processing /home/airflow/.local/lib/python3.8/site-packages/airflow/example_dags/example_branch_operator_decorator.py took 0.127 seconds
[2024-10-02T02:08:20.250+0000] {processor.py:157} INFO - Started process (PID=239) to work on /home/airflow/.local/lib/python3.8/site-packages/airflow/example_dags/example_branch_operator_decorator.py
[2024-10-02T02:08:20.254+0000] {processor.py:829} INFO - Processing file /home/airflow/.local/lib/python3.8/site-packages/airflow/example_dags/example_branch_operator_decorator.py for tasks to queue
[2024-10-02T02:08:20.259+0000] {logging_mixin.py:151} INFO - [2024-10-02T02:08:20.259+0000] {dagbag.py:539} INFO - Filling up the DagBag from /home/airflow/.local/lib/python3.8/site-packages/airflow/example_dags/example_branch_operator_decorator.py
[2024-10-02T02:08:20.286+0000] {processor.py:839} INFO - DAG(s) dict_keys(['example_branch_python_operator_decorator']) retrieved from /home/airflow/.local/lib/python3.8/site-packages/airflow/example_dags/example_branch_operator_decorator.py
[2024-10-02T02:08:20.327+0000] {logging_mixin.py:151} INFO - [2024-10-02T02:08:20.327+0000] {dag.py:2915} INFO - Sync 1 DAGs
[2024-10-02T02:08:20.359+0000] {logging_mixin.py:151} INFO - [2024-10-02T02:08:20.359+0000] {dag.py:3696} INFO - Setting next_dagrun for example_branch_python_operator_decorator to 2024-10-01T00:00:00+00:00, run_after=2024-10-02T00:00:00+00:00
[2024-10-02T02:08:20.382+0000] {processor.py:179} INFO - Processing /home/airflow/.local/lib/python3.8/site-packages/airflow/example_dags/example_branch_operator_decorator.py took 0.139 seconds
[2024-10-02T02:08:50.912+0000] {processor.py:157} INFO - Started process (PID=287) to work on /home/airflow/.local/lib/python3.8/site-packages/airflow/example_dags/example_branch_operator_decorator.py
[2024-10-02T02:08:50.918+0000] {processor.py:829} INFO - Processing file /home/airflow/.local/lib/python3.8/site-packages/airflow/example_dags/example_branch_operator_decorator.py for tasks to queue
[2024-10-02T02:08:50.923+0000] {logging_mixin.py:151} INFO - [2024-10-02T02:08:50.923+0000] {dagbag.py:539} INFO - Filling up the DagBag from /home/airflow/.local/lib/python3.8/site-packages/airflow/example_dags/example_branch_operator_decorator.py
[2024-10-02T02:08:50.967+0000] {processor.py:839} INFO - DAG(s) dict_keys(['example_branch_python_operator_decorator']) retrieved from /home/airflow/.local/lib/python3.8/site-packages/airflow/example_dags/example_branch_operator_decorator.py
[2024-10-02T02:08:51.233+0000] {logging_mixin.py:151} INFO - [2024-10-02T02:08:51.233+0000] {dag.py:2915} INFO - Sync 1 DAGs
[2024-10-02T02:08:51.309+0000] {logging_mixin.py:151} INFO - [2024-10-02T02:08:51.308+0000] {dag.py:3696} INFO - Setting next_dagrun for example_branch_python_operator_decorator to 2024-10-01T00:00:00+00:00, run_after=2024-10-02T00:00:00+00:00
[2024-10-02T02:08:51.394+0000] {processor.py:179} INFO - Processing /home/airflow/.local/lib/python3.8/site-packages/airflow/example_dags/example_branch_operator_decorator.py took 0.488 seconds
[2024-10-02T02:09:21.626+0000] {processor.py:157} INFO - Started process (PID=335) to work on /home/airflow/.local/lib/python3.8/site-packages/airflow/example_dags/example_branch_operator_decorator.py
[2024-10-02T02:09:21.628+0000] {processor.py:829} INFO - Processing file /home/airflow/.local/lib/python3.8/site-packages/airflow/example_dags/example_branch_operator_decorator.py for tasks to queue
[2024-10-02T02:09:21.632+0000] {logging_mixin.py:151} INFO - [2024-10-02T02:09:21.631+0000] {dagbag.py:539} INFO - Filling up the DagBag from /home/airflow/.local/lib/python3.8/site-packages/airflow/example_dags/example_branch_operator_decorator.py
[2024-10-02T02:09:21.651+0000] {processor.py:839} INFO - DAG(s) dict_keys(['example_branch_python_operator_decorator']) retrieved from /home/airflow/.local/lib/python3.8/site-packages/airflow/example_dags/example_branch_operator_decorator.py
[2024-10-02T02:09:21.689+0000] {logging_mixin.py:151} INFO - [2024-10-02T02:09:21.689+0000] {dag.py:2915} INFO - Sync 1 DAGs
[2024-10-02T02:09:21.724+0000] {logging_mixin.py:151} INFO - [2024-10-02T02:09:21.724+0000] {dag.py:3696} INFO - Setting next_dagrun for example_branch_python_operator_decorator to 2024-10-01T00:00:00+00:00, run_after=2024-10-02T00:00:00+00:00
[2024-10-02T02:09:21.747+0000] {processor.py:179} INFO - Processing /home/airflow/.local/lib/python3.8/site-packages/airflow/example_dags/example_branch_operator_decorator.py took 0.126 seconds
[2024-10-02T02:09:52.107+0000] {processor.py:157} INFO - Started process (PID=383) to work on /home/airflow/.local/lib/python3.8/site-packages/airflow/example_dags/example_branch_operator_decorator.py
[2024-10-02T02:09:52.117+0000] {processor.py:829} INFO - Processing file /home/airflow/.local/lib/python3.8/site-packages/airflow/example_dags/example_branch_operator_decorator.py for tasks to queue
[2024-10-02T02:09:52.122+0000] {logging_mixin.py:151} INFO - [2024-10-02T02:09:52.122+0000] {dagbag.py:539} INFO - Filling up the DagBag from /home/airflow/.local/lib/python3.8/site-packages/airflow/example_dags/example_branch_operator_decorator.py
[2024-10-02T02:09:52.166+0000] {processor.py:839} INFO - DAG(s) dict_keys(['example_branch_python_operator_decorator']) retrieved from /home/airflow/.local/lib/python3.8/site-packages/airflow/example_dags/example_branch_operator_decorator.py
[2024-10-02T02:09:52.215+0000] {logging_mixin.py:151} INFO - [2024-10-02T02:09:52.215+0000] {dag.py:2915} INFO - Sync 1 DAGs
[2024-10-02T02:09:52.305+0000] {logging_mixin.py:151} INFO - [2024-10-02T02:09:52.304+0000] {dag.py:3696} INFO - Setting next_dagrun for example_branch_python_operator_decorator to 2024-10-01T00:00:00+00:00, run_after=2024-10-02T00:00:00+00:00
[2024-10-02T02:09:52.338+0000] {processor.py:179} INFO - Processing /home/airflow/.local/lib/python3.8/site-packages/airflow/example_dags/example_branch_operator_decorator.py took 0.237 seconds
[2024-10-02T02:10:22.681+0000] {processor.py:157} INFO - Started process (PID=431) to work on /home/airflow/.local/lib/python3.8/site-packages/airflow/example_dags/example_branch_operator_decorator.py
[2024-10-02T02:10:22.684+0000] {processor.py:829} INFO - Processing file /home/airflow/.local/lib/python3.8/site-packages/airflow/example_dags/example_branch_operator_decorator.py for tasks to queue
[2024-10-02T02:10:22.693+0000] {logging_mixin.py:151} INFO - [2024-10-02T02:10:22.691+0000] {dagbag.py:539} INFO - Filling up the DagBag from /home/airflow/.local/lib/python3.8/site-packages/airflow/example_dags/example_branch_operator_decorator.py
[2024-10-02T02:10:22.733+0000] {processor.py:839} INFO - DAG(s) dict_keys(['example_branch_python_operator_decorator']) retrieved from /home/airflow/.local/lib/python3.8/site-packages/airflow/example_dags/example_branch_operator_decorator.py
[2024-10-02T02:10:22.787+0000] {logging_mixin.py:151} INFO - [2024-10-02T02:10:22.787+0000] {dag.py:2915} INFO - Sync 1 DAGs
[2024-10-02T02:10:22.822+0000] {logging_mixin.py:151} INFO - [2024-10-02T02:10:22.821+0000] {dag.py:3696} INFO - Setting next_dagrun for example_branch_python_operator_decorator to 2024-10-01T00:00:00+00:00, run_after=2024-10-02T00:00:00+00:00
[2024-10-02T02:10:22.860+0000] {processor.py:179} INFO - Processing /home/airflow/.local/lib/python3.8/site-packages/airflow/example_dags/example_branch_operator_decorator.py took 0.189 seconds
