[2024-10-02T01:32:06.371+0000] {processor.py:157} INFO - Started process (PID=32) to work on /home/airflow/.local/lib/python3.8/site-packages/airflow/example_dags/tutorial_taskflow_api.py
[2024-10-02T01:32:06.373+0000] {processor.py:829} INFO - Processing file /home/airflow/.local/lib/python3.8/site-packages/airflow/example_dags/tutorial_taskflow_api.py for tasks to queue
[2024-10-02T01:32:06.388+0000] {logging_mixin.py:151} INFO - [2024-10-02T01:32:06.387+0000] {dagbag.py:539} INFO - Filling up the DagBag from /home/airflow/.local/lib/python3.8/site-packages/airflow/example_dags/tutorial_taskflow_api.py
[2024-10-02T01:32:06.434+0000] {processor.py:839} INFO - DAG(s) dict_keys(['tutorial_taskflow_api']) retrieved from /home/airflow/.local/lib/python3.8/site-packages/airflow/example_dags/tutorial_taskflow_api.py
[2024-10-02T01:32:07.053+0000] {logging_mixin.py:151} INFO - [2024-10-02T01:32:07.052+0000] {manager.py:499} INFO - Created Permission View: %s
[2024-10-02T01:32:07.082+0000] {logging_mixin.py:151} INFO - [2024-10-02T01:32:07.082+0000] {manager.py:499} INFO - Created Permission View: %s
[2024-10-02T01:32:07.122+0000] {logging_mixin.py:151} INFO - [2024-10-02T01:32:07.121+0000] {manager.py:499} INFO - Created Permission View: %s
[2024-10-02T01:32:07.128+0000] {logging_mixin.py:151} INFO - [2024-10-02T01:32:07.128+0000] {security.py:708} INFO - Not syncing DAG-level permissions for DAG 'DAG:tutorial_taskflow_api' as access control is unset.
[2024-10-02T01:32:07.129+0000] {logging_mixin.py:151} INFO - [2024-10-02T01:32:07.129+0000] {dag.py:2915} INFO - Sync 1 DAGs
[2024-10-02T01:32:07.187+0000] {logging_mixin.py:151} INFO - [2024-10-02T01:32:07.186+0000] {dag.py:2937} INFO - Creating ORM DAG for tutorial_taskflow_api
[2024-10-02T01:32:07.190+0000] {logging_mixin.py:151} INFO - [2024-10-02T01:32:07.189+0000] {dag.py:3696} INFO - Setting next_dagrun for tutorial_taskflow_api to None, run_after=None
[2024-10-02T01:32:07.273+0000] {processor.py:179} INFO - Processing /home/airflow/.local/lib/python3.8/site-packages/airflow/example_dags/tutorial_taskflow_api.py took 0.919 seconds
[2024-10-02T01:32:37.713+0000] {processor.py:157} INFO - Started process (PID=80) to work on /home/airflow/.local/lib/python3.8/site-packages/airflow/example_dags/tutorial_taskflow_api.py
[2024-10-02T01:32:37.718+0000] {processor.py:829} INFO - Processing file /home/airflow/.local/lib/python3.8/site-packages/airflow/example_dags/tutorial_taskflow_api.py for tasks to queue
[2024-10-02T01:32:37.725+0000] {logging_mixin.py:151} INFO - [2024-10-02T01:32:37.724+0000] {dagbag.py:539} INFO - Filling up the DagBag from /home/airflow/.local/lib/python3.8/site-packages/airflow/example_dags/tutorial_taskflow_api.py
[2024-10-02T01:32:37.762+0000] {processor.py:839} INFO - DAG(s) dict_keys(['tutorial_taskflow_api']) retrieved from /home/airflow/.local/lib/python3.8/site-packages/airflow/example_dags/tutorial_taskflow_api.py
[2024-10-02T01:32:37.799+0000] {logging_mixin.py:151} INFO - [2024-10-02T01:32:37.799+0000] {dag.py:2915} INFO - Sync 1 DAGs
[2024-10-02T01:32:37.819+0000] {logging_mixin.py:151} INFO - [2024-10-02T01:32:37.819+0000] {dag.py:3696} INFO - Setting next_dagrun for tutorial_taskflow_api to None, run_after=None
[2024-10-02T01:32:37.838+0000] {processor.py:179} INFO - Processing /home/airflow/.local/lib/python3.8/site-packages/airflow/example_dags/tutorial_taskflow_api.py took 0.131 seconds
[2024-10-02T01:33:08.177+0000] {processor.py:157} INFO - Started process (PID=128) to work on /home/airflow/.local/lib/python3.8/site-packages/airflow/example_dags/tutorial_taskflow_api.py
[2024-10-02T01:33:08.183+0000] {processor.py:829} INFO - Processing file /home/airflow/.local/lib/python3.8/site-packages/airflow/example_dags/tutorial_taskflow_api.py for tasks to queue
[2024-10-02T01:33:08.190+0000] {logging_mixin.py:151} INFO - [2024-10-02T01:33:08.190+0000] {dagbag.py:539} INFO - Filling up the DagBag from /home/airflow/.local/lib/python3.8/site-packages/airflow/example_dags/tutorial_taskflow_api.py
[2024-10-02T01:33:08.206+0000] {processor.py:839} INFO - DAG(s) dict_keys(['tutorial_taskflow_api']) retrieved from /home/airflow/.local/lib/python3.8/site-packages/airflow/example_dags/tutorial_taskflow_api.py
[2024-10-02T01:33:08.244+0000] {logging_mixin.py:151} INFO - [2024-10-02T01:33:08.243+0000] {dag.py:2915} INFO - Sync 1 DAGs
[2024-10-02T01:33:08.292+0000] {logging_mixin.py:151} INFO - [2024-10-02T01:33:08.291+0000] {dag.py:3696} INFO - Setting next_dagrun for tutorial_taskflow_api to None, run_after=None
[2024-10-02T01:33:08.328+0000] {processor.py:179} INFO - Processing /home/airflow/.local/lib/python3.8/site-packages/airflow/example_dags/tutorial_taskflow_api.py took 0.157 seconds
[2024-10-02T01:33:39.003+0000] {processor.py:157} INFO - Started process (PID=176) to work on /home/airflow/.local/lib/python3.8/site-packages/airflow/example_dags/tutorial_taskflow_api.py
[2024-10-02T01:33:39.011+0000] {processor.py:829} INFO - Processing file /home/airflow/.local/lib/python3.8/site-packages/airflow/example_dags/tutorial_taskflow_api.py for tasks to queue
[2024-10-02T01:33:39.025+0000] {logging_mixin.py:151} INFO - [2024-10-02T01:33:39.024+0000] {dagbag.py:539} INFO - Filling up the DagBag from /home/airflow/.local/lib/python3.8/site-packages/airflow/example_dags/tutorial_taskflow_api.py
[2024-10-02T01:33:39.081+0000] {processor.py:839} INFO - DAG(s) dict_keys(['tutorial_taskflow_api']) retrieved from /home/airflow/.local/lib/python3.8/site-packages/airflow/example_dags/tutorial_taskflow_api.py
[2024-10-02T01:33:39.128+0000] {logging_mixin.py:151} INFO - [2024-10-02T01:33:39.127+0000] {dag.py:2915} INFO - Sync 1 DAGs
[2024-10-02T01:33:39.149+0000] {logging_mixin.py:151} INFO - [2024-10-02T01:33:39.149+0000] {dag.py:3696} INFO - Setting next_dagrun for tutorial_taskflow_api to None, run_after=None
[2024-10-02T01:33:39.196+0000] {processor.py:179} INFO - Processing /home/airflow/.local/lib/python3.8/site-packages/airflow/example_dags/tutorial_taskflow_api.py took 0.215 seconds
[2024-10-02T01:34:09.637+0000] {processor.py:157} INFO - Started process (PID=224) to work on /home/airflow/.local/lib/python3.8/site-packages/airflow/example_dags/tutorial_taskflow_api.py
[2024-10-02T01:34:09.640+0000] {processor.py:829} INFO - Processing file /home/airflow/.local/lib/python3.8/site-packages/airflow/example_dags/tutorial_taskflow_api.py for tasks to queue
[2024-10-02T01:34:09.644+0000] {logging_mixin.py:151} INFO - [2024-10-02T01:34:09.643+0000] {dagbag.py:539} INFO - Filling up the DagBag from /home/airflow/.local/lib/python3.8/site-packages/airflow/example_dags/tutorial_taskflow_api.py
[2024-10-02T01:34:09.657+0000] {processor.py:839} INFO - DAG(s) dict_keys(['tutorial_taskflow_api']) retrieved from /home/airflow/.local/lib/python3.8/site-packages/airflow/example_dags/tutorial_taskflow_api.py
[2024-10-02T01:34:09.706+0000] {logging_mixin.py:151} INFO - [2024-10-02T01:34:09.706+0000] {dag.py:2915} INFO - Sync 1 DAGs
[2024-10-02T01:34:09.736+0000] {logging_mixin.py:151} INFO - [2024-10-02T01:34:09.735+0000] {dag.py:3696} INFO - Setting next_dagrun for tutorial_taskflow_api to None, run_after=None
[2024-10-02T01:34:09.772+0000] {processor.py:179} INFO - Processing /home/airflow/.local/lib/python3.8/site-packages/airflow/example_dags/tutorial_taskflow_api.py took 0.139 seconds
[2024-10-02T01:34:40.766+0000] {processor.py:157} INFO - Started process (PID=272) to work on /home/airflow/.local/lib/python3.8/site-packages/airflow/example_dags/tutorial_taskflow_api.py
[2024-10-02T01:34:40.772+0000] {processor.py:829} INFO - Processing file /home/airflow/.local/lib/python3.8/site-packages/airflow/example_dags/tutorial_taskflow_api.py for tasks to queue
[2024-10-02T01:34:40.781+0000] {logging_mixin.py:151} INFO - [2024-10-02T01:34:40.780+0000] {dagbag.py:539} INFO - Filling up the DagBag from /home/airflow/.local/lib/python3.8/site-packages/airflow/example_dags/tutorial_taskflow_api.py
[2024-10-02T01:34:40.798+0000] {processor.py:839} INFO - DAG(s) dict_keys(['tutorial_taskflow_api']) retrieved from /home/airflow/.local/lib/python3.8/site-packages/airflow/example_dags/tutorial_taskflow_api.py
[2024-10-02T01:34:40.840+0000] {logging_mixin.py:151} INFO - [2024-10-02T01:34:40.840+0000] {dag.py:2915} INFO - Sync 1 DAGs
[2024-10-02T01:34:40.861+0000] {logging_mixin.py:151} INFO - [2024-10-02T01:34:40.860+0000] {dag.py:3696} INFO - Setting next_dagrun for tutorial_taskflow_api to None, run_after=None
[2024-10-02T01:34:40.899+0000] {processor.py:179} INFO - Processing /home/airflow/.local/lib/python3.8/site-packages/airflow/example_dags/tutorial_taskflow_api.py took 0.141 seconds
[2024-10-02T01:35:11.329+0000] {processor.py:157} INFO - Started process (PID=320) to work on /home/airflow/.local/lib/python3.8/site-packages/airflow/example_dags/tutorial_taskflow_api.py
[2024-10-02T01:35:11.332+0000] {processor.py:829} INFO - Processing file /home/airflow/.local/lib/python3.8/site-packages/airflow/example_dags/tutorial_taskflow_api.py for tasks to queue
[2024-10-02T01:35:11.337+0000] {logging_mixin.py:151} INFO - [2024-10-02T01:35:11.336+0000] {dagbag.py:539} INFO - Filling up the DagBag from /home/airflow/.local/lib/python3.8/site-packages/airflow/example_dags/tutorial_taskflow_api.py
[2024-10-02T01:35:11.352+0000] {processor.py:839} INFO - DAG(s) dict_keys(['tutorial_taskflow_api']) retrieved from /home/airflow/.local/lib/python3.8/site-packages/airflow/example_dags/tutorial_taskflow_api.py
[2024-10-02T01:35:11.393+0000] {logging_mixin.py:151} INFO - [2024-10-02T01:35:11.393+0000] {dag.py:2915} INFO - Sync 1 DAGs
[2024-10-02T01:35:11.415+0000] {logging_mixin.py:151} INFO - [2024-10-02T01:35:11.415+0000] {dag.py:3696} INFO - Setting next_dagrun for tutorial_taskflow_api to None, run_after=None
[2024-10-02T01:35:11.447+0000] {processor.py:179} INFO - Processing /home/airflow/.local/lib/python3.8/site-packages/airflow/example_dags/tutorial_taskflow_api.py took 0.122 seconds
[2024-10-02T01:35:42.021+0000] {processor.py:157} INFO - Started process (PID=368) to work on /home/airflow/.local/lib/python3.8/site-packages/airflow/example_dags/tutorial_taskflow_api.py
[2024-10-02T01:35:42.025+0000] {processor.py:829} INFO - Processing file /home/airflow/.local/lib/python3.8/site-packages/airflow/example_dags/tutorial_taskflow_api.py for tasks to queue
[2024-10-02T01:35:42.035+0000] {logging_mixin.py:151} INFO - [2024-10-02T01:35:42.034+0000] {dagbag.py:539} INFO - Filling up the DagBag from /home/airflow/.local/lib/python3.8/site-packages/airflow/example_dags/tutorial_taskflow_api.py
[2024-10-02T01:35:42.053+0000] {processor.py:839} INFO - DAG(s) dict_keys(['tutorial_taskflow_api']) retrieved from /home/airflow/.local/lib/python3.8/site-packages/airflow/example_dags/tutorial_taskflow_api.py
[2024-10-02T01:35:42.095+0000] {logging_mixin.py:151} INFO - [2024-10-02T01:35:42.095+0000] {dag.py:2915} INFO - Sync 1 DAGs
[2024-10-02T01:35:42.112+0000] {logging_mixin.py:151} INFO - [2024-10-02T01:35:42.112+0000] {dag.py:3696} INFO - Setting next_dagrun for tutorial_taskflow_api to None, run_after=None
[2024-10-02T01:35:42.151+0000] {processor.py:179} INFO - Processing /home/airflow/.local/lib/python3.8/site-packages/airflow/example_dags/tutorial_taskflow_api.py took 0.135 seconds
[2024-10-02T01:36:12.360+0000] {processor.py:157} INFO - Started process (PID=416) to work on /home/airflow/.local/lib/python3.8/site-packages/airflow/example_dags/tutorial_taskflow_api.py
[2024-10-02T01:36:12.363+0000] {processor.py:829} INFO - Processing file /home/airflow/.local/lib/python3.8/site-packages/airflow/example_dags/tutorial_taskflow_api.py for tasks to queue
[2024-10-02T01:36:12.367+0000] {logging_mixin.py:151} INFO - [2024-10-02T01:36:12.367+0000] {dagbag.py:539} INFO - Filling up the DagBag from /home/airflow/.local/lib/python3.8/site-packages/airflow/example_dags/tutorial_taskflow_api.py
[2024-10-02T01:36:12.386+0000] {processor.py:839} INFO - DAG(s) dict_keys(['tutorial_taskflow_api']) retrieved from /home/airflow/.local/lib/python3.8/site-packages/airflow/example_dags/tutorial_taskflow_api.py
[2024-10-02T01:36:12.450+0000] {logging_mixin.py:151} INFO - [2024-10-02T01:36:12.450+0000] {dag.py:2915} INFO - Sync 1 DAGs
[2024-10-02T01:36:12.485+0000] {logging_mixin.py:151} INFO - [2024-10-02T01:36:12.484+0000] {dag.py:3696} INFO - Setting next_dagrun for tutorial_taskflow_api to None, run_after=None
[2024-10-02T01:36:12.520+0000] {processor.py:179} INFO - Processing /home/airflow/.local/lib/python3.8/site-packages/airflow/example_dags/tutorial_taskflow_api.py took 0.165 seconds
[2024-10-02T01:36:43.140+0000] {processor.py:157} INFO - Started process (PID=464) to work on /home/airflow/.local/lib/python3.8/site-packages/airflow/example_dags/tutorial_taskflow_api.py
[2024-10-02T01:36:43.143+0000] {processor.py:829} INFO - Processing file /home/airflow/.local/lib/python3.8/site-packages/airflow/example_dags/tutorial_taskflow_api.py for tasks to queue
[2024-10-02T01:36:43.148+0000] {logging_mixin.py:151} INFO - [2024-10-02T01:36:43.147+0000] {dagbag.py:539} INFO - Filling up the DagBag from /home/airflow/.local/lib/python3.8/site-packages/airflow/example_dags/tutorial_taskflow_api.py
[2024-10-02T01:36:43.161+0000] {processor.py:839} INFO - DAG(s) dict_keys(['tutorial_taskflow_api']) retrieved from /home/airflow/.local/lib/python3.8/site-packages/airflow/example_dags/tutorial_taskflow_api.py
[2024-10-02T01:36:43.199+0000] {logging_mixin.py:151} INFO - [2024-10-02T01:36:43.198+0000] {dag.py:2915} INFO - Sync 1 DAGs
[2024-10-02T01:36:43.223+0000] {logging_mixin.py:151} INFO - [2024-10-02T01:36:43.223+0000] {dag.py:3696} INFO - Setting next_dagrun for tutorial_taskflow_api to None, run_after=None
[2024-10-02T01:36:43.251+0000] {processor.py:179} INFO - Processing /home/airflow/.local/lib/python3.8/site-packages/airflow/example_dags/tutorial_taskflow_api.py took 0.117 seconds
[2024-10-02T01:37:14.224+0000] {processor.py:157} INFO - Started process (PID=512) to work on /home/airflow/.local/lib/python3.8/site-packages/airflow/example_dags/tutorial_taskflow_api.py
[2024-10-02T01:37:14.235+0000] {processor.py:829} INFO - Processing file /home/airflow/.local/lib/python3.8/site-packages/airflow/example_dags/tutorial_taskflow_api.py for tasks to queue
[2024-10-02T01:37:14.242+0000] {logging_mixin.py:151} INFO - [2024-10-02T01:37:14.242+0000] {dagbag.py:539} INFO - Filling up the DagBag from /home/airflow/.local/lib/python3.8/site-packages/airflow/example_dags/tutorial_taskflow_api.py
[2024-10-02T01:37:14.265+0000] {processor.py:839} INFO - DAG(s) dict_keys(['tutorial_taskflow_api']) retrieved from /home/airflow/.local/lib/python3.8/site-packages/airflow/example_dags/tutorial_taskflow_api.py
[2024-10-02T01:37:14.323+0000] {logging_mixin.py:151} INFO - [2024-10-02T01:37:14.323+0000] {dag.py:2915} INFO - Sync 1 DAGs
[2024-10-02T01:37:14.350+0000] {logging_mixin.py:151} INFO - [2024-10-02T01:37:14.350+0000] {dag.py:3696} INFO - Setting next_dagrun for tutorial_taskflow_api to None, run_after=None
[2024-10-02T01:37:14.389+0000] {processor.py:179} INFO - Processing /home/airflow/.local/lib/python3.8/site-packages/airflow/example_dags/tutorial_taskflow_api.py took 0.173 seconds
[2024-10-02T01:37:45.246+0000] {processor.py:157} INFO - Started process (PID=560) to work on /home/airflow/.local/lib/python3.8/site-packages/airflow/example_dags/tutorial_taskflow_api.py
[2024-10-02T01:37:45.250+0000] {processor.py:829} INFO - Processing file /home/airflow/.local/lib/python3.8/site-packages/airflow/example_dags/tutorial_taskflow_api.py for tasks to queue
[2024-10-02T01:37:45.254+0000] {logging_mixin.py:151} INFO - [2024-10-02T01:37:45.254+0000] {dagbag.py:539} INFO - Filling up the DagBag from /home/airflow/.local/lib/python3.8/site-packages/airflow/example_dags/tutorial_taskflow_api.py
[2024-10-02T01:37:45.273+0000] {processor.py:839} INFO - DAG(s) dict_keys(['tutorial_taskflow_api']) retrieved from /home/airflow/.local/lib/python3.8/site-packages/airflow/example_dags/tutorial_taskflow_api.py
[2024-10-02T01:37:45.308+0000] {logging_mixin.py:151} INFO - [2024-10-02T01:37:45.308+0000] {dag.py:2915} INFO - Sync 1 DAGs
[2024-10-02T01:37:45.324+0000] {logging_mixin.py:151} INFO - [2024-10-02T01:37:45.323+0000] {dag.py:3696} INFO - Setting next_dagrun for tutorial_taskflow_api to None, run_after=None
[2024-10-02T01:37:45.351+0000] {processor.py:179} INFO - Processing /home/airflow/.local/lib/python3.8/site-packages/airflow/example_dags/tutorial_taskflow_api.py took 0.110 seconds
[2024-10-02T01:38:15.839+0000] {processor.py:157} INFO - Started process (PID=608) to work on /home/airflow/.local/lib/python3.8/site-packages/airflow/example_dags/tutorial_taskflow_api.py
[2024-10-02T01:38:15.846+0000] {processor.py:829} INFO - Processing file /home/airflow/.local/lib/python3.8/site-packages/airflow/example_dags/tutorial_taskflow_api.py for tasks to queue
[2024-10-02T01:38:15.852+0000] {logging_mixin.py:151} INFO - [2024-10-02T01:38:15.851+0000] {dagbag.py:539} INFO - Filling up the DagBag from /home/airflow/.local/lib/python3.8/site-packages/airflow/example_dags/tutorial_taskflow_api.py
[2024-10-02T01:38:15.870+0000] {processor.py:839} INFO - DAG(s) dict_keys(['tutorial_taskflow_api']) retrieved from /home/airflow/.local/lib/python3.8/site-packages/airflow/example_dags/tutorial_taskflow_api.py
[2024-10-02T01:38:15.955+0000] {logging_mixin.py:151} INFO - [2024-10-02T01:38:15.954+0000] {dag.py:2915} INFO - Sync 1 DAGs
[2024-10-02T01:38:15.982+0000] {logging_mixin.py:151} INFO - [2024-10-02T01:38:15.982+0000] {dag.py:3696} INFO - Setting next_dagrun for tutorial_taskflow_api to None, run_after=None
[2024-10-02T01:38:16.038+0000] {processor.py:179} INFO - Processing /home/airflow/.local/lib/python3.8/site-packages/airflow/example_dags/tutorial_taskflow_api.py took 0.205 seconds
[2024-10-02T01:38:46.360+0000] {processor.py:157} INFO - Started process (PID=656) to work on /home/airflow/.local/lib/python3.8/site-packages/airflow/example_dags/tutorial_taskflow_api.py
[2024-10-02T01:38:46.363+0000] {processor.py:829} INFO - Processing file /home/airflow/.local/lib/python3.8/site-packages/airflow/example_dags/tutorial_taskflow_api.py for tasks to queue
[2024-10-02T01:38:46.367+0000] {logging_mixin.py:151} INFO - [2024-10-02T01:38:46.366+0000] {dagbag.py:539} INFO - Filling up the DagBag from /home/airflow/.local/lib/python3.8/site-packages/airflow/example_dags/tutorial_taskflow_api.py
[2024-10-02T01:38:46.381+0000] {processor.py:839} INFO - DAG(s) dict_keys(['tutorial_taskflow_api']) retrieved from /home/airflow/.local/lib/python3.8/site-packages/airflow/example_dags/tutorial_taskflow_api.py
[2024-10-02T01:38:46.412+0000] {logging_mixin.py:151} INFO - [2024-10-02T01:38:46.412+0000] {dag.py:2915} INFO - Sync 1 DAGs
[2024-10-02T01:38:46.429+0000] {logging_mixin.py:151} INFO - [2024-10-02T01:38:46.428+0000] {dag.py:3696} INFO - Setting next_dagrun for tutorial_taskflow_api to None, run_after=None
[2024-10-02T01:38:46.463+0000] {processor.py:179} INFO - Processing /home/airflow/.local/lib/python3.8/site-packages/airflow/example_dags/tutorial_taskflow_api.py took 0.107 seconds
[2024-10-02T01:39:16.717+0000] {processor.py:157} INFO - Started process (PID=704) to work on /home/airflow/.local/lib/python3.8/site-packages/airflow/example_dags/tutorial_taskflow_api.py
[2024-10-02T01:39:16.719+0000] {processor.py:829} INFO - Processing file /home/airflow/.local/lib/python3.8/site-packages/airflow/example_dags/tutorial_taskflow_api.py for tasks to queue
[2024-10-02T01:39:16.723+0000] {logging_mixin.py:151} INFO - [2024-10-02T01:39:16.722+0000] {dagbag.py:539} INFO - Filling up the DagBag from /home/airflow/.local/lib/python3.8/site-packages/airflow/example_dags/tutorial_taskflow_api.py
[2024-10-02T01:39:16.735+0000] {processor.py:839} INFO - DAG(s) dict_keys(['tutorial_taskflow_api']) retrieved from /home/airflow/.local/lib/python3.8/site-packages/airflow/example_dags/tutorial_taskflow_api.py
[2024-10-02T01:39:16.769+0000] {logging_mixin.py:151} INFO - [2024-10-02T01:39:16.769+0000] {dag.py:2915} INFO - Sync 1 DAGs
[2024-10-02T01:39:16.792+0000] {logging_mixin.py:151} INFO - [2024-10-02T01:39:16.792+0000] {dag.py:3696} INFO - Setting next_dagrun for tutorial_taskflow_api to None, run_after=None
[2024-10-02T01:39:16.819+0000] {processor.py:179} INFO - Processing /home/airflow/.local/lib/python3.8/site-packages/airflow/example_dags/tutorial_taskflow_api.py took 0.105 seconds
[2024-10-02T01:45:23.015+0000] {processor.py:157} INFO - Started process (PID=32) to work on /home/airflow/.local/lib/python3.8/site-packages/airflow/example_dags/tutorial_taskflow_api.py
[2024-10-02T01:45:23.021+0000] {processor.py:829} INFO - Processing file /home/airflow/.local/lib/python3.8/site-packages/airflow/example_dags/tutorial_taskflow_api.py for tasks to queue
[2024-10-02T01:45:23.032+0000] {logging_mixin.py:151} INFO - [2024-10-02T01:45:23.032+0000] {dagbag.py:539} INFO - Filling up the DagBag from /home/airflow/.local/lib/python3.8/site-packages/airflow/example_dags/tutorial_taskflow_api.py
[2024-10-02T01:45:23.068+0000] {processor.py:839} INFO - DAG(s) dict_keys(['tutorial_taskflow_api']) retrieved from /home/airflow/.local/lib/python3.8/site-packages/airflow/example_dags/tutorial_taskflow_api.py
[2024-10-02T01:45:23.255+0000] {logging_mixin.py:151} INFO - [2024-10-02T01:45:23.255+0000] {manager.py:499} INFO - Created Permission View: %s
[2024-10-02T01:45:23.275+0000] {logging_mixin.py:151} INFO - [2024-10-02T01:45:23.273+0000] {manager.py:499} INFO - Created Permission View: %s
[2024-10-02T01:45:23.306+0000] {logging_mixin.py:151} INFO - [2024-10-02T01:45:23.305+0000] {manager.py:499} INFO - Created Permission View: %s
[2024-10-02T01:45:23.318+0000] {logging_mixin.py:151} INFO - [2024-10-02T01:45:23.317+0000] {security.py:708} INFO - Not syncing DAG-level permissions for DAG 'DAG:tutorial_taskflow_api' as access control is unset.
[2024-10-02T01:45:23.322+0000] {logging_mixin.py:151} INFO - [2024-10-02T01:45:23.322+0000] {dag.py:2915} INFO - Sync 1 DAGs
[2024-10-02T01:45:23.357+0000] {logging_mixin.py:151} INFO - [2024-10-02T01:45:23.357+0000] {dag.py:2937} INFO - Creating ORM DAG for tutorial_taskflow_api
[2024-10-02T01:45:23.362+0000] {logging_mixin.py:151} INFO - [2024-10-02T01:45:23.361+0000] {dag.py:3696} INFO - Setting next_dagrun for tutorial_taskflow_api to None, run_after=None
[2024-10-02T01:45:23.414+0000] {processor.py:179} INFO - Processing /home/airflow/.local/lib/python3.8/site-packages/airflow/example_dags/tutorial_taskflow_api.py took 0.405 seconds
[2024-10-02T01:45:53.583+0000] {processor.py:157} INFO - Started process (PID=80) to work on /home/airflow/.local/lib/python3.8/site-packages/airflow/example_dags/tutorial_taskflow_api.py
[2024-10-02T01:45:53.588+0000] {processor.py:829} INFO - Processing file /home/airflow/.local/lib/python3.8/site-packages/airflow/example_dags/tutorial_taskflow_api.py for tasks to queue
[2024-10-02T01:45:53.593+0000] {logging_mixin.py:151} INFO - [2024-10-02T01:45:53.592+0000] {dagbag.py:539} INFO - Filling up the DagBag from /home/airflow/.local/lib/python3.8/site-packages/airflow/example_dags/tutorial_taskflow_api.py
[2024-10-02T01:45:53.614+0000] {processor.py:839} INFO - DAG(s) dict_keys(['tutorial_taskflow_api']) retrieved from /home/airflow/.local/lib/python3.8/site-packages/airflow/example_dags/tutorial_taskflow_api.py
[2024-10-02T01:45:53.648+0000] {logging_mixin.py:151} INFO - [2024-10-02T01:45:53.648+0000] {dag.py:2915} INFO - Sync 1 DAGs
[2024-10-02T01:45:53.665+0000] {logging_mixin.py:151} INFO - [2024-10-02T01:45:53.665+0000] {dag.py:3696} INFO - Setting next_dagrun for tutorial_taskflow_api to None, run_after=None
[2024-10-02T01:45:53.692+0000] {processor.py:179} INFO - Processing /home/airflow/.local/lib/python3.8/site-packages/airflow/example_dags/tutorial_taskflow_api.py took 0.114 seconds
[2024-10-02T01:46:54.085+0000] {processor.py:157} INFO - Started process (PID=32) to work on /home/airflow/.local/lib/python3.8/site-packages/airflow/example_dags/tutorial_taskflow_api.py
[2024-10-02T01:46:54.088+0000] {processor.py:829} INFO - Processing file /home/airflow/.local/lib/python3.8/site-packages/airflow/example_dags/tutorial_taskflow_api.py for tasks to queue
[2024-10-02T01:46:54.114+0000] {logging_mixin.py:151} INFO - [2024-10-02T01:46:54.114+0000] {dagbag.py:539} INFO - Filling up the DagBag from /home/airflow/.local/lib/python3.8/site-packages/airflow/example_dags/tutorial_taskflow_api.py
[2024-10-02T01:46:54.148+0000] {processor.py:839} INFO - DAG(s) dict_keys(['tutorial_taskflow_api']) retrieved from /home/airflow/.local/lib/python3.8/site-packages/airflow/example_dags/tutorial_taskflow_api.py
[2024-10-02T01:46:54.219+0000] {logging_mixin.py:151} INFO - [2024-10-02T01:46:54.219+0000] {dag.py:2915} INFO - Sync 1 DAGs
[2024-10-02T01:46:54.268+0000] {logging_mixin.py:151} INFO - [2024-10-02T01:46:54.268+0000] {dag.py:3696} INFO - Setting next_dagrun for tutorial_taskflow_api to None, run_after=None
[2024-10-02T01:46:54.372+0000] {processor.py:179} INFO - Processing /home/airflow/.local/lib/python3.8/site-packages/airflow/example_dags/tutorial_taskflow_api.py took 0.291 seconds
[2024-10-02T01:47:25.174+0000] {processor.py:157} INFO - Started process (PID=80) to work on /home/airflow/.local/lib/python3.8/site-packages/airflow/example_dags/tutorial_taskflow_api.py
[2024-10-02T01:47:25.177+0000] {processor.py:829} INFO - Processing file /home/airflow/.local/lib/python3.8/site-packages/airflow/example_dags/tutorial_taskflow_api.py for tasks to queue
[2024-10-02T01:47:25.183+0000] {logging_mixin.py:151} INFO - [2024-10-02T01:47:25.182+0000] {dagbag.py:539} INFO - Filling up the DagBag from /home/airflow/.local/lib/python3.8/site-packages/airflow/example_dags/tutorial_taskflow_api.py
[2024-10-02T01:47:25.198+0000] {processor.py:839} INFO - DAG(s) dict_keys(['tutorial_taskflow_api']) retrieved from /home/airflow/.local/lib/python3.8/site-packages/airflow/example_dags/tutorial_taskflow_api.py
[2024-10-02T01:47:25.238+0000] {logging_mixin.py:151} INFO - [2024-10-02T01:47:25.237+0000] {dag.py:2915} INFO - Sync 1 DAGs
[2024-10-02T01:47:25.257+0000] {logging_mixin.py:151} INFO - [2024-10-02T01:47:25.257+0000] {dag.py:3696} INFO - Setting next_dagrun for tutorial_taskflow_api to None, run_after=None
[2024-10-02T01:47:25.286+0000] {processor.py:179} INFO - Processing /home/airflow/.local/lib/python3.8/site-packages/airflow/example_dags/tutorial_taskflow_api.py took 0.117 seconds
[2024-10-02T01:48:21.760+0000] {processor.py:157} INFO - Started process (PID=32) to work on /home/airflow/.local/lib/python3.8/site-packages/airflow/example_dags/tutorial_taskflow_api.py
[2024-10-02T01:48:21.769+0000] {processor.py:829} INFO - Processing file /home/airflow/.local/lib/python3.8/site-packages/airflow/example_dags/tutorial_taskflow_api.py for tasks to queue
[2024-10-02T01:48:21.798+0000] {logging_mixin.py:151} INFO - [2024-10-02T01:48:21.786+0000] {dagbag.py:539} INFO - Filling up the DagBag from /home/airflow/.local/lib/python3.8/site-packages/airflow/example_dags/tutorial_taskflow_api.py
[2024-10-02T01:48:21.880+0000] {processor.py:839} INFO - DAG(s) dict_keys(['tutorial_taskflow_api']) retrieved from /home/airflow/.local/lib/python3.8/site-packages/airflow/example_dags/tutorial_taskflow_api.py
[2024-10-02T01:48:21.978+0000] {logging_mixin.py:151} INFO - [2024-10-02T01:48:21.978+0000] {dag.py:2915} INFO - Sync 1 DAGs
[2024-10-02T01:48:22.010+0000] {logging_mixin.py:151} INFO - [2024-10-02T01:48:22.010+0000] {dag.py:3696} INFO - Setting next_dagrun for tutorial_taskflow_api to None, run_after=None
[2024-10-02T01:48:22.079+0000] {processor.py:179} INFO - Processing /home/airflow/.local/lib/python3.8/site-packages/airflow/example_dags/tutorial_taskflow_api.py took 0.323 seconds
[2024-10-02T01:48:52.821+0000] {processor.py:157} INFO - Started process (PID=80) to work on /home/airflow/.local/lib/python3.8/site-packages/airflow/example_dags/tutorial_taskflow_api.py
[2024-10-02T01:48:52.827+0000] {processor.py:829} INFO - Processing file /home/airflow/.local/lib/python3.8/site-packages/airflow/example_dags/tutorial_taskflow_api.py for tasks to queue
[2024-10-02T01:48:52.835+0000] {logging_mixin.py:151} INFO - [2024-10-02T01:48:52.834+0000] {dagbag.py:539} INFO - Filling up the DagBag from /home/airflow/.local/lib/python3.8/site-packages/airflow/example_dags/tutorial_taskflow_api.py
[2024-10-02T01:48:52.849+0000] {processor.py:839} INFO - DAG(s) dict_keys(['tutorial_taskflow_api']) retrieved from /home/airflow/.local/lib/python3.8/site-packages/airflow/example_dags/tutorial_taskflow_api.py
[2024-10-02T01:48:52.888+0000] {logging_mixin.py:151} INFO - [2024-10-02T01:48:52.888+0000] {dag.py:2915} INFO - Sync 1 DAGs
[2024-10-02T01:48:52.949+0000] {logging_mixin.py:151} INFO - [2024-10-02T01:48:52.948+0000] {dag.py:3696} INFO - Setting next_dagrun for tutorial_taskflow_api to None, run_after=None
[2024-10-02T01:48:52.976+0000] {processor.py:179} INFO - Processing /home/airflow/.local/lib/python3.8/site-packages/airflow/example_dags/tutorial_taskflow_api.py took 0.161 seconds
[2024-10-02T01:49:23.092+0000] {processor.py:157} INFO - Started process (PID=128) to work on /home/airflow/.local/lib/python3.8/site-packages/airflow/example_dags/tutorial_taskflow_api.py
[2024-10-02T01:49:23.094+0000] {processor.py:829} INFO - Processing file /home/airflow/.local/lib/python3.8/site-packages/airflow/example_dags/tutorial_taskflow_api.py for tasks to queue
[2024-10-02T01:49:23.101+0000] {logging_mixin.py:151} INFO - [2024-10-02T01:49:23.100+0000] {dagbag.py:539} INFO - Filling up the DagBag from /home/airflow/.local/lib/python3.8/site-packages/airflow/example_dags/tutorial_taskflow_api.py
[2024-10-02T01:49:23.114+0000] {processor.py:839} INFO - DAG(s) dict_keys(['tutorial_taskflow_api']) retrieved from /home/airflow/.local/lib/python3.8/site-packages/airflow/example_dags/tutorial_taskflow_api.py
[2024-10-02T01:49:23.146+0000] {logging_mixin.py:151} INFO - [2024-10-02T01:49:23.146+0000] {dag.py:2915} INFO - Sync 1 DAGs
[2024-10-02T01:49:23.161+0000] {logging_mixin.py:151} INFO - [2024-10-02T01:49:23.161+0000] {dag.py:3696} INFO - Setting next_dagrun for tutorial_taskflow_api to None, run_after=None
[2024-10-02T01:49:23.187+0000] {processor.py:179} INFO - Processing /home/airflow/.local/lib/python3.8/site-packages/airflow/example_dags/tutorial_taskflow_api.py took 0.100 seconds
[2024-10-02T01:49:53.685+0000] {processor.py:157} INFO - Started process (PID=176) to work on /home/airflow/.local/lib/python3.8/site-packages/airflow/example_dags/tutorial_taskflow_api.py
[2024-10-02T01:49:53.697+0000] {processor.py:829} INFO - Processing file /home/airflow/.local/lib/python3.8/site-packages/airflow/example_dags/tutorial_taskflow_api.py for tasks to queue
[2024-10-02T01:49:53.744+0000] {logging_mixin.py:151} INFO - [2024-10-02T01:49:53.742+0000] {dagbag.py:539} INFO - Filling up the DagBag from /home/airflow/.local/lib/python3.8/site-packages/airflow/example_dags/tutorial_taskflow_api.py
[2024-10-02T01:49:53.816+0000] {processor.py:839} INFO - DAG(s) dict_keys(['tutorial_taskflow_api']) retrieved from /home/airflow/.local/lib/python3.8/site-packages/airflow/example_dags/tutorial_taskflow_api.py
[2024-10-02T01:49:53.957+0000] {logging_mixin.py:151} INFO - [2024-10-02T01:49:53.957+0000] {dag.py:2915} INFO - Sync 1 DAGs
[2024-10-02T01:49:53.991+0000] {logging_mixin.py:151} INFO - [2024-10-02T01:49:53.990+0000] {dag.py:3696} INFO - Setting next_dagrun for tutorial_taskflow_api to None, run_after=None
[2024-10-02T01:49:54.212+0000] {processor.py:179} INFO - Processing /home/airflow/.local/lib/python3.8/site-packages/airflow/example_dags/tutorial_taskflow_api.py took 0.538 seconds
[2024-10-02T01:50:24.663+0000] {processor.py:157} INFO - Started process (PID=224) to work on /home/airflow/.local/lib/python3.8/site-packages/airflow/example_dags/tutorial_taskflow_api.py
[2024-10-02T01:50:24.666+0000] {processor.py:829} INFO - Processing file /home/airflow/.local/lib/python3.8/site-packages/airflow/example_dags/tutorial_taskflow_api.py for tasks to queue
[2024-10-02T01:50:24.670+0000] {logging_mixin.py:151} INFO - [2024-10-02T01:50:24.669+0000] {dagbag.py:539} INFO - Filling up the DagBag from /home/airflow/.local/lib/python3.8/site-packages/airflow/example_dags/tutorial_taskflow_api.py
[2024-10-02T01:50:24.683+0000] {processor.py:839} INFO - DAG(s) dict_keys(['tutorial_taskflow_api']) retrieved from /home/airflow/.local/lib/python3.8/site-packages/airflow/example_dags/tutorial_taskflow_api.py
[2024-10-02T01:50:24.718+0000] {logging_mixin.py:151} INFO - [2024-10-02T01:50:24.718+0000] {dag.py:2915} INFO - Sync 1 DAGs
[2024-10-02T01:50:24.738+0000] {logging_mixin.py:151} INFO - [2024-10-02T01:50:24.737+0000] {dag.py:3696} INFO - Setting next_dagrun for tutorial_taskflow_api to None, run_after=None
[2024-10-02T01:50:24.760+0000] {processor.py:179} INFO - Processing /home/airflow/.local/lib/python3.8/site-packages/airflow/example_dags/tutorial_taskflow_api.py took 0.101 seconds
[2024-10-02T01:50:54.918+0000] {processor.py:157} INFO - Started process (PID=272) to work on /home/airflow/.local/lib/python3.8/site-packages/airflow/example_dags/tutorial_taskflow_api.py
[2024-10-02T01:50:54.921+0000] {processor.py:829} INFO - Processing file /home/airflow/.local/lib/python3.8/site-packages/airflow/example_dags/tutorial_taskflow_api.py for tasks to queue
[2024-10-02T01:50:54.924+0000] {logging_mixin.py:151} INFO - [2024-10-02T01:50:54.924+0000] {dagbag.py:539} INFO - Filling up the DagBag from /home/airflow/.local/lib/python3.8/site-packages/airflow/example_dags/tutorial_taskflow_api.py
[2024-10-02T01:50:54.937+0000] {processor.py:839} INFO - DAG(s) dict_keys(['tutorial_taskflow_api']) retrieved from /home/airflow/.local/lib/python3.8/site-packages/airflow/example_dags/tutorial_taskflow_api.py
[2024-10-02T01:50:54.971+0000] {logging_mixin.py:151} INFO - [2024-10-02T01:50:54.970+0000] {dag.py:2915} INFO - Sync 1 DAGs
[2024-10-02T01:50:54.986+0000] {logging_mixin.py:151} INFO - [2024-10-02T01:50:54.986+0000] {dag.py:3696} INFO - Setting next_dagrun for tutorial_taskflow_api to None, run_after=None
[2024-10-02T01:50:55.010+0000] {processor.py:179} INFO - Processing /home/airflow/.local/lib/python3.8/site-packages/airflow/example_dags/tutorial_taskflow_api.py took 0.096 seconds
[2024-10-02T01:51:25.536+0000] {processor.py:157} INFO - Started process (PID=320) to work on /home/airflow/.local/lib/python3.8/site-packages/airflow/example_dags/tutorial_taskflow_api.py
[2024-10-02T01:51:25.541+0000] {processor.py:829} INFO - Processing file /home/airflow/.local/lib/python3.8/site-packages/airflow/example_dags/tutorial_taskflow_api.py for tasks to queue
[2024-10-02T01:51:25.545+0000] {logging_mixin.py:151} INFO - [2024-10-02T01:51:25.545+0000] {dagbag.py:539} INFO - Filling up the DagBag from /home/airflow/.local/lib/python3.8/site-packages/airflow/example_dags/tutorial_taskflow_api.py
[2024-10-02T01:51:25.560+0000] {processor.py:839} INFO - DAG(s) dict_keys(['tutorial_taskflow_api']) retrieved from /home/airflow/.local/lib/python3.8/site-packages/airflow/example_dags/tutorial_taskflow_api.py
[2024-10-02T01:51:25.596+0000] {logging_mixin.py:151} INFO - [2024-10-02T01:51:25.596+0000] {dag.py:2915} INFO - Sync 1 DAGs
[2024-10-02T01:51:25.613+0000] {logging_mixin.py:151} INFO - [2024-10-02T01:51:25.612+0000] {dag.py:3696} INFO - Setting next_dagrun for tutorial_taskflow_api to None, run_after=None
[2024-10-02T01:51:25.637+0000] {processor.py:179} INFO - Processing /home/airflow/.local/lib/python3.8/site-packages/airflow/example_dags/tutorial_taskflow_api.py took 0.107 seconds
[2024-10-02T01:51:55.798+0000] {processor.py:157} INFO - Started process (PID=368) to work on /home/airflow/.local/lib/python3.8/site-packages/airflow/example_dags/tutorial_taskflow_api.py
[2024-10-02T01:51:55.800+0000] {processor.py:829} INFO - Processing file /home/airflow/.local/lib/python3.8/site-packages/airflow/example_dags/tutorial_taskflow_api.py for tasks to queue
[2024-10-02T01:51:55.804+0000] {logging_mixin.py:151} INFO - [2024-10-02T01:51:55.804+0000] {dagbag.py:539} INFO - Filling up the DagBag from /home/airflow/.local/lib/python3.8/site-packages/airflow/example_dags/tutorial_taskflow_api.py
[2024-10-02T01:51:55.821+0000] {processor.py:839} INFO - DAG(s) dict_keys(['tutorial_taskflow_api']) retrieved from /home/airflow/.local/lib/python3.8/site-packages/airflow/example_dags/tutorial_taskflow_api.py
[2024-10-02T01:51:55.853+0000] {logging_mixin.py:151} INFO - [2024-10-02T01:51:55.852+0000] {dag.py:2915} INFO - Sync 1 DAGs
[2024-10-02T01:51:55.880+0000] {logging_mixin.py:151} INFO - [2024-10-02T01:51:55.880+0000] {dag.py:3696} INFO - Setting next_dagrun for tutorial_taskflow_api to None, run_after=None
[2024-10-02T01:51:55.904+0000] {processor.py:179} INFO - Processing /home/airflow/.local/lib/python3.8/site-packages/airflow/example_dags/tutorial_taskflow_api.py took 0.111 seconds
[2024-10-02T01:52:26.783+0000] {processor.py:157} INFO - Started process (PID=416) to work on /home/airflow/.local/lib/python3.8/site-packages/airflow/example_dags/tutorial_taskflow_api.py
[2024-10-02T01:52:26.786+0000] {processor.py:829} INFO - Processing file /home/airflow/.local/lib/python3.8/site-packages/airflow/example_dags/tutorial_taskflow_api.py for tasks to queue
[2024-10-02T01:52:26.790+0000] {logging_mixin.py:151} INFO - [2024-10-02T01:52:26.789+0000] {dagbag.py:539} INFO - Filling up the DagBag from /home/airflow/.local/lib/python3.8/site-packages/airflow/example_dags/tutorial_taskflow_api.py
[2024-10-02T01:52:26.805+0000] {processor.py:839} INFO - DAG(s) dict_keys(['tutorial_taskflow_api']) retrieved from /home/airflow/.local/lib/python3.8/site-packages/airflow/example_dags/tutorial_taskflow_api.py
[2024-10-02T01:52:26.839+0000] {logging_mixin.py:151} INFO - [2024-10-02T01:52:26.839+0000] {dag.py:2915} INFO - Sync 1 DAGs
[2024-10-02T01:52:26.854+0000] {logging_mixin.py:151} INFO - [2024-10-02T01:52:26.853+0000] {dag.py:3696} INFO - Setting next_dagrun for tutorial_taskflow_api to None, run_after=None
[2024-10-02T01:52:26.876+0000] {processor.py:179} INFO - Processing /home/airflow/.local/lib/python3.8/site-packages/airflow/example_dags/tutorial_taskflow_api.py took 0.098 seconds
[2024-10-02T01:52:57.025+0000] {processor.py:157} INFO - Started process (PID=464) to work on /home/airflow/.local/lib/python3.8/site-packages/airflow/example_dags/tutorial_taskflow_api.py
[2024-10-02T01:52:57.027+0000] {processor.py:829} INFO - Processing file /home/airflow/.local/lib/python3.8/site-packages/airflow/example_dags/tutorial_taskflow_api.py for tasks to queue
[2024-10-02T01:52:57.031+0000] {logging_mixin.py:151} INFO - [2024-10-02T01:52:57.030+0000] {dagbag.py:539} INFO - Filling up the DagBag from /home/airflow/.local/lib/python3.8/site-packages/airflow/example_dags/tutorial_taskflow_api.py
[2024-10-02T01:52:57.045+0000] {processor.py:839} INFO - DAG(s) dict_keys(['tutorial_taskflow_api']) retrieved from /home/airflow/.local/lib/python3.8/site-packages/airflow/example_dags/tutorial_taskflow_api.py
[2024-10-02T01:52:57.076+0000] {logging_mixin.py:151} INFO - [2024-10-02T01:52:57.076+0000] {dag.py:2915} INFO - Sync 1 DAGs
[2024-10-02T01:52:57.093+0000] {logging_mixin.py:151} INFO - [2024-10-02T01:52:57.093+0000] {dag.py:3696} INFO - Setting next_dagrun for tutorial_taskflow_api to None, run_after=None
[2024-10-02T01:52:57.117+0000] {processor.py:179} INFO - Processing /home/airflow/.local/lib/python3.8/site-packages/airflow/example_dags/tutorial_taskflow_api.py took 0.097 seconds
[2024-10-02T01:53:27.647+0000] {processor.py:157} INFO - Started process (PID=512) to work on /home/airflow/.local/lib/python3.8/site-packages/airflow/example_dags/tutorial_taskflow_api.py
[2024-10-02T01:53:27.649+0000] {processor.py:829} INFO - Processing file /home/airflow/.local/lib/python3.8/site-packages/airflow/example_dags/tutorial_taskflow_api.py for tasks to queue
[2024-10-02T01:53:27.653+0000] {logging_mixin.py:151} INFO - [2024-10-02T01:53:27.652+0000] {dagbag.py:539} INFO - Filling up the DagBag from /home/airflow/.local/lib/python3.8/site-packages/airflow/example_dags/tutorial_taskflow_api.py
[2024-10-02T01:53:27.666+0000] {processor.py:839} INFO - DAG(s) dict_keys(['tutorial_taskflow_api']) retrieved from /home/airflow/.local/lib/python3.8/site-packages/airflow/example_dags/tutorial_taskflow_api.py
[2024-10-02T01:53:27.698+0000] {logging_mixin.py:151} INFO - [2024-10-02T01:53:27.697+0000] {dag.py:2915} INFO - Sync 1 DAGs
[2024-10-02T01:53:27.736+0000] {logging_mixin.py:151} INFO - [2024-10-02T01:53:27.732+0000] {dag.py:3696} INFO - Setting next_dagrun for tutorial_taskflow_api to None, run_after=None
[2024-10-02T01:53:27.830+0000] {processor.py:179} INFO - Processing /home/airflow/.local/lib/python3.8/site-packages/airflow/example_dags/tutorial_taskflow_api.py took 0.188 seconds
[2024-10-02T01:53:57.958+0000] {processor.py:157} INFO - Started process (PID=560) to work on /home/airflow/.local/lib/python3.8/site-packages/airflow/example_dags/tutorial_taskflow_api.py
[2024-10-02T01:53:57.962+0000] {processor.py:829} INFO - Processing file /home/airflow/.local/lib/python3.8/site-packages/airflow/example_dags/tutorial_taskflow_api.py for tasks to queue
[2024-10-02T01:53:57.965+0000] {logging_mixin.py:151} INFO - [2024-10-02T01:53:57.965+0000] {dagbag.py:539} INFO - Filling up the DagBag from /home/airflow/.local/lib/python3.8/site-packages/airflow/example_dags/tutorial_taskflow_api.py
[2024-10-02T01:53:57.977+0000] {processor.py:839} INFO - DAG(s) dict_keys(['tutorial_taskflow_api']) retrieved from /home/airflow/.local/lib/python3.8/site-packages/airflow/example_dags/tutorial_taskflow_api.py
[2024-10-02T01:53:58.008+0000] {logging_mixin.py:151} INFO - [2024-10-02T01:53:58.008+0000] {dag.py:2915} INFO - Sync 1 DAGs
[2024-10-02T01:53:58.023+0000] {logging_mixin.py:151} INFO - [2024-10-02T01:53:58.023+0000] {dag.py:3696} INFO - Setting next_dagrun for tutorial_taskflow_api to None, run_after=None
[2024-10-02T01:53:58.045+0000] {processor.py:179} INFO - Processing /home/airflow/.local/lib/python3.8/site-packages/airflow/example_dags/tutorial_taskflow_api.py took 0.091 seconds
[2024-10-02T01:57:15.560+0000] {processor.py:157} INFO - Started process (PID=593) to work on /home/airflow/.local/lib/python3.8/site-packages/airflow/example_dags/tutorial_taskflow_api.py
[2024-10-02T01:57:15.828+0000] {processor.py:829} INFO - Processing file /home/airflow/.local/lib/python3.8/site-packages/airflow/example_dags/tutorial_taskflow_api.py for tasks to queue
[2024-10-02T01:57:15.917+0000] {logging_mixin.py:151} INFO - [2024-10-02T01:57:15.887+0000] {dagbag.py:539} INFO - Filling up the DagBag from /home/airflow/.local/lib/python3.8/site-packages/airflow/example_dags/tutorial_taskflow_api.py
[2024-10-02T01:57:16.051+0000] {processor.py:839} INFO - DAG(s) dict_keys(['tutorial_taskflow_api']) retrieved from /home/airflow/.local/lib/python3.8/site-packages/airflow/example_dags/tutorial_taskflow_api.py
[2024-10-02T01:57:16.164+0000] {logging_mixin.py:151} INFO - [2024-10-02T01:57:16.163+0000] {dag.py:2915} INFO - Sync 1 DAGs
[2024-10-02T01:57:16.215+0000] {logging_mixin.py:151} INFO - [2024-10-02T01:57:16.215+0000] {dag.py:3696} INFO - Setting next_dagrun for tutorial_taskflow_api to None, run_after=None
[2024-10-02T01:57:16.247+0000] {processor.py:179} INFO - Processing /home/airflow/.local/lib/python3.8/site-packages/airflow/example_dags/tutorial_taskflow_api.py took 0.714 seconds
[2024-10-02T01:57:46.398+0000] {processor.py:157} INFO - Started process (PID=641) to work on /home/airflow/.local/lib/python3.8/site-packages/airflow/example_dags/tutorial_taskflow_api.py
[2024-10-02T01:57:46.400+0000] {processor.py:829} INFO - Processing file /home/airflow/.local/lib/python3.8/site-packages/airflow/example_dags/tutorial_taskflow_api.py for tasks to queue
[2024-10-02T01:57:46.404+0000] {logging_mixin.py:151} INFO - [2024-10-02T01:57:46.404+0000] {dagbag.py:539} INFO - Filling up the DagBag from /home/airflow/.local/lib/python3.8/site-packages/airflow/example_dags/tutorial_taskflow_api.py
[2024-10-02T01:57:46.420+0000] {processor.py:839} INFO - DAG(s) dict_keys(['tutorial_taskflow_api']) retrieved from /home/airflow/.local/lib/python3.8/site-packages/airflow/example_dags/tutorial_taskflow_api.py
[2024-10-02T01:57:46.452+0000] {logging_mixin.py:151} INFO - [2024-10-02T01:57:46.452+0000] {dag.py:2915} INFO - Sync 1 DAGs
[2024-10-02T01:57:46.468+0000] {logging_mixin.py:151} INFO - [2024-10-02T01:57:46.466+0000] {dag.py:3696} INFO - Setting next_dagrun for tutorial_taskflow_api to None, run_after=None
[2024-10-02T01:57:46.498+0000] {processor.py:179} INFO - Processing /home/airflow/.local/lib/python3.8/site-packages/airflow/example_dags/tutorial_taskflow_api.py took 0.105 seconds
[2024-10-02T01:58:17.135+0000] {processor.py:157} INFO - Started process (PID=689) to work on /home/airflow/.local/lib/python3.8/site-packages/airflow/example_dags/tutorial_taskflow_api.py
[2024-10-02T01:58:17.140+0000] {processor.py:829} INFO - Processing file /home/airflow/.local/lib/python3.8/site-packages/airflow/example_dags/tutorial_taskflow_api.py for tasks to queue
[2024-10-02T01:58:17.144+0000] {logging_mixin.py:151} INFO - [2024-10-02T01:58:17.143+0000] {dagbag.py:539} INFO - Filling up the DagBag from /home/airflow/.local/lib/python3.8/site-packages/airflow/example_dags/tutorial_taskflow_api.py
[2024-10-02T01:58:17.158+0000] {processor.py:839} INFO - DAG(s) dict_keys(['tutorial_taskflow_api']) retrieved from /home/airflow/.local/lib/python3.8/site-packages/airflow/example_dags/tutorial_taskflow_api.py
[2024-10-02T01:58:17.196+0000] {logging_mixin.py:151} INFO - [2024-10-02T01:58:17.195+0000] {dag.py:2915} INFO - Sync 1 DAGs
[2024-10-02T01:58:17.217+0000] {logging_mixin.py:151} INFO - [2024-10-02T01:58:17.217+0000] {dag.py:3696} INFO - Setting next_dagrun for tutorial_taskflow_api to None, run_after=None
[2024-10-02T01:58:17.261+0000] {processor.py:179} INFO - Processing /home/airflow/.local/lib/python3.8/site-packages/airflow/example_dags/tutorial_taskflow_api.py took 0.131 seconds
[2024-10-02T01:58:48.177+0000] {processor.py:157} INFO - Started process (PID=737) to work on /home/airflow/.local/lib/python3.8/site-packages/airflow/example_dags/tutorial_taskflow_api.py
[2024-10-02T01:58:48.181+0000] {processor.py:829} INFO - Processing file /home/airflow/.local/lib/python3.8/site-packages/airflow/example_dags/tutorial_taskflow_api.py for tasks to queue
[2024-10-02T01:58:48.185+0000] {logging_mixin.py:151} INFO - [2024-10-02T01:58:48.185+0000] {dagbag.py:539} INFO - Filling up the DagBag from /home/airflow/.local/lib/python3.8/site-packages/airflow/example_dags/tutorial_taskflow_api.py
[2024-10-02T01:58:48.200+0000] {processor.py:839} INFO - DAG(s) dict_keys(['tutorial_taskflow_api']) retrieved from /home/airflow/.local/lib/python3.8/site-packages/airflow/example_dags/tutorial_taskflow_api.py
[2024-10-02T01:58:48.235+0000] {logging_mixin.py:151} INFO - [2024-10-02T01:58:48.235+0000] {dag.py:2915} INFO - Sync 1 DAGs
[2024-10-02T01:58:48.251+0000] {logging_mixin.py:151} INFO - [2024-10-02T01:58:48.251+0000] {dag.py:3696} INFO - Setting next_dagrun for tutorial_taskflow_api to None, run_after=None
[2024-10-02T01:58:48.283+0000] {processor.py:179} INFO - Processing /home/airflow/.local/lib/python3.8/site-packages/airflow/example_dags/tutorial_taskflow_api.py took 0.112 seconds
[2024-10-02T01:59:18.999+0000] {processor.py:157} INFO - Started process (PID=785) to work on /home/airflow/.local/lib/python3.8/site-packages/airflow/example_dags/tutorial_taskflow_api.py
[2024-10-02T01:59:19.002+0000] {processor.py:829} INFO - Processing file /home/airflow/.local/lib/python3.8/site-packages/airflow/example_dags/tutorial_taskflow_api.py for tasks to queue
[2024-10-02T01:59:19.014+0000] {logging_mixin.py:151} INFO - [2024-10-02T01:59:19.012+0000] {dagbag.py:539} INFO - Filling up the DagBag from /home/airflow/.local/lib/python3.8/site-packages/airflow/example_dags/tutorial_taskflow_api.py
[2024-10-02T01:59:19.031+0000] {processor.py:839} INFO - DAG(s) dict_keys(['tutorial_taskflow_api']) retrieved from /home/airflow/.local/lib/python3.8/site-packages/airflow/example_dags/tutorial_taskflow_api.py
[2024-10-02T01:59:19.067+0000] {logging_mixin.py:151} INFO - [2024-10-02T01:59:19.067+0000] {dag.py:2915} INFO - Sync 1 DAGs
[2024-10-02T01:59:19.086+0000] {logging_mixin.py:151} INFO - [2024-10-02T01:59:19.085+0000] {dag.py:3696} INFO - Setting next_dagrun for tutorial_taskflow_api to None, run_after=None
[2024-10-02T01:59:19.115+0000] {processor.py:179} INFO - Processing /home/airflow/.local/lib/python3.8/site-packages/airflow/example_dags/tutorial_taskflow_api.py took 0.121 seconds
[2024-10-02T01:59:49.914+0000] {processor.py:157} INFO - Started process (PID=833) to work on /home/airflow/.local/lib/python3.8/site-packages/airflow/example_dags/tutorial_taskflow_api.py
[2024-10-02T01:59:49.917+0000] {processor.py:829} INFO - Processing file /home/airflow/.local/lib/python3.8/site-packages/airflow/example_dags/tutorial_taskflow_api.py for tasks to queue
[2024-10-02T01:59:49.921+0000] {logging_mixin.py:151} INFO - [2024-10-02T01:59:49.921+0000] {dagbag.py:539} INFO - Filling up the DagBag from /home/airflow/.local/lib/python3.8/site-packages/airflow/example_dags/tutorial_taskflow_api.py
[2024-10-02T01:59:49.935+0000] {processor.py:839} INFO - DAG(s) dict_keys(['tutorial_taskflow_api']) retrieved from /home/airflow/.local/lib/python3.8/site-packages/airflow/example_dags/tutorial_taskflow_api.py
[2024-10-02T01:59:49.969+0000] {logging_mixin.py:151} INFO - [2024-10-02T01:59:49.969+0000] {dag.py:2915} INFO - Sync 1 DAGs
[2024-10-02T01:59:49.985+0000] {logging_mixin.py:151} INFO - [2024-10-02T01:59:49.985+0000] {dag.py:3696} INFO - Setting next_dagrun for tutorial_taskflow_api to None, run_after=None
[2024-10-02T01:59:50.011+0000] {processor.py:179} INFO - Processing /home/airflow/.local/lib/python3.8/site-packages/airflow/example_dags/tutorial_taskflow_api.py took 0.101 seconds
[2024-10-02T02:00:20.561+0000] {processor.py:157} INFO - Started process (PID=881) to work on /home/airflow/.local/lib/python3.8/site-packages/airflow/example_dags/tutorial_taskflow_api.py
[2024-10-02T02:00:20.564+0000] {processor.py:829} INFO - Processing file /home/airflow/.local/lib/python3.8/site-packages/airflow/example_dags/tutorial_taskflow_api.py for tasks to queue
[2024-10-02T02:00:20.568+0000] {logging_mixin.py:151} INFO - [2024-10-02T02:00:20.567+0000] {dagbag.py:539} INFO - Filling up the DagBag from /home/airflow/.local/lib/python3.8/site-packages/airflow/example_dags/tutorial_taskflow_api.py
[2024-10-02T02:00:20.580+0000] {processor.py:839} INFO - DAG(s) dict_keys(['tutorial_taskflow_api']) retrieved from /home/airflow/.local/lib/python3.8/site-packages/airflow/example_dags/tutorial_taskflow_api.py
[2024-10-02T02:00:20.619+0000] {logging_mixin.py:151} INFO - [2024-10-02T02:00:20.619+0000] {dag.py:2915} INFO - Sync 1 DAGs
[2024-10-02T02:00:20.645+0000] {logging_mixin.py:151} INFO - [2024-10-02T02:00:20.645+0000] {dag.py:3696} INFO - Setting next_dagrun for tutorial_taskflow_api to None, run_after=None
[2024-10-02T02:00:20.679+0000] {processor.py:179} INFO - Processing /home/airflow/.local/lib/python3.8/site-packages/airflow/example_dags/tutorial_taskflow_api.py took 0.123 seconds
[2024-10-02T02:00:51.109+0000] {processor.py:157} INFO - Started process (PID=929) to work on /home/airflow/.local/lib/python3.8/site-packages/airflow/example_dags/tutorial_taskflow_api.py
[2024-10-02T02:00:51.113+0000] {processor.py:829} INFO - Processing file /home/airflow/.local/lib/python3.8/site-packages/airflow/example_dags/tutorial_taskflow_api.py for tasks to queue
[2024-10-02T02:00:51.119+0000] {logging_mixin.py:151} INFO - [2024-10-02T02:00:51.118+0000] {dagbag.py:539} INFO - Filling up the DagBag from /home/airflow/.local/lib/python3.8/site-packages/airflow/example_dags/tutorial_taskflow_api.py
[2024-10-02T02:00:51.132+0000] {processor.py:839} INFO - DAG(s) dict_keys(['tutorial_taskflow_api']) retrieved from /home/airflow/.local/lib/python3.8/site-packages/airflow/example_dags/tutorial_taskflow_api.py
[2024-10-02T02:00:51.170+0000] {logging_mixin.py:151} INFO - [2024-10-02T02:00:51.170+0000] {dag.py:2915} INFO - Sync 1 DAGs
[2024-10-02T02:00:51.192+0000] {logging_mixin.py:151} INFO - [2024-10-02T02:00:51.192+0000] {dag.py:3696} INFO - Setting next_dagrun for tutorial_taskflow_api to None, run_after=None
[2024-10-02T02:00:51.236+0000] {processor.py:179} INFO - Processing /home/airflow/.local/lib/python3.8/site-packages/airflow/example_dags/tutorial_taskflow_api.py took 0.131 seconds
[2024-10-02T02:01:21.795+0000] {processor.py:157} INFO - Started process (PID=977) to work on /home/airflow/.local/lib/python3.8/site-packages/airflow/example_dags/tutorial_taskflow_api.py
[2024-10-02T02:01:21.797+0000] {processor.py:829} INFO - Processing file /home/airflow/.local/lib/python3.8/site-packages/airflow/example_dags/tutorial_taskflow_api.py for tasks to queue
[2024-10-02T02:01:21.802+0000] {logging_mixin.py:151} INFO - [2024-10-02T02:01:21.801+0000] {dagbag.py:539} INFO - Filling up the DagBag from /home/airflow/.local/lib/python3.8/site-packages/airflow/example_dags/tutorial_taskflow_api.py
[2024-10-02T02:01:21.817+0000] {processor.py:839} INFO - DAG(s) dict_keys(['tutorial_taskflow_api']) retrieved from /home/airflow/.local/lib/python3.8/site-packages/airflow/example_dags/tutorial_taskflow_api.py
[2024-10-02T02:01:21.849+0000] {logging_mixin.py:151} INFO - [2024-10-02T02:01:21.849+0000] {dag.py:2915} INFO - Sync 1 DAGs
[2024-10-02T02:01:21.867+0000] {logging_mixin.py:151} INFO - [2024-10-02T02:01:21.867+0000] {dag.py:3696} INFO - Setting next_dagrun for tutorial_taskflow_api to None, run_after=None
[2024-10-02T02:01:21.893+0000] {processor.py:179} INFO - Processing /home/airflow/.local/lib/python3.8/site-packages/airflow/example_dags/tutorial_taskflow_api.py took 0.103 seconds
[2024-10-02T02:03:10.789+0000] {processor.py:157} INFO - Started process (PID=32) to work on /home/airflow/.local/lib/python3.8/site-packages/airflow/example_dags/tutorial_taskflow_api.py
[2024-10-02T02:03:10.813+0000] {processor.py:829} INFO - Processing file /home/airflow/.local/lib/python3.8/site-packages/airflow/example_dags/tutorial_taskflow_api.py for tasks to queue
[2024-10-02T02:03:10.830+0000] {logging_mixin.py:151} INFO - [2024-10-02T02:03:10.829+0000] {dagbag.py:539} INFO - Filling up the DagBag from /home/airflow/.local/lib/python3.8/site-packages/airflow/example_dags/tutorial_taskflow_api.py
[2024-10-02T02:03:10.925+0000] {processor.py:839} INFO - DAG(s) dict_keys(['tutorial_taskflow_api']) retrieved from /home/airflow/.local/lib/python3.8/site-packages/airflow/example_dags/tutorial_taskflow_api.py
[2024-10-02T02:03:11.239+0000] {logging_mixin.py:151} INFO - [2024-10-02T02:03:11.238+0000] {manager.py:499} INFO - Created Permission View: %s
[2024-10-02T02:03:11.308+0000] {logging_mixin.py:151} INFO - [2024-10-02T02:03:11.308+0000] {manager.py:499} INFO - Created Permission View: %s
[2024-10-02T02:03:11.379+0000] {logging_mixin.py:151} INFO - [2024-10-02T02:03:11.379+0000] {manager.py:499} INFO - Created Permission View: %s
[2024-10-02T02:03:11.389+0000] {logging_mixin.py:151} INFO - [2024-10-02T02:03:11.388+0000] {security.py:708} INFO - Not syncing DAG-level permissions for DAG 'DAG:tutorial_taskflow_api' as access control is unset.
[2024-10-02T02:03:11.396+0000] {logging_mixin.py:151} INFO - [2024-10-02T02:03:11.395+0000] {dag.py:2915} INFO - Sync 1 DAGs
[2024-10-02T02:03:11.504+0000] {logging_mixin.py:151} INFO - [2024-10-02T02:03:11.486+0000] {dag.py:2937} INFO - Creating ORM DAG for tutorial_taskflow_api
[2024-10-02T02:03:11.507+0000] {logging_mixin.py:151} INFO - [2024-10-02T02:03:11.506+0000] {dag.py:3696} INFO - Setting next_dagrun for tutorial_taskflow_api to None, run_after=None
[2024-10-02T02:03:11.649+0000] {processor.py:179} INFO - Processing /home/airflow/.local/lib/python3.8/site-packages/airflow/example_dags/tutorial_taskflow_api.py took 0.875 seconds
[2024-10-02T02:06:07.238+0000] {processor.py:157} INFO - Started process (PID=32) to work on /home/airflow/.local/lib/python3.8/site-packages/airflow/example_dags/tutorial_taskflow_api.py
[2024-10-02T02:06:07.256+0000] {processor.py:829} INFO - Processing file /home/airflow/.local/lib/python3.8/site-packages/airflow/example_dags/tutorial_taskflow_api.py for tasks to queue
[2024-10-02T02:06:07.269+0000] {logging_mixin.py:151} INFO - [2024-10-02T02:06:07.268+0000] {dagbag.py:539} INFO - Filling up the DagBag from /home/airflow/.local/lib/python3.8/site-packages/airflow/example_dags/tutorial_taskflow_api.py
[2024-10-02T02:06:07.372+0000] {processor.py:839} INFO - DAG(s) dict_keys(['tutorial_taskflow_api']) retrieved from /home/airflow/.local/lib/python3.8/site-packages/airflow/example_dags/tutorial_taskflow_api.py
[2024-10-02T02:06:07.884+0000] {logging_mixin.py:151} INFO - [2024-10-02T02:06:07.884+0000] {manager.py:499} INFO - Created Permission View: %s
[2024-10-02T02:06:07.965+0000] {logging_mixin.py:151} INFO - [2024-10-02T02:06:07.965+0000] {manager.py:499} INFO - Created Permission View: %s
[2024-10-02T02:06:08.053+0000] {logging_mixin.py:151} INFO - [2024-10-02T02:06:08.052+0000] {manager.py:499} INFO - Created Permission View: %s
[2024-10-02T02:06:08.071+0000] {logging_mixin.py:151} INFO - [2024-10-02T02:06:08.071+0000] {security.py:708} INFO - Not syncing DAG-level permissions for DAG 'DAG:tutorial_taskflow_api' as access control is unset.
[2024-10-02T02:06:08.088+0000] {logging_mixin.py:151} INFO - [2024-10-02T02:06:08.087+0000] {dag.py:2915} INFO - Sync 1 DAGs
[2024-10-02T02:06:08.154+0000] {logging_mixin.py:151} INFO - [2024-10-02T02:06:08.154+0000] {dag.py:2937} INFO - Creating ORM DAG for tutorial_taskflow_api
[2024-10-02T02:06:08.164+0000] {logging_mixin.py:151} INFO - [2024-10-02T02:06:08.164+0000] {dag.py:3696} INFO - Setting next_dagrun for tutorial_taskflow_api to None, run_after=None
[2024-10-02T02:06:08.302+0000] {processor.py:179} INFO - Processing /home/airflow/.local/lib/python3.8/site-packages/airflow/example_dags/tutorial_taskflow_api.py took 1.084 seconds
[2024-10-02T02:06:38.454+0000] {processor.py:157} INFO - Started process (PID=80) to work on /home/airflow/.local/lib/python3.8/site-packages/airflow/example_dags/tutorial_taskflow_api.py
[2024-10-02T02:06:38.456+0000] {processor.py:829} INFO - Processing file /home/airflow/.local/lib/python3.8/site-packages/airflow/example_dags/tutorial_taskflow_api.py for tasks to queue
[2024-10-02T02:06:38.459+0000] {logging_mixin.py:151} INFO - [2024-10-02T02:06:38.459+0000] {dagbag.py:539} INFO - Filling up the DagBag from /home/airflow/.local/lib/python3.8/site-packages/airflow/example_dags/tutorial_taskflow_api.py
[2024-10-02T02:06:38.472+0000] {processor.py:839} INFO - DAG(s) dict_keys(['tutorial_taskflow_api']) retrieved from /home/airflow/.local/lib/python3.8/site-packages/airflow/example_dags/tutorial_taskflow_api.py
[2024-10-02T02:06:38.509+0000] {logging_mixin.py:151} INFO - [2024-10-02T02:06:38.509+0000] {dag.py:2915} INFO - Sync 1 DAGs
[2024-10-02T02:06:38.532+0000] {logging_mixin.py:151} INFO - [2024-10-02T02:06:38.531+0000] {dag.py:3696} INFO - Setting next_dagrun for tutorial_taskflow_api to None, run_after=None
[2024-10-02T02:06:38.558+0000] {processor.py:179} INFO - Processing /home/airflow/.local/lib/python3.8/site-packages/airflow/example_dags/tutorial_taskflow_api.py took 0.108 seconds
[2024-10-02T02:07:08.792+0000] {processor.py:157} INFO - Started process (PID=128) to work on /home/airflow/.local/lib/python3.8/site-packages/airflow/example_dags/tutorial_taskflow_api.py
[2024-10-02T02:07:08.796+0000] {processor.py:829} INFO - Processing file /home/airflow/.local/lib/python3.8/site-packages/airflow/example_dags/tutorial_taskflow_api.py for tasks to queue
[2024-10-02T02:07:08.800+0000] {logging_mixin.py:151} INFO - [2024-10-02T02:07:08.799+0000] {dagbag.py:539} INFO - Filling up the DagBag from /home/airflow/.local/lib/python3.8/site-packages/airflow/example_dags/tutorial_taskflow_api.py
[2024-10-02T02:07:08.815+0000] {processor.py:839} INFO - DAG(s) dict_keys(['tutorial_taskflow_api']) retrieved from /home/airflow/.local/lib/python3.8/site-packages/airflow/example_dags/tutorial_taskflow_api.py
[2024-10-02T02:07:08.845+0000] {logging_mixin.py:151} INFO - [2024-10-02T02:07:08.845+0000] {dag.py:2915} INFO - Sync 1 DAGs
[2024-10-02T02:07:08.861+0000] {logging_mixin.py:151} INFO - [2024-10-02T02:07:08.861+0000] {dag.py:3696} INFO - Setting next_dagrun for tutorial_taskflow_api to None, run_after=None
[2024-10-02T02:07:08.885+0000] {processor.py:179} INFO - Processing /home/airflow/.local/lib/python3.8/site-packages/airflow/example_dags/tutorial_taskflow_api.py took 0.099 seconds
[2024-10-02T02:07:39.080+0000] {processor.py:157} INFO - Started process (PID=176) to work on /home/airflow/.local/lib/python3.8/site-packages/airflow/example_dags/tutorial_taskflow_api.py
[2024-10-02T02:07:39.082+0000] {processor.py:829} INFO - Processing file /home/airflow/.local/lib/python3.8/site-packages/airflow/example_dags/tutorial_taskflow_api.py for tasks to queue
[2024-10-02T02:07:39.086+0000] {logging_mixin.py:151} INFO - [2024-10-02T02:07:39.086+0000] {dagbag.py:539} INFO - Filling up the DagBag from /home/airflow/.local/lib/python3.8/site-packages/airflow/example_dags/tutorial_taskflow_api.py
[2024-10-02T02:07:39.106+0000] {processor.py:839} INFO - DAG(s) dict_keys(['tutorial_taskflow_api']) retrieved from /home/airflow/.local/lib/python3.8/site-packages/airflow/example_dags/tutorial_taskflow_api.py
[2024-10-02T02:07:39.151+0000] {logging_mixin.py:151} INFO - [2024-10-02T02:07:39.150+0000] {dag.py:2915} INFO - Sync 1 DAGs
[2024-10-02T02:07:39.169+0000] {logging_mixin.py:151} INFO - [2024-10-02T02:07:39.169+0000] {dag.py:3696} INFO - Setting next_dagrun for tutorial_taskflow_api to None, run_after=None
[2024-10-02T02:07:39.195+0000] {processor.py:179} INFO - Processing /home/airflow/.local/lib/python3.8/site-packages/airflow/example_dags/tutorial_taskflow_api.py took 0.121 seconds
[2024-10-02T02:08:09.343+0000] {processor.py:157} INFO - Started process (PID=224) to work on /home/airflow/.local/lib/python3.8/site-packages/airflow/example_dags/tutorial_taskflow_api.py
[2024-10-02T02:08:09.346+0000] {processor.py:829} INFO - Processing file /home/airflow/.local/lib/python3.8/site-packages/airflow/example_dags/tutorial_taskflow_api.py for tasks to queue
[2024-10-02T02:08:09.350+0000] {logging_mixin.py:151} INFO - [2024-10-02T02:08:09.350+0000] {dagbag.py:539} INFO - Filling up the DagBag from /home/airflow/.local/lib/python3.8/site-packages/airflow/example_dags/tutorial_taskflow_api.py
[2024-10-02T02:08:09.365+0000] {processor.py:839} INFO - DAG(s) dict_keys(['tutorial_taskflow_api']) retrieved from /home/airflow/.local/lib/python3.8/site-packages/airflow/example_dags/tutorial_taskflow_api.py
[2024-10-02T02:08:09.403+0000] {logging_mixin.py:151} INFO - [2024-10-02T02:08:09.403+0000] {dag.py:2915} INFO - Sync 1 DAGs
[2024-10-02T02:08:09.421+0000] {logging_mixin.py:151} INFO - [2024-10-02T02:08:09.421+0000] {dag.py:3696} INFO - Setting next_dagrun for tutorial_taskflow_api to None, run_after=None
[2024-10-02T02:08:09.447+0000] {processor.py:179} INFO - Processing /home/airflow/.local/lib/python3.8/site-packages/airflow/example_dags/tutorial_taskflow_api.py took 0.110 seconds
[2024-10-02T02:08:39.618+0000] {processor.py:157} INFO - Started process (PID=272) to work on /home/airflow/.local/lib/python3.8/site-packages/airflow/example_dags/tutorial_taskflow_api.py
[2024-10-02T02:08:39.622+0000] {processor.py:829} INFO - Processing file /home/airflow/.local/lib/python3.8/site-packages/airflow/example_dags/tutorial_taskflow_api.py for tasks to queue
[2024-10-02T02:08:39.627+0000] {logging_mixin.py:151} INFO - [2024-10-02T02:08:39.626+0000] {dagbag.py:539} INFO - Filling up the DagBag from /home/airflow/.local/lib/python3.8/site-packages/airflow/example_dags/tutorial_taskflow_api.py
[2024-10-02T02:08:39.642+0000] {processor.py:839} INFO - DAG(s) dict_keys(['tutorial_taskflow_api']) retrieved from /home/airflow/.local/lib/python3.8/site-packages/airflow/example_dags/tutorial_taskflow_api.py
[2024-10-02T02:08:39.680+0000] {logging_mixin.py:151} INFO - [2024-10-02T02:08:39.680+0000] {dag.py:2915} INFO - Sync 1 DAGs
[2024-10-02T02:08:39.698+0000] {logging_mixin.py:151} INFO - [2024-10-02T02:08:39.697+0000] {dag.py:3696} INFO - Setting next_dagrun for tutorial_taskflow_api to None, run_after=None
[2024-10-02T02:08:39.723+0000] {processor.py:179} INFO - Processing /home/airflow/.local/lib/python3.8/site-packages/airflow/example_dags/tutorial_taskflow_api.py took 0.110 seconds
[2024-10-02T02:09:10.360+0000] {processor.py:157} INFO - Started process (PID=320) to work on /home/airflow/.local/lib/python3.8/site-packages/airflow/example_dags/tutorial_taskflow_api.py
[2024-10-02T02:09:10.363+0000] {processor.py:829} INFO - Processing file /home/airflow/.local/lib/python3.8/site-packages/airflow/example_dags/tutorial_taskflow_api.py for tasks to queue
[2024-10-02T02:09:10.367+0000] {logging_mixin.py:151} INFO - [2024-10-02T02:09:10.366+0000] {dagbag.py:539} INFO - Filling up the DagBag from /home/airflow/.local/lib/python3.8/site-packages/airflow/example_dags/tutorial_taskflow_api.py
[2024-10-02T02:09:10.384+0000] {processor.py:839} INFO - DAG(s) dict_keys(['tutorial_taskflow_api']) retrieved from /home/airflow/.local/lib/python3.8/site-packages/airflow/example_dags/tutorial_taskflow_api.py
[2024-10-02T02:09:10.414+0000] {logging_mixin.py:151} INFO - [2024-10-02T02:09:10.414+0000] {dag.py:2915} INFO - Sync 1 DAGs
[2024-10-02T02:09:10.429+0000] {logging_mixin.py:151} INFO - [2024-10-02T02:09:10.428+0000] {dag.py:3696} INFO - Setting next_dagrun for tutorial_taskflow_api to None, run_after=None
[2024-10-02T02:09:10.450+0000] {processor.py:179} INFO - Processing /home/airflow/.local/lib/python3.8/site-packages/airflow/example_dags/tutorial_taskflow_api.py took 0.093 seconds
[2024-10-02T02:09:41.236+0000] {processor.py:157} INFO - Started process (PID=368) to work on /home/airflow/.local/lib/python3.8/site-packages/airflow/example_dags/tutorial_taskflow_api.py
[2024-10-02T02:09:41.240+0000] {processor.py:829} INFO - Processing file /home/airflow/.local/lib/python3.8/site-packages/airflow/example_dags/tutorial_taskflow_api.py for tasks to queue
[2024-10-02T02:09:41.248+0000] {logging_mixin.py:151} INFO - [2024-10-02T02:09:41.247+0000] {dagbag.py:539} INFO - Filling up the DagBag from /home/airflow/.local/lib/python3.8/site-packages/airflow/example_dags/tutorial_taskflow_api.py
[2024-10-02T02:09:41.263+0000] {processor.py:839} INFO - DAG(s) dict_keys(['tutorial_taskflow_api']) retrieved from /home/airflow/.local/lib/python3.8/site-packages/airflow/example_dags/tutorial_taskflow_api.py
[2024-10-02T02:09:41.304+0000] {logging_mixin.py:151} INFO - [2024-10-02T02:09:41.304+0000] {dag.py:2915} INFO - Sync 1 DAGs
[2024-10-02T02:09:41.319+0000] {logging_mixin.py:151} INFO - [2024-10-02T02:09:41.319+0000] {dag.py:3696} INFO - Setting next_dagrun for tutorial_taskflow_api to None, run_after=None
[2024-10-02T02:09:41.339+0000] {processor.py:179} INFO - Processing /home/airflow/.local/lib/python3.8/site-packages/airflow/example_dags/tutorial_taskflow_api.py took 0.108 seconds
[2024-10-02T02:10:12.094+0000] {processor.py:157} INFO - Started process (PID=416) to work on /home/airflow/.local/lib/python3.8/site-packages/airflow/example_dags/tutorial_taskflow_api.py
[2024-10-02T02:10:12.098+0000] {processor.py:829} INFO - Processing file /home/airflow/.local/lib/python3.8/site-packages/airflow/example_dags/tutorial_taskflow_api.py for tasks to queue
[2024-10-02T02:10:12.103+0000] {logging_mixin.py:151} INFO - [2024-10-02T02:10:12.102+0000] {dagbag.py:539} INFO - Filling up the DagBag from /home/airflow/.local/lib/python3.8/site-packages/airflow/example_dags/tutorial_taskflow_api.py
[2024-10-02T02:10:12.118+0000] {processor.py:839} INFO - DAG(s) dict_keys(['tutorial_taskflow_api']) retrieved from /home/airflow/.local/lib/python3.8/site-packages/airflow/example_dags/tutorial_taskflow_api.py
[2024-10-02T02:10:12.155+0000] {logging_mixin.py:151} INFO - [2024-10-02T02:10:12.155+0000] {dag.py:2915} INFO - Sync 1 DAGs
[2024-10-02T02:10:12.174+0000] {logging_mixin.py:151} INFO - [2024-10-02T02:10:12.173+0000] {dag.py:3696} INFO - Setting next_dagrun for tutorial_taskflow_api to None, run_after=None
[2024-10-02T02:10:12.199+0000] {processor.py:179} INFO - Processing /home/airflow/.local/lib/python3.8/site-packages/airflow/example_dags/tutorial_taskflow_api.py took 0.110 seconds
