[2024-10-02T01:32:18.160+0000] {processor.py:157} INFO - Started process (PID=70) to work on /home/airflow/.local/lib/python3.8/site-packages/airflow/example_dags/tutorial_dag.py
[2024-10-02T01:32:18.162+0000] {processor.py:829} INFO - Processing file /home/airflow/.local/lib/python3.8/site-packages/airflow/example_dags/tutorial_dag.py for tasks to queue
[2024-10-02T01:32:18.165+0000] {logging_mixin.py:151} INFO - [2024-10-02T01:32:18.164+0000] {dagbag.py:539} INFO - Filling up the DagBag from /home/airflow/.local/lib/python3.8/site-packages/airflow/example_dags/tutorial_dag.py
[2024-10-02T01:32:18.182+0000] {processor.py:839} INFO - DAG(s) dict_keys(['tutorial_dag']) retrieved from /home/airflow/.local/lib/python3.8/site-packages/airflow/example_dags/tutorial_dag.py
[2024-10-02T01:32:18.315+0000] {logging_mixin.py:151} INFO - [2024-10-02T01:32:18.315+0000] {manager.py:499} INFO - Created Permission View: %s
[2024-10-02T01:32:18.328+0000] {logging_mixin.py:151} INFO - [2024-10-02T01:32:18.328+0000] {manager.py:499} INFO - Created Permission View: %s
[2024-10-02T01:32:18.339+0000] {logging_mixin.py:151} INFO - [2024-10-02T01:32:18.338+0000] {manager.py:499} INFO - Created Permission View: %s
[2024-10-02T01:32:18.340+0000] {logging_mixin.py:151} INFO - [2024-10-02T01:32:18.340+0000] {security.py:708} INFO - Not syncing DAG-level permissions for DAG 'DAG:tutorial_dag' as access control is unset.
[2024-10-02T01:32:18.342+0000] {logging_mixin.py:151} INFO - [2024-10-02T01:32:18.342+0000] {dag.py:2915} INFO - Sync 1 DAGs
[2024-10-02T01:32:18.356+0000] {logging_mixin.py:151} INFO - [2024-10-02T01:32:18.356+0000] {dag.py:2937} INFO - Creating ORM DAG for tutorial_dag
[2024-10-02T01:32:18.357+0000] {logging_mixin.py:151} INFO - [2024-10-02T01:32:18.357+0000] {dag.py:3696} INFO - Setting next_dagrun for tutorial_dag to None, run_after=None
[2024-10-02T01:32:18.376+0000] {processor.py:179} INFO - Processing /home/airflow/.local/lib/python3.8/site-packages/airflow/example_dags/tutorial_dag.py took 0.220 seconds
[2024-10-02T01:32:49.144+0000] {processor.py:157} INFO - Started process (PID=118) to work on /home/airflow/.local/lib/python3.8/site-packages/airflow/example_dags/tutorial_dag.py
[2024-10-02T01:32:49.151+0000] {processor.py:829} INFO - Processing file /home/airflow/.local/lib/python3.8/site-packages/airflow/example_dags/tutorial_dag.py for tasks to queue
[2024-10-02T01:32:49.157+0000] {logging_mixin.py:151} INFO - [2024-10-02T01:32:49.157+0000] {dagbag.py:539} INFO - Filling up the DagBag from /home/airflow/.local/lib/python3.8/site-packages/airflow/example_dags/tutorial_dag.py
[2024-10-02T01:32:49.170+0000] {processor.py:839} INFO - DAG(s) dict_keys(['tutorial_dag']) retrieved from /home/airflow/.local/lib/python3.8/site-packages/airflow/example_dags/tutorial_dag.py
[2024-10-02T01:32:49.201+0000] {logging_mixin.py:151} INFO - [2024-10-02T01:32:49.201+0000] {dag.py:2915} INFO - Sync 1 DAGs
[2024-10-02T01:32:49.220+0000] {logging_mixin.py:151} INFO - [2024-10-02T01:32:49.220+0000] {dag.py:3696} INFO - Setting next_dagrun for tutorial_dag to None, run_after=None
[2024-10-02T01:32:49.248+0000] {processor.py:179} INFO - Processing /home/airflow/.local/lib/python3.8/site-packages/airflow/example_dags/tutorial_dag.py took 0.110 seconds
[2024-10-02T01:33:19.530+0000] {processor.py:157} INFO - Started process (PID=165) to work on /home/airflow/.local/lib/python3.8/site-packages/airflow/example_dags/tutorial_dag.py
[2024-10-02T01:33:19.533+0000] {processor.py:829} INFO - Processing file /home/airflow/.local/lib/python3.8/site-packages/airflow/example_dags/tutorial_dag.py for tasks to queue
[2024-10-02T01:33:19.536+0000] {logging_mixin.py:151} INFO - [2024-10-02T01:33:19.535+0000] {dagbag.py:539} INFO - Filling up the DagBag from /home/airflow/.local/lib/python3.8/site-packages/airflow/example_dags/tutorial_dag.py
[2024-10-02T01:33:19.548+0000] {processor.py:839} INFO - DAG(s) dict_keys(['tutorial_dag']) retrieved from /home/airflow/.local/lib/python3.8/site-packages/airflow/example_dags/tutorial_dag.py
[2024-10-02T01:33:19.592+0000] {logging_mixin.py:151} INFO - [2024-10-02T01:33:19.591+0000] {dag.py:2915} INFO - Sync 1 DAGs
[2024-10-02T01:33:19.606+0000] {logging_mixin.py:151} INFO - [2024-10-02T01:33:19.605+0000] {dag.py:3696} INFO - Setting next_dagrun for tutorial_dag to None, run_after=None
[2024-10-02T01:33:19.626+0000] {processor.py:179} INFO - Processing /home/airflow/.local/lib/python3.8/site-packages/airflow/example_dags/tutorial_dag.py took 0.102 seconds
[2024-10-02T01:33:50.413+0000] {processor.py:157} INFO - Started process (PID=214) to work on /home/airflow/.local/lib/python3.8/site-packages/airflow/example_dags/tutorial_dag.py
[2024-10-02T01:33:50.416+0000] {processor.py:829} INFO - Processing file /home/airflow/.local/lib/python3.8/site-packages/airflow/example_dags/tutorial_dag.py for tasks to queue
[2024-10-02T01:33:50.421+0000] {logging_mixin.py:151} INFO - [2024-10-02T01:33:50.420+0000] {dagbag.py:539} INFO - Filling up the DagBag from /home/airflow/.local/lib/python3.8/site-packages/airflow/example_dags/tutorial_dag.py
[2024-10-02T01:33:50.434+0000] {processor.py:839} INFO - DAG(s) dict_keys(['tutorial_dag']) retrieved from /home/airflow/.local/lib/python3.8/site-packages/airflow/example_dags/tutorial_dag.py
[2024-10-02T01:33:50.473+0000] {logging_mixin.py:151} INFO - [2024-10-02T01:33:50.473+0000] {dag.py:2915} INFO - Sync 1 DAGs
[2024-10-02T01:33:50.497+0000] {logging_mixin.py:151} INFO - [2024-10-02T01:33:50.496+0000] {dag.py:3696} INFO - Setting next_dagrun for tutorial_dag to None, run_after=None
[2024-10-02T01:33:50.533+0000] {processor.py:179} INFO - Processing /home/airflow/.local/lib/python3.8/site-packages/airflow/example_dags/tutorial_dag.py took 0.124 seconds
[2024-10-02T01:34:21.322+0000] {processor.py:157} INFO - Started process (PID=262) to work on /home/airflow/.local/lib/python3.8/site-packages/airflow/example_dags/tutorial_dag.py
[2024-10-02T01:34:21.327+0000] {processor.py:829} INFO - Processing file /home/airflow/.local/lib/python3.8/site-packages/airflow/example_dags/tutorial_dag.py for tasks to queue
[2024-10-02T01:34:21.334+0000] {logging_mixin.py:151} INFO - [2024-10-02T01:34:21.333+0000] {dagbag.py:539} INFO - Filling up the DagBag from /home/airflow/.local/lib/python3.8/site-packages/airflow/example_dags/tutorial_dag.py
[2024-10-02T01:34:21.348+0000] {processor.py:839} INFO - DAG(s) dict_keys(['tutorial_dag']) retrieved from /home/airflow/.local/lib/python3.8/site-packages/airflow/example_dags/tutorial_dag.py
[2024-10-02T01:34:21.393+0000] {logging_mixin.py:151} INFO - [2024-10-02T01:34:21.392+0000] {dag.py:2915} INFO - Sync 1 DAGs
[2024-10-02T01:34:21.415+0000] {logging_mixin.py:151} INFO - [2024-10-02T01:34:21.415+0000] {dag.py:3696} INFO - Setting next_dagrun for tutorial_dag to None, run_after=None
[2024-10-02T01:34:21.458+0000] {processor.py:179} INFO - Processing /home/airflow/.local/lib/python3.8/site-packages/airflow/example_dags/tutorial_dag.py took 0.141 seconds
[2024-10-02T01:34:51.686+0000] {processor.py:157} INFO - Started process (PID=309) to work on /home/airflow/.local/lib/python3.8/site-packages/airflow/example_dags/tutorial_dag.py
[2024-10-02T01:34:51.692+0000] {processor.py:829} INFO - Processing file /home/airflow/.local/lib/python3.8/site-packages/airflow/example_dags/tutorial_dag.py for tasks to queue
[2024-10-02T01:34:51.697+0000] {logging_mixin.py:151} INFO - [2024-10-02T01:34:51.697+0000] {dagbag.py:539} INFO - Filling up the DagBag from /home/airflow/.local/lib/python3.8/site-packages/airflow/example_dags/tutorial_dag.py
[2024-10-02T01:34:51.715+0000] {processor.py:839} INFO - DAG(s) dict_keys(['tutorial_dag']) retrieved from /home/airflow/.local/lib/python3.8/site-packages/airflow/example_dags/tutorial_dag.py
[2024-10-02T01:34:51.762+0000] {logging_mixin.py:151} INFO - [2024-10-02T01:34:51.762+0000] {dag.py:2915} INFO - Sync 1 DAGs
[2024-10-02T01:34:51.789+0000] {logging_mixin.py:151} INFO - [2024-10-02T01:34:51.789+0000] {dag.py:3696} INFO - Setting next_dagrun for tutorial_dag to None, run_after=None
[2024-10-02T01:34:51.830+0000] {processor.py:179} INFO - Processing /home/airflow/.local/lib/python3.8/site-packages/airflow/example_dags/tutorial_dag.py took 0.152 seconds
[2024-10-02T01:35:22.031+0000] {processor.py:157} INFO - Started process (PID=357) to work on /home/airflow/.local/lib/python3.8/site-packages/airflow/example_dags/tutorial_dag.py
[2024-10-02T01:35:22.035+0000] {processor.py:829} INFO - Processing file /home/airflow/.local/lib/python3.8/site-packages/airflow/example_dags/tutorial_dag.py for tasks to queue
[2024-10-02T01:35:22.043+0000] {logging_mixin.py:151} INFO - [2024-10-02T01:35:22.042+0000] {dagbag.py:539} INFO - Filling up the DagBag from /home/airflow/.local/lib/python3.8/site-packages/airflow/example_dags/tutorial_dag.py
[2024-10-02T01:35:22.066+0000] {processor.py:839} INFO - DAG(s) dict_keys(['tutorial_dag']) retrieved from /home/airflow/.local/lib/python3.8/site-packages/airflow/example_dags/tutorial_dag.py
[2024-10-02T01:35:22.109+0000] {logging_mixin.py:151} INFO - [2024-10-02T01:35:22.109+0000] {dag.py:2915} INFO - Sync 1 DAGs
[2024-10-02T01:35:22.188+0000] {logging_mixin.py:151} INFO - [2024-10-02T01:35:22.188+0000] {dag.py:3696} INFO - Setting next_dagrun for tutorial_dag to None, run_after=None
[2024-10-02T01:35:22.231+0000] {processor.py:179} INFO - Processing /home/airflow/.local/lib/python3.8/site-packages/airflow/example_dags/tutorial_dag.py took 0.213 seconds
[2024-10-02T01:35:53.031+0000] {processor.py:157} INFO - Started process (PID=405) to work on /home/airflow/.local/lib/python3.8/site-packages/airflow/example_dags/tutorial_dag.py
[2024-10-02T01:35:53.033+0000] {processor.py:829} INFO - Processing file /home/airflow/.local/lib/python3.8/site-packages/airflow/example_dags/tutorial_dag.py for tasks to queue
[2024-10-02T01:35:53.037+0000] {logging_mixin.py:151} INFO - [2024-10-02T01:35:53.037+0000] {dagbag.py:539} INFO - Filling up the DagBag from /home/airflow/.local/lib/python3.8/site-packages/airflow/example_dags/tutorial_dag.py
[2024-10-02T01:35:53.051+0000] {processor.py:839} INFO - DAG(s) dict_keys(['tutorial_dag']) retrieved from /home/airflow/.local/lib/python3.8/site-packages/airflow/example_dags/tutorial_dag.py
[2024-10-02T01:35:53.100+0000] {logging_mixin.py:151} INFO - [2024-10-02T01:35:53.100+0000] {dag.py:2915} INFO - Sync 1 DAGs
[2024-10-02T01:35:53.116+0000] {logging_mixin.py:151} INFO - [2024-10-02T01:35:53.116+0000] {dag.py:3696} INFO - Setting next_dagrun for tutorial_dag to None, run_after=None
[2024-10-02T01:35:53.158+0000] {processor.py:179} INFO - Processing /home/airflow/.local/lib/python3.8/site-packages/airflow/example_dags/tutorial_dag.py took 0.131 seconds
[2024-10-02T01:36:23.956+0000] {processor.py:157} INFO - Started process (PID=453) to work on /home/airflow/.local/lib/python3.8/site-packages/airflow/example_dags/tutorial_dag.py
[2024-10-02T01:36:23.958+0000] {processor.py:829} INFO - Processing file /home/airflow/.local/lib/python3.8/site-packages/airflow/example_dags/tutorial_dag.py for tasks to queue
[2024-10-02T01:36:23.965+0000] {logging_mixin.py:151} INFO - [2024-10-02T01:36:23.964+0000] {dagbag.py:539} INFO - Filling up the DagBag from /home/airflow/.local/lib/python3.8/site-packages/airflow/example_dags/tutorial_dag.py
[2024-10-02T01:36:23.984+0000] {processor.py:839} INFO - DAG(s) dict_keys(['tutorial_dag']) retrieved from /home/airflow/.local/lib/python3.8/site-packages/airflow/example_dags/tutorial_dag.py
[2024-10-02T01:36:24.016+0000] {logging_mixin.py:151} INFO - [2024-10-02T01:36:24.016+0000] {dag.py:2915} INFO - Sync 1 DAGs
[2024-10-02T01:36:24.037+0000] {logging_mixin.py:151} INFO - [2024-10-02T01:36:24.037+0000] {dag.py:3696} INFO - Setting next_dagrun for tutorial_dag to None, run_after=None
[2024-10-02T01:36:24.068+0000] {processor.py:179} INFO - Processing /home/airflow/.local/lib/python3.8/site-packages/airflow/example_dags/tutorial_dag.py took 0.116 seconds
[2024-10-02T01:36:55.008+0000] {processor.py:157} INFO - Started process (PID=501) to work on /home/airflow/.local/lib/python3.8/site-packages/airflow/example_dags/tutorial_dag.py
[2024-10-02T01:36:55.011+0000] {processor.py:829} INFO - Processing file /home/airflow/.local/lib/python3.8/site-packages/airflow/example_dags/tutorial_dag.py for tasks to queue
[2024-10-02T01:36:55.018+0000] {logging_mixin.py:151} INFO - [2024-10-02T01:36:55.017+0000] {dagbag.py:539} INFO - Filling up the DagBag from /home/airflow/.local/lib/python3.8/site-packages/airflow/example_dags/tutorial_dag.py
[2024-10-02T01:36:55.034+0000] {processor.py:839} INFO - DAG(s) dict_keys(['tutorial_dag']) retrieved from /home/airflow/.local/lib/python3.8/site-packages/airflow/example_dags/tutorial_dag.py
[2024-10-02T01:36:55.075+0000] {logging_mixin.py:151} INFO - [2024-10-02T01:36:55.075+0000] {dag.py:2915} INFO - Sync 1 DAGs
[2024-10-02T01:36:55.093+0000] {logging_mixin.py:151} INFO - [2024-10-02T01:36:55.093+0000] {dag.py:3696} INFO - Setting next_dagrun for tutorial_dag to None, run_after=None
[2024-10-02T01:36:55.127+0000] {processor.py:179} INFO - Processing /home/airflow/.local/lib/python3.8/site-packages/airflow/example_dags/tutorial_dag.py took 0.124 seconds
[2024-10-02T01:37:25.179+0000] {processor.py:157} INFO - Started process (PID=548) to work on /home/airflow/.local/lib/python3.8/site-packages/airflow/example_dags/tutorial_dag.py
[2024-10-02T01:37:25.181+0000] {processor.py:829} INFO - Processing file /home/airflow/.local/lib/python3.8/site-packages/airflow/example_dags/tutorial_dag.py for tasks to queue
[2024-10-02T01:37:25.185+0000] {logging_mixin.py:151} INFO - [2024-10-02T01:37:25.184+0000] {dagbag.py:539} INFO - Filling up the DagBag from /home/airflow/.local/lib/python3.8/site-packages/airflow/example_dags/tutorial_dag.py
[2024-10-02T01:37:25.199+0000] {processor.py:839} INFO - DAG(s) dict_keys(['tutorial_dag']) retrieved from /home/airflow/.local/lib/python3.8/site-packages/airflow/example_dags/tutorial_dag.py
[2024-10-02T01:37:25.244+0000] {logging_mixin.py:151} INFO - [2024-10-02T01:37:25.243+0000] {dag.py:2915} INFO - Sync 1 DAGs
[2024-10-02T01:37:25.263+0000] {logging_mixin.py:151} INFO - [2024-10-02T01:37:25.263+0000] {dag.py:3696} INFO - Setting next_dagrun for tutorial_dag to None, run_after=None
[2024-10-02T01:37:25.293+0000] {processor.py:179} INFO - Processing /home/airflow/.local/lib/python3.8/site-packages/airflow/example_dags/tutorial_dag.py took 0.117 seconds
[2024-10-02T01:37:55.880+0000] {processor.py:157} INFO - Started process (PID=597) to work on /home/airflow/.local/lib/python3.8/site-packages/airflow/example_dags/tutorial_dag.py
[2024-10-02T01:37:55.885+0000] {processor.py:829} INFO - Processing file /home/airflow/.local/lib/python3.8/site-packages/airflow/example_dags/tutorial_dag.py for tasks to queue
[2024-10-02T01:37:55.892+0000] {logging_mixin.py:151} INFO - [2024-10-02T01:37:55.891+0000] {dagbag.py:539} INFO - Filling up the DagBag from /home/airflow/.local/lib/python3.8/site-packages/airflow/example_dags/tutorial_dag.py
[2024-10-02T01:37:55.916+0000] {processor.py:839} INFO - DAG(s) dict_keys(['tutorial_dag']) retrieved from /home/airflow/.local/lib/python3.8/site-packages/airflow/example_dags/tutorial_dag.py
[2024-10-02T01:37:55.957+0000] {logging_mixin.py:151} INFO - [2024-10-02T01:37:55.957+0000] {dag.py:2915} INFO - Sync 1 DAGs
[2024-10-02T01:37:55.974+0000] {logging_mixin.py:151} INFO - [2024-10-02T01:37:55.974+0000] {dag.py:3696} INFO - Setting next_dagrun for tutorial_dag to None, run_after=None
[2024-10-02T01:37:56.011+0000] {processor.py:179} INFO - Processing /home/airflow/.local/lib/python3.8/site-packages/airflow/example_dags/tutorial_dag.py took 0.136 seconds
[2024-10-02T01:38:26.506+0000] {processor.py:157} INFO - Started process (PID=645) to work on /home/airflow/.local/lib/python3.8/site-packages/airflow/example_dags/tutorial_dag.py
[2024-10-02T01:38:26.509+0000] {processor.py:829} INFO - Processing file /home/airflow/.local/lib/python3.8/site-packages/airflow/example_dags/tutorial_dag.py for tasks to queue
[2024-10-02T01:38:26.514+0000] {logging_mixin.py:151} INFO - [2024-10-02T01:38:26.513+0000] {dagbag.py:539} INFO - Filling up the DagBag from /home/airflow/.local/lib/python3.8/site-packages/airflow/example_dags/tutorial_dag.py
[2024-10-02T01:38:26.527+0000] {processor.py:839} INFO - DAG(s) dict_keys(['tutorial_dag']) retrieved from /home/airflow/.local/lib/python3.8/site-packages/airflow/example_dags/tutorial_dag.py
[2024-10-02T01:38:26.580+0000] {logging_mixin.py:151} INFO - [2024-10-02T01:38:26.579+0000] {dag.py:2915} INFO - Sync 1 DAGs
[2024-10-02T01:38:26.600+0000] {logging_mixin.py:151} INFO - [2024-10-02T01:38:26.600+0000] {dag.py:3696} INFO - Setting next_dagrun for tutorial_dag to None, run_after=None
[2024-10-02T01:38:26.649+0000] {processor.py:179} INFO - Processing /home/airflow/.local/lib/python3.8/site-packages/airflow/example_dags/tutorial_dag.py took 0.147 seconds
[2024-10-02T01:38:57.677+0000] {processor.py:157} INFO - Started process (PID=693) to work on /home/airflow/.local/lib/python3.8/site-packages/airflow/example_dags/tutorial_dag.py
[2024-10-02T01:38:57.685+0000] {processor.py:829} INFO - Processing file /home/airflow/.local/lib/python3.8/site-packages/airflow/example_dags/tutorial_dag.py for tasks to queue
[2024-10-02T01:38:57.691+0000] {logging_mixin.py:151} INFO - [2024-10-02T01:38:57.690+0000] {dagbag.py:539} INFO - Filling up the DagBag from /home/airflow/.local/lib/python3.8/site-packages/airflow/example_dags/tutorial_dag.py
[2024-10-02T01:38:57.707+0000] {processor.py:839} INFO - DAG(s) dict_keys(['tutorial_dag']) retrieved from /home/airflow/.local/lib/python3.8/site-packages/airflow/example_dags/tutorial_dag.py
[2024-10-02T01:38:57.745+0000] {logging_mixin.py:151} INFO - [2024-10-02T01:38:57.745+0000] {dag.py:2915} INFO - Sync 1 DAGs
[2024-10-02T01:38:57.771+0000] {logging_mixin.py:151} INFO - [2024-10-02T01:38:57.771+0000] {dag.py:3696} INFO - Setting next_dagrun for tutorial_dag to None, run_after=None
[2024-10-02T01:38:57.801+0000] {processor.py:179} INFO - Processing /home/airflow/.local/lib/python3.8/site-packages/airflow/example_dags/tutorial_dag.py took 0.130 seconds
[2024-10-02T01:39:28.825+0000] {processor.py:157} INFO - Started process (PID=741) to work on /home/airflow/.local/lib/python3.8/site-packages/airflow/example_dags/tutorial_dag.py
[2024-10-02T01:39:28.829+0000] {processor.py:829} INFO - Processing file /home/airflow/.local/lib/python3.8/site-packages/airflow/example_dags/tutorial_dag.py for tasks to queue
[2024-10-02T01:39:28.838+0000] {logging_mixin.py:151} INFO - [2024-10-02T01:39:28.837+0000] {dagbag.py:539} INFO - Filling up the DagBag from /home/airflow/.local/lib/python3.8/site-packages/airflow/example_dags/tutorial_dag.py
[2024-10-02T01:39:28.866+0000] {processor.py:839} INFO - DAG(s) dict_keys(['tutorial_dag']) retrieved from /home/airflow/.local/lib/python3.8/site-packages/airflow/example_dags/tutorial_dag.py
[2024-10-02T01:39:28.925+0000] {logging_mixin.py:151} INFO - [2024-10-02T01:39:28.924+0000] {dag.py:2915} INFO - Sync 1 DAGs
[2024-10-02T01:39:28.952+0000] {logging_mixin.py:151} INFO - [2024-10-02T01:39:28.952+0000] {dag.py:3696} INFO - Setting next_dagrun for tutorial_dag to None, run_after=None
[2024-10-02T01:39:29.001+0000] {processor.py:179} INFO - Processing /home/airflow/.local/lib/python3.8/site-packages/airflow/example_dags/tutorial_dag.py took 0.182 seconds
[2024-10-02T01:45:39.810+0000] {processor.py:157} INFO - Started process (PID=70) to work on /home/airflow/.local/lib/python3.8/site-packages/airflow/example_dags/tutorial_dag.py
[2024-10-02T01:45:39.818+0000] {processor.py:829} INFO - Processing file /home/airflow/.local/lib/python3.8/site-packages/airflow/example_dags/tutorial_dag.py for tasks to queue
[2024-10-02T01:45:39.824+0000] {logging_mixin.py:151} INFO - [2024-10-02T01:45:39.824+0000] {dagbag.py:539} INFO - Filling up the DagBag from /home/airflow/.local/lib/python3.8/site-packages/airflow/example_dags/tutorial_dag.py
[2024-10-02T01:45:39.838+0000] {processor.py:839} INFO - DAG(s) dict_keys(['tutorial_dag']) retrieved from /home/airflow/.local/lib/python3.8/site-packages/airflow/example_dags/tutorial_dag.py
[2024-10-02T01:45:40.015+0000] {logging_mixin.py:151} INFO - [2024-10-02T01:45:40.015+0000] {manager.py:499} INFO - Created Permission View: %s
[2024-10-02T01:45:40.035+0000] {logging_mixin.py:151} INFO - [2024-10-02T01:45:40.035+0000] {manager.py:499} INFO - Created Permission View: %s
[2024-10-02T01:45:40.050+0000] {logging_mixin.py:151} INFO - [2024-10-02T01:45:40.049+0000] {manager.py:499} INFO - Created Permission View: %s
[2024-10-02T01:45:40.052+0000] {logging_mixin.py:151} INFO - [2024-10-02T01:45:40.051+0000] {security.py:708} INFO - Not syncing DAG-level permissions for DAG 'DAG:tutorial_dag' as access control is unset.
[2024-10-02T01:45:40.054+0000] {logging_mixin.py:151} INFO - [2024-10-02T01:45:40.053+0000] {dag.py:2915} INFO - Sync 1 DAGs
[2024-10-02T01:45:40.072+0000] {logging_mixin.py:151} INFO - [2024-10-02T01:45:40.072+0000] {dag.py:2937} INFO - Creating ORM DAG for tutorial_dag
[2024-10-02T01:45:40.076+0000] {logging_mixin.py:151} INFO - [2024-10-02T01:45:40.076+0000] {dag.py:3696} INFO - Setting next_dagrun for tutorial_dag to None, run_after=None
[2024-10-02T01:45:40.105+0000] {processor.py:179} INFO - Processing /home/airflow/.local/lib/python3.8/site-packages/airflow/example_dags/tutorial_dag.py took 0.412 seconds
[2024-10-02T01:46:10.940+0000] {processor.py:157} INFO - Started process (PID=118) to work on /home/airflow/.local/lib/python3.8/site-packages/airflow/example_dags/tutorial_dag.py
[2024-10-02T01:46:10.943+0000] {processor.py:829} INFO - Processing file /home/airflow/.local/lib/python3.8/site-packages/airflow/example_dags/tutorial_dag.py for tasks to queue
[2024-10-02T01:46:10.948+0000] {logging_mixin.py:151} INFO - [2024-10-02T01:46:10.948+0000] {dagbag.py:539} INFO - Filling up the DagBag from /home/airflow/.local/lib/python3.8/site-packages/airflow/example_dags/tutorial_dag.py
[2024-10-02T01:46:10.961+0000] {processor.py:839} INFO - DAG(s) dict_keys(['tutorial_dag']) retrieved from /home/airflow/.local/lib/python3.8/site-packages/airflow/example_dags/tutorial_dag.py
[2024-10-02T01:46:11.012+0000] {logging_mixin.py:151} INFO - [2024-10-02T01:46:11.012+0000] {dag.py:2915} INFO - Sync 1 DAGs
[2024-10-02T01:46:11.066+0000] {logging_mixin.py:151} INFO - [2024-10-02T01:46:11.066+0000] {dag.py:3696} INFO - Setting next_dagrun for tutorial_dag to None, run_after=None
[2024-10-02T01:46:11.132+0000] {processor.py:179} INFO - Processing /home/airflow/.local/lib/python3.8/site-packages/airflow/example_dags/tutorial_dag.py took 0.195 seconds
[2024-10-02T01:47:06.096+0000] {processor.py:157} INFO - Started process (PID=70) to work on /home/airflow/.local/lib/python3.8/site-packages/airflow/example_dags/tutorial_dag.py
[2024-10-02T01:47:06.103+0000] {processor.py:829} INFO - Processing file /home/airflow/.local/lib/python3.8/site-packages/airflow/example_dags/tutorial_dag.py for tasks to queue
[2024-10-02T01:47:06.107+0000] {logging_mixin.py:151} INFO - [2024-10-02T01:47:06.107+0000] {dagbag.py:539} INFO - Filling up the DagBag from /home/airflow/.local/lib/python3.8/site-packages/airflow/example_dags/tutorial_dag.py
[2024-10-02T01:47:06.126+0000] {processor.py:839} INFO - DAG(s) dict_keys(['tutorial_dag']) retrieved from /home/airflow/.local/lib/python3.8/site-packages/airflow/example_dags/tutorial_dag.py
[2024-10-02T01:47:06.152+0000] {logging_mixin.py:151} INFO - [2024-10-02T01:47:06.152+0000] {dag.py:2915} INFO - Sync 1 DAGs
[2024-10-02T01:47:06.172+0000] {logging_mixin.py:151} INFO - [2024-10-02T01:47:06.172+0000] {dag.py:3696} INFO - Setting next_dagrun for tutorial_dag to None, run_after=None
[2024-10-02T01:47:06.208+0000] {processor.py:179} INFO - Processing /home/airflow/.local/lib/python3.8/site-packages/airflow/example_dags/tutorial_dag.py took 0.116 seconds
[2024-10-02T01:47:36.996+0000] {processor.py:157} INFO - Started process (PID=118) to work on /home/airflow/.local/lib/python3.8/site-packages/airflow/example_dags/tutorial_dag.py
[2024-10-02T01:47:37.000+0000] {processor.py:829} INFO - Processing file /home/airflow/.local/lib/python3.8/site-packages/airflow/example_dags/tutorial_dag.py for tasks to queue
[2024-10-02T01:47:37.005+0000] {logging_mixin.py:151} INFO - [2024-10-02T01:47:37.005+0000] {dagbag.py:539} INFO - Filling up the DagBag from /home/airflow/.local/lib/python3.8/site-packages/airflow/example_dags/tutorial_dag.py
[2024-10-02T01:47:37.022+0000] {processor.py:839} INFO - DAG(s) dict_keys(['tutorial_dag']) retrieved from /home/airflow/.local/lib/python3.8/site-packages/airflow/example_dags/tutorial_dag.py
[2024-10-02T01:47:37.102+0000] {logging_mixin.py:151} INFO - [2024-10-02T01:47:37.102+0000] {dag.py:2915} INFO - Sync 1 DAGs
[2024-10-02T01:47:37.251+0000] {logging_mixin.py:151} INFO - [2024-10-02T01:47:37.250+0000] {dag.py:3696} INFO - Setting next_dagrun for tutorial_dag to None, run_after=None
[2024-10-02T01:47:37.334+0000] {processor.py:179} INFO - Processing /home/airflow/.local/lib/python3.8/site-packages/airflow/example_dags/tutorial_dag.py took 0.342 seconds
[2024-10-02T01:48:34.159+0000] {processor.py:157} INFO - Started process (PID=70) to work on /home/airflow/.local/lib/python3.8/site-packages/airflow/example_dags/tutorial_dag.py
[2024-10-02T01:48:34.181+0000] {processor.py:829} INFO - Processing file /home/airflow/.local/lib/python3.8/site-packages/airflow/example_dags/tutorial_dag.py for tasks to queue
[2024-10-02T01:48:34.188+0000] {logging_mixin.py:151} INFO - [2024-10-02T01:48:34.187+0000] {dagbag.py:539} INFO - Filling up the DagBag from /home/airflow/.local/lib/python3.8/site-packages/airflow/example_dags/tutorial_dag.py
[2024-10-02T01:48:34.209+0000] {processor.py:839} INFO - DAG(s) dict_keys(['tutorial_dag']) retrieved from /home/airflow/.local/lib/python3.8/site-packages/airflow/example_dags/tutorial_dag.py
[2024-10-02T01:48:34.263+0000] {logging_mixin.py:151} INFO - [2024-10-02T01:48:34.263+0000] {dag.py:2915} INFO - Sync 1 DAGs
[2024-10-02T01:48:34.398+0000] {logging_mixin.py:151} INFO - [2024-10-02T01:48:34.396+0000] {dag.py:3696} INFO - Setting next_dagrun for tutorial_dag to None, run_after=None
[2024-10-02T01:48:34.710+0000] {processor.py:179} INFO - Processing /home/airflow/.local/lib/python3.8/site-packages/airflow/example_dags/tutorial_dag.py took 0.568 seconds
[2024-10-02T01:49:05.234+0000] {processor.py:157} INFO - Started process (PID=118) to work on /home/airflow/.local/lib/python3.8/site-packages/airflow/example_dags/tutorial_dag.py
[2024-10-02T01:49:05.237+0000] {processor.py:829} INFO - Processing file /home/airflow/.local/lib/python3.8/site-packages/airflow/example_dags/tutorial_dag.py for tasks to queue
[2024-10-02T01:49:05.241+0000] {logging_mixin.py:151} INFO - [2024-10-02T01:49:05.240+0000] {dagbag.py:539} INFO - Filling up the DagBag from /home/airflow/.local/lib/python3.8/site-packages/airflow/example_dags/tutorial_dag.py
[2024-10-02T01:49:05.256+0000] {processor.py:839} INFO - DAG(s) dict_keys(['tutorial_dag']) retrieved from /home/airflow/.local/lib/python3.8/site-packages/airflow/example_dags/tutorial_dag.py
[2024-10-02T01:49:05.290+0000] {logging_mixin.py:151} INFO - [2024-10-02T01:49:05.290+0000] {dag.py:2915} INFO - Sync 1 DAGs
[2024-10-02T01:49:05.307+0000] {logging_mixin.py:151} INFO - [2024-10-02T01:49:05.307+0000] {dag.py:3696} INFO - Setting next_dagrun for tutorial_dag to None, run_after=None
[2024-10-02T01:49:05.330+0000] {processor.py:179} INFO - Processing /home/airflow/.local/lib/python3.8/site-packages/airflow/example_dags/tutorial_dag.py took 0.101 seconds
[2024-10-02T01:49:35.891+0000] {processor.py:157} INFO - Started process (PID=166) to work on /home/airflow/.local/lib/python3.8/site-packages/airflow/example_dags/tutorial_dag.py
[2024-10-02T01:49:35.895+0000] {processor.py:829} INFO - Processing file /home/airflow/.local/lib/python3.8/site-packages/airflow/example_dags/tutorial_dag.py for tasks to queue
[2024-10-02T01:49:35.900+0000] {logging_mixin.py:151} INFO - [2024-10-02T01:49:35.900+0000] {dagbag.py:539} INFO - Filling up the DagBag from /home/airflow/.local/lib/python3.8/site-packages/airflow/example_dags/tutorial_dag.py
[2024-10-02T01:49:35.934+0000] {processor.py:839} INFO - DAG(s) dict_keys(['tutorial_dag']) retrieved from /home/airflow/.local/lib/python3.8/site-packages/airflow/example_dags/tutorial_dag.py
[2024-10-02T01:49:35.989+0000] {logging_mixin.py:151} INFO - [2024-10-02T01:49:35.988+0000] {dag.py:2915} INFO - Sync 1 DAGs
[2024-10-02T01:49:36.015+0000] {logging_mixin.py:151} INFO - [2024-10-02T01:49:36.015+0000] {dag.py:3696} INFO - Setting next_dagrun for tutorial_dag to None, run_after=None
[2024-10-02T01:49:36.055+0000] {processor.py:179} INFO - Processing /home/airflow/.local/lib/python3.8/site-packages/airflow/example_dags/tutorial_dag.py took 0.170 seconds
[2024-10-02T01:50:06.762+0000] {processor.py:157} INFO - Started process (PID=213) to work on /home/airflow/.local/lib/python3.8/site-packages/airflow/example_dags/tutorial_dag.py
[2024-10-02T01:50:06.764+0000] {processor.py:829} INFO - Processing file /home/airflow/.local/lib/python3.8/site-packages/airflow/example_dags/tutorial_dag.py for tasks to queue
[2024-10-02T01:50:06.768+0000] {logging_mixin.py:151} INFO - [2024-10-02T01:50:06.768+0000] {dagbag.py:539} INFO - Filling up the DagBag from /home/airflow/.local/lib/python3.8/site-packages/airflow/example_dags/tutorial_dag.py
[2024-10-02T01:50:06.781+0000] {processor.py:839} INFO - DAG(s) dict_keys(['tutorial_dag']) retrieved from /home/airflow/.local/lib/python3.8/site-packages/airflow/example_dags/tutorial_dag.py
[2024-10-02T01:50:06.835+0000] {logging_mixin.py:151} INFO - [2024-10-02T01:50:06.834+0000] {dag.py:2915} INFO - Sync 1 DAGs
[2024-10-02T01:50:06.889+0000] {logging_mixin.py:151} INFO - [2024-10-02T01:50:06.888+0000] {dag.py:3696} INFO - Setting next_dagrun for tutorial_dag to None, run_after=None
[2024-10-02T01:50:06.917+0000] {processor.py:179} INFO - Processing /home/airflow/.local/lib/python3.8/site-packages/airflow/example_dags/tutorial_dag.py took 0.160 seconds
[2024-10-02T01:50:37.588+0000] {processor.py:157} INFO - Started process (PID=262) to work on /home/airflow/.local/lib/python3.8/site-packages/airflow/example_dags/tutorial_dag.py
[2024-10-02T01:50:37.591+0000] {processor.py:829} INFO - Processing file /home/airflow/.local/lib/python3.8/site-packages/airflow/example_dags/tutorial_dag.py for tasks to queue
[2024-10-02T01:50:37.595+0000] {logging_mixin.py:151} INFO - [2024-10-02T01:50:37.595+0000] {dagbag.py:539} INFO - Filling up the DagBag from /home/airflow/.local/lib/python3.8/site-packages/airflow/example_dags/tutorial_dag.py
[2024-10-02T01:50:37.609+0000] {processor.py:839} INFO - DAG(s) dict_keys(['tutorial_dag']) retrieved from /home/airflow/.local/lib/python3.8/site-packages/airflow/example_dags/tutorial_dag.py
[2024-10-02T01:50:37.645+0000] {logging_mixin.py:151} INFO - [2024-10-02T01:50:37.645+0000] {dag.py:2915} INFO - Sync 1 DAGs
[2024-10-02T01:50:37.666+0000] {logging_mixin.py:151} INFO - [2024-10-02T01:50:37.666+0000] {dag.py:3696} INFO - Setting next_dagrun for tutorial_dag to None, run_after=None
[2024-10-02T01:50:37.693+0000] {processor.py:179} INFO - Processing /home/airflow/.local/lib/python3.8/site-packages/airflow/example_dags/tutorial_dag.py took 0.109 seconds
[2024-10-02T01:51:08.389+0000] {processor.py:157} INFO - Started process (PID=309) to work on /home/airflow/.local/lib/python3.8/site-packages/airflow/example_dags/tutorial_dag.py
[2024-10-02T01:51:08.392+0000] {processor.py:829} INFO - Processing file /home/airflow/.local/lib/python3.8/site-packages/airflow/example_dags/tutorial_dag.py for tasks to queue
[2024-10-02T01:51:08.399+0000] {logging_mixin.py:151} INFO - [2024-10-02T01:51:08.399+0000] {dagbag.py:539} INFO - Filling up the DagBag from /home/airflow/.local/lib/python3.8/site-packages/airflow/example_dags/tutorial_dag.py
[2024-10-02T01:51:08.414+0000] {processor.py:839} INFO - DAG(s) dict_keys(['tutorial_dag']) retrieved from /home/airflow/.local/lib/python3.8/site-packages/airflow/example_dags/tutorial_dag.py
[2024-10-02T01:51:08.455+0000] {logging_mixin.py:151} INFO - [2024-10-02T01:51:08.454+0000] {dag.py:2915} INFO - Sync 1 DAGs
[2024-10-02T01:51:08.471+0000] {logging_mixin.py:151} INFO - [2024-10-02T01:51:08.471+0000] {dag.py:3696} INFO - Setting next_dagrun for tutorial_dag to None, run_after=None
[2024-10-02T01:51:08.497+0000] {processor.py:179} INFO - Processing /home/airflow/.local/lib/python3.8/site-packages/airflow/example_dags/tutorial_dag.py took 0.113 seconds
[2024-10-02T01:51:38.585+0000] {processor.py:157} INFO - Started process (PID=357) to work on /home/airflow/.local/lib/python3.8/site-packages/airflow/example_dags/tutorial_dag.py
[2024-10-02T01:51:38.589+0000] {processor.py:829} INFO - Processing file /home/airflow/.local/lib/python3.8/site-packages/airflow/example_dags/tutorial_dag.py for tasks to queue
[2024-10-02T01:51:38.595+0000] {logging_mixin.py:151} INFO - [2024-10-02T01:51:38.595+0000] {dagbag.py:539} INFO - Filling up the DagBag from /home/airflow/.local/lib/python3.8/site-packages/airflow/example_dags/tutorial_dag.py
[2024-10-02T01:51:38.629+0000] {processor.py:839} INFO - DAG(s) dict_keys(['tutorial_dag']) retrieved from /home/airflow/.local/lib/python3.8/site-packages/airflow/example_dags/tutorial_dag.py
[2024-10-02T01:51:38.673+0000] {logging_mixin.py:151} INFO - [2024-10-02T01:51:38.672+0000] {dag.py:2915} INFO - Sync 1 DAGs
[2024-10-02T01:51:38.696+0000] {logging_mixin.py:151} INFO - [2024-10-02T01:51:38.696+0000] {dag.py:3696} INFO - Setting next_dagrun for tutorial_dag to None, run_after=None
[2024-10-02T01:51:38.722+0000] {processor.py:179} INFO - Processing /home/airflow/.local/lib/python3.8/site-packages/airflow/example_dags/tutorial_dag.py took 0.142 seconds
[2024-10-02T01:52:08.861+0000] {processor.py:157} INFO - Started process (PID=405) to work on /home/airflow/.local/lib/python3.8/site-packages/airflow/example_dags/tutorial_dag.py
[2024-10-02T01:52:08.865+0000] {processor.py:829} INFO - Processing file /home/airflow/.local/lib/python3.8/site-packages/airflow/example_dags/tutorial_dag.py for tasks to queue
[2024-10-02T01:52:08.868+0000] {logging_mixin.py:151} INFO - [2024-10-02T01:52:08.868+0000] {dagbag.py:539} INFO - Filling up the DagBag from /home/airflow/.local/lib/python3.8/site-packages/airflow/example_dags/tutorial_dag.py
[2024-10-02T01:52:08.880+0000] {processor.py:839} INFO - DAG(s) dict_keys(['tutorial_dag']) retrieved from /home/airflow/.local/lib/python3.8/site-packages/airflow/example_dags/tutorial_dag.py
[2024-10-02T01:52:08.915+0000] {logging_mixin.py:151} INFO - [2024-10-02T01:52:08.915+0000] {dag.py:2915} INFO - Sync 1 DAGs
[2024-10-02T01:52:08.935+0000] {logging_mixin.py:151} INFO - [2024-10-02T01:52:08.934+0000] {dag.py:3696} INFO - Setting next_dagrun for tutorial_dag to None, run_after=None
[2024-10-02T01:52:08.961+0000] {processor.py:179} INFO - Processing /home/airflow/.local/lib/python3.8/site-packages/airflow/example_dags/tutorial_dag.py took 0.104 seconds
[2024-10-02T01:52:39.646+0000] {processor.py:157} INFO - Started process (PID=453) to work on /home/airflow/.local/lib/python3.8/site-packages/airflow/example_dags/tutorial_dag.py
[2024-10-02T01:52:39.649+0000] {processor.py:829} INFO - Processing file /home/airflow/.local/lib/python3.8/site-packages/airflow/example_dags/tutorial_dag.py for tasks to queue
[2024-10-02T01:52:39.654+0000] {logging_mixin.py:151} INFO - [2024-10-02T01:52:39.653+0000] {dagbag.py:539} INFO - Filling up the DagBag from /home/airflow/.local/lib/python3.8/site-packages/airflow/example_dags/tutorial_dag.py
[2024-10-02T01:52:39.668+0000] {processor.py:839} INFO - DAG(s) dict_keys(['tutorial_dag']) retrieved from /home/airflow/.local/lib/python3.8/site-packages/airflow/example_dags/tutorial_dag.py
[2024-10-02T01:52:39.699+0000] {logging_mixin.py:151} INFO - [2024-10-02T01:52:39.699+0000] {dag.py:2915} INFO - Sync 1 DAGs
[2024-10-02T01:52:39.717+0000] {logging_mixin.py:151} INFO - [2024-10-02T01:52:39.716+0000] {dag.py:3696} INFO - Setting next_dagrun for tutorial_dag to None, run_after=None
[2024-10-02T01:52:39.743+0000] {processor.py:179} INFO - Processing /home/airflow/.local/lib/python3.8/site-packages/airflow/example_dags/tutorial_dag.py took 0.101 seconds
[2024-10-02T01:53:11.917+0000] {processor.py:157} INFO - Started process (PID=502) to work on /home/airflow/.local/lib/python3.8/site-packages/airflow/example_dags/tutorial_dag.py
[2024-10-02T01:53:11.922+0000] {processor.py:829} INFO - Processing file /home/airflow/.local/lib/python3.8/site-packages/airflow/example_dags/tutorial_dag.py for tasks to queue
[2024-10-02T01:53:11.931+0000] {logging_mixin.py:151} INFO - [2024-10-02T01:53:11.930+0000] {dagbag.py:539} INFO - Filling up the DagBag from /home/airflow/.local/lib/python3.8/site-packages/airflow/example_dags/tutorial_dag.py
[2024-10-02T01:53:11.945+0000] {processor.py:839} INFO - DAG(s) dict_keys(['tutorial_dag']) retrieved from /home/airflow/.local/lib/python3.8/site-packages/airflow/example_dags/tutorial_dag.py
[2024-10-02T01:53:11.982+0000] {logging_mixin.py:151} INFO - [2024-10-02T01:53:11.982+0000] {dag.py:2915} INFO - Sync 1 DAGs
[2024-10-02T01:53:11.997+0000] {logging_mixin.py:151} INFO - [2024-10-02T01:53:11.997+0000] {dag.py:3696} INFO - Setting next_dagrun for tutorial_dag to None, run_after=None
[2024-10-02T01:53:12.021+0000] {processor.py:179} INFO - Processing /home/airflow/.local/lib/python3.8/site-packages/airflow/example_dags/tutorial_dag.py took 0.108 seconds
[2024-10-02T01:53:42.222+0000] {processor.py:157} INFO - Started process (PID=550) to work on /home/airflow/.local/lib/python3.8/site-packages/airflow/example_dags/tutorial_dag.py
[2024-10-02T01:53:42.227+0000] {processor.py:829} INFO - Processing file /home/airflow/.local/lib/python3.8/site-packages/airflow/example_dags/tutorial_dag.py for tasks to queue
[2024-10-02T01:53:42.233+0000] {logging_mixin.py:151} INFO - [2024-10-02T01:53:42.232+0000] {dagbag.py:539} INFO - Filling up the DagBag from /home/airflow/.local/lib/python3.8/site-packages/airflow/example_dags/tutorial_dag.py
[2024-10-02T01:53:42.249+0000] {processor.py:839} INFO - DAG(s) dict_keys(['tutorial_dag']) retrieved from /home/airflow/.local/lib/python3.8/site-packages/airflow/example_dags/tutorial_dag.py
[2024-10-02T01:53:42.303+0000] {logging_mixin.py:151} INFO - [2024-10-02T01:53:42.303+0000] {dag.py:2915} INFO - Sync 1 DAGs
[2024-10-02T01:53:42.318+0000] {logging_mixin.py:151} INFO - [2024-10-02T01:53:42.318+0000] {dag.py:3696} INFO - Setting next_dagrun for tutorial_dag to None, run_after=None
[2024-10-02T01:53:42.345+0000] {processor.py:179} INFO - Processing /home/airflow/.local/lib/python3.8/site-packages/airflow/example_dags/tutorial_dag.py took 0.129 seconds
[2024-10-02T01:57:21.450+0000] {processor.py:157} INFO - Started process (PID=630) to work on /home/airflow/.local/lib/python3.8/site-packages/airflow/example_dags/tutorial_dag.py
[2024-10-02T01:57:21.454+0000] {processor.py:829} INFO - Processing file /home/airflow/.local/lib/python3.8/site-packages/airflow/example_dags/tutorial_dag.py for tasks to queue
[2024-10-02T01:57:21.460+0000] {logging_mixin.py:151} INFO - [2024-10-02T01:57:21.459+0000] {dagbag.py:539} INFO - Filling up the DagBag from /home/airflow/.local/lib/python3.8/site-packages/airflow/example_dags/tutorial_dag.py
[2024-10-02T01:57:21.476+0000] {processor.py:839} INFO - DAG(s) dict_keys(['tutorial_dag']) retrieved from /home/airflow/.local/lib/python3.8/site-packages/airflow/example_dags/tutorial_dag.py
[2024-10-02T01:57:21.509+0000] {logging_mixin.py:151} INFO - [2024-10-02T01:57:21.509+0000] {dag.py:2915} INFO - Sync 1 DAGs
[2024-10-02T01:57:21.528+0000] {logging_mixin.py:151} INFO - [2024-10-02T01:57:21.528+0000] {dag.py:3696} INFO - Setting next_dagrun for tutorial_dag to None, run_after=None
[2024-10-02T01:57:21.556+0000] {processor.py:179} INFO - Processing /home/airflow/.local/lib/python3.8/site-packages/airflow/example_dags/tutorial_dag.py took 0.110 seconds
[2024-10-02T01:57:53.659+0000] {processor.py:157} INFO - Started process (PID=678) to work on /home/airflow/.local/lib/python3.8/site-packages/airflow/example_dags/tutorial_dag.py
[2024-10-02T01:57:53.663+0000] {processor.py:829} INFO - Processing file /home/airflow/.local/lib/python3.8/site-packages/airflow/example_dags/tutorial_dag.py for tasks to queue
[2024-10-02T01:57:53.667+0000] {logging_mixin.py:151} INFO - [2024-10-02T01:57:53.666+0000] {dagbag.py:539} INFO - Filling up the DagBag from /home/airflow/.local/lib/python3.8/site-packages/airflow/example_dags/tutorial_dag.py
[2024-10-02T01:57:53.684+0000] {processor.py:839} INFO - DAG(s) dict_keys(['tutorial_dag']) retrieved from /home/airflow/.local/lib/python3.8/site-packages/airflow/example_dags/tutorial_dag.py
[2024-10-02T01:57:53.723+0000] {logging_mixin.py:151} INFO - [2024-10-02T01:57:53.722+0000] {dag.py:2915} INFO - Sync 1 DAGs
[2024-10-02T01:57:53.766+0000] {logging_mixin.py:151} INFO - [2024-10-02T01:57:53.766+0000] {dag.py:3696} INFO - Setting next_dagrun for tutorial_dag to None, run_after=None
[2024-10-02T01:57:53.815+0000] {processor.py:179} INFO - Processing /home/airflow/.local/lib/python3.8/site-packages/airflow/example_dags/tutorial_dag.py took 0.161 seconds
[2024-10-02T01:58:24.020+0000] {processor.py:157} INFO - Started process (PID=726) to work on /home/airflow/.local/lib/python3.8/site-packages/airflow/example_dags/tutorial_dag.py
[2024-10-02T01:58:24.023+0000] {processor.py:829} INFO - Processing file /home/airflow/.local/lib/python3.8/site-packages/airflow/example_dags/tutorial_dag.py for tasks to queue
[2024-10-02T01:58:24.028+0000] {logging_mixin.py:151} INFO - [2024-10-02T01:58:24.028+0000] {dagbag.py:539} INFO - Filling up the DagBag from /home/airflow/.local/lib/python3.8/site-packages/airflow/example_dags/tutorial_dag.py
[2024-10-02T01:58:24.048+0000] {processor.py:839} INFO - DAG(s) dict_keys(['tutorial_dag']) retrieved from /home/airflow/.local/lib/python3.8/site-packages/airflow/example_dags/tutorial_dag.py
[2024-10-02T01:58:24.082+0000] {logging_mixin.py:151} INFO - [2024-10-02T01:58:24.082+0000] {dag.py:2915} INFO - Sync 1 DAGs
[2024-10-02T01:58:24.097+0000] {logging_mixin.py:151} INFO - [2024-10-02T01:58:24.097+0000] {dag.py:3696} INFO - Setting next_dagrun for tutorial_dag to None, run_after=None
[2024-10-02T01:58:24.127+0000] {processor.py:179} INFO - Processing /home/airflow/.local/lib/python3.8/site-packages/airflow/example_dags/tutorial_dag.py took 0.112 seconds
[2024-10-02T01:58:54.187+0000] {processor.py:157} INFO - Started process (PID=773) to work on /home/airflow/.local/lib/python3.8/site-packages/airflow/example_dags/tutorial_dag.py
[2024-10-02T01:58:54.195+0000] {processor.py:829} INFO - Processing file /home/airflow/.local/lib/python3.8/site-packages/airflow/example_dags/tutorial_dag.py for tasks to queue
[2024-10-02T01:58:54.200+0000] {logging_mixin.py:151} INFO - [2024-10-02T01:58:54.199+0000] {dagbag.py:539} INFO - Filling up the DagBag from /home/airflow/.local/lib/python3.8/site-packages/airflow/example_dags/tutorial_dag.py
[2024-10-02T01:58:54.213+0000] {processor.py:839} INFO - DAG(s) dict_keys(['tutorial_dag']) retrieved from /home/airflow/.local/lib/python3.8/site-packages/airflow/example_dags/tutorial_dag.py
[2024-10-02T01:58:54.259+0000] {logging_mixin.py:151} INFO - [2024-10-02T01:58:54.258+0000] {dag.py:2915} INFO - Sync 1 DAGs
[2024-10-02T01:58:54.276+0000] {logging_mixin.py:151} INFO - [2024-10-02T01:58:54.276+0000] {dag.py:3696} INFO - Setting next_dagrun for tutorial_dag to None, run_after=None
[2024-10-02T01:58:54.301+0000] {processor.py:179} INFO - Processing /home/airflow/.local/lib/python3.8/site-packages/airflow/example_dags/tutorial_dag.py took 0.118 seconds
[2024-10-02T01:59:26.152+0000] {processor.py:157} INFO - Started process (PID=821) to work on /home/airflow/.local/lib/python3.8/site-packages/airflow/example_dags/tutorial_dag.py
[2024-10-02T01:59:26.158+0000] {processor.py:829} INFO - Processing file /home/airflow/.local/lib/python3.8/site-packages/airflow/example_dags/tutorial_dag.py for tasks to queue
[2024-10-02T01:59:26.166+0000] {logging_mixin.py:151} INFO - [2024-10-02T01:59:26.165+0000] {dagbag.py:539} INFO - Filling up the DagBag from /home/airflow/.local/lib/python3.8/site-packages/airflow/example_dags/tutorial_dag.py
[2024-10-02T01:59:26.191+0000] {processor.py:839} INFO - DAG(s) dict_keys(['tutorial_dag']) retrieved from /home/airflow/.local/lib/python3.8/site-packages/airflow/example_dags/tutorial_dag.py
[2024-10-02T01:59:26.259+0000] {logging_mixin.py:151} INFO - [2024-10-02T01:59:26.259+0000] {dag.py:2915} INFO - Sync 1 DAGs
[2024-10-02T01:59:26.282+0000] {logging_mixin.py:151} INFO - [2024-10-02T01:59:26.282+0000] {dag.py:3696} INFO - Setting next_dagrun for tutorial_dag to None, run_after=None
[2024-10-02T01:59:26.315+0000] {processor.py:179} INFO - Processing /home/airflow/.local/lib/python3.8/site-packages/airflow/example_dags/tutorial_dag.py took 0.169 seconds
[2024-10-02T01:59:57.021+0000] {processor.py:157} INFO - Started process (PID=869) to work on /home/airflow/.local/lib/python3.8/site-packages/airflow/example_dags/tutorial_dag.py
[2024-10-02T01:59:57.023+0000] {processor.py:829} INFO - Processing file /home/airflow/.local/lib/python3.8/site-packages/airflow/example_dags/tutorial_dag.py for tasks to queue
[2024-10-02T01:59:57.027+0000] {logging_mixin.py:151} INFO - [2024-10-02T01:59:57.026+0000] {dagbag.py:539} INFO - Filling up the DagBag from /home/airflow/.local/lib/python3.8/site-packages/airflow/example_dags/tutorial_dag.py
[2024-10-02T01:59:57.041+0000] {processor.py:839} INFO - DAG(s) dict_keys(['tutorial_dag']) retrieved from /home/airflow/.local/lib/python3.8/site-packages/airflow/example_dags/tutorial_dag.py
[2024-10-02T01:59:57.083+0000] {logging_mixin.py:151} INFO - [2024-10-02T01:59:57.083+0000] {dag.py:2915} INFO - Sync 1 DAGs
[2024-10-02T01:59:57.099+0000] {logging_mixin.py:151} INFO - [2024-10-02T01:59:57.099+0000] {dag.py:3696} INFO - Setting next_dagrun for tutorial_dag to None, run_after=None
[2024-10-02T01:59:57.129+0000] {processor.py:179} INFO - Processing /home/airflow/.local/lib/python3.8/site-packages/airflow/example_dags/tutorial_dag.py took 0.117 seconds
[2024-10-02T02:00:27.667+0000] {processor.py:157} INFO - Started process (PID=917) to work on /home/airflow/.local/lib/python3.8/site-packages/airflow/example_dags/tutorial_dag.py
[2024-10-02T02:00:27.672+0000] {processor.py:829} INFO - Processing file /home/airflow/.local/lib/python3.8/site-packages/airflow/example_dags/tutorial_dag.py for tasks to queue
[2024-10-02T02:00:27.678+0000] {logging_mixin.py:151} INFO - [2024-10-02T02:00:27.678+0000] {dagbag.py:539} INFO - Filling up the DagBag from /home/airflow/.local/lib/python3.8/site-packages/airflow/example_dags/tutorial_dag.py
[2024-10-02T02:00:27.691+0000] {processor.py:839} INFO - DAG(s) dict_keys(['tutorial_dag']) retrieved from /home/airflow/.local/lib/python3.8/site-packages/airflow/example_dags/tutorial_dag.py
[2024-10-02T02:00:27.757+0000] {logging_mixin.py:151} INFO - [2024-10-02T02:00:27.757+0000] {dag.py:2915} INFO - Sync 1 DAGs
[2024-10-02T02:00:27.774+0000] {logging_mixin.py:151} INFO - [2024-10-02T02:00:27.774+0000] {dag.py:3696} INFO - Setting next_dagrun for tutorial_dag to None, run_after=None
[2024-10-02T02:00:27.811+0000] {processor.py:179} INFO - Processing /home/airflow/.local/lib/python3.8/site-packages/airflow/example_dags/tutorial_dag.py took 0.148 seconds
[2024-10-02T02:00:58.395+0000] {processor.py:157} INFO - Started process (PID=965) to work on /home/airflow/.local/lib/python3.8/site-packages/airflow/example_dags/tutorial_dag.py
[2024-10-02T02:00:58.401+0000] {processor.py:829} INFO - Processing file /home/airflow/.local/lib/python3.8/site-packages/airflow/example_dags/tutorial_dag.py for tasks to queue
[2024-10-02T02:00:58.406+0000] {logging_mixin.py:151} INFO - [2024-10-02T02:00:58.406+0000] {dagbag.py:539} INFO - Filling up the DagBag from /home/airflow/.local/lib/python3.8/site-packages/airflow/example_dags/tutorial_dag.py
[2024-10-02T02:00:58.421+0000] {processor.py:839} INFO - DAG(s) dict_keys(['tutorial_dag']) retrieved from /home/airflow/.local/lib/python3.8/site-packages/airflow/example_dags/tutorial_dag.py
[2024-10-02T02:00:58.456+0000] {logging_mixin.py:151} INFO - [2024-10-02T02:00:58.456+0000] {dag.py:2915} INFO - Sync 1 DAGs
[2024-10-02T02:00:58.474+0000] {logging_mixin.py:151} INFO - [2024-10-02T02:00:58.473+0000] {dag.py:3696} INFO - Setting next_dagrun for tutorial_dag to None, run_after=None
[2024-10-02T02:00:58.504+0000] {processor.py:179} INFO - Processing /home/airflow/.local/lib/python3.8/site-packages/airflow/example_dags/tutorial_dag.py took 0.114 seconds
[2024-10-02T02:03:28.397+0000] {processor.py:157} INFO - Started process (PID=70) to work on /home/airflow/.local/lib/python3.8/site-packages/airflow/example_dags/tutorial_dag.py
[2024-10-02T02:03:28.407+0000] {processor.py:829} INFO - Processing file /home/airflow/.local/lib/python3.8/site-packages/airflow/example_dags/tutorial_dag.py for tasks to queue
[2024-10-02T02:03:28.422+0000] {logging_mixin.py:151} INFO - [2024-10-02T02:03:28.421+0000] {dagbag.py:539} INFO - Filling up the DagBag from /home/airflow/.local/lib/python3.8/site-packages/airflow/example_dags/tutorial_dag.py
[2024-10-02T02:03:28.445+0000] {processor.py:839} INFO - DAG(s) dict_keys(['tutorial_dag']) retrieved from /home/airflow/.local/lib/python3.8/site-packages/airflow/example_dags/tutorial_dag.py
[2024-10-02T02:03:28.675+0000] {logging_mixin.py:151} INFO - [2024-10-02T02:03:28.674+0000] {manager.py:499} INFO - Created Permission View: %s
[2024-10-02T02:03:28.689+0000] {logging_mixin.py:151} INFO - [2024-10-02T02:03:28.689+0000] {manager.py:499} INFO - Created Permission View: %s
[2024-10-02T02:03:28.697+0000] {logging_mixin.py:151} INFO - [2024-10-02T02:03:28.697+0000] {manager.py:499} INFO - Created Permission View: %s
[2024-10-02T02:03:28.700+0000] {logging_mixin.py:151} INFO - [2024-10-02T02:03:28.700+0000] {security.py:708} INFO - Not syncing DAG-level permissions for DAG 'DAG:tutorial_dag' as access control is unset.
[2024-10-02T02:03:28.702+0000] {logging_mixin.py:151} INFO - [2024-10-02T02:03:28.702+0000] {dag.py:2915} INFO - Sync 1 DAGs
[2024-10-02T02:03:28.716+0000] {logging_mixin.py:151} INFO - [2024-10-02T02:03:28.716+0000] {dag.py:2937} INFO - Creating ORM DAG for tutorial_dag
[2024-10-02T02:03:28.719+0000] {logging_mixin.py:151} INFO - [2024-10-02T02:03:28.718+0000] {dag.py:3696} INFO - Setting next_dagrun for tutorial_dag to None, run_after=None
[2024-10-02T02:03:28.743+0000] {processor.py:179} INFO - Processing /home/airflow/.local/lib/python3.8/site-packages/airflow/example_dags/tutorial_dag.py took 0.351 seconds
[2024-10-02T02:06:25.409+0000] {processor.py:157} INFO - Started process (PID=70) to work on /home/airflow/.local/lib/python3.8/site-packages/airflow/example_dags/tutorial_dag.py
[2024-10-02T02:06:25.418+0000] {processor.py:829} INFO - Processing file /home/airflow/.local/lib/python3.8/site-packages/airflow/example_dags/tutorial_dag.py for tasks to queue
[2024-10-02T02:06:25.439+0000] {logging_mixin.py:151} INFO - [2024-10-02T02:06:25.438+0000] {dagbag.py:539} INFO - Filling up the DagBag from /home/airflow/.local/lib/python3.8/site-packages/airflow/example_dags/tutorial_dag.py
[2024-10-02T02:06:25.462+0000] {processor.py:839} INFO - DAG(s) dict_keys(['tutorial_dag']) retrieved from /home/airflow/.local/lib/python3.8/site-packages/airflow/example_dags/tutorial_dag.py
[2024-10-02T02:06:26.123+0000] {logging_mixin.py:151} INFO - [2024-10-02T02:06:26.122+0000] {manager.py:499} INFO - Created Permission View: %s
[2024-10-02T02:06:26.172+0000] {logging_mixin.py:151} INFO - [2024-10-02T02:06:26.172+0000] {manager.py:499} INFO - Created Permission View: %s
[2024-10-02T02:06:26.199+0000] {logging_mixin.py:151} INFO - [2024-10-02T02:06:26.198+0000] {manager.py:499} INFO - Created Permission View: %s
[2024-10-02T02:06:26.203+0000] {logging_mixin.py:151} INFO - [2024-10-02T02:06:26.202+0000] {security.py:708} INFO - Not syncing DAG-level permissions for DAG 'DAG:tutorial_dag' as access control is unset.
[2024-10-02T02:06:26.206+0000] {logging_mixin.py:151} INFO - [2024-10-02T02:06:26.206+0000] {dag.py:2915} INFO - Sync 1 DAGs
[2024-10-02T02:06:26.248+0000] {logging_mixin.py:151} INFO - [2024-10-02T02:06:26.248+0000] {dag.py:2937} INFO - Creating ORM DAG for tutorial_dag
[2024-10-02T02:06:26.261+0000] {logging_mixin.py:151} INFO - [2024-10-02T02:06:26.260+0000] {dag.py:3696} INFO - Setting next_dagrun for tutorial_dag to None, run_after=None
[2024-10-02T02:06:26.390+0000] {processor.py:179} INFO - Processing /home/airflow/.local/lib/python3.8/site-packages/airflow/example_dags/tutorial_dag.py took 0.993 seconds
[2024-10-02T02:06:56.888+0000] {processor.py:157} INFO - Started process (PID=118) to work on /home/airflow/.local/lib/python3.8/site-packages/airflow/example_dags/tutorial_dag.py
[2024-10-02T02:06:56.891+0000] {processor.py:829} INFO - Processing file /home/airflow/.local/lib/python3.8/site-packages/airflow/example_dags/tutorial_dag.py for tasks to queue
[2024-10-02T02:06:56.894+0000] {logging_mixin.py:151} INFO - [2024-10-02T02:06:56.894+0000] {dagbag.py:539} INFO - Filling up the DagBag from /home/airflow/.local/lib/python3.8/site-packages/airflow/example_dags/tutorial_dag.py
[2024-10-02T02:06:56.905+0000] {processor.py:839} INFO - DAG(s) dict_keys(['tutorial_dag']) retrieved from /home/airflow/.local/lib/python3.8/site-packages/airflow/example_dags/tutorial_dag.py
[2024-10-02T02:06:56.934+0000] {logging_mixin.py:151} INFO - [2024-10-02T02:06:56.934+0000] {dag.py:2915} INFO - Sync 1 DAGs
[2024-10-02T02:06:56.950+0000] {logging_mixin.py:151} INFO - [2024-10-02T02:06:56.950+0000] {dag.py:3696} INFO - Setting next_dagrun for tutorial_dag to None, run_after=None
[2024-10-02T02:06:56.975+0000] {processor.py:179} INFO - Processing /home/airflow/.local/lib/python3.8/site-packages/airflow/example_dags/tutorial_dag.py took 0.091 seconds
[2024-10-02T02:07:27.463+0000] {processor.py:157} INFO - Started process (PID=166) to work on /home/airflow/.local/lib/python3.8/site-packages/airflow/example_dags/tutorial_dag.py
[2024-10-02T02:07:27.467+0000] {processor.py:829} INFO - Processing file /home/airflow/.local/lib/python3.8/site-packages/airflow/example_dags/tutorial_dag.py for tasks to queue
[2024-10-02T02:07:27.478+0000] {logging_mixin.py:151} INFO - [2024-10-02T02:07:27.477+0000] {dagbag.py:539} INFO - Filling up the DagBag from /home/airflow/.local/lib/python3.8/site-packages/airflow/example_dags/tutorial_dag.py
[2024-10-02T02:07:27.587+0000] {processor.py:839} INFO - DAG(s) dict_keys(['tutorial_dag']) retrieved from /home/airflow/.local/lib/python3.8/site-packages/airflow/example_dags/tutorial_dag.py
[2024-10-02T02:07:27.649+0000] {logging_mixin.py:151} INFO - [2024-10-02T02:07:27.649+0000] {dag.py:2915} INFO - Sync 1 DAGs
[2024-10-02T02:07:27.671+0000] {logging_mixin.py:151} INFO - [2024-10-02T02:07:27.671+0000] {dag.py:3696} INFO - Setting next_dagrun for tutorial_dag to None, run_after=None
[2024-10-02T02:07:27.707+0000] {processor.py:179} INFO - Processing /home/airflow/.local/lib/python3.8/site-packages/airflow/example_dags/tutorial_dag.py took 0.251 seconds
[2024-10-02T02:07:58.543+0000] {processor.py:157} INFO - Started process (PID=214) to work on /home/airflow/.local/lib/python3.8/site-packages/airflow/example_dags/tutorial_dag.py
[2024-10-02T02:07:58.548+0000] {processor.py:829} INFO - Processing file /home/airflow/.local/lib/python3.8/site-packages/airflow/example_dags/tutorial_dag.py for tasks to queue
[2024-10-02T02:07:58.553+0000] {logging_mixin.py:151} INFO - [2024-10-02T02:07:58.552+0000] {dagbag.py:539} INFO - Filling up the DagBag from /home/airflow/.local/lib/python3.8/site-packages/airflow/example_dags/tutorial_dag.py
[2024-10-02T02:07:58.569+0000] {processor.py:839} INFO - DAG(s) dict_keys(['tutorial_dag']) retrieved from /home/airflow/.local/lib/python3.8/site-packages/airflow/example_dags/tutorial_dag.py
[2024-10-02T02:07:58.608+0000] {logging_mixin.py:151} INFO - [2024-10-02T02:07:58.608+0000] {dag.py:2915} INFO - Sync 1 DAGs
[2024-10-02T02:07:58.650+0000] {logging_mixin.py:151} INFO - [2024-10-02T02:07:58.650+0000] {dag.py:3696} INFO - Setting next_dagrun for tutorial_dag to None, run_after=None
[2024-10-02T02:07:58.696+0000] {processor.py:179} INFO - Processing /home/airflow/.local/lib/python3.8/site-packages/airflow/example_dags/tutorial_dag.py took 0.158 seconds
[2024-10-02T02:08:28.884+0000] {processor.py:157} INFO - Started process (PID=262) to work on /home/airflow/.local/lib/python3.8/site-packages/airflow/example_dags/tutorial_dag.py
[2024-10-02T02:08:28.887+0000] {processor.py:829} INFO - Processing file /home/airflow/.local/lib/python3.8/site-packages/airflow/example_dags/tutorial_dag.py for tasks to queue
[2024-10-02T02:08:28.892+0000] {logging_mixin.py:151} INFO - [2024-10-02T02:08:28.891+0000] {dagbag.py:539} INFO - Filling up the DagBag from /home/airflow/.local/lib/python3.8/site-packages/airflow/example_dags/tutorial_dag.py
[2024-10-02T02:08:28.904+0000] {processor.py:839} INFO - DAG(s) dict_keys(['tutorial_dag']) retrieved from /home/airflow/.local/lib/python3.8/site-packages/airflow/example_dags/tutorial_dag.py
[2024-10-02T02:08:28.936+0000] {logging_mixin.py:151} INFO - [2024-10-02T02:08:28.936+0000] {dag.py:2915} INFO - Sync 1 DAGs
[2024-10-02T02:08:28.956+0000] {logging_mixin.py:151} INFO - [2024-10-02T02:08:28.955+0000] {dag.py:3696} INFO - Setting next_dagrun for tutorial_dag to None, run_after=None
[2024-10-02T02:08:28.981+0000] {processor.py:179} INFO - Processing /home/airflow/.local/lib/python3.8/site-packages/airflow/example_dags/tutorial_dag.py took 0.102 seconds
[2024-10-02T02:08:59.412+0000] {processor.py:157} INFO - Started process (PID=310) to work on /home/airflow/.local/lib/python3.8/site-packages/airflow/example_dags/tutorial_dag.py
[2024-10-02T02:08:59.415+0000] {processor.py:829} INFO - Processing file /home/airflow/.local/lib/python3.8/site-packages/airflow/example_dags/tutorial_dag.py for tasks to queue
[2024-10-02T02:08:59.419+0000] {logging_mixin.py:151} INFO - [2024-10-02T02:08:59.418+0000] {dagbag.py:539} INFO - Filling up the DagBag from /home/airflow/.local/lib/python3.8/site-packages/airflow/example_dags/tutorial_dag.py
[2024-10-02T02:08:59.433+0000] {processor.py:839} INFO - DAG(s) dict_keys(['tutorial_dag']) retrieved from /home/airflow/.local/lib/python3.8/site-packages/airflow/example_dags/tutorial_dag.py
[2024-10-02T02:08:59.470+0000] {logging_mixin.py:151} INFO - [2024-10-02T02:08:59.469+0000] {dag.py:2915} INFO - Sync 1 DAGs
[2024-10-02T02:08:59.488+0000] {logging_mixin.py:151} INFO - [2024-10-02T02:08:59.488+0000] {dag.py:3696} INFO - Setting next_dagrun for tutorial_dag to None, run_after=None
[2024-10-02T02:08:59.513+0000] {processor.py:179} INFO - Processing /home/airflow/.local/lib/python3.8/site-packages/airflow/example_dags/tutorial_dag.py took 0.108 seconds
[2024-10-02T02:09:29.870+0000] {processor.py:157} INFO - Started process (PID=358) to work on /home/airflow/.local/lib/python3.8/site-packages/airflow/example_dags/tutorial_dag.py
[2024-10-02T02:09:29.874+0000] {processor.py:829} INFO - Processing file /home/airflow/.local/lib/python3.8/site-packages/airflow/example_dags/tutorial_dag.py for tasks to queue
[2024-10-02T02:09:29.879+0000] {logging_mixin.py:151} INFO - [2024-10-02T02:09:29.878+0000] {dagbag.py:539} INFO - Filling up the DagBag from /home/airflow/.local/lib/python3.8/site-packages/airflow/example_dags/tutorial_dag.py
[2024-10-02T02:09:29.893+0000] {processor.py:839} INFO - DAG(s) dict_keys(['tutorial_dag']) retrieved from /home/airflow/.local/lib/python3.8/site-packages/airflow/example_dags/tutorial_dag.py
[2024-10-02T02:09:29.934+0000] {logging_mixin.py:151} INFO - [2024-10-02T02:09:29.934+0000] {dag.py:2915} INFO - Sync 1 DAGs
[2024-10-02T02:09:29.989+0000] {logging_mixin.py:151} INFO - [2024-10-02T02:09:29.989+0000] {dag.py:3696} INFO - Setting next_dagrun for tutorial_dag to None, run_after=None
[2024-10-02T02:09:30.049+0000] {processor.py:179} INFO - Processing /home/airflow/.local/lib/python3.8/site-packages/airflow/example_dags/tutorial_dag.py took 0.183 seconds
[2024-10-02T02:10:00.910+0000] {processor.py:157} INFO - Started process (PID=406) to work on /home/airflow/.local/lib/python3.8/site-packages/airflow/example_dags/tutorial_dag.py
[2024-10-02T02:10:00.912+0000] {processor.py:829} INFO - Processing file /home/airflow/.local/lib/python3.8/site-packages/airflow/example_dags/tutorial_dag.py for tasks to queue
[2024-10-02T02:10:00.915+0000] {logging_mixin.py:151} INFO - [2024-10-02T02:10:00.915+0000] {dagbag.py:539} INFO - Filling up the DagBag from /home/airflow/.local/lib/python3.8/site-packages/airflow/example_dags/tutorial_dag.py
[2024-10-02T02:10:00.928+0000] {processor.py:839} INFO - DAG(s) dict_keys(['tutorial_dag']) retrieved from /home/airflow/.local/lib/python3.8/site-packages/airflow/example_dags/tutorial_dag.py
[2024-10-02T02:10:00.962+0000] {logging_mixin.py:151} INFO - [2024-10-02T02:10:00.962+0000] {dag.py:2915} INFO - Sync 1 DAGs
[2024-10-02T02:10:00.980+0000] {logging_mixin.py:151} INFO - [2024-10-02T02:10:00.980+0000] {dag.py:3696} INFO - Setting next_dagrun for tutorial_dag to None, run_after=None
[2024-10-02T02:10:01.008+0000] {processor.py:179} INFO - Processing /home/airflow/.local/lib/python3.8/site-packages/airflow/example_dags/tutorial_dag.py took 0.102 seconds
