[2024-10-02 01:23:32,270] {scheduler_job.py:182} INFO - Started process (PID=50) to work on /home/airflow/.local/lib/python3.6/site-packages/airflow/example_dags/tutorial_taskflow_api_etl.py
[2024-10-02 01:23:32,273] {scheduler_job.py:629} INFO - Processing file /home/airflow/.local/lib/python3.6/site-packages/airflow/example_dags/tutorial_taskflow_api_etl.py for tasks to queue
[2024-10-02 01:23:32,278] {logging_mixin.py:104} INFO - [2024-10-02 01:23:32,278] {dagbag.py:451} INFO - Filling up the DagBag from /home/airflow/.local/lib/python3.6/site-packages/airflow/example_dags/tutorial_taskflow_api_etl.py
[2024-10-02 01:23:32,300] {scheduler_job.py:639} INFO - DAG(s) dict_keys(['tutorial_taskflow_api_etl']) retrieved from /home/airflow/.local/lib/python3.6/site-packages/airflow/example_dags/tutorial_taskflow_api_etl.py
[2024-10-02 01:23:32,354] {logging_mixin.py:104} INFO - [2024-10-02 01:23:32,354] {dag.py:1824} INFO - Sync 1 DAGs
[2024-10-02 01:23:32,367] {logging_mixin.py:104} INFO - [2024-10-02 01:23:32,367] {dag.py:1843} INFO - Creating ORM DAG for tutorial_taskflow_api_etl
[2024-10-02 01:23:32,383] {logging_mixin.py:104} INFO - [2024-10-02 01:23:32,382] {dag.py:2280} INFO - Setting next_dagrun for tutorial_taskflow_api_etl to None
[2024-10-02 01:23:32,410] {scheduler_job.py:190} INFO - Processing /home/airflow/.local/lib/python3.6/site-packages/airflow/example_dags/tutorial_taskflow_api_etl.py took 0.146 seconds
[2024-10-02 01:24:02,871] {scheduler_job.py:182} INFO - Started process (PID=77) to work on /home/airflow/.local/lib/python3.6/site-packages/airflow/example_dags/tutorial_taskflow_api_etl.py
[2024-10-02 01:24:02,874] {scheduler_job.py:629} INFO - Processing file /home/airflow/.local/lib/python3.6/site-packages/airflow/example_dags/tutorial_taskflow_api_etl.py for tasks to queue
[2024-10-02 01:24:02,877] {logging_mixin.py:104} INFO - [2024-10-02 01:24:02,877] {dagbag.py:451} INFO - Filling up the DagBag from /home/airflow/.local/lib/python3.6/site-packages/airflow/example_dags/tutorial_taskflow_api_etl.py
[2024-10-02 01:24:02,900] {scheduler_job.py:639} INFO - DAG(s) dict_keys(['tutorial_taskflow_api_etl']) retrieved from /home/airflow/.local/lib/python3.6/site-packages/airflow/example_dags/tutorial_taskflow_api_etl.py
[2024-10-02 01:24:02,963] {logging_mixin.py:104} INFO - [2024-10-02 01:24:02,963] {dag.py:1824} INFO - Sync 1 DAGs
[2024-10-02 01:24:02,990] {logging_mixin.py:104} INFO - [2024-10-02 01:24:02,990] {dag.py:2280} INFO - Setting next_dagrun for tutorial_taskflow_api_etl to None
[2024-10-02 01:24:03,008] {scheduler_job.py:190} INFO - Processing /home/airflow/.local/lib/python3.6/site-packages/airflow/example_dags/tutorial_taskflow_api_etl.py took 0.144 seconds
[2024-10-02 01:24:33,060] {scheduler_job.py:182} INFO - Started process (PID=102) to work on /home/airflow/.local/lib/python3.6/site-packages/airflow/example_dags/tutorial_taskflow_api_etl.py
[2024-10-02 01:24:33,062] {scheduler_job.py:629} INFO - Processing file /home/airflow/.local/lib/python3.6/site-packages/airflow/example_dags/tutorial_taskflow_api_etl.py for tasks to queue
[2024-10-02 01:24:33,064] {logging_mixin.py:104} INFO - [2024-10-02 01:24:33,064] {dagbag.py:451} INFO - Filling up the DagBag from /home/airflow/.local/lib/python3.6/site-packages/airflow/example_dags/tutorial_taskflow_api_etl.py
[2024-10-02 01:24:33,079] {scheduler_job.py:639} INFO - DAG(s) dict_keys(['tutorial_taskflow_api_etl']) retrieved from /home/airflow/.local/lib/python3.6/site-packages/airflow/example_dags/tutorial_taskflow_api_etl.py
[2024-10-02 01:24:33,104] {logging_mixin.py:104} INFO - [2024-10-02 01:24:33,104] {dag.py:1824} INFO - Sync 1 DAGs
[2024-10-02 01:24:33,121] {logging_mixin.py:104} INFO - [2024-10-02 01:24:33,121] {dag.py:2280} INFO - Setting next_dagrun for tutorial_taskflow_api_etl to None
[2024-10-02 01:24:33,134] {scheduler_job.py:190} INFO - Processing /home/airflow/.local/lib/python3.6/site-packages/airflow/example_dags/tutorial_taskflow_api_etl.py took 0.076 seconds
[2024-10-02 01:25:04,435] {scheduler_job.py:182} INFO - Started process (PID=130) to work on /home/airflow/.local/lib/python3.6/site-packages/airflow/example_dags/tutorial_taskflow_api_etl.py
[2024-10-02 01:25:04,443] {scheduler_job.py:629} INFO - Processing file /home/airflow/.local/lib/python3.6/site-packages/airflow/example_dags/tutorial_taskflow_api_etl.py for tasks to queue
[2024-10-02 01:25:04,449] {logging_mixin.py:104} INFO - [2024-10-02 01:25:04,449] {dagbag.py:451} INFO - Filling up the DagBag from /home/airflow/.local/lib/python3.6/site-packages/airflow/example_dags/tutorial_taskflow_api_etl.py
[2024-10-02 01:25:04,477] {scheduler_job.py:639} INFO - DAG(s) dict_keys(['tutorial_taskflow_api_etl']) retrieved from /home/airflow/.local/lib/python3.6/site-packages/airflow/example_dags/tutorial_taskflow_api_etl.py
[2024-10-02 01:25:04,564] {logging_mixin.py:104} INFO - [2024-10-02 01:25:04,564] {dag.py:1824} INFO - Sync 1 DAGs
[2024-10-02 01:25:04,614] {logging_mixin.py:104} INFO - [2024-10-02 01:25:04,613] {dag.py:2280} INFO - Setting next_dagrun for tutorial_taskflow_api_etl to None
[2024-10-02 01:25:04,630] {scheduler_job.py:190} INFO - Processing /home/airflow/.local/lib/python3.6/site-packages/airflow/example_dags/tutorial_taskflow_api_etl.py took 0.198 seconds
[2024-10-02 01:25:35,534] {scheduler_job.py:182} INFO - Started process (PID=157) to work on /home/airflow/.local/lib/python3.6/site-packages/airflow/example_dags/tutorial_taskflow_api_etl.py
[2024-10-02 01:25:35,537] {scheduler_job.py:629} INFO - Processing file /home/airflow/.local/lib/python3.6/site-packages/airflow/example_dags/tutorial_taskflow_api_etl.py for tasks to queue
[2024-10-02 01:25:35,539] {logging_mixin.py:104} INFO - [2024-10-02 01:25:35,538] {dagbag.py:451} INFO - Filling up the DagBag from /home/airflow/.local/lib/python3.6/site-packages/airflow/example_dags/tutorial_taskflow_api_etl.py
[2024-10-02 01:25:35,554] {scheduler_job.py:639} INFO - DAG(s) dict_keys(['tutorial_taskflow_api_etl']) retrieved from /home/airflow/.local/lib/python3.6/site-packages/airflow/example_dags/tutorial_taskflow_api_etl.py
[2024-10-02 01:25:35,583] {logging_mixin.py:104} INFO - [2024-10-02 01:25:35,583] {dag.py:1824} INFO - Sync 1 DAGs
[2024-10-02 01:25:35,595] {logging_mixin.py:104} INFO - [2024-10-02 01:25:35,595] {dag.py:2280} INFO - Setting next_dagrun for tutorial_taskflow_api_etl to None
[2024-10-02 01:25:35,603] {scheduler_job.py:190} INFO - Processing /home/airflow/.local/lib/python3.6/site-packages/airflow/example_dags/tutorial_taskflow_api_etl.py took 0.072 seconds
[2024-10-02 01:26:05,827] {scheduler_job.py:182} INFO - Started process (PID=184) to work on /home/airflow/.local/lib/python3.6/site-packages/airflow/example_dags/tutorial_taskflow_api_etl.py
[2024-10-02 01:26:05,835] {scheduler_job.py:629} INFO - Processing file /home/airflow/.local/lib/python3.6/site-packages/airflow/example_dags/tutorial_taskflow_api_etl.py for tasks to queue
[2024-10-02 01:26:05,867] {logging_mixin.py:104} INFO - [2024-10-02 01:26:05,866] {dagbag.py:451} INFO - Filling up the DagBag from /home/airflow/.local/lib/python3.6/site-packages/airflow/example_dags/tutorial_taskflow_api_etl.py
[2024-10-02 01:26:05,901] {scheduler_job.py:639} INFO - DAG(s) dict_keys(['tutorial_taskflow_api_etl']) retrieved from /home/airflow/.local/lib/python3.6/site-packages/airflow/example_dags/tutorial_taskflow_api_etl.py
[2024-10-02 01:26:05,967] {logging_mixin.py:104} INFO - [2024-10-02 01:26:05,967] {dag.py:1824} INFO - Sync 1 DAGs
[2024-10-02 01:26:05,991] {logging_mixin.py:104} INFO - [2024-10-02 01:26:05,991] {dag.py:2280} INFO - Setting next_dagrun for tutorial_taskflow_api_etl to None
[2024-10-02 01:26:06,040] {scheduler_job.py:190} INFO - Processing /home/airflow/.local/lib/python3.6/site-packages/airflow/example_dags/tutorial_taskflow_api_etl.py took 0.219 seconds
[2024-10-02 01:26:36,846] {scheduler_job.py:182} INFO - Started process (PID=211) to work on /home/airflow/.local/lib/python3.6/site-packages/airflow/example_dags/tutorial_taskflow_api_etl.py
[2024-10-02 01:26:36,851] {scheduler_job.py:629} INFO - Processing file /home/airflow/.local/lib/python3.6/site-packages/airflow/example_dags/tutorial_taskflow_api_etl.py for tasks to queue
[2024-10-02 01:26:36,854] {logging_mixin.py:104} INFO - [2024-10-02 01:26:36,854] {dagbag.py:451} INFO - Filling up the DagBag from /home/airflow/.local/lib/python3.6/site-packages/airflow/example_dags/tutorial_taskflow_api_etl.py
[2024-10-02 01:26:36,871] {scheduler_job.py:639} INFO - DAG(s) dict_keys(['tutorial_taskflow_api_etl']) retrieved from /home/airflow/.local/lib/python3.6/site-packages/airflow/example_dags/tutorial_taskflow_api_etl.py
[2024-10-02 01:26:36,904] {logging_mixin.py:104} INFO - [2024-10-02 01:26:36,904] {dag.py:1824} INFO - Sync 1 DAGs
[2024-10-02 01:26:36,925] {logging_mixin.py:104} INFO - [2024-10-02 01:26:36,924] {dag.py:2280} INFO - Setting next_dagrun for tutorial_taskflow_api_etl to None
[2024-10-02 01:26:36,940] {scheduler_job.py:190} INFO - Processing /home/airflow/.local/lib/python3.6/site-packages/airflow/example_dags/tutorial_taskflow_api_etl.py took 0.098 seconds
[2024-10-02 01:27:07,897] {scheduler_job.py:182} INFO - Started process (PID=238) to work on /home/airflow/.local/lib/python3.6/site-packages/airflow/example_dags/tutorial_taskflow_api_etl.py
[2024-10-02 01:27:07,900] {scheduler_job.py:629} INFO - Processing file /home/airflow/.local/lib/python3.6/site-packages/airflow/example_dags/tutorial_taskflow_api_etl.py for tasks to queue
[2024-10-02 01:27:07,903] {logging_mixin.py:104} INFO - [2024-10-02 01:27:07,903] {dagbag.py:451} INFO - Filling up the DagBag from /home/airflow/.local/lib/python3.6/site-packages/airflow/example_dags/tutorial_taskflow_api_etl.py
[2024-10-02 01:27:07,921] {scheduler_job.py:639} INFO - DAG(s) dict_keys(['tutorial_taskflow_api_etl']) retrieved from /home/airflow/.local/lib/python3.6/site-packages/airflow/example_dags/tutorial_taskflow_api_etl.py
[2024-10-02 01:27:07,971] {logging_mixin.py:104} INFO - [2024-10-02 01:27:07,971] {dag.py:1824} INFO - Sync 1 DAGs
[2024-10-02 01:27:07,991] {logging_mixin.py:104} INFO - [2024-10-02 01:27:07,991] {dag.py:2280} INFO - Setting next_dagrun for tutorial_taskflow_api_etl to None
[2024-10-02 01:27:08,010] {scheduler_job.py:190} INFO - Processing /home/airflow/.local/lib/python3.6/site-packages/airflow/example_dags/tutorial_taskflow_api_etl.py took 0.124 seconds
[2024-10-02 01:27:38,631] {scheduler_job.py:182} INFO - Started process (PID=262) to work on /home/airflow/.local/lib/python3.6/site-packages/airflow/example_dags/tutorial_taskflow_api_etl.py
[2024-10-02 01:27:38,636] {scheduler_job.py:629} INFO - Processing file /home/airflow/.local/lib/python3.6/site-packages/airflow/example_dags/tutorial_taskflow_api_etl.py for tasks to queue
[2024-10-02 01:27:38,638] {logging_mixin.py:104} INFO - [2024-10-02 01:27:38,638] {dagbag.py:451} INFO - Filling up the DagBag from /home/airflow/.local/lib/python3.6/site-packages/airflow/example_dags/tutorial_taskflow_api_etl.py
[2024-10-02 01:27:38,665] {scheduler_job.py:639} INFO - DAG(s) dict_keys(['tutorial_taskflow_api_etl']) retrieved from /home/airflow/.local/lib/python3.6/site-packages/airflow/example_dags/tutorial_taskflow_api_etl.py
[2024-10-02 01:27:38,717] {logging_mixin.py:104} INFO - [2024-10-02 01:27:38,716] {dag.py:1824} INFO - Sync 1 DAGs
[2024-10-02 01:27:38,741] {logging_mixin.py:104} INFO - [2024-10-02 01:27:38,740] {dag.py:2280} INFO - Setting next_dagrun for tutorial_taskflow_api_etl to None
[2024-10-02 01:27:38,794] {scheduler_job.py:190} INFO - Processing /home/airflow/.local/lib/python3.6/site-packages/airflow/example_dags/tutorial_taskflow_api_etl.py took 0.167 seconds
[2024-10-02 01:28:09,937] {scheduler_job.py:182} INFO - Started process (PID=291) to work on /home/airflow/.local/lib/python3.6/site-packages/airflow/example_dags/tutorial_taskflow_api_etl.py
[2024-10-02 01:28:09,939] {scheduler_job.py:629} INFO - Processing file /home/airflow/.local/lib/python3.6/site-packages/airflow/example_dags/tutorial_taskflow_api_etl.py for tasks to queue
[2024-10-02 01:28:09,940] {logging_mixin.py:104} INFO - [2024-10-02 01:28:09,940] {dagbag.py:451} INFO - Filling up the DagBag from /home/airflow/.local/lib/python3.6/site-packages/airflow/example_dags/tutorial_taskflow_api_etl.py
[2024-10-02 01:28:09,955] {scheduler_job.py:639} INFO - DAG(s) dict_keys(['tutorial_taskflow_api_etl']) retrieved from /home/airflow/.local/lib/python3.6/site-packages/airflow/example_dags/tutorial_taskflow_api_etl.py
[2024-10-02 01:28:09,985] {logging_mixin.py:104} INFO - [2024-10-02 01:28:09,985] {dag.py:1824} INFO - Sync 1 DAGs
[2024-10-02 01:28:09,997] {logging_mixin.py:104} INFO - [2024-10-02 01:28:09,997] {dag.py:2280} INFO - Setting next_dagrun for tutorial_taskflow_api_etl to None
[2024-10-02 01:28:10,005] {scheduler_job.py:190} INFO - Processing /home/airflow/.local/lib/python3.6/site-packages/airflow/example_dags/tutorial_taskflow_api_etl.py took 0.072 seconds
[2024-10-02 01:28:40,809] {scheduler_job.py:182} INFO - Started process (PID=318) to work on /home/airflow/.local/lib/python3.6/site-packages/airflow/example_dags/tutorial_taskflow_api_etl.py
[2024-10-02 01:28:40,813] {scheduler_job.py:629} INFO - Processing file /home/airflow/.local/lib/python3.6/site-packages/airflow/example_dags/tutorial_taskflow_api_etl.py for tasks to queue
[2024-10-02 01:28:40,818] {logging_mixin.py:104} INFO - [2024-10-02 01:28:40,818] {dagbag.py:451} INFO - Filling up the DagBag from /home/airflow/.local/lib/python3.6/site-packages/airflow/example_dags/tutorial_taskflow_api_etl.py
[2024-10-02 01:28:40,835] {scheduler_job.py:639} INFO - DAG(s) dict_keys(['tutorial_taskflow_api_etl']) retrieved from /home/airflow/.local/lib/python3.6/site-packages/airflow/example_dags/tutorial_taskflow_api_etl.py
[2024-10-02 01:28:40,860] {logging_mixin.py:104} INFO - [2024-10-02 01:28:40,860] {dag.py:1824} INFO - Sync 1 DAGs
[2024-10-02 01:28:40,881] {logging_mixin.py:104} INFO - [2024-10-02 01:28:40,881] {dag.py:2280} INFO - Setting next_dagrun for tutorial_taskflow_api_etl to None
[2024-10-02 01:28:40,899] {scheduler_job.py:190} INFO - Processing /home/airflow/.local/lib/python3.6/site-packages/airflow/example_dags/tutorial_taskflow_api_etl.py took 0.094 seconds
